

================================================================
== Vivado HLS Report for 'max_pool_1'
================================================================
* Date:           Sun Dec  3 20:01:19 2023

* Version:        2019.1 (Build 2552052 on Fri May 24 15:28:33 MDT 2019)
* Project:        pool
* Solution:       Pool_Col_pipeline_nf
* Product family: zynq
* Target device:  xc7z020-clg400-1


================================================================
== Performance Estimates
================================================================
+ Timing (ns): 
    * Summary: 
    +--------+-------+----------+------------+
    |  Clock | Target| Estimated| Uncertainty|
    +--------+-------+----------+------------+
    |ap_clk  |  40.00|    11.719|        5.00|
    +--------+-------+----------+------------+

+ Latency (clock cycles): 
    * Summary: 
    +-------+-------+-------+-------+---------+
    |    Latency    |    Interval   | Pipeline|
    |  min  |  max  |  min  |  max  |   Type  |
    +-------+-------+-------+-------+---------+
    |  76609|  76609|  76609|  76609|   none  |
    +-------+-------+-------+-------+---------+

    + Detail: 
        * Instance: 
        N/A

        * Loop: 
        +------------------------+-------+-------+----------+-----------+-----------+------+----------+
        |                        |    Latency    | Iteration|  Initiation Interval  | Trip |          |
        |        Loop Name       |  min  |  max  |  Latency |  achieved |   target  | Count| Pipelined|
        +------------------------+-------+-------+----------+-----------+-----------+------+----------+
        |- Filter_Loop           |  76608|  76608|      2394|          -|          -|    32|    no    |
        | + Row_Loop             |   2392|   2392|       184|          -|          -|    13|    no    |
        |  ++ Col_Loop           |    182|    182|        14|          -|          -|    13|    no    |
        |   +++ Pool_Row_Loop    |     12|     12|         6|          -|          -|     2|    no    |
        |    ++++ Pool_Col_Loop  |      3|      3|         2|          1|          1|     2|    yes   |
        +------------------------+-------+-------+----------+-----------+-----------+------+----------+



================================================================
== Utilization Estimates
================================================================
* Summary: 
+-----------------+---------+-------+--------+-------+-----+
|       Name      | BRAM_18K| DSP48E|   FF   |  LUT  | URAM|
+-----------------+---------+-------+--------+-------+-----+
|DSP              |        -|      -|       -|      -|    -|
|Expression       |        -|      0|       0|    341|    -|
|FIFO             |        -|      -|       -|      -|    -|
|Instance         |        -|      0|      66|    239|    -|
|Memory           |        -|      -|       -|      -|    -|
|Multiplexer      |        -|      -|       -|    122|    -|
|Register         |        -|      -|     153|      -|    -|
+-----------------+---------+-------+--------+-------+-----+
|Total            |        0|      0|     219|    702|    0|
+-----------------+---------+-------+--------+-------+-----+
|Available        |      280|    220|  106400|  53200|    0|
+-----------------+---------+-------+--------+-------+-----+
|Utilization (%)  |        0|      0|   ~0   |      1|    0|
+-----------------+---------+-------+--------+-------+-----+

+ Detail: 
    * Instance: 
    +-------------------------+----------------------+---------+-------+----+-----+-----+
    |         Instance        |        Module        | BRAM_18K| DSP48E| FF | LUT | URAM|
    +-------------------------+----------------------+---------+-------+----+-----+-----+
    |max_pool_1_fcmp_3bkb_U1  |max_pool_1_fcmp_3bkb  |        0|      0|  66|  239|    0|
    +-------------------------+----------------------+---------+-------+----+-----+-----+
    |Total                    |                      |        0|      0|  66|  239|    0|
    +-------------------------+----------------------+---------+-------+----+-----+-----+

    * DSP48E: 
    N/A

    * Memory: 
    N/A

    * FIFO: 
    N/A

    * Expression: 
    +-----------------------+----------+-------+---+----+------------+------------+
    |     Variable Name     | Operation| DSP48E| FF| LUT| Bitwidth P0| Bitwidth P1|
    +-----------------------+----------+-------+---+----+------------+------------+
    |mul_ln28_fu_308_p2     |     *    |      0|  0|  17|           5|           5|
    |add_ln13_fu_237_p2     |     +    |      0|  0|  15|           8|           4|
    |add_ln28_1_fu_388_p2   |     +    |      0|  0|  23|          16|          16|
    |add_ln28_fu_371_p2     |     +    |      0|  0|  14|          10|          10|
    |add_ln35_1_fu_336_p2   |     +    |      0|  0|  19|          14|          14|
    |add_ln35_fu_318_p2     |     +    |      0|  0|  15|           8|           8|
    |c_fu_269_p2            |     +    |      0|  0|  13|           4|           1|
    |f_fu_223_p2            |     +    |      0|  0|  15|           6|           1|
    |i_fu_299_p2            |     +    |      0|  0|  15|           5|           5|
    |j_fu_362_p2            |     +    |      0|  0|  15|           5|           5|
    |mpc_fu_352_p2          |     +    |      0|  0|  10|           2|           1|
    |mpr_fu_293_p2          |     +    |      0|  0|  10|           2|           1|
    |r_fu_249_p2            |     +    |      0|  0|  13|           4|           1|
    |and_ln28_1_fu_476_p2   |    and   |      0|  0|   2|           1|           1|
    |and_ln28_fu_470_p2     |    and   |      0|  0|   2|           1|           1|
    |icmp_ln10_fu_217_p2    |   icmp   |      0|  0|  11|           6|           7|
    |icmp_ln13_fu_243_p2    |   icmp   |      0|  0|   9|           4|           3|
    |icmp_ln16_fu_263_p2    |   icmp   |      0|  0|   9|           4|           3|
    |icmp_ln20_fu_287_p2    |   icmp   |      0|  0|   9|           2|           3|
    |icmp_ln23_fu_346_p2    |   icmp   |      0|  0|   9|           2|           3|
    |icmp_ln28_1_fu_440_p2  |   icmp   |      0|  0|  18|          23|           1|
    |icmp_ln28_2_fu_452_p2  |   icmp   |      0|  0|  11|           8|           2|
    |icmp_ln28_3_fu_458_p2  |   icmp   |      0|  0|  18|          23|           1|
    |icmp_ln28_fu_434_p2    |   icmp   |      0|  0|  11|           8|           2|
    |or_ln28_1_fu_464_p2    |    or    |      0|  0|   2|           1|           1|
    |or_ln28_fu_446_p2      |    or    |      0|  0|   2|           1|           1|
    |max_2_fu_482_p3        |  select  |      0|  0|  32|           1|          32|
    |ap_enable_pp0          |    xor   |      0|  0|   2|           1|           2|
    +-----------------------+----------+-------+---+----+------------+------------+
    |Total                  |          |      0|  0| 341|         175|         135|
    +-----------------------+----------+-------+---+----+------------+------------+

    * Multiplexer: 
    +-------------------------+----+-----------+-----+-----------+
    |           Name          | LUT| Input Size| Bits| Total Bits|
    +-------------------------+----+-----------+-----+-----------+
    |ap_NS_fsm                |  41|          8|    1|          8|
    |ap_enable_reg_pp0_iter1  |   9|          2|    1|          2|
    |c_0_reg_152              |   9|          2|    4|          8|
    |f_0_reg_118              |   9|          2|    6|         12|
    |max_0_reg_164            |   9|          2|   32|         64|
    |max_1_reg_199            |   9|          2|   32|         64|
    |mpc_0_reg_188            |   9|          2|    2|          4|
    |mpr_0_reg_177            |   9|          2|    2|          4|
    |phi_mul_reg_140          |   9|          2|    8|         16|
    |r_0_reg_129              |   9|          2|    4|          8|
    +-------------------------+----+-----------+-----+-----------+
    |Total                    | 122|         26|   92|        190|
    +-------------------------+----+-----------+-----+-----------+

    * Register: 
    +-------------------------+----+----+-----+-----------+
    |           Name          | FF | LUT| Bits| Const Bits|
    +-------------------------+----+----+-----+-----------+
    |add_ln13_reg_508         |   8|   0|    8|          0|
    |ap_CS_fsm                |   7|   0|    7|          0|
    |ap_enable_reg_pp0_iter0  |   1|   0|    1|          0|
    |ap_enable_reg_pp0_iter1  |   1|   0|    1|          0|
    |c_0_reg_152              |   4|   0|    4|          0|
    |c_reg_529                |   4|   0|    4|          0|
    |f_0_reg_118              |   6|   0|    6|          0|
    |f_reg_493                |   6|   0|    6|          0|
    |icmp_ln23_reg_553        |   1|   0|    1|          0|
    |max_0_reg_164            |  32|   0|   32|          0|
    |max_1_reg_199            |  32|   0|   32|          0|
    |mpc_0_reg_188            |   2|   0|    2|          0|
    |mpr_0_reg_177            |   2|   0|    2|          0|
    |mpr_reg_543              |   2|   0|    2|          0|
    |mul_ln28_reg_548         |   9|   0|   10|          1|
    |phi_mul_reg_140          |   8|   0|    8|          0|
    |r_0_reg_129              |   4|   0|    4|          0|
    |r_reg_516                |   4|   0|    4|          0|
    |shl_ln1_reg_534          |   4|   0|    5|          1|
    |shl_ln_reg_521           |   4|   0|    5|          1|
    |zext_ln13_1_reg_503      |   6|   0|   14|          8|
    |zext_ln13_reg_498        |   6|   0|   16|         10|
    +-------------------------+----+----+-----+-----------+
    |Total                    | 153|   0|  174|         21|
    +-------------------------+----+----+-----+-----------+



================================================================
== Interface
================================================================
* Summary: 
+-------------------------+-----+-----+------------+----------------+--------------+
|        RTL Ports        | Dir | Bits|  Protocol  |  Source Object |    C Type    |
+-------------------------+-----+-----+------------+----------------+--------------+
|ap_clk                   |  in |    1| ap_ctrl_hs |   max_pool_1   | return value |
|ap_rst                   |  in |    1| ap_ctrl_hs |   max_pool_1   | return value |
|ap_start                 |  in |    1| ap_ctrl_hs |   max_pool_1   | return value |
|ap_done                  | out |    1| ap_ctrl_hs |   max_pool_1   | return value |
|ap_idle                  | out |    1| ap_ctrl_hs |   max_pool_1   | return value |
|ap_ready                 | out |    1| ap_ctrl_hs |   max_pool_1   | return value |
|conv_1_out_address0      | out |   15|  ap_memory |   conv_1_out   |     array    |
|conv_1_out_ce0           | out |    1|  ap_memory |   conv_1_out   |     array    |
|conv_1_out_q0            |  in |   32|  ap_memory |   conv_1_out   |     array    |
|max_pool_1_out_address0  | out |   13|  ap_memory | max_pool_1_out |     array    |
|max_pool_1_out_ce0       | out |    1|  ap_memory | max_pool_1_out |     array    |
|max_pool_1_out_we0       | out |    1|  ap_memory | max_pool_1_out |     array    |
|max_pool_1_out_d0        | out |   32|  ap_memory | max_pool_1_out |     array    |
+-------------------------+-----+-----+------------+----------------+--------------+

