

================================================================
== Vivado HLS Report for 'conv_1'
================================================================
* Date:           Sun Aug  4 16:09:44 2024

* Version:        2019.1 (Build 2552052 on Fri May 24 15:28:33 MDT 2019)
* Project:        cnn
* Solution:       conv_1_fp3_u2_ap_r3
* Product family: zynq
* Target device:  xc7z020-clg400-1


================================================================
== Performance Estimates
================================================================
+ Timing (ns): 
    * Summary: 
    +--------+-------+----------+------------+
    |  Clock | Target| Estimated| Uncertainty|
    +--------+-------+----------+------------+
    |ap_clk  |  20.00|    15.964|        2.50|
    +--------+-------+----------+------------+

+ Latency (clock cycles): 
    * Summary: 
    +------+------+------+------+---------+
    |   Latency   |   Interval  | Pipeline|
    |  min |  max |  min |  max |   Type  |
    +------+------+------+------+---------+
    |  2081|  2081|  2081|  2081|   none  |
    +------+------+------+------+---------+

    + Detail: 
        * Instance: 
        N/A

        * Loop: 
        +----------------------------------+------+------+----------+-----------+-----------+------+----------+
        |                                  |   Latency   | Iteration|  Initiation Interval  | Trip |          |
        |             Loop Name            |  min |  max |  Latency |  achieved |   target  | Count| Pipelined|
        +----------------------------------+------+------+----------+-----------+-----------+------+----------+
        |- Row_Loop_Col_Loop_Filter1_Loop  |  2079|  2079|        53|          1|          1|  2028|    yes   |
        +----------------------------------+------+------+----------+-----------+-----------+------+----------+



================================================================
== Utilization Estimates
================================================================
* Summary: 
+-----------------+---------+-------+--------+-------+-----+
|       Name      | BRAM_18K| DSP48E|   FF   |  LUT  | URAM|
+-----------------+---------+-------+--------+-------+-----+
|DSP              |        -|      1|       -|      -|    -|
|Expression       |        -|      0|       0|   1284|    -|
|FIFO             |        -|      -|       -|      -|    -|
|Instance         |        -|     94|    7273|  14463|    -|
|Memory           |       18|      -|      64|      3|    -|
|Multiplexer      |        -|      -|       -|   1794|    -|
|Register         |        0|      -|    9982|   1376|    -|
+-----------------+---------+-------+--------+-------+-----+
|Total            |       18|     95|   17319|  18920|    0|
+-----------------+---------+-------+--------+-------+-----+
|Available        |      280|    220|  106400|  53200|    0|
+-----------------+---------+-------+--------+-------+-----+
|Utilization (%)  |        6|     43|      16|     35|    0|
+-----------------+---------+-------+--------+-------+-----+

+ Detail: 
    * Instance: 
    +--------------------------+----------------------+---------+-------+-----+-----+-----+
    |         Instance         |        Module        | BRAM_18K| DSP48E|  FF | LUT | URAM|
    +--------------------------+----------------------+---------+-------+-----+-----+-----+
    |cnn_fadd_32ns_32ncud_U1   |cnn_fadd_32ns_32ncud  |        0|      2|  227|  403|    0|
    |cnn_fadd_32ns_32ncud_U2   |cnn_fadd_32ns_32ncud  |        0|      2|  227|  403|    0|
    |cnn_fadd_32ns_32ncud_U3   |cnn_fadd_32ns_32ncud  |        0|      2|  227|  403|    0|
    |cnn_fadd_32ns_32ncud_U4   |cnn_fadd_32ns_32ncud  |        0|      2|  227|  403|    0|
    |cnn_fadd_32ns_32ncud_U5   |cnn_fadd_32ns_32ncud  |        0|      2|  227|  403|    0|
    |cnn_fadd_32ns_32ncud_U6   |cnn_fadd_32ns_32ncud  |        0|      2|  227|  403|    0|
    |cnn_fadd_32ns_32ncud_U7   |cnn_fadd_32ns_32ncud  |        0|      2|  227|  403|    0|
    |cnn_fadd_32ns_32ncud_U8   |cnn_fadd_32ns_32ncud  |        0|      2|  227|  403|    0|
    |cnn_fadd_32ns_32ncud_U9   |cnn_fadd_32ns_32ncud  |        0|      2|  227|  403|    0|
    |cnn_fadd_32ns_32ncud_U10  |cnn_fadd_32ns_32ncud  |        0|      2|  227|  403|    0|
    |cnn_fadd_32ns_32ncud_U11  |cnn_fadd_32ns_32ncud  |        0|      2|  227|  403|    0|
    |cnn_fadd_32ns_32ncud_U12  |cnn_fadd_32ns_32ncud  |        0|      2|  227|  403|    0|
    |cnn_fadd_32ns_32ncud_U13  |cnn_fadd_32ns_32ncud  |        0|      2|  227|  403|    0|
    |cnn_fadd_32ns_32ncud_U14  |cnn_fadd_32ns_32ncud  |        0|      2|  227|  403|    0|
    |cnn_fadd_32ns_32ncud_U15  |cnn_fadd_32ns_32ncud  |        0|      2|  227|  403|    0|
    |cnn_fadd_32ns_32ncud_U16  |cnn_fadd_32ns_32ncud  |        0|      2|  227|  403|    0|
    |cnn_fadd_32ns_32ncud_U17  |cnn_fadd_32ns_32ncud  |        0|      2|  227|  403|    0|
    |cnn_fadd_32ns_32ncud_U18  |cnn_fadd_32ns_32ncud  |        0|      2|  227|  403|    0|
    |cnn_fadd_32ns_32ncud_U19  |cnn_fadd_32ns_32ncud  |        0|      2|  227|  403|    0|
    |cnn_fadd_32ns_32ncud_U20  |cnn_fadd_32ns_32ncud  |        0|      2|  227|  403|    0|
    |cnn_fcmp_32ns_32neOg_U39  |cnn_fcmp_32ns_32neOg  |        0|      0|   66|  239|    0|
    |cnn_fcmp_32ns_32neOg_U40  |cnn_fcmp_32ns_32neOg  |        0|      0|   66|  239|    0|
    |cnn_fmul_32ns_32ndEe_U21  |cnn_fmul_32ns_32ndEe  |        0|      3|  128|  320|    0|
    |cnn_fmul_32ns_32ndEe_U22  |cnn_fmul_32ns_32ndEe  |        0|      3|  128|  320|    0|
    |cnn_fmul_32ns_32ndEe_U23  |cnn_fmul_32ns_32ndEe  |        0|      3|  128|  320|    0|
    |cnn_fmul_32ns_32ndEe_U24  |cnn_fmul_32ns_32ndEe  |        0|      3|  128|  320|    0|
    |cnn_fmul_32ns_32ndEe_U25  |cnn_fmul_32ns_32ndEe  |        0|      3|  128|  320|    0|
    |cnn_fmul_32ns_32ndEe_U26  |cnn_fmul_32ns_32ndEe  |        0|      3|  128|  320|    0|
    |cnn_fmul_32ns_32ndEe_U27  |cnn_fmul_32ns_32ndEe  |        0|      3|  128|  320|    0|
    |cnn_fmul_32ns_32ndEe_U28  |cnn_fmul_32ns_32ndEe  |        0|      3|  128|  320|    0|
    |cnn_fmul_32ns_32ndEe_U29  |cnn_fmul_32ns_32ndEe  |        0|      3|  128|  320|    0|
    |cnn_fmul_32ns_32ndEe_U30  |cnn_fmul_32ns_32ndEe  |        0|      3|  128|  320|    0|
    |cnn_fmul_32ns_32ndEe_U31  |cnn_fmul_32ns_32ndEe  |        0|      3|  128|  320|    0|
    |cnn_fmul_32ns_32ndEe_U32  |cnn_fmul_32ns_32ndEe  |        0|      3|  128|  320|    0|
    |cnn_fmul_32ns_32ndEe_U33  |cnn_fmul_32ns_32ndEe  |        0|      3|  128|  320|    0|
    |cnn_fmul_32ns_32ndEe_U34  |cnn_fmul_32ns_32ndEe  |        0|      3|  128|  320|    0|
    |cnn_fmul_32ns_32ndEe_U35  |cnn_fmul_32ns_32ndEe  |        0|      3|  128|  320|    0|
    |cnn_fmul_32ns_32ndEe_U36  |cnn_fmul_32ns_32ndEe  |        0|      3|  128|  320|    0|
    |cnn_fmul_32ns_32ndEe_U37  |cnn_fmul_32ns_32ndEe  |        0|      3|  128|  320|    0|
    |cnn_fmul_32ns_32ndEe_U38  |cnn_fmul_32ns_32ndEe  |        0|      3|  128|  320|    0|
    |cnn_urem_5ns_3ns_fYi_U41  |cnn_urem_5ns_3ns_fYi  |        0|      0|   99|   55|    0|
    |cnn_urem_5ns_3ns_fYi_U42  |cnn_urem_5ns_3ns_fYi  |        0|      0|   99|   55|    0|
    |cnn_urem_5ns_3ns_fYi_U43  |cnn_urem_5ns_3ns_fYi  |        0|      0|   99|   55|    0|
    +--------------------------+----------------------+---------+-------+-----+-----+-----+
    |Total                     |                      |        0|     94| 7273|14463|    0|
    +--------------------------+----------------------+---------+-------+-----+-----+-----+

    * DSP48E: 
    +--------------------------+----------------------+--------------+
    |         Instance         |        Module        |  Expression  |
    +--------------------------+----------------------+--------------+
    |cnn_mac_muladd_6ng8j_U44  |cnn_mac_muladd_6ng8j  | i0 * i1 + i2 |
    +--------------------------+----------------------+--------------+

    * Memory: 
    +------------------+----------------------+---------+----+----+-----+------+-----+------+-------------+
    |      Memory      |        Module        | BRAM_18K| FF | LUT| URAM| Words| Bits| Banks| W*Bits*Banks|
    +------------------+----------------------+---------+----+----+-----+------+-----+------+-------------+
    |conv_1_bias_U     |conv_1_conv_1_bias    |        0|  64|   3|    0|     6|   32|     1|          192|
    |conv_1_weights_U  |conv_1_conv_1_weibkb  |       18|   0|   0|    0|    54|   32|     1|         1728|
    +------------------+----------------------+---------+----+----+-----+------+-----+------+-------------+
    |Total             |                      |       18|  64|   3|    0|    60|   64|     2|         1920|
    +------------------+----------------------+---------+----+----+-----+------+-----+------+-------------+

    * FIFO: 
    N/A

    * Expression: 
    +---------------------------+----------+-------+---+----+------------+------------+
    |       Variable Name       | Operation| DSP48E| FF| LUT| Bitwidth P0| Bitwidth P1|
    +---------------------------+----------+-------+---+----+------------+------------+
    |mul_ln23_1_fu_2281_p2      |     *    |      0|  0|  26|           6|           5|
    |mul_ln23_2_fu_2305_p2      |     *    |      0|  0|  26|           6|           5|
    |mul_ln23_3_fu_2331_p2      |     *    |      0|  0|  26|           6|           5|
    |mul_ln23_4_fu_2357_p2      |     *    |      0|  0|  26|           6|           5|
    |mul_ln23_5_fu_2430_p2      |     *    |      0|  0|  26|           6|           5|
    |mul_ln23_6_fu_2600_p2      |     *    |      0|  0|  26|           6|           5|
    |mul_ln23_7_fu_2723_p2      |     *    |      0|  0|  26|           6|           5|
    |mul_ln23_8_fu_2846_p2      |     *    |      0|  0|  26|           6|           5|
    |mul_ln23_fu_2262_p2        |     *    |      0|  0|  26|           6|           5|
    |mul_ln30_1_fu_2506_p2      |     *    |      0|  0|  26|           6|           5|
    |add_ln11_fu_2244_p2        |     +    |      0|  0|  15|           1|           7|
    |add_ln14_fu_2238_p2        |     +    |      0|  0|  12|           2|           3|
    |add_ln23_10_fu_2627_p2     |     +    |      0|  0|  15|           8|           8|
    |add_ln23_11_fu_2640_p2     |     +    |      0|  0|  15|           8|           8|
    |add_ln23_12_fu_2653_p2     |     +    |      0|  0|  15|           8|           8|
    |add_ln23_13_fu_2666_p2     |     +    |      0|  0|  15|           8|           8|
    |add_ln23_14_fu_2682_p2     |     +    |      0|  0|  15|           8|           8|
    |add_ln23_15_fu_2698_p2     |     +    |      0|  0|  15|           8|           8|
    |add_ln23_16_fu_2714_p2     |     +    |      0|  0|  15|           2|           5|
    |add_ln23_17_fu_2750_p2     |     +    |      0|  0|  15|           8|           8|
    |add_ln23_18_fu_2763_p2     |     +    |      0|  0|  15|           8|           8|
    |add_ln23_19_fu_2776_p2     |     +    |      0|  0|  15|           8|           8|
    |add_ln23_1_fu_2347_p2      |     +    |      0|  0|  15|           2|           5|
    |add_ln23_20_fu_2789_p2     |     +    |      0|  0|  15|           8|           8|
    |add_ln23_21_fu_2805_p2     |     +    |      0|  0|  15|           8|           8|
    |add_ln23_22_fu_2821_p2     |     +    |      0|  0|  15|           8|           8|
    |add_ln23_23_fu_2837_p2     |     +    |      0|  0|  15|           2|           5|
    |add_ln23_24_fu_2873_p2     |     +    |      0|  0|  15|           8|           8|
    |add_ln23_25_fu_2886_p2     |     +    |      0|  0|  15|           8|           8|
    |add_ln23_26_fu_2899_p2     |     +    |      0|  0|  15|           8|           8|
    |add_ln23_27_fu_2912_p2     |     +    |      0|  0|  15|           8|           8|
    |add_ln23_28_fu_2928_p2     |     +    |      0|  0|  15|           8|           8|
    |add_ln23_29_fu_2944_p2     |     +    |      0|  0|  15|           8|           8|
    |add_ln23_30_fu_2979_p2     |     +    |      0|  0|  13|           3|           4|
    |add_ln23_31_fu_3007_p2     |     +    |      0|  0|  15|           4|           5|
    |add_ln23_32_fu_3018_p2     |     +    |      0|  0|  15|           5|           5|
    |add_ln23_33_fu_3073_p2     |     +    |      0|  0|  15|           5|           6|
    |add_ln23_34_fu_3084_p2     |     +    |      0|  0|  15|           6|           6|
    |add_ln23_35_fu_3095_p2     |     +    |      0|  0|  15|           6|           6|
    |add_ln23_36_fu_2993_p2     |     +    |      0|  0|  13|           3|           4|
    |add_ln23_37_fu_3032_p2     |     +    |      0|  0|  15|           4|           5|
    |add_ln23_38_fu_3043_p2     |     +    |      0|  0|  15|           5|           5|
    |add_ln23_39_fu_3109_p2     |     +    |      0|  0|  15|           5|           6|
    |add_ln23_3_fu_2414_p2      |     +    |      0|  0|  15|           8|           8|
    |add_ln23_40_fu_3120_p2     |     +    |      0|  0|  15|           6|           6|
    |add_ln23_41_fu_3131_p2     |     +    |      0|  0|  15|           6|           6|
    |add_ln23_4_fu_2420_p2      |     +    |      0|  0|  15|           2|           5|
    |add_ln23_5_fu_2477_p2      |     +    |      0|  0|  15|           8|           8|
    |add_ln23_6_fu_2483_p2      |     +    |      0|  0|  15|           8|           8|
    |add_ln23_7_fu_2546_p2      |     +    |      0|  0|  15|           8|           8|
    |add_ln23_8_fu_2552_p2      |     +    |      0|  0|  15|           8|           8|
    |add_ln23_9_fu_2204_p2      |     +    |      0|  0|  15|           1|           5|
    |add_ln23_fu_2408_p2        |     +    |      0|  0|  15|           8|           8|
    |add_ln30_2_fu_3191_p2      |     +    |      0|  0|  17|          13|          13|
    |add_ln30_3_fu_3254_p2      |     +    |      0|  0|  17|          13|          13|
    |add_ln30_fu_2496_p2        |     +    |      0|  0|  15|           5|           5|
    |add_ln8_fu_2152_p2         |     +    |      0|  0|  13|           1|          11|
    |c_fu_2321_p2               |     +    |      0|  0|  15|           1|           5|
    |r_fu_2134_p2               |     +    |      0|  0|  15|           1|           5|
    |sub_ln30_fu_3182_p2        |     -    |      0|  0|  17|          13|          13|
    |and_ln29_3_fu_3300_p2      |    and   |      0|  0|   2|           1|           1|
    |and_ln29_fu_3237_p2        |    and   |      0|  0|   2|           1|           1|
    |and_ln30_fu_2198_p2        |    and   |      0|  0|   2|           1|           1|
    |ap_condition_2011          |    and   |      0|  0|   2|           1|           1|
    |ap_condition_3266          |    and   |      0|  0|   2|           1|           1|
    |ap_condition_3271          |    and   |      0|  0|   2|           1|           1|
    |ap_condition_3275          |    and   |      0|  0|   2|           1|           1|
    |ap_condition_3279          |    and   |      0|  0|   2|           1|           1|
    |ap_condition_3284          |    and   |      0|  0|   2|           1|           1|
    |ap_condition_594           |    and   |      0|  0|   2|           1|           1|
    |ap_condition_598           |    and   |      0|  0|   2|           1|           1|
    |ap_condition_604           |    and   |      0|  0|   2|           1|           1|
    |ap_condition_609           |    and   |      0|  0|   2|           1|           1|
    |ap_condition_612           |    and   |      0|  0|   2|           1|           1|
    |ap_condition_616           |    and   |      0|  0|   2|           1|           1|
    |ap_condition_623           |    and   |      0|  0|   2|           1|           1|
    |ap_condition_626           |    and   |      0|  0|   2|           1|           1|
    |ap_condition_630           |    and   |      0|  0|   2|           1|           1|
    |icmp_ln11_fu_2158_p2       |   icmp   |      0|  0|  11|           7|           7|
    |icmp_ln14_fu_2192_p2       |   icmp   |      0|  0|   9|           3|           3|
    |icmp_ln29_7_fu_3225_p2     |   icmp   |      0|  0|  18|          23|           1|
    |icmp_ln29_8_fu_3282_p2     |   icmp   |      0|  0|  11|           8|           2|
    |icmp_ln29_9_fu_3288_p2     |   icmp   |      0|  0|  18|          23|           1|
    |icmp_ln29_fu_3219_p2       |   icmp   |      0|  0|  11|           8|           2|
    |icmp_ln8_fu_2146_p2        |   icmp   |      0|  0|  13|          11|           6|
    |or_ln14_fu_2965_p2         |    or    |      0|  0|   3|           3|           1|
    |or_ln29_3_fu_3294_p2       |    or    |      0|  0|   2|           1|           1|
    |or_ln29_fu_3231_p2         |    or    |      0|  0|   2|           1|           1|
    |or_ln30_fu_2210_p2         |    or    |      0|  0|   2|           1|           1|
    |conv_out_d0                |  select  |      0|  0|  32|           1|          32|
    |conv_out_d1                |  select  |      0|  0|  32|           1|          32|
    |grp_fu_2180_p0             |  select  |      0|  0|   5|           1|           5|
    |select_ln11_fu_2250_p3     |  select  |      0|  0|   7|           1|           1|
    |select_ln30_10_fu_2224_p3  |  select  |      0|  0|   5|           1|           5|
    |select_ln30_11_fu_2590_p3  |  select  |      0|  0|   3|           1|           3|
    |select_ln30_12_fu_2616_p3  |  select  |      0|  0|   5|           1|           5|
    |select_ln30_13_fu_2739_p3  |  select  |      0|  0|   5|           1|           5|
    |select_ln30_14_fu_2862_p3  |  select  |      0|  0|   5|           1|           5|
    |select_ln30_2_fu_2377_p3   |  select  |      0|  0|   5|           1|           5|
    |select_ln30_3_fu_2446_p3   |  select  |      0|  0|   5|           1|           5|
    |select_ln30_4_fu_2489_p3   |  select  |      0|  0|   2|           1|           2|
    |select_ln30_5_fu_2558_p3   |  select  |      0|  0|   3|           1|           1|
    |select_ln30_6_fu_2565_p3   |  select  |      0|  0|   5|           1|           1|
    |select_ln30_7_fu_2572_p3   |  select  |      0|  0|   5|           1|           1|
    |select_ln30_8_fu_2579_p3   |  select  |      0|  0|   5|           1|           1|
    |select_ln30_9_fu_2216_p3   |  select  |      0|  0|   3|           1|           1|
    |select_ln30_fu_2164_p3     |  select  |      0|  0|   5|           1|           1|
    |ap_enable_pp0              |    xor   |      0|  0|   2|           1|           2|
    |xor_ln30_fu_2186_p2        |    xor   |      0|  0|   2|           1|           2|
    +---------------------------+----------+-------+---+----+------------+------------+
    |Total                      |          |      0|  0|1284|         496|         565|
    +---------------------------+----------+-------+---+----+------------+------------+

    * Multiplexer: 
    +--------------------------------------------+----+-----------+-----+-----------+
    |                    Name                    | LUT| Input Size| Bits| Total Bits|
    +--------------------------------------------+----+-----------+-----+-----------+
    |ap_NS_fsm                                   |  21|          4|    1|          4|
    |ap_enable_reg_pp0_iter52                    |   9|          2|    1|          2|
    |ap_enable_reg_pp0_iter9                     |   9|          2|    1|          2|
    |ap_phi_mux_c_0_phi_fu_1247_p4               |   9|          2|    5|         10|
    |ap_phi_mux_r_0_phi_fu_1224_p4               |   9|          2|    5|         10|
    |ap_phi_reg_pp0_iter10_phi_ln23_10_reg_1506  |  47|         10|   32|        320|
    |ap_phi_reg_pp0_iter10_phi_ln23_11_reg_1530  |  47|         10|   32|        320|
    |ap_phi_reg_pp0_iter10_phi_ln23_12_reg_1554  |  47|         10|   32|        320|
    |ap_phi_reg_pp0_iter10_phi_ln23_13_reg_1578  |  47|         10|   32|        320|
    |ap_phi_reg_pp0_iter10_phi_ln23_14_reg_1602  |  47|         10|   32|        320|
    |ap_phi_reg_pp0_iter10_phi_ln23_15_reg_1626  |  47|         10|   32|        320|
    |ap_phi_reg_pp0_iter10_phi_ln23_16_reg_1650  |  47|         10|   32|        320|
    |ap_phi_reg_pp0_iter10_phi_ln23_17_reg_1674  |  47|         10|   32|        320|
    |ap_phi_reg_pp0_iter10_phi_ln23_1_reg_1290   |  47|         10|   32|        320|
    |ap_phi_reg_pp0_iter10_phi_ln23_2_reg_1314   |  47|         10|   32|        320|
    |ap_phi_reg_pp0_iter10_phi_ln23_3_reg_1338   |  47|         10|   32|        320|
    |ap_phi_reg_pp0_iter10_phi_ln23_4_reg_1362   |  47|         10|   32|        320|
    |ap_phi_reg_pp0_iter10_phi_ln23_5_reg_1386   |  47|         10|   32|        320|
    |ap_phi_reg_pp0_iter10_phi_ln23_6_reg_1410   |  47|         10|   32|        320|
    |ap_phi_reg_pp0_iter10_phi_ln23_7_reg_1434   |  47|         10|   32|        320|
    |ap_phi_reg_pp0_iter10_phi_ln23_8_reg_1458   |  47|         10|   32|        320|
    |ap_phi_reg_pp0_iter10_phi_ln23_9_reg_1482   |  47|         10|   32|        320|
    |ap_phi_reg_pp0_iter10_phi_ln23_reg_1266     |  47|         10|   32|        320|
    |c_0_reg_1243                                |   9|          2|    5|         10|
    |f_0_0_reg_1255                              |   9|          2|    3|          6|
    |indvar_flatten195_reg_1209                  |   9|          2|   11|         22|
    |indvar_flatten_reg_1232                     |   9|          2|    7|         14|
    |input_0_0_address0                          |  47|         10|    7|         70|
    |input_0_0_address1                          |  47|         10|    7|         70|
    |input_0_1_address0                          |  47|         10|    7|         70|
    |input_0_1_address1                          |  47|         10|    7|         70|
    |input_0_2_address0                          |  47|         10|    7|         70|
    |input_0_2_address1                          |  47|         10|    7|         70|
    |input_1_0_address0                          |  47|         10|    7|         70|
    |input_1_0_address1                          |  47|         10|    7|         70|
    |input_1_1_address0                          |  47|         10|    7|         70|
    |input_1_1_address1                          |  47|         10|    7|         70|
    |input_1_2_address0                          |  47|         10|    7|         70|
    |input_1_2_address1                          |  47|         10|    7|         70|
    |input_2_0_address0                          |  47|         10|    7|         70|
    |input_2_0_address1                          |  47|         10|    7|         70|
    |input_2_1_address0                          |  47|         10|    7|         70|
    |input_2_1_address1                          |  47|         10|    7|         70|
    |input_2_2_address0                          |  47|         10|    7|         70|
    |input_2_2_address1                          |  47|         10|    7|         70|
    |r_0_reg_1220                                |   9|          2|    5|         10|
    +--------------------------------------------+----+-----------+-----+-----------+
    |Total                                       |1794|        382|  746|       7110|
    +--------------------------------------------+----+-----------+-----+-----------+

    * Register: 
    +--------------------------------------------+----+----+-----+-----------+
    |                    Name                    | FF | LUT| Bits| Const Bits|
    +--------------------------------------------+----+----+-----+-----------+
    |add_ln23_9_reg_3370                         |   5|   0|    5|          0|
    |and_ln30_reg_3362                           |   1|   0|    1|          0|
    |ap_CS_fsm                                   |   3|   0|    3|          0|
    |ap_enable_reg_pp0_iter0                     |   1|   0|    1|          0|
    |ap_enable_reg_pp0_iter1                     |   1|   0|    1|          0|
    |ap_enable_reg_pp0_iter10                    |   1|   0|    1|          0|
    |ap_enable_reg_pp0_iter11                    |   1|   0|    1|          0|
    |ap_enable_reg_pp0_iter12                    |   1|   0|    1|          0|
    |ap_enable_reg_pp0_iter13                    |   1|   0|    1|          0|
    |ap_enable_reg_pp0_iter14                    |   1|   0|    1|          0|
    |ap_enable_reg_pp0_iter15                    |   1|   0|    1|          0|
    |ap_enable_reg_pp0_iter16                    |   1|   0|    1|          0|
    |ap_enable_reg_pp0_iter17                    |   1|   0|    1|          0|
    |ap_enable_reg_pp0_iter18                    |   1|   0|    1|          0|
    |ap_enable_reg_pp0_iter19                    |   1|   0|    1|          0|
    |ap_enable_reg_pp0_iter2                     |   1|   0|    1|          0|
    |ap_enable_reg_pp0_iter20                    |   1|   0|    1|          0|
    |ap_enable_reg_pp0_iter21                    |   1|   0|    1|          0|
    |ap_enable_reg_pp0_iter22                    |   1|   0|    1|          0|
    |ap_enable_reg_pp0_iter23                    |   1|   0|    1|          0|
    |ap_enable_reg_pp0_iter24                    |   1|   0|    1|          0|
    |ap_enable_reg_pp0_iter25                    |   1|   0|    1|          0|
    |ap_enable_reg_pp0_iter26                    |   1|   0|    1|          0|
    |ap_enable_reg_pp0_iter27                    |   1|   0|    1|          0|
    |ap_enable_reg_pp0_iter28                    |   1|   0|    1|          0|
    |ap_enable_reg_pp0_iter29                    |   1|   0|    1|          0|
    |ap_enable_reg_pp0_iter3                     |   1|   0|    1|          0|
    |ap_enable_reg_pp0_iter30                    |   1|   0|    1|          0|
    |ap_enable_reg_pp0_iter31                    |   1|   0|    1|          0|
    |ap_enable_reg_pp0_iter32                    |   1|   0|    1|          0|
    |ap_enable_reg_pp0_iter33                    |   1|   0|    1|          0|
    |ap_enable_reg_pp0_iter34                    |   1|   0|    1|          0|
    |ap_enable_reg_pp0_iter35                    |   1|   0|    1|          0|
    |ap_enable_reg_pp0_iter36                    |   1|   0|    1|          0|
    |ap_enable_reg_pp0_iter37                    |   1|   0|    1|          0|
    |ap_enable_reg_pp0_iter38                    |   1|   0|    1|          0|
    |ap_enable_reg_pp0_iter39                    |   1|   0|    1|          0|
    |ap_enable_reg_pp0_iter4                     |   1|   0|    1|          0|
    |ap_enable_reg_pp0_iter40                    |   1|   0|    1|          0|
    |ap_enable_reg_pp0_iter41                    |   1|   0|    1|          0|
    |ap_enable_reg_pp0_iter42                    |   1|   0|    1|          0|
    |ap_enable_reg_pp0_iter43                    |   1|   0|    1|          0|
    |ap_enable_reg_pp0_iter44                    |   1|   0|    1|          0|
    |ap_enable_reg_pp0_iter45                    |   1|   0|    1|          0|
    |ap_enable_reg_pp0_iter46                    |   1|   0|    1|          0|
    |ap_enable_reg_pp0_iter47                    |   1|   0|    1|          0|
    |ap_enable_reg_pp0_iter48                    |   1|   0|    1|          0|
    |ap_enable_reg_pp0_iter49                    |   1|   0|    1|          0|
    |ap_enable_reg_pp0_iter5                     |   1|   0|    1|          0|
    |ap_enable_reg_pp0_iter50                    |   1|   0|    1|          0|
    |ap_enable_reg_pp0_iter51                    |   1|   0|    1|          0|
    |ap_enable_reg_pp0_iter52                    |   1|   0|    1|          0|
    |ap_enable_reg_pp0_iter6                     |   1|   0|    1|          0|
    |ap_enable_reg_pp0_iter7                     |   1|   0|    1|          0|
    |ap_enable_reg_pp0_iter8                     |   1|   0|    1|          0|
    |ap_enable_reg_pp0_iter9                     |   1|   0|    1|          0|
    |ap_phi_reg_pp0_iter10_phi_ln23_10_reg_1506  |  32|   0|   32|          0|
    |ap_phi_reg_pp0_iter10_phi_ln23_11_reg_1530  |  32|   0|   32|          0|
    |ap_phi_reg_pp0_iter10_phi_ln23_12_reg_1554  |  32|   0|   32|          0|
    |ap_phi_reg_pp0_iter10_phi_ln23_13_reg_1578  |  32|   0|   32|          0|
    |ap_phi_reg_pp0_iter10_phi_ln23_14_reg_1602  |  32|   0|   32|          0|
    |ap_phi_reg_pp0_iter10_phi_ln23_15_reg_1626  |  32|   0|   32|          0|
    |ap_phi_reg_pp0_iter10_phi_ln23_16_reg_1650  |  32|   0|   32|          0|
    |ap_phi_reg_pp0_iter10_phi_ln23_17_reg_1674  |  32|   0|   32|          0|
    |ap_phi_reg_pp0_iter10_phi_ln23_1_reg_1290   |  32|   0|   32|          0|
    |ap_phi_reg_pp0_iter10_phi_ln23_2_reg_1314   |  32|   0|   32|          0|
    |ap_phi_reg_pp0_iter10_phi_ln23_3_reg_1338   |  32|   0|   32|          0|
    |ap_phi_reg_pp0_iter10_phi_ln23_4_reg_1362   |  32|   0|   32|          0|
    |ap_phi_reg_pp0_iter10_phi_ln23_5_reg_1386   |  32|   0|   32|          0|
    |ap_phi_reg_pp0_iter10_phi_ln23_6_reg_1410   |  32|   0|   32|          0|
    |ap_phi_reg_pp0_iter10_phi_ln23_7_reg_1434   |  32|   0|   32|          0|
    |ap_phi_reg_pp0_iter10_phi_ln23_8_reg_1458   |  32|   0|   32|          0|
    |ap_phi_reg_pp0_iter10_phi_ln23_9_reg_1482   |  32|   0|   32|          0|
    |ap_phi_reg_pp0_iter10_phi_ln23_reg_1266     |  32|   0|   32|          0|
    |ap_phi_reg_pp0_iter1_phi_ln23_10_reg_1506   |  32|   0|   32|          0|
    |ap_phi_reg_pp0_iter1_phi_ln23_11_reg_1530   |  32|   0|   32|          0|
    |ap_phi_reg_pp0_iter1_phi_ln23_12_reg_1554   |  32|   0|   32|          0|
    |ap_phi_reg_pp0_iter1_phi_ln23_13_reg_1578   |  32|   0|   32|          0|
    |ap_phi_reg_pp0_iter1_phi_ln23_14_reg_1602   |  32|   0|   32|          0|
    |ap_phi_reg_pp0_iter1_phi_ln23_15_reg_1626   |  32|   0|   32|          0|
    |ap_phi_reg_pp0_iter1_phi_ln23_16_reg_1650   |  32|   0|   32|          0|
    |ap_phi_reg_pp0_iter1_phi_ln23_17_reg_1674   |  32|   0|   32|          0|
    |ap_phi_reg_pp0_iter1_phi_ln23_1_reg_1290    |  32|   0|   32|          0|
    |ap_phi_reg_pp0_iter1_phi_ln23_2_reg_1314    |  32|   0|   32|          0|
    |ap_phi_reg_pp0_iter1_phi_ln23_3_reg_1338    |  32|   0|   32|          0|
    |ap_phi_reg_pp0_iter1_phi_ln23_4_reg_1362    |  32|   0|   32|          0|
    |ap_phi_reg_pp0_iter1_phi_ln23_5_reg_1386    |  32|   0|   32|          0|
    |ap_phi_reg_pp0_iter1_phi_ln23_6_reg_1410    |  32|   0|   32|          0|
    |ap_phi_reg_pp0_iter1_phi_ln23_7_reg_1434    |  32|   0|   32|          0|
    |ap_phi_reg_pp0_iter1_phi_ln23_8_reg_1458    |  32|   0|   32|          0|
    |ap_phi_reg_pp0_iter1_phi_ln23_9_reg_1482    |  32|   0|   32|          0|
    |ap_phi_reg_pp0_iter1_phi_ln23_reg_1266      |  32|   0|   32|          0|
    |ap_phi_reg_pp0_iter2_phi_ln23_10_reg_1506   |  32|   0|   32|          0|
    |ap_phi_reg_pp0_iter2_phi_ln23_11_reg_1530   |  32|   0|   32|          0|
    |ap_phi_reg_pp0_iter2_phi_ln23_12_reg_1554   |  32|   0|   32|          0|
    |ap_phi_reg_pp0_iter2_phi_ln23_13_reg_1578   |  32|   0|   32|          0|
    |ap_phi_reg_pp0_iter2_phi_ln23_14_reg_1602   |  32|   0|   32|          0|
    |ap_phi_reg_pp0_iter2_phi_ln23_15_reg_1626   |  32|   0|   32|          0|
    |ap_phi_reg_pp0_iter2_phi_ln23_16_reg_1650   |  32|   0|   32|          0|
    |ap_phi_reg_pp0_iter2_phi_ln23_17_reg_1674   |  32|   0|   32|          0|
    |ap_phi_reg_pp0_iter2_phi_ln23_1_reg_1290    |  32|   0|   32|          0|
    |ap_phi_reg_pp0_iter2_phi_ln23_2_reg_1314    |  32|   0|   32|          0|
    |ap_phi_reg_pp0_iter2_phi_ln23_3_reg_1338    |  32|   0|   32|          0|
    |ap_phi_reg_pp0_iter2_phi_ln23_4_reg_1362    |  32|   0|   32|          0|
    |ap_phi_reg_pp0_iter2_phi_ln23_5_reg_1386    |  32|   0|   32|          0|
    |ap_phi_reg_pp0_iter2_phi_ln23_6_reg_1410    |  32|   0|   32|          0|
    |ap_phi_reg_pp0_iter2_phi_ln23_7_reg_1434    |  32|   0|   32|          0|
    |ap_phi_reg_pp0_iter2_phi_ln23_8_reg_1458    |  32|   0|   32|          0|
    |ap_phi_reg_pp0_iter2_phi_ln23_9_reg_1482    |  32|   0|   32|          0|
    |ap_phi_reg_pp0_iter2_phi_ln23_reg_1266      |  32|   0|   32|          0|
    |ap_phi_reg_pp0_iter3_phi_ln23_10_reg_1506   |  32|   0|   32|          0|
    |ap_phi_reg_pp0_iter3_phi_ln23_11_reg_1530   |  32|   0|   32|          0|
    |ap_phi_reg_pp0_iter3_phi_ln23_12_reg_1554   |  32|   0|   32|          0|
    |ap_phi_reg_pp0_iter3_phi_ln23_13_reg_1578   |  32|   0|   32|          0|
    |ap_phi_reg_pp0_iter3_phi_ln23_14_reg_1602   |  32|   0|   32|          0|
    |ap_phi_reg_pp0_iter3_phi_ln23_15_reg_1626   |  32|   0|   32|          0|
    |ap_phi_reg_pp0_iter3_phi_ln23_16_reg_1650   |  32|   0|   32|          0|
    |ap_phi_reg_pp0_iter3_phi_ln23_17_reg_1674   |  32|   0|   32|          0|
    |ap_phi_reg_pp0_iter3_phi_ln23_1_reg_1290    |  32|   0|   32|          0|
    |ap_phi_reg_pp0_iter3_phi_ln23_2_reg_1314    |  32|   0|   32|          0|
    |ap_phi_reg_pp0_iter3_phi_ln23_3_reg_1338    |  32|   0|   32|          0|
    |ap_phi_reg_pp0_iter3_phi_ln23_4_reg_1362    |  32|   0|   32|          0|
    |ap_phi_reg_pp0_iter3_phi_ln23_5_reg_1386    |  32|   0|   32|          0|
    |ap_phi_reg_pp0_iter3_phi_ln23_6_reg_1410    |  32|   0|   32|          0|
    |ap_phi_reg_pp0_iter3_phi_ln23_7_reg_1434    |  32|   0|   32|          0|
    |ap_phi_reg_pp0_iter3_phi_ln23_8_reg_1458    |  32|   0|   32|          0|
    |ap_phi_reg_pp0_iter3_phi_ln23_9_reg_1482    |  32|   0|   32|          0|
    |ap_phi_reg_pp0_iter3_phi_ln23_reg_1266      |  32|   0|   32|          0|
    |ap_phi_reg_pp0_iter4_phi_ln23_10_reg_1506   |  32|   0|   32|          0|
    |ap_phi_reg_pp0_iter4_phi_ln23_11_reg_1530   |  32|   0|   32|          0|
    |ap_phi_reg_pp0_iter4_phi_ln23_12_reg_1554   |  32|   0|   32|          0|
    |ap_phi_reg_pp0_iter4_phi_ln23_13_reg_1578   |  32|   0|   32|          0|
    |ap_phi_reg_pp0_iter4_phi_ln23_14_reg_1602   |  32|   0|   32|          0|
    |ap_phi_reg_pp0_iter4_phi_ln23_15_reg_1626   |  32|   0|   32|          0|
    |ap_phi_reg_pp0_iter4_phi_ln23_16_reg_1650   |  32|   0|   32|          0|
    |ap_phi_reg_pp0_iter4_phi_ln23_17_reg_1674   |  32|   0|   32|          0|
    |ap_phi_reg_pp0_iter4_phi_ln23_1_reg_1290    |  32|   0|   32|          0|
    |ap_phi_reg_pp0_iter4_phi_ln23_2_reg_1314    |  32|   0|   32|          0|
    |ap_phi_reg_pp0_iter4_phi_ln23_3_reg_1338    |  32|   0|   32|          0|
    |ap_phi_reg_pp0_iter4_phi_ln23_4_reg_1362    |  32|   0|   32|          0|
    |ap_phi_reg_pp0_iter4_phi_ln23_5_reg_1386    |  32|   0|   32|          0|
    |ap_phi_reg_pp0_iter4_phi_ln23_6_reg_1410    |  32|   0|   32|          0|
    |ap_phi_reg_pp0_iter4_phi_ln23_7_reg_1434    |  32|   0|   32|          0|
    |ap_phi_reg_pp0_iter4_phi_ln23_8_reg_1458    |  32|   0|   32|          0|
    |ap_phi_reg_pp0_iter4_phi_ln23_9_reg_1482    |  32|   0|   32|          0|
    |ap_phi_reg_pp0_iter4_phi_ln23_reg_1266      |  32|   0|   32|          0|
    |ap_phi_reg_pp0_iter5_phi_ln23_10_reg_1506   |  32|   0|   32|          0|
    |ap_phi_reg_pp0_iter5_phi_ln23_11_reg_1530   |  32|   0|   32|          0|
    |ap_phi_reg_pp0_iter5_phi_ln23_12_reg_1554   |  32|   0|   32|          0|
    |ap_phi_reg_pp0_iter5_phi_ln23_13_reg_1578   |  32|   0|   32|          0|
    |ap_phi_reg_pp0_iter5_phi_ln23_14_reg_1602   |  32|   0|   32|          0|
    |ap_phi_reg_pp0_iter5_phi_ln23_15_reg_1626   |  32|   0|   32|          0|
    |ap_phi_reg_pp0_iter5_phi_ln23_16_reg_1650   |  32|   0|   32|          0|
    |ap_phi_reg_pp0_iter5_phi_ln23_17_reg_1674   |  32|   0|   32|          0|
    |ap_phi_reg_pp0_iter5_phi_ln23_1_reg_1290    |  32|   0|   32|          0|
    |ap_phi_reg_pp0_iter5_phi_ln23_2_reg_1314    |  32|   0|   32|          0|
    |ap_phi_reg_pp0_iter5_phi_ln23_3_reg_1338    |  32|   0|   32|          0|
    |ap_phi_reg_pp0_iter5_phi_ln23_4_reg_1362    |  32|   0|   32|          0|
    |ap_phi_reg_pp0_iter5_phi_ln23_5_reg_1386    |  32|   0|   32|          0|
    |ap_phi_reg_pp0_iter5_phi_ln23_6_reg_1410    |  32|   0|   32|          0|
    |ap_phi_reg_pp0_iter5_phi_ln23_7_reg_1434    |  32|   0|   32|          0|
    |ap_phi_reg_pp0_iter5_phi_ln23_8_reg_1458    |  32|   0|   32|          0|
    |ap_phi_reg_pp0_iter5_phi_ln23_9_reg_1482    |  32|   0|   32|          0|
    |ap_phi_reg_pp0_iter5_phi_ln23_reg_1266      |  32|   0|   32|          0|
    |ap_phi_reg_pp0_iter6_phi_ln23_10_reg_1506   |  32|   0|   32|          0|
    |ap_phi_reg_pp0_iter6_phi_ln23_11_reg_1530   |  32|   0|   32|          0|
    |ap_phi_reg_pp0_iter6_phi_ln23_12_reg_1554   |  32|   0|   32|          0|
    |ap_phi_reg_pp0_iter6_phi_ln23_13_reg_1578   |  32|   0|   32|          0|
    |ap_phi_reg_pp0_iter6_phi_ln23_14_reg_1602   |  32|   0|   32|          0|
    |ap_phi_reg_pp0_iter6_phi_ln23_15_reg_1626   |  32|   0|   32|          0|
    |ap_phi_reg_pp0_iter6_phi_ln23_16_reg_1650   |  32|   0|   32|          0|
    |ap_phi_reg_pp0_iter6_phi_ln23_17_reg_1674   |  32|   0|   32|          0|
    |ap_phi_reg_pp0_iter6_phi_ln23_1_reg_1290    |  32|   0|   32|          0|
    |ap_phi_reg_pp0_iter6_phi_ln23_2_reg_1314    |  32|   0|   32|          0|
    |ap_phi_reg_pp0_iter6_phi_ln23_3_reg_1338    |  32|   0|   32|          0|
    |ap_phi_reg_pp0_iter6_phi_ln23_4_reg_1362    |  32|   0|   32|          0|
    |ap_phi_reg_pp0_iter6_phi_ln23_5_reg_1386    |  32|   0|   32|          0|
    |ap_phi_reg_pp0_iter6_phi_ln23_6_reg_1410    |  32|   0|   32|          0|
    |ap_phi_reg_pp0_iter6_phi_ln23_7_reg_1434    |  32|   0|   32|          0|
    |ap_phi_reg_pp0_iter6_phi_ln23_8_reg_1458    |  32|   0|   32|          0|
    |ap_phi_reg_pp0_iter6_phi_ln23_9_reg_1482    |  32|   0|   32|          0|
    |ap_phi_reg_pp0_iter6_phi_ln23_reg_1266      |  32|   0|   32|          0|
    |ap_phi_reg_pp0_iter7_phi_ln23_10_reg_1506   |  32|   0|   32|          0|
    |ap_phi_reg_pp0_iter7_phi_ln23_11_reg_1530   |  32|   0|   32|          0|
    |ap_phi_reg_pp0_iter7_phi_ln23_12_reg_1554   |  32|   0|   32|          0|
    |ap_phi_reg_pp0_iter7_phi_ln23_13_reg_1578   |  32|   0|   32|          0|
    |ap_phi_reg_pp0_iter7_phi_ln23_14_reg_1602   |  32|   0|   32|          0|
    |ap_phi_reg_pp0_iter7_phi_ln23_15_reg_1626   |  32|   0|   32|          0|
    |ap_phi_reg_pp0_iter7_phi_ln23_16_reg_1650   |  32|   0|   32|          0|
    |ap_phi_reg_pp0_iter7_phi_ln23_17_reg_1674   |  32|   0|   32|          0|
    |ap_phi_reg_pp0_iter7_phi_ln23_1_reg_1290    |  32|   0|   32|          0|
    |ap_phi_reg_pp0_iter7_phi_ln23_2_reg_1314    |  32|   0|   32|          0|
    |ap_phi_reg_pp0_iter7_phi_ln23_3_reg_1338    |  32|   0|   32|          0|
    |ap_phi_reg_pp0_iter7_phi_ln23_4_reg_1362    |  32|   0|   32|          0|
    |ap_phi_reg_pp0_iter7_phi_ln23_5_reg_1386    |  32|   0|   32|          0|
    |ap_phi_reg_pp0_iter7_phi_ln23_6_reg_1410    |  32|   0|   32|          0|
    |ap_phi_reg_pp0_iter7_phi_ln23_7_reg_1434    |  32|   0|   32|          0|
    |ap_phi_reg_pp0_iter7_phi_ln23_8_reg_1458    |  32|   0|   32|          0|
    |ap_phi_reg_pp0_iter7_phi_ln23_9_reg_1482    |  32|   0|   32|          0|
    |ap_phi_reg_pp0_iter7_phi_ln23_reg_1266      |  32|   0|   32|          0|
    |ap_phi_reg_pp0_iter8_phi_ln23_10_reg_1506   |  32|   0|   32|          0|
    |ap_phi_reg_pp0_iter8_phi_ln23_11_reg_1530   |  32|   0|   32|          0|
    |ap_phi_reg_pp0_iter8_phi_ln23_12_reg_1554   |  32|   0|   32|          0|
    |ap_phi_reg_pp0_iter8_phi_ln23_13_reg_1578   |  32|   0|   32|          0|
    |ap_phi_reg_pp0_iter8_phi_ln23_14_reg_1602   |  32|   0|   32|          0|
    |ap_phi_reg_pp0_iter8_phi_ln23_15_reg_1626   |  32|   0|   32|          0|
    |ap_phi_reg_pp0_iter8_phi_ln23_16_reg_1650   |  32|   0|   32|          0|
    |ap_phi_reg_pp0_iter8_phi_ln23_17_reg_1674   |  32|   0|   32|          0|
    |ap_phi_reg_pp0_iter8_phi_ln23_1_reg_1290    |  32|   0|   32|          0|
    |ap_phi_reg_pp0_iter8_phi_ln23_2_reg_1314    |  32|   0|   32|          0|
    |ap_phi_reg_pp0_iter8_phi_ln23_3_reg_1338    |  32|   0|   32|          0|
    |ap_phi_reg_pp0_iter8_phi_ln23_4_reg_1362    |  32|   0|   32|          0|
    |ap_phi_reg_pp0_iter8_phi_ln23_5_reg_1386    |  32|   0|   32|          0|
    |ap_phi_reg_pp0_iter8_phi_ln23_6_reg_1410    |  32|   0|   32|          0|
    |ap_phi_reg_pp0_iter8_phi_ln23_7_reg_1434    |  32|   0|   32|          0|
    |ap_phi_reg_pp0_iter8_phi_ln23_8_reg_1458    |  32|   0|   32|          0|
    |ap_phi_reg_pp0_iter8_phi_ln23_9_reg_1482    |  32|   0|   32|          0|
    |ap_phi_reg_pp0_iter8_phi_ln23_reg_1266      |  32|   0|   32|          0|
    |ap_phi_reg_pp0_iter9_phi_ln23_10_reg_1506   |  32|   0|   32|          0|
    |ap_phi_reg_pp0_iter9_phi_ln23_11_reg_1530   |  32|   0|   32|          0|
    |ap_phi_reg_pp0_iter9_phi_ln23_12_reg_1554   |  32|   0|   32|          0|
    |ap_phi_reg_pp0_iter9_phi_ln23_13_reg_1578   |  32|   0|   32|          0|
    |ap_phi_reg_pp0_iter9_phi_ln23_14_reg_1602   |  32|   0|   32|          0|
    |ap_phi_reg_pp0_iter9_phi_ln23_15_reg_1626   |  32|   0|   32|          0|
    |ap_phi_reg_pp0_iter9_phi_ln23_16_reg_1650   |  32|   0|   32|          0|
    |ap_phi_reg_pp0_iter9_phi_ln23_17_reg_1674   |  32|   0|   32|          0|
    |ap_phi_reg_pp0_iter9_phi_ln23_1_reg_1290    |  32|   0|   32|          0|
    |ap_phi_reg_pp0_iter9_phi_ln23_2_reg_1314    |  32|   0|   32|          0|
    |ap_phi_reg_pp0_iter9_phi_ln23_3_reg_1338    |  32|   0|   32|          0|
    |ap_phi_reg_pp0_iter9_phi_ln23_4_reg_1362    |  32|   0|   32|          0|
    |ap_phi_reg_pp0_iter9_phi_ln23_5_reg_1386    |  32|   0|   32|          0|
    |ap_phi_reg_pp0_iter9_phi_ln23_6_reg_1410    |  32|   0|   32|          0|
    |ap_phi_reg_pp0_iter9_phi_ln23_7_reg_1434    |  32|   0|   32|          0|
    |ap_phi_reg_pp0_iter9_phi_ln23_8_reg_1458    |  32|   0|   32|          0|
    |ap_phi_reg_pp0_iter9_phi_ln23_9_reg_1482    |  32|   0|   32|          0|
    |ap_phi_reg_pp0_iter9_phi_ln23_reg_1266      |  32|   0|   32|          0|
    |c_0_reg_1243                                |   5|   0|    5|          0|
    |conv_1_bias_load_1_reg_3943                 |  32|   0|   32|          0|
    |conv_1_bias_load_reg_3933                   |  32|   0|   32|          0|
    |f_0_0_reg_1255                              |   3|   0|    3|          0|
    |icmp_ln11_reg_3338                          |   1|   0|    1|          0|
    |icmp_ln8_reg_3329                           |   1|   0|    1|          0|
    |indvar_flatten195_reg_1209                  |  11|   0|   11|          0|
    |indvar_flatten_reg_1232                     |   7|   0|    7|          0|
    |or_ln14_reg_3908                            |   2|   0|    3|          1|
    |phi_ln23_10_reg_1506                        |  32|   0|   32|          0|
    |phi_ln23_11_reg_1530                        |  32|   0|   32|          0|
    |phi_ln23_12_reg_1554                        |  32|   0|   32|          0|
    |phi_ln23_13_reg_1578                        |  32|   0|   32|          0|
    |phi_ln23_14_reg_1602                        |  32|   0|   32|          0|
    |phi_ln23_15_reg_1626                        |  32|   0|   32|          0|
    |phi_ln23_16_reg_1650                        |  32|   0|   32|          0|
    |phi_ln23_17_reg_1674                        |  32|   0|   32|          0|
    |phi_ln23_1_reg_1290                         |  32|   0|   32|          0|
    |phi_ln23_2_reg_1314                         |  32|   0|   32|          0|
    |phi_ln23_3_reg_1338                         |  32|   0|   32|          0|
    |phi_ln23_4_reg_1362                         |  32|   0|   32|          0|
    |phi_ln23_5_reg_1386                         |  32|   0|   32|          0|
    |phi_ln23_6_reg_1410                         |  32|   0|   32|          0|
    |phi_ln23_7_reg_1434                         |  32|   0|   32|          0|
    |phi_ln23_8_reg_1458                         |  32|   0|   32|          0|
    |r_0_reg_1220                                |   5|   0|    5|          0|
    |r_reg_3324                                  |   5|   0|    5|          0|
    |select_ln30_10_reg_3388                     |   5|   0|    5|          0|
    |select_ln30_11_reg_3408                     |   3|   0|    3|          0|
    |select_ln30_1_reg_3355                      |   5|   0|    5|          0|
    |select_ln30_9_reg_3376                      |   3|   0|    3|          0|
    |select_ln30_reg_3349                        |   5|   0|    5|          0|
    |tmp_0_0_1_reg_3983                          |  32|   0|   32|          0|
    |tmp_0_0_2_reg_4043                          |  32|   0|   32|          0|
    |tmp_0_1_1_reg_4103                          |  32|   0|   32|          0|
    |tmp_0_1_2_reg_4183                          |  32|   0|   32|          0|
    |tmp_0_1_reg_4048                            |  32|   0|   32|          0|
    |tmp_0_2_1_reg_4193                          |  32|   0|   32|          0|
    |tmp_0_2_2_reg_4263                          |  32|   0|   32|          0|
    |tmp_0_2_reg_4188                            |  32|   0|   32|          0|
    |tmp_1_0_1_reg_3993                          |  32|   0|   32|          0|
    |tmp_1_0_2_reg_4058                          |  32|   0|   32|          0|
    |tmp_1_1_1_reg_4113                          |  32|   0|   32|          0|
    |tmp_1_1_2_reg_4203                          |  32|   0|   32|          0|
    |tmp_1_1_reg_4063                            |  32|   0|   32|          0|
    |tmp_1_2_1_reg_4213                          |  32|   0|   32|          0|
    |tmp_1_2_2_reg_4273                          |  32|   0|   32|          0|
    |tmp_1_2_reg_4208                            |  32|   0|   32|          0|
    |tmp_1_42_reg_3953                           |  32|   0|   32|          0|
    |tmp_1_reg_3948                              |  32|   0|   32|          0|
    |trunc_ln30_reg_3404                         |   3|   0|    3|          0|
    |w_sum_1_reg_4295                            |  32|   0|   32|          0|
    |w_sum_4_0_0_1_reg_4038                      |  32|   0|   32|          0|
    |w_sum_4_0_0_2_reg_4068                      |  32|   0|   32|          0|
    |w_sum_4_0_1_1_reg_4178                      |  32|   0|   32|          0|
    |w_sum_4_0_1_2_reg_4218                      |  32|   0|   32|          0|
    |w_sum_4_0_1_reg_4098                        |  32|   0|   32|          0|
    |w_sum_4_0_2_1_reg_4258                      |  32|   0|   32|          0|
    |w_sum_4_0_2_2_reg_4278                      |  32|   0|   32|          0|
    |w_sum_4_0_2_reg_4228                        |  32|   0|   32|          0|
    |w_sum_4_1_0_1_reg_4053                      |  32|   0|   32|          0|
    |w_sum_4_1_0_2_reg_4073                      |  32|   0|   32|          0|
    |w_sum_4_1_1_1_reg_4198                      |  32|   0|   32|          0|
    |w_sum_4_1_1_2_reg_4223                      |  32|   0|   32|          0|
    |w_sum_4_1_1_reg_4108                        |  32|   0|   32|          0|
    |w_sum_4_1_2_1_reg_4268                      |  32|   0|   32|          0|
    |w_sum_4_1_2_2_reg_4283                      |  32|   0|   32|          0|
    |w_sum_4_1_2_reg_4233                        |  32|   0|   32|          0|
    |w_sum_4_1_reg_3988                          |  32|   0|   32|          0|
    |w_sum_4_reg_3978                            |  32|   0|   32|          0|
    |w_sum_s_reg_4288                            |  32|   0|   32|          0|
    |add_ln23_9_reg_3370                         |  64|  32|    5|          0|
    |and_ln30_reg_3362                           |  64|  32|    1|          0|
    |c_0_reg_1243                                |  64|  32|    5|          0|
    |conv_1_bias_load_1_reg_3943                 |  64|  64|   32|          0|
    |conv_1_bias_load_reg_3933                   |  64|  64|   32|          0|
    |icmp_ln11_reg_3338                          |  64|  32|    1|          0|
    |icmp_ln8_reg_3329                           |  64|  64|    1|          0|
    |or_ln14_reg_3908                            |  64|  64|    3|          1|
    |phi_ln23_10_reg_1506                        |  64|  32|   32|          0|
    |phi_ln23_11_reg_1530                        |  64|  32|   32|          0|
    |phi_ln23_12_reg_1554                        |  64|  32|   32|          0|
    |phi_ln23_13_reg_1578                        |  64|  32|   32|          0|
    |phi_ln23_14_reg_1602                        |  64|  32|   32|          0|
    |phi_ln23_15_reg_1626                        |  64|  32|   32|          0|
    |phi_ln23_16_reg_1650                        |  64|  32|   32|          0|
    |phi_ln23_17_reg_1674                        |  64|  32|   32|          0|
    |phi_ln23_1_reg_1290                         |  64|  32|   32|          0|
    |phi_ln23_2_reg_1314                         |  64|  32|   32|          0|
    |phi_ln23_3_reg_1338                         |  64|  32|   32|          0|
    |phi_ln23_4_reg_1362                         |  64|  32|   32|          0|
    |phi_ln23_5_reg_1386                         |  64|  32|   32|          0|
    |phi_ln23_6_reg_1410                         |  64|  32|   32|          0|
    |phi_ln23_7_reg_1434                         |  64|  32|   32|          0|
    |phi_ln23_8_reg_1458                         |  64|  32|   32|          0|
    |r_0_reg_1220                                |  64|  32|    5|          0|
    |r_reg_3324                                  |  64|  32|    5|          0|
    |select_ln30_10_reg_3388                     |  64|  64|    5|          0|
    |select_ln30_1_reg_3355                      |  64|  64|    5|          0|
    |select_ln30_9_reg_3376                      |  64|  64|    3|          0|
    |select_ln30_reg_3349                        |  64|  32|    5|          0|
    |tmp_0_1_reg_4048                            |  64|  32|   32|          0|
    |tmp_0_2_1_reg_4193                          |  64|  32|   32|          0|
    |tmp_0_2_reg_4188                            |  64|  32|   32|          0|
    |tmp_1_1_reg_4063                            |  64|  32|   32|          0|
    |tmp_1_2_1_reg_4213                          |  64|  32|   32|          0|
    |tmp_1_2_reg_4208                            |  64|  32|   32|          0|
    +--------------------------------------------+----+----+-----+-----------+
    |Total                                       |9982|1376| 8491|          2|
    +--------------------------------------------+----+----+-----+-----------+



================================================================
== Interface
================================================================
* Summary: 
+--------------------+-----+-----+------------+--------------+--------------+
|      RTL Ports     | Dir | Bits|  Protocol  | Source Object|    C Type    |
+--------------------+-----+-----+------------+--------------+--------------+
|ap_clk              |  in |    1| ap_ctrl_hs |    conv_1    | return value |
|ap_rst              |  in |    1| ap_ctrl_hs |    conv_1    | return value |
|ap_start            |  in |    1| ap_ctrl_hs |    conv_1    | return value |
|ap_done             | out |    1| ap_ctrl_hs |    conv_1    | return value |
|ap_idle             | out |    1| ap_ctrl_hs |    conv_1    | return value |
|ap_ready            | out |    1| ap_ctrl_hs |    conv_1    | return value |
|input_0_0_address0  | out |    7|  ap_memory |   input_0_0  |     array    |
|input_0_0_ce0       | out |    1|  ap_memory |   input_0_0  |     array    |
|input_0_0_q0        |  in |   32|  ap_memory |   input_0_0  |     array    |
|input_0_0_address1  | out |    7|  ap_memory |   input_0_0  |     array    |
|input_0_0_ce1       | out |    1|  ap_memory |   input_0_0  |     array    |
|input_0_0_q1        |  in |   32|  ap_memory |   input_0_0  |     array    |
|input_0_1_address0  | out |    7|  ap_memory |   input_0_1  |     array    |
|input_0_1_ce0       | out |    1|  ap_memory |   input_0_1  |     array    |
|input_0_1_q0        |  in |   32|  ap_memory |   input_0_1  |     array    |
|input_0_1_address1  | out |    7|  ap_memory |   input_0_1  |     array    |
|input_0_1_ce1       | out |    1|  ap_memory |   input_0_1  |     array    |
|input_0_1_q1        |  in |   32|  ap_memory |   input_0_1  |     array    |
|input_0_2_address0  | out |    7|  ap_memory |   input_0_2  |     array    |
|input_0_2_ce0       | out |    1|  ap_memory |   input_0_2  |     array    |
|input_0_2_q0        |  in |   32|  ap_memory |   input_0_2  |     array    |
|input_0_2_address1  | out |    7|  ap_memory |   input_0_2  |     array    |
|input_0_2_ce1       | out |    1|  ap_memory |   input_0_2  |     array    |
|input_0_2_q1        |  in |   32|  ap_memory |   input_0_2  |     array    |
|input_1_0_address0  | out |    7|  ap_memory |   input_1_0  |     array    |
|input_1_0_ce0       | out |    1|  ap_memory |   input_1_0  |     array    |
|input_1_0_q0        |  in |   32|  ap_memory |   input_1_0  |     array    |
|input_1_0_address1  | out |    7|  ap_memory |   input_1_0  |     array    |
|input_1_0_ce1       | out |    1|  ap_memory |   input_1_0  |     array    |
|input_1_0_q1        |  in |   32|  ap_memory |   input_1_0  |     array    |
|input_1_1_address0  | out |    7|  ap_memory |   input_1_1  |     array    |
|input_1_1_ce0       | out |    1|  ap_memory |   input_1_1  |     array    |
|input_1_1_q0        |  in |   32|  ap_memory |   input_1_1  |     array    |
|input_1_1_address1  | out |    7|  ap_memory |   input_1_1  |     array    |
|input_1_1_ce1       | out |    1|  ap_memory |   input_1_1  |     array    |
|input_1_1_q1        |  in |   32|  ap_memory |   input_1_1  |     array    |
|input_1_2_address0  | out |    7|  ap_memory |   input_1_2  |     array    |
|input_1_2_ce0       | out |    1|  ap_memory |   input_1_2  |     array    |
|input_1_2_q0        |  in |   32|  ap_memory |   input_1_2  |     array    |
|input_1_2_address1  | out |    7|  ap_memory |   input_1_2  |     array    |
|input_1_2_ce1       | out |    1|  ap_memory |   input_1_2  |     array    |
|input_1_2_q1        |  in |   32|  ap_memory |   input_1_2  |     array    |
|input_2_0_address0  | out |    7|  ap_memory |   input_2_0  |     array    |
|input_2_0_ce0       | out |    1|  ap_memory |   input_2_0  |     array    |
|input_2_0_q0        |  in |   32|  ap_memory |   input_2_0  |     array    |
|input_2_0_address1  | out |    7|  ap_memory |   input_2_0  |     array    |
|input_2_0_ce1       | out |    1|  ap_memory |   input_2_0  |     array    |
|input_2_0_q1        |  in |   32|  ap_memory |   input_2_0  |     array    |
|input_2_1_address0  | out |    7|  ap_memory |   input_2_1  |     array    |
|input_2_1_ce0       | out |    1|  ap_memory |   input_2_1  |     array    |
|input_2_1_q0        |  in |   32|  ap_memory |   input_2_1  |     array    |
|input_2_1_address1  | out |    7|  ap_memory |   input_2_1  |     array    |
|input_2_1_ce1       | out |    1|  ap_memory |   input_2_1  |     array    |
|input_2_1_q1        |  in |   32|  ap_memory |   input_2_1  |     array    |
|input_2_2_address0  | out |    7|  ap_memory |   input_2_2  |     array    |
|input_2_2_ce0       | out |    1|  ap_memory |   input_2_2  |     array    |
|input_2_2_q0        |  in |   32|  ap_memory |   input_2_2  |     array    |
|input_2_2_address1  | out |    7|  ap_memory |   input_2_2  |     array    |
|input_2_2_ce1       | out |    1|  ap_memory |   input_2_2  |     array    |
|input_2_2_q1        |  in |   32|  ap_memory |   input_2_2  |     array    |
|conv_out_address0   | out |   12|  ap_memory |   conv_out   |     array    |
|conv_out_ce0        | out |    1|  ap_memory |   conv_out   |     array    |
|conv_out_we0        | out |    1|  ap_memory |   conv_out   |     array    |
|conv_out_d0         | out |   32|  ap_memory |   conv_out   |     array    |
|conv_out_address1   | out |   12|  ap_memory |   conv_out   |     array    |
|conv_out_ce1        | out |    1|  ap_memory |   conv_out   |     array    |
|conv_out_we1        | out |    1|  ap_memory |   conv_out   |     array    |
|conv_out_d1         | out |   32|  ap_memory |   conv_out   |     array    |
+--------------------+-----+-----+------------+--------------+--------------+

