

================================================================
== Vivado HLS Report for 'cnn'
================================================================
* Date:           Fri Aug  9 10:11:16 2024

* Version:        2019.1 (Build 2552052 on Fri May 24 15:28:33 MDT 2019)
* Project:        cnn_ap_lp
* Solution:       mp2_fp2_ap_d2r5_ap_d2r3
* Product family: zynq
* Target device:  xc7z020-clg400-1


================================================================
== Performance Estimates
================================================================
+ Timing (ns): 
    * Summary: 
    +--------+-------+----------+------------+
    |  Clock | Target| Estimated| Uncertainty|
    +--------+-------+----------+------------+
    |ap_clk  |  20.00|    16.990|        2.50|
    +--------+-------+----------+------------+

+ Latency (clock cycles): 
    * Summary: 
    +--------+--------+--------+--------+---------+
    |     Latency     |     Interval    | Pipeline|
    |   min  |   max  |   min  |   max  |   Type  |
    +--------+--------+--------+--------+---------+
    |  441373|  453357|  441373|  453357|   none  |
    +--------+--------+--------+--------+---------+

    + Detail: 
        * Instance: 
        +-----------------------+------------+--------+--------+--------+--------+---------+
        |                       |            |     Latency     |     Interval    | Pipeline|
        |        Instance       |   Module   |   min  |   max  |   min  |   max  |   Type  |
        +-----------------------+------------+--------+--------+--------+--------+---------+
        |grp_conv_2_fu_748      |conv_2      |  263561|  267433|  263561|  267433|   none  |
        |grp_conv_1_fu_762      |conv_1      |  114973|  123085|  114973|  123085|   none  |
        |grp_max_pool_2_fu_772  |max_pool_2  |     162|     162|     162|     162|   none  |
        |grp_soft_max_fu_784    |soft_max    |     343|     343|     343|     343|   none  |
        |grp_flat_fu_796        |flat        |     861|     861|     861|     861|   none  |
        |grp_max_pool_1_fu_804  |max_pool_1  |   14365|   14365|   14365|   14365|   none  |
        +-----------------------+------------+--------+--------+--------+--------+---------+

        * Loop: 
        +--------------+-------+-------+----------+-----------+-----------+------+----------+
        |              |    Latency    | Iteration|  Initiation Interval  | Trip |          |
        |   Loop Name  |  min  |  max  |  Latency |  achieved |   target  | Count| Pipelined|
        +--------------+-------+-------+----------+-----------+-----------+------+----------+
        |- Loop 1      |   3192|   3192|       114|          -|          -|    28|    no    |
        | + Loop 1.1   |    112|    112|         4|          -|          -|    28|    no    |
        |- DENSE_LOOP  |  40150|  40150|       803|          -|          -|    50|    no    |
        | + FLAT_LOOP  |    800|    800|         2|          -|          -|   400|    no    |
        |- DENSE_LOOP  |   3090|   3090|       103|          -|          -|    30|    no    |
        | + FLAT_LOOP  |    100|    100|         2|          -|          -|    50|    no    |
        |- Dense_Loop  |    630|    630|        63|          -|          -|    10|    no    |
        | + Flat_Loop  |     60|     60|         2|          -|          -|    30|    no    |
        |- Loop 5      |     30|     30|         3|          -|          -|    10|    no    |
        +--------------+-------+-------+----------+-----------+-----------+------+----------+



================================================================
== Utilization Estimates
================================================================
* Summary: 
+-----------------+---------+-------+--------+-------+-----+
|       Name      | BRAM_18K| DSP48E|   FF   |  LUT  | URAM|
+-----------------+---------+-------+--------+-------+-----+
|DSP              |        -|      3|       -|      -|    -|
|Expression       |        -|      -|      40|   1696|    -|
|FIFO             |        -|      -|       -|      -|    -|
|Instance         |        1|      5|    1902|   6547|    -|
|Memory           |       35|      -|     131|     36|    0|
|Multiplexer      |        -|      -|       -|   1181|    -|
|Register         |        -|      -|     406|      -|    -|
+-----------------+---------+-------+--------+-------+-----+
|Total            |       36|      8|    2479|   9460|    0|
+-----------------+---------+-------+--------+-------+-----+
|Available        |      280|    220|  106400|  53200|    0|
+-----------------+---------+-------+--------+-------+-----+
|Utilization (%)  |       12|      3|       2|     17|    0|
+-----------------+---------+-------+--------+-------+-----+

+ Detail: 
    * Instance: 
    +--------------------------+----------------------+---------+-------+-----+------+-----+
    |         Instance         |        Module        | BRAM_18K| DSP48E|  FF |  LUT | URAM|
    +--------------------------+----------------------+---------+-------+-----+------+-----+
    |cnn_fpext_32ns_64udo_U42  |cnn_fpext_32ns_64udo  |        0|      0|  100|   138|    0|
    |grp_conv_1_fu_762         |conv_1                |        0|      1|  401|  1808|    0|
    |grp_conv_2_fu_748         |conv_2                |        1|      1|  481|  2031|    0|
    |grp_flat_fu_796           |flat                  |        0|      0|  107|   314|    0|
    |grp_max_pool_1_fu_804     |max_pool_1            |        0|      0|  104|   366|    0|
    |grp_max_pool_2_fu_772     |max_pool_2            |        0|      0|  174|  1019|    0|
    |grp_soft_max_fu_784       |soft_max              |        0|      3|  535|   871|    0|
    +--------------------------+----------------------+---------+-------+-----+------+-----+
    |Total                     |                      |        1|      5| 1902|  6547|    0|
    +--------------------------+----------------------+---------+-------+-----+------+-----+

    * DSP48E: 
    +--------------------------+----------------------+--------------+
    |         Instance         |        Module        |  Expression  |
    +--------------------------+----------------------+--------------+
    |cnn_mac_muladd_13xdS_U45  |cnn_mac_muladd_13xdS  | i0 * i1 + i2 |
    |cnn_mac_muladd_9svdy_U43  |cnn_mac_muladd_9svdy  | i0 * i1 + i2 |
    |cnn_mac_muladd_9swdI_U44  |cnn_mac_muladd_9swdI  | i0 * i1 + i2 |
    +--------------------------+----------------------+--------------+

    * Memory: 
    +-----------------------+----------------------+---------+----+----+-----+-------+-----+------+-------------+
    |         Memory        |        Module        | BRAM_18K| FF | LUT| URAM| Words | Bits| Banks| W*Bits*Banks|
    +-----------------------+----------------------+---------+----+----+-----+-------+-----+------+-------------+
    |conv_1_input_V_U       |cnn_conv_1_input_V    |        1|   0|   0|    0|    784|   14|     1|        10976|
    |conv_1_out_V_U         |cnn_conv_1_out_V      |        4|   0|   0|    0|   4056|   14|     1|        56784|
    |conv_2_out_0_V_U       |cnn_conv_2_out_0_V    |        1|   0|   0|    0|    528|   14|     1|         7392|
    |conv_2_out_1_V_U       |cnn_conv_2_out_1_V    |        1|   0|   0|    0|    352|   14|     1|         4928|
    |conv_2_out_2_V_U       |cnn_conv_2_out_1_V    |        1|   0|   0|    0|    352|   14|     1|         4928|
    |conv_2_out_3_V_U       |cnn_conv_2_out_1_V    |        1|   0|   0|    0|    352|   14|     1|         4928|
    |conv_2_out_4_V_U       |cnn_conv_2_out_1_V    |        1|   0|   0|    0|    352|   14|     1|         4928|
    |dense_1_bias_V_U       |cnn_dense_1_bias_V    |        0|   6|   5|    0|     50|    6|     1|          300|
    |dense_1_out_V_U        |cnn_dense_1_out_V     |        0|  26|  11|    0|     50|   13|     1|          650|
    |dense_1_weights_V_U    |cnn_dense_1_weighmb6  |       18|   0|   0|    0|  20000|    9|     1|       180000|
    |dense_2_bias_V_U       |cnn_dense_2_bias_V    |        0|   9|   5|    0|     30|    9|     1|          270|
    |dense_2_out_V_U        |cnn_dense_2_out_V     |        0|  26|   7|    0|     30|   13|     1|          390|
    |dense_2_weights_V_U    |cnn_dense_2_weighncg  |        1|   0|   0|    0|   1500|    9|     1|        13500|
    |dense_array_V_U        |cnn_dense_array_V     |        0|  28|   3|    0|     10|   14|     1|          140|
    |prediction_V_U         |cnn_dense_array_V     |        0|  28|   3|    0|     10|   14|     1|          140|
    |dense_out_bias_V_U     |cnn_dense_out_biapcA  |        0|   8|   2|    0|     10|    8|     1|           80|
    |dense_out_weights_V_U  |cnn_dense_out_weiocq  |        1|   0|   0|    0|    300|    9|     1|         2700|
    |flat_array_V_U         |cnn_flat_array_V      |        1|   0|   0|    0|    400|   14|     1|         5600|
    |max_pool_1_out_V_U     |cnn_max_pool_1_ouqcK  |        1|   0|   0|    0|   1014|   14|     1|        14196|
    |max_pool_2_out_0_V_U   |cnn_max_pool_2_ourcU  |        1|   0|   0|    0|    160|   14|     1|         2240|
    |max_pool_2_out_1_V_U   |cnn_max_pool_2_ourcU  |        1|   0|   0|    0|    160|   14|     1|         2240|
    |max_pool_2_out_2_0_U   |cnn_max_pool_2_outde  |        1|   0|   0|    0|     80|   14|     1|         1120|
    +-----------------------+----------------------+---------+----+----+-----+-------+-----+------+-------------+
    |Total                  |                      |       35| 131|  36|    0|  30580|  272|    22|       318430|
    +-----------------------+----------------------+---------+----+----+-----+-------+-----+------+-------------+

    * FIFO: 
    N/A

    * Expression: 
    +---------------------------+----------+-------+----+-----+------------+------------+
    |       Variable Name       | Operation| DSP48E| FF | LUT | Bitwidth P0| Bitwidth P1|
    +---------------------------+----------+-------+----+-----+------------+------------+
    |add_ln1116_4_fu_1510_p2    |     +    |      0|   0|    8|           9|           9|
    |add_ln1116_fu_1504_p2      |     +    |      0|   0|    8|           9|           9|
    |add_ln1117_2_fu_1367_p2    |     +    |      0|   0|    8|          12|          12|
    |add_ln1117_3_fu_1218_p2    |     +    |      0|   0|   21|          15|           6|
    |add_ln1117_fu_1224_p2      |     +    |      0|   0|   21|          15|          15|
    |add_ln203_10_fu_878_p2     |     +    |      0|   0|   13|          11|          11|
    |add_ln203_1_fu_1420_p2     |     +    |      0|   0|   17|          13|          13|
    |add_ln203_fu_1277_p2       |     +    |      0|   0|   17|          13|          13|
    |add_ln28_fu_888_p2         |     +    |      0|   0|   14|           1|          10|
    |add_ln581_fu_972_p2        |     +    |      0|   0|   12|           5|          12|
    |add_ln703_1_fu_1414_p2     |     +    |      0|   0|   19|          14|          14|
    |add_ln703_2_fu_1549_p2     |     +    |      0|   0|   19|          14|          14|
    |add_ln703_fu_1271_p2       |     +    |      0|   0|   19|          14|          14|
    |add_ln949_fu_1711_p2       |     +    |      0|   0|   19|           6|          14|
    |add_ln958_fu_1758_p2       |     +    |      0|   0|   39|           6|          32|
    |add_ln964_fu_1827_p2       |     +    |      0|   0|    8|           8|           8|
    |d_fu_1449_p2               |     +    |      0|   0|   13|           4|           1|
    |f_fu_1469_p2               |     +    |      0|   0|   15|           5|           1|
    |i_1_fu_1187_p2             |     +    |      0|   0|   15|           6|           1|
    |i_2_fu_1306_p2             |     +    |      0|   0|   15|           5|           1|
    |i_3_fu_1562_p2             |     +    |      0|   0|   13|           4|           1|
    |i_fu_820_p2                |     +    |      0|   0|   15|           5|           1|
    |ix_in_fu_826_p2            |     +    |      0|   0|   14|          10|           5|
    |j_1_fu_1207_p2             |     +    |      0|   0|   15|           9|           1|
    |j_2_fu_1326_p2             |     +    |      0|   0|   15|           6|           1|
    |j_fu_868_p2                |     +    |      0|   0|   15|           5|           1|
    |lsb_index_fu_1637_p2       |     +    |      0|   0|   39|           6|          32|
    |m_13_fu_1787_p2            |     +    |      0|   0|   39|          32|          32|
    |F2_fu_960_p2               |     -    |      0|   0|   12|          11|          12|
    |man_V_1_fu_940_p2          |     -    |      0|   0|   61|           1|          54|
    |sub_ln1117_fu_1361_p2      |     -    |      0|   0|    8|          12|          12|
    |sub_ln203_fu_856_p2        |     -    |      0|   0|   13|          11|          11|
    |sub_ln581_fu_978_p2        |     -    |      0|   0|   12|           4|          12|
    |sub_ln944_fu_1627_p2       |     -    |      0|   0|   39|           4|          32|
    |sub_ln947_fu_1663_p2       |     -    |      0|   0|   13|           3|           4|
    |sub_ln958_fu_1769_p2       |     -    |      0|   0|   39|           5|          32|
    |sub_ln964_fu_1822_p2       |     -    |      0|   0|    8|           3|           8|
    |tmp_V_fu_1587_p2           |     -    |      0|   0|   19|           1|          14|
    |a_fu_1691_p2               |    and   |      0|   0|    2|           1|           1|
    |and_ln581_fu_1085_p2       |    and   |      0|   0|    2|           1|           1|
    |and_ln582_fu_1067_p2       |    and   |      0|   0|    2|           1|           1|
    |and_ln585_1_fu_1103_p2     |    and   |      0|   0|    2|           1|           1|
    |and_ln585_fu_1097_p2       |    and   |      0|   0|    2|           1|           1|
    |and_ln603_fu_1121_p2       |    and   |      0|   0|    2|           1|           1|
    |and_ln949_fu_1725_p2       |    and   |      0|   0|    2|           1|           1|
    |p_Result_36_fu_1679_p2     |    and   |      0|   0|   14|          14|          14|
    |ashr_ln586_fu_1022_p2      |   ashr   |      0|   0|  162|          54|          54|
    |l_fu_1619_p3               |   cttz   |      0|  40|   36|          32|           0|
    |icmp_ln13_1_fu_1320_p2     |   icmp   |      0|   0|   11|           6|           5|
    |icmp_ln13_fu_1201_p2       |   icmp   |      0|   0|   13|           9|           8|
    |icmp_ln23_fu_814_p2        |   icmp   |      0|   0|   11|           5|           4|
    |icmp_ln25_fu_862_p2        |   icmp   |      0|   0|   11|           5|           4|
    |icmp_ln41_fu_1443_p2       |   icmp   |      0|   0|    9|           4|           4|
    |icmp_ln46_fu_1463_p2       |   icmp   |      0|   0|   11|           5|           3|
    |icmp_ln571_fu_954_p2       |   icmp   |      0|   0|   29|          63|           1|
    |icmp_ln581_fu_966_p2       |   icmp   |      0|   0|   13|          12|           4|
    |icmp_ln582_fu_996_p2       |   icmp   |      0|   0|   13|          12|           4|
    |icmp_ln585_fu_1006_p2      |   icmp   |      0|   0|   13|          12|           6|
    |icmp_ln603_fu_1012_p2      |   icmp   |      0|   0|   13|          12|           4|
    |icmp_ln69_fu_1556_p2       |   icmp   |      0|   0|    9|           4|           4|
    |icmp_ln935_fu_1573_p2      |   icmp   |      0|   0|   13|          14|           1|
    |icmp_ln947_1_fu_1685_p2    |   icmp   |      0|   0|   13|          14|           1|
    |icmp_ln947_fu_1653_p2      |   icmp   |      0|   0|   18|          31|           1|
    |icmp_ln958_fu_1745_p2      |   icmp   |      0|   0|   18|          32|           1|
    |icmp_ln9_1_fu_1300_p2      |   icmp   |      0|   0|   11|           5|           3|
    |icmp_ln9_fu_1181_p2        |   icmp   |      0|   0|   11|           6|           5|
    |lshr_ln947_fu_1673_p2      |   lshr   |      0|   0|   31|           2|          14|
    |lshr_ln958_fu_1763_p2      |   lshr   |      0|   0|  101|          32|          32|
    |or_ln581_fu_1109_p2        |    or    |      0|   0|    2|           1|           1|
    |or_ln582_fu_1073_p2        |    or    |      0|   0|    2|           1|           1|
    |or_ln603_1_fu_1149_p2      |    or    |      0|   0|    2|           1|           1|
    |or_ln603_2_fu_1163_p2      |    or    |      0|   0|    2|           1|           1|
    |or_ln603_fu_1135_p2        |    or    |      0|   0|    2|           1|           1|
    |or_ln949_fu_1731_p2        |    or    |      0|   0|    2|           1|           1|
    |m_12_fu_1780_p3            |  select  |      0|   0|   32|           1|          32|
    |man_V_2_fu_946_p3          |  select  |      0|   0|   54|           1|          54|
    |prediction_output_d0       |  select  |      0|   0|   32|           1|           1|
    |select_ln19_1_fu_1434_p3   |  select  |      0|   0|   13|           1|           1|
    |select_ln19_fu_1291_p3     |  select  |      0|   0|   13|           1|           1|
    |select_ln588_fu_1043_p3    |  select  |      0|   0|    2|           1|           2|
    |select_ln603_1_fu_1141_p3  |  select  |      0|   0|   14|           1|          14|
    |select_ln603_2_fu_1155_p3  |  select  |      0|   0|   14|           1|          14|
    |select_ln603_3_fu_1169_p3  |  select  |      0|   0|   14|           1|          14|
    |select_ln603_fu_1127_p3    |  select  |      0|   0|   14|           1|          14|
    |select_ln964_fu_1814_p3    |  select  |      0|   0|    7|           1|           7|
    |sh_amt_fu_984_p3           |  select  |      0|   0|   12|           1|          12|
    |tmp_V_13_fu_1593_p3        |  select  |      0|   0|   14|           1|          14|
    |shl_ln604_fu_1055_p2       |    shl   |      0|   0|   31|          14|          14|
    |shl_ln958_fu_1774_p2       |    shl   |      0|   0|  101|          32|          32|
    |xor_ln571_fu_1061_p2       |    xor   |      0|   0|    2|           1|           2|
    |xor_ln581_fu_1115_p2       |    xor   |      0|   0|    2|           1|           2|
    |xor_ln582_fu_1079_p2       |    xor   |      0|   0|    2|           1|           2|
    |xor_ln585_fu_1091_p2       |    xor   |      0|   0|    2|           1|           2|
    |xor_ln949_fu_1705_p2       |    xor   |      0|   0|    2|           1|           2|
    +---------------------------+----------+-------+----+-----+------------+------------+
    |Total                      |          |      0|  40| 1696|         779|         901|
    +---------------------------+----------+-------+----+-----+------------+------------+

    * Multiplexer: 
    +-----------------------------+-----+-----------+-----+-----------+
    |             Name            | LUT | Input Size| Bits| Total Bits|
    +-----------------------------+-----+-----------+-----+-----------+
    |ap_NS_fsm                    |  149|         33|    1|         33|
    |conv_1_input_V_address0      |   15|          3|   10|         30|
    |conv_1_input_V_ce0           |   15|          3|    1|          3|
    |conv_1_out_V_address0        |   21|          4|   12|         48|
    |conv_1_out_V_ce0             |   21|          4|    1|          4|
    |conv_1_out_V_d0              |   15|          3|   14|         42|
    |conv_1_out_V_we0             |   15|          3|    1|          3|
    |conv_2_out_0_V_address0      |   21|          4|   10|         40|
    |conv_2_out_0_V_ce0           |   21|          4|    1|          4|
    |conv_2_out_0_V_ce1           |    9|          2|    1|          2|
    |conv_2_out_0_V_d0            |   15|          3|   14|         42|
    |conv_2_out_0_V_we0           |   15|          3|    1|          3|
    |conv_2_out_1_V_address0      |   15|          3|    9|         27|
    |conv_2_out_1_V_ce0           |   15|          3|    1|          3|
    |conv_2_out_1_V_ce1           |    9|          2|    1|          2|
    |conv_2_out_1_V_we0           |    9|          2|    1|          2|
    |conv_2_out_2_V_address0      |   15|          3|    9|         27|
    |conv_2_out_2_V_ce0           |   15|          3|    1|          3|
    |conv_2_out_2_V_ce1           |    9|          2|    1|          2|
    |conv_2_out_2_V_we0           |    9|          2|    1|          2|
    |conv_2_out_3_V_address0      |   15|          3|    9|         27|
    |conv_2_out_3_V_ce0           |   15|          3|    1|          3|
    |conv_2_out_3_V_ce1           |    9|          2|    1|          2|
    |conv_2_out_3_V_we0           |    9|          2|    1|          2|
    |conv_2_out_4_V_address0      |   15|          3|    9|         27|
    |conv_2_out_4_V_ce0           |   15|          3|    1|          3|
    |conv_2_out_4_V_ce1           |    9|          2|    1|          2|
    |conv_2_out_4_V_we0           |    9|          2|    1|          2|
    |d_0_i_reg_703                |    9|          2|    4|          8|
    |dense_1_out_V_address0       |   21|          4|    6|         24|
    |dense_1_out_V_d0             |   15|          3|   13|         39|
    |dense_2_out_V_address0       |   21|          4|    5|         20|
    |dense_2_out_V_d0             |   15|          3|   13|         39|
    |dense_array_V_address0       |   15|          3|    4|         12|
    |dense_array_V_ce0            |   15|          3|    1|          3|
    |dense_array_V_d0             |   15|          3|   14|         42|
    |dense_array_V_we0            |   15|          3|    1|          3|
    |f_0_i_reg_726                |    9|          2|    5|         10|
    |flat_array_V_address0        |   21|          4|    9|         36|
    |flat_array_V_ce0             |   15|          3|    1|          3|
    |flat_array_V_d0              |   15|          3|   14|         42|
    |flat_array_V_we0             |   15|          3|    1|          3|
    |i24_0_reg_737                |    9|          2|    4|          8|
    |i_0_i18_reg_669              |    9|          2|    5|         10|
    |i_0_i_reg_624                |    9|          2|    6|         12|
    |i_0_reg_592                  |    9|          2|    5|         10|
    |ix_in_0_reg_580              |    9|          2|   10|         20|
    |ix_in_1_reg_603              |    9|          2|   10|         20|
    |j_0_i23_reg_692              |    9|          2|    6|         12|
    |j_0_i_reg_647                |    9|          2|    9|         18|
    |j_0_reg_613                  |    9|          2|    5|         10|
    |max_pool_1_out_V_address0    |   21|          4|   10|         40|
    |max_pool_1_out_V_ce0         |   21|          4|    1|          4|
    |max_pool_1_out_V_d0          |   15|          3|   14|         42|
    |max_pool_1_out_V_we0         |   15|          3|    1|          3|
    |max_pool_2_out_0_V_address0  |   21|          4|    8|         32|
    |max_pool_2_out_0_V_ce0       |   21|          4|    1|          4|
    |max_pool_2_out_0_V_ce1       |    9|          2|    1|          2|
    |max_pool_2_out_0_V_d0        |   15|          3|   14|         42|
    |max_pool_2_out_0_V_we0       |   15|          3|    1|          3|
    |max_pool_2_out_0_V_we1       |    9|          2|    1|          2|
    |max_pool_2_out_1_V_address0  |   15|          3|    8|         24|
    |max_pool_2_out_1_V_ce0       |   15|          3|    1|          3|
    |max_pool_2_out_1_V_ce1       |    9|          2|    1|          2|
    |max_pool_2_out_1_V_we0       |    9|          2|    1|          2|
    |max_pool_2_out_1_V_we1       |    9|          2|    1|          2|
    |max_pool_2_out_2_0_address0  |   15|          3|    7|         21|
    |max_pool_2_out_2_0_ce0       |   15|          3|    1|          3|
    |max_pool_2_out_2_0_we0       |    9|          2|    1|          2|
    |p_Val2_29_reg_635            |    9|          2|   14|         28|
    |p_Val2_32_reg_680            |    9|          2|   14|         28|
    |p_Val2_38_reg_714            |    9|          2|   14|         28|
    |phi_mul_reg_658              |    9|          2|   15|         30|
    |prediction_V_address0        |   21|          4|    4|         16|
    |prediction_V_ce0             |   15|          3|    1|          3|
    |prediction_V_d0              |   15|          3|   14|         42|
    |prediction_V_we0             |   15|          3|    1|          3|
    +-----------------------------+-----+-----------+-----+-----------+
    |Total                        | 1181|        243|  416|       1205|
    +-----------------------------+-----+-----------+-----+-----------+

    * Register: 
    +------------------------------------+----+----+-----+-----------+
    |                Name                | FF | LUT| Bits| Const Bits|
    +------------------------------------+----+----+-----+-----------+
    |add_ln1117_3_reg_1990               |  15|   0|   15|          0|
    |add_ln203_10_reg_1937               |  11|   0|   11|          0|
    |add_ln28_reg_1947                   |  10|   0|   10|          0|
    |ap_CS_fsm                           |  32|   0|   32|          0|
    |cnn_input_load_reg_1952             |  32|   0|   32|          0|
    |d_0_i_reg_703                       |   4|   0|    4|          0|
    |d_reg_2065                          |   4|   0|    4|          0|
    |f_0_i_reg_726                       |   5|   0|    5|          0|
    |f_reg_2084                          |   5|   0|    5|          0|
    |grp_conv_1_fu_762_ap_start_reg      |   1|   0|    1|          0|
    |grp_conv_2_fu_748_ap_start_reg      |   1|   0|    1|          0|
    |grp_flat_fu_796_ap_start_reg        |   1|   0|    1|          0|
    |grp_max_pool_1_fu_804_ap_start_reg  |   1|   0|    1|          0|
    |grp_max_pool_2_fu_772_ap_start_reg  |   1|   0|    1|          0|
    |grp_soft_max_fu_784_ap_start_reg    |   1|   0|    1|          0|
    |i24_0_reg_737                       |   4|   0|    4|          0|
    |i_0_i18_reg_669                     |   5|   0|    5|          0|
    |i_0_i_reg_624                       |   6|   0|    6|          0|
    |i_0_reg_592                         |   5|   0|    5|          0|
    |i_1_reg_1966                        |   6|   0|    6|          0|
    |i_2_reg_2018                        |   5|   0|    5|          0|
    |i_3_reg_2112                        |   4|   0|    4|          0|
    |i_reg_1914                          |   5|   0|    5|          0|
    |icmp_ln935_reg_2127                 |   1|   0|    1|          0|
    |icmp_ln958_reg_2153                 |   1|   0|    1|          0|
    |ix_in_0_reg_580                     |  10|   0|   10|          0|
    |ix_in_1_reg_603                     |  10|   0|   10|          0|
    |ix_in_reg_1919                      |  10|   0|   10|          0|
    |j_0_i23_reg_692                     |   6|   0|    6|          0|
    |j_0_i_reg_647                       |   9|   0|    9|          0|
    |j_0_reg_613                         |   5|   0|    5|          0|
    |j_1_reg_1985                        |   9|   0|    9|          0|
    |j_2_reg_2037                        |   6|   0|    6|          0|
    |j_reg_1932                          |   5|   0|    5|          0|
    |or_ln_reg_2148                      |   1|   0|   32|         31|
    |p_Result_41_reg_2132                |   1|   0|    1|          0|
    |p_Val2_29_reg_635                   |  14|   0|   14|          0|
    |p_Val2_32_reg_680                   |  14|   0|   14|          0|
    |p_Val2_38_reg_714                   |  14|   0|   14|          0|
    |phi_mul_reg_658                     |  15|   0|   15|          0|
    |select_ln603_3_reg_1958             |  14|   0|   14|          0|
    |sub_ln203_reg_1924                  |   9|   0|   11|          2|
    |sub_ln944_reg_2142                  |  32|   0|   32|          0|
    |tmp_V_13_reg_2137                   |  14|   0|   14|          0|
    |trunc_ln943_reg_2158                |   8|   0|    8|          0|
    |zext_ln13_2_reg_2029                |   5|   0|   12|          7|
    |zext_ln13_reg_1977                  |   6|   0|   15|          9|
    |zext_ln14_2_reg_2023                |   5|   0|   64|         59|
    |zext_ln14_reg_1971                  |   6|   0|   64|         58|
    |zext_ln46_reg_2076                  |   4|   0|    9|          5|
    |zext_ln48_reg_2070                  |   4|   0|   64|         60|
    |zext_ln70_reg_2117                  |   4|   0|   64|         60|
    +------------------------------------+----+----+-----+-----------+
    |Total                               | 406|   0|  697|        291|
    +------------------------------------+----+----+-----+-----------+



================================================================
== Interface
================================================================
* Summary: 
+----------------------------+-----+-----+------------+-------------------+--------------+
|          RTL Ports         | Dir | Bits|  Protocol  |   Source Object   |    C Type    |
+----------------------------+-----+-----+------------+-------------------+--------------+
|ap_clk                      |  in |    1| ap_ctrl_hs |        cnn        | return value |
|ap_rst                      |  in |    1| ap_ctrl_hs |        cnn        | return value |
|ap_start                    |  in |    1| ap_ctrl_hs |        cnn        | return value |
|ap_done                     | out |    1| ap_ctrl_hs |        cnn        | return value |
|ap_idle                     | out |    1| ap_ctrl_hs |        cnn        | return value |
|ap_ready                    | out |    1| ap_ctrl_hs |        cnn        | return value |
|cnn_input_address0          | out |   10|  ap_memory |     cnn_input     |     array    |
|cnn_input_ce0               | out |    1|  ap_memory |     cnn_input     |     array    |
|cnn_input_q0                |  in |   32|  ap_memory |     cnn_input     |     array    |
|prediction_output_address0  | out |    4|  ap_memory | prediction_output |     array    |
|prediction_output_ce0       | out |    1|  ap_memory | prediction_output |     array    |
|prediction_output_we0       | out |    1|  ap_memory | prediction_output |     array    |
|prediction_output_d0        | out |   32|  ap_memory | prediction_output |     array    |
+----------------------------+-----+-----+------------+-------------------+--------------+

