

================================================================
== Vivado HLS Report for 'max_pool'
================================================================
* Date:           Tue Apr 16 02:03:57 2024

* Version:        2019.1 (Build 2552052 on Fri May 24 15:28:33 MDT 2019)
* Project:        maxpool
* Solution:       S19
* Product family: zynq
* Target device:  xc7z020-clg400-1


================================================================
== Performance Estimates
================================================================
+ Timing (ns): 
    * Summary: 
    +--------+-------+----------+------------+
    |  Clock | Target| Estimated| Uncertainty|
    +--------+-------+----------+------------+
    |ap_clk  |  20.00|    11.013|        2.50|
    +--------+-------+----------+------------+

+ Latency (clock cycles): 
    * Summary: 
    +------+------+------+------+---------+
    |   Latency   |   Interval  | Pipeline|
    |  min |  max |  min |  max |   Type  |
    +------+------+------+------+---------+
    |  2031|  2031|  2031|  2031|   none  |
    +------+------+------+------+---------+

    + Detail: 
        * Instance: 
        N/A

        * Loop: 
        +------------------------+------+------+----------+-----------+-----------+------+----------+
        |                        |   Latency   | Iteration|  Initiation Interval  | Trip |          |
        |        Loop Name       |  min |  max |  Latency |  achieved |   target  | Count| Pipelined|
        +------------------------+------+------+----------+-----------+-----------+------+----------+
        |- Filter_Loop_Row_Loop  |  2029|  2029|        28|         26|          1|    78|    yes   |
        +------------------------+------+------+----------+-----------+-----------+------+----------+



================================================================
== Utilization Estimates
================================================================
* Summary: 
+-----------------+---------+-------+--------+-------+-----+
|       Name      | BRAM_18K| DSP48E|   FF   |  LUT  | URAM|
+-----------------+---------+-------+--------+-------+-----+
|DSP              |        -|      -|       -|      -|    -|
|Expression       |        -|      0|       0|   5475|    -|
|FIFO             |        -|      -|       -|      -|    -|
|Instance         |        -|      0|     132|    544|    -|
|Memory           |        -|      -|       -|      -|    -|
|Multiplexer      |        -|      -|       -|   1902|    -|
|Register         |        -|      -|    1472|      -|    -|
+-----------------+---------+-------+--------+-------+-----+
|Total            |        0|      0|    1604|   7921|    0|
+-----------------+---------+-------+--------+-------+-----+
|Available        |      280|    220|  106400|  53200|    0|
+-----------------+---------+-------+--------+-------+-----+
|Utilization (%)  |        0|      0|       1|     14|    0|
+-----------------+---------+-------+--------+-------+-----+

+ Detail: 
    * Instance: 
    +-------------------------+----------------------+---------+-------+----+-----+-----+
    |         Instance        |        Module        | BRAM_18K| DSP48E| FF | LUT | URAM|
    +-------------------------+----------------------+---------+-------+----+-----+-----+
    |max_pool_fcmp_32nbkb_U1  |max_pool_fcmp_32nbkb  |        0|      0|  66|  239|    0|
    |max_pool_fcmp_32nbkb_U2  |max_pool_fcmp_32nbkb  |        0|      0|  66|  239|    0|
    |max_pool_mux_63_3cud_U3  |max_pool_mux_63_3cud  |        0|      0|   0|   33|    0|
    |max_pool_mux_63_3cud_U4  |max_pool_mux_63_3cud  |        0|      0|   0|   33|    0|
    +-------------------------+----------------------+---------+-------+----+-----+-----+
    |Total                    |                      |        0|      0| 132|  544|    0|
    +-------------------------+----------------------+---------+-------+----+-----+-----+

    * DSP48E: 
    N/A

    * Memory: 
    N/A

    * FIFO: 
    N/A

    * Expression: 
    +---------------------------+----------+-------+---+----+------------+------------+
    |       Variable Name       | Operation| DSP48E| FF| LUT| Bitwidth P0| Bitwidth P1|
    +---------------------------+----------+-------+---+----+------------+------------+
    |mul_ln29_1_fu_3095_p2      |     *    |      0|  0|  17|           5|           5|
    |mul_ln29_fu_3020_p2        |     *    |      0|  0|  17|           5|           5|
    |add_ln10_fu_2974_p2        |     +    |      0|  0|  15|           7|           1|
    |add_ln29_10_fu_3250_p2     |     +    |      0|  0|  14|           4|          10|
    |add_ln29_11_fu_4265_p2     |     +    |      0|  0|  14|           4|          10|
    |add_ln29_12_fu_3365_p2     |     +    |      0|  0|  14|           5|          10|
    |add_ln29_13_fu_4280_p2     |     +    |      0|  0|  14|           5|          10|
    |add_ln29_14_fu_3380_p2     |     +    |      0|  0|  14|           5|          10|
    |add_ln29_15_fu_4475_p2     |     +    |      0|  0|  14|           5|          10|
    |add_ln29_16_fu_3495_p2     |     +    |      0|  0|  14|           5|          10|
    |add_ln29_17_fu_4490_p2     |     +    |      0|  0|  14|           5|          10|
    |add_ln29_18_fu_3510_p2     |     +    |      0|  0|  14|           5|          10|
    |add_ln29_19_fu_4685_p2     |     +    |      0|  0|  14|           5|          10|
    |add_ln29_1_fu_3770_p2      |     +    |      0|  0|  14|           3|          10|
    |add_ln29_20_fu_3640_p2     |     +    |      0|  0|  14|           5|          10|
    |add_ln29_21_fu_4700_p2     |     +    |      0|  0|  14|           5|          10|
    |add_ln29_22_fu_4904_p2     |     +    |      0|  0|  14|           2|          10|
    |add_ln29_23_fu_6359_p2     |     +    |      0|  0|  14|           2|          10|
    |add_ln29_24_fu_5099_p2     |     +    |      0|  0|  14|           3|          10|
    |add_ln29_25_fu_6374_p2     |     +    |      0|  0|  14|           3|          10|
    |add_ln29_26_fu_5114_p2     |     +    |      0|  0|  14|           3|          10|
    |add_ln29_27_fu_6603_p2     |     +    |      0|  0|  14|           3|          10|
    |add_ln29_28_fu_5309_p2     |     +    |      0|  0|  14|           4|          10|
    |add_ln29_29_fu_6618_p2     |     +    |      0|  0|  14|           4|          10|
    |add_ln29_2_fu_3071_p2      |     +    |      0|  0|  14|           3|          10|
    |add_ln29_30_fu_5324_p2     |     +    |      0|  0|  14|           4|          10|
    |add_ln29_31_fu_6814_p2     |     +    |      0|  0|  14|           4|          10|
    |add_ln29_32_fu_5519_p2     |     +    |      0|  0|  14|           4|          10|
    |add_ln29_33_fu_6829_p2     |     +    |      0|  0|  14|           4|          10|
    |add_ln29_34_fu_5534_p2     |     +    |      0|  0|  14|           4|          10|
    |add_ln29_35_fu_7026_p2     |     +    |      0|  0|  14|           4|          10|
    |add_ln29_36_fu_5729_p2     |     +    |      0|  0|  14|           5|          10|
    |add_ln29_37_fu_7041_p2     |     +    |      0|  0|  14|           5|          10|
    |add_ln29_38_fu_5744_p2     |     +    |      0|  0|  14|           5|          10|
    |add_ln29_39_fu_7238_p2     |     +    |      0|  0|  14|           5|          10|
    |add_ln29_3_fu_3885_p2      |     +    |      0|  0|  14|           3|          10|
    |add_ln29_40_fu_5939_p2     |     +    |      0|  0|  14|           5|          10|
    |add_ln29_41_fu_7253_p2     |     +    |      0|  0|  14|           5|          10|
    |add_ln29_42_fu_5954_p2     |     +    |      0|  0|  14|           5|          10|
    |add_ln29_43_fu_7450_p2     |     +    |      0|  0|  14|           5|          10|
    |add_ln29_44_fu_6164_p2     |     +    |      0|  0|  14|           5|          10|
    |add_ln29_45_fu_7465_p2     |     +    |      0|  0|  14|           5|          10|
    |add_ln29_4_fu_3105_p2      |     +    |      0|  0|  14|           4|          10|
    |add_ln29_5_fu_3900_p2      |     +    |      0|  0|  14|           4|          10|
    |add_ln29_6_fu_3120_p2      |     +    |      0|  0|  14|           4|          10|
    |add_ln29_7_fu_4055_p2      |     +    |      0|  0|  14|           4|          10|
    |add_ln29_8_fu_3235_p2      |     +    |      0|  0|  14|           4|          10|
    |add_ln29_9_fu_4070_p2      |     +    |      0|  0|  14|           4|          10|
    |add_ln29_fu_3056_p2        |     +    |      0|  0|  14|           3|          10|
    |add_ln36_fu_6592_p2        |     +    |      0|  0|   8|           8|           8|
    |f_fu_2980_p2               |     +    |      0|  0|  12|           1|           3|
    |r_fu_7662_p2               |     +    |      0|  0|  13|           1|           4|
    |sub_ln36_fu_6586_p2        |     -    |      0|  0|   8|           8|           8|
    |and_ln29_10_fu_5500_p2     |    and   |      0|  0|   2|           1|           1|
    |and_ln29_11_fu_5506_p2     |    and   |      0|  0|   2|           1|           1|
    |and_ln29_12_fu_6915_p2     |    and   |      0|  0|   2|           1|           1|
    |and_ln29_13_fu_6921_p2     |    and   |      0|  0|   2|           1|           1|
    |and_ln29_14_fu_3301_p2     |    and   |      0|  0|   2|           1|           1|
    |and_ln29_15_fu_4246_p2     |    and   |      0|  0|   2|           1|           1|
    |and_ln29_16_fu_4252_p2     |    and   |      0|  0|   2|           1|           1|
    |and_ln29_17_fu_5620_p2     |    and   |      0|  0|   2|           1|           1|
    |and_ln29_18_fu_5626_p2     |    and   |      0|  0|   2|           1|           1|
    |and_ln29_19_fu_7006_p2     |    and   |      0|  0|   2|           1|           1|
    |and_ln29_1_fu_3986_p2      |    and   |      0|  0|   2|           1|           1|
    |and_ln29_20_fu_7012_p2     |    and   |      0|  0|   2|           1|           1|
    |and_ln29_21_fu_3351_p2     |    and   |      0|  0|   2|           1|           1|
    |and_ln29_22_fu_4366_p2     |    and   |      0|  0|   2|           1|           1|
    |and_ln29_23_fu_4372_p2     |    and   |      0|  0|   2|           1|           1|
    |and_ln29_24_fu_5710_p2     |    and   |      0|  0|   2|           1|           1|
    |and_ln29_25_fu_5716_p2     |    and   |      0|  0|   2|           1|           1|
    |and_ln29_26_fu_7127_p2     |    and   |      0|  0|   2|           1|           1|
    |and_ln29_27_fu_7133_p2     |    and   |      0|  0|   2|           1|           1|
    |and_ln29_28_fu_3431_p2     |    and   |      0|  0|   2|           1|           1|
    |and_ln29_29_fu_4456_p2     |    and   |      0|  0|   2|           1|           1|
    |and_ln29_2_fu_3992_p2      |    and   |      0|  0|   2|           1|           1|
    |and_ln29_30_fu_4462_p2     |    and   |      0|  0|   2|           1|           1|
    |and_ln29_31_fu_5830_p2     |    and   |      0|  0|   2|           1|           1|
    |and_ln29_32_fu_5836_p2     |    and   |      0|  0|   2|           1|           1|
    |and_ln29_33_fu_7218_p2     |    and   |      0|  0|   2|           1|           1|
    |and_ln29_34_fu_7224_p2     |    and   |      0|  0|   2|           1|           1|
    |and_ln29_35_fu_3481_p2     |    and   |      0|  0|   2|           1|           1|
    |and_ln29_36_fu_4576_p2     |    and   |      0|  0|   2|           1|           1|
    |and_ln29_37_fu_4582_p2     |    and   |      0|  0|   2|           1|           1|
    |and_ln29_38_fu_5920_p2     |    and   |      0|  0|   2|           1|           1|
    |and_ln29_39_fu_5926_p2     |    and   |      0|  0|   2|           1|           1|
    |and_ln29_3_fu_5410_p2      |    and   |      0|  0|   2|           1|           1|
    |and_ln29_40_fu_7339_p2     |    and   |      0|  0|   2|           1|           1|
    |and_ln29_41_fu_7345_p2     |    and   |      0|  0|   2|           1|           1|
    |and_ln29_42_fu_3561_p2     |    and   |      0|  0|   2|           1|           1|
    |and_ln29_43_fu_4666_p2     |    and   |      0|  0|   2|           1|           1|
    |and_ln29_44_fu_4672_p2     |    and   |      0|  0|   2|           1|           1|
    |and_ln29_45_fu_6040_p2     |    and   |      0|  0|   2|           1|           1|
    |and_ln29_46_fu_6046_p2     |    and   |      0|  0|   2|           1|           1|
    |and_ln29_47_fu_7430_p2     |    and   |      0|  0|   2|           1|           1|
    |and_ln29_48_fu_7436_p2     |    and   |      0|  0|   2|           1|           1|
    |and_ln29_49_fu_3611_p2     |    and   |      0|  0|   2|           1|           1|
    |and_ln29_4_fu_5416_p2      |    and   |      0|  0|   2|           1|           1|
    |and_ln29_50_fu_4786_p2     |    and   |      0|  0|   2|           1|           1|
    |and_ln29_51_fu_4792_p2     |    and   |      0|  0|   2|           1|           1|
    |and_ln29_52_fu_6130_p2     |    and   |      0|  0|   2|           1|           1|
    |and_ln29_53_fu_6136_p2     |    and   |      0|  0|   2|           1|           1|
    |and_ln29_54_fu_7551_p2     |    and   |      0|  0|   2|           1|           1|
    |and_ln29_55_fu_7557_p2     |    and   |      0|  0|   2|           1|           1|
    |and_ln29_56_fu_3691_p2     |    and   |      0|  0|   2|           1|           1|
    |and_ln29_57_fu_4876_p2     |    and   |      0|  0|   2|           1|           1|
    |and_ln29_58_fu_4882_p2     |    and   |      0|  0|   2|           1|           1|
    |and_ln29_59_fu_6250_p2     |    and   |      0|  0|   2|           1|           1|
    |and_ln29_5_fu_6704_p2      |    and   |      0|  0|   2|           1|           1|
    |and_ln29_60_fu_6256_p2     |    and   |      0|  0|   2|           1|           1|
    |and_ln29_61_fu_7642_p2     |    and   |      0|  0|   2|           1|           1|
    |and_ln29_62_fu_7648_p2     |    and   |      0|  0|   2|           1|           1|
    |and_ln29_63_fu_3741_p2     |    and   |      0|  0|   2|           1|           1|
    |and_ln29_64_fu_4990_p2     |    and   |      0|  0|   2|           1|           1|
    |and_ln29_65_fu_4996_p2     |    and   |      0|  0|   2|           1|           1|
    |and_ln29_66_fu_6340_p2     |    and   |      0|  0|   2|           1|           1|
    |and_ln29_67_fu_6346_p2     |    and   |      0|  0|   2|           1|           1|
    |and_ln29_68_fu_7738_p2     |    and   |      0|  0|   2|           1|           1|
    |and_ln29_69_fu_7744_p2     |    and   |      0|  0|   2|           1|           1|
    |and_ln29_6_fu_6710_p2      |    and   |      0|  0|   2|           1|           1|
    |and_ln29_70_fu_3821_p2     |    and   |      0|  0|   2|           1|           1|
    |and_ln29_71_fu_5080_p2     |    and   |      0|  0|   2|           1|           1|
    |and_ln29_72_fu_5086_p2     |    and   |      0|  0|   2|           1|           1|
    |and_ln29_73_fu_6460_p2     |    and   |      0|  0|   2|           1|           1|
    |and_ln29_74_fu_6466_p2     |    and   |      0|  0|   2|           1|           1|
    |and_ln29_75_fu_7829_p2     |    and   |      0|  0|   2|           1|           1|
    |and_ln29_76_fu_7835_p2     |    and   |      0|  0|   2|           1|           1|
    |and_ln29_77_fu_3871_p2     |    and   |      0|  0|   2|           1|           1|
    |and_ln29_78_fu_5200_p2     |    and   |      0|  0|   2|           1|           1|
    |and_ln29_79_fu_5206_p2     |    and   |      0|  0|   2|           1|           1|
    |and_ln29_7_fu_3221_p2      |    and   |      0|  0|   2|           1|           1|
    |and_ln29_80_fu_6550_p2     |    and   |      0|  0|   2|           1|           1|
    |and_ln29_81_fu_6556_p2     |    and   |      0|  0|   2|           1|           1|
    |and_ln29_82_fu_7920_p2     |    and   |      0|  0|   2|           1|           1|
    |and_ln29_83_fu_7926_p2     |    and   |      0|  0|   2|           1|           1|
    |and_ln29_84_fu_4041_p2     |    and   |      0|  0|   2|           1|           1|
    |and_ln29_85_fu_5290_p2     |    and   |      0|  0|   2|           1|           1|
    |and_ln29_86_fu_5296_p2     |    and   |      0|  0|   2|           1|           1|
    |and_ln29_87_fu_6795_p2     |    and   |      0|  0|   2|           1|           1|
    |and_ln29_88_fu_6801_p2     |    and   |      0|  0|   2|           1|           1|
    |and_ln29_89_fu_8011_p2     |    and   |      0|  0|   2|           1|           1|
    |and_ln29_8_fu_4156_p2      |    and   |      0|  0|   2|           1|           1|
    |and_ln29_90_fu_8017_p2     |    and   |      0|  0|   2|           1|           1|
    |and_ln29_9_fu_4162_p2      |    and   |      0|  0|   2|           1|           1|
    |and_ln29_fu_3171_p2        |    and   |      0|  0|   2|           1|           1|
    |icmp_ln10_fu_2968_p2       |   icmp   |      0|  0|  11|           7|           7|
    |icmp_ln13_fu_2986_p2       |   icmp   |      0|  0|   9|           4|           3|
    |icmp_ln29_100_fu_4750_p2   |   icmp   |      0|  0|  11|           8|           2|
    |icmp_ln29_101_fu_4756_p2   |   icmp   |      0|  0|  18|          23|           1|
    |icmp_ln29_102_fu_4768_p2   |   icmp   |      0|  0|  11|           8|           2|
    |icmp_ln29_103_fu_4774_p2   |   icmp   |      0|  0|  18|          23|           1|
    |icmp_ln29_104_fu_6094_p2   |   icmp   |      0|  0|  11|           8|           2|
    |icmp_ln29_105_fu_6100_p2   |   icmp   |      0|  0|  18|          23|           1|
    |icmp_ln29_106_fu_6112_p2   |   icmp   |      0|  0|  11|           8|           2|
    |icmp_ln29_107_fu_6118_p2   |   icmp   |      0|  0|  18|          23|           1|
    |icmp_ln29_108_fu_7515_p2   |   icmp   |      0|  0|  11|           8|           2|
    |icmp_ln29_109_fu_7521_p2   |   icmp   |      0|  0|  18|          23|           1|
    |icmp_ln29_10_fu_6668_p2    |   icmp   |      0|  0|  11|           8|           2|
    |icmp_ln29_110_fu_7533_p2   |   icmp   |      0|  0|  11|           8|           2|
    |icmp_ln29_111_fu_7539_p2   |   icmp   |      0|  0|  18|          23|           1|
    |icmp_ln29_112_fu_3673_p2   |   icmp   |      0|  0|  11|           8|           2|
    |icmp_ln29_113_fu_3679_p2   |   icmp   |      0|  0|  18|          23|           1|
    |icmp_ln29_114_fu_4840_p2   |   icmp   |      0|  0|  11|           8|           2|
    |icmp_ln29_115_fu_4846_p2   |   icmp   |      0|  0|  18|          23|           1|
    |icmp_ln29_116_fu_4858_p2   |   icmp   |      0|  0|  11|           8|           2|
    |icmp_ln29_117_fu_4864_p2   |   icmp   |      0|  0|  18|          23|           1|
    |icmp_ln29_118_fu_6214_p2   |   icmp   |      0|  0|  11|           8|           2|
    |icmp_ln29_119_fu_6220_p2   |   icmp   |      0|  0|  18|          23|           1|
    |icmp_ln29_11_fu_6674_p2    |   icmp   |      0|  0|  18|          23|           1|
    |icmp_ln29_120_fu_6232_p2   |   icmp   |      0|  0|  11|           8|           2|
    |icmp_ln29_121_fu_6238_p2   |   icmp   |      0|  0|  18|          23|           1|
    |icmp_ln29_122_fu_7606_p2   |   icmp   |      0|  0|  11|           8|           2|
    |icmp_ln29_123_fu_7612_p2   |   icmp   |      0|  0|  18|          23|           1|
    |icmp_ln29_124_fu_7624_p2   |   icmp   |      0|  0|  11|           8|           2|
    |icmp_ln29_125_fu_7630_p2   |   icmp   |      0|  0|  18|          23|           1|
    |icmp_ln29_126_fu_3723_p2   |   icmp   |      0|  0|  11|           8|           2|
    |icmp_ln29_127_fu_3729_p2   |   icmp   |      0|  0|  18|          23|           1|
    |icmp_ln29_128_fu_4954_p2   |   icmp   |      0|  0|  11|           8|           2|
    |icmp_ln29_129_fu_4960_p2   |   icmp   |      0|  0|  18|          23|           1|
    |icmp_ln29_12_fu_6686_p2    |   icmp   |      0|  0|  11|           8|           2|
    |icmp_ln29_130_fu_4972_p2   |   icmp   |      0|  0|  11|           8|           2|
    |icmp_ln29_131_fu_4978_p2   |   icmp   |      0|  0|  18|          23|           1|
    |icmp_ln29_132_fu_6304_p2   |   icmp   |      0|  0|  11|           8|           2|
    |icmp_ln29_133_fu_6310_p2   |   icmp   |      0|  0|  18|          23|           1|
    |icmp_ln29_134_fu_6322_p2   |   icmp   |      0|  0|  11|           8|           2|
    |icmp_ln29_135_fu_6328_p2   |   icmp   |      0|  0|  18|          23|           1|
    |icmp_ln29_136_fu_7702_p2   |   icmp   |      0|  0|  11|           8|           2|
    |icmp_ln29_137_fu_7708_p2   |   icmp   |      0|  0|  18|          23|           1|
    |icmp_ln29_138_fu_7720_p2   |   icmp   |      0|  0|  11|           8|           2|
    |icmp_ln29_139_fu_7726_p2   |   icmp   |      0|  0|  18|          23|           1|
    |icmp_ln29_13_fu_6692_p2    |   icmp   |      0|  0|  18|          23|           1|
    |icmp_ln29_140_fu_3803_p2   |   icmp   |      0|  0|  11|           8|           2|
    |icmp_ln29_141_fu_3809_p2   |   icmp   |      0|  0|  18|          23|           1|
    |icmp_ln29_142_fu_5044_p2   |   icmp   |      0|  0|  11|           8|           2|
    |icmp_ln29_143_fu_5050_p2   |   icmp   |      0|  0|  18|          23|           1|
    |icmp_ln29_144_fu_5062_p2   |   icmp   |      0|  0|  11|           8|           2|
    |icmp_ln29_145_fu_5068_p2   |   icmp   |      0|  0|  18|          23|           1|
    |icmp_ln29_146_fu_6424_p2   |   icmp   |      0|  0|  11|           8|           2|
    |icmp_ln29_147_fu_6430_p2   |   icmp   |      0|  0|  18|          23|           1|
    |icmp_ln29_148_fu_6442_p2   |   icmp   |      0|  0|  11|           8|           2|
    |icmp_ln29_149_fu_6448_p2   |   icmp   |      0|  0|  18|          23|           1|
    |icmp_ln29_14_fu_3203_p2    |   icmp   |      0|  0|  11|           8|           2|
    |icmp_ln29_150_fu_7793_p2   |   icmp   |      0|  0|  11|           8|           2|
    |icmp_ln29_151_fu_7799_p2   |   icmp   |      0|  0|  18|          23|           1|
    |icmp_ln29_152_fu_7811_p2   |   icmp   |      0|  0|  11|           8|           2|
    |icmp_ln29_153_fu_7817_p2   |   icmp   |      0|  0|  18|          23|           1|
    |icmp_ln29_154_fu_3853_p2   |   icmp   |      0|  0|  11|           8|           2|
    |icmp_ln29_155_fu_3859_p2   |   icmp   |      0|  0|  18|          23|           1|
    |icmp_ln29_156_fu_5164_p2   |   icmp   |      0|  0|  11|           8|           2|
    |icmp_ln29_157_fu_5170_p2   |   icmp   |      0|  0|  18|          23|           1|
    |icmp_ln29_158_fu_5182_p2   |   icmp   |      0|  0|  11|           8|           2|
    |icmp_ln29_159_fu_5188_p2   |   icmp   |      0|  0|  18|          23|           1|
    |icmp_ln29_15_fu_3209_p2    |   icmp   |      0|  0|  18|          23|           1|
    |icmp_ln29_160_fu_6514_p2   |   icmp   |      0|  0|  11|           8|           2|
    |icmp_ln29_161_fu_6520_p2   |   icmp   |      0|  0|  18|          23|           1|
    |icmp_ln29_162_fu_6532_p2   |   icmp   |      0|  0|  11|           8|           2|
    |icmp_ln29_163_fu_6538_p2   |   icmp   |      0|  0|  18|          23|           1|
    |icmp_ln29_164_fu_7884_p2   |   icmp   |      0|  0|  11|           8|           2|
    |icmp_ln29_165_fu_7890_p2   |   icmp   |      0|  0|  18|          23|           1|
    |icmp_ln29_166_fu_7902_p2   |   icmp   |      0|  0|  11|           8|           2|
    |icmp_ln29_167_fu_7908_p2   |   icmp   |      0|  0|  18|          23|           1|
    |icmp_ln29_168_fu_4023_p2   |   icmp   |      0|  0|  11|           8|           2|
    |icmp_ln29_169_fu_4029_p2   |   icmp   |      0|  0|  18|          23|           1|
    |icmp_ln29_16_fu_4120_p2    |   icmp   |      0|  0|  11|           8|           2|
    |icmp_ln29_170_fu_5254_p2   |   icmp   |      0|  0|  11|           8|           2|
    |icmp_ln29_171_fu_5260_p2   |   icmp   |      0|  0|  18|          23|           1|
    |icmp_ln29_172_fu_5272_p2   |   icmp   |      0|  0|  11|           8|           2|
    |icmp_ln29_173_fu_5278_p2   |   icmp   |      0|  0|  18|          23|           1|
    |icmp_ln29_174_fu_6759_p2   |   icmp   |      0|  0|  11|           8|           2|
    |icmp_ln29_175_fu_6765_p2   |   icmp   |      0|  0|  18|          23|           1|
    |icmp_ln29_176_fu_6777_p2   |   icmp   |      0|  0|  11|           8|           2|
    |icmp_ln29_177_fu_6783_p2   |   icmp   |      0|  0|  18|          23|           1|
    |icmp_ln29_178_fu_7975_p2   |   icmp   |      0|  0|  11|           8|           2|
    |icmp_ln29_179_fu_7981_p2   |   icmp   |      0|  0|  18|          23|           1|
    |icmp_ln29_17_fu_4126_p2    |   icmp   |      0|  0|  18|          23|           1|
    |icmp_ln29_180_fu_7993_p2   |   icmp   |      0|  0|  11|           8|           2|
    |icmp_ln29_181_fu_7999_p2   |   icmp   |      0|  0|  18|          23|           1|
    |icmp_ln29_18_fu_4138_p2    |   icmp   |      0|  0|  11|           8|           2|
    |icmp_ln29_19_fu_4144_p2    |   icmp   |      0|  0|  18|          23|           1|
    |icmp_ln29_1_fu_3159_p2     |   icmp   |      0|  0|  18|          23|           1|
    |icmp_ln29_20_fu_5464_p2    |   icmp   |      0|  0|  11|           8|           2|
    |icmp_ln29_21_fu_5470_p2    |   icmp   |      0|  0|  18|          23|           1|
    |icmp_ln29_22_fu_5482_p2    |   icmp   |      0|  0|  11|           8|           2|
    |icmp_ln29_23_fu_5488_p2    |   icmp   |      0|  0|  18|          23|           1|
    |icmp_ln29_24_fu_6879_p2    |   icmp   |      0|  0|  11|           8|           2|
    |icmp_ln29_25_fu_6885_p2    |   icmp   |      0|  0|  18|          23|           1|
    |icmp_ln29_26_fu_6897_p2    |   icmp   |      0|  0|  11|           8|           2|
    |icmp_ln29_27_fu_6903_p2    |   icmp   |      0|  0|  18|          23|           1|
    |icmp_ln29_28_fu_3283_p2    |   icmp   |      0|  0|  11|           8|           2|
    |icmp_ln29_29_fu_3289_p2    |   icmp   |      0|  0|  18|          23|           1|
    |icmp_ln29_2_fu_3950_p2     |   icmp   |      0|  0|  11|           8|           2|
    |icmp_ln29_30_fu_4210_p2    |   icmp   |      0|  0|  11|           8|           2|
    |icmp_ln29_31_fu_4216_p2    |   icmp   |      0|  0|  18|          23|           1|
    |icmp_ln29_32_fu_4228_p2    |   icmp   |      0|  0|  11|           8|           2|
    |icmp_ln29_33_fu_4234_p2    |   icmp   |      0|  0|  18|          23|           1|
    |icmp_ln29_34_fu_5584_p2    |   icmp   |      0|  0|  11|           8|           2|
    |icmp_ln29_35_fu_5590_p2    |   icmp   |      0|  0|  18|          23|           1|
    |icmp_ln29_36_fu_5602_p2    |   icmp   |      0|  0|  11|           8|           2|
    |icmp_ln29_37_fu_5608_p2    |   icmp   |      0|  0|  18|          23|           1|
    |icmp_ln29_38_fu_6970_p2    |   icmp   |      0|  0|  11|           8|           2|
    |icmp_ln29_39_fu_6976_p2    |   icmp   |      0|  0|  18|          23|           1|
    |icmp_ln29_3_fu_3956_p2     |   icmp   |      0|  0|  18|          23|           1|
    |icmp_ln29_40_fu_6988_p2    |   icmp   |      0|  0|  11|           8|           2|
    |icmp_ln29_41_fu_6994_p2    |   icmp   |      0|  0|  18|          23|           1|
    |icmp_ln29_42_fu_3333_p2    |   icmp   |      0|  0|  11|           8|           2|
    |icmp_ln29_43_fu_3339_p2    |   icmp   |      0|  0|  18|          23|           1|
    |icmp_ln29_44_fu_4330_p2    |   icmp   |      0|  0|  11|           8|           2|
    |icmp_ln29_45_fu_4336_p2    |   icmp   |      0|  0|  18|          23|           1|
    |icmp_ln29_46_fu_4348_p2    |   icmp   |      0|  0|  11|           8|           2|
    |icmp_ln29_47_fu_4354_p2    |   icmp   |      0|  0|  18|          23|           1|
    |icmp_ln29_48_fu_5674_p2    |   icmp   |      0|  0|  11|           8|           2|
    |icmp_ln29_49_fu_5680_p2    |   icmp   |      0|  0|  18|          23|           1|
    |icmp_ln29_4_fu_3968_p2     |   icmp   |      0|  0|  11|           8|           2|
    |icmp_ln29_50_fu_5692_p2    |   icmp   |      0|  0|  11|           8|           2|
    |icmp_ln29_51_fu_5698_p2    |   icmp   |      0|  0|  18|          23|           1|
    |icmp_ln29_52_fu_7091_p2    |   icmp   |      0|  0|  11|           8|           2|
    |icmp_ln29_53_fu_7097_p2    |   icmp   |      0|  0|  18|          23|           1|
    |icmp_ln29_54_fu_7109_p2    |   icmp   |      0|  0|  11|           8|           2|
    |icmp_ln29_55_fu_7115_p2    |   icmp   |      0|  0|  18|          23|           1|
    |icmp_ln29_56_fu_3413_p2    |   icmp   |      0|  0|  11|           8|           2|
    |icmp_ln29_57_fu_3419_p2    |   icmp   |      0|  0|  18|          23|           1|
    |icmp_ln29_58_fu_4420_p2    |   icmp   |      0|  0|  11|           8|           2|
    |icmp_ln29_59_fu_4426_p2    |   icmp   |      0|  0|  18|          23|           1|
    |icmp_ln29_5_fu_3974_p2     |   icmp   |      0|  0|  18|          23|           1|
    |icmp_ln29_60_fu_4438_p2    |   icmp   |      0|  0|  11|           8|           2|
    |icmp_ln29_61_fu_4444_p2    |   icmp   |      0|  0|  18|          23|           1|
    |icmp_ln29_62_fu_5794_p2    |   icmp   |      0|  0|  11|           8|           2|
    |icmp_ln29_63_fu_5800_p2    |   icmp   |      0|  0|  18|          23|           1|
    |icmp_ln29_64_fu_5812_p2    |   icmp   |      0|  0|  11|           8|           2|
    |icmp_ln29_65_fu_5818_p2    |   icmp   |      0|  0|  18|          23|           1|
    |icmp_ln29_66_fu_7182_p2    |   icmp   |      0|  0|  11|           8|           2|
    |icmp_ln29_67_fu_7188_p2    |   icmp   |      0|  0|  18|          23|           1|
    |icmp_ln29_68_fu_7200_p2    |   icmp   |      0|  0|  11|           8|           2|
    |icmp_ln29_69_fu_7206_p2    |   icmp   |      0|  0|  18|          23|           1|
    |icmp_ln29_6_fu_5374_p2     |   icmp   |      0|  0|  11|           8|           2|
    |icmp_ln29_70_fu_3463_p2    |   icmp   |      0|  0|  11|           8|           2|
    |icmp_ln29_71_fu_3469_p2    |   icmp   |      0|  0|  18|          23|           1|
    |icmp_ln29_72_fu_4540_p2    |   icmp   |      0|  0|  11|           8|           2|
    |icmp_ln29_73_fu_4546_p2    |   icmp   |      0|  0|  18|          23|           1|
    |icmp_ln29_74_fu_4558_p2    |   icmp   |      0|  0|  11|           8|           2|
    |icmp_ln29_75_fu_4564_p2    |   icmp   |      0|  0|  18|          23|           1|
    |icmp_ln29_76_fu_5884_p2    |   icmp   |      0|  0|  11|           8|           2|
    |icmp_ln29_77_fu_5890_p2    |   icmp   |      0|  0|  18|          23|           1|
    |icmp_ln29_78_fu_5902_p2    |   icmp   |      0|  0|  11|           8|           2|
    |icmp_ln29_79_fu_5908_p2    |   icmp   |      0|  0|  18|          23|           1|
    |icmp_ln29_7_fu_5380_p2     |   icmp   |      0|  0|  18|          23|           1|
    |icmp_ln29_80_fu_7303_p2    |   icmp   |      0|  0|  11|           8|           2|
    |icmp_ln29_81_fu_7309_p2    |   icmp   |      0|  0|  18|          23|           1|
    |icmp_ln29_82_fu_7321_p2    |   icmp   |      0|  0|  11|           8|           2|
    |icmp_ln29_83_fu_7327_p2    |   icmp   |      0|  0|  18|          23|           1|
    |icmp_ln29_84_fu_3543_p2    |   icmp   |      0|  0|  11|           8|           2|
    |icmp_ln29_85_fu_3549_p2    |   icmp   |      0|  0|  18|          23|           1|
    |icmp_ln29_86_fu_4630_p2    |   icmp   |      0|  0|  11|           8|           2|
    |icmp_ln29_87_fu_4636_p2    |   icmp   |      0|  0|  18|          23|           1|
    |icmp_ln29_88_fu_4648_p2    |   icmp   |      0|  0|  11|           8|           2|
    |icmp_ln29_89_fu_4654_p2    |   icmp   |      0|  0|  18|          23|           1|
    |icmp_ln29_8_fu_5392_p2     |   icmp   |      0|  0|  11|           8|           2|
    |icmp_ln29_90_fu_6004_p2    |   icmp   |      0|  0|  11|           8|           2|
    |icmp_ln29_91_fu_6010_p2    |   icmp   |      0|  0|  18|          23|           1|
    |icmp_ln29_92_fu_6022_p2    |   icmp   |      0|  0|  11|           8|           2|
    |icmp_ln29_93_fu_6028_p2    |   icmp   |      0|  0|  18|          23|           1|
    |icmp_ln29_94_fu_7394_p2    |   icmp   |      0|  0|  11|           8|           2|
    |icmp_ln29_95_fu_7400_p2    |   icmp   |      0|  0|  18|          23|           1|
    |icmp_ln29_96_fu_7412_p2    |   icmp   |      0|  0|  11|           8|           2|
    |icmp_ln29_97_fu_7418_p2    |   icmp   |      0|  0|  18|          23|           1|
    |icmp_ln29_98_fu_3593_p2    |   icmp   |      0|  0|  11|           8|           2|
    |icmp_ln29_99_fu_3599_p2    |   icmp   |      0|  0|  18|          23|           1|
    |icmp_ln29_9_fu_5398_p2     |   icmp   |      0|  0|  18|          23|           1|
    |icmp_ln29_fu_3153_p2       |   icmp   |      0|  0|  11|           8|           2|
    |or_ln26_fu_3086_p2         |    or    |      0|  0|   5|           5|           1|
    |or_ln29_10_fu_5476_p2      |    or    |      0|  0|   2|           1|           1|
    |or_ln29_11_fu_5494_p2      |    or    |      0|  0|   2|           1|           1|
    |or_ln29_12_fu_6891_p2      |    or    |      0|  0|   2|           1|           1|
    |or_ln29_13_fu_6909_p2      |    or    |      0|  0|   2|           1|           1|
    |or_ln29_14_fu_3295_p2      |    or    |      0|  0|   2|           1|           1|
    |or_ln29_15_fu_4222_p2      |    or    |      0|  0|   2|           1|           1|
    |or_ln29_16_fu_4240_p2      |    or    |      0|  0|   2|           1|           1|
    |or_ln29_17_fu_5596_p2      |    or    |      0|  0|   2|           1|           1|
    |or_ln29_18_fu_5614_p2      |    or    |      0|  0|   2|           1|           1|
    |or_ln29_19_fu_6982_p2      |    or    |      0|  0|   2|           1|           1|
    |or_ln29_1_fu_3962_p2       |    or    |      0|  0|   2|           1|           1|
    |or_ln29_20_fu_7000_p2      |    or    |      0|  0|   2|           1|           1|
    |or_ln29_21_fu_3345_p2      |    or    |      0|  0|   2|           1|           1|
    |or_ln29_22_fu_4342_p2      |    or    |      0|  0|   2|           1|           1|
    |or_ln29_23_fu_4360_p2      |    or    |      0|  0|   2|           1|           1|
    |or_ln29_24_fu_5686_p2      |    or    |      0|  0|   2|           1|           1|
    |or_ln29_25_fu_5704_p2      |    or    |      0|  0|   2|           1|           1|
    |or_ln29_26_fu_7103_p2      |    or    |      0|  0|   2|           1|           1|
    |or_ln29_27_fu_7121_p2      |    or    |      0|  0|   2|           1|           1|
    |or_ln29_28_fu_3425_p2      |    or    |      0|  0|   2|           1|           1|
    |or_ln29_29_fu_4432_p2      |    or    |      0|  0|   2|           1|           1|
    |or_ln29_2_fu_3980_p2       |    or    |      0|  0|   2|           1|           1|
    |or_ln29_30_fu_4450_p2      |    or    |      0|  0|   2|           1|           1|
    |or_ln29_31_fu_5806_p2      |    or    |      0|  0|   2|           1|           1|
    |or_ln29_32_fu_5824_p2      |    or    |      0|  0|   2|           1|           1|
    |or_ln29_33_fu_7194_p2      |    or    |      0|  0|   2|           1|           1|
    |or_ln29_34_fu_7212_p2      |    or    |      0|  0|   2|           1|           1|
    |or_ln29_35_fu_3475_p2      |    or    |      0|  0|   2|           1|           1|
    |or_ln29_36_fu_4552_p2      |    or    |      0|  0|   2|           1|           1|
    |or_ln29_37_fu_4570_p2      |    or    |      0|  0|   2|           1|           1|
    |or_ln29_38_fu_5896_p2      |    or    |      0|  0|   2|           1|           1|
    |or_ln29_39_fu_5914_p2      |    or    |      0|  0|   2|           1|           1|
    |or_ln29_3_fu_5386_p2       |    or    |      0|  0|   2|           1|           1|
    |or_ln29_40_fu_7315_p2      |    or    |      0|  0|   2|           1|           1|
    |or_ln29_41_fu_7333_p2      |    or    |      0|  0|   2|           1|           1|
    |or_ln29_42_fu_3555_p2      |    or    |      0|  0|   2|           1|           1|
    |or_ln29_43_fu_4642_p2      |    or    |      0|  0|   2|           1|           1|
    |or_ln29_44_fu_4660_p2      |    or    |      0|  0|   2|           1|           1|
    |or_ln29_45_fu_6016_p2      |    or    |      0|  0|   2|           1|           1|
    |or_ln29_46_fu_6034_p2      |    or    |      0|  0|   2|           1|           1|
    |or_ln29_47_fu_7406_p2      |    or    |      0|  0|   2|           1|           1|
    |or_ln29_48_fu_7424_p2      |    or    |      0|  0|   2|           1|           1|
    |or_ln29_49_fu_3605_p2      |    or    |      0|  0|   2|           1|           1|
    |or_ln29_4_fu_5404_p2       |    or    |      0|  0|   2|           1|           1|
    |or_ln29_50_fu_4762_p2      |    or    |      0|  0|   2|           1|           1|
    |or_ln29_51_fu_4780_p2      |    or    |      0|  0|   2|           1|           1|
    |or_ln29_52_fu_6106_p2      |    or    |      0|  0|   2|           1|           1|
    |or_ln29_53_fu_6124_p2      |    or    |      0|  0|   2|           1|           1|
    |or_ln29_54_fu_7527_p2      |    or    |      0|  0|   2|           1|           1|
    |or_ln29_55_fu_7545_p2      |    or    |      0|  0|   2|           1|           1|
    |or_ln29_56_fu_3685_p2      |    or    |      0|  0|   2|           1|           1|
    |or_ln29_57_fu_4852_p2      |    or    |      0|  0|   2|           1|           1|
    |or_ln29_58_fu_4870_p2      |    or    |      0|  0|   2|           1|           1|
    |or_ln29_59_fu_6226_p2      |    or    |      0|  0|   2|           1|           1|
    |or_ln29_5_fu_6680_p2       |    or    |      0|  0|   2|           1|           1|
    |or_ln29_60_fu_6244_p2      |    or    |      0|  0|   2|           1|           1|
    |or_ln29_61_fu_7618_p2      |    or    |      0|  0|   2|           1|           1|
    |or_ln29_62_fu_7636_p2      |    or    |      0|  0|   2|           1|           1|
    |or_ln29_63_fu_3735_p2      |    or    |      0|  0|   2|           1|           1|
    |or_ln29_64_fu_4966_p2      |    or    |      0|  0|   2|           1|           1|
    |or_ln29_65_fu_4984_p2      |    or    |      0|  0|   2|           1|           1|
    |or_ln29_66_fu_6316_p2      |    or    |      0|  0|   2|           1|           1|
    |or_ln29_67_fu_6334_p2      |    or    |      0|  0|   2|           1|           1|
    |or_ln29_68_fu_7714_p2      |    or    |      0|  0|   2|           1|           1|
    |or_ln29_69_fu_7732_p2      |    or    |      0|  0|   2|           1|           1|
    |or_ln29_6_fu_6698_p2       |    or    |      0|  0|   2|           1|           1|
    |or_ln29_70_fu_3815_p2      |    or    |      0|  0|   2|           1|           1|
    |or_ln29_71_fu_5056_p2      |    or    |      0|  0|   2|           1|           1|
    |or_ln29_72_fu_5074_p2      |    or    |      0|  0|   2|           1|           1|
    |or_ln29_73_fu_6436_p2      |    or    |      0|  0|   2|           1|           1|
    |or_ln29_74_fu_6454_p2      |    or    |      0|  0|   2|           1|           1|
    |or_ln29_75_fu_7805_p2      |    or    |      0|  0|   2|           1|           1|
    |or_ln29_76_fu_7823_p2      |    or    |      0|  0|   2|           1|           1|
    |or_ln29_77_fu_3865_p2      |    or    |      0|  0|   2|           1|           1|
    |or_ln29_78_fu_5176_p2      |    or    |      0|  0|   2|           1|           1|
    |or_ln29_79_fu_5194_p2      |    or    |      0|  0|   2|           1|           1|
    |or_ln29_7_fu_3215_p2       |    or    |      0|  0|   2|           1|           1|
    |or_ln29_80_fu_6526_p2      |    or    |      0|  0|   2|           1|           1|
    |or_ln29_81_fu_6544_p2      |    or    |      0|  0|   2|           1|           1|
    |or_ln29_82_fu_7896_p2      |    or    |      0|  0|   2|           1|           1|
    |or_ln29_83_fu_7914_p2      |    or    |      0|  0|   2|           1|           1|
    |or_ln29_84_fu_4035_p2      |    or    |      0|  0|   2|           1|           1|
    |or_ln29_85_fu_5266_p2      |    or    |      0|  0|   2|           1|           1|
    |or_ln29_86_fu_5284_p2      |    or    |      0|  0|   2|           1|           1|
    |or_ln29_87_fu_6771_p2      |    or    |      0|  0|   2|           1|           1|
    |or_ln29_88_fu_6789_p2      |    or    |      0|  0|   2|           1|           1|
    |or_ln29_89_fu_7987_p2      |    or    |      0|  0|   2|           1|           1|
    |or_ln29_8_fu_4132_p2       |    or    |      0|  0|   2|           1|           1|
    |or_ln29_90_fu_8005_p2      |    or    |      0|  0|   2|           1|           1|
    |or_ln29_91_fu_3625_p2      |    or    |      0|  0|  10|          10|           1|
    |or_ln29_92_fu_3040_p2      |    or    |      0|  0|  10|          10|           2|
    |or_ln29_93_fu_3755_p2      |    or    |      0|  0|  10|          10|           2|
    |or_ln29_94_fu_6149_p2      |    or    |      0|  0|  10|          10|           1|
    |or_ln29_9_fu_4150_p2       |    or    |      0|  0|   2|           1|           1|
    |or_ln29_fu_3165_p2         |    or    |      0|  0|   2|           1|           1|
    |max_pool_out_0_d0          |  select  |      0|  0|  32|           1|          32|
    |max_pool_out_10_d0         |  select  |      0|  0|  32|           1|          32|
    |max_pool_out_11_d0         |  select  |      0|  0|  32|           1|          32|
    |max_pool_out_12_d0         |  select  |      0|  0|  32|           1|          32|
    |max_pool_out_1_d0          |  select  |      0|  0|  32|           1|          32|
    |max_pool_out_2_d0          |  select  |      0|  0|  32|           1|          32|
    |max_pool_out_3_d0          |  select  |      0|  0|  32|           1|          32|
    |max_pool_out_4_d0          |  select  |      0|  0|  32|           1|          32|
    |max_pool_out_5_d0          |  select  |      0|  0|  32|           1|          32|
    |max_pool_out_6_d0          |  select  |      0|  0|  32|           1|          32|
    |max_pool_out_7_d0          |  select  |      0|  0|  32|           1|          32|
    |max_pool_out_8_d0          |  select  |      0|  0|  32|           1|          32|
    |max_pool_out_9_d0          |  select  |      0|  0|  32|           1|          32|
    |select_ln29_10_fu_5632_p3  |  select  |      0|  0|  32|           1|          32|
    |select_ln29_12_fu_3357_p3  |  select  |      0|  0|  32|           1|          32|
    |select_ln29_13_fu_4378_p3  |  select  |      0|  0|  32|           1|          32|
    |select_ln29_14_fu_5722_p3  |  select  |      0|  0|  32|           1|          32|
    |select_ln29_16_fu_3437_p3  |  select  |      0|  0|  32|           1|          32|
    |select_ln29_17_fu_4468_p3  |  select  |      0|  0|  32|           1|          32|
    |select_ln29_18_fu_5842_p3  |  select  |      0|  0|  32|           1|          32|
    |select_ln29_1_fu_3998_p3   |  select  |      0|  0|  32|           1|          32|
    |select_ln29_20_fu_3487_p3  |  select  |      0|  0|  32|           1|          32|
    |select_ln29_21_fu_4588_p3  |  select  |      0|  0|  32|           1|          32|
    |select_ln29_22_fu_5932_p3  |  select  |      0|  0|  32|           1|          32|
    |select_ln29_24_fu_3567_p3  |  select  |      0|  0|  32|           1|          32|
    |select_ln29_25_fu_4678_p3  |  select  |      0|  0|  32|           1|          32|
    |select_ln29_26_fu_6052_p3  |  select  |      0|  0|  32|           1|          32|
    |select_ln29_28_fu_3617_p3  |  select  |      0|  0|  32|           1|          32|
    |select_ln29_29_fu_4798_p3  |  select  |      0|  0|  32|           1|          32|
    |select_ln29_2_fu_5422_p3   |  select  |      0|  0|  32|           1|          32|
    |select_ln29_30_fu_6142_p3  |  select  |      0|  0|  32|           1|          32|
    |select_ln29_32_fu_3697_p3  |  select  |      0|  0|  32|           1|          32|
    |select_ln29_33_fu_4888_p3  |  select  |      0|  0|  32|           1|          32|
    |select_ln29_34_fu_6262_p3  |  select  |      0|  0|  32|           1|          32|
    |select_ln29_36_fu_3747_p3  |  select  |      0|  0|  32|           1|          32|
    |select_ln29_37_fu_5002_p3  |  select  |      0|  0|  32|           1|          32|
    |select_ln29_38_fu_6352_p3  |  select  |      0|  0|  32|           1|          32|
    |select_ln29_40_fu_3827_p3  |  select  |      0|  0|  32|           1|          32|
    |select_ln29_41_fu_5092_p3  |  select  |      0|  0|  32|           1|          32|
    |select_ln29_42_fu_6472_p3  |  select  |      0|  0|  32|           1|          32|
    |select_ln29_44_fu_3877_p3  |  select  |      0|  0|  32|           1|          32|
    |select_ln29_45_fu_5212_p3  |  select  |      0|  0|  32|           1|          32|
    |select_ln29_46_fu_6562_p3  |  select  |      0|  0|  32|           1|          32|
    |select_ln29_48_fu_4047_p3  |  select  |      0|  0|  32|           1|          32|
    |select_ln29_49_fu_5302_p3  |  select  |      0|  0|  32|           1|          32|
    |select_ln29_4_fu_3227_p3   |  select  |      0|  0|  32|           1|          32|
    |select_ln29_50_fu_6807_p3  |  select  |      0|  0|  32|           1|          32|
    |select_ln29_52_fu_2992_p3  |  select  |      0|  0|   4|           1|           1|
    |select_ln29_53_fu_3000_p3  |  select  |      0|  0|   3|           1|           3|
    |select_ln29_5_fu_4168_p3   |  select  |      0|  0|  32|           1|          32|
    |select_ln29_6_fu_5512_p3   |  select  |      0|  0|  32|           1|          32|
    |select_ln29_8_fu_3307_p3   |  select  |      0|  0|  32|           1|          32|
    |select_ln29_9_fu_4258_p3   |  select  |      0|  0|  32|           1|          32|
    |select_ln29_fu_3177_p3     |  select  |      0|  0|  32|           1|          32|
    |ap_enable_pp0              |    xor   |      0|  0|   2|           1|           2|
    +---------------------------+----------+-------+---+----+------------+------------+
    |Total                      |          |      0|  0|5475|        3341|        2636|
    +---------------------------+----------+-------+---+----+------------+------------+

    * Multiplexer: 
    +------------------------------------------+-----+-----------+-----+-----------+
    |                   Name                   | LUT | Input Size| Bits| Total Bits|
    +------------------------------------------+-----+-----------+-----+-----------+
    |ap_NS_fsm                                 |  133|         29|    1|         29|
    |ap_enable_reg_pp0_iter1                   |    9|          2|    1|          2|
    |ap_phi_mux_f_0_phi_fu_2894_p4             |    9|          2|    3|          6|
    |ap_phi_mux_indvar_flatten_phi_fu_2883_p4  |    9|          2|    7|         14|
    |ap_phi_mux_r_0_phi_fu_2905_p4             |    9|          2|    4|          8|
    |conv_out_0_address0                       |  125|         27|   10|        270|
    |conv_out_0_address1                       |  125|         27|   10|        270|
    |conv_out_1_address0                       |  125|         27|   10|        270|
    |conv_out_1_address1                       |  125|         27|   10|        270|
    |conv_out_2_address0                       |  125|         27|   10|        270|
    |conv_out_2_address1                       |  125|         27|   10|        270|
    |conv_out_3_address0                       |  125|         27|   10|        270|
    |conv_out_3_address1                       |  125|         27|   10|        270|
    |conv_out_4_address0                       |  125|         27|   10|        270|
    |conv_out_4_address1                       |  125|         27|   10|        270|
    |conv_out_5_address0                       |  125|         27|   10|        270|
    |conv_out_5_address1                       |  125|         27|   10|        270|
    |f_0_reg_2890                              |    9|          2|    3|          6|
    |grp_fu_2912_p1                            |  105|         22|   32|        704|
    |grp_fu_2917_p1                            |  101|         21|   32|        672|
    |indvar_flatten_reg_2879                   |    9|          2|    7|         14|
    |r_0_reg_2901                              |    9|          2|    4|          8|
    +------------------------------------------+-----+-----------+-----+-----------+
    |Total                                     | 1902|        410|  214|       4703|
    +------------------------------------------+-----+-----------+-----+-----------+

    * Register: 
    +----------------------------------+----+----+-----+-----------+
    |               Name               | FF | LUT| Bits| Const Bits|
    +----------------------------------+----+----+-----+-----------+
    |add_ln10_reg_8035                 |   7|   0|    7|          0|
    |ap_CS_fsm                         |  28|   0|   28|          0|
    |ap_enable_reg_pp0_iter0           |   1|   0|    1|          0|
    |ap_enable_reg_pp0_iter1           |   1|   0|    1|          0|
    |f_0_reg_2890                      |   3|   0|    3|          0|
    |icmp_ln10_reg_8031                |   1|   0|    1|          0|
    |icmp_ln10_reg_8031_pp0_iter1_reg  |   1|   0|    1|          0|
    |indvar_flatten_reg_2879           |   7|   0|    7|          0|
    |mul_ln29_1_reg_8208               |  10|   0|   11|          1|
    |r_0_reg_2901                      |   4|   0|    4|          0|
    |r_reg_9971                        |   4|   0|    4|          0|
    |reg_2958                          |  32|   0|   32|          0|
    |reg_2963                          |  32|   0|   32|          0|
    |select_ln29_10_reg_9338           |  32|   0|   32|          0|
    |select_ln29_12_reg_8383           |  32|   0|   32|          0|
    |select_ln29_13_reg_8894           |  32|   0|   32|          0|
    |select_ln29_14_reg_9345           |  32|   0|   32|          0|
    |select_ln29_16_reg_8450           |  32|   0|   32|          0|
    |select_ln29_17_reg_8901           |  32|   0|   32|          0|
    |select_ln29_18_reg_9412           |  32|   0|   32|          0|
    |select_ln29_1_reg_8746            |  32|   0|   32|          0|
    |select_ln29_20_reg_8457           |  32|   0|   32|          0|
    |select_ln29_21_reg_8968           |  32|   0|   32|          0|
    |select_ln29_22_reg_9419           |  32|   0|   32|          0|
    |select_ln29_24_reg_8524           |  32|   0|   32|          0|
    |select_ln29_25_reg_8975           |  32|   0|   32|          0|
    |select_ln29_26_reg_9486           |  32|   0|   32|          0|
    |select_ln29_28_reg_8531           |  32|   0|   32|          0|
    |select_ln29_29_reg_9042           |  32|   0|   32|          0|
    |select_ln29_2_reg_9264            |  32|   0|   32|          0|
    |select_ln29_30_reg_9493           |  32|   0|   32|          0|
    |select_ln29_32_reg_8598           |  32|   0|   32|          0|
    |select_ln29_33_reg_9049           |  32|   0|   32|          0|
    |select_ln29_34_reg_9560           |  32|   0|   32|          0|
    |select_ln29_36_reg_8605           |  32|   0|   32|          0|
    |select_ln29_37_reg_9116           |  32|   0|   32|          0|
    |select_ln29_38_reg_9567           |  32|   0|   32|          0|
    |select_ln29_40_reg_8672           |  32|   0|   32|          0|
    |select_ln29_41_reg_9123           |  32|   0|   32|          0|
    |select_ln29_42_reg_9634           |  32|   0|   32|          0|
    |select_ln29_44_reg_8679           |  32|   0|   32|          0|
    |select_ln29_45_reg_9190           |  32|   0|   32|          0|
    |select_ln29_46_reg_9641           |  32|   0|   32|          0|
    |select_ln29_48_reg_8753           |  32|   0|   32|          0|
    |select_ln29_49_reg_9197           |  32|   0|   32|          0|
    |select_ln29_4_reg_8309            |  32|   0|   32|          0|
    |select_ln29_50_reg_9724           |  32|   0|   32|          0|
    |select_ln29_52_reg_8040           |   4|   0|    4|          0|
    |select_ln29_53_reg_8046           |   3|   0|    3|          0|
    |select_ln29_5_reg_8820            |  32|   0|   32|          0|
    |select_ln29_6_reg_9271            |  32|   0|   32|          0|
    |select_ln29_8_reg_8376            |  32|   0|   32|          0|
    |select_ln29_9_reg_8827            |  32|   0|   32|          0|
    |select_ln29_reg_8302              |  32|   0|   32|          0|
    |sext_ln36_reg_9648                |  64|   0|   64|          0|
    |shl_ln_reg_8054                   |   4|   0|    5|          1|
    |trunc_ln29_4_reg_8213             |   9|   0|   10|          1|
    |trunc_ln29_reg_8060               |   9|   0|   10|          1|
    +----------------------------------+----+----+-----+-----------+
    |Total                             |1472|   0| 1476|          4|
    +----------------------------------+----+----+-----+-----------+



================================================================
== Interface
================================================================
* Summary: 
+--------------------------+-----+-----+------------+-----------------+--------------+
|         RTL Ports        | Dir | Bits|  Protocol  |  Source Object  |    C Type    |
+--------------------------+-----+-----+------------+-----------------+--------------+
|ap_clk                    |  in |    1| ap_ctrl_hs |     max_pool    | return value |
|ap_rst                    |  in |    1| ap_ctrl_hs |     max_pool    | return value |
|ap_start                  |  in |    1| ap_ctrl_hs |     max_pool    | return value |
|ap_done                   | out |    1| ap_ctrl_hs |     max_pool    | return value |
|ap_idle                   | out |    1| ap_ctrl_hs |     max_pool    | return value |
|ap_ready                  | out |    1| ap_ctrl_hs |     max_pool    | return value |
|conv_out_0_address0       | out |   10|  ap_memory |    conv_out_0   |     array    |
|conv_out_0_ce0            | out |    1|  ap_memory |    conv_out_0   |     array    |
|conv_out_0_q0             |  in |   32|  ap_memory |    conv_out_0   |     array    |
|conv_out_0_address1       | out |   10|  ap_memory |    conv_out_0   |     array    |
|conv_out_0_ce1            | out |    1|  ap_memory |    conv_out_0   |     array    |
|conv_out_0_q1             |  in |   32|  ap_memory |    conv_out_0   |     array    |
|conv_out_1_address0       | out |   10|  ap_memory |    conv_out_1   |     array    |
|conv_out_1_ce0            | out |    1|  ap_memory |    conv_out_1   |     array    |
|conv_out_1_q0             |  in |   32|  ap_memory |    conv_out_1   |     array    |
|conv_out_1_address1       | out |   10|  ap_memory |    conv_out_1   |     array    |
|conv_out_1_ce1            | out |    1|  ap_memory |    conv_out_1   |     array    |
|conv_out_1_q1             |  in |   32|  ap_memory |    conv_out_1   |     array    |
|conv_out_2_address0       | out |   10|  ap_memory |    conv_out_2   |     array    |
|conv_out_2_ce0            | out |    1|  ap_memory |    conv_out_2   |     array    |
|conv_out_2_q0             |  in |   32|  ap_memory |    conv_out_2   |     array    |
|conv_out_2_address1       | out |   10|  ap_memory |    conv_out_2   |     array    |
|conv_out_2_ce1            | out |    1|  ap_memory |    conv_out_2   |     array    |
|conv_out_2_q1             |  in |   32|  ap_memory |    conv_out_2   |     array    |
|conv_out_3_address0       | out |   10|  ap_memory |    conv_out_3   |     array    |
|conv_out_3_ce0            | out |    1|  ap_memory |    conv_out_3   |     array    |
|conv_out_3_q0             |  in |   32|  ap_memory |    conv_out_3   |     array    |
|conv_out_3_address1       | out |   10|  ap_memory |    conv_out_3   |     array    |
|conv_out_3_ce1            | out |    1|  ap_memory |    conv_out_3   |     array    |
|conv_out_3_q1             |  in |   32|  ap_memory |    conv_out_3   |     array    |
|conv_out_4_address0       | out |   10|  ap_memory |    conv_out_4   |     array    |
|conv_out_4_ce0            | out |    1|  ap_memory |    conv_out_4   |     array    |
|conv_out_4_q0             |  in |   32|  ap_memory |    conv_out_4   |     array    |
|conv_out_4_address1       | out |   10|  ap_memory |    conv_out_4   |     array    |
|conv_out_4_ce1            | out |    1|  ap_memory |    conv_out_4   |     array    |
|conv_out_4_q1             |  in |   32|  ap_memory |    conv_out_4   |     array    |
|conv_out_5_address0       | out |   10|  ap_memory |    conv_out_5   |     array    |
|conv_out_5_ce0            | out |    1|  ap_memory |    conv_out_5   |     array    |
|conv_out_5_q0             |  in |   32|  ap_memory |    conv_out_5   |     array    |
|conv_out_5_address1       | out |   10|  ap_memory |    conv_out_5   |     array    |
|conv_out_5_ce1            | out |    1|  ap_memory |    conv_out_5   |     array    |
|conv_out_5_q1             |  in |   32|  ap_memory |    conv_out_5   |     array    |
|max_pool_out_0_address0   | out |    7|  ap_memory |  max_pool_out_0 |     array    |
|max_pool_out_0_ce0        | out |    1|  ap_memory |  max_pool_out_0 |     array    |
|max_pool_out_0_we0        | out |    1|  ap_memory |  max_pool_out_0 |     array    |
|max_pool_out_0_d0         | out |   32|  ap_memory |  max_pool_out_0 |     array    |
|max_pool_out_1_address0   | out |    7|  ap_memory |  max_pool_out_1 |     array    |
|max_pool_out_1_ce0        | out |    1|  ap_memory |  max_pool_out_1 |     array    |
|max_pool_out_1_we0        | out |    1|  ap_memory |  max_pool_out_1 |     array    |
|max_pool_out_1_d0         | out |   32|  ap_memory |  max_pool_out_1 |     array    |
|max_pool_out_2_address0   | out |    7|  ap_memory |  max_pool_out_2 |     array    |
|max_pool_out_2_ce0        | out |    1|  ap_memory |  max_pool_out_2 |     array    |
|max_pool_out_2_we0        | out |    1|  ap_memory |  max_pool_out_2 |     array    |
|max_pool_out_2_d0         | out |   32|  ap_memory |  max_pool_out_2 |     array    |
|max_pool_out_3_address0   | out |    7|  ap_memory |  max_pool_out_3 |     array    |
|max_pool_out_3_ce0        | out |    1|  ap_memory |  max_pool_out_3 |     array    |
|max_pool_out_3_we0        | out |    1|  ap_memory |  max_pool_out_3 |     array    |
|max_pool_out_3_d0         | out |   32|  ap_memory |  max_pool_out_3 |     array    |
|max_pool_out_4_address0   | out |    7|  ap_memory |  max_pool_out_4 |     array    |
|max_pool_out_4_ce0        | out |    1|  ap_memory |  max_pool_out_4 |     array    |
|max_pool_out_4_we0        | out |    1|  ap_memory |  max_pool_out_4 |     array    |
|max_pool_out_4_d0         | out |   32|  ap_memory |  max_pool_out_4 |     array    |
|max_pool_out_5_address0   | out |    7|  ap_memory |  max_pool_out_5 |     array    |
|max_pool_out_5_ce0        | out |    1|  ap_memory |  max_pool_out_5 |     array    |
|max_pool_out_5_we0        | out |    1|  ap_memory |  max_pool_out_5 |     array    |
|max_pool_out_5_d0         | out |   32|  ap_memory |  max_pool_out_5 |     array    |
|max_pool_out_6_address0   | out |    7|  ap_memory |  max_pool_out_6 |     array    |
|max_pool_out_6_ce0        | out |    1|  ap_memory |  max_pool_out_6 |     array    |
|max_pool_out_6_we0        | out |    1|  ap_memory |  max_pool_out_6 |     array    |
|max_pool_out_6_d0         | out |   32|  ap_memory |  max_pool_out_6 |     array    |
|max_pool_out_7_address0   | out |    7|  ap_memory |  max_pool_out_7 |     array    |
|max_pool_out_7_ce0        | out |    1|  ap_memory |  max_pool_out_7 |     array    |
|max_pool_out_7_we0        | out |    1|  ap_memory |  max_pool_out_7 |     array    |
|max_pool_out_7_d0         | out |   32|  ap_memory |  max_pool_out_7 |     array    |
|max_pool_out_8_address0   | out |    7|  ap_memory |  max_pool_out_8 |     array    |
|max_pool_out_8_ce0        | out |    1|  ap_memory |  max_pool_out_8 |     array    |
|max_pool_out_8_we0        | out |    1|  ap_memory |  max_pool_out_8 |     array    |
|max_pool_out_8_d0         | out |   32|  ap_memory |  max_pool_out_8 |     array    |
|max_pool_out_9_address0   | out |    7|  ap_memory |  max_pool_out_9 |     array    |
|max_pool_out_9_ce0        | out |    1|  ap_memory |  max_pool_out_9 |     array    |
|max_pool_out_9_we0        | out |    1|  ap_memory |  max_pool_out_9 |     array    |
|max_pool_out_9_d0         | out |   32|  ap_memory |  max_pool_out_9 |     array    |
|max_pool_out_10_address0  | out |    7|  ap_memory | max_pool_out_10 |     array    |
|max_pool_out_10_ce0       | out |    1|  ap_memory | max_pool_out_10 |     array    |
|max_pool_out_10_we0       | out |    1|  ap_memory | max_pool_out_10 |     array    |
|max_pool_out_10_d0        | out |   32|  ap_memory | max_pool_out_10 |     array    |
|max_pool_out_11_address0  | out |    7|  ap_memory | max_pool_out_11 |     array    |
|max_pool_out_11_ce0       | out |    1|  ap_memory | max_pool_out_11 |     array    |
|max_pool_out_11_we0       | out |    1|  ap_memory | max_pool_out_11 |     array    |
|max_pool_out_11_d0        | out |   32|  ap_memory | max_pool_out_11 |     array    |
|max_pool_out_12_address0  | out |    7|  ap_memory | max_pool_out_12 |     array    |
|max_pool_out_12_ce0       | out |    1|  ap_memory | max_pool_out_12 |     array    |
|max_pool_out_12_we0       | out |    1|  ap_memory | max_pool_out_12 |     array    |
|max_pool_out_12_d0        | out |   32|  ap_memory | max_pool_out_12 |     array    |
+--------------------------+-----+-----+------------+-----------------+--------------+

