

================================================================
== Vivado HLS Report for 'conv_1'
================================================================
* Date:           Sun Aug  6 19:41:47 2023

* Version:        2020.1 (Build 2897737 on Wed May 27 20:21:37 MDT 2020)
* Project:        conv
* Solution:       solution10
* Product family: virtex7
* Target device:  xc7vx485t-ffg1157-1


================================================================
== Performance Estimates
================================================================
+ Timing: 
    * Summary: 
    +--------+----------+-----------+------------+
    |  Clock |  Target  | Estimated | Uncertainty|
    +--------+----------+-----------+------------+
    |ap_clk  | 40.00 ns | 33.795 ns |   5.00 ns  |
    +--------+----------+-----------+------------+

+ Latency: 
    * Summary: 
    +---------+---------+-----------+-----------+------+------+---------+
    |  Latency (cycles) |   Latency (absolute)  |   Interval  | Pipeline|
    |   min   |   max   |    min    |    max    |  min |  max |   Type  |
    +---------+---------+-----------+-----------+------+------+---------+
    |     1153|     1153| 46.120 us | 46.120 us |  1153|  1153|   none  |
    +---------+---------+-----------+-----------+------+------+---------+

    + Detail: 
        * Instance: 
        N/A

        * Loop: 
        +--------------------+---------+---------+----------+-----------+-----------+------+----------+
        |                    |  Latency (cycles) | Iteration|  Initiation Interval  | Trip |          |
        |      Loop Name     |   min   |   max   |  Latency |  achieved |   target  | Count| Pipelined|
        +--------------------+---------+---------+----------+-----------+-----------+------+----------+
        |- Row_Loop          |     1152|     1152|       576|          -|          -|     2|    no    |
        | + Col_Loop         |      574|      574|       287|          -|          -|     2|    no    |
        |  ++ Filter1_Loop   |      285|      285|        95|          -|          -|     3|    no    |
        |   +++ W_Col_Loop   |       30|       30|        10|          -|          -|     3|    no    |
        |    ++++ Chan_Loop  |        8|        8|         4|          -|          -|     2|    no    |
        |   +++ W_Col_Loop   |       30|       30|        10|          -|          -|     3|    no    |
        |    ++++ Chan_Loop  |        8|        8|         4|          -|          -|     2|    no    |
        |   +++ W_Col_Loop   |       30|       30|        10|          -|          -|     3|    no    |
        |    ++++ Chan_Loop  |        8|        8|         4|          -|          -|     2|    no    |
        +--------------------+---------+---------+----------+-----------+-----------+------+----------+

============================================================
+ Verbose Summary: Synthesis Manager
============================================================
InlineROM: 1
ExposeGlobal: 0
============================================================
+ Verbose Summary: CDFG Model
============================================================
IsTopModel: 1
ResetActiveHigh: 1
IsCombinational: 0
IsDatapathOnly: 0
HasWiredReturn: 1
HasMFsm: 0
HasVarLatency: 1
IsPipeline: 0
IsRtlPipelined: 0
IsInstanceOverlapped: 0
IsDontTouch: 0
HasImplIP: 0
IsGatedGlobalClock: 0


============================================================
+ Verbose Summary: Schedule
============================================================
* Number of FSM states : 20
* Pipeline : 0
* Dataflow Pipeline: 0

* FSM state transitions: 
1 --> 2 
2 --> 3 
3 --> 4 2 
4 --> 5 3 
5 --> 6 10 
6 --> 7 5 
7 --> 8 
8 --> 9 
9 --> 6 
10 --> 11 15 
11 --> 12 10 
12 --> 13 
13 --> 14 
14 --> 11 
15 --> 20 16 
16 --> 17 15 
17 --> 18 
18 --> 19 
19 --> 16 
20 --> 4 

* FSM state operations: 

State 1 <SV = 0> <Delay = 1.18>
ST_1 : Operation 21 [1/1] (0.00ns)   --->   "call void (...)* @_ssdm_op_SpecBitsMap([32 x float]* %input_r) nounwind, !map !7"   --->   Operation 21 'specbitsmap' <Predicate = true> <Delay = 0.00>
ST_1 : Operation 22 [1/1] (0.00ns)   --->   "call void (...)* @_ssdm_op_SpecBitsMap([12 x float]* %conv_out) nounwind, !map !14"   --->   Operation 22 'specbitsmap' <Predicate = true> <Delay = 0.00>
ST_1 : Operation 23 [1/1] (0.00ns)   --->   "call void (...)* @_ssdm_op_SpecTopModule([7 x i8]* @conv_1_str) nounwind"   --->   Operation 23 'spectopmodule' <Predicate = true> <Delay = 0.00>
ST_1 : Operation 24 [1/1] (1.18ns)   --->   "br label %1" [conv.cpp:8]   --->   Operation 24 'br' <Predicate = true> <Delay = 1.18>

State 2 <SV = 1> <Delay = 1.18>
ST_2 : Operation 25 [1/1] (0.00ns)   --->   "%r_0 = phi i2 [ 0, %0 ], [ %r, %Row_Loop_end ]"   --->   Operation 25 'phi' 'r_0' <Predicate = true> <Delay = 0.00>
ST_2 : Operation 26 [1/1] (0.61ns)   --->   "%icmp_ln8 = icmp eq i2 %r_0, -2" [conv.cpp:8]   --->   Operation 26 'icmp' 'icmp_ln8' <Predicate = true> <Delay = 0.61> <Core = "Cmp">   --->   Core 25 'Cmp' <Latency = 0> <II = 1> <Delay = 1.48> <FuncUnit> <Opcode : 'icmp'> <InPorts = 2> <OutPorts = 1>
ST_2 : Operation 27 [1/1] (0.00ns)   --->   "%empty = call i32 (...)* @_ssdm_op_SpecLoopTripCount(i64 2, i64 2, i64 2) nounwind"   --->   Operation 27 'speclooptripcount' 'empty' <Predicate = true> <Delay = 0.00>
ST_2 : Operation 28 [1/1] (1.00ns)   --->   "%r = add i2 %r_0, 1" [conv.cpp:26]   --->   Operation 28 'add' 'r' <Predicate = true> <Delay = 1.00> <Core = "AddSub">   --->   Core 14 'AddSub' <Latency = 0> <II = 1> <Delay = 1.36> <FuncUnit> <Opcode : 'add' 'sub'> <InPorts = 2> <OutPorts = 1>
ST_2 : Operation 29 [1/1] (0.00ns)   --->   "br i1 %icmp_ln8, label %13, label %Row_Loop_begin" [conv.cpp:8]   --->   Operation 29 'br' <Predicate = true> <Delay = 0.00>
ST_2 : Operation 30 [1/1] (0.00ns)   --->   "call void (...)* @_ssdm_op_SpecLoopName([9 x i8]* @p_str) nounwind" [conv.cpp:9]   --->   Operation 30 'specloopname' <Predicate = (!icmp_ln8)> <Delay = 0.00>
ST_2 : Operation 31 [1/1] (0.00ns)   --->   "%tmp_1 = call i32 (...)* @_ssdm_op_SpecRegionBegin([9 x i8]* @p_str) nounwind" [conv.cpp:9]   --->   Operation 31 'specregionbegin' 'tmp_1' <Predicate = (!icmp_ln8)> <Delay = 0.00>
ST_2 : Operation 32 [1/1] (0.00ns)   --->   "%tmp_10 = call i3 @_ssdm_op_BitConcatenate.i3.i2.i1(i2 %r_0, i1 false)" [conv.cpp:34]   --->   Operation 32 'bitconcatenate' 'tmp_10' <Predicate = (!icmp_ln8)> <Delay = 0.00>
ST_2 : Operation 33 [1/1] (0.00ns)   --->   "%zext_ln26 = zext i3 %tmp_10 to i4" [conv.cpp:26]   --->   Operation 33 'zext' 'zext_ln26' <Predicate = (!icmp_ln8)> <Delay = 0.00>
ST_2 : Operation 34 [1/1] (0.61ns)   --->   "%xor_ln26 = xor i2 %r_0, -2" [conv.cpp:26]   --->   Operation 34 'xor' 'xor_ln26' <Predicate = (!icmp_ln8)> <Delay = 0.61> <Core = "LogicGate">   --->   Core 27 'LogicGate' <Latency = 0> <II = 1> <Delay = 0.61> <FuncUnit> <Opcode : 'and' 'or' 'xor'> <InPorts = 2> <OutPorts = 1>
ST_2 : Operation 35 [1/1] (1.18ns)   --->   "br label %2" [conv.cpp:11]   --->   Operation 35 'br' <Predicate = (!icmp_ln8)> <Delay = 1.18>
ST_2 : Operation 36 [1/1] (0.00ns)   --->   "ret void" [conv.cpp:41]   --->   Operation 36 'ret' <Predicate = (icmp_ln8)> <Delay = 0.00>

State 3 <SV = 2> <Delay = 2.55>
ST_3 : Operation 37 [1/1] (0.00ns)   --->   "%c_0 = phi i2 [ 0, %Row_Loop_begin ], [ %c, %Col_Loop_end ]"   --->   Operation 37 'phi' 'c_0' <Predicate = true> <Delay = 0.00>
ST_3 : Operation 38 [1/1] (0.61ns)   --->   "%icmp_ln11 = icmp eq i2 %c_0, -2" [conv.cpp:11]   --->   Operation 38 'icmp' 'icmp_ln11' <Predicate = true> <Delay = 0.61> <Core = "Cmp">   --->   Core 25 'Cmp' <Latency = 0> <II = 1> <Delay = 1.48> <FuncUnit> <Opcode : 'icmp'> <InPorts = 2> <OutPorts = 1>
ST_3 : Operation 39 [1/1] (0.00ns)   --->   "%empty_4 = call i32 (...)* @_ssdm_op_SpecLoopTripCount(i64 2, i64 2, i64 2) nounwind"   --->   Operation 39 'speclooptripcount' 'empty_4' <Predicate = true> <Delay = 0.00>
ST_3 : Operation 40 [1/1] (1.00ns)   --->   "%c = add i2 %c_0, 1" [conv.cpp:11]   --->   Operation 40 'add' 'c' <Predicate = true> <Delay = 1.00> <Core = "AddSub">   --->   Core 14 'AddSub' <Latency = 0> <II = 1> <Delay = 1.36> <FuncUnit> <Opcode : 'add' 'sub'> <InPorts = 2> <OutPorts = 1>
ST_3 : Operation 41 [1/1] (0.00ns)   --->   "br i1 %icmp_ln11, label %Row_Loop_end, label %Col_Loop_begin" [conv.cpp:11]   --->   Operation 41 'br' <Predicate = true> <Delay = 0.00>
ST_3 : Operation 42 [1/1] (0.00ns)   --->   "call void (...)* @_ssdm_op_SpecLoopName([9 x i8]* @p_str1) nounwind" [conv.cpp:12]   --->   Operation 42 'specloopname' <Predicate = (!icmp_ln11)> <Delay = 0.00>
ST_3 : Operation 43 [1/1] (0.00ns)   --->   "%tmp_2 = call i32 (...)* @_ssdm_op_SpecRegionBegin([9 x i8]* @p_str1) nounwind" [conv.cpp:12]   --->   Operation 43 'specregionbegin' 'tmp_2' <Predicate = (!icmp_ln11)> <Delay = 0.00>
ST_3 : Operation 44 [1/1] (0.00ns)   --->   "%zext_ln34 = zext i2 %c_0 to i4" [conv.cpp:34]   --->   Operation 44 'zext' 'zext_ln34' <Predicate = (!icmp_ln11)> <Delay = 0.00>
ST_3 : Operation 45 [1/1] (1.18ns)   --->   "%add_ln34 = add i4 %zext_ln34, %zext_ln26" [conv.cpp:34]   --->   Operation 45 'add' 'add_ln34' <Predicate = (!icmp_ln11)> <Delay = 1.18> <Core = "AddSub">   --->   Core 14 'AddSub' <Latency = 0> <II = 1> <Delay = 1.36> <FuncUnit> <Opcode : 'add' 'sub'> <InPorts = 2> <OutPorts = 1>
ST_3 : Operation 46 [1/1] (0.00ns)   --->   "%zext_ln34_1 = zext i4 %add_ln34 to i5" [conv.cpp:34]   --->   Operation 46 'zext' 'zext_ln34_1' <Predicate = (!icmp_ln11)> <Delay = 0.00>
ST_3 : Operation 47 [1/1] (0.00ns)   --->   "%trunc_ln34 = trunc i4 %add_ln34 to i3" [conv.cpp:34]   --->   Operation 47 'trunc' 'trunc_ln34' <Predicate = (!icmp_ln11)> <Delay = 0.00>
ST_3 : Operation 48 [1/1] (0.00ns)   --->   "%p_shl_cast = call i5 @_ssdm_op_BitConcatenate.i5.i3.i2(i3 %trunc_ln34, i2 0)" [conv.cpp:34]   --->   Operation 48 'bitconcatenate' 'p_shl_cast' <Predicate = (!icmp_ln11)> <Delay = 0.00>
ST_3 : Operation 49 [1/1] (1.36ns)   --->   "%sub_ln34 = sub i5 %p_shl_cast, %zext_ln34_1" [conv.cpp:34]   --->   Operation 49 'sub' 'sub_ln34' <Predicate = (!icmp_ln11)> <Delay = 1.36> <Core = "AddSub">   --->   Core 14 'AddSub' <Latency = 0> <II = 1> <Delay = 1.36> <FuncUnit> <Opcode : 'add' 'sub'> <InPorts = 2> <OutPorts = 1>
ST_3 : Operation 50 [1/1] (1.18ns)   --->   "br label %3" [conv.cpp:14]   --->   Operation 50 'br' <Predicate = (!icmp_ln11)> <Delay = 1.18>
ST_3 : Operation 51 [1/1] (0.00ns)   --->   "%empty_20 = call i32 (...)* @_ssdm_op_SpecRegionEnd([9 x i8]* @p_str, i32 %tmp_1) nounwind" [conv.cpp:40]   --->   Operation 51 'specregionend' 'empty_20' <Predicate = (icmp_ln11)> <Delay = 0.00>
ST_3 : Operation 52 [1/1] (0.00ns)   --->   "br label %1" [conv.cpp:8]   --->   Operation 52 'br' <Predicate = (icmp_ln11)> <Delay = 0.00>

State 4 <SV = 3> <Delay = 1.36>
ST_4 : Operation 53 [1/1] (0.00ns)   --->   "%f_0 = phi i2 [ 0, %Col_Loop_begin ], [ %f, %W_Row_Loop_end ]"   --->   Operation 53 'phi' 'f_0' <Predicate = true> <Delay = 0.00>
ST_4 : Operation 54 [1/1] (0.61ns)   --->   "%icmp_ln14 = icmp eq i2 %f_0, -1" [conv.cpp:14]   --->   Operation 54 'icmp' 'icmp_ln14' <Predicate = true> <Delay = 0.61> <Core = "Cmp">   --->   Core 25 'Cmp' <Latency = 0> <II = 1> <Delay = 1.48> <FuncUnit> <Opcode : 'icmp'> <InPorts = 2> <OutPorts = 1>
ST_4 : Operation 55 [1/1] (0.00ns)   --->   "%empty_5 = call i32 (...)* @_ssdm_op_SpecLoopTripCount(i64 3, i64 3, i64 3) nounwind"   --->   Operation 55 'speclooptripcount' 'empty_5' <Predicate = true> <Delay = 0.00>
ST_4 : Operation 56 [1/1] (1.00ns)   --->   "%f = add i2 %f_0, 1" [conv.cpp:14]   --->   Operation 56 'add' 'f' <Predicate = true> <Delay = 1.00> <Core = "AddSub">   --->   Core 14 'AddSub' <Latency = 0> <II = 1> <Delay = 1.36> <FuncUnit> <Opcode : 'add' 'sub'> <InPorts = 2> <OutPorts = 1>
ST_4 : Operation 57 [1/1] (0.00ns)   --->   "br i1 %icmp_ln14, label %Col_Loop_end, label %W_Row_Loop_begin" [conv.cpp:14]   --->   Operation 57 'br' <Predicate = true> <Delay = 0.00>
ST_4 : Operation 58 [1/1] (0.00ns)   --->   "call void (...)* @_ssdm_op_SpecLoopName([13 x i8]* @p_str2) nounwind" [conv.cpp:15]   --->   Operation 58 'specloopname' <Predicate = (!icmp_ln14)> <Delay = 0.00>
ST_4 : Operation 59 [1/1] (0.00ns)   --->   "%zext_ln34_2 = zext i2 %f_0 to i6" [conv.cpp:34]   --->   Operation 59 'zext' 'zext_ln34_2' <Predicate = (!icmp_ln14)> <Delay = 0.00>
ST_4 : Operation 60 [1/1] (0.00ns)   --->   "%zext_ln34_3 = zext i2 %f_0 to i5" [conv.cpp:34]   --->   Operation 60 'zext' 'zext_ln34_3' <Predicate = (!icmp_ln14)> <Delay = 0.00>
ST_4 : Operation 61 [1/1] (1.36ns)   --->   "%add_ln34_1 = add i5 %sub_ln34, %zext_ln34_3" [conv.cpp:34]   --->   Operation 61 'add' 'add_ln34_1' <Predicate = (!icmp_ln14)> <Delay = 1.36> <Core = "AddSub">   --->   Core 14 'AddSub' <Latency = 0> <II = 1> <Delay = 1.36> <FuncUnit> <Opcode : 'add' 'sub'> <InPorts = 2> <OutPorts = 1>
ST_4 : Operation 62 [1/1] (0.00ns)   --->   "%zext_ln34_4 = zext i5 %add_ln34_1 to i64" [conv.cpp:34]   --->   Operation 62 'zext' 'zext_ln34_4' <Predicate = (!icmp_ln14)> <Delay = 0.00>
ST_4 : Operation 63 [1/1] (0.00ns)   --->   "%conv_out_addr = getelementptr [12 x float]* %conv_out, i64 0, i64 %zext_ln34_4" [conv.cpp:34]   --->   Operation 63 'getelementptr' 'conv_out_addr' <Predicate = (!icmp_ln14)> <Delay = 0.00>
ST_4 : Operation 64 [1/1] (0.00ns)   --->   "%tmp_3 = call i32 (...)* @_ssdm_op_SpecRegionBegin([11 x i8]* @p_str3) nounwind" [conv.cpp:19]   --->   Operation 64 'specregionbegin' 'tmp_3' <Predicate = (!icmp_ln14)> <Delay = 0.00>
ST_4 : Operation 65 [1/1] (1.18ns)   --->   "br label %4" [conv.cpp:21]   --->   Operation 65 'br' <Predicate = (!icmp_ln14)> <Delay = 1.18>
ST_4 : Operation 66 [1/1] (0.00ns)   --->   "%empty_19 = call i32 (...)* @_ssdm_op_SpecRegionEnd([9 x i8]* @p_str1, i32 %tmp_2) nounwind" [conv.cpp:39]   --->   Operation 66 'specregionend' 'empty_19' <Predicate = (icmp_ln14)> <Delay = 0.00>
ST_4 : Operation 67 [1/1] (0.00ns)   --->   "br label %2" [conv.cpp:11]   --->   Operation 67 'br' <Predicate = (icmp_ln14)> <Delay = 0.00>

State 5 <SV = 4> <Delay = 1.18>
ST_5 : Operation 68 [1/1] (0.00ns)   --->   "%w_sum_1_0 = phi float [ 0.000000e+00, %W_Row_Loop_begin ], [ %w_sum_2_0, %W_Col_Loop_end ]" [conv.cpp:26]   --->   Operation 68 'phi' 'w_sum_1_0' <Predicate = true> <Delay = 0.00>
ST_5 : Operation 69 [1/1] (0.00ns)   --->   "%wc_0_0 = phi i2 [ 0, %W_Row_Loop_begin ], [ %add_ln21, %W_Col_Loop_end ]" [conv.cpp:21]   --->   Operation 69 'phi' 'wc_0_0' <Predicate = true> <Delay = 0.00>
ST_5 : Operation 70 [1/1] (0.61ns)   --->   "%icmp_ln21 = icmp eq i2 %wc_0_0, -1" [conv.cpp:21]   --->   Operation 70 'icmp' 'icmp_ln21' <Predicate = true> <Delay = 0.61> <Core = "Cmp">   --->   Core 25 'Cmp' <Latency = 0> <II = 1> <Delay = 1.48> <FuncUnit> <Opcode : 'icmp'> <InPorts = 2> <OutPorts = 1>
ST_5 : Operation 71 [1/1] (0.00ns)   --->   "%empty_7 = call i32 (...)* @_ssdm_op_SpecLoopTripCount(i64 3, i64 3, i64 3) nounwind"   --->   Operation 71 'speclooptripcount' 'empty_7' <Predicate = true> <Delay = 0.00>
ST_5 : Operation 72 [1/1] (1.00ns)   --->   "%add_ln21 = add i2 %wc_0_0, 1" [conv.cpp:21]   --->   Operation 72 'add' 'add_ln21' <Predicate = true> <Delay = 1.00> <Core = "AddSub">   --->   Core 14 'AddSub' <Latency = 0> <II = 1> <Delay = 1.36> <FuncUnit> <Opcode : 'add' 'sub'> <InPorts = 2> <OutPorts = 1>
ST_5 : Operation 73 [1/1] (0.00ns)   --->   "br i1 %icmp_ln21, label %W_Row_Loop, label %W_Col_Loop_begin" [conv.cpp:21]   --->   Operation 73 'br' <Predicate = true> <Delay = 0.00>
ST_5 : Operation 74 [1/1] (0.00ns)   --->   "call void (...)* @_ssdm_op_SpecLoopName([11 x i8]* @p_str5) nounwind" [conv.cpp:22]   --->   Operation 74 'specloopname' <Predicate = (!icmp_ln21)> <Delay = 0.00>
ST_5 : Operation 75 [1/1] (0.00ns)   --->   "%tmp_5 = call i32 (...)* @_ssdm_op_SpecRegionBegin([11 x i8]* @p_str5) nounwind" [conv.cpp:22]   --->   Operation 75 'specregionbegin' 'tmp_5' <Predicate = (!icmp_ln21)> <Delay = 0.00>
ST_5 : Operation 76 [1/1] (0.00ns)   --->   "%tmp_11 = call i3 @_ssdm_op_BitConcatenate.i3.i2.i1(i2 %wc_0_0, i1 false)" [conv.cpp:26]   --->   Operation 76 'bitconcatenate' 'tmp_11' <Predicate = (!icmp_ln21)> <Delay = 0.00>
ST_5 : Operation 77 [1/1] (0.00ns)   --->   "%zext_ln26_1 = zext i3 %tmp_11 to i4" [conv.cpp:26]   --->   Operation 77 'zext' 'zext_ln26_1' <Predicate = (!icmp_ln21)> <Delay = 0.00>
ST_5 : Operation 78 [1/1] (1.00ns)   --->   "%add_ln26 = add i2 %wc_0_0, %c_0" [conv.cpp:26]   --->   Operation 78 'add' 'add_ln26' <Predicate = (!icmp_ln21)> <Delay = 1.00> <Core = "AddSub">   --->   Core 14 'AddSub' <Latency = 0> <II = 1> <Delay = 1.36> <FuncUnit> <Opcode : 'add' 'sub'> <InPorts = 2> <OutPorts = 1>
ST_5 : Operation 79 [1/1] (0.00ns)   --->   "%tmp_12 = call i5 @_ssdm_op_BitConcatenate.i5.i2.i2.i1(i2 %r_0, i2 %add_ln26, i1 false)" [conv.cpp:26]   --->   Operation 79 'bitconcatenate' 'tmp_12' <Predicate = (!icmp_ln21)> <Delay = 0.00>
ST_5 : Operation 80 [1/1] (0.00ns)   --->   "%zext_ln24 = zext i5 %tmp_12 to i6" [conv.cpp:24]   --->   Operation 80 'zext' 'zext_ln24' <Predicate = (!icmp_ln21)> <Delay = 0.00>
ST_5 : Operation 81 [1/1] (1.18ns)   --->   "br label %5" [conv.cpp:24]   --->   Operation 81 'br' <Predicate = (!icmp_ln21)> <Delay = 1.18>
ST_5 : Operation 82 [1/1] (0.00ns)   --->   "%empty_6 = call i32 (...)* @_ssdm_op_SpecRegionEnd([11 x i8]* @p_str3, i32 %tmp_3) nounwind" [conv.cpp:29]   --->   Operation 82 'specregionend' 'empty_6' <Predicate = (icmp_ln21)> <Delay = 0.00>
ST_5 : Operation 83 [1/1] (0.00ns)   --->   "%tmp_4 = call i32 (...)* @_ssdm_op_SpecRegionBegin([11 x i8]* @p_str3) nounwind" [conv.cpp:19]   --->   Operation 83 'specregionbegin' 'tmp_4' <Predicate = (icmp_ln21)> <Delay = 0.00>
ST_5 : Operation 84 [1/1] (1.18ns)   --->   "br label %7" [conv.cpp:21]   --->   Operation 84 'br' <Predicate = (icmp_ln21)> <Delay = 1.18>

State 6 <SV = 5> <Delay = 6.12>
ST_6 : Operation 85 [1/1] (0.00ns)   --->   "%w_sum_2_0 = phi float [ %w_sum_1_0, %W_Col_Loop_begin ], [ %w_sum_3, %6 ]" [conv.cpp:26]   --->   Operation 85 'phi' 'w_sum_2_0' <Predicate = true> <Delay = 0.00>
ST_6 : Operation 86 [1/1] (0.00ns)   --->   "%ch_0_0 = phi i2 [ 0, %W_Col_Loop_begin ], [ %add_ln24, %6 ]" [conv.cpp:24]   --->   Operation 86 'phi' 'ch_0_0' <Predicate = true> <Delay = 0.00>
ST_6 : Operation 87 [1/1] (0.61ns)   --->   "%icmp_ln24 = icmp eq i2 %ch_0_0, -2" [conv.cpp:24]   --->   Operation 87 'icmp' 'icmp_ln24' <Predicate = true> <Delay = 0.61> <Core = "Cmp">   --->   Core 25 'Cmp' <Latency = 0> <II = 1> <Delay = 1.48> <FuncUnit> <Opcode : 'icmp'> <InPorts = 2> <OutPorts = 1>
ST_6 : Operation 88 [1/1] (0.00ns)   --->   "%empty_9 = call i32 (...)* @_ssdm_op_SpecLoopTripCount(i64 2, i64 2, i64 2) nounwind"   --->   Operation 88 'speclooptripcount' 'empty_9' <Predicate = true> <Delay = 0.00>
ST_6 : Operation 89 [1/1] (1.00ns)   --->   "%add_ln24 = add i2 %ch_0_0, 1" [conv.cpp:24]   --->   Operation 89 'add' 'add_ln24' <Predicate = true> <Delay = 1.00> <Core = "AddSub">   --->   Core 14 'AddSub' <Latency = 0> <II = 1> <Delay = 1.36> <FuncUnit> <Opcode : 'add' 'sub'> <InPorts = 2> <OutPorts = 1>
ST_6 : Operation 90 [1/1] (0.00ns)   --->   "br i1 %icmp_ln24, label %W_Col_Loop_end, label %6" [conv.cpp:24]   --->   Operation 90 'br' <Predicate = true> <Delay = 0.00>
ST_6 : Operation 91 [1/1] (0.00ns)   --->   "%zext_ln26_3 = zext i2 %ch_0_0 to i6" [conv.cpp:26]   --->   Operation 91 'zext' 'zext_ln26_3' <Predicate = (!icmp_ln24)> <Delay = 0.00>
ST_6 : Operation 92 [1/1] (0.00ns)   --->   "%zext_ln26_4 = zext i2 %ch_0_0 to i4" [conv.cpp:26]   --->   Operation 92 'zext' 'zext_ln26_4' <Predicate = (!icmp_ln24)> <Delay = 0.00>
ST_6 : Operation 93 [1/1] (1.18ns)   --->   "%add_ln26_4 = add i4 %zext_ln26_1, %zext_ln26_4" [conv.cpp:26]   --->   Operation 93 'add' 'add_ln26_4' <Predicate = (!icmp_ln24)> <Delay = 1.18> <Core = "AddSub">   --->   Core 14 'AddSub' <Latency = 0> <II = 1> <Delay = 1.36> <FuncUnit> <Opcode : 'add' 'sub'> <InPorts = 2> <OutPorts = 1>
ST_6 : Operation 94 [1/1] (0.00ns)   --->   "%zext_ln26_5 = zext i4 %add_ln26_4 to i6" [conv.cpp:26]   --->   Operation 94 'zext' 'zext_ln26_5' <Predicate = (!icmp_ln24)> <Delay = 0.00>
ST_6 : Operation 95 [1/1] (0.00ns)   --->   "%p_shl1_cast = call i6 @_ssdm_op_BitConcatenate.i6.i4.i2(i4 %add_ln26_4, i2 0)" [conv.cpp:26]   --->   Operation 95 'bitconcatenate' 'p_shl1_cast' <Predicate = (!icmp_ln24)> <Delay = 0.00>
ST_6 : Operation 96 [1/1] (0.00ns) (grouped into TernaryAdder)   --->   "%sub_ln26 = sub i6 %p_shl1_cast, %zext_ln26_5" [conv.cpp:26]   --->   Operation 96 'sub' 'sub_ln26' <Predicate = (!icmp_ln24)> <Delay = 0.00> <Core = "TAddSub">   --->   Core 83 'TAddSub' <Latency = 0> <II = 1> <Delay = 1.13> <IPBlock> <Opcode : 'add' 'sub'> <InPorts = 3> <OutPorts = 1> <Sync> <CReg>
ST_6 : Operation 97 [1/1] (2.27ns) (root node of TernaryAdder)   --->   "%add_ln26_5 = add i6 %sub_ln26, %zext_ln34_2" [conv.cpp:26]   --->   Operation 97 'add' 'add_ln26_5' <Predicate = (!icmp_ln24)> <Delay = 2.27> <Core = "TAddSub">   --->   Core 83 'TAddSub' <Latency = 0> <II = 1> <Delay = 1.13> <IPBlock> <Opcode : 'add' 'sub'> <InPorts = 3> <OutPorts = 1> <Sync> <CReg>
ST_6 : Operation 98 [1/1] (0.00ns)   --->   "%zext_ln26_6 = zext i6 %add_ln26_5 to i64" [conv.cpp:26]   --->   Operation 98 'zext' 'zext_ln26_6' <Predicate = (!icmp_ln24)> <Delay = 0.00>
ST_6 : Operation 99 [1/1] (0.00ns)   --->   "%conv_weights_0_addr = getelementptr [18 x float]* @conv_weights_0, i64 0, i64 %zext_ln26_6" [conv.cpp:26]   --->   Operation 99 'getelementptr' 'conv_weights_0_addr' <Predicate = (!icmp_ln24)> <Delay = 0.00>
ST_6 : Operation 100 [1/1] (1.36ns)   --->   "%add_ln26_6 = add i6 %zext_ln24, %zext_ln26_3" [conv.cpp:26]   --->   Operation 100 'add' 'add_ln26_6' <Predicate = (!icmp_ln24)> <Delay = 1.36> <Core = "AddSub">   --->   Core 14 'AddSub' <Latency = 0> <II = 1> <Delay = 1.36> <FuncUnit> <Opcode : 'add' 'sub'> <InPorts = 2> <OutPorts = 1>
ST_6 : Operation 101 [1/1] (0.00ns)   --->   "%zext_ln26_7 = zext i6 %add_ln26_6 to i64" [conv.cpp:26]   --->   Operation 101 'zext' 'zext_ln26_7' <Predicate = (!icmp_ln24)> <Delay = 0.00>
ST_6 : Operation 102 [1/1] (0.00ns)   --->   "%input_addr = getelementptr [32 x float]* %input_r, i64 0, i64 %zext_ln26_7" [conv.cpp:26]   --->   Operation 102 'getelementptr' 'input_addr' <Predicate = (!icmp_ln24)> <Delay = 0.00>
ST_6 : Operation 103 [2/2] (2.66ns)   --->   "%conv_weights_0_load = load float* %conv_weights_0_addr, align 4" [conv.cpp:26]   --->   Operation 103 'load' 'conv_weights_0_load' <Predicate = (!icmp_ln24)> <Delay = 2.66> <Core = "ROM_nP">   --->   Core 52 'ROM_nP' <Latency = 1> <II = 1> <Delay = 2.66> <Storage> <Opcode : 'load'> <Ports = 0> <Width = 32> <Depth = 18> <ROM>
ST_6 : Operation 104 [2/2] (2.66ns)   --->   "%input_load = load float* %input_addr, align 4" [conv.cpp:26]   --->   Operation 104 'load' 'input_load' <Predicate = (!icmp_ln24)> <Delay = 2.66> <Core = "RAM">   --->   Core 37 'RAM' <Latency = 1> <II = 1> <Delay = 1.42> <Storage> <Opcode : 'load' 'store'> <Ports = 2> <Width = 32> <Depth = 12> <RAM>
ST_6 : Operation 105 [1/1] (0.00ns)   --->   "%empty_8 = call i32 (...)* @_ssdm_op_SpecRegionEnd([11 x i8]* @p_str5, i32 %tmp_5) nounwind" [conv.cpp:28]   --->   Operation 105 'specregionend' 'empty_8' <Predicate = (icmp_ln24)> <Delay = 0.00>
ST_6 : Operation 106 [1/1] (0.00ns)   --->   "br label %4" [conv.cpp:21]   --->   Operation 106 'br' <Predicate = (icmp_ln24)> <Delay = 0.00>

State 7 <SV = 6> <Delay = 12.7>
ST_7 : Operation 107 [1/2] (2.66ns)   --->   "%conv_weights_0_load = load float* %conv_weights_0_addr, align 4" [conv.cpp:26]   --->   Operation 107 'load' 'conv_weights_0_load' <Predicate = true> <Delay = 2.66> <Core = "ROM_nP">   --->   Core 52 'ROM_nP' <Latency = 1> <II = 1> <Delay = 2.66> <Storage> <Opcode : 'load'> <Ports = 0> <Width = 32> <Depth = 18> <ROM>
ST_7 : Operation 108 [1/2] (2.66ns)   --->   "%input_load = load float* %input_addr, align 4" [conv.cpp:26]   --->   Operation 108 'load' 'input_load' <Predicate = true> <Delay = 2.66> <Core = "RAM">   --->   Core 37 'RAM' <Latency = 1> <II = 1> <Delay = 1.42> <Storage> <Opcode : 'load' 'store'> <Ports = 2> <Width = 32> <Depth = 12> <RAM>
ST_7 : Operation 109 [2/2] (10.1ns)   --->   "%tmp_s = fmul float %conv_weights_0_load, %input_load" [conv.cpp:26]   --->   Operation 109 'fmul' 'tmp_s' <Predicate = true> <Delay = 10.1> <Core = "FMul">   --->   Core 106 'FMul' <Latency = 1> <II = 1> <Delay = 10.1> <FuncUnit> <Opcode : 'fmul'> <InPorts = 2> <OutPorts = 1>

State 8 <SV = 7> <Delay = 26.1>
ST_8 : Operation 110 [1/2] (10.1ns)   --->   "%tmp_s = fmul float %conv_weights_0_load, %input_load" [conv.cpp:26]   --->   Operation 110 'fmul' 'tmp_s' <Predicate = true> <Delay = 10.1> <Core = "FMul">   --->   Core 106 'FMul' <Latency = 1> <II = 1> <Delay = 10.1> <FuncUnit> <Opcode : 'fmul'> <InPorts = 2> <OutPorts = 1>
ST_8 : Operation 111 [2/2] (15.9ns)   --->   "%w_sum_3 = fadd float %w_sum_2_0, %tmp_s" [conv.cpp:26]   --->   Operation 111 'fadd' 'w_sum_3' <Predicate = true> <Delay = 15.9> <Core = "FAddSub">   --->   Core 105 'FAddSub' <Latency = 1> <II = 1> <Delay = 15.9> <FuncUnit> <Opcode : 'fadd' 'fsub'> <InPorts = 2> <OutPorts = 1>

State 9 <SV = 8> <Delay = 15.9>
ST_9 : Operation 112 [1/1] (0.00ns)   --->   "call void (...)* @_ssdm_op_SpecLoopName([10 x i8]* @p_str6) nounwind" [conv.cpp:25]   --->   Operation 112 'specloopname' <Predicate = true> <Delay = 0.00>
ST_9 : Operation 113 [1/2] (15.9ns)   --->   "%w_sum_3 = fadd float %w_sum_2_0, %tmp_s" [conv.cpp:26]   --->   Operation 113 'fadd' 'w_sum_3' <Predicate = true> <Delay = 15.9> <Core = "FAddSub">   --->   Core 105 'FAddSub' <Latency = 1> <II = 1> <Delay = 15.9> <FuncUnit> <Opcode : 'fadd' 'fsub'> <InPorts = 2> <OutPorts = 1>
ST_9 : Operation 114 [1/1] (0.00ns)   --->   "br label %5" [conv.cpp:24]   --->   Operation 114 'br' <Predicate = true> <Delay = 0.00>

State 10 <SV = 5> <Delay = 1.18>
ST_10 : Operation 115 [1/1] (0.00ns)   --->   "%w_sum_1_1 = phi float [ %w_sum_1_0, %W_Row_Loop ], [ %w_sum_2_1, %W_Col_Loop_end1 ]" [conv.cpp:26]   --->   Operation 115 'phi' 'w_sum_1_1' <Predicate = true> <Delay = 0.00>
ST_10 : Operation 116 [1/1] (0.00ns)   --->   "%wc_0_1 = phi i2 [ 0, %W_Row_Loop ], [ %add_ln21_1, %W_Col_Loop_end1 ]" [conv.cpp:21]   --->   Operation 116 'phi' 'wc_0_1' <Predicate = true> <Delay = 0.00>
ST_10 : Operation 117 [1/1] (0.61ns)   --->   "%icmp_ln21_1 = icmp eq i2 %wc_0_1, -1" [conv.cpp:21]   --->   Operation 117 'icmp' 'icmp_ln21_1' <Predicate = true> <Delay = 0.61> <Core = "Cmp">   --->   Core 25 'Cmp' <Latency = 0> <II = 1> <Delay = 1.48> <FuncUnit> <Opcode : 'icmp'> <InPorts = 2> <OutPorts = 1>
ST_10 : Operation 118 [1/1] (0.00ns)   --->   "%empty_11 = call i32 (...)* @_ssdm_op_SpecLoopTripCount(i64 3, i64 3, i64 3) nounwind"   --->   Operation 118 'speclooptripcount' 'empty_11' <Predicate = true> <Delay = 0.00>
ST_10 : Operation 119 [1/1] (1.00ns)   --->   "%add_ln21_1 = add i2 %wc_0_1, 1" [conv.cpp:21]   --->   Operation 119 'add' 'add_ln21_1' <Predicate = true> <Delay = 1.00> <Core = "AddSub">   --->   Core 14 'AddSub' <Latency = 0> <II = 1> <Delay = 1.36> <FuncUnit> <Opcode : 'add' 'sub'> <InPorts = 2> <OutPorts = 1>
ST_10 : Operation 120 [1/1] (0.00ns)   --->   "br i1 %icmp_ln21_1, label %W_Row_Loop1, label %W_Col_Loop_begin1" [conv.cpp:21]   --->   Operation 120 'br' <Predicate = true> <Delay = 0.00>
ST_10 : Operation 121 [1/1] (0.00ns)   --->   "call void (...)* @_ssdm_op_SpecLoopName([11 x i8]* @p_str5) nounwind" [conv.cpp:22]   --->   Operation 121 'specloopname' <Predicate = (!icmp_ln21_1)> <Delay = 0.00>
ST_10 : Operation 122 [1/1] (0.00ns)   --->   "%tmp_7 = call i32 (...)* @_ssdm_op_SpecRegionBegin([11 x i8]* @p_str5) nounwind" [conv.cpp:22]   --->   Operation 122 'specregionbegin' 'tmp_7' <Predicate = (!icmp_ln21_1)> <Delay = 0.00>
ST_10 : Operation 123 [1/1] (0.00ns)   --->   "%tmp_13 = call i3 @_ssdm_op_BitConcatenate.i3.i2.i1(i2 %wc_0_1, i1 false)" [conv.cpp:26]   --->   Operation 123 'bitconcatenate' 'tmp_13' <Predicate = (!icmp_ln21_1)> <Delay = 0.00>
ST_10 : Operation 124 [1/1] (0.00ns)   --->   "%zext_ln26_2 = zext i3 %tmp_13 to i4" [conv.cpp:26]   --->   Operation 124 'zext' 'zext_ln26_2' <Predicate = (!icmp_ln21_1)> <Delay = 0.00>
ST_10 : Operation 125 [1/1] (1.00ns)   --->   "%add_ln26_1 = add i2 %wc_0_1, %c_0" [conv.cpp:26]   --->   Operation 125 'add' 'add_ln26_1' <Predicate = (!icmp_ln21_1)> <Delay = 1.00> <Core = "AddSub">   --->   Core 14 'AddSub' <Latency = 0> <II = 1> <Delay = 1.36> <FuncUnit> <Opcode : 'add' 'sub'> <InPorts = 2> <OutPorts = 1>
ST_10 : Operation 126 [1/1] (0.00ns)   --->   "%tmp_14 = call i5 @_ssdm_op_BitConcatenate.i5.i2.i2.i1(i2 %r, i2 %add_ln26_1, i1 false)" [conv.cpp:26]   --->   Operation 126 'bitconcatenate' 'tmp_14' <Predicate = (!icmp_ln21_1)> <Delay = 0.00>
ST_10 : Operation 127 [1/1] (0.00ns)   --->   "%zext_ln24_1 = zext i5 %tmp_14 to i6" [conv.cpp:24]   --->   Operation 127 'zext' 'zext_ln24_1' <Predicate = (!icmp_ln21_1)> <Delay = 0.00>
ST_10 : Operation 128 [1/1] (1.18ns)   --->   "br label %8" [conv.cpp:24]   --->   Operation 128 'br' <Predicate = (!icmp_ln21_1)> <Delay = 1.18>
ST_10 : Operation 129 [1/1] (0.00ns)   --->   "%empty_10 = call i32 (...)* @_ssdm_op_SpecRegionEnd([11 x i8]* @p_str3, i32 %tmp_4) nounwind" [conv.cpp:29]   --->   Operation 129 'specregionend' 'empty_10' <Predicate = (icmp_ln21_1)> <Delay = 0.00>
ST_10 : Operation 130 [1/1] (0.00ns)   --->   "%tmp_6 = call i32 (...)* @_ssdm_op_SpecRegionBegin([11 x i8]* @p_str3) nounwind" [conv.cpp:19]   --->   Operation 130 'specregionbegin' 'tmp_6' <Predicate = (icmp_ln21_1)> <Delay = 0.00>
ST_10 : Operation 131 [1/1] (1.18ns)   --->   "br label %10" [conv.cpp:21]   --->   Operation 131 'br' <Predicate = (icmp_ln21_1)> <Delay = 1.18>

State 11 <SV = 6> <Delay = 6.12>
ST_11 : Operation 132 [1/1] (0.00ns)   --->   "%w_sum_2_1 = phi float [ %w_sum_1_1, %W_Col_Loop_begin1 ], [ %w_sum_3_1, %9 ]" [conv.cpp:26]   --->   Operation 132 'phi' 'w_sum_2_1' <Predicate = true> <Delay = 0.00>
ST_11 : Operation 133 [1/1] (0.00ns)   --->   "%ch_0_1 = phi i2 [ 0, %W_Col_Loop_begin1 ], [ %add_ln24_1, %9 ]" [conv.cpp:24]   --->   Operation 133 'phi' 'ch_0_1' <Predicate = true> <Delay = 0.00>
ST_11 : Operation 134 [1/1] (0.61ns)   --->   "%icmp_ln24_1 = icmp eq i2 %ch_0_1, -2" [conv.cpp:24]   --->   Operation 134 'icmp' 'icmp_ln24_1' <Predicate = true> <Delay = 0.61> <Core = "Cmp">   --->   Core 25 'Cmp' <Latency = 0> <II = 1> <Delay = 1.48> <FuncUnit> <Opcode : 'icmp'> <InPorts = 2> <OutPorts = 1>
ST_11 : Operation 135 [1/1] (0.00ns)   --->   "%empty_13 = call i32 (...)* @_ssdm_op_SpecLoopTripCount(i64 2, i64 2, i64 2) nounwind"   --->   Operation 135 'speclooptripcount' 'empty_13' <Predicate = true> <Delay = 0.00>
ST_11 : Operation 136 [1/1] (1.00ns)   --->   "%add_ln24_1 = add i2 %ch_0_1, 1" [conv.cpp:24]   --->   Operation 136 'add' 'add_ln24_1' <Predicate = true> <Delay = 1.00> <Core = "AddSub">   --->   Core 14 'AddSub' <Latency = 0> <II = 1> <Delay = 1.36> <FuncUnit> <Opcode : 'add' 'sub'> <InPorts = 2> <OutPorts = 1>
ST_11 : Operation 137 [1/1] (0.00ns)   --->   "br i1 %icmp_ln24_1, label %W_Col_Loop_end1, label %9" [conv.cpp:24]   --->   Operation 137 'br' <Predicate = true> <Delay = 0.00>
ST_11 : Operation 138 [1/1] (0.00ns)   --->   "%zext_ln26_9 = zext i2 %ch_0_1 to i6" [conv.cpp:26]   --->   Operation 138 'zext' 'zext_ln26_9' <Predicate = (!icmp_ln24_1)> <Delay = 0.00>
ST_11 : Operation 139 [1/1] (0.00ns)   --->   "%zext_ln26_10 = zext i2 %ch_0_1 to i4" [conv.cpp:26]   --->   Operation 139 'zext' 'zext_ln26_10' <Predicate = (!icmp_ln24_1)> <Delay = 0.00>
ST_11 : Operation 140 [1/1] (1.18ns)   --->   "%add_ln26_7 = add i4 %zext_ln26_2, %zext_ln26_10" [conv.cpp:26]   --->   Operation 140 'add' 'add_ln26_7' <Predicate = (!icmp_ln24_1)> <Delay = 1.18> <Core = "AddSub">   --->   Core 14 'AddSub' <Latency = 0> <II = 1> <Delay = 1.36> <FuncUnit> <Opcode : 'add' 'sub'> <InPorts = 2> <OutPorts = 1>
ST_11 : Operation 141 [1/1] (0.00ns)   --->   "%zext_ln26_11 = zext i4 %add_ln26_7 to i6" [conv.cpp:26]   --->   Operation 141 'zext' 'zext_ln26_11' <Predicate = (!icmp_ln24_1)> <Delay = 0.00>
ST_11 : Operation 142 [1/1] (0.00ns)   --->   "%p_shl2_cast = call i6 @_ssdm_op_BitConcatenate.i6.i4.i2(i4 %add_ln26_7, i2 0)" [conv.cpp:26]   --->   Operation 142 'bitconcatenate' 'p_shl2_cast' <Predicate = (!icmp_ln24_1)> <Delay = 0.00>
ST_11 : Operation 143 [1/1] (0.00ns) (grouped into TernaryAdder)   --->   "%sub_ln26_1 = sub i6 %p_shl2_cast, %zext_ln26_11" [conv.cpp:26]   --->   Operation 143 'sub' 'sub_ln26_1' <Predicate = (!icmp_ln24_1)> <Delay = 0.00> <Core = "TAddSub">   --->   Core 83 'TAddSub' <Latency = 0> <II = 1> <Delay = 1.13> <IPBlock> <Opcode : 'add' 'sub'> <InPorts = 3> <OutPorts = 1> <Sync> <CReg>
ST_11 : Operation 144 [1/1] (2.27ns) (root node of TernaryAdder)   --->   "%add_ln26_8 = add i6 %sub_ln26_1, %zext_ln34_2" [conv.cpp:26]   --->   Operation 144 'add' 'add_ln26_8' <Predicate = (!icmp_ln24_1)> <Delay = 2.27> <Core = "TAddSub">   --->   Core 83 'TAddSub' <Latency = 0> <II = 1> <Delay = 1.13> <IPBlock> <Opcode : 'add' 'sub'> <InPorts = 3> <OutPorts = 1> <Sync> <CReg>
ST_11 : Operation 145 [1/1] (0.00ns)   --->   "%zext_ln26_12 = zext i6 %add_ln26_8 to i64" [conv.cpp:26]   --->   Operation 145 'zext' 'zext_ln26_12' <Predicate = (!icmp_ln24_1)> <Delay = 0.00>
ST_11 : Operation 146 [1/1] (0.00ns)   --->   "%conv_weights_1_addr = getelementptr [18 x float]* @conv_weights_1, i64 0, i64 %zext_ln26_12" [conv.cpp:26]   --->   Operation 146 'getelementptr' 'conv_weights_1_addr' <Predicate = (!icmp_ln24_1)> <Delay = 0.00>
ST_11 : Operation 147 [1/1] (1.36ns)   --->   "%add_ln26_9 = add i6 %zext_ln24_1, %zext_ln26_9" [conv.cpp:26]   --->   Operation 147 'add' 'add_ln26_9' <Predicate = (!icmp_ln24_1)> <Delay = 1.36> <Core = "AddSub">   --->   Core 14 'AddSub' <Latency = 0> <II = 1> <Delay = 1.36> <FuncUnit> <Opcode : 'add' 'sub'> <InPorts = 2> <OutPorts = 1>
ST_11 : Operation 148 [1/1] (0.00ns)   --->   "%zext_ln26_13 = zext i6 %add_ln26_9 to i64" [conv.cpp:26]   --->   Operation 148 'zext' 'zext_ln26_13' <Predicate = (!icmp_ln24_1)> <Delay = 0.00>
ST_11 : Operation 149 [1/1] (0.00ns)   --->   "%input_addr_1 = getelementptr [32 x float]* %input_r, i64 0, i64 %zext_ln26_13" [conv.cpp:26]   --->   Operation 149 'getelementptr' 'input_addr_1' <Predicate = (!icmp_ln24_1)> <Delay = 0.00>
ST_11 : Operation 150 [2/2] (2.66ns)   --->   "%conv_weights_1_load = load float* %conv_weights_1_addr, align 4" [conv.cpp:26]   --->   Operation 150 'load' 'conv_weights_1_load' <Predicate = (!icmp_ln24_1)> <Delay = 2.66> <Core = "ROM_nP">   --->   Core 52 'ROM_nP' <Latency = 1> <II = 1> <Delay = 2.66> <Storage> <Opcode : 'load'> <Ports = 0> <Width = 32> <Depth = 18> <ROM>
ST_11 : Operation 151 [2/2] (2.66ns)   --->   "%input_load_1 = load float* %input_addr_1, align 4" [conv.cpp:26]   --->   Operation 151 'load' 'input_load_1' <Predicate = (!icmp_ln24_1)> <Delay = 2.66> <Core = "RAM">   --->   Core 37 'RAM' <Latency = 1> <II = 1> <Delay = 1.42> <Storage> <Opcode : 'load' 'store'> <Ports = 2> <Width = 32> <Depth = 12> <RAM>
ST_11 : Operation 152 [1/1] (0.00ns)   --->   "%empty_12 = call i32 (...)* @_ssdm_op_SpecRegionEnd([11 x i8]* @p_str5, i32 %tmp_7) nounwind" [conv.cpp:28]   --->   Operation 152 'specregionend' 'empty_12' <Predicate = (icmp_ln24_1)> <Delay = 0.00>
ST_11 : Operation 153 [1/1] (0.00ns)   --->   "br label %7" [conv.cpp:21]   --->   Operation 153 'br' <Predicate = (icmp_ln24_1)> <Delay = 0.00>

State 12 <SV = 7> <Delay = 12.7>
ST_12 : Operation 154 [1/2] (2.66ns)   --->   "%conv_weights_1_load = load float* %conv_weights_1_addr, align 4" [conv.cpp:26]   --->   Operation 154 'load' 'conv_weights_1_load' <Predicate = true> <Delay = 2.66> <Core = "ROM_nP">   --->   Core 52 'ROM_nP' <Latency = 1> <II = 1> <Delay = 2.66> <Storage> <Opcode : 'load'> <Ports = 0> <Width = 32> <Depth = 18> <ROM>
ST_12 : Operation 155 [1/2] (2.66ns)   --->   "%input_load_1 = load float* %input_addr_1, align 4" [conv.cpp:26]   --->   Operation 155 'load' 'input_load_1' <Predicate = true> <Delay = 2.66> <Core = "RAM">   --->   Core 37 'RAM' <Latency = 1> <II = 1> <Delay = 1.42> <Storage> <Opcode : 'load' 'store'> <Ports = 2> <Width = 32> <Depth = 12> <RAM>
ST_12 : Operation 156 [2/2] (10.1ns)   --->   "%tmp_1_1 = fmul float %conv_weights_1_load, %input_load_1" [conv.cpp:26]   --->   Operation 156 'fmul' 'tmp_1_1' <Predicate = true> <Delay = 10.1> <Core = "FMul">   --->   Core 106 'FMul' <Latency = 1> <II = 1> <Delay = 10.1> <FuncUnit> <Opcode : 'fmul'> <InPorts = 2> <OutPorts = 1>

State 13 <SV = 8> <Delay = 26.1>
ST_13 : Operation 157 [1/2] (10.1ns)   --->   "%tmp_1_1 = fmul float %conv_weights_1_load, %input_load_1" [conv.cpp:26]   --->   Operation 157 'fmul' 'tmp_1_1' <Predicate = true> <Delay = 10.1> <Core = "FMul">   --->   Core 106 'FMul' <Latency = 1> <II = 1> <Delay = 10.1> <FuncUnit> <Opcode : 'fmul'> <InPorts = 2> <OutPorts = 1>
ST_13 : Operation 158 [2/2] (15.9ns)   --->   "%w_sum_3_1 = fadd float %w_sum_2_1, %tmp_1_1" [conv.cpp:26]   --->   Operation 158 'fadd' 'w_sum_3_1' <Predicate = true> <Delay = 15.9> <Core = "FAddSub">   --->   Core 105 'FAddSub' <Latency = 1> <II = 1> <Delay = 15.9> <FuncUnit> <Opcode : 'fadd' 'fsub'> <InPorts = 2> <OutPorts = 1>

State 14 <SV = 9> <Delay = 15.9>
ST_14 : Operation 159 [1/1] (0.00ns)   --->   "call void (...)* @_ssdm_op_SpecLoopName([10 x i8]* @p_str6) nounwind" [conv.cpp:25]   --->   Operation 159 'specloopname' <Predicate = true> <Delay = 0.00>
ST_14 : Operation 160 [1/2] (15.9ns)   --->   "%w_sum_3_1 = fadd float %w_sum_2_1, %tmp_1_1" [conv.cpp:26]   --->   Operation 160 'fadd' 'w_sum_3_1' <Predicate = true> <Delay = 15.9> <Core = "FAddSub">   --->   Core 105 'FAddSub' <Latency = 1> <II = 1> <Delay = 15.9> <FuncUnit> <Opcode : 'fadd' 'fsub'> <InPorts = 2> <OutPorts = 1>
ST_14 : Operation 161 [1/1] (0.00ns)   --->   "br label %8" [conv.cpp:24]   --->   Operation 161 'br' <Predicate = true> <Delay = 0.00>

State 15 <SV = 6> <Delay = 17.2>
ST_15 : Operation 162 [1/1] (0.00ns)   --->   "%w_sum_1_2 = phi float [ %w_sum_1_1, %W_Row_Loop1 ], [ %w_sum_2_2, %W_Col_Loop_end2 ]" [conv.cpp:26]   --->   Operation 162 'phi' 'w_sum_1_2' <Predicate = true> <Delay = 0.00>
ST_15 : Operation 163 [1/1] (0.00ns)   --->   "%wc_0_2 = phi i2 [ 0, %W_Row_Loop1 ], [ %add_ln21_2, %W_Col_Loop_end2 ]" [conv.cpp:21]   --->   Operation 163 'phi' 'wc_0_2' <Predicate = true> <Delay = 0.00>
ST_15 : Operation 164 [1/1] (0.61ns)   --->   "%icmp_ln21_2 = icmp eq i2 %wc_0_2, -1" [conv.cpp:21]   --->   Operation 164 'icmp' 'icmp_ln21_2' <Predicate = true> <Delay = 0.61> <Core = "Cmp">   --->   Core 25 'Cmp' <Latency = 0> <II = 1> <Delay = 1.48> <FuncUnit> <Opcode : 'icmp'> <InPorts = 2> <OutPorts = 1>
ST_15 : Operation 165 [1/1] (0.00ns)   --->   "%empty_16 = call i32 (...)* @_ssdm_op_SpecLoopTripCount(i64 3, i64 3, i64 3) nounwind"   --->   Operation 165 'speclooptripcount' 'empty_16' <Predicate = true> <Delay = 0.00>
ST_15 : Operation 166 [1/1] (1.00ns)   --->   "%add_ln21_2 = add i2 %wc_0_2, 1" [conv.cpp:21]   --->   Operation 166 'add' 'add_ln21_2' <Predicate = true> <Delay = 1.00> <Core = "AddSub">   --->   Core 14 'AddSub' <Latency = 0> <II = 1> <Delay = 1.36> <FuncUnit> <Opcode : 'add' 'sub'> <InPorts = 2> <OutPorts = 1>
ST_15 : Operation 167 [1/1] (0.00ns)   --->   "br i1 %icmp_ln21_2, label %W_Row_Loop_end, label %W_Col_Loop_begin2" [conv.cpp:21]   --->   Operation 167 'br' <Predicate = true> <Delay = 0.00>
ST_15 : Operation 168 [1/1] (0.00ns)   --->   "call void (...)* @_ssdm_op_SpecLoopName([11 x i8]* @p_str5) nounwind" [conv.cpp:22]   --->   Operation 168 'specloopname' <Predicate = (!icmp_ln21_2)> <Delay = 0.00>
ST_15 : Operation 169 [1/1] (0.00ns)   --->   "%tmp_9 = call i32 (...)* @_ssdm_op_SpecRegionBegin([11 x i8]* @p_str5) nounwind" [conv.cpp:22]   --->   Operation 169 'specregionbegin' 'tmp_9' <Predicate = (!icmp_ln21_2)> <Delay = 0.00>
ST_15 : Operation 170 [1/1] (0.00ns)   --->   "%tmp_15 = call i3 @_ssdm_op_BitConcatenate.i3.i2.i1(i2 %wc_0_2, i1 false)" [conv.cpp:26]   --->   Operation 170 'bitconcatenate' 'tmp_15' <Predicate = (!icmp_ln21_2)> <Delay = 0.00>
ST_15 : Operation 171 [1/1] (0.00ns)   --->   "%zext_ln26_8 = zext i3 %tmp_15 to i4" [conv.cpp:26]   --->   Operation 171 'zext' 'zext_ln26_8' <Predicate = (!icmp_ln21_2)> <Delay = 0.00>
ST_15 : Operation 172 [1/1] (1.00ns)   --->   "%add_ln26_2 = add i2 %wc_0_2, %c_0" [conv.cpp:26]   --->   Operation 172 'add' 'add_ln26_2' <Predicate = (!icmp_ln21_2)> <Delay = 1.00> <Core = "AddSub">   --->   Core 14 'AddSub' <Latency = 0> <II = 1> <Delay = 1.36> <FuncUnit> <Opcode : 'add' 'sub'> <InPorts = 2> <OutPorts = 1>
ST_15 : Operation 173 [1/1] (0.00ns)   --->   "%tmp_16 = call i5 @_ssdm_op_BitConcatenate.i5.i2.i2.i1(i2 %xor_ln26, i2 %add_ln26_2, i1 false)" [conv.cpp:26]   --->   Operation 173 'bitconcatenate' 'tmp_16' <Predicate = (!icmp_ln21_2)> <Delay = 0.00>
ST_15 : Operation 174 [1/1] (0.00ns)   --->   "%zext_ln24_2 = zext i5 %tmp_16 to i6" [conv.cpp:24]   --->   Operation 174 'zext' 'zext_ln24_2' <Predicate = (!icmp_ln21_2)> <Delay = 0.00>
ST_15 : Operation 175 [1/1] (1.18ns)   --->   "br label %11" [conv.cpp:24]   --->   Operation 175 'br' <Predicate = (!icmp_ln21_2)> <Delay = 1.18>
ST_15 : Operation 176 [1/1] (0.61ns)   --->   "%icmp_ln7 = icmp eq i2 %f_0, 0" [aesl_mux_load.3floatP.i2:7->conv.cpp:30]   --->   Operation 176 'icmp' 'icmp_ln7' <Predicate = (icmp_ln21_2)> <Delay = 0.61> <Core = "Cmp">   --->   Core 25 'Cmp' <Latency = 0> <II = 1> <Delay = 1.48> <FuncUnit> <Opcode : 'icmp'> <InPorts = 2> <OutPorts = 1>
ST_15 : Operation 177 [1/1] (0.61ns)   --->   "%icmp_ln7_1 = icmp eq i2 %f_0, 1" [aesl_mux_load.3floatP.i2:7->conv.cpp:30]   --->   Operation 177 'icmp' 'icmp_ln7_1' <Predicate = (icmp_ln21_2)> <Delay = 0.61> <Core = "Cmp">   --->   Core 25 'Cmp' <Latency = 0> <II = 1> <Delay = 1.48> <FuncUnit> <Opcode : 'icmp'> <InPorts = 2> <OutPorts = 1>
ST_15 : Operation 178 [1/1] (0.00ns) (grouped into LUT with out node merge_i)   --->   "%select_ln7_i = select i1 %icmp_ln7_1, float 2.000000e+00, float 1.000000e+00" [aesl_mux_load.3floatP.i2:7->conv.cpp:30]   --->   Operation 178 'select' 'select_ln7_i' <Predicate = (icmp_ln21_2)> <Delay = 0.00> <Core = "Sel">   --->   Core 26 'Sel' <Latency = 0> <II = 1> <Delay = 0.61> <FuncUnit> <Opcode : 'select'> <InPorts = 3> <OutPorts = 1>
ST_15 : Operation 179 [1/1] (0.00ns) (grouped into LUT with out node merge_i)   --->   "%empty_15 = or i1 %icmp_ln7_1, %icmp_ln7" [aesl_mux_load.3floatP.i2:7->conv.cpp:30]   --->   Operation 179 'or' 'empty_15' <Predicate = (icmp_ln21_2)> <Delay = 0.00> <Core = "LogicGate">   --->   Core 27 'LogicGate' <Latency = 0> <II = 1> <Delay = 0.61> <FuncUnit> <Opcode : 'and' 'or' 'xor'> <InPorts = 2> <OutPorts = 1>
ST_15 : Operation 180 [1/1] (0.61ns) (out node of the LUT)   --->   "%merge_i = select i1 %empty_15, float %select_ln7_i, float 1.500000e+00" [aesl_mux_load.3floatP.i2:7->conv.cpp:30]   --->   Operation 180 'select' 'merge_i' <Predicate = (icmp_ln21_2)> <Delay = 0.61> <Core = "Sel">   --->   Core 26 'Sel' <Latency = 0> <II = 1> <Delay = 0.61> <FuncUnit> <Opcode : 'select'> <InPorts = 3> <OutPorts = 1>
ST_15 : Operation 181 [2/2] (15.9ns)   --->   "%w_sum = fadd float %w_sum_1_2, %merge_i" [conv.cpp:30]   --->   Operation 181 'fadd' 'w_sum' <Predicate = (icmp_ln21_2)> <Delay = 15.9> <Core = "FAddSub">   --->   Core 105 'FAddSub' <Latency = 1> <II = 1> <Delay = 15.9> <FuncUnit> <Opcode : 'fadd' 'fsub'> <InPorts = 2> <OutPorts = 1>

State 16 <SV = 7> <Delay = 6.12>
ST_16 : Operation 182 [1/1] (0.00ns)   --->   "%w_sum_2_2 = phi float [ %w_sum_1_2, %W_Col_Loop_begin2 ], [ %w_sum_3_2, %12 ]" [conv.cpp:26]   --->   Operation 182 'phi' 'w_sum_2_2' <Predicate = true> <Delay = 0.00>
ST_16 : Operation 183 [1/1] (0.00ns)   --->   "%ch_0_2 = phi i2 [ 0, %W_Col_Loop_begin2 ], [ %add_ln24_2, %12 ]" [conv.cpp:24]   --->   Operation 183 'phi' 'ch_0_2' <Predicate = true> <Delay = 0.00>
ST_16 : Operation 184 [1/1] (0.61ns)   --->   "%icmp_ln24_2 = icmp eq i2 %ch_0_2, -2" [conv.cpp:24]   --->   Operation 184 'icmp' 'icmp_ln24_2' <Predicate = true> <Delay = 0.61> <Core = "Cmp">   --->   Core 25 'Cmp' <Latency = 0> <II = 1> <Delay = 1.48> <FuncUnit> <Opcode : 'icmp'> <InPorts = 2> <OutPorts = 1>
ST_16 : Operation 185 [1/1] (0.00ns)   --->   "%empty_18 = call i32 (...)* @_ssdm_op_SpecLoopTripCount(i64 2, i64 2, i64 2) nounwind"   --->   Operation 185 'speclooptripcount' 'empty_18' <Predicate = true> <Delay = 0.00>
ST_16 : Operation 186 [1/1] (1.00ns)   --->   "%add_ln24_2 = add i2 %ch_0_2, 1" [conv.cpp:24]   --->   Operation 186 'add' 'add_ln24_2' <Predicate = true> <Delay = 1.00> <Core = "AddSub">   --->   Core 14 'AddSub' <Latency = 0> <II = 1> <Delay = 1.36> <FuncUnit> <Opcode : 'add' 'sub'> <InPorts = 2> <OutPorts = 1>
ST_16 : Operation 187 [1/1] (0.00ns)   --->   "br i1 %icmp_ln24_2, label %W_Col_Loop_end2, label %12" [conv.cpp:24]   --->   Operation 187 'br' <Predicate = true> <Delay = 0.00>
ST_16 : Operation 188 [1/1] (0.00ns)   --->   "%zext_ln26_14 = zext i2 %ch_0_2 to i6" [conv.cpp:26]   --->   Operation 188 'zext' 'zext_ln26_14' <Predicate = (!icmp_ln24_2)> <Delay = 0.00>
ST_16 : Operation 189 [1/1] (0.00ns)   --->   "%zext_ln26_15 = zext i2 %ch_0_2 to i4" [conv.cpp:26]   --->   Operation 189 'zext' 'zext_ln26_15' <Predicate = (!icmp_ln24_2)> <Delay = 0.00>
ST_16 : Operation 190 [1/1] (1.18ns)   --->   "%add_ln26_10 = add i4 %zext_ln26_8, %zext_ln26_15" [conv.cpp:26]   --->   Operation 190 'add' 'add_ln26_10' <Predicate = (!icmp_ln24_2)> <Delay = 1.18> <Core = "AddSub">   --->   Core 14 'AddSub' <Latency = 0> <II = 1> <Delay = 1.36> <FuncUnit> <Opcode : 'add' 'sub'> <InPorts = 2> <OutPorts = 1>
ST_16 : Operation 191 [1/1] (0.00ns)   --->   "%zext_ln26_16 = zext i4 %add_ln26_10 to i6" [conv.cpp:26]   --->   Operation 191 'zext' 'zext_ln26_16' <Predicate = (!icmp_ln24_2)> <Delay = 0.00>
ST_16 : Operation 192 [1/1] (0.00ns)   --->   "%p_shl3_cast = call i6 @_ssdm_op_BitConcatenate.i6.i4.i2(i4 %add_ln26_10, i2 0)" [conv.cpp:26]   --->   Operation 192 'bitconcatenate' 'p_shl3_cast' <Predicate = (!icmp_ln24_2)> <Delay = 0.00>
ST_16 : Operation 193 [1/1] (0.00ns) (grouped into TernaryAdder)   --->   "%sub_ln26_2 = sub i6 %p_shl3_cast, %zext_ln26_16" [conv.cpp:26]   --->   Operation 193 'sub' 'sub_ln26_2' <Predicate = (!icmp_ln24_2)> <Delay = 0.00> <Core = "TAddSub">   --->   Core 83 'TAddSub' <Latency = 0> <II = 1> <Delay = 1.13> <IPBlock> <Opcode : 'add' 'sub'> <InPorts = 3> <OutPorts = 1> <Sync> <CReg>
ST_16 : Operation 194 [1/1] (2.27ns) (root node of TernaryAdder)   --->   "%add_ln26_11 = add i6 %sub_ln26_2, %zext_ln34_2" [conv.cpp:26]   --->   Operation 194 'add' 'add_ln26_11' <Predicate = (!icmp_ln24_2)> <Delay = 2.27> <Core = "TAddSub">   --->   Core 83 'TAddSub' <Latency = 0> <II = 1> <Delay = 1.13> <IPBlock> <Opcode : 'add' 'sub'> <InPorts = 3> <OutPorts = 1> <Sync> <CReg>
ST_16 : Operation 195 [1/1] (0.00ns)   --->   "%zext_ln26_17 = zext i6 %add_ln26_11 to i64" [conv.cpp:26]   --->   Operation 195 'zext' 'zext_ln26_17' <Predicate = (!icmp_ln24_2)> <Delay = 0.00>
ST_16 : Operation 196 [1/1] (0.00ns)   --->   "%conv_weights_2_addr = getelementptr [18 x float]* @conv_weights_2, i64 0, i64 %zext_ln26_17" [conv.cpp:26]   --->   Operation 196 'getelementptr' 'conv_weights_2_addr' <Predicate = (!icmp_ln24_2)> <Delay = 0.00>
ST_16 : Operation 197 [1/1] (1.36ns)   --->   "%add_ln26_12 = add i6 %zext_ln24_2, %zext_ln26_14" [conv.cpp:26]   --->   Operation 197 'add' 'add_ln26_12' <Predicate = (!icmp_ln24_2)> <Delay = 1.36> <Core = "AddSub">   --->   Core 14 'AddSub' <Latency = 0> <II = 1> <Delay = 1.36> <FuncUnit> <Opcode : 'add' 'sub'> <InPorts = 2> <OutPorts = 1>
ST_16 : Operation 198 [1/1] (0.00ns)   --->   "%zext_ln26_18 = zext i6 %add_ln26_12 to i64" [conv.cpp:26]   --->   Operation 198 'zext' 'zext_ln26_18' <Predicate = (!icmp_ln24_2)> <Delay = 0.00>
ST_16 : Operation 199 [1/1] (0.00ns)   --->   "%input_addr_2 = getelementptr [32 x float]* %input_r, i64 0, i64 %zext_ln26_18" [conv.cpp:26]   --->   Operation 199 'getelementptr' 'input_addr_2' <Predicate = (!icmp_ln24_2)> <Delay = 0.00>
ST_16 : Operation 200 [2/2] (2.66ns)   --->   "%conv_weights_2_load = load float* %conv_weights_2_addr, align 4" [conv.cpp:26]   --->   Operation 200 'load' 'conv_weights_2_load' <Predicate = (!icmp_ln24_2)> <Delay = 2.66> <Core = "ROM_nP">   --->   Core 52 'ROM_nP' <Latency = 1> <II = 1> <Delay = 2.66> <Storage> <Opcode : 'load'> <Ports = 0> <Width = 32> <Depth = 18> <ROM>
ST_16 : Operation 201 [2/2] (2.66ns)   --->   "%input_load_2 = load float* %input_addr_2, align 4" [conv.cpp:26]   --->   Operation 201 'load' 'input_load_2' <Predicate = (!icmp_ln24_2)> <Delay = 2.66> <Core = "RAM">   --->   Core 37 'RAM' <Latency = 1> <II = 1> <Delay = 1.42> <Storage> <Opcode : 'load' 'store'> <Ports = 2> <Width = 32> <Depth = 12> <RAM>
ST_16 : Operation 202 [1/1] (0.00ns)   --->   "%empty_17 = call i32 (...)* @_ssdm_op_SpecRegionEnd([11 x i8]* @p_str5, i32 %tmp_9) nounwind" [conv.cpp:28]   --->   Operation 202 'specregionend' 'empty_17' <Predicate = (icmp_ln24_2)> <Delay = 0.00>
ST_16 : Operation 203 [1/1] (0.00ns)   --->   "br label %10" [conv.cpp:21]   --->   Operation 203 'br' <Predicate = (icmp_ln24_2)> <Delay = 0.00>

State 17 <SV = 8> <Delay = 12.7>
ST_17 : Operation 204 [1/2] (2.66ns)   --->   "%conv_weights_2_load = load float* %conv_weights_2_addr, align 4" [conv.cpp:26]   --->   Operation 204 'load' 'conv_weights_2_load' <Predicate = true> <Delay = 2.66> <Core = "ROM_nP">   --->   Core 52 'ROM_nP' <Latency = 1> <II = 1> <Delay = 2.66> <Storage> <Opcode : 'load'> <Ports = 0> <Width = 32> <Depth = 18> <ROM>
ST_17 : Operation 205 [1/2] (2.66ns)   --->   "%input_load_2 = load float* %input_addr_2, align 4" [conv.cpp:26]   --->   Operation 205 'load' 'input_load_2' <Predicate = true> <Delay = 2.66> <Core = "RAM">   --->   Core 37 'RAM' <Latency = 1> <II = 1> <Delay = 1.42> <Storage> <Opcode : 'load' 'store'> <Ports = 2> <Width = 32> <Depth = 12> <RAM>
ST_17 : Operation 206 [2/2] (10.1ns)   --->   "%tmp_1_2 = fmul float %conv_weights_2_load, %input_load_2" [conv.cpp:26]   --->   Operation 206 'fmul' 'tmp_1_2' <Predicate = true> <Delay = 10.1> <Core = "FMul">   --->   Core 106 'FMul' <Latency = 1> <II = 1> <Delay = 10.1> <FuncUnit> <Opcode : 'fmul'> <InPorts = 2> <OutPorts = 1>

State 18 <SV = 9> <Delay = 26.1>
ST_18 : Operation 207 [1/2] (10.1ns)   --->   "%tmp_1_2 = fmul float %conv_weights_2_load, %input_load_2" [conv.cpp:26]   --->   Operation 207 'fmul' 'tmp_1_2' <Predicate = true> <Delay = 10.1> <Core = "FMul">   --->   Core 106 'FMul' <Latency = 1> <II = 1> <Delay = 10.1> <FuncUnit> <Opcode : 'fmul'> <InPorts = 2> <OutPorts = 1>
ST_18 : Operation 208 [2/2] (15.9ns)   --->   "%w_sum_3_2 = fadd float %w_sum_2_2, %tmp_1_2" [conv.cpp:26]   --->   Operation 208 'fadd' 'w_sum_3_2' <Predicate = true> <Delay = 15.9> <Core = "FAddSub">   --->   Core 105 'FAddSub' <Latency = 1> <II = 1> <Delay = 15.9> <FuncUnit> <Opcode : 'fadd' 'fsub'> <InPorts = 2> <OutPorts = 1>

State 19 <SV = 10> <Delay = 15.9>
ST_19 : Operation 209 [1/1] (0.00ns)   --->   "call void (...)* @_ssdm_op_SpecLoopName([10 x i8]* @p_str6) nounwind" [conv.cpp:25]   --->   Operation 209 'specloopname' <Predicate = true> <Delay = 0.00>
ST_19 : Operation 210 [1/2] (15.9ns)   --->   "%w_sum_3_2 = fadd float %w_sum_2_2, %tmp_1_2" [conv.cpp:26]   --->   Operation 210 'fadd' 'w_sum_3_2' <Predicate = true> <Delay = 15.9> <Core = "FAddSub">   --->   Core 105 'FAddSub' <Latency = 1> <II = 1> <Delay = 15.9> <FuncUnit> <Opcode : 'fadd' 'fsub'> <InPorts = 2> <OutPorts = 1>
ST_19 : Operation 211 [1/1] (0.00ns)   --->   "br label %11" [conv.cpp:24]   --->   Operation 211 'br' <Predicate = true> <Delay = 0.00>

State 20 <SV = 7> <Delay = 33.7>
ST_20 : Operation 212 [1/1] (0.00ns)   --->   "%empty_14 = call i32 (...)* @_ssdm_op_SpecRegionEnd([11 x i8]* @p_str3, i32 %tmp_6) nounwind" [conv.cpp:29]   --->   Operation 212 'specregionend' 'empty_14' <Predicate = true> <Delay = 0.00>
ST_20 : Operation 213 [1/2] (15.9ns)   --->   "%w_sum = fadd float %w_sum_1_2, %merge_i" [conv.cpp:30]   --->   Operation 213 'fadd' 'w_sum' <Predicate = true> <Delay = 15.9> <Core = "FAddSub">   --->   Core 105 'FAddSub' <Latency = 1> <II = 1> <Delay = 15.9> <FuncUnit> <Opcode : 'fadd' 'fsub'> <InPorts = 2> <OutPorts = 1>
ST_20 : Operation 214 [1/1] (0.00ns)   --->   "%bitcast_ln33 = bitcast float %w_sum to i32" [conv.cpp:33]   --->   Operation 214 'bitcast' 'bitcast_ln33' <Predicate = true> <Delay = 0.00>
ST_20 : Operation 215 [1/1] (0.00ns)   --->   "%tmp = call i8 @_ssdm_op_PartSelect.i8.i32.i32.i32(i32 %bitcast_ln33, i32 23, i32 30)" [conv.cpp:33]   --->   Operation 215 'partselect' 'tmp' <Predicate = true> <Delay = 0.00>
ST_20 : Operation 216 [1/1] (0.00ns)   --->   "%trunc_ln33 = trunc i32 %bitcast_ln33 to i23" [conv.cpp:33]   --->   Operation 216 'trunc' 'trunc_ln33' <Predicate = true> <Delay = 0.00>
ST_20 : Operation 217 [1/1] (1.12ns)   --->   "%icmp_ln33 = icmp ne i8 %tmp, -1" [conv.cpp:33]   --->   Operation 217 'icmp' 'icmp_ln33' <Predicate = true> <Delay = 1.12> <Core = "Cmp">   --->   Core 25 'Cmp' <Latency = 0> <II = 1> <Delay = 1.48> <FuncUnit> <Opcode : 'icmp'> <InPorts = 2> <OutPorts = 1>
ST_20 : Operation 218 [1/1] (1.48ns)   --->   "%icmp_ln33_1 = icmp eq i23 %trunc_ln33, 0" [conv.cpp:33]   --->   Operation 218 'icmp' 'icmp_ln33_1' <Predicate = true> <Delay = 1.48> <Core = "Cmp">   --->   Core 25 'Cmp' <Latency = 0> <II = 1> <Delay = 1.48> <FuncUnit> <Opcode : 'icmp'> <InPorts = 2> <OutPorts = 1>
ST_20 : Operation 219 [1/1] (0.00ns) (grouped into LUT with out node w_sum_1)   --->   "%or_ln33 = or i1 %icmp_ln33_1, %icmp_ln33" [conv.cpp:33]   --->   Operation 219 'or' 'or_ln33' <Predicate = true> <Delay = 0.00> <Core = "LogicGate">   --->   Core 27 'LogicGate' <Latency = 0> <II = 1> <Delay = 0.61> <FuncUnit> <Opcode : 'and' 'or' 'xor'> <InPorts = 2> <OutPorts = 1>
ST_20 : Operation 220 [1/1] (15.7ns)   --->   "%tmp_8 = fcmp ogt float %w_sum, 0.000000e+00" [conv.cpp:33]   --->   Operation 220 'fcmp' 'tmp_8' <Predicate = true> <Delay = 15.7> <Core = "FCmp">   --->   Core 111 'FCmp' <Latency = 0> <II = 1> <Delay = 15.7> <FuncUnit> <Opcode : 'fcmp'> <InPorts = 2> <OutPorts = 1>
ST_20 : Operation 221 [1/1] (0.00ns) (grouped into LUT with out node w_sum_1)   --->   "%and_ln33 = and i1 %or_ln33, %tmp_8" [conv.cpp:33]   --->   Operation 221 'and' 'and_ln33' <Predicate = true> <Delay = 0.00> <Core = "LogicGate">   --->   Core 27 'LogicGate' <Latency = 0> <II = 1> <Delay = 0.61> <FuncUnit> <Opcode : 'and' 'or' 'xor'> <InPorts = 2> <OutPorts = 1>
ST_20 : Operation 222 [1/1] (0.61ns) (out node of the LUT)   --->   "%w_sum_1 = select i1 %and_ln33, float %w_sum, float 0.000000e+00" [conv.cpp:33]   --->   Operation 222 'select' 'w_sum_1' <Predicate = true> <Delay = 0.61> <Core = "Sel">   --->   Core 26 'Sel' <Latency = 0> <II = 1> <Delay = 0.61> <FuncUnit> <Opcode : 'select'> <InPorts = 3> <OutPorts = 1>
ST_20 : Operation 223 [1/1] (1.42ns)   --->   "store float %w_sum_1, float* %conv_out_addr, align 4" [conv.cpp:34]   --->   Operation 223 'store' <Predicate = true> <Delay = 1.42> <Core = "RAM">   --->   Core 37 'RAM' <Latency = 1> <II = 1> <Delay = 1.42> <Storage> <Opcode : 'load' 'store'> <Ports = 2> <Width = 32> <Depth = 12> <RAM>
ST_20 : Operation 224 [1/1] (0.00ns)   --->   "br label %3" [conv.cpp:14]   --->   Operation 224 'br' <Predicate = true> <Delay = 0.00>


============================================================
+ Verbose Summary: Timing violations
============================================================
Target clock period: 40ns, clock uncertainty: 5ns.

 <State 1>: 1.18ns
The critical path consists of the following:
	multiplexor before 'phi' operation ('r') with incoming values : ('r', conv.cpp:26) [14]  (1.18 ns)

 <State 2>: 1.18ns
The critical path consists of the following:
	multiplexor before 'phi' operation ('c') with incoming values : ('c', conv.cpp:11) [27]  (1.18 ns)

 <State 3>: 2.55ns
The critical path consists of the following:
	'phi' operation ('c') with incoming values : ('c', conv.cpp:11) [27]  (0 ns)
	'add' operation ('add_ln34', conv.cpp:34) [36]  (1.18 ns)
	'sub' operation ('sub_ln34', conv.cpp:34) [40]  (1.37 ns)

 <State 4>: 1.37ns
The critical path consists of the following:
	'phi' operation ('f') with incoming values : ('f', conv.cpp:14) [43]  (0 ns)
	'add' operation ('add_ln34_1', conv.cpp:34) [52]  (1.37 ns)

 <State 5>: 1.18ns
The critical path consists of the following:
	multiplexor before 'phi' operation ('w_sum_2_0', conv.cpp:26) with incoming values : ('w_sum_3', conv.cpp:26) [74]  (1.18 ns)

 <State 6>: 6.12ns
The critical path consists of the following:
	'phi' operation ('ch_0_0', conv.cpp:24) with incoming values : ('add_ln24', conv.cpp:24) [75]  (0 ns)
	'add' operation ('add_ln26_4', conv.cpp:26) [84]  (1.18 ns)
	'sub' operation ('sub_ln26', conv.cpp:26) [87]  (0 ns)
	'add' operation ('add_ln26_5', conv.cpp:26) [88]  (2.27 ns)
	'getelementptr' operation ('conv_weights_0_addr', conv.cpp:26) [90]  (0 ns)
	'load' operation ('conv_weights_0_load', conv.cpp:26) on array 'conv_weights_0' [94]  (2.66 ns)

 <State 7>: 12.8ns
The critical path consists of the following:
	'load' operation ('conv_weights_0_load', conv.cpp:26) on array 'conv_weights_0' [94]  (2.66 ns)
	'fmul' operation ('tmp_s', conv.cpp:26) [96]  (10.1 ns)

 <State 8>: 26.1ns
The critical path consists of the following:
	'fmul' operation ('tmp_s', conv.cpp:26) [96]  (10.1 ns)
	'fadd' operation ('w_sum_3', conv.cpp:26) [97]  (16 ns)

 <State 9>: 16ns
The critical path consists of the following:
	'fadd' operation ('w_sum_3', conv.cpp:26) [97]  (16 ns)

 <State 10>: 1.18ns
The critical path consists of the following:
	multiplexor before 'phi' operation ('w_sum_2_1', conv.cpp:26) with incoming values : ('w_sum_3', conv.cpp:26) ('w_sum_3_1', conv.cpp:26) [123]  (1.18 ns)

 <State 11>: 6.12ns
The critical path consists of the following:
	'phi' operation ('ch_0_1', conv.cpp:24) with incoming values : ('add_ln24_1', conv.cpp:24) [124]  (0 ns)
	'add' operation ('add_ln26_7', conv.cpp:26) [133]  (1.18 ns)
	'sub' operation ('sub_ln26_1', conv.cpp:26) [136]  (0 ns)
	'add' operation ('add_ln26_8', conv.cpp:26) [137]  (2.27 ns)
	'getelementptr' operation ('conv_weights_1_addr', conv.cpp:26) [139]  (0 ns)
	'load' operation ('conv_weights_1_load', conv.cpp:26) on array 'conv_weights_1' [143]  (2.66 ns)

 <State 12>: 12.8ns
The critical path consists of the following:
	'load' operation ('conv_weights_1_load', conv.cpp:26) on array 'conv_weights_1' [143]  (2.66 ns)
	'fmul' operation ('tmp_1_1', conv.cpp:26) [145]  (10.1 ns)

 <State 13>: 26.1ns
The critical path consists of the following:
	'fmul' operation ('tmp_1_1', conv.cpp:26) [145]  (10.1 ns)
	'fadd' operation ('w_sum_3_1', conv.cpp:26) [146]  (16 ns)

 <State 14>: 16ns
The critical path consists of the following:
	'fadd' operation ('w_sum_3_1', conv.cpp:26) [146]  (16 ns)

 <State 15>: 17.2ns
The critical path consists of the following:
	'icmp' operation ('icmp_ln7', aesl_mux_load.3floatP.i2:7->conv.cpp:30) [202]  (0.61 ns)
	'or' operation ('empty_15', aesl_mux_load.3floatP.i2:7->conv.cpp:30) [205]  (0 ns)
	'select' operation ('merge_i', aesl_mux_load.3floatP.i2:7->conv.cpp:30) [206]  (0.616 ns)
	'fadd' operation ('w_sum', conv.cpp:30) [207]  (16 ns)

 <State 16>: 6.12ns
The critical path consists of the following:
	'phi' operation ('ch_0_2', conv.cpp:24) with incoming values : ('add_ln24_2', conv.cpp:24) [173]  (0 ns)
	'add' operation ('add_ln26_10', conv.cpp:26) [182]  (1.18 ns)
	'sub' operation ('sub_ln26_2', conv.cpp:26) [185]  (0 ns)
	'add' operation ('add_ln26_11', conv.cpp:26) [186]  (2.27 ns)
	'getelementptr' operation ('conv_weights_2_addr', conv.cpp:26) [188]  (0 ns)
	'load' operation ('conv_weights_2_load', conv.cpp:26) on array 'conv_weights_2' [192]  (2.66 ns)

 <State 17>: 12.8ns
The critical path consists of the following:
	'load' operation ('conv_weights_2_load', conv.cpp:26) on array 'conv_weights_2' [192]  (2.66 ns)
	'fmul' operation ('tmp_1_2', conv.cpp:26) [194]  (10.1 ns)

 <State 18>: 26.1ns
The critical path consists of the following:
	'fmul' operation ('tmp_1_2', conv.cpp:26) [194]  (10.1 ns)
	'fadd' operation ('w_sum_3_2', conv.cpp:26) [195]  (16 ns)

 <State 19>: 16ns
The critical path consists of the following:
	'fadd' operation ('w_sum_3_2', conv.cpp:26) [195]  (16 ns)

 <State 20>: 33.8ns
The critical path consists of the following:
	'fadd' operation ('w_sum', conv.cpp:30) [207]  (16 ns)
	'fcmp' operation ('tmp_8', conv.cpp:33) [214]  (15.8 ns)
	'and' operation ('and_ln33', conv.cpp:33) [215]  (0 ns)
	'select' operation ('w_sum', conv.cpp:33) [216]  (0.616 ns)
	'store' operation ('store_ln34', conv.cpp:34) of variable 'w_sum', conv.cpp:33 on array 'conv_out' [217]  (1.43 ns)


============================================================
+ Verbose Summary: Binding
============================================================
N/A
* FSMD analyzer results:
  - Output states:
 - Input state : 
  - Chain level:
	State 1
	State 2
	State 3
	State 4
	State 5
	State 6
	State 7
	State 8
	State 9
	State 10
	State 11
	State 12
	State 13
	State 14
	State 15
	State 16
	State 17
	State 18
	State 19
	State 20


============================================================
+ Verbose Summary: Datapath Resource usage 
============================================================
N/A
