

================================================================
== Vivado HLS Report for 'cnn'
================================================================
* Date:           Thu Aug  8 09:27:36 2024

* Version:        2019.1 (Build 2552052 on Fri May 24 15:28:33 MDT 2019)
* Project:        cnn_ap_lp
* Solution:       conv2_fp5
* Product family: zynq
* Target device:  xc7z020-clg400-1


================================================================
== Performance Estimates
================================================================
+ Timing (ns): 
    * Summary: 
    +--------+-------+----------+------------+
    |  Clock | Target| Estimated| Uncertainty|
    +--------+-------+----------+------------+
    |ap_clk  |  20.00|    16.990|        2.50|
    +--------+-------+----------+------------+

+ Latency (clock cycles): 
    * Summary: 
    +--------+--------+--------+--------+---------+
    |     Latency     |     Interval    | Pipeline|
    |   min  |   max  |   min  |   max  |   Type  |
    +--------+--------+--------+--------+---------+
    |  245396|  257380|  245396|  257380|   none  |
    +--------+--------+--------+--------+---------+

    + Detail: 
        * Instance: 
        +-----------------------+------------+--------+--------+--------+--------+---------+
        |                       |            |     Latency     |     Interval    | Pipeline|
        |        Instance       |   Module   |   min  |   max  |   min  |   max  |   Type  |
        +-----------------------+------------+--------+--------+--------+--------+---------+
        |grp_conv_2_fu_734      |conv_2      |   61953|   65825|   61953|   65825|   none  |
        |grp_conv_1_fu_754      |conv_1      |  114973|  123085|  114973|  123085|   none  |
        |grp_soft_max_fu_764    |soft_max    |     343|     343|     343|     343|   none  |
        |grp_max_pool_1_fu_776  |max_pool_1  |   14365|   14365|   14365|   14365|   none  |
        |grp_max_pool_2_fu_782  |max_pool_2  |    5793|    5793|    5793|    5793|   none  |
        |grp_flat_fu_788        |flat        |     861|     861|     861|     861|   none  |
        +-----------------------+------------+--------+--------+--------+--------+---------+

        * Loop: 
        +--------------+-------+-------+----------+-----------+-----------+------+----------+
        |              |    Latency    | Iteration|  Initiation Interval  | Trip |          |
        |   Loop Name  |  min  |  max  |  Latency |  achieved |   target  | Count| Pipelined|
        +--------------+-------+-------+----------+-----------+-----------+------+----------+
        |- Loop 1      |   3192|   3192|       114|          -|          -|    28|    no    |
        | + Loop 1.1   |    112|    112|         4|          -|          -|    28|    no    |
        |- DENSE_LOOP  |  40150|  40150|       803|          -|          -|    50|    no    |
        | + FLAT_LOOP  |    800|    800|         2|          -|          -|   400|    no    |
        |- DENSE_LOOP  |   3090|   3090|       103|          -|          -|    30|    no    |
        | + FLAT_LOOP  |    100|    100|         2|          -|          -|    50|    no    |
        |- Dense_Loop  |    630|    630|        63|          -|          -|    10|    no    |
        | + Flat_Loop  |     60|     60|         2|          -|          -|    30|    no    |
        |- Loop 5      |     30|     30|         3|          -|          -|    10|    no    |
        +--------------+-------+-------+----------+-----------+-----------+------+----------+



================================================================
== Utilization Estimates
================================================================
* Summary: 
+-----------------+---------+-------+--------+-------+-----+
|       Name      | BRAM_18K| DSP48E|   FF   |  LUT  | URAM|
+-----------------+---------+-------+--------+-------+-----+
|DSP              |        -|      3|       -|      -|    -|
|Expression       |        -|      -|      40|   1696|    -|
|FIFO             |        -|      -|       -|      -|    -|
|Instance         |        6|     12|    1772|   5905|    -|
|Memory           |       30|      -|     131|     36|    0|
|Multiplexer      |        -|      -|       -|    875|    -|
|Register         |        -|      -|     406|      -|    -|
+-----------------+---------+-------+--------+-------+-----+
|Total            |       36|     15|    2349|   8512|    0|
+-----------------+---------+-------+--------+-------+-----+
|Available        |      280|    220|  106400|  53200|    0|
+-----------------+---------+-------+--------+-------+-----+
|Utilization (%)  |       12|      6|       2|     16|    0|
+-----------------+---------+-------+--------+-------+-----+

+ Detail: 
    * Instance: 
    +--------------------------+----------------------+---------+-------+-----+------+-----+
    |         Instance         |        Module        | BRAM_18K| DSP48E|  FF |  LUT | URAM|
    +--------------------------+----------------------+---------+-------+-----+------+-----+
    |cnn_fpext_32ns_64Aem_U45  |cnn_fpext_32ns_64Aem  |        0|      0|  100|   138|    0|
    |grp_conv_1_fu_754         |conv_1                |        0|      1|  401|  1808|    0|
    |grp_conv_2_fu_734         |conv_2                |        6|      8|  453|  2131|    0|
    |grp_flat_fu_788           |flat                  |        0|      0|   84|   244|    0|
    |grp_max_pool_1_fu_776     |max_pool_1            |        0|      0|  104|   366|    0|
    |grp_max_pool_2_fu_782     |max_pool_2            |        0|      0|   95|   347|    0|
    |grp_soft_max_fu_764       |soft_max              |        0|      3|  535|   871|    0|
    +--------------------------+----------------------+---------+-------+-----+------+-----+
    |Total                     |                      |        6|     12| 1772|  5905|    0|
    +--------------------------+----------------------+---------+-------+-----+------+-----+

    * DSP48E: 
    +--------------------------+----------------------+--------------+
    |         Instance         |        Module        |  Expression  |
    +--------------------------+----------------------+--------------+
    |cnn_mac_muladd_13DeQ_U48  |cnn_mac_muladd_13DeQ  | i0 * i1 + i2 |
    |cnn_mac_muladd_9sBew_U46  |cnn_mac_muladd_9sBew  | i0 * i1 + i2 |
    |cnn_mac_muladd_9sCeG_U47  |cnn_mac_muladd_9sCeG  | i0 * i1 + i2 |
    +--------------------------+----------------------+--------------+

    * Memory: 
    +-----------------------+----------------------+---------+----+----+-----+-------+-----+------+-------------+
    |         Memory        |        Module        | BRAM_18K| FF | LUT| URAM| Words | Bits| Banks| W*Bits*Banks|
    +-----------------------+----------------------+---------+----+----+-----+-------+-----+------+-------------+
    |conv_1_input_V_U       |cnn_conv_1_input_V    |        1|   0|   0|    0|    784|   14|     1|        10976|
    |conv_1_out_V_U         |cnn_conv_1_out_V      |        4|   0|   0|    0|   4056|   14|     1|        56784|
    |conv_2_out_V_U         |cnn_conv_2_out_V      |        2|   0|   0|    0|   1936|   14|     1|        27104|
    |dense_1_bias_V_U       |cnn_dense_1_bias_V    |        0|   6|   5|    0|     50|    6|     1|          300|
    |dense_1_out_V_U        |cnn_dense_1_out_V     |        0|  26|  11|    0|     50|   13|     1|          650|
    |dense_1_weights_V_U    |cnn_dense_1_weighudo  |       18|   0|   0|    0|  20000|    9|     1|       180000|
    |dense_2_bias_V_U       |cnn_dense_2_bias_V    |        0|   9|   5|    0|     30|    9|     1|          270|
    |dense_2_out_V_U        |cnn_dense_2_out_V     |        0|  26|   7|    0|     30|   13|     1|          390|
    |dense_2_weights_V_U    |cnn_dense_2_weighvdy  |        1|   0|   0|    0|   1500|    9|     1|        13500|
    |dense_array_V_U        |cnn_dense_array_V     |        0|  28|   3|    0|     10|   14|     1|          140|
    |prediction_V_U         |cnn_dense_array_V     |        0|  28|   3|    0|     10|   14|     1|          140|
    |dense_out_bias_V_U     |cnn_dense_out_biaxdS  |        0|   8|   2|    0|     10|    8|     1|           80|
    |dense_out_weights_V_U  |cnn_dense_out_weiwdI  |        1|   0|   0|    0|    300|    9|     1|         2700|
    |max_pool_1_out_V_U     |cnn_max_pool_1_ouyd2  |        1|   0|   0|    0|   1014|   14|     1|        14196|
    |max_pool_2_out_V_U     |cnn_max_pool_2_ouzec  |        1|   0|   0|    0|    400|   14|     1|         5600|
    |flat_array_V_U         |cnn_max_pool_2_ouzec  |        1|   0|   0|    0|    400|   14|     1|         5600|
    +-----------------------+----------------------+---------+----+----+-----+-------+-----+------+-------------+
    |Total                  |                      |       30| 131|  36|    0|  30580|  188|    16|       318430|
    +-----------------------+----------------------+---------+----+----+-----+-------+-----+------+-------------+

    * FIFO: 
    N/A

    * Expression: 
    +---------------------------+----------+-------+----+-----+------------+------------+
    |       Variable Name       | Operation| DSP48E| FF | LUT | Bitwidth P0| Bitwidth P1|
    +---------------------------+----------+-------+----+-----+------------+------------+
    |add_ln1116_3_fu_1494_p2    |     +    |      0|   0|    8|           9|           9|
    |add_ln1116_fu_1488_p2      |     +    |      0|   0|    8|           9|           9|
    |add_ln1117_5_fu_1351_p2    |     +    |      0|   0|    8|          12|          12|
    |add_ln1117_6_fu_1202_p2    |     +    |      0|   0|   21|          15|           6|
    |add_ln1117_fu_1208_p2      |     +    |      0|   0|   21|          15|          15|
    |add_ln203_1_fu_1404_p2     |     +    |      0|   0|   17|          13|          13|
    |add_ln203_8_fu_862_p2      |     +    |      0|   0|   13|          11|          11|
    |add_ln203_fu_1261_p2       |     +    |      0|   0|   17|          13|          13|
    |add_ln28_fu_872_p2         |     +    |      0|   0|   14|           1|          10|
    |add_ln581_fu_956_p2        |     +    |      0|   0|   12|           5|          12|
    |add_ln703_1_fu_1398_p2     |     +    |      0|   0|   19|          14|          14|
    |add_ln703_2_fu_1533_p2     |     +    |      0|   0|   19|          14|          14|
    |add_ln703_fu_1255_p2       |     +    |      0|   0|   19|          14|          14|
    |add_ln949_fu_1695_p2       |     +    |      0|   0|   19|           6|          14|
    |add_ln958_fu_1742_p2       |     +    |      0|   0|   39|           6|          32|
    |add_ln964_fu_1811_p2       |     +    |      0|   0|    8|           8|           8|
    |d_fu_1433_p2               |     +    |      0|   0|   13|           4|           1|
    |f_fu_1453_p2               |     +    |      0|   0|   15|           5|           1|
    |i_1_fu_1171_p2             |     +    |      0|   0|   15|           6|           1|
    |i_2_fu_1290_p2             |     +    |      0|   0|   15|           5|           1|
    |i_3_fu_1546_p2             |     +    |      0|   0|   13|           4|           1|
    |i_fu_804_p2                |     +    |      0|   0|   15|           5|           1|
    |ix_in_fu_810_p2            |     +    |      0|   0|   14|          10|           5|
    |j_1_fu_1191_p2             |     +    |      0|   0|   15|           9|           1|
    |j_2_fu_1310_p2             |     +    |      0|   0|   15|           6|           1|
    |j_fu_852_p2                |     +    |      0|   0|   15|           5|           1|
    |lsb_index_fu_1621_p2       |     +    |      0|   0|   39|           6|          32|
    |m_13_fu_1771_p2            |     +    |      0|   0|   39|          32|          32|
    |F2_fu_944_p2               |     -    |      0|   0|   12|          11|          12|
    |man_V_1_fu_924_p2          |     -    |      0|   0|   61|           1|          54|
    |sub_ln1117_fu_1345_p2      |     -    |      0|   0|    8|          12|          12|
    |sub_ln203_fu_840_p2        |     -    |      0|   0|   13|          11|          11|
    |sub_ln581_fu_962_p2        |     -    |      0|   0|   12|           4|          12|
    |sub_ln944_fu_1611_p2       |     -    |      0|   0|   39|           4|          32|
    |sub_ln947_fu_1647_p2       |     -    |      0|   0|   13|           3|           4|
    |sub_ln958_fu_1753_p2       |     -    |      0|   0|   39|           5|          32|
    |sub_ln964_fu_1806_p2       |     -    |      0|   0|    8|           3|           8|
    |tmp_V_fu_1571_p2           |     -    |      0|   0|   19|           1|          14|
    |a_fu_1675_p2               |    and   |      0|   0|    2|           1|           1|
    |and_ln581_fu_1069_p2       |    and   |      0|   0|    2|           1|           1|
    |and_ln582_fu_1051_p2       |    and   |      0|   0|    2|           1|           1|
    |and_ln585_1_fu_1087_p2     |    and   |      0|   0|    2|           1|           1|
    |and_ln585_fu_1081_p2       |    and   |      0|   0|    2|           1|           1|
    |and_ln603_fu_1105_p2       |    and   |      0|   0|    2|           1|           1|
    |and_ln949_fu_1709_p2       |    and   |      0|   0|    2|           1|           1|
    |p_Result_36_fu_1663_p2     |    and   |      0|   0|   14|          14|          14|
    |ashr_ln586_fu_1006_p2      |   ashr   |      0|   0|  162|          54|          54|
    |l_fu_1603_p3               |   cttz   |      0|  40|   36|          32|           0|
    |icmp_ln13_1_fu_1304_p2     |   icmp   |      0|   0|   11|           6|           5|
    |icmp_ln13_fu_1185_p2       |   icmp   |      0|   0|   13|           9|           8|
    |icmp_ln23_fu_798_p2        |   icmp   |      0|   0|   11|           5|           4|
    |icmp_ln25_fu_846_p2        |   icmp   |      0|   0|   11|           5|           4|
    |icmp_ln41_fu_1427_p2       |   icmp   |      0|   0|    9|           4|           4|
    |icmp_ln46_fu_1447_p2       |   icmp   |      0|   0|   11|           5|           3|
    |icmp_ln571_fu_938_p2       |   icmp   |      0|   0|   29|          63|           1|
    |icmp_ln581_fu_950_p2       |   icmp   |      0|   0|   13|          12|           4|
    |icmp_ln582_fu_980_p2       |   icmp   |      0|   0|   13|          12|           4|
    |icmp_ln585_fu_990_p2       |   icmp   |      0|   0|   13|          12|           6|
    |icmp_ln603_fu_996_p2       |   icmp   |      0|   0|   13|          12|           4|
    |icmp_ln69_fu_1540_p2       |   icmp   |      0|   0|    9|           4|           4|
    |icmp_ln935_fu_1557_p2      |   icmp   |      0|   0|   13|          14|           1|
    |icmp_ln947_1_fu_1669_p2    |   icmp   |      0|   0|   13|          14|           1|
    |icmp_ln947_fu_1637_p2      |   icmp   |      0|   0|   18|          31|           1|
    |icmp_ln958_fu_1729_p2      |   icmp   |      0|   0|   18|          32|           1|
    |icmp_ln9_1_fu_1284_p2      |   icmp   |      0|   0|   11|           5|           3|
    |icmp_ln9_fu_1165_p2        |   icmp   |      0|   0|   11|           6|           5|
    |lshr_ln947_fu_1657_p2      |   lshr   |      0|   0|   31|           2|          14|
    |lshr_ln958_fu_1747_p2      |   lshr   |      0|   0|  101|          32|          32|
    |or_ln581_fu_1093_p2        |    or    |      0|   0|    2|           1|           1|
    |or_ln582_fu_1057_p2        |    or    |      0|   0|    2|           1|           1|
    |or_ln603_1_fu_1133_p2      |    or    |      0|   0|    2|           1|           1|
    |or_ln603_2_fu_1147_p2      |    or    |      0|   0|    2|           1|           1|
    |or_ln603_fu_1119_p2        |    or    |      0|   0|    2|           1|           1|
    |or_ln949_fu_1715_p2        |    or    |      0|   0|    2|           1|           1|
    |m_12_fu_1764_p3            |  select  |      0|   0|   32|           1|          32|
    |man_V_2_fu_930_p3          |  select  |      0|   0|   54|           1|          54|
    |prediction_output_d0       |  select  |      0|   0|   32|           1|           1|
    |select_ln19_1_fu_1418_p3   |  select  |      0|   0|   13|           1|           1|
    |select_ln19_fu_1275_p3     |  select  |      0|   0|   13|           1|           1|
    |select_ln588_fu_1027_p3    |  select  |      0|   0|    2|           1|           2|
    |select_ln603_1_fu_1125_p3  |  select  |      0|   0|   14|           1|          14|
    |select_ln603_2_fu_1139_p3  |  select  |      0|   0|   14|           1|          14|
    |select_ln603_3_fu_1153_p3  |  select  |      0|   0|   14|           1|          14|
    |select_ln603_fu_1111_p3    |  select  |      0|   0|   14|           1|          14|
    |select_ln964_fu_1798_p3    |  select  |      0|   0|    7|           1|           7|
    |sh_amt_fu_968_p3           |  select  |      0|   0|   12|           1|          12|
    |tmp_V_13_fu_1577_p3        |  select  |      0|   0|   14|           1|          14|
    |shl_ln604_fu_1039_p2       |    shl   |      0|   0|   31|          14|          14|
    |shl_ln958_fu_1758_p2       |    shl   |      0|   0|  101|          32|          32|
    |xor_ln571_fu_1045_p2       |    xor   |      0|   0|    2|           1|           2|
    |xor_ln581_fu_1099_p2       |    xor   |      0|   0|    2|           1|           2|
    |xor_ln582_fu_1063_p2       |    xor   |      0|   0|    2|           1|           2|
    |xor_ln585_fu_1075_p2       |    xor   |      0|   0|    2|           1|           2|
    |xor_ln949_fu_1689_p2       |    xor   |      0|   0|    2|           1|           2|
    +---------------------------+----------+-------+----+-----+------------+------------+
    |Total                      |          |      0|  40| 1696|         779|         901|
    +---------------------------+----------+-------+----+-----+------------+------------+

    * Multiplexer: 
    +---------------------------+-----+-----------+-----+-----------+
    |            Name           | LUT | Input Size| Bits| Total Bits|
    +---------------------------+-----+-----------+-----+-----------+
    |ap_NS_fsm                  |  149|         33|    1|         33|
    |conv_1_input_V_address0    |   15|          3|   10|         30|
    |conv_1_input_V_ce0         |   15|          3|    1|          3|
    |conv_1_out_V_address0      |   21|          4|   12|         48|
    |conv_1_out_V_ce0           |   21|          4|    1|          4|
    |conv_1_out_V_d0            |   15|          3|   14|         42|
    |conv_1_out_V_we0           |   15|          3|    1|          3|
    |conv_2_out_V_address0      |   21|          4|   11|         44|
    |conv_2_out_V_ce0           |   21|          4|    1|          4|
    |conv_2_out_V_d0            |   15|          3|   14|         42|
    |conv_2_out_V_we0           |   15|          3|    1|          3|
    |d_0_i_reg_689              |    9|          2|    4|          8|
    |dense_1_out_V_address0     |   21|          4|    6|         24|
    |dense_1_out_V_d0           |   15|          3|   13|         39|
    |dense_2_out_V_address0     |   21|          4|    5|         20|
    |dense_2_out_V_d0           |   15|          3|   13|         39|
    |dense_array_V_address0     |   15|          3|    4|         12|
    |dense_array_V_ce0          |   15|          3|    1|          3|
    |dense_array_V_d0           |   15|          3|   14|         42|
    |dense_array_V_we0          |   15|          3|    1|          3|
    |f_0_i_reg_712              |    9|          2|    5|         10|
    |flat_array_V_address0      |   21|          4|    9|         36|
    |flat_array_V_ce0           |   15|          3|    1|          3|
    |flat_array_V_d0            |   15|          3|   14|         42|
    |flat_array_V_we0           |   15|          3|    1|          3|
    |i24_0_reg_723              |    9|          2|    4|          8|
    |i_0_i5_reg_655             |    9|          2|    5|         10|
    |i_0_i_reg_610              |    9|          2|    6|         12|
    |i_0_reg_578                |    9|          2|    5|         10|
    |ix_in_0_reg_566            |    9|          2|   10|         20|
    |ix_in_1_reg_589            |    9|          2|   10|         20|
    |j_0_i10_reg_678            |    9|          2|    6|         12|
    |j_0_i_reg_633              |    9|          2|    9|         18|
    |j_0_reg_599                |    9|          2|    5|         10|
    |max_pool_1_out_V_address0  |   21|          4|   10|         40|
    |max_pool_1_out_V_ce0       |   21|          4|    1|          4|
    |max_pool_1_out_V_ce1       |    9|          2|    1|          2|
    |max_pool_1_out_V_d0        |   15|          3|   14|         42|
    |max_pool_1_out_V_we0       |   15|          3|    1|          3|
    |max_pool_2_out_V_address0  |   21|          4|    9|         36|
    |max_pool_2_out_V_ce0       |   21|          4|    1|          4|
    |max_pool_2_out_V_d0        |   15|          3|   14|         42|
    |max_pool_2_out_V_we0       |   15|          3|    1|          3|
    |p_Val2_25_reg_621          |    9|          2|   14|         28|
    |p_Val2_28_reg_666          |    9|          2|   14|         28|
    |p_Val2_34_reg_700          |    9|          2|   14|         28|
    |phi_mul_reg_644            |    9|          2|   15|         30|
    |prediction_V_address0      |   21|          4|    4|         16|
    |prediction_V_ce0           |   15|          3|    1|          3|
    |prediction_V_d0            |   15|          3|   14|         42|
    |prediction_V_we0           |   15|          3|    1|          3|
    +---------------------------+-----+-----------+-----+-----------+
    |Total                      |  875|        179|  347|       1014|
    +---------------------------+-----+-----------+-----+-----------+

    * Register: 
    +------------------------------------+----+----+-----+-----------+
    |                Name                | FF | LUT| Bits| Const Bits|
    +------------------------------------+----+----+-----+-----------+
    |add_ln1117_6_reg_1974               |  15|   0|   15|          0|
    |add_ln203_8_reg_1921                |  11|   0|   11|          0|
    |add_ln28_reg_1931                   |  10|   0|   10|          0|
    |ap_CS_fsm                           |  32|   0|   32|          0|
    |cnn_input_load_reg_1936             |  32|   0|   32|          0|
    |d_0_i_reg_689                       |   4|   0|    4|          0|
    |d_reg_2049                          |   4|   0|    4|          0|
    |f_0_i_reg_712                       |   5|   0|    5|          0|
    |f_reg_2068                          |   5|   0|    5|          0|
    |grp_conv_1_fu_754_ap_start_reg      |   1|   0|    1|          0|
    |grp_conv_2_fu_734_ap_start_reg      |   1|   0|    1|          0|
    |grp_flat_fu_788_ap_start_reg        |   1|   0|    1|          0|
    |grp_max_pool_1_fu_776_ap_start_reg  |   1|   0|    1|          0|
    |grp_max_pool_2_fu_782_ap_start_reg  |   1|   0|    1|          0|
    |grp_soft_max_fu_764_ap_start_reg    |   1|   0|    1|          0|
    |i24_0_reg_723                       |   4|   0|    4|          0|
    |i_0_i5_reg_655                      |   5|   0|    5|          0|
    |i_0_i_reg_610                       |   6|   0|    6|          0|
    |i_0_reg_578                         |   5|   0|    5|          0|
    |i_1_reg_1950                        |   6|   0|    6|          0|
    |i_2_reg_2002                        |   5|   0|    5|          0|
    |i_3_reg_2096                        |   4|   0|    4|          0|
    |i_reg_1898                          |   5|   0|    5|          0|
    |icmp_ln935_reg_2111                 |   1|   0|    1|          0|
    |icmp_ln958_reg_2137                 |   1|   0|    1|          0|
    |ix_in_0_reg_566                     |  10|   0|   10|          0|
    |ix_in_1_reg_589                     |  10|   0|   10|          0|
    |ix_in_reg_1903                      |  10|   0|   10|          0|
    |j_0_i10_reg_678                     |   6|   0|    6|          0|
    |j_0_i_reg_633                       |   9|   0|    9|          0|
    |j_0_reg_599                         |   5|   0|    5|          0|
    |j_1_reg_1969                        |   9|   0|    9|          0|
    |j_2_reg_2021                        |   6|   0|    6|          0|
    |j_reg_1916                          |   5|   0|    5|          0|
    |or_ln_reg_2132                      |   1|   0|   32|         31|
    |p_Result_41_reg_2116                |   1|   0|    1|          0|
    |p_Val2_25_reg_621                   |  14|   0|   14|          0|
    |p_Val2_28_reg_666                   |  14|   0|   14|          0|
    |p_Val2_34_reg_700                   |  14|   0|   14|          0|
    |phi_mul_reg_644                     |  15|   0|   15|          0|
    |select_ln603_3_reg_1942             |  14|   0|   14|          0|
    |sub_ln203_reg_1908                  |   9|   0|   11|          2|
    |sub_ln944_reg_2126                  |  32|   0|   32|          0|
    |tmp_V_13_reg_2121                   |  14|   0|   14|          0|
    |trunc_ln943_reg_2142                |   8|   0|    8|          0|
    |zext_ln13_3_reg_2013                |   5|   0|   12|          7|
    |zext_ln13_reg_1961                  |   6|   0|   15|          9|
    |zext_ln14_1_reg_2007                |   5|   0|   64|         59|
    |zext_ln14_reg_1955                  |   6|   0|   64|         58|
    |zext_ln46_reg_2060                  |   4|   0|    9|          5|
    |zext_ln48_reg_2054                  |   4|   0|   64|         60|
    |zext_ln70_reg_2101                  |   4|   0|   64|         60|
    +------------------------------------+----+----+-----+-----------+
    |Total                               | 406|   0|  697|        291|
    +------------------------------------+----+----+-----+-----------+



================================================================
== Interface
================================================================
* Summary: 
+----------------------------+-----+-----+------------+-------------------+--------------+
|          RTL Ports         | Dir | Bits|  Protocol  |   Source Object   |    C Type    |
+----------------------------+-----+-----+------------+-------------------+--------------+
|ap_clk                      |  in |    1| ap_ctrl_hs |        cnn        | return value |
|ap_rst                      |  in |    1| ap_ctrl_hs |        cnn        | return value |
|ap_start                    |  in |    1| ap_ctrl_hs |        cnn        | return value |
|ap_done                     | out |    1| ap_ctrl_hs |        cnn        | return value |
|ap_idle                     | out |    1| ap_ctrl_hs |        cnn        | return value |
|ap_ready                    | out |    1| ap_ctrl_hs |        cnn        | return value |
|cnn_input_address0          | out |   10|  ap_memory |     cnn_input     |     array    |
|cnn_input_ce0               | out |    1|  ap_memory |     cnn_input     |     array    |
|cnn_input_q0                |  in |   32|  ap_memory |     cnn_input     |     array    |
|prediction_output_address0  | out |    4|  ap_memory | prediction_output |     array    |
|prediction_output_ce0       | out |    1|  ap_memory | prediction_output |     array    |
|prediction_output_we0       | out |    1|  ap_memory | prediction_output |     array    |
|prediction_output_d0        | out |   32|  ap_memory | prediction_output |     array    |
+----------------------------+-----+-----+------------+-------------------+--------------+

