

================================================================
== Vivado HLS Report for 'conv_1'
================================================================
* Date:           Thu Aug  3 09:09:14 2023

* Version:        2020.1 (Build 2897737 on Wed May 27 20:21:37 MDT 2020)
* Project:        conv
* Solution:       solution3
* Product family: virtex7
* Target device:  xc7vx485t-ffg1157-1


================================================================
== Performance Estimates
================================================================
+ Timing: 
    * Summary: 
    +--------+----------+-----------+------------+
    |  Clock |  Target  | Estimated | Uncertainty|
    +--------+----------+-----------+------------+
    |ap_clk  | 40.00 ns | 33.795 ns |   5.00 ns  |
    +--------+----------+-----------+------------+

+ Latency: 
    * Summary: 
    +---------+---------+-----------+-----------+-----+-----+---------+
    |  Latency (cycles) |   Latency (absolute)  |  Interval | Pipeline|
    |   min   |   max   |    min    |    max    | min | max |   Type  |
    +---------+---------+-----------+-----------+-----+-----+---------+
    |      493|      493| 19.720 us | 19.720 us |  493|  493|   none  |
    +---------+---------+-----------+-----------+-----+-----+---------+

    + Detail: 
        * Instance: 
        N/A

        * Loop: 
        +------------------------------------+---------+---------+----------+-----------+-----------+------+----------+
        |                                    |  Latency (cycles) | Iteration|  Initiation Interval  | Trip |          |
        |              Loop Name             |   min   |   max   |  Latency |  achieved |   target  | Count| Pipelined|
        +------------------------------------+---------+---------+----------+-----------+-----------+------+----------+
        |- Row_Loop_Col_Loop_Filter1_Loop    |      492|      492|        41|          -|          -|    12|    no    |
        | + W_Row_Loop_W_Col_Loop_Chan_Loop  |       37|       37|         4|          2|          1|    18|    yes   |
        +------------------------------------+---------+---------+----------+-----------+-----------+------+----------+



================================================================
== Utilization Estimates
================================================================
* Summary: 
+-----------------+---------+-------+--------+--------+-----+
|       Name      | BRAM_18K| DSP48E|   FF   |   LUT  | URAM|
+-----------------+---------+-------+--------+--------+-----+
|DSP              |        -|      -|       -|       -|    -|
|Expression       |        -|      -|       0|     548|    -|
|FIFO             |        -|      -|       -|       -|    -|
|Instance         |        -|      5|     305|     402|    -|
|Memory           |        1|      -|       0|       0|    -|
|Multiplexer      |        -|      -|       -|     221|    -|
|Register         |        -|      -|     111|       -|    -|
+-----------------+---------+-------+--------+--------+-----+
|Total            |        1|      5|     416|    1171|    0|
+-----------------+---------+-------+--------+--------+-----+
|Available        |     2060|   2800|  607200|  303600|    0|
+-----------------+---------+-------+--------+--------+-----+
|Utilization (%)  |    ~0   |   ~0  |   ~0   |   ~0   |    0|
+-----------------+---------+-------+--------+--------+-----+

+ Detail: 
    * Instance: 
    +-------------------------+----------------------+---------+-------+-----+-----+-----+
    |         Instance        |        Module        | BRAM_18K| DSP48E|  FF | LUT | URAM|
    +-------------------------+----------------------+---------+-------+-----+-----+-----+
    |conv_1_fadd_32ns_bkb_U1  |conv_1_fadd_32ns_bkb  |        0|      2|  177|  198|    0|
    |conv_1_fcmp_32ns_dEe_U3  |conv_1_fcmp_32ns_dEe  |        0|      0|    0|   66|    0|
    |conv_1_fmul_32ns_cud_U2  |conv_1_fmul_32ns_cud  |        0|      3|  128|  138|    0|
    +-------------------------+----------------------+---------+-------+-----+-----+-----+
    |Total                    |                      |        0|      5|  305|  402|    0|
    +-------------------------+----------------------+---------+-------+-----+-----+-----+

    * DSP48E: 
    N/A

    * Memory: 
    +----------------+---------------------+---------+---+----+-----+------+-----+------+-------------+
    |     Memory     |        Module       | BRAM_18K| FF| LUT| URAM| Words| Bits| Banks| W*Bits*Banks|
    +----------------+---------------------+---------+---+----+-----+------+-----+------+-------------+
    |conv_weights_U  |conv_1_conv_weights  |        1|  0|   0|    0|    54|   32|     1|         1728|
    +----------------+---------------------+---------+---+----+-----+------+-----+------+-------------+
    |Total           |                     |        1|  0|   0|    0|    54|   32|     1|         1728|
    +----------------+---------------------+---------+---+----+-----+------+-----+------+-------------+

    * FIFO: 
    N/A

    * Expression: 
    +-------------------------+----------+-------+---+----+------------+------------+
    |      Variable Name      | Operation| DSP48E| FF| LUT| Bitwidth P0| Bitwidth P1|
    +-------------------------+----------+-------+---+----+------------+------------+
    |add_ln11_1_fu_724_p2     |     +    |      0|  0|  13|           1|           4|
    |add_ln18_fu_438_p2       |     +    |      0|  0|  15|           5|           1|
    |add_ln21_fu_667_p2       |     +    |      0|  0|  13|           1|           4|
    |add_ln26_1_fu_503_p2     |     +    |      0|  0|  10|           2|           2|
    |add_ln26_2_fu_565_p2     |     +    |      0|  0|  15|           6|           6|
    |add_ln26_3_fu_583_p2     |     +    |      0|  0|  10|           2|           2|
    |add_ln26_4_fu_618_p2     |     +    |      0|  0|  71|          64|          64|
    |add_ln26_5_fu_646_p2     |     +    |      0|  0|   8|           7|           7|
    |add_ln26_6_fu_656_p2     |     +    |      0|  0|  15|           6|           6|
    |add_ln26_fu_498_p2       |     +    |      0|  0|  10|           2|           2|
    |add_ln34_1_fu_421_p2     |     +    |      0|  0|   8|           5|           5|
    |add_ln34_fu_385_p2       |     +    |      0|  0|  13|           4|           4|
    |add_ln8_fu_289_p2        |     +    |      0|  0|  13|           4|           1|
    |c_fu_353_p2              |     +    |      0|  0|  10|           1|           2|
    |ch_fu_681_p2             |     +    |      0|  0|  10|           1|           2|
    |f_fu_719_p2              |     +    |      0|  0|  10|           1|           2|
    |r_fu_295_p2              |     +    |      0|  0|  10|           1|           2|
    |wc_fu_533_p2             |     +    |      0|  0|  10|           1|           2|
    |wr_fu_444_p2             |     +    |      0|  0|  10|           1|           2|
    |sub_ln26_1_fu_640_p2     |     -    |      0|  0|   8|           7|           7|
    |sub_ln26_fu_488_p2       |     -    |      0|  0|  15|           5|           5|
    |sub_ln34_fu_407_p2       |     -    |      0|  0|   8|           5|           5|
    |and_ln26_fu_527_p2       |    and   |      0|  0|   2|           1|           1|
    |and_ln33_fu_773_p2       |    and   |      0|  0|   2|           1|           1|
    |and_ln34_fu_347_p2       |    and   |      0|  0|   2|           1|           1|
    |icmp_ln11_fu_301_p2      |   icmp   |      0|  0|   9|           4|           3|
    |icmp_ln14_fu_341_p2      |   icmp   |      0|  0|   8|           2|           2|
    |icmp_ln18_fu_432_p2      |   icmp   |      0|  0|  11|           5|           5|
    |icmp_ln21_fu_450_p2      |   icmp   |      0|  0|   9|           4|           3|
    |icmp_ln24_fu_521_p2      |   icmp   |      0|  0|   9|           2|           3|
    |icmp_ln33_1_fu_761_p2    |   icmp   |      0|  0|  18|          23|           1|
    |icmp_ln33_fu_755_p2      |   icmp   |      0|  0|  11|           8|           2|
    |icmp_ln7_1_fu_691_p2     |   icmp   |      0|  0|   8|           2|           1|
    |icmp_ln7_fu_686_p2       |   icmp   |      0|  0|   8|           2|           1|
    |icmp_ln8_fu_283_p2       |   icmp   |      0|  0|   9|           4|           4|
    |empty_5_fu_704_p2        |    or    |      0|  0|   2|           1|           1|
    |or_ln26_fu_539_p2        |    or    |      0|  0|   2|           1|           1|
    |or_ln33_fu_767_p2        |    or    |      0|  0|   2|           1|           1|
    |or_ln34_fu_359_p2        |    or    |      0|  0|   2|           1|           1|
    |conv_out_d0              |  select  |      0|  0|  32|           1|          32|
    |merge_i_fu_710_p3        |  select  |      0|  0|  32|           1|          32|
    |select_ln11_fu_730_p3    |  select  |      0|  0|   4|           1|           1|
    |select_ln21_fu_673_p3    |  select  |      0|  0|   4|           1|           1|
    |select_ln26_1_fu_464_p3  |  select  |      0|  0|   2|           1|           2|
    |select_ln26_2_fu_508_p3  |  select  |      0|  0|   2|           1|           2|
    |select_ln26_3_fu_545_p3  |  select  |      0|  0|   2|           1|           1|
    |select_ln26_4_fu_553_p3  |  select  |      0|  0|   2|           1|           2|
    |select_ln26_5_fu_588_p3  |  select  |      0|  0|   2|           1|           2|
    |select_ln26_fu_456_p3    |  select  |      0|  0|   2|           1|           1|
    |select_ln34_1_fu_315_p3  |  select  |      0|  0|   2|           1|           2|
    |select_ln34_2_fu_365_p3  |  select  |      0|  0|   2|           1|           1|
    |select_ln34_3_fu_373_p3  |  select  |      0|  0|   2|           1|           2|
    |select_ln34_fu_307_p3    |  select  |      0|  0|   2|           1|           1|
    |select_ln7_i_fu_696_p3   |  select  |      0|  0|  31|           1|          31|
    |ap_enable_pp0            |    xor   |      0|  0|   2|           1|           2|
    |xor_ln26_fu_515_p2       |    xor   |      0|  0|   2|           1|           2|
    |xor_ln34_fu_335_p2       |    xor   |      0|  0|   2|           1|           2|
    +-------------------------+----------+-------+---+----+------------+------------+
    |Total                    |          |      0|  0| 548|         213|         288|
    +-------------------------+----------+-------+---+----+------------+------------+

    * Multiplexer: 
    +-------------------------------------------+----+-----------+-----+-----------+
    |                    Name                   | LUT| Input Size| Bits| Total Bits|
    +-------------------------------------------+----+-----------+-----+-----------+
    |ap_NS_fsm                                  |  38|          7|    1|          7|
    |ap_enable_reg_pp0_iter1                    |   9|          2|    1|          2|
    |ap_phi_mux_ch_0_phi_fu_258_p4              |   9|          2|    2|          4|
    |ap_phi_mux_indvar_flatten19_phi_fu_202_p4  |   9|          2|    5|         10|
    |ap_phi_mux_indvar_flatten_phi_fu_224_p4    |   9|          2|    4|          8|
    |ap_phi_mux_wc_0_phi_fu_235_p4              |   9|          2|    2|          4|
    |ap_phi_mux_wr_0_phi_fu_213_p4              |   9|          2|    2|          4|
    |c_0_reg_176                                |   9|          2|    2|          4|
    |ch_0_reg_254                               |   9|          2|    2|          4|
    |f_0_reg_187                                |   9|          2|    2|          4|
    |grp_fu_265_p0                              |  15|          3|   32|         96|
    |grp_fu_265_p1                              |  15|          3|   32|         96|
    |indvar_flatten19_reg_198                   |   9|          2|    5|         10|
    |indvar_flatten27_reg_164                   |   9|          2|    4|          8|
    |indvar_flatten41_reg_142                   |   9|          2|    4|          8|
    |indvar_flatten_reg_220                     |   9|          2|    4|          8|
    |r_0_reg_153                                |   9|          2|    2|          4|
    |w_sum_2_reg_242                            |   9|          2|   32|         64|
    |wc_0_reg_231                               |   9|          2|    2|          4|
    |wr_0_reg_209                               |   9|          2|    2|          4|
    +-------------------------------------------+----+-----------+-----+-----------+
    |Total                                      | 221|         47|  142|        353|
    +-------------------------------------------+----+-----------+-----+-----------+

    * Register: 
    +---------------------------------+----+----+-----+-----------+
    |               Name              | FF | LUT| Bits| Const Bits|
    +---------------------------------+----+----+-----+-----------+
    |add_ln18_reg_837                 |   5|   0|    5|          0|
    |add_ln8_reg_792                  |   4|   0|    4|          0|
    |ap_CS_fsm                        |   6|   0|    6|          0|
    |ap_enable_reg_pp0_iter0          |   1|   0|    1|          0|
    |ap_enable_reg_pp0_iter1          |   1|   0|    1|          0|
    |c_0_reg_176                      |   2|   0|    2|          0|
    |ch_0_reg_254                     |   2|   0|    2|          0|
    |ch_reg_882                       |   2|   0|    2|          0|
    |conv_out_addr_reg_828            |   4|   0|    4|          0|
    |f_0_reg_187                      |   2|   0|    2|          0|
    |f_reg_902                        |   2|   0|    2|          0|
    |icmp_ln11_reg_797                |   1|   0|    1|          0|
    |icmp_ln18_reg_833                |   1|   0|    1|          0|
    |icmp_ln18_reg_833_pp0_iter1_reg  |   1|   0|    1|          0|
    |indvar_flatten19_reg_198         |   5|   0|    5|          0|
    |indvar_flatten27_reg_164         |   4|   0|    4|          0|
    |indvar_flatten41_reg_142         |   4|   0|    4|          0|
    |indvar_flatten_reg_220           |   4|   0|    4|          0|
    |r_0_reg_153                      |   2|   0|    2|          0|
    |select_ln11_reg_907              |   4|   0|    4|          0|
    |select_ln21_reg_867              |   4|   0|    4|          0|
    |select_ln26_1_reg_842            |   2|   0|    2|          0|
    |select_ln26_3_reg_847            |   2|   0|    2|          0|
    |select_ln26_4_reg_852            |   2|   0|    2|          0|
    |select_ln34_1_reg_802            |   2|   0|    2|          0|
    |select_ln34_2_reg_808            |   2|   0|    2|          0|
    |select_ln34_3_reg_815            |   2|   0|    2|          0|
    |w_sum_2_reg_242                  |  32|   0|   32|          0|
    |wc_0_reg_231                     |   2|   0|    2|          0|
    |wr_0_reg_209                     |   2|   0|    2|          0|
    |zext_ln34_3_reg_823              |   2|   0|    7|          5|
    +---------------------------------+----+----+-----+-----------+
    |Total                            | 111|   0|  116|          5|
    +---------------------------------+----+----+-----+-----------+



================================================================
== Interface
================================================================
* Summary: 
+-------------------+-----+-----+------------+--------------+--------------+
|     RTL Ports     | Dir | Bits|  Protocol  | Source Object|    C Type    |
+-------------------+-----+-----+------------+--------------+--------------+
|ap_clk             |  in |    1| ap_ctrl_hs |    conv_1    | return value |
|ap_rst             |  in |    1| ap_ctrl_hs |    conv_1    | return value |
|ap_start           |  in |    1| ap_ctrl_hs |    conv_1    | return value |
|ap_done            | out |    1| ap_ctrl_hs |    conv_1    | return value |
|ap_idle            | out |    1| ap_ctrl_hs |    conv_1    | return value |
|ap_ready           | out |    1| ap_ctrl_hs |    conv_1    | return value |
|input_r_address0   | out |    5|  ap_memory |    input_r   |     array    |
|input_r_ce0        | out |    1|  ap_memory |    input_r   |     array    |
|input_r_q0         |  in |   32|  ap_memory |    input_r   |     array    |
|conv_out_address0  | out |    4|  ap_memory |   conv_out   |     array    |
|conv_out_ce0       | out |    1|  ap_memory |   conv_out   |     array    |
|conv_out_we0       | out |    1|  ap_memory |   conv_out   |     array    |
|conv_out_d0        | out |   32|  ap_memory |   conv_out   |     array    |
+-------------------+-----+-----+------------+--------------+--------------+

