

================================================================
== Vivado HLS Report for 'conv_1'
================================================================
* Date:           Sat Aug 12 18:48:31 2023

* Version:        2020.1 (Build 2897737 on Wed May 27 20:21:37 MDT 2020)
* Project:        conv
* Solution:       Chp_apc_d3
* Product family: virtex7
* Target device:  xc7vx485t-ffg1157-1


================================================================
== Performance Estimates
================================================================
+ Timing: 
    * Summary: 
    +--------+----------+-----------+------------+
    |  Clock |  Target  | Estimated | Uncertainty|
    +--------+----------+-----------+------------+
    |ap_clk  | 40.00 ns | 33.795 ns |   5.00 ns  |
    +--------+----------+-----------+------------+

+ Latency: 
    * Summary: 
    +---------+---------+-----------+-----------+-----+-----+---------+
    |  Latency (cycles) |   Latency (absolute)  |  Interval | Pipeline|
    |   min   |   max   |    min    |    max    | min | max |   Type  |
    +---------+---------+-----------+-----------+-----+-----+---------+
    |      493|      493| 19.720 us | 19.720 us |  493|  493|   none  |
    +---------+---------+-----------+-----------+-----+-----+---------+

    + Detail: 
        * Instance: 
        N/A

        * Loop: 
        +------------------------------------+---------+---------+----------+-----------+-----------+------+----------+
        |                                    |  Latency (cycles) | Iteration|  Initiation Interval  | Trip |          |
        |              Loop Name             |   min   |   max   |  Latency |  achieved |   target  | Count| Pipelined|
        +------------------------------------+---------+---------+----------+-----------+-----------+------+----------+
        |- Row_Loop_Col_Loop_Filter1_Loop    |      492|      492|        41|          -|          -|    12|    no    |
        | + W_Row_Loop_W_Col_Loop_Chan_Loop  |       37|       37|         4|          2|          1|    18|    yes   |
        +------------------------------------+---------+---------+----------+-----------+-----------+------+----------+

============================================================
+ Verbose Summary: Synthesis Manager
============================================================
InlineROM: 1
ExposeGlobal: 0
============================================================
+ Verbose Summary: CDFG Model
============================================================
IsTopModel: 1
ResetActiveHigh: 1
IsCombinational: 0
IsDatapathOnly: 0
HasWiredReturn: 1
HasMFsm: 0
HasVarLatency: 1
IsPipeline: 0
IsRtlPipelined: 0
IsInstanceOverlapped: 0
IsDontTouch: 0
HasImplIP: 0
IsGatedGlobalClock: 0

+ Individual pipeline summary: 
  * Pipeline-0: initiation interval (II) = 2, depth = 4


============================================================
+ Verbose Summary: Schedule
============================================================
* Number of FSM states : 8
* Pipeline : 1
  Pipeline-0 : II = 2, D = 4, States = { 3 4 5 6 }
* Dataflow Pipeline: 0

* FSM state transitions: 
1 --> 2 
2 --> 3 
3 --> 7 4 
4 --> 5 
5 --> 6 
6 --> 3 
7 --> 8 
8 --> 2 

* FSM state operations: 

State 1 <SV = 0> <Delay = 1.18>
ST_1 : Operation 9 [1/1] (0.00ns)   --->   "call void (...)* @_ssdm_op_SpecBitsMap([16 x float]* %input_1), !map !7"   --->   Operation 9 'specbitsmap' <Predicate = true> <Delay = 0.00>
ST_1 : Operation 10 [1/1] (0.00ns)   --->   "call void (...)* @_ssdm_op_SpecBitsMap([16 x float]* %input_0), !map !14"   --->   Operation 10 'specbitsmap' <Predicate = true> <Delay = 0.00>
ST_1 : Operation 11 [1/1] (0.00ns)   --->   "call void (...)* @_ssdm_op_SpecBitsMap([4 x float]* %conv_out_2), !map !20"   --->   Operation 11 'specbitsmap' <Predicate = true> <Delay = 0.00>
ST_1 : Operation 12 [1/1] (0.00ns)   --->   "call void (...)* @_ssdm_op_SpecBitsMap([4 x float]* %conv_out_1), !map !27"   --->   Operation 12 'specbitsmap' <Predicate = true> <Delay = 0.00>
ST_1 : Operation 13 [1/1] (0.00ns)   --->   "call void (...)* @_ssdm_op_SpecBitsMap([4 x float]* %conv_out_0), !map !32"   --->   Operation 13 'specbitsmap' <Predicate = true> <Delay = 0.00>
ST_1 : Operation 14 [1/1] (0.00ns)   --->   "call void (...)* @_ssdm_op_SpecTopModule([7 x i8]* @conv_1_str) nounwind"   --->   Operation 14 'spectopmodule' <Predicate = true> <Delay = 0.00>
ST_1 : Operation 15 [1/1] (1.18ns)   --->   "br label %1" [conv.cpp:8]   --->   Operation 15 'br' <Predicate = true> <Delay = 1.18>

State 2 <SV = 1> <Delay = 4.56>
ST_2 : Operation 16 [1/1] (0.00ns)   --->   "%indvar_flatten54 = phi i4 [ 0, %0 ], [ %add_ln8, %Filter1_Loop_end ]" [conv.cpp:8]   --->   Operation 16 'phi' 'indvar_flatten54' <Predicate = true> <Delay = 0.00>
ST_2 : Operation 17 [1/1] (0.00ns)   --->   "%r_0 = phi i2 [ 0, %0 ], [ %select_ln34_1, %Filter1_Loop_end ]" [conv.cpp:34]   --->   Operation 17 'phi' 'r_0' <Predicate = true> <Delay = 0.00>
ST_2 : Operation 18 [1/1] (0.00ns)   --->   "%indvar_flatten40 = phi i4 [ 0, %0 ], [ %select_ln11, %Filter1_Loop_end ]" [conv.cpp:11]   --->   Operation 18 'phi' 'indvar_flatten40' <Predicate = true> <Delay = 0.00>
ST_2 : Operation 19 [1/1] (0.00ns)   --->   "%c_0 = phi i2 [ 0, %0 ], [ %select_ln34_3, %Filter1_Loop_end ]" [conv.cpp:34]   --->   Operation 19 'phi' 'c_0' <Predicate = true> <Delay = 0.00>
ST_2 : Operation 20 [1/1] (0.00ns)   --->   "%f_0 = phi i2 [ 0, %0 ], [ %f, %Filter1_Loop_end ]"   --->   Operation 20 'phi' 'f_0' <Predicate = true> <Delay = 0.00>
ST_2 : Operation 21 [1/1] (1.12ns)   --->   "%icmp_ln8 = icmp eq i4 %indvar_flatten54, -4" [conv.cpp:8]   --->   Operation 21 'icmp' 'icmp_ln8' <Predicate = true> <Delay = 1.12> <Core = "Cmp">   --->   Core 25 'Cmp' <Latency = 0> <II = 1> <Delay = 1.48> <FuncUnit> <Opcode : 'icmp'> <InPorts = 2> <OutPorts = 1>
ST_2 : Operation 22 [1/1] (1.36ns)   --->   "%add_ln8 = add i4 %indvar_flatten54, 1" [conv.cpp:8]   --->   Operation 22 'add' 'add_ln8' <Predicate = true> <Delay = 1.36> <Core = "AddSub">   --->   Core 14 'AddSub' <Latency = 0> <II = 1> <Delay = 1.36> <FuncUnit> <Opcode : 'add' 'sub'> <InPorts = 2> <OutPorts = 1>
ST_2 : Operation 23 [1/1] (0.00ns)   --->   "br i1 %icmp_ln8, label %4, label %Filter1_Loop_begin" [conv.cpp:8]   --->   Operation 23 'br' <Predicate = true> <Delay = 0.00>
ST_2 : Operation 24 [1/1] (1.00ns)   --->   "%r = add i2 %r_0, 1" [conv.cpp:8]   --->   Operation 24 'add' 'r' <Predicate = (!icmp_ln8)> <Delay = 1.00> <Core = "AddSub">   --->   Core 14 'AddSub' <Latency = 0> <II = 1> <Delay = 1.36> <FuncUnit> <Opcode : 'add' 'sub'> <InPorts = 2> <OutPorts = 1>
ST_2 : Operation 25 [1/1] (0.00ns)   --->   "call void (...)* @_ssdm_op_SpecLoopName([31 x i8]* @Row_Loop_Col_Loop_Fi)"   --->   Operation 25 'specloopname' <Predicate = (!icmp_ln8)> <Delay = 0.00>
ST_2 : Operation 26 [1/1] (0.00ns)   --->   "%empty_7 = call i32 (...)* @_ssdm_op_SpecLoopTripCount(i64 12, i64 12, i64 12)"   --->   Operation 26 'speclooptripcount' 'empty_7' <Predicate = (!icmp_ln8)> <Delay = 0.00>
ST_2 : Operation 27 [1/1] (1.12ns)   --->   "%icmp_ln11 = icmp eq i4 %indvar_flatten40, 6" [conv.cpp:11]   --->   Operation 27 'icmp' 'icmp_ln11' <Predicate = (!icmp_ln8)> <Delay = 1.12> <Core = "Cmp">   --->   Core 25 'Cmp' <Latency = 0> <II = 1> <Delay = 1.48> <FuncUnit> <Opcode : 'icmp'> <InPorts = 2> <OutPorts = 1>
ST_2 : Operation 28 [1/1] (0.62ns)   --->   "%select_ln34 = select i1 %icmp_ln11, i2 0, i2 %c_0" [conv.cpp:34]   --->   Operation 28 'select' 'select_ln34' <Predicate = (!icmp_ln8)> <Delay = 0.62> <Core = "Sel">   --->   Core 26 'Sel' <Latency = 0> <II = 1> <Delay = 0.65> <FuncUnit> <Opcode : 'select'> <InPorts = 3> <OutPorts = 1>
ST_2 : Operation 29 [1/1] (0.62ns)   --->   "%select_ln34_1 = select i1 %icmp_ln11, i2 %r, i2 %r_0" [conv.cpp:34]   --->   Operation 29 'select' 'select_ln34_1' <Predicate = (!icmp_ln8)> <Delay = 0.62> <Core = "Sel">   --->   Core 26 'Sel' <Latency = 0> <II = 1> <Delay = 0.65> <FuncUnit> <Opcode : 'select'> <InPorts = 3> <OutPorts = 1>
ST_2 : Operation 30 [1/1] (0.00ns)   --->   "%tmp_2 = call i3 @_ssdm_op_BitConcatenate.i3.i2.i1(i2 %select_ln34_1, i1 false)" [conv.cpp:34]   --->   Operation 30 'bitconcatenate' 'tmp_2' <Predicate = (!icmp_ln8)> <Delay = 0.00>
ST_2 : Operation 31 [1/1] (0.00ns)   --->   "%zext_ln34 = zext i3 %tmp_2 to i4" [conv.cpp:34]   --->   Operation 31 'zext' 'zext_ln34' <Predicate = (!icmp_ln8)> <Delay = 0.00>
ST_2 : Operation 32 [1/1] (0.00ns) (grouped into LUT with out node and_ln34)   --->   "%xor_ln34 = xor i1 %icmp_ln11, true" [conv.cpp:34]   --->   Operation 32 'xor' 'xor_ln34' <Predicate = (!icmp_ln8)> <Delay = 0.00> <Core = "LogicGate">   --->   Core 27 'LogicGate' <Latency = 0> <II = 1> <Delay = 0.61> <FuncUnit> <Opcode : 'and' 'or' 'xor'> <InPorts = 2> <OutPorts = 1>
ST_2 : Operation 33 [1/1] (0.61ns)   --->   "%icmp_ln14 = icmp eq i2 %f_0, -1" [conv.cpp:14]   --->   Operation 33 'icmp' 'icmp_ln14' <Predicate = (!icmp_ln8)> <Delay = 0.61> <Core = "Cmp">   --->   Core 25 'Cmp' <Latency = 0> <II = 1> <Delay = 1.48> <FuncUnit> <Opcode : 'icmp'> <InPorts = 2> <OutPorts = 1>
ST_2 : Operation 34 [1/1] (0.61ns) (out node of the LUT)   --->   "%and_ln34 = and i1 %icmp_ln14, %xor_ln34" [conv.cpp:34]   --->   Operation 34 'and' 'and_ln34' <Predicate = (!icmp_ln8)> <Delay = 0.61> <Core = "LogicGate">   --->   Core 27 'LogicGate' <Latency = 0> <II = 1> <Delay = 0.61> <FuncUnit> <Opcode : 'and' 'or' 'xor'> <InPorts = 2> <OutPorts = 1>
ST_2 : Operation 35 [1/1] (1.00ns)   --->   "%c = add i2 %select_ln34, 1" [conv.cpp:11]   --->   Operation 35 'add' 'c' <Predicate = (!icmp_ln8)> <Delay = 1.00> <Core = "AddSub">   --->   Core 14 'AddSub' <Latency = 0> <II = 1> <Delay = 1.36> <FuncUnit> <Opcode : 'add' 'sub'> <InPorts = 2> <OutPorts = 1>
ST_2 : Operation 36 [1/1] (0.00ns)   --->   "call void (...)* @_ssdm_op_SpecLoopName([22 x i8]* @Col_Loop_Filter1_Loo)"   --->   Operation 36 'specloopname' <Predicate = (!icmp_ln8)> <Delay = 0.00>
ST_2 : Operation 37 [1/1] (0.00ns) (grouped into LUT with out node select_ln34_2)   --->   "%or_ln34 = or i1 %and_ln34, %icmp_ln11" [conv.cpp:34]   --->   Operation 37 'or' 'or_ln34' <Predicate = (!icmp_ln8)> <Delay = 0.00> <Core = "LogicGate">   --->   Core 27 'LogicGate' <Latency = 0> <II = 1> <Delay = 0.61> <FuncUnit> <Opcode : 'and' 'or' 'xor'> <InPorts = 2> <OutPorts = 1>
ST_2 : Operation 38 [1/1] (0.62ns) (out node of the LUT)   --->   "%select_ln34_2 = select i1 %or_ln34, i2 0, i2 %f_0" [conv.cpp:34]   --->   Operation 38 'select' 'select_ln34_2' <Predicate = (!icmp_ln8)> <Delay = 0.62> <Core = "Sel">   --->   Core 26 'Sel' <Latency = 0> <II = 1> <Delay = 0.65> <FuncUnit> <Opcode : 'select'> <InPorts = 3> <OutPorts = 1>
ST_2 : Operation 39 [1/1] (0.62ns)   --->   "%select_ln34_3 = select i1 %and_ln34, i2 %c, i2 %select_ln34" [conv.cpp:34]   --->   Operation 39 'select' 'select_ln34_3' <Predicate = (!icmp_ln8)> <Delay = 0.62> <Core = "Sel">   --->   Core 26 'Sel' <Latency = 0> <II = 1> <Delay = 0.65> <FuncUnit> <Opcode : 'select'> <InPorts = 3> <OutPorts = 1>
ST_2 : Operation 40 [1/1] (0.00ns)   --->   "%zext_ln34_1 = zext i2 %select_ln34_3 to i4" [conv.cpp:34]   --->   Operation 40 'zext' 'zext_ln34_1' <Predicate = (!icmp_ln8)> <Delay = 0.00>
ST_2 : Operation 41 [1/1] (1.18ns)   --->   "%add_ln34 = add i4 %zext_ln34_1, %zext_ln34" [conv.cpp:34]   --->   Operation 41 'add' 'add_ln34' <Predicate = (!icmp_ln8)> <Delay = 1.18> <Core = "AddSub">   --->   Core 14 'AddSub' <Latency = 0> <II = 1> <Delay = 1.36> <FuncUnit> <Opcode : 'add' 'sub'> <InPorts = 2> <OutPorts = 1>
ST_2 : Operation 42 [1/1] (0.00ns)   --->   "%zext_ln34_2 = zext i4 %add_ln34 to i64" [conv.cpp:34]   --->   Operation 42 'zext' 'zext_ln34_2' <Predicate = (!icmp_ln8)> <Delay = 0.00>
ST_2 : Operation 43 [1/1] (0.00ns)   --->   "%conv_out_0_addr = getelementptr [4 x float]* %conv_out_0, i64 0, i64 %zext_ln34_2" [conv.cpp:34]   --->   Operation 43 'getelementptr' 'conv_out_0_addr' <Predicate = (!icmp_ln8)> <Delay = 0.00>
ST_2 : Operation 44 [1/1] (0.00ns)   --->   "%conv_out_1_addr = getelementptr [4 x float]* %conv_out_1, i64 0, i64 %zext_ln34_2" [conv.cpp:34]   --->   Operation 44 'getelementptr' 'conv_out_1_addr' <Predicate = (!icmp_ln8)> <Delay = 0.00>
ST_2 : Operation 45 [1/1] (0.00ns)   --->   "%conv_out_2_addr = getelementptr [4 x float]* %conv_out_2, i64 0, i64 %zext_ln34_2" [conv.cpp:34]   --->   Operation 45 'getelementptr' 'conv_out_2_addr' <Predicate = (!icmp_ln8)> <Delay = 0.00>
ST_2 : Operation 46 [1/1] (0.00ns)   --->   "call void (...)* @_ssdm_op_SpecLoopName([13 x i8]* @p_str4) nounwind" [conv.cpp:15]   --->   Operation 46 'specloopname' <Predicate = (!icmp_ln8)> <Delay = 0.00>
ST_2 : Operation 47 [1/1] (0.00ns)   --->   "%tmp_4 = call i32 (...)* @_ssdm_op_SpecRegionBegin([13 x i8]* @p_str4) nounwind" [conv.cpp:15]   --->   Operation 47 'specregionbegin' 'tmp_4' <Predicate = (!icmp_ln8)> <Delay = 0.00>
ST_2 : Operation 48 [1/1] (0.00ns)   --->   "%zext_ln18 = zext i2 %select_ln34_2 to i7" [conv.cpp:18]   --->   Operation 48 'zext' 'zext_ln18' <Predicate = (!icmp_ln8)> <Delay = 0.00>
ST_2 : Operation 49 [1/1] (1.18ns)   --->   "br label %2" [conv.cpp:18]   --->   Operation 49 'br' <Predicate = (!icmp_ln8)> <Delay = 1.18>
ST_2 : Operation 50 [1/1] (0.00ns)   --->   "ret void" [conv.cpp:41]   --->   Operation 50 'ret' <Predicate = (icmp_ln8)> <Delay = 0.00>

State 3 <SV = 2> <Delay = 11.1>
ST_3 : Operation 51 [1/1] (0.00ns)   --->   "%indvar_flatten29 = phi i5 [ 0, %Filter1_Loop_begin ], [ %add_ln18, %Chan_Loop ]" [conv.cpp:18]   --->   Operation 51 'phi' 'indvar_flatten29' <Predicate = true> <Delay = 0.00>
ST_3 : Operation 52 [1/1] (0.00ns)   --->   "%wr_0 = phi i2 [ 0, %Filter1_Loop_begin ], [ %select_ln26_2, %Chan_Loop ]" [conv.cpp:26]   --->   Operation 52 'phi' 'wr_0' <Predicate = true> <Delay = 0.00>
ST_3 : Operation 53 [1/1] (0.00ns)   --->   "%indvar_flatten = phi i4 [ 0, %Filter1_Loop_begin ], [ %select_ln21, %Chan_Loop ]" [conv.cpp:21]   --->   Operation 53 'phi' 'indvar_flatten' <Predicate = true> <Delay = 0.00>
ST_3 : Operation 54 [1/1] (0.00ns)   --->   "%wc_0 = phi i2 [ 0, %Filter1_Loop_begin ], [ %select_ln26_6, %Chan_Loop ]" [conv.cpp:26]   --->   Operation 54 'phi' 'wc_0' <Predicate = true> <Delay = 0.00>
ST_3 : Operation 55 [1/1] (0.00ns)   --->   "%w_sum_2 = phi float [ 0.000000e+00, %Filter1_Loop_begin ], [ %w_sum_3, %Chan_Loop ]"   --->   Operation 55 'phi' 'w_sum_2' <Predicate = true> <Delay = 0.00>
ST_3 : Operation 56 [1/1] (0.00ns)   --->   "%ch_0 = phi i2 [ 0, %Filter1_Loop_begin ], [ %ch, %Chan_Loop ]"   --->   Operation 56 'phi' 'ch_0' <Predicate = true> <Delay = 0.00>
ST_3 : Operation 57 [1/1] (1.00ns)   --->   "%add_ln26 = add i2 %select_ln34_1, %wr_0" [conv.cpp:26]   --->   Operation 57 'add' 'add_ln26' <Predicate = true> <Delay = 1.00> <Core = "AddSub">   --->   Core 14 'AddSub' <Latency = 0> <II = 1> <Delay = 1.36> <FuncUnit> <Opcode : 'add' 'sub'> <InPorts = 2> <OutPorts = 1>
ST_3 : Operation 58 [1/1] (1.00ns)   --->   "%add_ln26_1 = add i2 %select_ln34_3, %wc_0" [conv.cpp:26]   --->   Operation 58 'add' 'add_ln26_1' <Predicate = true> <Delay = 1.00> <Core = "AddSub">   --->   Core 14 'AddSub' <Latency = 0> <II = 1> <Delay = 1.36> <FuncUnit> <Opcode : 'add' 'sub'> <InPorts = 2> <OutPorts = 1>
ST_3 : Operation 59 [1/1] (0.00ns)   --->   "%tmp_3 = call i4 @_ssdm_op_BitConcatenate.i4.i2.i2(i2 %add_ln26, i2 %add_ln26_1)" [conv.cpp:26]   --->   Operation 59 'bitconcatenate' 'tmp_3' <Predicate = true> <Delay = 0.00>
ST_3 : Operation 60 [1/1] (1.12ns)   --->   "%icmp_ln18 = icmp eq i5 %indvar_flatten29, -14" [conv.cpp:18]   --->   Operation 60 'icmp' 'icmp_ln18' <Predicate = true> <Delay = 1.12> <Core = "Cmp">   --->   Core 25 'Cmp' <Latency = 0> <II = 1> <Delay = 1.48> <FuncUnit> <Opcode : 'icmp'> <InPorts = 2> <OutPorts = 1>
ST_3 : Operation 61 [1/1] (1.36ns)   --->   "%add_ln18 = add i5 %indvar_flatten29, 1" [conv.cpp:18]   --->   Operation 61 'add' 'add_ln18' <Predicate = true> <Delay = 1.36> <Core = "AddSub">   --->   Core 14 'AddSub' <Latency = 0> <II = 1> <Delay = 1.36> <FuncUnit> <Opcode : 'add' 'sub'> <InPorts = 2> <OutPorts = 1>
ST_3 : Operation 62 [1/1] (0.00ns)   --->   "br i1 %icmp_ln18, label %3, label %Chan_Loop" [conv.cpp:18]   --->   Operation 62 'br' <Predicate = true> <Delay = 0.00>
ST_3 : Operation 63 [1/1] (1.00ns)   --->   "%wr = add i2 1, %wr_0" [conv.cpp:18]   --->   Operation 63 'add' 'wr' <Predicate = (!icmp_ln18)> <Delay = 1.00> <Core = "AddSub">   --->   Core 14 'AddSub' <Latency = 0> <II = 1> <Delay = 1.36> <FuncUnit> <Opcode : 'add' 'sub'> <InPorts = 2> <OutPorts = 1>
ST_3 : Operation 64 [1/1] (1.12ns)   --->   "%icmp_ln21 = icmp eq i4 %indvar_flatten, 6" [conv.cpp:21]   --->   Operation 64 'icmp' 'icmp_ln21' <Predicate = (!icmp_ln18)> <Delay = 1.12> <Core = "Cmp">   --->   Core 25 'Cmp' <Latency = 0> <II = 1> <Delay = 1.48> <FuncUnit> <Opcode : 'icmp'> <InPorts = 2> <OutPorts = 1>
ST_3 : Operation 65 [1/1] (0.62ns)   --->   "%select_ln26_1 = select i1 %icmp_ln21, i2 0, i2 %wc_0" [conv.cpp:26]   --->   Operation 65 'select' 'select_ln26_1' <Predicate = (!icmp_ln18)> <Delay = 0.62> <Core = "Sel">   --->   Core 26 'Sel' <Latency = 0> <II = 1> <Delay = 0.65> <FuncUnit> <Opcode : 'select'> <InPorts = 3> <OutPorts = 1>
ST_3 : Operation 66 [1/1] (0.62ns)   --->   "%select_ln26_2 = select i1 %icmp_ln21, i2 %wr, i2 %wr_0" [conv.cpp:26]   --->   Operation 66 'select' 'select_ln26_2' <Predicate = (!icmp_ln18)> <Delay = 0.62> <Core = "Sel">   --->   Core 26 'Sel' <Latency = 0> <II = 1> <Delay = 0.65> <FuncUnit> <Opcode : 'select'> <InPorts = 3> <OutPorts = 1>
ST_3 : Operation 67 [1/1] (0.00ns)   --->   "%zext_ln26 = zext i2 %select_ln26_2 to i5" [conv.cpp:26]   --->   Operation 67 'zext' 'zext_ln26' <Predicate = (!icmp_ln18)> <Delay = 0.00>
ST_3 : Operation 68 [1/1] (0.00ns)   --->   "%tmp_6 = call i4 @_ssdm_op_BitConcatenate.i4.i2.i2(i2 %select_ln26_2, i2 0)" [conv.cpp:26]   --->   Operation 68 'bitconcatenate' 'tmp_6' <Predicate = (!icmp_ln18)> <Delay = 0.00>
ST_3 : Operation 69 [1/1] (0.00ns)   --->   "%zext_ln26_1 = zext i4 %tmp_6 to i5" [conv.cpp:26]   --->   Operation 69 'zext' 'zext_ln26_1' <Predicate = (!icmp_ln18)> <Delay = 0.00>
ST_3 : Operation 70 [1/1] (1.36ns)   --->   "%sub_ln26 = sub i5 %zext_ln26_1, %zext_ln26" [conv.cpp:26]   --->   Operation 70 'sub' 'sub_ln26' <Predicate = (!icmp_ln18)> <Delay = 1.36> <Core = "AddSub">   --->   Core 14 'AddSub' <Latency = 0> <II = 1> <Delay = 1.36> <FuncUnit> <Opcode : 'add' 'sub'> <InPorts = 2> <OutPorts = 1>
ST_3 : Operation 71 [1/1] (0.00ns)   --->   "%sext_ln26 = sext i5 %sub_ln26 to i6" [conv.cpp:26]   --->   Operation 71 'sext' 'sext_ln26' <Predicate = (!icmp_ln18)> <Delay = 0.00>
ST_3 : Operation 72 [1/1] (1.00ns)   --->   "%add_ln26_2 = add i2 %select_ln34_1, %wr" [conv.cpp:26]   --->   Operation 72 'add' 'add_ln26_2' <Predicate = (!icmp_ln18)> <Delay = 1.00> <Core = "AddSub">   --->   Core 14 'AddSub' <Latency = 0> <II = 1> <Delay = 1.36> <FuncUnit> <Opcode : 'add' 'sub'> <InPorts = 2> <OutPorts = 1>
ST_3 : Operation 73 [1/1] (0.00ns) (grouped into LUT with out node select_ln26_7)   --->   "%select_ln26_3 = select i1 %icmp_ln21, i2 %add_ln26_2, i2 %add_ln26" [conv.cpp:26]   --->   Operation 73 'select' 'select_ln26_3' <Predicate = (!icmp_ln18)> <Delay = 0.00> <Core = "Sel">   --->   Core 26 'Sel' <Latency = 0> <II = 1> <Delay = 0.65> <FuncUnit> <Opcode : 'select'> <InPorts = 3> <OutPorts = 1>
ST_3 : Operation 74 [1/1] (0.00ns) (grouped into LUT with out node select_ln26_4)   --->   "%tmp_7 = call i4 @_ssdm_op_BitConcatenate.i4.i2.i2(i2 %add_ln26_2, i2 %select_ln34_3)" [conv.cpp:26]   --->   Operation 74 'bitconcatenate' 'tmp_7' <Predicate = (!icmp_ln18)> <Delay = 0.00>
ST_3 : Operation 75 [1/1] (0.65ns) (out node of the LUT)   --->   "%select_ln26_4 = select i1 %icmp_ln21, i4 %tmp_7, i4 %tmp_3" [conv.cpp:26]   --->   Operation 75 'select' 'select_ln26_4' <Predicate = (!icmp_ln18)> <Delay = 0.65> <Core = "Sel">   --->   Core 26 'Sel' <Latency = 0> <II = 1> <Delay = 0.65> <FuncUnit> <Opcode : 'select'> <InPorts = 3> <OutPorts = 1>
ST_3 : Operation 76 [1/1] (0.00ns) (grouped into LUT with out node and_ln26)   --->   "%xor_ln26 = xor i1 %icmp_ln21, true" [conv.cpp:26]   --->   Operation 76 'xor' 'xor_ln26' <Predicate = (!icmp_ln18)> <Delay = 0.00> <Core = "LogicGate">   --->   Core 27 'LogicGate' <Latency = 0> <II = 1> <Delay = 0.61> <FuncUnit> <Opcode : 'and' 'or' 'xor'> <InPorts = 2> <OutPorts = 1>
ST_3 : Operation 77 [1/1] (0.61ns)   --->   "%icmp_ln24 = icmp eq i2 %ch_0, -2" [conv.cpp:24]   --->   Operation 77 'icmp' 'icmp_ln24' <Predicate = (!icmp_ln18)> <Delay = 0.61> <Core = "Cmp">   --->   Core 25 'Cmp' <Latency = 0> <II = 1> <Delay = 1.48> <FuncUnit> <Opcode : 'icmp'> <InPorts = 2> <OutPorts = 1>
ST_3 : Operation 78 [1/1] (0.61ns) (out node of the LUT)   --->   "%and_ln26 = and i1 %icmp_ln24, %xor_ln26" [conv.cpp:26]   --->   Operation 78 'and' 'and_ln26' <Predicate = (!icmp_ln18)> <Delay = 0.61> <Core = "LogicGate">   --->   Core 27 'LogicGate' <Latency = 0> <II = 1> <Delay = 0.61> <FuncUnit> <Opcode : 'and' 'or' 'xor'> <InPorts = 2> <OutPorts = 1>
ST_3 : Operation 79 [1/1] (1.00ns)   --->   "%wc = add i2 1, %select_ln26_1" [conv.cpp:21]   --->   Operation 79 'add' 'wc' <Predicate = (!icmp_ln18)> <Delay = 1.00> <Core = "AddSub">   --->   Core 14 'AddSub' <Latency = 0> <II = 1> <Delay = 1.36> <FuncUnit> <Opcode : 'add' 'sub'> <InPorts = 2> <OutPorts = 1>
ST_3 : Operation 80 [1/1] (0.00ns) (grouped into LUT with out node select_ln26_5)   --->   "%or_ln26 = or i1 %and_ln26, %icmp_ln21" [conv.cpp:26]   --->   Operation 80 'or' 'or_ln26' <Predicate = (!icmp_ln18)> <Delay = 0.00> <Core = "LogicGate">   --->   Core 27 'LogicGate' <Latency = 0> <II = 1> <Delay = 0.61> <FuncUnit> <Opcode : 'and' 'or' 'xor'> <InPorts = 2> <OutPorts = 1>
ST_3 : Operation 81 [1/1] (0.62ns) (out node of the LUT)   --->   "%select_ln26_5 = select i1 %or_ln26, i2 0, i2 %ch_0" [conv.cpp:26]   --->   Operation 81 'select' 'select_ln26_5' <Predicate = (!icmp_ln18)> <Delay = 0.62> <Core = "Sel">   --->   Core 26 'Sel' <Latency = 0> <II = 1> <Delay = 0.65> <FuncUnit> <Opcode : 'select'> <InPorts = 3> <OutPorts = 1>
ST_3 : Operation 82 [1/1] (0.62ns)   --->   "%select_ln26_6 = select i1 %and_ln26, i2 %wc, i2 %select_ln26_1" [conv.cpp:26]   --->   Operation 82 'select' 'select_ln26_6' <Predicate = (!icmp_ln18)> <Delay = 0.62> <Core = "Sel">   --->   Core 26 'Sel' <Latency = 0> <II = 1> <Delay = 0.65> <FuncUnit> <Opcode : 'select'> <InPorts = 3> <OutPorts = 1>
ST_3 : Operation 83 [1/1] (0.00ns)   --->   "%zext_ln26_2 = zext i2 %select_ln26_6 to i6" [conv.cpp:26]   --->   Operation 83 'zext' 'zext_ln26_2' <Predicate = (!icmp_ln18)> <Delay = 0.00>
ST_3 : Operation 84 [1/1] (1.36ns)   --->   "%add_ln26_3 = add i6 %zext_ln26_2, %sext_ln26" [conv.cpp:26]   --->   Operation 84 'add' 'add_ln26_3' <Predicate = (!icmp_ln18)> <Delay = 1.36> <Core = "AddSub">   --->   Core 14 'AddSub' <Latency = 0> <II = 1> <Delay = 1.36> <FuncUnit> <Opcode : 'add' 'sub'> <InPorts = 2> <OutPorts = 1>
ST_3 : Operation 85 [1/1] (0.00ns)   --->   "%tmp_9 = call i7 @_ssdm_op_BitConcatenate.i7.i6.i1(i6 %add_ln26_3, i1 false)" [conv.cpp:26]   --->   Operation 85 'bitconcatenate' 'tmp_9' <Predicate = (!icmp_ln18)> <Delay = 0.00>
ST_3 : Operation 86 [1/1] (0.00ns)   --->   "%sext_ln26_1 = sext i7 %tmp_9 to i64" [conv.cpp:26]   --->   Operation 86 'sext' 'sext_ln26_1' <Predicate = (!icmp_ln18)> <Delay = 0.00>
ST_3 : Operation 87 [1/1] (1.00ns)   --->   "%add_ln26_4 = add i2 %select_ln34_3, %wc" [conv.cpp:26]   --->   Operation 87 'add' 'add_ln26_4' <Predicate = (!icmp_ln18)> <Delay = 1.00> <Core = "AddSub">   --->   Core 14 'AddSub' <Latency = 0> <II = 1> <Delay = 1.36> <FuncUnit> <Opcode : 'add' 'sub'> <InPorts = 2> <OutPorts = 1>
ST_3 : Operation 88 [1/1] (0.00ns) (grouped into LUT with out node select_ln26_7)   --->   "%tmp_10 = call i4 @_ssdm_op_BitConcatenate.i4.i2.i2(i2 %select_ln26_3, i2 %add_ln26_4)" [conv.cpp:26]   --->   Operation 88 'bitconcatenate' 'tmp_10' <Predicate = (!icmp_ln18)> <Delay = 0.00>
ST_3 : Operation 89 [1/1] (0.65ns) (out node of the LUT)   --->   "%select_ln26_7 = select i1 %and_ln26, i4 %tmp_10, i4 %select_ln26_4" [conv.cpp:26]   --->   Operation 89 'select' 'select_ln26_7' <Predicate = (!icmp_ln18)> <Delay = 0.65> <Core = "Sel">   --->   Core 26 'Sel' <Latency = 0> <II = 1> <Delay = 0.65> <FuncUnit> <Opcode : 'select'> <InPorts = 3> <OutPorts = 1>
ST_3 : Operation 90 [1/1] (0.00ns)   --->   "%zext_ln26_3 = zext i4 %select_ln26_7 to i64" [conv.cpp:26]   --->   Operation 90 'zext' 'zext_ln26_3' <Predicate = (!icmp_ln18)> <Delay = 0.00>
ST_3 : Operation 91 [1/1] (0.00ns)   --->   "%input_1_addr = getelementptr [16 x float]* %input_1, i64 0, i64 %zext_ln26_3" [conv.cpp:26]   --->   Operation 91 'getelementptr' 'input_1_addr' <Predicate = (!icmp_ln18)> <Delay = 0.00>
ST_3 : Operation 92 [2/2] (1.42ns)   --->   "%input_1_load = load float* %input_1_addr, align 4" [conv.cpp:26]   --->   Operation 92 'load' 'input_1_load' <Predicate = (!icmp_ln18)> <Delay = 1.42> <Core = "RAM">   --->   Core 37 'RAM' <Latency = 1> <II = 1> <Delay = 1.42> <Storage> <Opcode : 'load' 'store'> <Ports = 2> <Width = 32> <Depth = 4> <RAM>
ST_3 : Operation 93 [1/1] (0.00ns)   --->   "%input_0_addr = getelementptr [16 x float]* %input_0, i64 0, i64 %zext_ln26_3" [conv.cpp:26]   --->   Operation 93 'getelementptr' 'input_0_addr' <Predicate = (!icmp_ln18)> <Delay = 0.00>
ST_3 : Operation 94 [2/2] (1.42ns)   --->   "%input_0_load = load float* %input_0_addr, align 4" [conv.cpp:26]   --->   Operation 94 'load' 'input_0_load' <Predicate = (!icmp_ln18)> <Delay = 1.42> <Core = "RAM">   --->   Core 37 'RAM' <Latency = 1> <II = 1> <Delay = 1.42> <Storage> <Opcode : 'load' 'store'> <Ports = 2> <Width = 32> <Depth = 4> <RAM>
ST_3 : Operation 95 [1/1] (0.00ns)   --->   "%zext_ln26_4 = zext i2 %select_ln26_5 to i64" [conv.cpp:26]   --->   Operation 95 'zext' 'zext_ln26_4' <Predicate = (!icmp_ln18)> <Delay = 0.00>
ST_3 : Operation 96 [1/1] (1.38ns)   --->   "%add_ln26_5 = add i64 %zext_ln26_4, %sext_ln26_1" [conv.cpp:26]   --->   Operation 96 'add' 'add_ln26_5' <Predicate = (!icmp_ln18)> <Delay = 1.38> <Core = "AddSub">   --->   Core 14 'AddSub' <Latency = 0> <II = 1> <Delay = 1.36> <FuncUnit> <Opcode : 'add' 'sub'> <InPorts = 2> <OutPorts = 1>
ST_3 : Operation 97 [1/1] (0.00ns)   --->   "%trunc_ln26 = trunc i64 %add_ln26_5 to i7" [conv.cpp:26]   --->   Operation 97 'trunc' 'trunc_ln26' <Predicate = (!icmp_ln18)> <Delay = 0.00>
ST_3 : Operation 98 [1/1] (0.00ns)   --->   "%trunc_ln26_1 = trunc i64 %add_ln26_5 to i5" [conv.cpp:26]   --->   Operation 98 'trunc' 'trunc_ln26_1' <Predicate = (!icmp_ln18)> <Delay = 0.00>
ST_3 : Operation 99 [1/1] (0.00ns)   --->   "%p_shl_cast = call i7 @_ssdm_op_BitConcatenate.i7.i5.i2(i5 %trunc_ln26_1, i2 0)" [conv.cpp:26]   --->   Operation 99 'bitconcatenate' 'p_shl_cast' <Predicate = (!icmp_ln18)> <Delay = 0.00>
ST_3 : Operation 100 [1/1] (0.00ns) (grouped into TernaryAdder)   --->   "%sub_ln26_1 = sub i7 %p_shl_cast, %trunc_ln26" [conv.cpp:26]   --->   Operation 100 'sub' 'sub_ln26_1' <Predicate = (!icmp_ln18)> <Delay = 0.00> <Core = "TAddSub">   --->   Core 83 'TAddSub' <Latency = 0> <II = 1> <Delay = 1.17> <IPBlock> <Opcode : 'add' 'sub'> <InPorts = 3> <OutPorts = 1> <Sync> <CReg>
ST_3 : Operation 101 [1/1] (2.34ns) (root node of TernaryAdder)   --->   "%add_ln26_6 = add i7 %zext_ln18, %sub_ln26_1" [conv.cpp:26]   --->   Operation 101 'add' 'add_ln26_6' <Predicate = (!icmp_ln18)> <Delay = 2.34> <Core = "TAddSub">   --->   Core 83 'TAddSub' <Latency = 0> <II = 1> <Delay = 1.17> <IPBlock> <Opcode : 'add' 'sub'> <InPorts = 3> <OutPorts = 1> <Sync> <CReg>
ST_3 : Operation 102 [1/1] (0.00ns)   --->   "%zext_ln26_5 = zext i7 %add_ln26_6 to i64" [conv.cpp:26]   --->   Operation 102 'zext' 'zext_ln26_5' <Predicate = (!icmp_ln18)> <Delay = 0.00>
ST_3 : Operation 103 [1/1] (0.00ns)   --->   "%conv_weights_addr = getelementptr [54 x float]* @conv_weights, i64 0, i64 %zext_ln26_5" [conv.cpp:26]   --->   Operation 103 'getelementptr' 'conv_weights_addr' <Predicate = (!icmp_ln18)> <Delay = 0.00>
ST_3 : Operation 104 [2/2] (2.66ns)   --->   "%conv_weights_load = load float* %conv_weights_addr, align 4" [conv.cpp:26]   --->   Operation 104 'load' 'conv_weights_load' <Predicate = (!icmp_ln18)> <Delay = 2.66> <Core = "ROM_nP">   --->   Core 52 'ROM_nP' <Latency = 1> <II = 1> <Delay = 2.66> <Storage> <Opcode : 'load'> <Ports = 0> <Width = 32> <Depth = 54> <ROM>
ST_3 : Operation 105 [1/1] (0.00ns)   --->   "%trunc_ln26_2 = trunc i2 %select_ln26_5 to i1" [conv.cpp:26]   --->   Operation 105 'trunc' 'trunc_ln26_2' <Predicate = (!icmp_ln18)> <Delay = 0.00>
ST_3 : Operation 106 [1/1] (1.36ns)   --->   "%add_ln21 = add i4 1, %indvar_flatten" [conv.cpp:21]   --->   Operation 106 'add' 'add_ln21' <Predicate = (!icmp_ln18)> <Delay = 1.36> <Core = "AddSub">   --->   Core 14 'AddSub' <Latency = 0> <II = 1> <Delay = 1.36> <FuncUnit> <Opcode : 'add' 'sub'> <InPorts = 2> <OutPorts = 1>
ST_3 : Operation 107 [1/1] (0.65ns)   --->   "%select_ln21 = select i1 %icmp_ln21, i4 1, i4 %add_ln21" [conv.cpp:21]   --->   Operation 107 'select' 'select_ln21' <Predicate = (!icmp_ln18)> <Delay = 0.65> <Core = "Sel">   --->   Core 26 'Sel' <Latency = 0> <II = 1> <Delay = 0.65> <FuncUnit> <Opcode : 'select'> <InPorts = 3> <OutPorts = 1>

State 4 <SV = 3> <Delay = 12.7>
ST_4 : Operation 108 [1/2] (1.42ns)   --->   "%input_1_load = load float* %input_1_addr, align 4" [conv.cpp:26]   --->   Operation 108 'load' 'input_1_load' <Predicate = (!icmp_ln18)> <Delay = 1.42> <Core = "RAM">   --->   Core 37 'RAM' <Latency = 1> <II = 1> <Delay = 1.42> <Storage> <Opcode : 'load' 'store'> <Ports = 2> <Width = 32> <Depth = 4> <RAM>
ST_4 : Operation 109 [1/2] (1.42ns)   --->   "%input_0_load = load float* %input_0_addr, align 4" [conv.cpp:26]   --->   Operation 109 'load' 'input_0_load' <Predicate = (!icmp_ln18)> <Delay = 1.42> <Core = "RAM">   --->   Core 37 'RAM' <Latency = 1> <II = 1> <Delay = 1.42> <Storage> <Opcode : 'load' 'store'> <Ports = 2> <Width = 32> <Depth = 4> <RAM>
ST_4 : Operation 110 [1/2] (2.66ns)   --->   "%conv_weights_load = load float* %conv_weights_addr, align 4" [conv.cpp:26]   --->   Operation 110 'load' 'conv_weights_load' <Predicate = (!icmp_ln18)> <Delay = 2.66> <Core = "ROM_nP">   --->   Core 52 'ROM_nP' <Latency = 1> <II = 1> <Delay = 2.66> <Storage> <Opcode : 'load'> <Ports = 0> <Width = 32> <Depth = 54> <ROM>
ST_4 : Operation 111 [1/1] (0.61ns)   --->   "%select_ln26 = select i1 %trunc_ln26_2, float %input_1_load, float %input_0_load" [conv.cpp:26]   --->   Operation 111 'select' 'select_ln26' <Predicate = (!icmp_ln18)> <Delay = 0.61> <Core = "Sel">   --->   Core 26 'Sel' <Latency = 0> <II = 1> <Delay = 0.65> <FuncUnit> <Opcode : 'select'> <InPorts = 3> <OutPorts = 1>
ST_4 : Operation 112 [2/2] (10.1ns)   --->   "%tmp_1 = fmul float %conv_weights_load, %select_ln26" [conv.cpp:26]   --->   Operation 112 'fmul' 'tmp_1' <Predicate = (!icmp_ln18)> <Delay = 10.1> <Core = "FMul">   --->   Core 106 'FMul' <Latency = 1> <II = 1> <Delay = 10.1> <FuncUnit> <Opcode : 'fmul'> <InPorts = 2> <OutPorts = 1>
ST_4 : Operation 113 [1/1] (1.00ns)   --->   "%ch = add i2 1, %select_ln26_5" [conv.cpp:24]   --->   Operation 113 'add' 'ch' <Predicate = (!icmp_ln18)> <Delay = 1.00> <Core = "AddSub">   --->   Core 14 'AddSub' <Latency = 0> <II = 1> <Delay = 1.36> <FuncUnit> <Opcode : 'add' 'sub'> <InPorts = 2> <OutPorts = 1>

State 5 <SV = 4> <Delay = 26.1>
ST_5 : Operation 114 [1/2] (10.1ns)   --->   "%tmp_1 = fmul float %conv_weights_load, %select_ln26" [conv.cpp:26]   --->   Operation 114 'fmul' 'tmp_1' <Predicate = (!icmp_ln18)> <Delay = 10.1> <Core = "FMul">   --->   Core 106 'FMul' <Latency = 1> <II = 1> <Delay = 10.1> <FuncUnit> <Opcode : 'fmul'> <InPorts = 2> <OutPorts = 1>
ST_5 : Operation 115 [2/2] (15.9ns)   --->   "%w_sum_3 = fadd float %w_sum_2, %tmp_1" [conv.cpp:26]   --->   Operation 115 'fadd' 'w_sum_3' <Predicate = (!icmp_ln18)> <Delay = 15.9> <Core = "FAddSub">   --->   Core 105 'FAddSub' <Latency = 1> <II = 1> <Delay = 15.9> <FuncUnit> <Opcode : 'fadd' 'fsub'> <InPorts = 2> <OutPorts = 1>

State 6 <SV = 5> <Delay = 15.9>
ST_6 : Operation 116 [1/1] (0.00ns)   --->   "call void (...)* @_ssdm_op_SpecLoopName([32 x i8]* @W_Row_Loop_W_Col_Loo)"   --->   Operation 116 'specloopname' <Predicate = (!icmp_ln18)> <Delay = 0.00>
ST_6 : Operation 117 [1/1] (0.00ns)   --->   "%empty = call i32 (...)* @_ssdm_op_SpecLoopTripCount(i64 18, i64 18, i64 18)"   --->   Operation 117 'speclooptripcount' 'empty' <Predicate = (!icmp_ln18)> <Delay = 0.00>
ST_6 : Operation 118 [1/1] (0.00ns)   --->   "call void (...)* @_ssdm_op_SpecLoopName([21 x i8]* @W_Col_Loop_Chan_Loop)"   --->   Operation 118 'specloopname' <Predicate = (!icmp_ln18)> <Delay = 0.00>
ST_6 : Operation 119 [1/1] (0.00ns)   --->   "call void (...)* @_ssdm_op_SpecLoopName([10 x i8]* @p_str7) nounwind" [conv.cpp:25]   --->   Operation 119 'specloopname' <Predicate = (!icmp_ln18)> <Delay = 0.00>
ST_6 : Operation 120 [1/1] (0.00ns)   --->   "%tmp_8 = call i32 (...)* @_ssdm_op_SpecRegionBegin([10 x i8]* @p_str7) nounwind" [conv.cpp:25]   --->   Operation 120 'specregionbegin' 'tmp_8' <Predicate = (!icmp_ln18)> <Delay = 0.00>
ST_6 : Operation 121 [1/1] (0.00ns)   --->   "call void (...)* @_ssdm_op_SpecPipeline(i32 -1, i32 1, i32 1, i32 0, [1 x i8]* @p_str1) nounwind" [conv.cpp:26]   --->   Operation 121 'specpipeline' <Predicate = (!icmp_ln18)> <Delay = 0.00>
ST_6 : Operation 122 [1/2] (15.9ns)   --->   "%w_sum_3 = fadd float %w_sum_2, %tmp_1" [conv.cpp:26]   --->   Operation 122 'fadd' 'w_sum_3' <Predicate = (!icmp_ln18)> <Delay = 15.9> <Core = "FAddSub">   --->   Core 105 'FAddSub' <Latency = 1> <II = 1> <Delay = 15.9> <FuncUnit> <Opcode : 'fadd' 'fsub'> <InPorts = 2> <OutPorts = 1>
ST_6 : Operation 123 [1/1] (0.00ns)   --->   "%empty_4 = call i32 (...)* @_ssdm_op_SpecRegionEnd([10 x i8]* @p_str7, i32 %tmp_8) nounwind" [conv.cpp:27]   --->   Operation 123 'specregionend' 'empty_4' <Predicate = (!icmp_ln18)> <Delay = 0.00>
ST_6 : Operation 124 [1/1] (0.00ns)   --->   "br label %2"   --->   Operation 124 'br' <Predicate = (!icmp_ln18)> <Delay = 0.00>

State 7 <SV = 3> <Delay = 17.2>
ST_7 : Operation 125 [1/1] (0.61ns)   --->   "%icmp_ln7 = icmp eq i2 %select_ln34_2, 0" [aesl_mux_load.3floatP.i2:7->conv.cpp:30]   --->   Operation 125 'icmp' 'icmp_ln7' <Predicate = true> <Delay = 0.61> <Core = "Cmp">   --->   Core 25 'Cmp' <Latency = 0> <II = 1> <Delay = 1.48> <FuncUnit> <Opcode : 'icmp'> <InPorts = 2> <OutPorts = 1>
ST_7 : Operation 126 [1/1] (0.61ns)   --->   "%icmp_ln7_1 = icmp eq i2 %select_ln34_2, 1" [aesl_mux_load.3floatP.i2:7->conv.cpp:30]   --->   Operation 126 'icmp' 'icmp_ln7_1' <Predicate = true> <Delay = 0.61> <Core = "Cmp">   --->   Core 25 'Cmp' <Latency = 0> <II = 1> <Delay = 1.48> <FuncUnit> <Opcode : 'icmp'> <InPorts = 2> <OutPorts = 1>
ST_7 : Operation 127 [1/1] (0.00ns) (grouped into LUT with out node merge_i)   --->   "%select_ln7_i = select i1 %icmp_ln7_1, float 2.000000e+00, float 1.000000e+00" [aesl_mux_load.3floatP.i2:7->conv.cpp:30]   --->   Operation 127 'select' 'select_ln7_i' <Predicate = true> <Delay = 0.00> <Core = "Sel">   --->   Core 26 'Sel' <Latency = 0> <II = 1> <Delay = 0.65> <FuncUnit> <Opcode : 'select'> <InPorts = 3> <OutPorts = 1>
ST_7 : Operation 128 [1/1] (0.00ns) (grouped into LUT with out node merge_i)   --->   "%empty_5 = or i1 %icmp_ln7_1, %icmp_ln7" [aesl_mux_load.3floatP.i2:7->conv.cpp:30]   --->   Operation 128 'or' 'empty_5' <Predicate = true> <Delay = 0.00> <Core = "LogicGate">   --->   Core 27 'LogicGate' <Latency = 0> <II = 1> <Delay = 0.61> <FuncUnit> <Opcode : 'and' 'or' 'xor'> <InPorts = 2> <OutPorts = 1>
ST_7 : Operation 129 [1/1] (0.61ns) (out node of the LUT)   --->   "%merge_i = select i1 %empty_5, float %select_ln7_i, float 1.500000e+00" [aesl_mux_load.3floatP.i2:7->conv.cpp:30]   --->   Operation 129 'select' 'merge_i' <Predicate = true> <Delay = 0.61> <Core = "Sel">   --->   Core 26 'Sel' <Latency = 0> <II = 1> <Delay = 0.65> <FuncUnit> <Opcode : 'select'> <InPorts = 3> <OutPorts = 1>
ST_7 : Operation 130 [2/2] (15.9ns)   --->   "%w_sum = fadd float %w_sum_2, %merge_i" [conv.cpp:30]   --->   Operation 130 'fadd' 'w_sum' <Predicate = true> <Delay = 15.9> <Core = "FAddSub">   --->   Core 105 'FAddSub' <Latency = 1> <II = 1> <Delay = 15.9> <FuncUnit> <Opcode : 'fadd' 'fsub'> <InPorts = 2> <OutPorts = 1>

State 8 <SV = 4> <Delay = 33.7>
ST_8 : Operation 131 [1/2] (15.9ns)   --->   "%w_sum = fadd float %w_sum_2, %merge_i" [conv.cpp:30]   --->   Operation 131 'fadd' 'w_sum' <Predicate = true> <Delay = 15.9> <Core = "FAddSub">   --->   Core 105 'FAddSub' <Latency = 1> <II = 1> <Delay = 15.9> <FuncUnit> <Opcode : 'fadd' 'fsub'> <InPorts = 2> <OutPorts = 1>
ST_8 : Operation 132 [1/1] (0.00ns)   --->   "%bitcast_ln33 = bitcast float %w_sum to i32" [conv.cpp:33]   --->   Operation 132 'bitcast' 'bitcast_ln33' <Predicate = true> <Delay = 0.00>
ST_8 : Operation 133 [1/1] (0.00ns)   --->   "%tmp = call i8 @_ssdm_op_PartSelect.i8.i32.i32.i32(i32 %bitcast_ln33, i32 23, i32 30)" [conv.cpp:33]   --->   Operation 133 'partselect' 'tmp' <Predicate = true> <Delay = 0.00>
ST_8 : Operation 134 [1/1] (0.00ns)   --->   "%trunc_ln33 = trunc i32 %bitcast_ln33 to i23" [conv.cpp:33]   --->   Operation 134 'trunc' 'trunc_ln33' <Predicate = true> <Delay = 0.00>
ST_8 : Operation 135 [1/1] (1.12ns)   --->   "%icmp_ln33 = icmp ne i8 %tmp, -1" [conv.cpp:33]   --->   Operation 135 'icmp' 'icmp_ln33' <Predicate = true> <Delay = 1.12> <Core = "Cmp">   --->   Core 25 'Cmp' <Latency = 0> <II = 1> <Delay = 1.48> <FuncUnit> <Opcode : 'icmp'> <InPorts = 2> <OutPorts = 1>
ST_8 : Operation 136 [1/1] (1.48ns)   --->   "%icmp_ln33_1 = icmp eq i23 %trunc_ln33, 0" [conv.cpp:33]   --->   Operation 136 'icmp' 'icmp_ln33_1' <Predicate = true> <Delay = 1.48> <Core = "Cmp">   --->   Core 25 'Cmp' <Latency = 0> <II = 1> <Delay = 1.48> <FuncUnit> <Opcode : 'icmp'> <InPorts = 2> <OutPorts = 1>
ST_8 : Operation 137 [1/1] (0.00ns) (grouped into LUT with out node w_sum_1)   --->   "%or_ln33 = or i1 %icmp_ln33_1, %icmp_ln33" [conv.cpp:33]   --->   Operation 137 'or' 'or_ln33' <Predicate = true> <Delay = 0.00> <Core = "LogicGate">   --->   Core 27 'LogicGate' <Latency = 0> <II = 1> <Delay = 0.61> <FuncUnit> <Opcode : 'and' 'or' 'xor'> <InPorts = 2> <OutPorts = 1>
ST_8 : Operation 138 [1/1] (15.7ns)   --->   "%tmp_5 = fcmp ogt float %w_sum, 0.000000e+00" [conv.cpp:33]   --->   Operation 138 'fcmp' 'tmp_5' <Predicate = true> <Delay = 15.7> <Core = "FCmp">   --->   Core 111 'FCmp' <Latency = 0> <II = 1> <Delay = 15.7> <FuncUnit> <Opcode : 'fcmp'> <InPorts = 2> <OutPorts = 1>
ST_8 : Operation 139 [1/1] (0.00ns) (grouped into LUT with out node w_sum_1)   --->   "%and_ln33 = and i1 %or_ln33, %tmp_5" [conv.cpp:33]   --->   Operation 139 'and' 'and_ln33' <Predicate = true> <Delay = 0.00> <Core = "LogicGate">   --->   Core 27 'LogicGate' <Latency = 0> <II = 1> <Delay = 0.61> <FuncUnit> <Opcode : 'and' 'or' 'xor'> <InPorts = 2> <OutPorts = 1>
ST_8 : Operation 140 [1/1] (0.61ns) (out node of the LUT)   --->   "%w_sum_1 = select i1 %and_ln33, float %w_sum, float 0.000000e+00" [conv.cpp:33]   --->   Operation 140 'select' 'w_sum_1' <Predicate = true> <Delay = 0.61> <Core = "Sel">   --->   Core 26 'Sel' <Latency = 0> <II = 1> <Delay = 0.65> <FuncUnit> <Opcode : 'select'> <InPorts = 3> <OutPorts = 1>
ST_8 : Operation 141 [1/1] (0.86ns)   --->   "switch i2 %select_ln34_2, label %branch2 [
    i2 0, label %branch0
    i2 1, label %branch1
  ]" [conv.cpp:34]   --->   Operation 141 'switch' <Predicate = true> <Delay = 0.86>
ST_8 : Operation 142 [1/1] (1.42ns)   --->   "store float %w_sum_1, float* %conv_out_1_addr, align 4" [conv.cpp:34]   --->   Operation 142 'store' <Predicate = (select_ln34_2 == 1)> <Delay = 1.42> <Core = "RAM">   --->   Core 37 'RAM' <Latency = 1> <II = 1> <Delay = 1.42> <Storage> <Opcode : 'load' 'store'> <Ports = 2> <Width = 32> <Depth = 4> <RAM>
ST_8 : Operation 143 [1/1] (0.00ns)   --->   "br label %Filter1_Loop_end" [conv.cpp:34]   --->   Operation 143 'br' <Predicate = (select_ln34_2 == 1)> <Delay = 0.00>
ST_8 : Operation 144 [1/1] (1.42ns)   --->   "store float %w_sum_1, float* %conv_out_0_addr, align 4" [conv.cpp:34]   --->   Operation 144 'store' <Predicate = (select_ln34_2 == 0)> <Delay = 1.42> <Core = "RAM">   --->   Core 37 'RAM' <Latency = 1> <II = 1> <Delay = 1.42> <Storage> <Opcode : 'load' 'store'> <Ports = 2> <Width = 32> <Depth = 4> <RAM>
ST_8 : Operation 145 [1/1] (0.00ns)   --->   "br label %Filter1_Loop_end" [conv.cpp:34]   --->   Operation 145 'br' <Predicate = (select_ln34_2 == 0)> <Delay = 0.00>
ST_8 : Operation 146 [1/1] (1.42ns)   --->   "store float %w_sum_1, float* %conv_out_2_addr, align 4" [conv.cpp:34]   --->   Operation 146 'store' <Predicate = (select_ln34_2 != 0 & select_ln34_2 != 1)> <Delay = 1.42> <Core = "RAM">   --->   Core 37 'RAM' <Latency = 1> <II = 1> <Delay = 1.42> <Storage> <Opcode : 'load' 'store'> <Ports = 2> <Width = 32> <Depth = 4> <RAM>
ST_8 : Operation 147 [1/1] (0.00ns)   --->   "br label %Filter1_Loop_end" [conv.cpp:34]   --->   Operation 147 'br' <Predicate = (select_ln34_2 != 0 & select_ln34_2 != 1)> <Delay = 0.00>
ST_8 : Operation 148 [1/1] (0.00ns)   --->   "%empty_6 = call i32 (...)* @_ssdm_op_SpecRegionEnd([13 x i8]* @p_str4, i32 %tmp_4) nounwind" [conv.cpp:38]   --->   Operation 148 'specregionend' 'empty_6' <Predicate = true> <Delay = 0.00>
ST_8 : Operation 149 [1/1] (1.00ns)   --->   "%f = add i2 %select_ln34_2, 1" [conv.cpp:14]   --->   Operation 149 'add' 'f' <Predicate = true> <Delay = 1.00> <Core = "AddSub">   --->   Core 14 'AddSub' <Latency = 0> <II = 1> <Delay = 1.36> <FuncUnit> <Opcode : 'add' 'sub'> <InPorts = 2> <OutPorts = 1>
ST_8 : Operation 150 [1/1] (1.36ns)   --->   "%add_ln11_1 = add i4 %indvar_flatten40, 1" [conv.cpp:11]   --->   Operation 150 'add' 'add_ln11_1' <Predicate = (!icmp_ln11)> <Delay = 1.36> <Core = "AddSub">   --->   Core 14 'AddSub' <Latency = 0> <II = 1> <Delay = 1.36> <FuncUnit> <Opcode : 'add' 'sub'> <InPorts = 2> <OutPorts = 1>
ST_8 : Operation 151 [1/1] (0.65ns)   --->   "%select_ln11 = select i1 %icmp_ln11, i4 1, i4 %add_ln11_1" [conv.cpp:11]   --->   Operation 151 'select' 'select_ln11' <Predicate = true> <Delay = 0.65> <Core = "Sel">   --->   Core 26 'Sel' <Latency = 0> <II = 1> <Delay = 0.65> <FuncUnit> <Opcode : 'select'> <InPorts = 3> <OutPorts = 1>
ST_8 : Operation 152 [1/1] (0.00ns)   --->   "br label %1" [conv.cpp:14]   --->   Operation 152 'br' <Predicate = true> <Delay = 0.00>


============================================================
+ Verbose Summary: Timing violations
============================================================
Target clock period: 40ns, clock uncertainty: 5ns.

 <State 1>: 1.18ns
The critical path consists of the following:
	multiplexor before 'phi' operation ('indvar_flatten54', conv.cpp:8) with incoming values : ('add_ln8', conv.cpp:8) [16]  (1.18 ns)

 <State 2>: 4.56ns
The critical path consists of the following:
	'phi' operation ('indvar_flatten40', conv.cpp:11) with incoming values : ('select_ln11', conv.cpp:11) [18]  (0 ns)
	'icmp' operation ('icmp_ln11', conv.cpp:11) [28]  (1.12 ns)
	'select' operation ('select_ln34', conv.cpp:34) [29]  (0.625 ns)
	'add' operation ('c', conv.cpp:11) [36]  (1.01 ns)
	'select' operation ('select_ln34_3', conv.cpp:34) [40]  (0.625 ns)
	'add' operation ('add_ln34', conv.cpp:34) [42]  (1.18 ns)

 <State 3>: 11.1ns
The critical path consists of the following:
	'phi' operation ('indvar_flatten', conv.cpp:21) with incoming values : ('select_ln21', conv.cpp:21) [54]  (0 ns)
	'icmp' operation ('icmp_ln21', conv.cpp:21) [68]  (1.12 ns)
	'select' operation ('select_ln26_1', conv.cpp:26) [69]  (0.625 ns)
	'add' operation ('wc', conv.cpp:21) [83]  (1.01 ns)
	'select' operation ('select_ln26_6', conv.cpp:26) [87]  (0.625 ns)
	'add' operation ('add_ln26_3', conv.cpp:26) [89]  (1.37 ns)
	'add' operation ('add_ln26_5', conv.cpp:26) [104]  (1.39 ns)
	'sub' operation ('sub_ln26_1', conv.cpp:26) [108]  (0 ns)
	'add' operation ('add_ln26_6', conv.cpp:26) [109]  (2.35 ns)
	'getelementptr' operation ('conv_weights_addr', conv.cpp:26) [111]  (0 ns)
	'load' operation ('conv_weights_load', conv.cpp:26) on array 'conv_weights' [112]  (2.66 ns)

 <State 4>: 12.8ns
The critical path consists of the following:
	'load' operation ('conv_weights_load', conv.cpp:26) on array 'conv_weights' [112]  (2.66 ns)
	'fmul' operation ('tmp_1', conv.cpp:26) [115]  (10.1 ns)

 <State 5>: 26.1ns
The critical path consists of the following:
	'fmul' operation ('tmp_1', conv.cpp:26) [115]  (10.1 ns)
	'fadd' operation ('w_sum', conv.cpp:26) [116]  (16 ns)

 <State 6>: 16ns
The critical path consists of the following:
	'fadd' operation ('w_sum', conv.cpp:26) [116]  (16 ns)

 <State 7>: 17.2ns
The critical path consists of the following:
	'icmp' operation ('icmp_ln7', aesl_mux_load.3floatP.i2:7->conv.cpp:30) [123]  (0.61 ns)
	'or' operation ('empty_5', aesl_mux_load.3floatP.i2:7->conv.cpp:30) [126]  (0 ns)
	'select' operation ('merge_i', aesl_mux_load.3floatP.i2:7->conv.cpp:30) [127]  (0.616 ns)
	'fadd' operation ('w_sum', conv.cpp:30) [128]  (16 ns)

 <State 8>: 33.8ns
The critical path consists of the following:
	'fadd' operation ('w_sum', conv.cpp:30) [128]  (16 ns)
	'fcmp' operation ('tmp_5', conv.cpp:33) [135]  (15.8 ns)
	'and' operation ('and_ln33', conv.cpp:33) [136]  (0 ns)
	'select' operation ('w_sum', conv.cpp:33) [137]  (0.616 ns)
	'store' operation ('store_ln34', conv.cpp:34) of variable 'w_sum', conv.cpp:33 on array 'conv_out_0' [143]  (1.43 ns)


============================================================
+ Verbose Summary: Binding
============================================================
N/A
* FSMD analyzer results:
  - Output states:
 - Input state : 
  - Chain level:
	State 1
	State 2
	State 3
	State 4
	State 5
	State 6
	State 7
	State 8


============================================================
+ Verbose Summary: Datapath Resource usage 
============================================================
N/A
