==============================================================
Vivado(TM) HLS - High-Level Synthesis from C, C++ and SystemC v2019.1 (64-bit)
Copyright 1986-2019 Xilinx, Inc. All Rights Reserved.
==============================================================
INFO: [SYN 201-201] Setting up clock 'default' with a period of 20ns.
INFO: [HLS 200-10] Setting target device to 'xc7z020-clg400-1'
INFO: [SCHED 204-61] Option 'relax_ii_for_timing' is enabled, will increase II to preserve clock frequency constraints.
INFO: [HLS 200-10] Analyzing design file 'cnn/cnn.cpp' ... 
INFO: [HLS 200-10] Analyzing design file 'cnn/conv_1.cpp' ... 
INFO: [HLS 200-10] Analyzing design file 'cnn/conv_2.cpp' ... 
INFO: [HLS 200-10] Analyzing design file 'cnn/dense_1.cpp' ... 
INFO: [HLS 200-10] Analyzing design file 'cnn/dense_2.cpp' ... 
INFO: [HLS 200-10] Analyzing design file 'cnn/dense_out.cpp' ... 
INFO: [HLS 200-10] Analyzing design file 'cnn/flat.cpp' ... 
INFO: [HLS 200-10] Analyzing design file 'cnn/max_pool_1.cpp' ... 
INFO: [HLS 200-10] Analyzing design file 'cnn/max_pool_2.cpp' ... 
INFO: [HLS 200-111] Finished Linking Time (s): cpu = 00:00:01 ; elapsed = 00:00:38 . Memory (MB): peak = 187.035 ; gain = 95.543
INFO: [HLS 200-111] Finished Checking Pragmas Time (s): cpu = 00:00:01 ; elapsed = 00:00:38 . Memory (MB): peak = 187.035 ; gain = 95.543
INFO: [HLS 200-10] Starting code transformations ...
INFO: [HLS 200-111] Finished Standard Transforms Time (s): cpu = 00:00:01 ; elapsed = 00:00:39 . Memory (MB): peak = 187.035 ; gain = 95.543
INFO: [HLS 200-10] Checking synthesizability ...
INFO: [XFORM 203-602] Inlining function 'dense_1' into 'cnn' (cnn/cnn.cpp:58) automatically.
INFO: [XFORM 203-602] Inlining function 'dense_2' into 'cnn' (cnn/cnn.cpp:63) automatically.
INFO: [HLS 200-111] Finished Checking Synthesizability Time (s): cpu = 00:00:02 ; elapsed = 00:00:39 . Memory (MB): peak = 187.035 ; gain = 95.543
INFO: [XFORM 203-502] Unrolling all sub-loops inside loop 'DENSE_1_LOOP' (cnn/dense_1.cpp:9) in function 'dense_1' for pipelining.
INFO: [HLS 200-489] Unrolling loop 'FLAT_1_LOOP' (cnn/dense_1.cpp:13) in function 'dense_1' completely with a factor of 400.
INFO: [XFORM 203-602] Inlining function 'dense_2' into 'cnn' (cnn/cnn.cpp:63) automatically.
INFO: [HLS 200-111] Finished Pre-synthesis Time (s): cpu = 00:00:04 ; elapsed = 00:00:42 . Memory (MB): peak = 187.035 ; gain = 95.543
INFO: [HLS 200-111] Finished Architecture Synthesis Time (s): cpu = 00:00:14 ; elapsed = 00:00:52 . Memory (MB): peak = 268.078 ; gain = 176.586
INFO: [HLS 200-10] Starting hardware synthesis ...
INFO: [HLS 200-10] Synthesizing 'cnn' ...
INFO: [HLS 200-10] ----------------------------------------------------------------
INFO: [HLS 200-42] -- Implementing module 'conv_1' 
INFO: [HLS 200-10] ----------------------------------------------------------------
INFO: [SCHED 204-11] Starting scheduling ...
INFO: [SCHED 204-11] Finished scheduling.
INFO: [HLS 200-111]  Elapsed time: 52.085 seconds; current allocated memory: 209.450 MB.
INFO: [HLS 200-434] Only 0 loops out of a total 5 loops have been pipelined in this design.
INFO: [BIND 205-100] Starting micro-architecture generation ...
INFO: [BIND 205-101] Performing variable lifetime analysis.
INFO: [BIND 205-101] Exploring resource sharing.
INFO: [BIND 205-101] Binding ...
INFO: [BIND 205-100] Finished micro-architecture generation.
INFO: [HLS 200-111]  Elapsed time: 0.115 seconds; current allocated memory: 209.825 MB.
INFO: [HLS 200-10] ----------------------------------------------------------------
INFO: [HLS 200-42] -- Implementing module 'max_pool_1' 
INFO: [HLS 200-10] ----------------------------------------------------------------
INFO: [SCHED 204-11] Starting scheduling ...
INFO: [SCHED 204-11] Finished scheduling.
INFO: [HLS 200-111]  Elapsed time: 0.145 seconds; current allocated memory: 210.185 MB.
INFO: [BIND 205-100] Starting micro-architecture generation ...
INFO: [BIND 205-101] Performing variable lifetime analysis.
INFO: [BIND 205-101] Exploring resource sharing.
INFO: [BIND 205-101] Binding ...
INFO: [BIND 205-100] Finished micro-architecture generation.
INFO: [HLS 200-111]  Elapsed time: 0.096 seconds; current allocated memory: 210.510 MB.
INFO: [HLS 200-10] ----------------------------------------------------------------
INFO: [HLS 200-42] -- Implementing module 'conv_2' 
INFO: [HLS 200-10] ----------------------------------------------------------------
INFO: [SCHED 204-11] Starting scheduling ...
INFO: [SCHED 204-11] Finished scheduling.
INFO: [HLS 200-111]  Elapsed time: 0.144 seconds; current allocated memory: 210.785 MB.
INFO: [BIND 205-100] Starting micro-architecture generation ...
INFO: [BIND 205-101] Performing variable lifetime analysis.
INFO: [BIND 205-101] Exploring resource sharing.
INFO: [BIND 205-101] Binding ...
INFO: [BIND 205-100] Finished micro-architecture generation.
INFO: [HLS 200-111]  Elapsed time: 0.119 seconds; current allocated memory: 211.192 MB.
INFO: [HLS 200-10] ----------------------------------------------------------------
INFO: [HLS 200-42] -- Implementing module 'max_pool_2' 
INFO: [HLS 200-10] ----------------------------------------------------------------
INFO: [SCHED 204-11] Starting scheduling ...
INFO: [SCHED 204-11] Finished scheduling.
INFO: [HLS 200-111]  Elapsed time: 0.146 seconds; current allocated memory: 211.418 MB.
INFO: [BIND 205-100] Starting micro-architecture generation ...
INFO: [BIND 205-101] Performing variable lifetime analysis.
INFO: [BIND 205-101] Exploring resource sharing.
INFO: [BIND 205-101] Binding ...
INFO: [BIND 205-100] Finished micro-architecture generation.
INFO: [HLS 200-111]  Elapsed time: 0.098 seconds; current allocated memory: 211.729 MB.
INFO: [HLS 200-10] ----------------------------------------------------------------
INFO: [HLS 200-42] -- Implementing module 'flat' 
INFO: [HLS 200-10] ----------------------------------------------------------------
INFO: [SCHED 204-11] Starting scheduling ...
INFO: [SCHED 204-11] Finished scheduling.
INFO: [HLS 200-111]  Elapsed time: 0.132 seconds; current allocated memory: 211.850 MB.
INFO: [BIND 205-100] Starting micro-architecture generation ...
INFO: [BIND 205-101] Performing variable lifetime analysis.
INFO: [BIND 205-101] Exploring resource sharing.
INFO: [BIND 205-101] Binding ...
INFO: [BIND 205-100] Finished micro-architecture generation.
INFO: [HLS 200-111]  Elapsed time: 0.076 seconds; current allocated memory: 212.013 MB.
INFO: [HLS 200-10] ----------------------------------------------------------------
INFO: [HLS 200-42] -- Implementing module 'dense_1' 
INFO: [HLS 200-10] ----------------------------------------------------------------
INFO: [SCHED 204-11] Starting scheduling ...
INFO: [SCHED 204-61] Pipelining loop 'DENSE_1_LOOP'.
WARNING: [SCHED 204-69] Unable to schedule 'load' operation ('flat_array_load_2', cnn/dense_1.cpp:14) on array 'flat_array' due to limited memory ports. Please consider using a memory core with more ports or partitioning the array 'flat_array'.
INFO: [SCHED 204-61] Pipelining result : Target II = 1, Final II = 200, Depth = 1610.
INFO: [SCHED 204-11] Finished scheduling.
INFO: [HLS 200-111]  Elapsed time: 13.032 seconds; current allocated memory: 221.901 MB.
INFO: [BIND 205-100] Starting micro-architecture generation ...
INFO: [BIND 205-101] Performing variable lifetime analysis.
INFO: [BIND 205-101] Exploring resource sharing.
INFO: [BIND 205-101] Binding ...
INFO: [BIND 205-100] Finished micro-architecture generation.
INFO: [HLS 200-111]  Elapsed time: 5.493 seconds; current allocated memory: 248.883 MB.
INFO: [HLS 200-10] ----------------------------------------------------------------
INFO: [HLS 200-42] -- Implementing module 'soft_max' 
INFO: [HLS 200-10] ----------------------------------------------------------------
INFO: [SCHED 204-11] Starting scheduling ...
INFO: [SCHED 204-11] Finished scheduling.
INFO: [HLS 200-111]  Elapsed time: 2.805 seconds; current allocated memory: 249.431 MB.
INFO: [BIND 205-100] Starting micro-architecture generation ...
INFO: [BIND 205-101] Performing variable lifetime analysis.
INFO: [BIND 205-101] Exploring resource sharing.
INFO: [BIND 205-101] Binding ...
INFO: [BIND 205-100] Finished micro-architecture generation.
INFO: [HLS 200-111]  Elapsed time: 0.103 seconds; current allocated memory: 249.585 MB.
INFO: [HLS 200-10] ----------------------------------------------------------------
INFO: [HLS 200-42] -- Implementing module 'dense_out' 
INFO: [HLS 200-10] ----------------------------------------------------------------
INFO: [SCHED 204-11] Starting scheduling ...
INFO: [SCHED 204-11] Finished scheduling.
INFO: [HLS 200-111]  Elapsed time: 0.119 seconds; current allocated memory: 249.714 MB.
INFO: [BIND 205-100] Starting micro-architecture generation ...
INFO: [BIND 205-101] Performing variable lifetime analysis.
INFO: [BIND 205-101] Exploring resource sharing.
INFO: [BIND 205-101] Binding ...
INFO: [BIND 205-100] Finished micro-architecture generation.
INFO: [HLS 200-111]  Elapsed time: 0.102 seconds; current allocated memory: 249.889 MB.
INFO: [HLS 200-10] ----------------------------------------------------------------
INFO: [HLS 200-42] -- Implementing module 'cnn' 
INFO: [HLS 200-10] ----------------------------------------------------------------
INFO: [SCHED 204-11] Starting scheduling ...
INFO: [SCHED 204-11] Finished scheduling.
INFO: [HLS 200-111]  Elapsed time: 0.137 seconds; current allocated memory: 250.158 MB.
INFO: [BIND 205-100] Starting micro-architecture generation ...
INFO: [BIND 205-101] Performing variable lifetime analysis.
INFO: [BIND 205-101] Exploring resource sharing.
INFO: [BIND 205-101] Binding ...
INFO: [BIND 205-100] Finished micro-architecture generation.
INFO: [HLS 200-111]  Elapsed time: 0.716 seconds; current allocated memory: 251.190 MB.
INFO: [HLS 200-10] ----------------------------------------------------------------
INFO: [HLS 200-10] -- Generating RTL for module 'conv_1' 
INFO: [HLS 200-10] ----------------------------------------------------------------
INFO: [SYN 201-210] Renamed object name 'conv_1_conv_1_weights' to 'conv_1_conv_1_weibkb' due to the length limit 20
INFO: [SYN 201-210] Renamed object name 'cnn_fadd_32ns_32ns_32_4_full_dsp_1' to 'cnn_fadd_32ns_32ncud' due to the length limit 20
INFO: [SYN 201-210] Renamed object name 'cnn_fmul_32ns_32ns_32_2_max_dsp_1' to 'cnn_fmul_32ns_32ndEe' due to the length limit 20
INFO: [SYN 201-210] Renamed object name 'cnn_fcmp_32ns_32ns_1_2_1' to 'cnn_fcmp_32ns_32neOg' due to the length limit 20
INFO: [RTGEN 206-100] Generating core module 'cnn_fadd_32ns_32ncud': 1 instance(s).
INFO: [RTGEN 206-100] Generating core module 'cnn_fcmp_32ns_32neOg': 1 instance(s).
INFO: [RTGEN 206-100] Generating core module 'cnn_fmul_32ns_32ndEe': 1 instance(s).
INFO: [RTGEN 206-100] Finished creating RTL model for 'conv_1'.
INFO: [HLS 200-111]  Elapsed time: 0.642 seconds; current allocated memory: 252.383 MB.
INFO: [HLS 200-10] ----------------------------------------------------------------
INFO: [HLS 200-10] -- Generating RTL for module 'max_pool_1' 
INFO: [HLS 200-10] ----------------------------------------------------------------
INFO: [RTGEN 206-100] Generating core module 'cnn_fcmp_32ns_32neOg': 1 instance(s).
INFO: [RTGEN 206-100] Finished creating RTL model for 'max_pool_1'.
INFO: [HLS 200-111]  Elapsed time: 0.386 seconds; current allocated memory: 253.051 MB.
INFO: [HLS 200-10] ----------------------------------------------------------------
INFO: [HLS 200-10] -- Generating RTL for module 'conv_2' 
INFO: [HLS 200-10] ----------------------------------------------------------------
INFO: [SYN 201-210] Renamed object name 'conv_2_conv_2_weights' to 'conv_2_conv_2_weifYi' due to the length limit 20
INFO: [RTGEN 206-100] Generating core module 'cnn_fadd_32ns_32ncud': 1 instance(s).
INFO: [RTGEN 206-100] Generating core module 'cnn_fcmp_32ns_32neOg': 1 instance(s).
INFO: [RTGEN 206-100] Generating core module 'cnn_fmul_32ns_32ndEe': 1 instance(s).
INFO: [RTGEN 206-100] Finished creating RTL model for 'conv_2'.
INFO: [HLS 200-111]  Elapsed time: 0.35 seconds; current allocated memory: 253.868 MB.
INFO: [HLS 200-10] ----------------------------------------------------------------
INFO: [HLS 200-10] -- Generating RTL for module 'max_pool_2' 
INFO: [HLS 200-10] ----------------------------------------------------------------
INFO: [RTGEN 206-100] Generating core module 'cnn_fcmp_32ns_32neOg': 1 instance(s).
INFO: [RTGEN 206-100] Finished creating RTL model for 'max_pool_2'.
INFO: [HLS 200-111]  Elapsed time: 0.383 seconds; current allocated memory: 254.476 MB.
INFO: [HLS 200-10] ----------------------------------------------------------------
INFO: [HLS 200-10] -- Generating RTL for module 'flat' 
INFO: [HLS 200-10] ----------------------------------------------------------------
INFO: [RTGEN 206-100] Finished creating RTL model for 'flat'.
INFO: [HLS 200-111]  Elapsed time: 0.309 seconds; current allocated memory: 254.903 MB.
INFO: [HLS 200-10] ----------------------------------------------------------------
INFO: [HLS 200-10] -- Generating RTL for module 'dense_1' 
INFO: [HLS 200-10] ----------------------------------------------------------------
INFO: [SYN 201-210] Renamed object name 'dense_1_dense_1_weights' to 'dense_1_dense_1_wg8j' due to the length limit 20
INFO: [SYN 201-210] Renamed object name 'dense_1_dense_1_bias' to 'dense_1_dense_1_bhbi' due to the length limit 20
INFO: [RTGEN 206-100] Generating core module 'cnn_fadd_32ns_32ncud': 3 instance(s).
INFO: [RTGEN 206-100] Generating core module 'cnn_fcmp_32ns_32neOg': 1 instance(s).
INFO: [RTGEN 206-100] Generating core module 'cnn_fmul_32ns_32ndEe': 2 instance(s).
INFO: [RTGEN 206-100] Finished creating RTL model for 'dense_1'.
INFO: [HLS 200-111]  Elapsed time: 1.913 seconds; current allocated memory: 279.621 MB.
INFO: [HLS 200-10] ----------------------------------------------------------------
INFO: [HLS 200-10] -- Generating RTL for module 'soft_max' 
INFO: [HLS 200-10] ----------------------------------------------------------------
INFO: [SYN 201-210] Renamed object name 'cnn_fdiv_32ns_32ns_32_8_1' to 'cnn_fdiv_32ns_32nibs' due to the length limit 20
INFO: [SYN 201-210] Renamed object name 'cnn_fexp_32ns_32ns_32_5_full_dsp_1' to 'cnn_fexp_32ns_32njbC' due to the length limit 20
INFO: [RTGEN 206-100] Generating core module 'cnn_fadd_32ns_32ncud': 1 instance(s).
INFO: [RTGEN 206-100] Generating core module 'cnn_fdiv_32ns_32nibs': 1 instance(s).
INFO: [RTGEN 206-100] Generating core module 'cnn_fexp_32ns_32njbC': 1 instance(s).
INFO: [RTGEN 206-100] Finished creating RTL model for 'soft_max'.
INFO: [HLS 200-111]  Elapsed time: 9.05 seconds; current allocated memory: 282.261 MB.
INFO: [HLS 200-10] ----------------------------------------------------------------
INFO: [HLS 200-10] -- Generating RTL for module 'dense_out' 
INFO: [HLS 200-10] ----------------------------------------------------------------
INFO: [SYN 201-210] Renamed object name 'dense_out_dense_out_weights' to 'dense_out_dense_okbM' due to the length limit 20
INFO: [SYN 201-210] Renamed object name 'dense_out_dense_out_bias' to 'dense_out_dense_olbW' due to the length limit 20
INFO: [SYN 201-210] Renamed object name 'dense_out_dense_array' to 'dense_out_dense_amb6' due to the length limit 20
INFO: [RTGEN 206-100] Generating core module 'cnn_fadd_32ns_32ncud': 1 instance(s).
INFO: [RTGEN 206-100] Generating core module 'cnn_fmul_32ns_32ndEe': 1 instance(s).
INFO: [RTGEN 206-100] Finished creating RTL model for 'dense_out'.
INFO: [HLS 200-111]  Elapsed time: 0.342 seconds; current allocated memory: 282.724 MB.
INFO: [HLS 200-10] ----------------------------------------------------------------
INFO: [HLS 200-10] -- Generating RTL for module 'cnn' 
INFO: [HLS 200-10] ----------------------------------------------------------------
INFO: [RTGEN 206-500] Setting interface mode on port 'cnn/cnn_input' to 'bram'.
INFO: [RTGEN 206-500] Setting interface mode on port 'cnn/prediction' to 'bram'.
INFO: [RTGEN 206-500] Setting interface mode on function 'cnn' to 's_axilite & ap_ctrl_hs'.
INFO: [RTGEN 206-100] Bundling port 'return' to AXI-Lite port CRTL_BUS.
WARNING: [RTGEN 206-101] Setting dangling out port 'cnn/cnn_input_WEN_A' to 0.
WARNING: [RTGEN 206-101] Setting dangling out port 'cnn/cnn_input_Din_A' to 0.
INFO: [RTGEN 206-100] Generating core module 'cnn_fadd_32ns_32ncud': 1 instance(s).
INFO: [RTGEN 206-100] Generating core module 'cnn_fcmp_32ns_32neOg': 1 instance(s).
INFO: [RTGEN 206-100] Generating core module 'cnn_fmul_32ns_32ndEe': 1 instance(s).
INFO: [RTGEN 206-100] Finished creating RTL model for 'cnn'.
INFO: [HLS 200-111]  Elapsed time: 0.476 seconds; current allocated memory: 284.016 MB.
INFO: [RTMG 210-279] Implementing memory 'conv_1_conv_1_weibkb_rom' using auto ROMs.
INFO: [RTMG 210-279] Implementing memory 'conv_1_conv_1_bias_rom' using distributed ROMs.
INFO: [RTMG 210-279] Implementing memory 'conv_2_conv_2_weifYi_rom' using auto ROMs.
INFO: [RTMG 210-279] Implementing memory 'conv_2_conv_2_bias_rom' using distributed ROMs.
INFO: [RTMG 210-279] Implementing memory 'dense_1_dense_1_wg8j_rom' using auto ROMs.
INFO: [RTMG 210-279] Implementing memory 'dense_1_dense_1_bhbi_rom' using auto ROMs.
INFO: [RTMG 210-279] Implementing memory 'dense_out_dense_okbM_rom' using auto ROMs.
INFO: [RTMG 210-279] Implementing memory 'dense_out_dense_olbW_rom' using distributed ROMs.
INFO: [RTMG 210-278] Implementing memory 'dense_out_dense_amb6_ram (RAM)' using distributed RAMs.
INFO: [RTMG 210-278] Implementing memory 'cnn_conv_1_out_ram (RAM)' using block RAMs with power-on initialization.
INFO: [RTMG 210-278] Implementing memory 'cnn_max_pool_1_out_ram (RAM)' using block RAMs with power-on initialization.
INFO: [RTMG 210-278] Implementing memory 'cnn_conv_2_out_ram (RAM)' using block RAMs with power-on initialization.
INFO: [RTMG 210-278] Implementing memory 'cnn_max_pool_2_out_ram (RAM)' using block RAMs with power-on initialization.
INFO: [RTMG 210-278] Implementing memory 'cnn_flat_array_ram (RAM)' using block RAMs with power-on initialization.
INFO: [RTMG 210-278] Implementing memory 'cnn_dense_1_out_ram (RAM)' using block RAMs with power-on initialization.
INFO: [RTMG 210-279] Implementing memory 'cnn_dense_2_weights_rom' using auto ROMs.
INFO: [RTMG 210-279] Implementing memory 'cnn_dense_2_bias_rom' using distributed ROMs.
INFO: [RTMG 210-278] Implementing memory 'cnn_dense_2_out_ram (RAM)' using distributed RAMs with power-on initialization.
INFO: [RTMG 210-278] Implementing memory 'cnn_conv_1_input_ram (RAM)' using block RAMs.
INFO: [HLS 200-111] Finished generating all RTL models Time (s): cpu = 00:00:45 ; elapsed = 00:01:36 . Memory (MB): peak = 427.285 ; gain = 335.793
INFO: [VHDL 208-304] Generating VHDL RTL for cnn.
INFO: [VLOG 209-307] Generating Verilog RTL for cnn.
INFO: [HLS 200-112] Total elapsed time: 95.963 seconds; peak allocated memory: 284.016 MB.
