==============================================================
Vivado(TM) HLS - High-Level Synthesis from C, C++ and SystemC v2019.1 (64-bit)
Copyright 1986-2019 Xilinx, Inc. All Rights Reserved.
==============================================================
INFO: [SYN 201-201] Setting up clock 'default' with a period of 20ns.
INFO: [HLS 200-10] Setting target device to 'xc7z020-clg400-1'
INFO: [SCHED 204-61] Option 'relax_ii_for_timing' is enabled, will increase II to preserve clock frequency constraints.
INFO: [HLS 200-10] Analyzing design file 'cnn/cnn.cpp' ... 
INFO: [HLS 200-10] Analyzing design file 'cnn/conv_1.cpp' ... 
INFO: [HLS 200-10] Analyzing design file 'cnn/conv_2.cpp' ... 
INFO: [HLS 200-10] Analyzing design file 'cnn/dense_1.cpp' ... 
INFO: [HLS 200-10] Analyzing design file 'cnn/dense_2.cpp' ... 
INFO: [HLS 200-10] Analyzing design file 'cnn/dense_out.cpp' ... 
INFO: [HLS 200-10] Analyzing design file 'cnn/flat.cpp' ... 
INFO: [HLS 200-10] Analyzing design file 'cnn/max_pool_1.cpp' ... 
INFO: [HLS 200-10] Analyzing design file 'cnn/max_pool_2.cpp' ... 
INFO: [HLS 200-111] Finished Linking Time (s): cpu = 00:00:01 ; elapsed = 00:00:38 . Memory (MB): peak = 186.676 ; gain = 95.066
INFO: [HLS 200-111] Finished Checking Pragmas Time (s): cpu = 00:00:01 ; elapsed = 00:00:38 . Memory (MB): peak = 186.676 ; gain = 95.066
INFO: [HLS 200-10] Starting code transformations ...
INFO: [HLS 200-111] Finished Standard Transforms Time (s): cpu = 00:00:01 ; elapsed = 00:00:39 . Memory (MB): peak = 186.676 ; gain = 95.066
INFO: [HLS 200-10] Checking synthesizability ...
INFO: [XFORM 203-602] Inlining function 'dense_1' into 'cnn' (cnn/cnn.cpp:58) automatically.
INFO: [XFORM 203-602] Inlining function 'dense_2' into 'cnn' (cnn/cnn.cpp:63) automatically.
INFO: [HLS 200-111] Finished Checking Synthesizability Time (s): cpu = 00:00:01 ; elapsed = 00:00:39 . Memory (MB): peak = 186.676 ; gain = 95.066
INFO: [XFORM 203-502] Unrolling all sub-loops inside loop 'Pool_Row_Loop' (cnn/max_pool_2.cpp:21) in function 'max_pool_2' for pipelining.
INFO: [HLS 200-489] Unrolling loop 'Pool_Col_Loop' (cnn/max_pool_2.cpp:24) in function 'max_pool_2' completely with a factor of 2.
INFO: [XFORM 203-602] Inlining function 'dense_1' into 'cnn' (cnn/cnn.cpp:58) automatically.
INFO: [XFORM 203-602] Inlining function 'dense_2' into 'cnn' (cnn/cnn.cpp:63) automatically.
INFO: [HLS 200-111] Finished Pre-synthesis Time (s): cpu = 00:00:02 ; elapsed = 00:00:40 . Memory (MB): peak = 186.676 ; gain = 95.066
INFO: [XFORM 203-541] Flattening a loop nest 'Col_Loop' (cnn/max_pool_2.cpp:17:14) in function 'max_pool_2'.
INFO: [XFORM 203-541] Flattening a loop nest 'Row_Loop' (cnn/max_pool_2.cpp:14:10) in function 'max_pool_2'.
INFO: [XFORM 203-541] Flattening a loop nest 'Filter_Loop' (cnn/max_pool_2.cpp:11:6) in function 'max_pool_2'.
INFO: [HLS 200-111] Finished Architecture Synthesis Time (s): cpu = 00:00:11 ; elapsed = 00:00:49 . Memory (MB): peak = 239.613 ; gain = 148.004
INFO: [HLS 200-10] Starting hardware synthesis ...
INFO: [HLS 200-10] Synthesizing 'cnn' ...
INFO: [HLS 200-10] ----------------------------------------------------------------
INFO: [HLS 200-42] -- Implementing module 'conv_1' 
INFO: [HLS 200-10] ----------------------------------------------------------------
INFO: [SCHED 204-11] Starting scheduling ...
INFO: [SCHED 204-11] Finished scheduling.
INFO: [HLS 200-111]  Elapsed time: 48.68 seconds; current allocated memory: 183.881 MB.
INFO: [HLS 200-434] Only 0 loops out of a total 5 loops have been pipelined in this design.
INFO: [BIND 205-100] Starting micro-architecture generation ...
INFO: [BIND 205-101] Performing variable lifetime analysis.
INFO: [BIND 205-101] Exploring resource sharing.
INFO: [BIND 205-101] Binding ...
INFO: [BIND 205-100] Finished micro-architecture generation.
INFO: [HLS 200-111]  Elapsed time: 0.099 seconds; current allocated memory: 184.271 MB.
INFO: [HLS 200-10] ----------------------------------------------------------------
INFO: [HLS 200-42] -- Implementing module 'max_pool_1' 
INFO: [HLS 200-10] ----------------------------------------------------------------
INFO: [SCHED 204-11] Starting scheduling ...
INFO: [SCHED 204-11] Finished scheduling.
INFO: [HLS 200-111]  Elapsed time: 0.129 seconds; current allocated memory: 184.615 MB.
INFO: [BIND 205-100] Starting micro-architecture generation ...
INFO: [BIND 205-101] Performing variable lifetime analysis.
INFO: [BIND 205-101] Exploring resource sharing.
INFO: [BIND 205-101] Binding ...
INFO: [BIND 205-100] Finished micro-architecture generation.
INFO: [HLS 200-111]  Elapsed time: 0.085 seconds; current allocated memory: 184.940 MB.
INFO: [HLS 200-10] ----------------------------------------------------------------
INFO: [HLS 200-42] -- Implementing module 'conv_2' 
INFO: [HLS 200-10] ----------------------------------------------------------------
INFO: [SCHED 204-11] Starting scheduling ...
INFO: [SCHED 204-11] Finished scheduling.
INFO: [HLS 200-111]  Elapsed time: 0.134 seconds; current allocated memory: 185.216 MB.
INFO: [BIND 205-100] Starting micro-architecture generation ...
INFO: [BIND 205-101] Performing variable lifetime analysis.
INFO: [BIND 205-101] Exploring resource sharing.
INFO: [BIND 205-101] Binding ...
INFO: [BIND 205-100] Finished micro-architecture generation.
INFO: [HLS 200-111]  Elapsed time: 0.105 seconds; current allocated memory: 185.622 MB.
INFO: [HLS 200-10] ----------------------------------------------------------------
INFO: [HLS 200-42] -- Implementing module 'max_pool_2' 
INFO: [HLS 200-10] ----------------------------------------------------------------
INFO: [SCHED 204-11] Starting scheduling ...
INFO: [SCHED 204-61] Pipelining loop 'Filter_Loop_Col_Loop_Pool_Row_Loop'.
WARNING: [SCHED 204-68] The II Violation in module 'max_pool_2' (Loop: Filter_Loop_Col_Loop_Pool_Row_Loop): Unable to enforce a carried dependence constraint (II = 1, distance = 1, offset = 0)
   between 'select' operation ('select_ln29_1', cnn/max_pool_2.cpp:29) and 'select' operation ('select_ln16', cnn/max_pool_2.cpp:16).
INFO: [SCHED 204-61] Pipelining result : Target II = 1, Final II = 2, Depth = 4.
INFO: [SCHED 204-11] Finished scheduling.
INFO: [HLS 200-111]  Elapsed time: 0.17 seconds; current allocated memory: 185.939 MB.
INFO: [BIND 205-100] Starting micro-architecture generation ...
INFO: [BIND 205-101] Performing variable lifetime analysis.
INFO: [BIND 205-101] Exploring resource sharing.
INFO: [BIND 205-101] Binding ...
INFO: [BIND 205-100] Finished micro-architecture generation.
INFO: [HLS 200-111]  Elapsed time: 0.104 seconds; current allocated memory: 186.396 MB.
INFO: [HLS 200-10] ----------------------------------------------------------------
INFO: [HLS 200-42] -- Implementing module 'flat' 
INFO: [HLS 200-10] ----------------------------------------------------------------
INFO: [SCHED 204-11] Starting scheduling ...
INFO: [SCHED 204-11] Finished scheduling.
INFO: [HLS 200-111]  Elapsed time: 0.194 seconds; current allocated memory: 186.584 MB.
INFO: [BIND 205-100] Starting micro-architecture generation ...
INFO: [BIND 205-101] Performing variable lifetime analysis.
INFO: [BIND 205-101] Exploring resource sharing.
INFO: [BIND 205-101] Binding ...
INFO: [BIND 205-100] Finished micro-architecture generation.
INFO: [HLS 200-111]  Elapsed time: 0.091 seconds; current allocated memory: 186.746 MB.
INFO: [HLS 200-10] ----------------------------------------------------------------
INFO: [HLS 200-42] -- Implementing module 'soft_max' 
INFO: [HLS 200-10] ----------------------------------------------------------------
INFO: [SCHED 204-11] Starting scheduling ...
INFO: [SCHED 204-11] Finished scheduling.
INFO: [HLS 200-111]  Elapsed time: 0.124 seconds; current allocated memory: 186.918 MB.
INFO: [BIND 205-100] Starting micro-architecture generation ...
INFO: [BIND 205-101] Performing variable lifetime analysis.
INFO: [BIND 205-101] Exploring resource sharing.
INFO: [BIND 205-101] Binding ...
INFO: [BIND 205-100] Finished micro-architecture generation.
INFO: [HLS 200-111]  Elapsed time: 0.074 seconds; current allocated memory: 187.072 MB.
INFO: [HLS 200-10] ----------------------------------------------------------------
INFO: [HLS 200-42] -- Implementing module 'dense_out' 
INFO: [HLS 200-10] ----------------------------------------------------------------
INFO: [SCHED 204-11] Starting scheduling ...
INFO: [SCHED 204-11] Finished scheduling.
INFO: [HLS 200-111]  Elapsed time: 0.097 seconds; current allocated memory: 187.201 MB.
INFO: [BIND 205-100] Starting micro-architecture generation ...
INFO: [BIND 205-101] Performing variable lifetime analysis.
INFO: [BIND 205-101] Exploring resource sharing.
INFO: [BIND 205-101] Binding ...
INFO: [BIND 205-100] Finished micro-architecture generation.
INFO: [HLS 200-111]  Elapsed time: 0.083 seconds; current allocated memory: 187.376 MB.
INFO: [HLS 200-10] ----------------------------------------------------------------
INFO: [HLS 200-42] -- Implementing module 'cnn' 
INFO: [HLS 200-10] ----------------------------------------------------------------
INFO: [SCHED 204-11] Starting scheduling ...
INFO: [SCHED 204-11] Finished scheduling.
INFO: [HLS 200-111]  Elapsed time: 0.141 seconds; current allocated memory: 187.712 MB.
INFO: [BIND 205-100] Starting micro-architecture generation ...
INFO: [BIND 205-101] Performing variable lifetime analysis.
INFO: [BIND 205-101] Exploring resource sharing.
INFO: [BIND 205-101] Binding ...
INFO: [BIND 205-100] Finished micro-architecture generation.
INFO: [HLS 200-111]  Elapsed time: 0.33 seconds; current allocated memory: 188.430 MB.
INFO: [HLS 200-10] ----------------------------------------------------------------
INFO: [HLS 200-10] -- Generating RTL for module 'conv_1' 
INFO: [HLS 200-10] ----------------------------------------------------------------
INFO: [SYN 201-210] Renamed object name 'conv_1_conv_1_weights' to 'conv_1_conv_1_weibkb' due to the length limit 20
INFO: [SYN 201-210] Renamed object name 'cnn_fadd_32ns_32ns_32_4_full_dsp_1' to 'cnn_fadd_32ns_32ncud' due to the length limit 20
INFO: [SYN 201-210] Renamed object name 'cnn_fmul_32ns_32ns_32_2_max_dsp_1' to 'cnn_fmul_32ns_32ndEe' due to the length limit 20
INFO: [SYN 201-210] Renamed object name 'cnn_fcmp_32ns_32ns_1_2_1' to 'cnn_fcmp_32ns_32neOg' due to the length limit 20
INFO: [RTGEN 206-100] Generating core module 'cnn_fadd_32ns_32ncud': 1 instance(s).
INFO: [RTGEN 206-100] Generating core module 'cnn_fcmp_32ns_32neOg': 1 instance(s).
INFO: [RTGEN 206-100] Generating core module 'cnn_fmul_32ns_32ndEe': 1 instance(s).
INFO: [RTGEN 206-100] Finished creating RTL model for 'conv_1'.
INFO: [HLS 200-111]  Elapsed time: 0.337 seconds; current allocated memory: 189.299 MB.
INFO: [HLS 200-10] ----------------------------------------------------------------
INFO: [HLS 200-10] -- Generating RTL for module 'max_pool_1' 
INFO: [HLS 200-10] ----------------------------------------------------------------
INFO: [RTGEN 206-100] Generating core module 'cnn_fcmp_32ns_32neOg': 1 instance(s).
INFO: [RTGEN 206-100] Finished creating RTL model for 'max_pool_1'.
INFO: [HLS 200-111]  Elapsed time: 0.349 seconds; current allocated memory: 189.982 MB.
INFO: [HLS 200-10] ----------------------------------------------------------------
INFO: [HLS 200-10] -- Generating RTL for module 'conv_2' 
INFO: [HLS 200-10] ----------------------------------------------------------------
INFO: [SYN 201-210] Renamed object name 'conv_2_conv_2_weights' to 'conv_2_conv_2_weifYi' due to the length limit 20
INFO: [RTGEN 206-100] Generating core module 'cnn_fadd_32ns_32ncud': 1 instance(s).
INFO: [RTGEN 206-100] Generating core module 'cnn_fcmp_32ns_32neOg': 1 instance(s).
INFO: [RTGEN 206-100] Generating core module 'cnn_fmul_32ns_32ndEe': 1 instance(s).
INFO: [RTGEN 206-100] Finished creating RTL model for 'conv_2'.
INFO: [HLS 200-111]  Elapsed time: 0.433 seconds; current allocated memory: 190.814 MB.
INFO: [HLS 200-10] ----------------------------------------------------------------
INFO: [HLS 200-10] -- Generating RTL for module 'max_pool_2' 
INFO: [HLS 200-10] ----------------------------------------------------------------
INFO: [RTGEN 206-100] Generating core module 'cnn_fcmp_32ns_32neOg': 1 instance(s).
INFO: [RTGEN 206-100] Finished creating RTL model for 'max_pool_2'.
INFO: [HLS 200-111]  Elapsed time: 0.406 seconds; current allocated memory: 191.784 MB.
INFO: [HLS 200-10] ----------------------------------------------------------------
INFO: [HLS 200-10] -- Generating RTL for module 'flat' 
INFO: [HLS 200-10] ----------------------------------------------------------------
INFO: [RTGEN 206-100] Finished creating RTL model for 'flat'.
INFO: [HLS 200-111]  Elapsed time: 0.455 seconds; current allocated memory: 192.382 MB.
INFO: [HLS 200-10] ----------------------------------------------------------------
INFO: [HLS 200-10] -- Generating RTL for module 'soft_max' 
INFO: [HLS 200-10] ----------------------------------------------------------------
INFO: [SYN 201-210] Renamed object name 'cnn_fdiv_32ns_32ns_32_8_1' to 'cnn_fdiv_32ns_32ng8j' due to the length limit 20
INFO: [SYN 201-210] Renamed object name 'cnn_fexp_32ns_32ns_32_5_full_dsp_1' to 'cnn_fexp_32ns_32nhbi' due to the length limit 20
INFO: [RTGEN 206-100] Generating core module 'cnn_fadd_32ns_32ncud': 1 instance(s).
INFO: [RTGEN 206-100] Generating core module 'cnn_fdiv_32ns_32ng8j': 1 instance(s).
INFO: [RTGEN 206-100] Generating core module 'cnn_fexp_32ns_32nhbi': 1 instance(s).
INFO: [RTGEN 206-100] Finished creating RTL model for 'soft_max'.
INFO: [HLS 200-111]  Elapsed time: 0.249 seconds; current allocated memory: 192.809 MB.
INFO: [HLS 200-10] ----------------------------------------------------------------
INFO: [HLS 200-10] -- Generating RTL for module 'dense_out' 
INFO: [HLS 200-10] ----------------------------------------------------------------
INFO: [SYN 201-210] Renamed object name 'dense_out_dense_out_weights' to 'dense_out_dense_oibs' due to the length limit 20
INFO: [SYN 201-210] Renamed object name 'dense_out_dense_out_bias' to 'dense_out_dense_ojbC' due to the length limit 20
INFO: [SYN 201-210] Renamed object name 'dense_out_dense_array' to 'dense_out_dense_akbM' due to the length limit 20
INFO: [RTGEN 206-100] Generating core module 'cnn_fadd_32ns_32ncud': 1 instance(s).
INFO: [RTGEN 206-100] Generating core module 'cnn_fmul_32ns_32ndEe': 1 instance(s).
INFO: [RTGEN 206-100] Finished creating RTL model for 'dense_out'.
INFO: [HLS 200-111]  Elapsed time: 0.24 seconds; current allocated memory: 193.255 MB.
INFO: [HLS 200-10] ----------------------------------------------------------------
INFO: [HLS 200-10] -- Generating RTL for module 'cnn' 
INFO: [HLS 200-10] ----------------------------------------------------------------
INFO: [RTGEN 206-500] Setting interface mode on port 'cnn/cnn_input' to 'bram'.
INFO: [RTGEN 206-500] Setting interface mode on port 'cnn/prediction' to 'bram'.
INFO: [RTGEN 206-500] Setting interface mode on function 'cnn' to 's_axilite & ap_ctrl_hs'.
INFO: [RTGEN 206-100] Bundling port 'return' to AXI-Lite port CRTL_BUS.
WARNING: [RTGEN 206-101] Setting dangling out port 'cnn/cnn_input_WEN_A' to 0.
WARNING: [RTGEN 206-101] Setting dangling out port 'cnn/cnn_input_Din_A' to 0.
INFO: [RTGEN 206-100] Generating core module 'cnn_fadd_32ns_32ncud': 1 instance(s).
INFO: [RTGEN 206-100] Generating core module 'cnn_fcmp_32ns_32neOg': 1 instance(s).
INFO: [RTGEN 206-100] Generating core module 'cnn_fmul_32ns_32ndEe': 1 instance(s).
INFO: [RTGEN 206-100] Finished creating RTL model for 'cnn'.
INFO: [HLS 200-111]  Elapsed time: 0.408 seconds; current allocated memory: 194.740 MB.
INFO: [RTMG 210-279] Implementing memory 'conv_1_conv_1_weibkb_rom' using auto ROMs.
INFO: [RTMG 210-279] Implementing memory 'conv_1_conv_1_bias_rom' using distributed ROMs.
INFO: [RTMG 210-279] Implementing memory 'conv_2_conv_2_weifYi_rom' using auto ROMs.
INFO: [RTMG 210-279] Implementing memory 'conv_2_conv_2_bias_rom' using distributed ROMs.
INFO: [RTMG 210-279] Implementing memory 'dense_out_dense_oibs_rom' using auto ROMs.
INFO: [RTMG 210-279] Implementing memory 'dense_out_dense_ojbC_rom' using distributed ROMs.
INFO: [RTMG 210-278] Implementing memory 'dense_out_dense_akbM_ram (RAM)' using distributed RAMs.
INFO: [RTMG 210-278] Implementing memory 'cnn_conv_1_out_ram (RAM)' using block RAMs with power-on initialization.
INFO: [RTMG 210-278] Implementing memory 'cnn_max_pool_1_out_ram (RAM)' using block RAMs with power-on initialization.
INFO: [RTMG 210-278] Implementing memory 'cnn_conv_2_out_ram (RAM)' using block RAMs with power-on initialization.
INFO: [RTMG 210-278] Implementing memory 'cnn_max_pool_2_out_ram (RAM)' using block RAMs with power-on initialization.
INFO: [RTMG 210-279] Implementing memory 'cnn_dense_1_weights_rom' using auto ROMs.
INFO: [RTMG 210-279] Implementing memory 'cnn_dense_1_bias_rom' using auto ROMs.
INFO: [RTMG 210-278] Implementing memory 'cnn_dense_1_out_ram (RAM)' using block RAMs with power-on initialization.
INFO: [RTMG 210-279] Implementing memory 'cnn_dense_2_weights_rom' using auto ROMs.
INFO: [RTMG 210-279] Implementing memory 'cnn_dense_2_bias_rom' using distributed ROMs.
INFO: [RTMG 210-278] Implementing memory 'cnn_dense_2_out_ram (RAM)' using distributed RAMs with power-on initialization.
INFO: [RTMG 210-278] Implementing memory 'cnn_conv_1_input_ram (RAM)' using block RAMs.
INFO: [HLS 200-111] Finished generating all RTL models Time (s): cpu = 00:00:15 ; elapsed = 00:00:59 . Memory (MB): peak = 283.375 ; gain = 191.766
INFO: [VHDL 208-304] Generating VHDL RTL for cnn.
INFO: [VLOG 209-307] Generating Verilog RTL for cnn.
INFO: [HLS 200-112] Total elapsed time: 59.529 seconds; peak allocated memory: 194.740 MB.
