

================================================================
== Vivado HLS Report for 'dense'
================================================================
* Date:           Sun Aug 13 14:15:06 2023

* Version:        2020.1 (Build 2897737 on Wed May 27 20:21:37 MDT 2020)
* Project:        dense
* Solution:       solution1
* Product family: virtex7
* Target device:  xc7vx485t-ffg1157-1


================================================================
== Performance Estimates
================================================================
+ Timing: 
    * Summary: 
    +--------+----------+-----------+------------+
    |  Clock |  Target  | Estimated | Uncertainty|
    +--------+----------+-----------+------------+
    |ap_clk  | 40.00 ns | 31.264 ns |   5.00 ns  |
    +--------+----------+-----------+------------+

+ Latency: 
    * Summary: 
    +---------+---------+----------+----------+-----+-----+---------+
    |  Latency (cycles) |  Latency (absolute) |  Interval | Pipeline|
    |   min   |   max   |    min   |    max   | min | max |   Type  |
    +---------+---------+----------+----------+-----+-----+---------+
    |      147|      147| 5.880 us | 5.880 us |  147|  147|   none  |
    +---------+---------+----------+----------+-----+-----+---------+

    + Detail: 
        * Instance: 
        N/A

        * Loop: 
        +----------------------+---------+---------+----------+-----------+-----------+------+----------+
        |                      |  Latency (cycles) | Iteration|  Initiation Interval  | Trip |          |
        |       Loop Name      |   min   |   max   |  Latency |  achieved |   target  | Count| Pipelined|
        +----------------------+---------+---------+----------+-----------+-----------+------+----------+
        |- memset_dense_array  |        2|        2|         1|          -|          -|     3|    no    |
        |- Dense_Loop          |      102|      102|        34|          -|          -|     3|    no    |
        | + Flat_Loop          |       32|       32|         4|          -|          -|     8|    no    |
        |- Sum_Loop            |       15|       15|         5|          -|          -|     3|    no    |
        |- Predictiion_Loop    |       24|       24|         8|          -|          -|     3|    no    |
        +----------------------+---------+---------+----------+-----------+-----------+------+----------+

============================================================
+ Verbose Summary: Synthesis Manager
============================================================
InlineROM: 1
ExposeGlobal: 0
============================================================
+ Verbose Summary: CDFG Model
============================================================
IsTopModel: 1
ResetActiveHigh: 1
IsCombinational: 0
IsDatapathOnly: 0
HasWiredReturn: 1
HasMFsm: 0
HasVarLatency: 1
IsPipeline: 0
IsRtlPipelined: 0
IsInstanceOverlapped: 0
IsDontTouch: 0
HasImplIP: 0
IsGatedGlobalClock: 0


============================================================
+ Verbose Summary: Schedule
============================================================
* Number of FSM states : 20
* Pipeline : 0
* Dataflow Pipeline: 0

* FSM state transitions: 
1 --> 2 
2 --> 2 3 
3 --> 4 8 
4 --> 5 3 
5 --> 6 
6 --> 7 
7 --> 4 
8 --> 9 13 
9 --> 10 
10 --> 11 
11 --> 12 
12 --> 8 
13 --> 14 
14 --> 15 
15 --> 16 
16 --> 17 
17 --> 18 
18 --> 19 
19 --> 20 
20 --> 13 

* FSM state operations: 

State 1 <SV = 0> <Delay = 1.18>
ST_1 : Operation 21 [1/1] (0.00ns)   --->   "%dense_array_0_0 = alloca float"   --->   Operation 21 'alloca' 'dense_array_0_0' <Predicate = true> <Delay = 0.00>
ST_1 : Operation 22 [1/1] (0.00ns)   --->   "%dense_array_1_0 = alloca float"   --->   Operation 22 'alloca' 'dense_array_1_0' <Predicate = true> <Delay = 0.00>
ST_1 : Operation 23 [1/1] (0.00ns)   --->   "%dense_array_2_0 = alloca float"   --->   Operation 23 'alloca' 'dense_array_2_0' <Predicate = true> <Delay = 0.00>
ST_1 : Operation 24 [1/1] (0.00ns)   --->   "call void (...)* @_ssdm_op_SpecBitsMap([8 x float]* %flat_array) nounwind, !map !16"   --->   Operation 24 'specbitsmap' <Predicate = true> <Delay = 0.00>
ST_1 : Operation 25 [1/1] (0.00ns)   --->   "call void (...)* @_ssdm_op_SpecBitsMap([3 x float]* %prediction) nounwind, !map !22"   --->   Operation 25 'specbitsmap' <Predicate = true> <Delay = 0.00>
ST_1 : Operation 26 [1/1] (0.00ns)   --->   "call void (...)* @_ssdm_op_SpecTopModule([6 x i8]* @dense_str) nounwind"   --->   Operation 26 'spectopmodule' <Predicate = true> <Delay = 0.00>
ST_1 : Operation 27 [1/1] (1.18ns)   --->   "br label %meminst_ifconv"   --->   Operation 27 'br' <Predicate = true> <Delay = 1.18>

State 2 <SV = 1> <Delay = 2.40>
ST_2 : Operation 28 [1/1] (0.00ns)   --->   "%phi_ln26 = phi i2 [ 0, %0 ], [ %add_ln26, %meminst_ifconv ]" [dense.cpp:26]   --->   Operation 28 'phi' 'phi_ln26' <Predicate = true> <Delay = 0.00>
ST_2 : Operation 29 [1/1] (0.00ns)   --->   "%dense_array_0_0_loa = load float* %dense_array_0_0" [dense.cpp:26]   --->   Operation 29 'load' 'dense_array_0_0_loa' <Predicate = true> <Delay = 0.00>
ST_2 : Operation 30 [1/1] (0.00ns)   --->   "%dense_array_1_0_loa = load float* %dense_array_1_0" [dense.cpp:26]   --->   Operation 30 'load' 'dense_array_1_0_loa' <Predicate = true> <Delay = 0.00>
ST_2 : Operation 31 [1/1] (0.00ns)   --->   "%dense_array_2_0_loa = load float* %dense_array_2_0" [dense.cpp:26]   --->   Operation 31 'load' 'dense_array_2_0_loa' <Predicate = true> <Delay = 0.00>
ST_2 : Operation 32 [1/1] (1.00ns)   --->   "%add_ln26 = add i2 %phi_ln26, 1" [dense.cpp:26]   --->   Operation 32 'add' 'add_ln26' <Predicate = true> <Delay = 1.00> <Core = "AddSub">   --->   Core 14 'AddSub' <Latency = 0> <II = 1> <Delay = 1.00> <FuncUnit> <Opcode : 'add' 'sub'> <InPorts = 2> <OutPorts = 1>
ST_2 : Operation 33 [1/1] (0.61ns)   --->   "%icmp_ln26_1 = icmp eq i2 %phi_ln26, 1" [dense.cpp:26]   --->   Operation 33 'icmp' 'icmp_ln26_1' <Predicate = true> <Delay = 0.61> <Core = "Cmp">   --->   Core 25 'Cmp' <Latency = 0> <II = 1> <Delay = 0.61> <FuncUnit> <Opcode : 'icmp'> <InPorts = 2> <OutPorts = 1>
ST_2 : Operation 34 [1/1] (0.00ns) (grouped into LUT with out node select_ln26_1)   --->   "%select_ln26 = select i1 %icmp_ln26_1, float %dense_array_2_0_loa, float 0.000000e+00" [dense.cpp:26]   --->   Operation 34 'select' 'select_ln26' <Predicate = true> <Delay = 0.00> <Core = "Sel">   --->   Core 26 'Sel' <Latency = 0> <II = 1> <Delay = 0.61> <FuncUnit> <Opcode : 'select'> <InPorts = 3> <OutPorts = 1>
ST_2 : Operation 35 [1/1] (0.61ns)   --->   "%icmp_ln26_2 = icmp eq i2 %phi_ln26, 0" [dense.cpp:26]   --->   Operation 35 'icmp' 'icmp_ln26_2' <Predicate = true> <Delay = 0.61> <Core = "Cmp">   --->   Core 25 'Cmp' <Latency = 0> <II = 1> <Delay = 0.61> <FuncUnit> <Opcode : 'icmp'> <InPorts = 2> <OutPorts = 1>
ST_2 : Operation 36 [1/1] (0.61ns) (out node of the LUT)   --->   "%select_ln26_1 = select i1 %icmp_ln26_2, float %dense_array_2_0_loa, float %select_ln26" [dense.cpp:26]   --->   Operation 36 'select' 'select_ln26_1' <Predicate = true> <Delay = 0.61> <Core = "Sel">   --->   Core 26 'Sel' <Latency = 0> <II = 1> <Delay = 0.61> <FuncUnit> <Opcode : 'select'> <InPorts = 3> <OutPorts = 1>
ST_2 : Operation 37 [1/1] (0.00ns) (grouped into LUT with out node select_ln26_3)   --->   "%select_ln26_2 = select i1 %icmp_ln26_1, float 0.000000e+00, float %dense_array_1_0_loa" [dense.cpp:26]   --->   Operation 37 'select' 'select_ln26_2' <Predicate = true> <Delay = 0.00> <Core = "Sel">   --->   Core 26 'Sel' <Latency = 0> <II = 1> <Delay = 0.61> <FuncUnit> <Opcode : 'select'> <InPorts = 3> <OutPorts = 1>
ST_2 : Operation 38 [1/1] (0.61ns) (out node of the LUT)   --->   "%select_ln26_3 = select i1 %icmp_ln26_2, float %dense_array_1_0_loa, float %select_ln26_2" [dense.cpp:26]   --->   Operation 38 'select' 'select_ln26_3' <Predicate = true> <Delay = 0.61> <Core = "Sel">   --->   Core 26 'Sel' <Latency = 0> <II = 1> <Delay = 0.61> <FuncUnit> <Opcode : 'select'> <InPorts = 3> <OutPorts = 1>
ST_2 : Operation 39 [1/1] (0.61ns)   --->   "%select_ln26_4 = select i1 %icmp_ln26_2, float 0.000000e+00, float %dense_array_0_0_loa" [dense.cpp:26]   --->   Operation 39 'select' 'select_ln26_4' <Predicate = true> <Delay = 0.61> <Core = "Sel">   --->   Core 26 'Sel' <Latency = 0> <II = 1> <Delay = 0.61> <FuncUnit> <Opcode : 'select'> <InPorts = 3> <OutPorts = 1>
ST_2 : Operation 40 [1/1] (0.61ns)   --->   "%icmp_ln26 = icmp eq i2 %phi_ln26, -2" [dense.cpp:26]   --->   Operation 40 'icmp' 'icmp_ln26' <Predicate = true> <Delay = 0.61> <Core = "Cmp">   --->   Core 25 'Cmp' <Latency = 0> <II = 1> <Delay = 0.61> <FuncUnit> <Opcode : 'icmp'> <InPorts = 2> <OutPorts = 1>
ST_2 : Operation 41 [1/1] (0.00ns)   --->   "call void (...)* @_ssdm_op_SpecLoopName([19 x i8]* @memset_dense_array_s)"   --->   Operation 41 'specloopname' <Predicate = true> <Delay = 0.00>
ST_2 : Operation 42 [1/1] (0.00ns)   --->   "%empty = call i32 (...)* @_ssdm_op_SpecLoopTripCount(i64 3, i64 3, i64 3) nounwind"   --->   Operation 42 'speclooptripcount' 'empty' <Predicate = true> <Delay = 0.00>
ST_2 : Operation 43 [1/1] (0.00ns)   --->   "store float %select_ln26_1, float* %dense_array_2_0" [dense.cpp:26]   --->   Operation 43 'store' <Predicate = true> <Delay = 0.00>
ST_2 : Operation 44 [1/1] (0.00ns)   --->   "store float %select_ln26_3, float* %dense_array_1_0" [dense.cpp:26]   --->   Operation 44 'store' <Predicate = true> <Delay = 0.00>
ST_2 : Operation 45 [1/1] (0.00ns)   --->   "store float %select_ln26_4, float* %dense_array_0_0" [dense.cpp:26]   --->   Operation 45 'store' <Predicate = true> <Delay = 0.00>
ST_2 : Operation 46 [1/1] (0.00ns)   --->   "br i1 %icmp_ln26, label %.preheader.preheader, label %meminst_ifconv" [dense.cpp:26]   --->   Operation 46 'br' <Predicate = true> <Delay = 0.00>
ST_2 : Operation 47 [1/1] (0.00ns)   --->   "%dense_array_2 = alloca float"   --->   Operation 47 'alloca' 'dense_array_2' <Predicate = (icmp_ln26)> <Delay = 0.00>
ST_2 : Operation 48 [1/1] (0.00ns)   --->   "%dense_array_2_1 = alloca float"   --->   Operation 48 'alloca' 'dense_array_2_1' <Predicate = (icmp_ln26)> <Delay = 0.00>
ST_2 : Operation 49 [1/1] (0.00ns)   --->   "%dense_array_2_2 = alloca float"   --->   Operation 49 'alloca' 'dense_array_2_2' <Predicate = (icmp_ln26)> <Delay = 0.00>
ST_2 : Operation 50 [1/1] (1.18ns)   --->   "store float %select_ln26_1, float* %dense_array_2_2" [dense.cpp:29]   --->   Operation 50 'store' <Predicate = (icmp_ln26)> <Delay = 1.18>
ST_2 : Operation 51 [1/1] (1.18ns)   --->   "store float %select_ln26_3, float* %dense_array_2_1" [dense.cpp:29]   --->   Operation 51 'store' <Predicate = (icmp_ln26)> <Delay = 1.18>
ST_2 : Operation 52 [1/1] (1.18ns)   --->   "store float %select_ln26_4, float* %dense_array_2" [dense.cpp:29]   --->   Operation 52 'store' <Predicate = (icmp_ln26)> <Delay = 1.18>
ST_2 : Operation 53 [1/1] (1.18ns)   --->   "br label %.preheader" [dense.cpp:29]   --->   Operation 53 'br' <Predicate = (icmp_ln26)> <Delay = 1.18>

State 3 <SV = 2> <Delay = 1.18>
ST_3 : Operation 54 [1/1] (0.00ns)   --->   "%d_0 = phi i2 [ %d, %Dense_Loop_end ], [ 0, %.preheader.preheader ]"   --->   Operation 54 'phi' 'd_0' <Predicate = true> <Delay = 0.00>
ST_3 : Operation 55 [1/1] (0.61ns)   --->   "%icmp_ln29 = icmp eq i2 %d_0, -1" [dense.cpp:29]   --->   Operation 55 'icmp' 'icmp_ln29' <Predicate = true> <Delay = 0.61> <Core = "Cmp">   --->   Core 25 'Cmp' <Latency = 0> <II = 1> <Delay = 0.61> <FuncUnit> <Opcode : 'icmp'> <InPorts = 2> <OutPorts = 1>
ST_3 : Operation 56 [1/1] (0.00ns)   --->   "%empty_3 = call i32 (...)* @_ssdm_op_SpecLoopTripCount(i64 3, i64 3, i64 3) nounwind"   --->   Operation 56 'speclooptripcount' 'empty_3' <Predicate = true> <Delay = 0.00>
ST_3 : Operation 57 [1/1] (1.00ns)   --->   "%d = add i2 %d_0, 1" [dense.cpp:29]   --->   Operation 57 'add' 'd' <Predicate = true> <Delay = 1.00> <Core = "AddSub">   --->   Core 14 'AddSub' <Latency = 0> <II = 1> <Delay = 1.00> <FuncUnit> <Opcode : 'add' 'sub'> <InPorts = 2> <OutPorts = 1>
ST_3 : Operation 58 [1/1] (0.00ns)   --->   "br i1 %icmp_ln29, label %.preheader9.preheader, label %Dense_Loop_begin" [dense.cpp:29]   --->   Operation 58 'br' <Predicate = true> <Delay = 0.00>
ST_3 : Operation 59 [1/1] (0.00ns)   --->   "call void (...)* @_ssdm_op_SpecLoopName([11 x i8]* @p_str2) nounwind" [dense.cpp:30]   --->   Operation 59 'specloopname' <Predicate = (!icmp_ln29)> <Delay = 0.00>
ST_3 : Operation 60 [1/1] (0.00ns)   --->   "%tmp_5 = call i32 (...)* @_ssdm_op_SpecRegionBegin([11 x i8]* @p_str2) nounwind" [dense.cpp:30]   --->   Operation 60 'specregionbegin' 'tmp_5' <Predicate = (!icmp_ln29)> <Delay = 0.00>
ST_3 : Operation 61 [1/1] (0.00ns)   --->   "%zext_ln34 = zext i2 %d_0 to i6" [dense.cpp:34]   --->   Operation 61 'zext' 'zext_ln34' <Predicate = (!icmp_ln29)> <Delay = 0.00>
ST_3 : Operation 62 [1/1] (1.18ns)   --->   "br label %1" [dense.cpp:34]   --->   Operation 62 'br' <Predicate = (!icmp_ln29)> <Delay = 1.18>
ST_3 : Operation 63 [1/1] (1.18ns)   --->   "br label %.preheader9" [dense.cpp:10->dense.cpp:42]   --->   Operation 63 'br' <Predicate = (icmp_ln29)> <Delay = 1.18>

State 4 <SV = 3> <Delay = 4.93>
ST_4 : Operation 64 [1/1] (0.00ns)   --->   "%dense_array_0 = phi float [ 0.000000e+00, %Dense_Loop_begin ], [ %w_sum, %2 ]"   --->   Operation 64 'phi' 'dense_array_0' <Predicate = true> <Delay = 0.00>
ST_4 : Operation 65 [1/1] (0.00ns)   --->   "%f_0 = phi i4 [ 0, %Dense_Loop_begin ], [ %f, %2 ]"   --->   Operation 65 'phi' 'f_0' <Predicate = true> <Delay = 0.00>
ST_4 : Operation 66 [1/1] (1.12ns)   --->   "%icmp_ln34 = icmp eq i4 %f_0, -8" [dense.cpp:34]   --->   Operation 66 'icmp' 'icmp_ln34' <Predicate = true> <Delay = 1.12> <Core = "Cmp">   --->   Core 25 'Cmp' <Latency = 0> <II = 1> <Delay = 0.61> <FuncUnit> <Opcode : 'icmp'> <InPorts = 2> <OutPorts = 1>
ST_4 : Operation 67 [1/1] (0.00ns)   --->   "%empty_4 = call i32 (...)* @_ssdm_op_SpecLoopTripCount(i64 8, i64 8, i64 8) nounwind"   --->   Operation 67 'speclooptripcount' 'empty_4' <Predicate = true> <Delay = 0.00>
ST_4 : Operation 68 [1/1] (1.36ns)   --->   "%f = add i4 %f_0, 1" [dense.cpp:34]   --->   Operation 68 'add' 'f' <Predicate = true> <Delay = 1.36> <Core = "AddSub">   --->   Core 14 'AddSub' <Latency = 0> <II = 1> <Delay = 1.00> <FuncUnit> <Opcode : 'add' 'sub'> <InPorts = 2> <OutPorts = 1>
ST_4 : Operation 69 [1/1] (0.00ns)   --->   "br i1 %icmp_ln34, label %3, label %2" [dense.cpp:34]   --->   Operation 69 'br' <Predicate = true> <Delay = 0.00>
ST_4 : Operation 70 [1/1] (0.00ns)   --->   "%zext_ln36 = zext i4 %f_0 to i64" [dense.cpp:36]   --->   Operation 70 'zext' 'zext_ln36' <Predicate = (!icmp_ln34)> <Delay = 0.00>
ST_4 : Operation 71 [1/1] (0.00ns)   --->   "%zext_ln36_1 = zext i4 %f_0 to i6" [dense.cpp:36]   --->   Operation 71 'zext' 'zext_ln36_1' <Predicate = (!icmp_ln34)> <Delay = 0.00>
ST_4 : Operation 72 [1/1] (0.00ns)   --->   "%tmp_3 = call i6 @_ssdm_op_BitConcatenate.i6.i4.i2(i4 %f_0, i2 0)" [dense.cpp:36]   --->   Operation 72 'bitconcatenate' 'tmp_3' <Predicate = (!icmp_ln34)> <Delay = 0.00>
ST_4 : Operation 73 [1/1] (0.00ns) (grouped into TernaryAdder)   --->   "%sub_ln36 = sub i6 %tmp_3, %zext_ln36_1" [dense.cpp:36]   --->   Operation 73 'sub' 'sub_ln36' <Predicate = (!icmp_ln34)> <Delay = 0.00> <Core = "TAddSub">   --->   Core 83 'TAddSub' <Latency = 0> <II = 1> <Delay = 1.13> <IPBlock> <Opcode : 'add' 'sub'> <InPorts = 3> <OutPorts = 1> <Sync> <CReg>
ST_4 : Operation 74 [1/1] (2.27ns) (root node of TernaryAdder)   --->   "%add_ln36 = add i6 %sub_ln36, %zext_ln34" [dense.cpp:36]   --->   Operation 74 'add' 'add_ln36' <Predicate = (!icmp_ln34)> <Delay = 2.27> <Core = "TAddSub">   --->   Core 83 'TAddSub' <Latency = 0> <II = 1> <Delay = 1.13> <IPBlock> <Opcode : 'add' 'sub'> <InPorts = 3> <OutPorts = 1> <Sync> <CReg>
ST_4 : Operation 75 [1/1] (0.00ns)   --->   "%sext_ln36 = sext i6 %add_ln36 to i64" [dense.cpp:36]   --->   Operation 75 'sext' 'sext_ln36' <Predicate = (!icmp_ln34)> <Delay = 0.00>
ST_4 : Operation 76 [1/1] (0.00ns)   --->   "%dense_weights_addr = getelementptr [24 x float]* @dense_weights, i64 0, i64 %sext_ln36" [dense.cpp:36]   --->   Operation 76 'getelementptr' 'dense_weights_addr' <Predicate = (!icmp_ln34)> <Delay = 0.00>
ST_4 : Operation 77 [2/2] (2.66ns)   --->   "%dense_weights_load = load float* %dense_weights_addr, align 4" [dense.cpp:36]   --->   Operation 77 'load' 'dense_weights_load' <Predicate = (!icmp_ln34)> <Delay = 2.66> <Core = "ROM_nP">   --->   Core 52 'ROM_nP' <Latency = 1> <II = 1> <Delay = 2.66> <Storage> <Opcode : 'load'> <Ports = 0> <Width = 32> <Depth = 24> <ROM>
ST_4 : Operation 78 [1/1] (0.00ns)   --->   "%flat_array_addr = getelementptr [8 x float]* %flat_array, i64 0, i64 %zext_ln36" [dense.cpp:36]   --->   Operation 78 'getelementptr' 'flat_array_addr' <Predicate = (!icmp_ln34)> <Delay = 0.00>
ST_4 : Operation 79 [2/2] (1.42ns)   --->   "%flat_array_load = load float* %flat_array_addr, align 4" [dense.cpp:36]   --->   Operation 79 'load' 'flat_array_load' <Predicate = (!icmp_ln34)> <Delay = 1.42> <Core = "RAM">   --->   Core 37 'RAM' <Latency = 1> <II = 1> <Delay = 1.42> <Storage> <Opcode : 'load' 'store'> <Ports = 2> <Width = 32> <Depth = 3> <RAM>
ST_4 : Operation 80 [1/1] (0.86ns)   --->   "switch i2 %d_0, label %branch2 [
    i2 0, label %.Dense_Loop_end_crit_edge
    i2 1, label %branch1
  ]" [dense.cpp:39]   --->   Operation 80 'switch' <Predicate = (icmp_ln34)> <Delay = 0.86>
ST_4 : Operation 81 [1/1] (1.18ns)   --->   "store float %dense_array_0, float* %dense_array_2_1" [dense.cpp:39]   --->   Operation 81 'store' <Predicate = (icmp_ln34 & d_0 == 1)> <Delay = 1.18>
ST_4 : Operation 82 [1/1] (0.00ns)   --->   "br label %Dense_Loop_end" [dense.cpp:39]   --->   Operation 82 'br' <Predicate = (icmp_ln34 & d_0 == 1)> <Delay = 0.00>
ST_4 : Operation 83 [1/1] (1.18ns)   --->   "store float %dense_array_0, float* %dense_array_2" [dense.cpp:39]   --->   Operation 83 'store' <Predicate = (icmp_ln34 & d_0 == 0)> <Delay = 1.18>
ST_4 : Operation 84 [1/1] (0.00ns)   --->   "br label %Dense_Loop_end" [dense.cpp:39]   --->   Operation 84 'br' <Predicate = (icmp_ln34 & d_0 == 0)> <Delay = 0.00>
ST_4 : Operation 85 [1/1] (1.18ns)   --->   "store float %dense_array_0, float* %dense_array_2_2" [dense.cpp:39]   --->   Operation 85 'store' <Predicate = (icmp_ln34 & d_0 != 0 & d_0 != 1)> <Delay = 1.18>
ST_4 : Operation 86 [1/1] (0.00ns)   --->   "br label %Dense_Loop_end" [dense.cpp:39]   --->   Operation 86 'br' <Predicate = (icmp_ln34 & d_0 != 0 & d_0 != 1)> <Delay = 0.00>
ST_4 : Operation 87 [1/1] (0.00ns)   --->   "%empty_5 = call i32 (...)* @_ssdm_op_SpecRegionEnd([11 x i8]* @p_str2, i32 %tmp_5) nounwind" [dense.cpp:40]   --->   Operation 87 'specregionend' 'empty_5' <Predicate = (icmp_ln34)> <Delay = 0.00>
ST_4 : Operation 88 [1/1] (0.00ns)   --->   "br label %.preheader" [dense.cpp:29]   --->   Operation 88 'br' <Predicate = (icmp_ln34)> <Delay = 0.00>

State 5 <SV = 4> <Delay = 12.7>
ST_5 : Operation 89 [1/2] (2.66ns)   --->   "%dense_weights_load = load float* %dense_weights_addr, align 4" [dense.cpp:36]   --->   Operation 89 'load' 'dense_weights_load' <Predicate = true> <Delay = 2.66> <Core = "ROM_nP">   --->   Core 52 'ROM_nP' <Latency = 1> <II = 1> <Delay = 2.66> <Storage> <Opcode : 'load'> <Ports = 0> <Width = 32> <Depth = 24> <ROM>
ST_5 : Operation 90 [1/2] (1.42ns)   --->   "%flat_array_load = load float* %flat_array_addr, align 4" [dense.cpp:36]   --->   Operation 90 'load' 'flat_array_load' <Predicate = true> <Delay = 1.42> <Core = "RAM">   --->   Core 37 'RAM' <Latency = 1> <II = 1> <Delay = 1.42> <Storage> <Opcode : 'load' 'store'> <Ports = 2> <Width = 32> <Depth = 3> <RAM>
ST_5 : Operation 91 [2/2] (10.1ns)   --->   "%tmp = fmul float %dense_weights_load, %flat_array_load" [dense.cpp:36]   --->   Operation 91 'fmul' 'tmp' <Predicate = true> <Delay = 10.1> <Core = "FMul">   --->   Core 106 'FMul' <Latency = 1> <II = 1> <Delay = 10.1> <FuncUnit> <Opcode : 'fmul'> <InPorts = 2> <OutPorts = 1>

State 6 <SV = 5> <Delay = 26.1>
ST_6 : Operation 92 [1/2] (10.1ns)   --->   "%tmp = fmul float %dense_weights_load, %flat_array_load" [dense.cpp:36]   --->   Operation 92 'fmul' 'tmp' <Predicate = true> <Delay = 10.1> <Core = "FMul">   --->   Core 106 'FMul' <Latency = 1> <II = 1> <Delay = 10.1> <FuncUnit> <Opcode : 'fmul'> <InPorts = 2> <OutPorts = 1>
ST_6 : Operation 93 [2/2] (15.9ns)   --->   "%w_sum = fadd float %dense_array_0, %tmp" [dense.cpp:36]   --->   Operation 93 'fadd' 'w_sum' <Predicate = true> <Delay = 15.9> <Core = "FAddSub">   --->   Core 105 'FAddSub' <Latency = 1> <II = 1> <Delay = 15.9> <FuncUnit> <Opcode : 'fadd' 'fsub'> <InPorts = 2> <OutPorts = 1>

State 7 <SV = 6> <Delay = 15.9>
ST_7 : Operation 94 [1/1] (0.00ns)   --->   "call void (...)* @_ssdm_op_SpecLoopName([10 x i8]* @p_str3) nounwind" [dense.cpp:35]   --->   Operation 94 'specloopname' <Predicate = true> <Delay = 0.00>
ST_7 : Operation 95 [1/2] (15.9ns)   --->   "%w_sum = fadd float %dense_array_0, %tmp" [dense.cpp:36]   --->   Operation 95 'fadd' 'w_sum' <Predicate = true> <Delay = 15.9> <Core = "FAddSub">   --->   Core 105 'FAddSub' <Latency = 1> <II = 1> <Delay = 15.9> <FuncUnit> <Opcode : 'fadd' 'fsub'> <InPorts = 2> <OutPorts = 1>
ST_7 : Operation 96 [1/1] (0.00ns)   --->   "br label %1" [dense.cpp:34]   --->   Operation 96 'br' <Predicate = true> <Delay = 0.00>

State 8 <SV = 3> <Delay = 31.2>
ST_8 : Operation 97 [1/1] (0.00ns)   --->   "%sum_0_i = phi float [ %sum, %4 ], [ 0.000000e+00, %.preheader9.preheader ]"   --->   Operation 97 'phi' 'sum_0_i' <Predicate = true> <Delay = 0.00>
ST_8 : Operation 98 [1/1] (0.00ns)   --->   "%i_0_i = phi i2 [ %i, %4 ], [ 0, %.preheader9.preheader ]"   --->   Operation 98 'phi' 'i_0_i' <Predicate = true> <Delay = 0.00>
ST_8 : Operation 99 [1/1] (0.61ns)   --->   "%icmp_ln10 = icmp eq i2 %i_0_i, -1" [dense.cpp:10->dense.cpp:42]   --->   Operation 99 'icmp' 'icmp_ln10' <Predicate = true> <Delay = 0.61> <Core = "Cmp">   --->   Core 25 'Cmp' <Latency = 0> <II = 1> <Delay = 0.61> <FuncUnit> <Opcode : 'icmp'> <InPorts = 2> <OutPorts = 1>
ST_8 : Operation 100 [1/1] (0.00ns)   --->   "%empty_6 = call i32 (...)* @_ssdm_op_SpecLoopTripCount(i64 3, i64 3, i64 3) nounwind"   --->   Operation 100 'speclooptripcount' 'empty_6' <Predicate = true> <Delay = 0.00>
ST_8 : Operation 101 [1/1] (1.00ns)   --->   "%i = add i2 %i_0_i, 1" [dense.cpp:10->dense.cpp:42]   --->   Operation 101 'add' 'i' <Predicate = true> <Delay = 1.00> <Core = "AddSub">   --->   Core 14 'AddSub' <Latency = 0> <II = 1> <Delay = 1.00> <FuncUnit> <Opcode : 'add' 'sub'> <InPorts = 2> <OutPorts = 1>
ST_8 : Operation 102 [1/1] (0.00ns)   --->   "br i1 %icmp_ln10, label %.preheader.i.preheader, label %4" [dense.cpp:10->dense.cpp:42]   --->   Operation 102 'br' <Predicate = true> <Delay = 0.00>
ST_8 : Operation 103 [1/1] (0.00ns)   --->   "%dense_array_2_load = load float* %dense_array_2" [dense.cpp:12->dense.cpp:42]   --->   Operation 103 'load' 'dense_array_2_load' <Predicate = (!icmp_ln10)> <Delay = 0.00>
ST_8 : Operation 104 [1/1] (0.00ns)   --->   "%dense_array_2_1_loa = load float* %dense_array_2_1" [dense.cpp:12->dense.cpp:42]   --->   Operation 104 'load' 'dense_array_2_1_loa' <Predicate = (!icmp_ln10)> <Delay = 0.00>
ST_8 : Operation 105 [1/1] (0.00ns)   --->   "%dense_array_2_2_loa = load float* %dense_array_2_2" [dense.cpp:12->dense.cpp:42]   --->   Operation 105 'load' 'dense_array_2_2_loa' <Predicate = (!icmp_ln10)> <Delay = 0.00>
ST_8 : Operation 106 [1/1] (1.15ns)   --->   "%tmp_1 = call float @_ssdm_op_Mux.ap_auto.3float.i2(float %dense_array_2_load, float %dense_array_2_1_loa, float %dense_array_2_2_loa, i2 %i_0_i) nounwind" [dense.cpp:12->dense.cpp:42]   --->   Operation 106 'mux' 'tmp_1' <Predicate = (!icmp_ln10)> <Delay = 1.15> <Core = "MuxnS">   --->   Core 31 'MuxnS' <Latency = 0> <II = 1> <Delay = 1.15> <FuncUnit> <Opcode : 'mux'> <InPorts = 2> <OutPorts = 1>
ST_8 : Operation 107 [3/3] (30.1ns)   --->   "%tmp_i = call float @llvm.exp.f32(float %tmp_1) nounwind" [dense.cpp:12->dense.cpp:42]   --->   Operation 107 'fexp' 'tmp_i' <Predicate = (!icmp_ln10)> <Delay = 30.1> <Core = "FExp">   --->   Core 127 'FExp' <Latency = 2> <II = 1> <Delay = 30.1> <FuncUnit> <Opcode : 'fexp'> <InPorts = 1> <OutPorts = 1>
ST_8 : Operation 108 [1/1] (1.18ns)   --->   "br label %.preheader.i" [dense.cpp:16->dense.cpp:42]   --->   Operation 108 'br' <Predicate = (icmp_ln10)> <Delay = 1.18>

State 9 <SV = 4> <Delay = 30.1>
ST_9 : Operation 109 [2/3] (30.1ns)   --->   "%tmp_i = call float @llvm.exp.f32(float %tmp_1) nounwind" [dense.cpp:12->dense.cpp:42]   --->   Operation 109 'fexp' 'tmp_i' <Predicate = true> <Delay = 30.1> <Core = "FExp">   --->   Core 127 'FExp' <Latency = 2> <II = 1> <Delay = 30.1> <FuncUnit> <Opcode : 'fexp'> <InPorts = 1> <OutPorts = 1>

State 10 <SV = 5> <Delay = 30.1>
ST_10 : Operation 110 [1/3] (30.1ns)   --->   "%tmp_i = call float @llvm.exp.f32(float %tmp_1) nounwind" [dense.cpp:12->dense.cpp:42]   --->   Operation 110 'fexp' 'tmp_i' <Predicate = true> <Delay = 30.1> <Core = "FExp">   --->   Core 127 'FExp' <Latency = 2> <II = 1> <Delay = 30.1> <FuncUnit> <Opcode : 'fexp'> <InPorts = 1> <OutPorts = 1>

State 11 <SV = 6> <Delay = 15.9>
ST_11 : Operation 111 [2/2] (15.9ns)   --->   "%sum = fadd float %sum_0_i, %tmp_i" [dense.cpp:12->dense.cpp:42]   --->   Operation 111 'fadd' 'sum' <Predicate = true> <Delay = 15.9> <Core = "FAddSub">   --->   Core 105 'FAddSub' <Latency = 1> <II = 1> <Delay = 15.9> <FuncUnit> <Opcode : 'fadd' 'fsub'> <InPorts = 2> <OutPorts = 1>

State 12 <SV = 7> <Delay = 15.9>
ST_12 : Operation 112 [1/1] (0.00ns)   --->   "call void (...)* @_ssdm_op_SpecLoopName([9 x i8]* @p_str) nounwind" [dense.cpp:11->dense.cpp:42]   --->   Operation 112 'specloopname' <Predicate = true> <Delay = 0.00>
ST_12 : Operation 113 [1/2] (15.9ns)   --->   "%sum = fadd float %sum_0_i, %tmp_i" [dense.cpp:12->dense.cpp:42]   --->   Operation 113 'fadd' 'sum' <Predicate = true> <Delay = 15.9> <Core = "FAddSub">   --->   Core 105 'FAddSub' <Latency = 1> <II = 1> <Delay = 15.9> <FuncUnit> <Opcode : 'fadd' 'fsub'> <InPorts = 2> <OutPorts = 1>
ST_12 : Operation 114 [1/1] (0.00ns)   --->   "br label %.preheader9" [dense.cpp:10->dense.cpp:42]   --->   Operation 114 'br' <Predicate = true> <Delay = 0.00>

State 13 <SV = 4> <Delay = 31.2>
ST_13 : Operation 115 [1/1] (0.00ns)   --->   "%j_0_i = phi i2 [ %j, %5 ], [ 0, %.preheader.i.preheader ]"   --->   Operation 115 'phi' 'j_0_i' <Predicate = true> <Delay = 0.00>
ST_13 : Operation 116 [1/1] (0.61ns)   --->   "%icmp_ln16 = icmp eq i2 %j_0_i, -1" [dense.cpp:16->dense.cpp:42]   --->   Operation 116 'icmp' 'icmp_ln16' <Predicate = true> <Delay = 0.61> <Core = "Cmp">   --->   Core 25 'Cmp' <Latency = 0> <II = 1> <Delay = 0.61> <FuncUnit> <Opcode : 'icmp'> <InPorts = 2> <OutPorts = 1>
ST_13 : Operation 117 [1/1] (0.00ns)   --->   "%empty_7 = call i32 (...)* @_ssdm_op_SpecLoopTripCount(i64 3, i64 3, i64 3) nounwind"   --->   Operation 117 'speclooptripcount' 'empty_7' <Predicate = true> <Delay = 0.00>
ST_13 : Operation 118 [1/1] (1.00ns)   --->   "%j = add i2 %j_0_i, 1" [dense.cpp:16->dense.cpp:42]   --->   Operation 118 'add' 'j' <Predicate = true> <Delay = 1.00> <Core = "AddSub">   --->   Core 14 'AddSub' <Latency = 0> <II = 1> <Delay = 1.00> <FuncUnit> <Opcode : 'add' 'sub'> <InPorts = 2> <OutPorts = 1>
ST_13 : Operation 119 [1/1] (0.00ns)   --->   "br i1 %icmp_ln16, label %soft_max.exit, label %5" [dense.cpp:16->dense.cpp:42]   --->   Operation 119 'br' <Predicate = true> <Delay = 0.00>
ST_13 : Operation 120 [1/1] (0.00ns)   --->   "%dense_array_2_load_1 = load float* %dense_array_2" [dense.cpp:18->dense.cpp:42]   --->   Operation 120 'load' 'dense_array_2_load_1' <Predicate = (!icmp_ln16)> <Delay = 0.00>
ST_13 : Operation 121 [1/1] (0.00ns)   --->   "%dense_array_2_1_loa_1 = load float* %dense_array_2_1" [dense.cpp:18->dense.cpp:42]   --->   Operation 121 'load' 'dense_array_2_1_loa_1' <Predicate = (!icmp_ln16)> <Delay = 0.00>
ST_13 : Operation 122 [1/1] (0.00ns)   --->   "%dense_array_2_2_loa_1 = load float* %dense_array_2_2" [dense.cpp:18->dense.cpp:42]   --->   Operation 122 'load' 'dense_array_2_2_loa_1' <Predicate = (!icmp_ln16)> <Delay = 0.00>
ST_13 : Operation 123 [1/1] (1.15ns)   --->   "%tmp_2 = call float @_ssdm_op_Mux.ap_auto.3float.i2(float %dense_array_2_load_1, float %dense_array_2_1_loa_1, float %dense_array_2_2_loa_1, i2 %j_0_i) nounwind" [dense.cpp:18->dense.cpp:42]   --->   Operation 123 'mux' 'tmp_2' <Predicate = (!icmp_ln16)> <Delay = 1.15> <Core = "MuxnS">   --->   Core 31 'MuxnS' <Latency = 0> <II = 1> <Delay = 1.15> <FuncUnit> <Opcode : 'mux'> <InPorts = 2> <OutPorts = 1>
ST_13 : Operation 124 [3/3] (30.1ns)   --->   "%tmp_2_i = call float @llvm.exp.f32(float %tmp_2) nounwind" [dense.cpp:18->dense.cpp:42]   --->   Operation 124 'fexp' 'tmp_2_i' <Predicate = (!icmp_ln16)> <Delay = 30.1> <Core = "FExp">   --->   Core 127 'FExp' <Latency = 2> <II = 1> <Delay = 30.1> <FuncUnit> <Opcode : 'fexp'> <InPorts = 1> <OutPorts = 1>
ST_13 : Operation 125 [1/1] (0.00ns)   --->   "ret void" [dense.cpp:43]   --->   Operation 125 'ret' <Predicate = (icmp_ln16)> <Delay = 0.00>

State 14 <SV = 5> <Delay = 30.1>
ST_14 : Operation 126 [2/3] (30.1ns)   --->   "%tmp_2_i = call float @llvm.exp.f32(float %tmp_2) nounwind" [dense.cpp:18->dense.cpp:42]   --->   Operation 126 'fexp' 'tmp_2_i' <Predicate = true> <Delay = 30.1> <Core = "FExp">   --->   Core 127 'FExp' <Latency = 2> <II = 1> <Delay = 30.1> <FuncUnit> <Opcode : 'fexp'> <InPorts = 1> <OutPorts = 1>

State 15 <SV = 6> <Delay = 30.1>
ST_15 : Operation 127 [1/3] (30.1ns)   --->   "%tmp_2_i = call float @llvm.exp.f32(float %tmp_2) nounwind" [dense.cpp:18->dense.cpp:42]   --->   Operation 127 'fexp' 'tmp_2_i' <Predicate = true> <Delay = 30.1> <Core = "FExp">   --->   Core 127 'FExp' <Latency = 2> <II = 1> <Delay = 30.1> <FuncUnit> <Opcode : 'fexp'> <InPorts = 1> <OutPorts = 1>

State 16 <SV = 7> <Delay = 22.0>
ST_16 : Operation 128 [5/5] (22.0ns)   --->   "%tmp_3_i = fdiv float %tmp_2_i, %sum_0_i" [dense.cpp:18->dense.cpp:42]   --->   Operation 128 'fdiv' 'tmp_3_i' <Predicate = true> <Delay = 22.0> <Core = "FDiv">   --->   Core 107 'FDiv' <Latency = 4> <II = 1> <Delay = 22.0> <FuncUnit> <Opcode : 'fdiv' 'frem'> <InPorts = 2> <OutPorts = 1>

State 17 <SV = 8> <Delay = 22.0>
ST_17 : Operation 129 [4/5] (22.0ns)   --->   "%tmp_3_i = fdiv float %tmp_2_i, %sum_0_i" [dense.cpp:18->dense.cpp:42]   --->   Operation 129 'fdiv' 'tmp_3_i' <Predicate = true> <Delay = 22.0> <Core = "FDiv">   --->   Core 107 'FDiv' <Latency = 4> <II = 1> <Delay = 22.0> <FuncUnit> <Opcode : 'fdiv' 'frem'> <InPorts = 2> <OutPorts = 1>

State 18 <SV = 9> <Delay = 22.0>
ST_18 : Operation 130 [3/5] (22.0ns)   --->   "%tmp_3_i = fdiv float %tmp_2_i, %sum_0_i" [dense.cpp:18->dense.cpp:42]   --->   Operation 130 'fdiv' 'tmp_3_i' <Predicate = true> <Delay = 22.0> <Core = "FDiv">   --->   Core 107 'FDiv' <Latency = 4> <II = 1> <Delay = 22.0> <FuncUnit> <Opcode : 'fdiv' 'frem'> <InPorts = 2> <OutPorts = 1>

State 19 <SV = 10> <Delay = 22.0>
ST_19 : Operation 131 [2/5] (22.0ns)   --->   "%tmp_3_i = fdiv float %tmp_2_i, %sum_0_i" [dense.cpp:18->dense.cpp:42]   --->   Operation 131 'fdiv' 'tmp_3_i' <Predicate = true> <Delay = 22.0> <Core = "FDiv">   --->   Core 107 'FDiv' <Latency = 4> <II = 1> <Delay = 22.0> <FuncUnit> <Opcode : 'fdiv' 'frem'> <InPorts = 2> <OutPorts = 1>

State 20 <SV = 11> <Delay = 23.4>
ST_20 : Operation 132 [1/1] (0.00ns)   --->   "call void (...)* @_ssdm_op_SpecLoopName([17 x i8]* @p_str1) nounwind" [dense.cpp:17->dense.cpp:42]   --->   Operation 132 'specloopname' <Predicate = true> <Delay = 0.00>
ST_20 : Operation 133 [1/1] (0.00ns)   --->   "%zext_ln18 = zext i2 %j_0_i to i64" [dense.cpp:18->dense.cpp:42]   --->   Operation 133 'zext' 'zext_ln18' <Predicate = true> <Delay = 0.00>
ST_20 : Operation 134 [1/5] (22.0ns)   --->   "%tmp_3_i = fdiv float %tmp_2_i, %sum_0_i" [dense.cpp:18->dense.cpp:42]   --->   Operation 134 'fdiv' 'tmp_3_i' <Predicate = true> <Delay = 22.0> <Core = "FDiv">   --->   Core 107 'FDiv' <Latency = 4> <II = 1> <Delay = 22.0> <FuncUnit> <Opcode : 'fdiv' 'frem'> <InPorts = 2> <OutPorts = 1>
ST_20 : Operation 135 [1/1] (0.00ns)   --->   "%prediction_addr = getelementptr [3 x float]* %prediction, i64 0, i64 %zext_ln18" [dense.cpp:18->dense.cpp:42]   --->   Operation 135 'getelementptr' 'prediction_addr' <Predicate = true> <Delay = 0.00>
ST_20 : Operation 136 [1/1] (1.42ns)   --->   "store float %tmp_3_i, float* %prediction_addr, align 4" [dense.cpp:18->dense.cpp:42]   --->   Operation 136 'store' <Predicate = true> <Delay = 1.42> <Core = "RAM">   --->   Core 37 'RAM' <Latency = 1> <II = 1> <Delay = 1.42> <Storage> <Opcode : 'load' 'store'> <Ports = 2> <Width = 32> <Depth = 3> <RAM>
ST_20 : Operation 137 [1/1] (0.00ns)   --->   "br label %.preheader.i" [dense.cpp:16->dense.cpp:42]   --->   Operation 137 'br' <Predicate = true> <Delay = 0.00>


============================================================
+ Verbose Summary: Timing violations
============================================================
Target clock period: 40ns, clock uncertainty: 5ns.

 <State 1>: 1.18ns
The critical path consists of the following:
	multiplexor before 'phi' operation ('phi_ln26', dense.cpp:26) with incoming values : ('add_ln26', dense.cpp:26) [13]  (1.18 ns)

 <State 2>: 2.41ns
The critical path consists of the following:
	'phi' operation ('phi_ln26', dense.cpp:26) with incoming values : ('add_ln26', dense.cpp:26) [13]  (0 ns)
	'icmp' operation ('icmp_ln26_2', dense.cpp:26) [20]  (0.61 ns)
	'select' operation ('select_ln26_1', dense.cpp:26) [21]  (0.613 ns)
	'store' operation ('store_ln29', dense.cpp:29) of variable 'select_ln26_1', dense.cpp:26 on local variable 'dense_array[2]' [36]  (1.18 ns)

 <State 3>: 1.18ns
The critical path consists of the following:
	multiplexor before 'phi' operation ('w_sum') with incoming values : ('w_sum', dense.cpp:36) [52]  (1.18 ns)

 <State 4>: 4.94ns
The critical path consists of the following:
	'phi' operation ('f') with incoming values : ('f', dense.cpp:34) [53]  (0 ns)
	'sub' operation ('sub_ln36', dense.cpp:36) [63]  (0 ns)
	'add' operation ('add_ln36', dense.cpp:36) [64]  (2.27 ns)
	'getelementptr' operation ('dense_weights_addr', dense.cpp:36) [66]  (0 ns)
	'load' operation ('dense_weights_load', dense.cpp:36) on array 'dense_weights' [67]  (2.66 ns)

 <State 5>: 12.8ns
The critical path consists of the following:
	'load' operation ('dense_weights_load', dense.cpp:36) on array 'dense_weights' [67]  (2.66 ns)
	'fmul' operation ('tmp', dense.cpp:36) [70]  (10.1 ns)

 <State 6>: 26.1ns
The critical path consists of the following:
	'fmul' operation ('tmp', dense.cpp:36) [70]  (10.1 ns)
	'fadd' operation ('w_sum', dense.cpp:36) [71]  (16 ns)

 <State 7>: 16ns
The critical path consists of the following:
	'fadd' operation ('w_sum', dense.cpp:36) [71]  (16 ns)

 <State 8>: 31.3ns
The critical path consists of the following:
	'phi' operation ('i') with incoming values : ('i', dense.cpp:10->dense.cpp:42) [91]  (0 ns)
	'mux' operation ('tmp_1', dense.cpp:12->dense.cpp:42) [101]  (1.15 ns)
	'fexp' operation ('tmp_i', dense.cpp:12->dense.cpp:42) [102]  (30.1 ns)

 <State 9>: 30.1ns
The critical path consists of the following:
	'fexp' operation ('tmp_i', dense.cpp:12->dense.cpp:42) [102]  (30.1 ns)

 <State 10>: 30.1ns
The critical path consists of the following:
	'fexp' operation ('tmp_i', dense.cpp:12->dense.cpp:42) [102]  (30.1 ns)

 <State 11>: 16ns
The critical path consists of the following:
	'fadd' operation ('sum', dense.cpp:12->dense.cpp:42) [103]  (16 ns)

 <State 12>: 16ns
The critical path consists of the following:
	'fadd' operation ('sum', dense.cpp:12->dense.cpp:42) [103]  (16 ns)

 <State 13>: 31.3ns
The critical path consists of the following:
	'phi' operation ('j') with incoming values : ('j', dense.cpp:16->dense.cpp:42) [108]  (0 ns)
	'mux' operation ('tmp_2', dense.cpp:18->dense.cpp:42) [119]  (1.15 ns)
	'fexp' operation ('tmp_2_i', dense.cpp:18->dense.cpp:42) [120]  (30.1 ns)

 <State 14>: 30.1ns
The critical path consists of the following:
	'fexp' operation ('tmp_2_i', dense.cpp:18->dense.cpp:42) [120]  (30.1 ns)

 <State 15>: 30.1ns
The critical path consists of the following:
	'fexp' operation ('tmp_2_i', dense.cpp:18->dense.cpp:42) [120]  (30.1 ns)

 <State 16>: 22ns
The critical path consists of the following:
	'fdiv' operation ('tmp_3_i', dense.cpp:18->dense.cpp:42) [121]  (22 ns)

 <State 17>: 22ns
The critical path consists of the following:
	'fdiv' operation ('tmp_3_i', dense.cpp:18->dense.cpp:42) [121]  (22 ns)

 <State 18>: 22ns
The critical path consists of the following:
	'fdiv' operation ('tmp_3_i', dense.cpp:18->dense.cpp:42) [121]  (22 ns)

 <State 19>: 22ns
The critical path consists of the following:
	'fdiv' operation ('tmp_3_i', dense.cpp:18->dense.cpp:42) [121]  (22 ns)

 <State 20>: 23.4ns
The critical path consists of the following:
	'fdiv' operation ('tmp_3_i', dense.cpp:18->dense.cpp:42) [121]  (22 ns)
	'store' operation ('store_ln18', dense.cpp:18->dense.cpp:42) of variable 'tmp_3_i', dense.cpp:18->dense.cpp:42 on array 'prediction' [123]  (1.43 ns)


============================================================
+ Verbose Summary: Binding
============================================================
N/A
* FSMD analyzer results:
  - Output states:
 - Input state : 
  - Chain level:
	State 1
	State 2
	State 3
	State 4
	State 5
	State 6
	State 7
	State 8
	State 9
	State 10
	State 11
	State 12
	State 13
	State 14
	State 15
	State 16
	State 17
	State 18
	State 19
	State 20


============================================================
+ Verbose Summary: Datapath Resource usage 
============================================================
N/A
