

================================================================
== Vivado HLS Report for 'soft_max'
================================================================
* Date:           Thu May  2 15:41:04 2024

* Version:        2019.1 (Build 2552052 on Fri May 24 15:28:33 MDT 2019)
* Project:        cnn_ap_type
* Solution:       W12_6
* Product family: zynq
* Target device:  xc7z020-clg400-1


================================================================
== Performance Estimates
================================================================
+ Timing (ns): 
    * Summary: 
    +--------+-------+----------+------------+
    |  Clock | Target| Estimated| Uncertainty|
    +--------+-------+----------+------------+
    |ap_clk  |  20.00|    16.725|        2.50|
    +--------+-------+----------+------------+

+ Latency (clock cycles): 
    * Summary: 
    +-----+-----+-----+-----+---------+
    |  Latency  |  Interval | Pipeline|
    | min | max | min | max |   Type  |
    +-----+-----+-----+-----+---------+
    |  293|  293|  293|  293|   none  |
    +-----+-----+-----+-----+---------+

    + Detail: 
        * Instance: 
        +-----------------------+------------+-----+-----+-----+-----+----------+
        |                       |            |  Latency  |  Interval | Pipeline |
        |        Instance       |   Module   | min | max | min | max |   Type   |
        +-----------------------+------------+-----+-----+-----+-----+----------+
        |grp_exp_13_7_s_fu_133  |exp_13_7_s  |    1|    1|    1|    1| function |
        +-----------------------+------------+-----+-----+-----+-----+----------+

        * Loop: 
        +-------------------+-----+-----+----------+-----------+-----------+------+----------+
        |                   |  Latency  | Iteration|  Initiation Interval  | Trip |          |
        |     Loop Name     | min | max |  Latency |  achieved |   target  | Count| Pipelined|
        +-------------------+-----+-----+----------+-----------+-----------+------+----------+
        |- Loop 1           |   20|   20|         2|          -|          -|    10|    no    |
        |- Sum_Loop         |   40|   40|         4|          -|          -|    10|    no    |
        |- Prediction_Loop  |  230|  230|        23|          -|          -|    10|    no    |
        +-------------------+-----+-----+----------+-----------+-----------+------+----------+

============================================================
+ Verbose Summary: Synthesis Manager
============================================================
InlineROM: 1
ExposeGlobal: 0
============================================================
+ Verbose Summary: CDFG Model
============================================================
IsTopModel: 0
ResetActiveHigh: 1
IsCombinational: 0
IsDatapathOnly: 0
HasWiredReturn: 1
HasMFsm: 0
HasVarLatency: 1
IsPipeline: 0
IsRtlPipelined: 0
IsInstanceOverlapped: 0
IsDontTouch: 0
HasImplIP: 0
IsGatedGlobalClock: 0


============================================================
+ Verbose Summary: Schedule
============================================================
* Number of FSM states : 30
* Pipeline : 0
* Dataflow Pipeline: 0

* FSM state transitions: 
1 --> 2 
2 --> 3 4 
3 --> 2 
4 --> 5 8 
5 --> 6 
6 --> 7 
7 --> 4 
8 --> 9 
9 --> 10 
10 --> 11 
11 --> 12 
12 --> 13 
13 --> 14 
14 --> 15 
15 --> 16 
16 --> 17 
17 --> 18 
18 --> 19 
19 --> 20 
20 --> 21 
21 --> 22 
22 --> 23 
23 --> 24 
24 --> 25 
25 --> 26 
26 --> 27 
27 --> 28 
28 --> 29 
29 --> 30 
30 --> 8 

* FSM state operations: 

State 1 <SV = 0> <Delay = 1.76>
ST_1 : Operation 31 [1/1] (1.76ns)   --->   "br label %0" [cnn_ap_type/dense_out.cpp:12]   --->   Operation 31 'br' <Predicate = true> <Delay = 1.76>

State 2 <SV = 1> <Delay = 2.32>
ST_2 : Operation 32 [1/1] (0.00ns)   --->   "%p_Val2_1 = phi i12 [ 0, %_ZN8ap_fixedILi12ELi6EL9ap_q_mode5EL9ap_o_mode3ELi0EEC1Ei.exit ], [ %select_ln13, %._crit_edge ]" [cnn_ap_type/dense_out.cpp:13]   --->   Operation 32 'phi' 'p_Val2_1' <Predicate = true> <Delay = 0.00>
ST_2 : Operation 33 [1/1] (0.00ns)   --->   "%m_0 = phi i4 [ 0, %_ZN8ap_fixedILi12ELi6EL9ap_q_mode5EL9ap_o_mode3ELi0EEC1Ei.exit ], [ %m, %._crit_edge ]"   --->   Operation 33 'phi' 'm_0' <Predicate = true> <Delay = 0.00>
ST_2 : Operation 34 [1/1] (1.30ns)   --->   "%icmp_ln12 = icmp eq i4 %m_0, -6" [cnn_ap_type/dense_out.cpp:12]   --->   Operation 34 'icmp' 'icmp_ln12' <Predicate = true> <Delay = 1.30> <Core = "Cmp">   --->   Core 25 'Cmp' <Latency = 0> <II = 1> <Delay = 1.30> <FuncUnit> <Opcode : 'icmp'> <InPorts = 2> <OutPorts = 1>
ST_2 : Operation 35 [1/1] (0.00ns)   --->   "%empty = call i32 (...)* @_ssdm_op_SpecLoopTripCount(i64 10, i64 10, i64 10)"   --->   Operation 35 'speclooptripcount' 'empty' <Predicate = true> <Delay = 0.00>
ST_2 : Operation 36 [1/1] (1.73ns)   --->   "%m = add i4 %m_0, 1" [cnn_ap_type/dense_out.cpp:12]   --->   Operation 36 'add' 'm' <Predicate = true> <Delay = 1.73> <Core = "AddSub">   --->   Core 14 'AddSub' <Latency = 0> <II = 1> <Delay = 1.73> <FuncUnit> <Opcode : 'add' 'sub'> <InPorts = 2> <OutPorts = 1>
ST_2 : Operation 37 [1/1] (0.00ns)   --->   "br i1 %icmp_ln12, label %1, label %._crit_edge" [cnn_ap_type/dense_out.cpp:12]   --->   Operation 37 'br' <Predicate = true> <Delay = 0.00>
ST_2 : Operation 38 [1/1] (0.00ns)   --->   "%zext_ln13 = zext i4 %m_0 to i64" [cnn_ap_type/dense_out.cpp:13]   --->   Operation 38 'zext' 'zext_ln13' <Predicate = (!icmp_ln12)> <Delay = 0.00>
ST_2 : Operation 39 [1/1] (0.00ns)   --->   "%dense_array_V_addr = getelementptr [10 x i12]* %dense_array_V, i64 0, i64 %zext_ln13" [cnn_ap_type/dense_out.cpp:13]   --->   Operation 39 'getelementptr' 'dense_array_V_addr' <Predicate = (!icmp_ln12)> <Delay = 0.00>
ST_2 : Operation 40 [2/2] (2.32ns)   --->   "%max_V = load i12* %dense_array_V_addr, align 2" [cnn_ap_type/dense_out.cpp:13]   --->   Operation 40 'load' 'max_V' <Predicate = (!icmp_ln12)> <Delay = 2.32> <Core = "RAM">   --->   Core 37 'RAM' <Latency = 1> <II = 1> <Delay = 2.32> <Storage> <Opcode : 'load' 'store'> <Ports = 2> <Width = 12> <Depth = 10> <RAM>
ST_2 : Operation 41 [1/1] (0.00ns)   --->   "%rhs_V = sext i12 %p_Val2_1 to i13" [cnn_ap_type/dense_out.cpp:22]   --->   Operation 41 'sext' 'rhs_V' <Predicate = (icmp_ln12)> <Delay = 0.00>
ST_2 : Operation 42 [1/1] (1.76ns)   --->   "br label %2" [cnn_ap_type/dense_out.cpp:20]   --->   Operation 42 'br' <Predicate = (icmp_ln12)> <Delay = 1.76>

State 3 <SV = 2> <Delay = 5.00>
ST_3 : Operation 43 [1/2] (2.32ns)   --->   "%max_V = load i12* %dense_array_V_addr, align 2" [cnn_ap_type/dense_out.cpp:13]   --->   Operation 43 'load' 'max_V' <Predicate = true> <Delay = 2.32> <Core = "RAM">   --->   Core 37 'RAM' <Latency = 1> <II = 1> <Delay = 2.32> <Storage> <Opcode : 'load' 'store'> <Ports = 2> <Width = 12> <Depth = 10> <RAM>
ST_3 : Operation 44 [1/1] (1.99ns)   --->   "%icmp_ln1495 = icmp slt i12 %p_Val2_1, %max_V" [cnn_ap_type/dense_out.cpp:13]   --->   Operation 44 'icmp' 'icmp_ln1495' <Predicate = true> <Delay = 1.99> <Core = "Cmp">   --->   Core 25 'Cmp' <Latency = 0> <II = 1> <Delay = 1.30> <FuncUnit> <Opcode : 'icmp'> <InPorts = 2> <OutPorts = 1>
ST_3 : Operation 45 [1/1] (0.69ns)   --->   "%select_ln13 = select i1 %icmp_ln1495, i12 %max_V, i12 %p_Val2_1" [cnn_ap_type/dense_out.cpp:13]   --->   Operation 45 'select' 'select_ln13' <Predicate = true> <Delay = 0.69> <Core = "Sel">   --->   Core 26 'Sel' <Latency = 0> <II = 1> <Delay = 0.69> <FuncUnit> <Opcode : 'select'> <InPorts = 3> <OutPorts = 1>
ST_3 : Operation 46 [1/1] (0.00ns)   --->   "br label %0" [cnn_ap_type/dense_out.cpp:12]   --->   Operation 46 'br' <Predicate = true> <Delay = 0.00>

State 4 <SV = 2> <Delay = 2.32>
ST_4 : Operation 47 [1/1] (0.00ns)   --->   "%p_Val2_3 = phi i12 [ 0, %1 ], [ %sum_V, %_ZN13ap_fixed_baseILi13ELi7ELb1EL9ap_q_mode5EL9ap_o_mode3ELi0EEC1ILi12ELi6ELb1ELS0_5ELS1_3ELi0EEERKS_IXT_EXT0_EXT1_EXT2_EXT3_EXT4_EE.exit9.i ]"   --->   Operation 47 'phi' 'p_Val2_3' <Predicate = true> <Delay = 0.00>
ST_4 : Operation 48 [1/1] (0.00ns)   --->   "%i_0 = phi i4 [ 0, %1 ], [ %i, %_ZN13ap_fixed_baseILi13ELi7ELb1EL9ap_q_mode5EL9ap_o_mode3ELi0EEC1ILi12ELi6ELb1ELS0_5ELS1_3ELi0EEERKS_IXT_EXT0_EXT1_EXT2_EXT3_EXT4_EE.exit9.i ]"   --->   Operation 48 'phi' 'i_0' <Predicate = true> <Delay = 0.00>
ST_4 : Operation 49 [1/1] (1.30ns)   --->   "%icmp_ln20 = icmp eq i4 %i_0, -6" [cnn_ap_type/dense_out.cpp:20]   --->   Operation 49 'icmp' 'icmp_ln20' <Predicate = true> <Delay = 1.30> <Core = "Cmp">   --->   Core 25 'Cmp' <Latency = 0> <II = 1> <Delay = 1.30> <FuncUnit> <Opcode : 'icmp'> <InPorts = 2> <OutPorts = 1>
ST_4 : Operation 50 [1/1] (0.00ns)   --->   "%empty_28 = call i32 (...)* @_ssdm_op_SpecLoopTripCount(i64 10, i64 10, i64 10)"   --->   Operation 50 'speclooptripcount' 'empty_28' <Predicate = true> <Delay = 0.00>
ST_4 : Operation 51 [1/1] (1.73ns)   --->   "%i = add i4 %i_0, 1" [cnn_ap_type/dense_out.cpp:20]   --->   Operation 51 'add' 'i' <Predicate = true> <Delay = 1.73> <Core = "AddSub">   --->   Core 14 'AddSub' <Latency = 0> <II = 1> <Delay = 1.73> <FuncUnit> <Opcode : 'add' 'sub'> <InPorts = 2> <OutPorts = 1>
ST_4 : Operation 52 [1/1] (0.00ns)   --->   "br i1 %icmp_ln20, label %.preheader.preheader, label %_ZN13ap_fixed_baseILi13ELi7ELb1EL9ap_q_mode5EL9ap_o_mode3ELi0EEC1ILi12ELi6ELb1ELS0_5ELS1_3ELi0EEERKS_IXT_EXT0_EXT1_EXT2_EXT3_EXT4_EE.exit9.i" [cnn_ap_type/dense_out.cpp:20]   --->   Operation 52 'br' <Predicate = true> <Delay = 0.00>
ST_4 : Operation 53 [1/1] (0.00ns)   --->   "%zext_ln22 = zext i4 %i_0 to i64" [cnn_ap_type/dense_out.cpp:22]   --->   Operation 53 'zext' 'zext_ln22' <Predicate = (!icmp_ln20)> <Delay = 0.00>
ST_4 : Operation 54 [1/1] (0.00ns)   --->   "%dense_array_V_addr_1 = getelementptr [10 x i12]* %dense_array_V, i64 0, i64 %zext_ln22" [cnn_ap_type/dense_out.cpp:22]   --->   Operation 54 'getelementptr' 'dense_array_V_addr_1' <Predicate = (!icmp_ln20)> <Delay = 0.00>
ST_4 : Operation 55 [2/2] (2.32ns)   --->   "%p_Val2_s = load i12* %dense_array_V_addr_1, align 2" [cnn_ap_type/dense_out.cpp:22]   --->   Operation 55 'load' 'p_Val2_s' <Predicate = (!icmp_ln20)> <Delay = 2.32> <Core = "RAM">   --->   Core 37 'RAM' <Latency = 1> <II = 1> <Delay = 2.32> <Storage> <Opcode : 'load' 'store'> <Ports = 2> <Width = 12> <Depth = 10> <RAM>
ST_4 : Operation 56 [1/1] (0.00ns)   --->   "%sext_ln27 = sext i12 %p_Val2_3 to i18" [cnn_ap_type/dense_out.cpp:27]   --->   Operation 56 'sext' 'sext_ln27' <Predicate = (icmp_ln20)> <Delay = 0.00>
ST_4 : Operation 57 [1/1] (1.76ns)   --->   "br label %.preheader" [cnn_ap_type/dense_out.cpp:27]   --->   Operation 57 'br' <Predicate = (icmp_ln20)> <Delay = 1.76>

State 5 <SV = 3> <Delay = 7.70>
ST_5 : Operation 58 [1/2] (2.32ns)   --->   "%p_Val2_s = load i12* %dense_array_V_addr_1, align 2" [cnn_ap_type/dense_out.cpp:22]   --->   Operation 58 'load' 'p_Val2_s' <Predicate = true> <Delay = 2.32> <Core = "RAM">   --->   Core 37 'RAM' <Latency = 1> <II = 1> <Delay = 2.32> <Storage> <Opcode : 'load' 'store'> <Ports = 2> <Width = 12> <Depth = 10> <RAM>
ST_5 : Operation 59 [1/1] (0.00ns)   --->   "%lhs_V = sext i12 %p_Val2_s to i13" [cnn_ap_type/dense_out.cpp:22]   --->   Operation 59 'sext' 'lhs_V' <Predicate = true> <Delay = 0.00>
ST_5 : Operation 60 [1/1] (1.54ns)   --->   "%ret_V = sub i13 %lhs_V, %rhs_V" [cnn_ap_type/dense_out.cpp:22]   --->   Operation 60 'sub' 'ret_V' <Predicate = true> <Delay = 1.54> <Core = "AddSub">   --->   Core 14 'AddSub' <Latency = 0> <II = 1> <Delay = 1.73> <FuncUnit> <Opcode : 'add' 'sub'> <InPorts = 2> <OutPorts = 1>
ST_5 : Operation 61 [2/2] (3.83ns)   --->   "%p_Val2_2 = call fastcc i13 @"exp<13, 7>"(i13 %ret_V)" [C:/Xilinx2019/Vivado/2019.1/common/technology/autopilot\hls_math.h:1178->cnn_ap_type/dense_out.cpp:22]   --->   Operation 61 'call' 'p_Val2_2' <Predicate = true> <Delay = 3.83> <CoreType = "Generic">   --->   Core 0 '' <Latency = 0> <II = 1> <Delay = 1.00> <Generic> <Opcode : >

State 6 <SV = 4> <Delay = 16.7>
ST_6 : Operation 62 [1/2] (15.1ns)   --->   "%p_Val2_2 = call fastcc i13 @"exp<13, 7>"(i13 %ret_V)" [C:/Xilinx2019/Vivado/2019.1/common/technology/autopilot\hls_math.h:1178->cnn_ap_type/dense_out.cpp:22]   --->   Operation 62 'call' 'p_Val2_2' <Predicate = true> <Delay = 15.1> <CoreType = "Generic">   --->   Core 0 '' <Latency = 0> <II = 1> <Delay = 1.00> <Generic> <Opcode : >
ST_6 : Operation 63 [1/1] (0.00ns)   --->   "%p_Val2_4 = trunc i13 %p_Val2_2 to i12" [cnn_ap_type/dense_out.cpp:22]   --->   Operation 63 'trunc' 'p_Val2_4' <Predicate = true> <Delay = 0.00>
ST_6 : Operation 64 [1/1] (1.54ns)   --->   "%sum_V = add i12 %p_Val2_4, %p_Val2_3" [cnn_ap_type/dense_out.cpp:23]   --->   Operation 64 'add' 'sum_V' <Predicate = true> <Delay = 1.54> <Core = "AddSub">   --->   Core 14 'AddSub' <Latency = 0> <II = 1> <Delay = 1.73> <FuncUnit> <Opcode : 'add' 'sub'> <InPorts = 2> <OutPorts = 1>

State 7 <SV = 5> <Delay = 2.32>
ST_7 : Operation 65 [1/1] (0.00ns)   --->   "call void (...)* @_ssdm_op_SpecLoopName([9 x i8]* @p_str13) nounwind" [cnn_ap_type/dense_out.cpp:21]   --->   Operation 65 'specloopname' <Predicate = true> <Delay = 0.00>
ST_7 : Operation 66 [1/1] (2.32ns)   --->   "store i12 %p_Val2_4, i12* %dense_array_V_addr_1, align 2" [cnn_ap_type/dense_out.cpp:22]   --->   Operation 66 'store' <Predicate = true> <Delay = 2.32> <Core = "RAM">   --->   Core 37 'RAM' <Latency = 1> <II = 1> <Delay = 2.32> <Storage> <Opcode : 'load' 'store'> <Ports = 2> <Width = 12> <Depth = 10> <RAM>
ST_7 : Operation 67 [1/1] (0.00ns)   --->   "br label %2" [cnn_ap_type/dense_out.cpp:20]   --->   Operation 67 'br' <Predicate = true> <Delay = 0.00>

State 8 <SV = 3> <Delay = 2.32>
ST_8 : Operation 68 [1/1] (0.00ns)   --->   "%j_0 = phi i4 [ %j, %_ZNK13ap_fixed_baseILi12ELi6ELb1EL9ap_q_mode5EL9ap_o_mode3ELi0EEdvILi12ELi6ELb1ELS0_5ELS1_3ELi0EEENS2_5RTypeIXT_EXT0_EXT1_EE3divERKS_IXT_EXT0_EXT1_EXT2_EXT3_EXT4_EE.exit ], [ 0, %.preheader.preheader ]"   --->   Operation 68 'phi' 'j_0' <Predicate = true> <Delay = 0.00>
ST_8 : Operation 69 [1/1] (1.30ns)   --->   "%icmp_ln27 = icmp eq i4 %j_0, -6" [cnn_ap_type/dense_out.cpp:27]   --->   Operation 69 'icmp' 'icmp_ln27' <Predicate = true> <Delay = 1.30> <Core = "Cmp">   --->   Core 25 'Cmp' <Latency = 0> <II = 1> <Delay = 1.30> <FuncUnit> <Opcode : 'icmp'> <InPorts = 2> <OutPorts = 1>
ST_8 : Operation 70 [1/1] (0.00ns)   --->   "%empty_29 = call i32 (...)* @_ssdm_op_SpecLoopTripCount(i64 10, i64 10, i64 10)"   --->   Operation 70 'speclooptripcount' 'empty_29' <Predicate = true> <Delay = 0.00>
ST_8 : Operation 71 [1/1] (1.73ns)   --->   "%j = add i4 %j_0, 1" [cnn_ap_type/dense_out.cpp:27]   --->   Operation 71 'add' 'j' <Predicate = true> <Delay = 1.73> <Core = "AddSub">   --->   Core 14 'AddSub' <Latency = 0> <II = 1> <Delay = 1.73> <FuncUnit> <Opcode : 'add' 'sub'> <InPorts = 2> <OutPorts = 1>
ST_8 : Operation 72 [1/1] (0.00ns)   --->   "br i1 %icmp_ln27, label %3, label %_ZNK13ap_fixed_baseILi12ELi6ELb1EL9ap_q_mode5EL9ap_o_mode3ELi0EEdvILi12ELi6ELb1ELS0_5ELS1_3ELi0EEENS2_5RTypeIXT_EXT0_EXT1_EE3divERKS_IXT_EXT0_EXT1_EXT2_EXT3_EXT4_EE.exit" [cnn_ap_type/dense_out.cpp:27]   --->   Operation 72 'br' <Predicate = true> <Delay = 0.00>
ST_8 : Operation 73 [1/1] (0.00ns)   --->   "%zext_ln29 = zext i4 %j_0 to i64" [cnn_ap_type/dense_out.cpp:29]   --->   Operation 73 'zext' 'zext_ln29' <Predicate = (!icmp_ln27)> <Delay = 0.00>
ST_8 : Operation 74 [1/1] (0.00ns)   --->   "%dense_array_V_addr_2 = getelementptr [10 x i12]* %dense_array_V, i64 0, i64 %zext_ln29" [cnn_ap_type/dense_out.cpp:29]   --->   Operation 74 'getelementptr' 'dense_array_V_addr_2' <Predicate = (!icmp_ln27)> <Delay = 0.00>
ST_8 : Operation 75 [2/2] (2.32ns)   --->   "%p_Val2_5 = load i12* %dense_array_V_addr_2, align 2" [cnn_ap_type/dense_out.cpp:29]   --->   Operation 75 'load' 'p_Val2_5' <Predicate = (!icmp_ln27)> <Delay = 2.32> <Core = "RAM">   --->   Core 37 'RAM' <Latency = 1> <II = 1> <Delay = 2.32> <Storage> <Opcode : 'load' 'store'> <Ports = 2> <Width = 12> <Depth = 10> <RAM>
ST_8 : Operation 76 [1/1] (0.00ns)   --->   "ret void" [cnn_ap_type/dense_out.cpp:32]   --->   Operation 76 'ret' <Predicate = (icmp_ln27)> <Delay = 0.00>

State 9 <SV = 4> <Delay = 6.03>
ST_9 : Operation 77 [1/2] (2.32ns)   --->   "%p_Val2_5 = load i12* %dense_array_V_addr_2, align 2" [cnn_ap_type/dense_out.cpp:29]   --->   Operation 77 'load' 'p_Val2_5' <Predicate = true> <Delay = 2.32> <Core = "RAM">   --->   Core 37 'RAM' <Latency = 1> <II = 1> <Delay = 2.32> <Storage> <Opcode : 'load' 'store'> <Ports = 2> <Width = 12> <Depth = 10> <RAM>
ST_9 : Operation 78 [1/1] (0.00ns)   --->   "%t_V = call i18 @_ssdm_op_BitConcatenate.i18.i12.i6(i12 %p_Val2_5, i6 0)" [cnn_ap_type/dense_out.cpp:29]   --->   Operation 78 'bitconcatenate' 't_V' <Predicate = true> <Delay = 0.00>
ST_9 : Operation 79 [22/22] (3.71ns)   --->   "%sdiv_ln1148 = sdiv i18 %t_V, %sext_ln27" [cnn_ap_type/dense_out.cpp:29]   --->   Operation 79 'sdiv' 'sdiv_ln1148' <Predicate = true> <Delay = 3.71> <Core = "DivnS_SEQ">   --->   Core 24 'DivnS_SEQ' <Latency = 21> <II = 12> <Delay = 3.71> <FuncUnit> <Opcode : 'sdiv' 'srem' 'udiv' 'urem'> <InPorts = 2> <OutPorts = 1>

State 10 <SV = 5> <Delay = 3.71>
ST_10 : Operation 80 [21/22] (3.71ns)   --->   "%sdiv_ln1148 = sdiv i18 %t_V, %sext_ln27" [cnn_ap_type/dense_out.cpp:29]   --->   Operation 80 'sdiv' 'sdiv_ln1148' <Predicate = true> <Delay = 3.71> <Core = "DivnS_SEQ">   --->   Core 24 'DivnS_SEQ' <Latency = 21> <II = 12> <Delay = 3.71> <FuncUnit> <Opcode : 'sdiv' 'srem' 'udiv' 'urem'> <InPorts = 2> <OutPorts = 1>

State 11 <SV = 6> <Delay = 3.71>
ST_11 : Operation 81 [20/22] (3.71ns)   --->   "%sdiv_ln1148 = sdiv i18 %t_V, %sext_ln27" [cnn_ap_type/dense_out.cpp:29]   --->   Operation 81 'sdiv' 'sdiv_ln1148' <Predicate = true> <Delay = 3.71> <Core = "DivnS_SEQ">   --->   Core 24 'DivnS_SEQ' <Latency = 21> <II = 12> <Delay = 3.71> <FuncUnit> <Opcode : 'sdiv' 'srem' 'udiv' 'urem'> <InPorts = 2> <OutPorts = 1>

State 12 <SV = 7> <Delay = 3.71>
ST_12 : Operation 82 [19/22] (3.71ns)   --->   "%sdiv_ln1148 = sdiv i18 %t_V, %sext_ln27" [cnn_ap_type/dense_out.cpp:29]   --->   Operation 82 'sdiv' 'sdiv_ln1148' <Predicate = true> <Delay = 3.71> <Core = "DivnS_SEQ">   --->   Core 24 'DivnS_SEQ' <Latency = 21> <II = 12> <Delay = 3.71> <FuncUnit> <Opcode : 'sdiv' 'srem' 'udiv' 'urem'> <InPorts = 2> <OutPorts = 1>

State 13 <SV = 8> <Delay = 3.71>
ST_13 : Operation 83 [18/22] (3.71ns)   --->   "%sdiv_ln1148 = sdiv i18 %t_V, %sext_ln27" [cnn_ap_type/dense_out.cpp:29]   --->   Operation 83 'sdiv' 'sdiv_ln1148' <Predicate = true> <Delay = 3.71> <Core = "DivnS_SEQ">   --->   Core 24 'DivnS_SEQ' <Latency = 21> <II = 12> <Delay = 3.71> <FuncUnit> <Opcode : 'sdiv' 'srem' 'udiv' 'urem'> <InPorts = 2> <OutPorts = 1>

State 14 <SV = 9> <Delay = 3.71>
ST_14 : Operation 84 [17/22] (3.71ns)   --->   "%sdiv_ln1148 = sdiv i18 %t_V, %sext_ln27" [cnn_ap_type/dense_out.cpp:29]   --->   Operation 84 'sdiv' 'sdiv_ln1148' <Predicate = true> <Delay = 3.71> <Core = "DivnS_SEQ">   --->   Core 24 'DivnS_SEQ' <Latency = 21> <II = 12> <Delay = 3.71> <FuncUnit> <Opcode : 'sdiv' 'srem' 'udiv' 'urem'> <InPorts = 2> <OutPorts = 1>

State 15 <SV = 10> <Delay = 3.71>
ST_15 : Operation 85 [16/22] (3.71ns)   --->   "%sdiv_ln1148 = sdiv i18 %t_V, %sext_ln27" [cnn_ap_type/dense_out.cpp:29]   --->   Operation 85 'sdiv' 'sdiv_ln1148' <Predicate = true> <Delay = 3.71> <Core = "DivnS_SEQ">   --->   Core 24 'DivnS_SEQ' <Latency = 21> <II = 12> <Delay = 3.71> <FuncUnit> <Opcode : 'sdiv' 'srem' 'udiv' 'urem'> <InPorts = 2> <OutPorts = 1>

State 16 <SV = 11> <Delay = 3.71>
ST_16 : Operation 86 [15/22] (3.71ns)   --->   "%sdiv_ln1148 = sdiv i18 %t_V, %sext_ln27" [cnn_ap_type/dense_out.cpp:29]   --->   Operation 86 'sdiv' 'sdiv_ln1148' <Predicate = true> <Delay = 3.71> <Core = "DivnS_SEQ">   --->   Core 24 'DivnS_SEQ' <Latency = 21> <II = 12> <Delay = 3.71> <FuncUnit> <Opcode : 'sdiv' 'srem' 'udiv' 'urem'> <InPorts = 2> <OutPorts = 1>

State 17 <SV = 12> <Delay = 3.71>
ST_17 : Operation 87 [14/22] (3.71ns)   --->   "%sdiv_ln1148 = sdiv i18 %t_V, %sext_ln27" [cnn_ap_type/dense_out.cpp:29]   --->   Operation 87 'sdiv' 'sdiv_ln1148' <Predicate = true> <Delay = 3.71> <Core = "DivnS_SEQ">   --->   Core 24 'DivnS_SEQ' <Latency = 21> <II = 12> <Delay = 3.71> <FuncUnit> <Opcode : 'sdiv' 'srem' 'udiv' 'urem'> <InPorts = 2> <OutPorts = 1>

State 18 <SV = 13> <Delay = 3.71>
ST_18 : Operation 88 [13/22] (3.71ns)   --->   "%sdiv_ln1148 = sdiv i18 %t_V, %sext_ln27" [cnn_ap_type/dense_out.cpp:29]   --->   Operation 88 'sdiv' 'sdiv_ln1148' <Predicate = true> <Delay = 3.71> <Core = "DivnS_SEQ">   --->   Core 24 'DivnS_SEQ' <Latency = 21> <II = 12> <Delay = 3.71> <FuncUnit> <Opcode : 'sdiv' 'srem' 'udiv' 'urem'> <InPorts = 2> <OutPorts = 1>

State 19 <SV = 14> <Delay = 3.71>
ST_19 : Operation 89 [12/22] (3.71ns)   --->   "%sdiv_ln1148 = sdiv i18 %t_V, %sext_ln27" [cnn_ap_type/dense_out.cpp:29]   --->   Operation 89 'sdiv' 'sdiv_ln1148' <Predicate = true> <Delay = 3.71> <Core = "DivnS_SEQ">   --->   Core 24 'DivnS_SEQ' <Latency = 21> <II = 12> <Delay = 3.71> <FuncUnit> <Opcode : 'sdiv' 'srem' 'udiv' 'urem'> <InPorts = 2> <OutPorts = 1>

State 20 <SV = 15> <Delay = 3.71>
ST_20 : Operation 90 [11/22] (3.71ns)   --->   "%sdiv_ln1148 = sdiv i18 %t_V, %sext_ln27" [cnn_ap_type/dense_out.cpp:29]   --->   Operation 90 'sdiv' 'sdiv_ln1148' <Predicate = true> <Delay = 3.71> <Core = "DivnS_SEQ">   --->   Core 24 'DivnS_SEQ' <Latency = 21> <II = 12> <Delay = 3.71> <FuncUnit> <Opcode : 'sdiv' 'srem' 'udiv' 'urem'> <InPorts = 2> <OutPorts = 1>

State 21 <SV = 16> <Delay = 3.71>
ST_21 : Operation 91 [10/22] (3.71ns)   --->   "%sdiv_ln1148 = sdiv i18 %t_V, %sext_ln27" [cnn_ap_type/dense_out.cpp:29]   --->   Operation 91 'sdiv' 'sdiv_ln1148' <Predicate = true> <Delay = 3.71> <Core = "DivnS_SEQ">   --->   Core 24 'DivnS_SEQ' <Latency = 21> <II = 12> <Delay = 3.71> <FuncUnit> <Opcode : 'sdiv' 'srem' 'udiv' 'urem'> <InPorts = 2> <OutPorts = 1>

State 22 <SV = 17> <Delay = 3.71>
ST_22 : Operation 92 [9/22] (3.71ns)   --->   "%sdiv_ln1148 = sdiv i18 %t_V, %sext_ln27" [cnn_ap_type/dense_out.cpp:29]   --->   Operation 92 'sdiv' 'sdiv_ln1148' <Predicate = true> <Delay = 3.71> <Core = "DivnS_SEQ">   --->   Core 24 'DivnS_SEQ' <Latency = 21> <II = 12> <Delay = 3.71> <FuncUnit> <Opcode : 'sdiv' 'srem' 'udiv' 'urem'> <InPorts = 2> <OutPorts = 1>

State 23 <SV = 18> <Delay = 3.71>
ST_23 : Operation 93 [8/22] (3.71ns)   --->   "%sdiv_ln1148 = sdiv i18 %t_V, %sext_ln27" [cnn_ap_type/dense_out.cpp:29]   --->   Operation 93 'sdiv' 'sdiv_ln1148' <Predicate = true> <Delay = 3.71> <Core = "DivnS_SEQ">   --->   Core 24 'DivnS_SEQ' <Latency = 21> <II = 12> <Delay = 3.71> <FuncUnit> <Opcode : 'sdiv' 'srem' 'udiv' 'urem'> <InPorts = 2> <OutPorts = 1>

State 24 <SV = 19> <Delay = 3.71>
ST_24 : Operation 94 [7/22] (3.71ns)   --->   "%sdiv_ln1148 = sdiv i18 %t_V, %sext_ln27" [cnn_ap_type/dense_out.cpp:29]   --->   Operation 94 'sdiv' 'sdiv_ln1148' <Predicate = true> <Delay = 3.71> <Core = "DivnS_SEQ">   --->   Core 24 'DivnS_SEQ' <Latency = 21> <II = 12> <Delay = 3.71> <FuncUnit> <Opcode : 'sdiv' 'srem' 'udiv' 'urem'> <InPorts = 2> <OutPorts = 1>

State 25 <SV = 20> <Delay = 3.71>
ST_25 : Operation 95 [6/22] (3.71ns)   --->   "%sdiv_ln1148 = sdiv i18 %t_V, %sext_ln27" [cnn_ap_type/dense_out.cpp:29]   --->   Operation 95 'sdiv' 'sdiv_ln1148' <Predicate = true> <Delay = 3.71> <Core = "DivnS_SEQ">   --->   Core 24 'DivnS_SEQ' <Latency = 21> <II = 12> <Delay = 3.71> <FuncUnit> <Opcode : 'sdiv' 'srem' 'udiv' 'urem'> <InPorts = 2> <OutPorts = 1>

State 26 <SV = 21> <Delay = 3.71>
ST_26 : Operation 96 [5/22] (3.71ns)   --->   "%sdiv_ln1148 = sdiv i18 %t_V, %sext_ln27" [cnn_ap_type/dense_out.cpp:29]   --->   Operation 96 'sdiv' 'sdiv_ln1148' <Predicate = true> <Delay = 3.71> <Core = "DivnS_SEQ">   --->   Core 24 'DivnS_SEQ' <Latency = 21> <II = 12> <Delay = 3.71> <FuncUnit> <Opcode : 'sdiv' 'srem' 'udiv' 'urem'> <InPorts = 2> <OutPorts = 1>

State 27 <SV = 22> <Delay = 3.71>
ST_27 : Operation 97 [4/22] (3.71ns)   --->   "%sdiv_ln1148 = sdiv i18 %t_V, %sext_ln27" [cnn_ap_type/dense_out.cpp:29]   --->   Operation 97 'sdiv' 'sdiv_ln1148' <Predicate = true> <Delay = 3.71> <Core = "DivnS_SEQ">   --->   Core 24 'DivnS_SEQ' <Latency = 21> <II = 12> <Delay = 3.71> <FuncUnit> <Opcode : 'sdiv' 'srem' 'udiv' 'urem'> <InPorts = 2> <OutPorts = 1>

State 28 <SV = 23> <Delay = 3.71>
ST_28 : Operation 98 [3/22] (3.71ns)   --->   "%sdiv_ln1148 = sdiv i18 %t_V, %sext_ln27" [cnn_ap_type/dense_out.cpp:29]   --->   Operation 98 'sdiv' 'sdiv_ln1148' <Predicate = true> <Delay = 3.71> <Core = "DivnS_SEQ">   --->   Core 24 'DivnS_SEQ' <Latency = 21> <II = 12> <Delay = 3.71> <FuncUnit> <Opcode : 'sdiv' 'srem' 'udiv' 'urem'> <InPorts = 2> <OutPorts = 1>

State 29 <SV = 24> <Delay = 3.71>
ST_29 : Operation 99 [2/22] (3.71ns)   --->   "%sdiv_ln1148 = sdiv i18 %t_V, %sext_ln27" [cnn_ap_type/dense_out.cpp:29]   --->   Operation 99 'sdiv' 'sdiv_ln1148' <Predicate = true> <Delay = 3.71> <Core = "DivnS_SEQ">   --->   Core 24 'DivnS_SEQ' <Latency = 21> <II = 12> <Delay = 3.71> <FuncUnit> <Opcode : 'sdiv' 'srem' 'udiv' 'urem'> <InPorts = 2> <OutPorts = 1>

State 30 <SV = 25> <Delay = 6.03>
ST_30 : Operation 100 [1/1] (0.00ns)   --->   "call void (...)* @_ssdm_op_SpecLoopName([16 x i8]* @p_str214) nounwind" [cnn_ap_type/dense_out.cpp:28]   --->   Operation 100 'specloopname' <Predicate = true> <Delay = 0.00>
ST_30 : Operation 101 [1/22] (3.71ns)   --->   "%sdiv_ln1148 = sdiv i18 %t_V, %sext_ln27" [cnn_ap_type/dense_out.cpp:29]   --->   Operation 101 'sdiv' 'sdiv_ln1148' <Predicate = true> <Delay = 3.71> <Core = "DivnS_SEQ">   --->   Core 24 'DivnS_SEQ' <Latency = 21> <II = 12> <Delay = 3.71> <FuncUnit> <Opcode : 'sdiv' 'srem' 'udiv' 'urem'> <InPorts = 2> <OutPorts = 1>
ST_30 : Operation 102 [1/1] (0.00ns)   --->   "%trunc_ln703 = trunc i18 %sdiv_ln1148 to i12" [cnn_ap_type/dense_out.cpp:29]   --->   Operation 102 'trunc' 'trunc_ln703' <Predicate = true> <Delay = 0.00>
ST_30 : Operation 103 [1/1] (0.00ns)   --->   "%prediction_V_addr = getelementptr [10 x i12]* %prediction_V, i64 0, i64 %zext_ln29" [cnn_ap_type/dense_out.cpp:29]   --->   Operation 103 'getelementptr' 'prediction_V_addr' <Predicate = true> <Delay = 0.00>
ST_30 : Operation 104 [1/1] (2.32ns)   --->   "store i12 %trunc_ln703, i12* %prediction_V_addr, align 2" [cnn_ap_type/dense_out.cpp:29]   --->   Operation 104 'store' <Predicate = true> <Delay = 2.32> <Core = "RAM">   --->   Core 37 'RAM' <Latency = 1> <II = 1> <Delay = 2.32> <Storage> <Opcode : 'load' 'store'> <Ports = 2> <Width = 12> <Depth = 10> <RAM>
ST_30 : Operation 105 [1/1] (0.00ns)   --->   "br label %.preheader" [cnn_ap_type/dense_out.cpp:27]   --->   Operation 105 'br' <Predicate = true> <Delay = 0.00>


============================================================
+ Verbose Summary: Binding
============================================================
STG Binding: 
---------------- STG Properties BEGIN ----------------
- Is combinational: 0
- Is one-state seq: 0
- Is datapath-only: 0
- Is pipelined: 0
- Is top level: 0
Port [ Return ] is wired: 1; IO mode=ap_ctrl_hs:ce=0
Port [ dense_array_V]:  wired=1; compound=1; hidden=0; nouse=0; global=0; static=0; extern=0; dir=2; type=1; pingpong=0; private_global=0; MemPort=[23]; IO mode=ap_memory:ce=0
Port [ prediction_V]:  wired=1; compound=1; hidden=0; nouse=0; global=0; static=0; extern=0; dir=1; type=1; pingpong=0; private_global=0; MemPort=[03]; IO mode=ap_memory:ce=0
Port [ exp_x_msb_2_m_1_tabl]:  wired=0; compound=1; hidden=1; nouse=1; global=1; static=1; extern=0; dir=0; type=1; pingpong=0; private_global=0; linkage=7; visibility=0; MemPort=[1]; IO mode=ap_memory:ce=0
Port [ exp_x_msb_1_table_V]:  wired=0; compound=1; hidden=1; nouse=1; global=1; static=1; extern=0; dir=0; type=1; pingpong=0; private_global=0; linkage=7; visibility=0; MemPort=[1]; IO mode=ap_memory:ce=0
---------------- STG Properties END ------------------

---------------- Datapath Model BEGIN ----------------

<LifeTime>
<method=bitvector/>
br_ln12              (br               ) [ 0111000000000000000000000000000]
p_Val2_1             (phi              ) [ 0011000000000000000000000000000]
m_0                  (phi              ) [ 0010000000000000000000000000000]
icmp_ln12            (icmp             ) [ 0011000000000000000000000000000]
empty                (speclooptripcount) [ 0000000000000000000000000000000]
m                    (add              ) [ 0111000000000000000000000000000]
br_ln12              (br               ) [ 0000000000000000000000000000000]
zext_ln13            (zext             ) [ 0000000000000000000000000000000]
dense_array_V_addr   (getelementptr    ) [ 0001000000000000000000000000000]
rhs_V                (sext             ) [ 0000111100000000000000000000000]
br_ln20              (br               ) [ 0011111100000000000000000000000]
max_V                (load             ) [ 0000000000000000000000000000000]
icmp_ln1495          (icmp             ) [ 0000000000000000000000000000000]
select_ln13          (select           ) [ 0111000000000000000000000000000]
br_ln12              (br               ) [ 0111000000000000000000000000000]
p_Val2_3             (phi              ) [ 0000111000000000000000000000000]
i_0                  (phi              ) [ 0000100000000000000000000000000]
icmp_ln20            (icmp             ) [ 0000111100000000000000000000000]
empty_28             (speclooptripcount) [ 0000000000000000000000000000000]
i                    (add              ) [ 0010111100000000000000000000000]
br_ln20              (br               ) [ 0000000000000000000000000000000]
zext_ln22            (zext             ) [ 0000000000000000000000000000000]
dense_array_V_addr_1 (getelementptr    ) [ 0000011100000000000000000000000]
sext_ln27            (sext             ) [ 0000000011111111111111111111111]
br_ln27              (br               ) [ 0000111111111111111111111111111]
p_Val2_s             (load             ) [ 0000000000000000000000000000000]
lhs_V                (sext             ) [ 0000000000000000000000000000000]
ret_V                (sub              ) [ 0000000000000000000000000000000]
p_Val2_2             (call             ) [ 0000000000000000000000000000000]
p_Val2_4             (trunc            ) [ 0000000100000000000000000000000]
sum_V                (add              ) [ 0010100100000000000000000000000]
specloopname_ln21    (specloopname     ) [ 0000000000000000000000000000000]
store_ln22           (store            ) [ 0000000000000000000000000000000]
br_ln20              (br               ) [ 0010111100000000000000000000000]
j_0                  (phi              ) [ 0000000010000000000000000000000]
icmp_ln27            (icmp             ) [ 0000000011111111111111111111111]
empty_29             (speclooptripcount) [ 0000000000000000000000000000000]
j                    (add              ) [ 0000100011111111111111111111111]
br_ln27              (br               ) [ 0000000000000000000000000000000]
zext_ln29            (zext             ) [ 0000000001111111111111111111111]
dense_array_V_addr_2 (getelementptr    ) [ 0000000001000000000000000000000]
ret_ln32             (ret              ) [ 0000000000000000000000000000000]
p_Val2_5             (load             ) [ 0000000000000000000000000000000]
t_V                  (bitconcatenate   ) [ 0000000000111111111111111111111]
specloopname_ln28    (specloopname     ) [ 0000000000000000000000000000000]
sdiv_ln1148          (sdiv             ) [ 0000000000000000000000000000000]
trunc_ln703          (trunc            ) [ 0000000000000000000000000000000]
prediction_V_addr    (getelementptr    ) [ 0000000000000000000000000000000]
store_ln29           (store            ) [ 0000000000000000000000000000000]
br_ln27              (br               ) [ 0000100011111111111111111111111]
</LifeTime>

<model>

<comp_list>
<comp id="0" class="1000" name="dense_array_V">
<pin_list>
<pin id="1" dir="1" index="0" bw="1" slack="0"/>
</pin_list>
<bind>
<StgValue><ssdm name="dense_array_V"/><MemPortTyVec>2 3 </MemPortTyVec>
</StgValue>
</bind>
</comp>

<comp id="2" class="1000" name="prediction_V">
<pin_list>
<pin id="3" dir="1" index="0" bw="1" slack="0"/>
</pin_list>
<bind>
<StgValue><ssdm name="prediction_V"/><MemPortTyVec>0 3 </MemPortTyVec>
</StgValue>
</bind>
</comp>

<comp id="4" class="1000" name="exp_x_msb_2_m_1_tabl">
<pin_list>
<pin id="5" dir="1" index="0" bw="1" slack="0"/>
</pin_list>
<bind>
<StgValue><ssdm name="exp_x_msb_2_m_1_tabl"/><MemPortTyVec>1 </MemPortTyVec>
</StgValue>
</bind>
</comp>

<comp id="6" class="1000" name="exp_x_msb_1_table_V">
<pin_list>
<pin id="7" dir="1" index="0" bw="1" slack="0"/>
</pin_list>
<bind>
<StgValue><ssdm name="exp_x_msb_1_table_V"/><MemPortTyVec>1 </MemPortTyVec>
</StgValue>
</bind>
</comp>

<comp id="8" class="1001" name="const_8">
<pin_list>
<pin id="9" dir="1" index="0" bw="1" slack="1"/>
</pin_list>
<bind>
<StgValue><ssdm name=""/></StgValue>
</bind>
</comp>

<comp id="10" class="1001" name="const_10">
<pin_list>
<pin id="11" dir="1" index="0" bw="1" slack="1"/>
</pin_list>
<bind>
<StgValue><ssdm name=""/></StgValue>
</bind>
</comp>

<comp id="12" class="1001" name="const_12">
<pin_list>
<pin id="13" dir="1" index="0" bw="1" slack="0"/>
</pin_list>
<bind>
<StgValue><ssdm name=""/></StgValue>
</bind>
</comp>

<comp id="14" class="1001" name="const_14">
<pin_list>
<pin id="15" dir="1" index="0" bw="1" slack="2147483647"/>
</pin_list>
<bind>
<StgValue><ssdm name="_ssdm_op_SpecLoopTripCount"/></StgValue>
</bind>
</comp>

<comp id="16" class="1001" name="const_16">
<pin_list>
<pin id="17" dir="1" index="0" bw="1" slack="2147483647"/>
</pin_list>
<bind>
<StgValue><ssdm name=""/></StgValue>
</bind>
</comp>

<comp id="18" class="1001" name="const_18">
<pin_list>
<pin id="19" dir="1" index="0" bw="1" slack="0"/>
</pin_list>
<bind>
<StgValue><ssdm name=""/></StgValue>
</bind>
</comp>

<comp id="20" class="1001" name="const_20">
<pin_list>
<pin id="21" dir="1" index="0" bw="1" slack="0"/>
</pin_list>
<bind>
<StgValue><ssdm name=""/></StgValue>
</bind>
</comp>

<comp id="22" class="1001" name="const_22">
<pin_list>
<pin id="23" dir="1" index="0" bw="1" slack="0"/>
</pin_list>
<bind>
<StgValue><ssdm name="exp<13, 7>"/></StgValue>
</bind>
</comp>

<comp id="24" class="1001" name="const_24">
<pin_list>
<pin id="25" dir="1" index="0" bw="1" slack="2147483647"/>
</pin_list>
<bind>
<StgValue><ssdm name="_ssdm_op_SpecLoopName"/></StgValue>
</bind>
</comp>

<comp id="26" class="1001" name="const_26">
<pin_list>
<pin id="27" dir="1" index="0" bw="1" slack="2147483647"/>
</pin_list>
<bind>
<StgValue><ssdm name="p_str13"/></StgValue>
</bind>
</comp>

<comp id="28" class="1001" name="const_28">
<pin_list>
<pin id="29" dir="1" index="0" bw="1" slack="0"/>
</pin_list>
<bind>
<StgValue><ssdm name="_ssdm_op_BitConcatenate.i18.i12.i6"/></StgValue>
</bind>
</comp>

<comp id="30" class="1001" name="const_30">
<pin_list>
<pin id="31" dir="1" index="0" bw="1" slack="0"/>
</pin_list>
<bind>
<StgValue><ssdm name=""/></StgValue>
</bind>
</comp>

<comp id="32" class="1001" name="const_32">
<pin_list>
<pin id="33" dir="1" index="0" bw="1" slack="2147483647"/>
</pin_list>
<bind>
<StgValue><ssdm name="p_str214"/></StgValue>
</bind>
</comp>

<comp id="34" class="1004" name="dense_array_V_addr_gep_fu_34">
<pin_list>
<pin id="35" dir="0" index="0" bw="12" slack="0"/>
<pin id="36" dir="0" index="1" bw="1" slack="0"/>
<pin id="37" dir="0" index="2" bw="4" slack="0"/>
<pin id="38" dir="1" index="3" bw="4" slack="0"/>
</pin_list>
<bind>
<opcode="getelementptr(29) " fcode="getelementptr"/>
<opset="dense_array_V_addr/2 "/>
</bind>
</comp>

<comp id="41" class="1004" name="grp_access_fu_41">
<pin_list>
<pin id="42" dir="0" index="0" bw="4" slack="0"/>
<pin id="43" dir="0" index="1" bw="12" slack="1"/>
<pin id="44" dir="0" index="2" bw="0" slack="2147483647"/>
<pin id="45" dir="1" index="3" bw="12" slack="0"/>
</pin_list>
<bind>
<opcode="load(27) store(28) " fcode="load"/>
<opset="max_V/2 p_Val2_s/4 store_ln22/7 p_Val2_5/8 "/>
</bind>
</comp>

<comp id="47" class="1004" name="dense_array_V_addr_1_gep_fu_47">
<pin_list>
<pin id="48" dir="0" index="0" bw="12" slack="0"/>
<pin id="49" dir="0" index="1" bw="1" slack="0"/>
<pin id="50" dir="0" index="2" bw="4" slack="0"/>
<pin id="51" dir="1" index="3" bw="4" slack="0"/>
</pin_list>
<bind>
<opcode="getelementptr(29) " fcode="getelementptr"/>
<opset="dense_array_V_addr_1/4 "/>
</bind>
</comp>

<comp id="55" class="1004" name="dense_array_V_addr_2_gep_fu_55">
<pin_list>
<pin id="56" dir="0" index="0" bw="12" slack="0"/>
<pin id="57" dir="0" index="1" bw="1" slack="0"/>
<pin id="58" dir="0" index="2" bw="4" slack="0"/>
<pin id="59" dir="1" index="3" bw="4" slack="0"/>
</pin_list>
<bind>
<opcode="getelementptr(29) " fcode="getelementptr"/>
<opset="dense_array_V_addr_2/8 "/>
</bind>
</comp>

<comp id="63" class="1004" name="prediction_V_addr_gep_fu_63">
<pin_list>
<pin id="64" dir="0" index="0" bw="12" slack="0"/>
<pin id="65" dir="0" index="1" bw="1" slack="0"/>
<pin id="66" dir="0" index="2" bw="4" slack="22"/>
<pin id="67" dir="1" index="3" bw="4" slack="0"/>
</pin_list>
<bind>
<opcode="getelementptr(29) " fcode="getelementptr"/>
<opset="prediction_V_addr/30 "/>
</bind>
</comp>

<comp id="70" class="1004" name="store_ln29_access_fu_70">
<pin_list>
<pin id="71" dir="0" index="0" bw="4" slack="0"/>
<pin id="72" dir="0" index="1" bw="12" slack="0"/>
<pin id="73" dir="0" index="2" bw="0" slack="2147483647"/>
<pin id="74" dir="1" index="3" bw="12" slack="2147483647"/>
</pin_list>
<bind>
<opcode="store(28) " fcode="store"/>
<opset="store_ln29/30 "/>
</bind>
</comp>

<comp id="76" class="1005" name="p_Val2_1_reg_76">
<pin_list>
<pin id="77" dir="0" index="0" bw="12" slack="1"/>
<pin id="78" dir="1" index="1" bw="12" slack="1"/>
</pin_list>
<bind>
<opset="p_Val2_1 (phireg) "/>
</bind>
</comp>

<comp id="80" class="1004" name="p_Val2_1_phi_fu_80">
<pin_list>
<pin id="81" dir="0" index="0" bw="1" slack="1"/>
<pin id="82" dir="0" index="1" bw="0" slack="2147483647"/>
<pin id="83" dir="0" index="2" bw="12" slack="1"/>
<pin id="84" dir="0" index="3" bw="0" slack="2147483647"/>
<pin id="85" dir="1" index="4" bw="12" slack="0"/>
</pin_list>
<bind>
<opcode="phi(47) " fcode="phi"/>
<opset="p_Val2_1/2 "/>
</bind>
</comp>

<comp id="88" class="1005" name="m_0_reg_88">
<pin_list>
<pin id="89" dir="0" index="0" bw="4" slack="1"/>
<pin id="90" dir="1" index="1" bw="4" slack="1"/>
</pin_list>
<bind>
<opset="m_0 (phireg) "/>
</bind>
</comp>

<comp id="92" class="1004" name="m_0_phi_fu_92">
<pin_list>
<pin id="93" dir="0" index="0" bw="1" slack="1"/>
<pin id="94" dir="0" index="1" bw="0" slack="2147483647"/>
<pin id="95" dir="0" index="2" bw="4" slack="0"/>
<pin id="96" dir="0" index="3" bw="0" slack="2147483647"/>
<pin id="97" dir="1" index="4" bw="4" slack="0"/>
</pin_list>
<bind>
<opcode="phi(47) " fcode="phi"/>
<opset="m_0/2 "/>
</bind>
</comp>

<comp id="99" class="1005" name="p_Val2_3_reg_99">
<pin_list>
<pin id="100" dir="0" index="0" bw="12" slack="1"/>
<pin id="101" dir="1" index="1" bw="12" slack="1"/>
</pin_list>
<bind>
<opset="p_Val2_3 (phireg) "/>
</bind>
</comp>

<comp id="103" class="1004" name="p_Val2_3_phi_fu_103">
<pin_list>
<pin id="104" dir="0" index="0" bw="1" slack="1"/>
<pin id="105" dir="0" index="1" bw="0" slack="2147483647"/>
<pin id="106" dir="0" index="2" bw="12" slack="1"/>
<pin id="107" dir="0" index="3" bw="0" slack="2147483647"/>
<pin id="108" dir="1" index="4" bw="12" slack="0"/>
</pin_list>
<bind>
<opcode="phi(47) " fcode="phi"/>
<opset="p_Val2_3/4 "/>
</bind>
</comp>

<comp id="111" class="1005" name="i_0_reg_111">
<pin_list>
<pin id="112" dir="0" index="0" bw="4" slack="1"/>
<pin id="113" dir="1" index="1" bw="4" slack="1"/>
</pin_list>
<bind>
<opset="i_0 (phireg) "/>
</bind>
</comp>

<comp id="115" class="1004" name="i_0_phi_fu_115">
<pin_list>
<pin id="116" dir="0" index="0" bw="1" slack="1"/>
<pin id="117" dir="0" index="1" bw="0" slack="2147483647"/>
<pin id="118" dir="0" index="2" bw="4" slack="0"/>
<pin id="119" dir="0" index="3" bw="0" slack="2147483647"/>
<pin id="120" dir="1" index="4" bw="4" slack="0"/>
</pin_list>
<bind>
<opcode="phi(47) " fcode="phi"/>
<opset="i_0/4 "/>
</bind>
</comp>

<comp id="122" class="1005" name="j_0_reg_122">
<pin_list>
<pin id="123" dir="0" index="0" bw="4" slack="1"/>
<pin id="124" dir="1" index="1" bw="4" slack="1"/>
</pin_list>
<bind>
<opset="j_0 (phireg) "/>
</bind>
</comp>

<comp id="126" class="1004" name="j_0_phi_fu_126">
<pin_list>
<pin id="127" dir="0" index="0" bw="4" slack="0"/>
<pin id="128" dir="0" index="1" bw="0" slack="2147483647"/>
<pin id="129" dir="0" index="2" bw="1" slack="1"/>
<pin id="130" dir="0" index="3" bw="0" slack="2147483647"/>
<pin id="131" dir="1" index="4" bw="4" slack="0"/>
</pin_list>
<bind>
<opcode="phi(47) " fcode="phi"/>
<opset="j_0/8 "/>
</bind>
</comp>

<comp id="133" class="1004" name="grp_exp_13_7_s_fu_133">
<pin_list>
<pin id="134" dir="0" index="0" bw="13" slack="0"/>
<pin id="135" dir="0" index="1" bw="13" slack="0"/>
<pin id="136" dir="0" index="2" bw="25" slack="0"/>
<pin id="137" dir="0" index="3" bw="25" slack="0"/>
<pin id="138" dir="1" index="4" bw="13" slack="0"/>
</pin_list>
<bind>
<opcode="call(48) " fcode="call"/>
<opset="p_Val2_2/5 "/>
</bind>
</comp>

<comp id="142" class="1004" name="icmp_ln12_fu_142">
<pin_list>
<pin id="143" dir="0" index="0" bw="4" slack="0"/>
<pin id="144" dir="0" index="1" bw="4" slack="0"/>
<pin id="145" dir="1" index="2" bw="1" slack="2147483647"/>
</pin_list>
<bind>
<opcode="icmp(45) " fcode="icmp"/>
<opset="icmp_ln12/2 "/>
</bind>
</comp>

<comp id="148" class="1004" name="m_fu_148">
<pin_list>
<pin id="149" dir="0" index="0" bw="4" slack="0"/>
<pin id="150" dir="0" index="1" bw="1" slack="0"/>
<pin id="151" dir="1" index="2" bw="4" slack="0"/>
</pin_list>
<bind>
<opcode="add(8) " fcode="add"/>
<opset="m/2 "/>
</bind>
</comp>

<comp id="154" class="1004" name="zext_ln13_fu_154">
<pin_list>
<pin id="155" dir="0" index="0" bw="4" slack="0"/>
<pin id="156" dir="1" index="1" bw="64" slack="0"/>
</pin_list>
<bind>
<opcode="zext(34) " fcode="zext"/>
<opset="zext_ln13/2 "/>
</bind>
</comp>

<comp id="159" class="1004" name="rhs_V_fu_159">
<pin_list>
<pin id="160" dir="0" index="0" bw="12" slack="0"/>
<pin id="161" dir="1" index="1" bw="13" slack="2"/>
</pin_list>
<bind>
<opcode="sext(35) " fcode="sext"/>
<opset="rhs_V/2 "/>
</bind>
</comp>

<comp id="163" class="1004" name="icmp_ln1495_fu_163">
<pin_list>
<pin id="164" dir="0" index="0" bw="12" slack="1"/>
<pin id="165" dir="0" index="1" bw="12" slack="0"/>
<pin id="166" dir="1" index="2" bw="1" slack="0"/>
</pin_list>
<bind>
<opcode="icmp(45) " fcode="icmp"/>
<opset="icmp_ln1495/3 "/>
</bind>
</comp>

<comp id="169" class="1004" name="select_ln13_fu_169">
<pin_list>
<pin id="170" dir="0" index="0" bw="1" slack="0"/>
<pin id="171" dir="0" index="1" bw="12" slack="0"/>
<pin id="172" dir="0" index="2" bw="12" slack="1"/>
<pin id="173" dir="1" index="3" bw="12" slack="1"/>
</pin_list>
<bind>
<opcode="select(49) " fcode="select"/>
<opset="select_ln13/3 "/>
</bind>
</comp>

<comp id="177" class="1004" name="icmp_ln20_fu_177">
<pin_list>
<pin id="178" dir="0" index="0" bw="4" slack="0"/>
<pin id="179" dir="0" index="1" bw="4" slack="0"/>
<pin id="180" dir="1" index="2" bw="1" slack="2147483647"/>
</pin_list>
<bind>
<opcode="icmp(45) " fcode="icmp"/>
<opset="icmp_ln20/4 "/>
</bind>
</comp>

<comp id="183" class="1004" name="i_fu_183">
<pin_list>
<pin id="184" dir="0" index="0" bw="4" slack="0"/>
<pin id="185" dir="0" index="1" bw="1" slack="0"/>
<pin id="186" dir="1" index="2" bw="4" slack="0"/>
</pin_list>
<bind>
<opcode="add(8) " fcode="add"/>
<opset="i/4 "/>
</bind>
</comp>

<comp id="189" class="1004" name="zext_ln22_fu_189">
<pin_list>
<pin id="190" dir="0" index="0" bw="4" slack="0"/>
<pin id="191" dir="1" index="1" bw="64" slack="0"/>
</pin_list>
<bind>
<opcode="zext(34) " fcode="zext"/>
<opset="zext_ln22/4 "/>
</bind>
</comp>

<comp id="194" class="1004" name="sext_ln27_fu_194">
<pin_list>
<pin id="195" dir="0" index="0" bw="12" slack="0"/>
<pin id="196" dir="1" index="1" bw="18" slack="2"/>
</pin_list>
<bind>
<opcode="sext(35) " fcode="sext"/>
<opset="sext_ln27/4 "/>
</bind>
</comp>

<comp id="198" class="1004" name="lhs_V_fu_198">
<pin_list>
<pin id="199" dir="0" index="0" bw="12" slack="0"/>
<pin id="200" dir="1" index="1" bw="13" slack="0"/>
</pin_list>
<bind>
<opcode="sext(35) " fcode="sext"/>
<opset="lhs_V/5 "/>
</bind>
</comp>

<comp id="202" class="1004" name="ret_V_fu_202">
<pin_list>
<pin id="203" dir="0" index="0" bw="12" slack="0"/>
<pin id="204" dir="0" index="1" bw="12" slack="2"/>
<pin id="205" dir="1" index="2" bw="13" slack="0"/>
</pin_list>
<bind>
<opcode="sub(10) " fcode="sub"/>
<opset="ret_V/5 "/>
</bind>
</comp>

<comp id="208" class="1004" name="p_Val2_4_fu_208">
<pin_list>
<pin id="209" dir="0" index="0" bw="13" slack="0"/>
<pin id="210" dir="1" index="1" bw="12" slack="0"/>
</pin_list>
<bind>
<opcode="trunc(33) " fcode="trunc"/>
<opset="p_Val2_4/6 "/>
</bind>
</comp>

<comp id="212" class="1004" name="sum_V_fu_212">
<pin_list>
<pin id="213" dir="0" index="0" bw="12" slack="0"/>
<pin id="214" dir="0" index="1" bw="12" slack="2"/>
<pin id="215" dir="1" index="2" bw="12" slack="1"/>
</pin_list>
<bind>
<opcode="add(8) " fcode="add"/>
<opset="sum_V/6 "/>
</bind>
</comp>

<comp id="218" class="1004" name="icmp_ln27_fu_218">
<pin_list>
<pin id="219" dir="0" index="0" bw="4" slack="0"/>
<pin id="220" dir="0" index="1" bw="4" slack="0"/>
<pin id="221" dir="1" index="2" bw="1" slack="2147483647"/>
</pin_list>
<bind>
<opcode="icmp(45) " fcode="icmp"/>
<opset="icmp_ln27/8 "/>
</bind>
</comp>

<comp id="224" class="1004" name="j_fu_224">
<pin_list>
<pin id="225" dir="0" index="0" bw="4" slack="0"/>
<pin id="226" dir="0" index="1" bw="1" slack="0"/>
<pin id="227" dir="1" index="2" bw="4" slack="0"/>
</pin_list>
<bind>
<opcode="add(8) " fcode="add"/>
<opset="j/8 "/>
</bind>
</comp>

<comp id="230" class="1004" name="zext_ln29_fu_230">
<pin_list>
<pin id="231" dir="0" index="0" bw="4" slack="0"/>
<pin id="232" dir="1" index="1" bw="64" slack="0"/>
</pin_list>
<bind>
<opcode="zext(34) " fcode="zext"/>
<opset="zext_ln29/8 "/>
</bind>
</comp>

<comp id="235" class="1004" name="t_V_fu_235">
<pin_list>
<pin id="236" dir="0" index="0" bw="18" slack="0"/>
<pin id="237" dir="0" index="1" bw="12" slack="0"/>
<pin id="238" dir="0" index="2" bw="1" slack="0"/>
<pin id="239" dir="1" index="3" bw="18" slack="0"/>
</pin_list>
<bind>
<opcode="bitconcatenate(1004) " fcode="bitconcatenate"/>
<opset="t_V/9 "/>
</bind>
</comp>

<comp id="243" class="1004" name="grp_fu_243">
<pin_list>
<pin id="244" dir="0" index="0" bw="18" slack="0"/>
<pin id="245" dir="0" index="1" bw="12" slack="2"/>
<pin id="246" dir="1" index="2" bw="12" slack="0"/>
</pin_list>
<bind>
<opcode="sdiv(15) " fcode="sdiv"/>
<opset="sdiv_ln1148/9 "/>
</bind>
</comp>

<comp id="248" class="1004" name="trunc_ln703_fu_248">
<pin_list>
<pin id="249" dir="0" index="0" bw="12" slack="0"/>
<pin id="250" dir="1" index="1" bw="12" slack="0"/>
</pin_list>
<bind>
<opcode="trunc(33) " fcode="trunc"/>
<opset="trunc_ln703/30 "/>
</bind>
</comp>

<comp id="256" class="1005" name="m_reg_256">
<pin_list>
<pin id="257" dir="0" index="0" bw="4" slack="0"/>
<pin id="258" dir="1" index="1" bw="4" slack="0"/>
</pin_list>
<bind>
<opset="m "/>
</bind>
</comp>

<comp id="261" class="1005" name="dense_array_V_addr_reg_261">
<pin_list>
<pin id="262" dir="0" index="0" bw="4" slack="1"/>
<pin id="263" dir="1" index="1" bw="4" slack="1"/>
</pin_list>
<bind>
<opset="dense_array_V_addr "/>
</bind>
</comp>

<comp id="266" class="1005" name="rhs_V_reg_266">
<pin_list>
<pin id="267" dir="0" index="0" bw="13" slack="2"/>
<pin id="268" dir="1" index="1" bw="13" slack="2"/>
</pin_list>
<bind>
<opset="rhs_V "/>
</bind>
</comp>

<comp id="271" class="1005" name="select_ln13_reg_271">
<pin_list>
<pin id="272" dir="0" index="0" bw="12" slack="1"/>
<pin id="273" dir="1" index="1" bw="12" slack="1"/>
</pin_list>
<bind>
<opset="select_ln13 "/>
</bind>
</comp>

<comp id="279" class="1005" name="i_reg_279">
<pin_list>
<pin id="280" dir="0" index="0" bw="4" slack="0"/>
<pin id="281" dir="1" index="1" bw="4" slack="0"/>
</pin_list>
<bind>
<opset="i "/>
</bind>
</comp>

<comp id="284" class="1005" name="dense_array_V_addr_1_reg_284">
<pin_list>
<pin id="285" dir="0" index="0" bw="4" slack="1"/>
<pin id="286" dir="1" index="1" bw="4" slack="1"/>
</pin_list>
<bind>
<opset="dense_array_V_addr_1 "/>
</bind>
</comp>

<comp id="289" class="1005" name="sext_ln27_reg_289">
<pin_list>
<pin id="290" dir="0" index="0" bw="18" slack="2"/>
<pin id="291" dir="1" index="1" bw="18" slack="2"/>
</pin_list>
<bind>
<opset="sext_ln27 "/>
</bind>
</comp>

<comp id="294" class="1005" name="p_Val2_4_reg_294">
<pin_list>
<pin id="295" dir="0" index="0" bw="12" slack="1"/>
<pin id="296" dir="1" index="1" bw="12" slack="1"/>
</pin_list>
<bind>
<opset="p_Val2_4 "/>
</bind>
</comp>

<comp id="299" class="1005" name="sum_V_reg_299">
<pin_list>
<pin id="300" dir="0" index="0" bw="12" slack="1"/>
<pin id="301" dir="1" index="1" bw="12" slack="1"/>
</pin_list>
<bind>
<opset="sum_V "/>
</bind>
</comp>

<comp id="307" class="1005" name="j_reg_307">
<pin_list>
<pin id="308" dir="0" index="0" bw="4" slack="0"/>
<pin id="309" dir="1" index="1" bw="4" slack="0"/>
</pin_list>
<bind>
<opset="j "/>
</bind>
</comp>

<comp id="312" class="1005" name="zext_ln29_reg_312">
<pin_list>
<pin id="313" dir="0" index="0" bw="64" slack="22"/>
<pin id="314" dir="1" index="1" bw="64" slack="22"/>
</pin_list>
<bind>
<opset="zext_ln29 "/>
</bind>
</comp>

<comp id="317" class="1005" name="dense_array_V_addr_2_reg_317">
<pin_list>
<pin id="318" dir="0" index="0" bw="4" slack="1"/>
<pin id="319" dir="1" index="1" bw="4" slack="1"/>
</pin_list>
<bind>
<opset="dense_array_V_addr_2 "/>
</bind>
</comp>

<comp id="322" class="1005" name="t_V_reg_322">
<pin_list>
<pin id="323" dir="0" index="0" bw="18" slack="1"/>
<pin id="324" dir="1" index="1" bw="18" slack="1"/>
</pin_list>
<bind>
<opset="t_V "/>
</bind>
</comp>

</comp_list>

<net_list>
<net id="39"><net_src comp="0" pin="0"/><net_sink comp="34" pin=0"/></net>

<net id="40"><net_src comp="20" pin="0"/><net_sink comp="34" pin=1"/></net>

<net id="46"><net_src comp="34" pin="3"/><net_sink comp="41" pin=0"/></net>

<net id="52"><net_src comp="0" pin="0"/><net_sink comp="47" pin=0"/></net>

<net id="53"><net_src comp="20" pin="0"/><net_sink comp="47" pin=1"/></net>

<net id="54"><net_src comp="47" pin="3"/><net_sink comp="41" pin=0"/></net>

<net id="60"><net_src comp="0" pin="0"/><net_sink comp="55" pin=0"/></net>

<net id="61"><net_src comp="20" pin="0"/><net_sink comp="55" pin=1"/></net>

<net id="62"><net_src comp="55" pin="3"/><net_sink comp="41" pin=0"/></net>

<net id="68"><net_src comp="2" pin="0"/><net_sink comp="63" pin=0"/></net>

<net id="69"><net_src comp="20" pin="0"/><net_sink comp="63" pin=1"/></net>

<net id="75"><net_src comp="63" pin="3"/><net_sink comp="70" pin=0"/></net>

<net id="79"><net_src comp="8" pin="0"/><net_sink comp="76" pin=0"/></net>

<net id="86"><net_src comp="76" pin="1"/><net_sink comp="80" pin=0"/></net>

<net id="87"><net_src comp="80" pin="4"/><net_sink comp="76" pin=0"/></net>

<net id="91"><net_src comp="10" pin="0"/><net_sink comp="88" pin=0"/></net>

<net id="98"><net_src comp="88" pin="1"/><net_sink comp="92" pin=0"/></net>

<net id="102"><net_src comp="8" pin="0"/><net_sink comp="99" pin=0"/></net>

<net id="109"><net_src comp="99" pin="1"/><net_sink comp="103" pin=0"/></net>

<net id="110"><net_src comp="103" pin="4"/><net_sink comp="99" pin=0"/></net>

<net id="114"><net_src comp="10" pin="0"/><net_sink comp="111" pin=0"/></net>

<net id="121"><net_src comp="111" pin="1"/><net_sink comp="115" pin=0"/></net>

<net id="125"><net_src comp="10" pin="0"/><net_sink comp="122" pin=0"/></net>

<net id="132"><net_src comp="122" pin="1"/><net_sink comp="126" pin=2"/></net>

<net id="139"><net_src comp="22" pin="0"/><net_sink comp="133" pin=0"/></net>

<net id="140"><net_src comp="4" pin="0"/><net_sink comp="133" pin=2"/></net>

<net id="141"><net_src comp="6" pin="0"/><net_sink comp="133" pin=3"/></net>

<net id="146"><net_src comp="92" pin="4"/><net_sink comp="142" pin=0"/></net>

<net id="147"><net_src comp="12" pin="0"/><net_sink comp="142" pin=1"/></net>

<net id="152"><net_src comp="92" pin="4"/><net_sink comp="148" pin=0"/></net>

<net id="153"><net_src comp="18" pin="0"/><net_sink comp="148" pin=1"/></net>

<net id="157"><net_src comp="92" pin="4"/><net_sink comp="154" pin=0"/></net>

<net id="158"><net_src comp="154" pin="1"/><net_sink comp="34" pin=2"/></net>

<net id="162"><net_src comp="80" pin="4"/><net_sink comp="159" pin=0"/></net>

<net id="167"><net_src comp="76" pin="1"/><net_sink comp="163" pin=0"/></net>

<net id="168"><net_src comp="41" pin="3"/><net_sink comp="163" pin=1"/></net>

<net id="174"><net_src comp="163" pin="2"/><net_sink comp="169" pin=0"/></net>

<net id="175"><net_src comp="41" pin="3"/><net_sink comp="169" pin=1"/></net>

<net id="176"><net_src comp="76" pin="1"/><net_sink comp="169" pin=2"/></net>

<net id="181"><net_src comp="115" pin="4"/><net_sink comp="177" pin=0"/></net>

<net id="182"><net_src comp="12" pin="0"/><net_sink comp="177" pin=1"/></net>

<net id="187"><net_src comp="115" pin="4"/><net_sink comp="183" pin=0"/></net>

<net id="188"><net_src comp="18" pin="0"/><net_sink comp="183" pin=1"/></net>

<net id="192"><net_src comp="115" pin="4"/><net_sink comp="189" pin=0"/></net>

<net id="193"><net_src comp="189" pin="1"/><net_sink comp="47" pin=2"/></net>

<net id="197"><net_src comp="103" pin="4"/><net_sink comp="194" pin=0"/></net>

<net id="201"><net_src comp="41" pin="3"/><net_sink comp="198" pin=0"/></net>

<net id="206"><net_src comp="198" pin="1"/><net_sink comp="202" pin=0"/></net>

<net id="207"><net_src comp="202" pin="2"/><net_sink comp="133" pin=1"/></net>

<net id="211"><net_src comp="133" pin="4"/><net_sink comp="208" pin=0"/></net>

<net id="216"><net_src comp="208" pin="1"/><net_sink comp="212" pin=0"/></net>

<net id="217"><net_src comp="99" pin="1"/><net_sink comp="212" pin=1"/></net>

<net id="222"><net_src comp="126" pin="4"/><net_sink comp="218" pin=0"/></net>

<net id="223"><net_src comp="12" pin="0"/><net_sink comp="218" pin=1"/></net>

<net id="228"><net_src comp="126" pin="4"/><net_sink comp="224" pin=0"/></net>

<net id="229"><net_src comp="18" pin="0"/><net_sink comp="224" pin=1"/></net>

<net id="233"><net_src comp="126" pin="4"/><net_sink comp="230" pin=0"/></net>

<net id="234"><net_src comp="230" pin="1"/><net_sink comp="55" pin=2"/></net>

<net id="240"><net_src comp="28" pin="0"/><net_sink comp="235" pin=0"/></net>

<net id="241"><net_src comp="41" pin="3"/><net_sink comp="235" pin=1"/></net>

<net id="242"><net_src comp="30" pin="0"/><net_sink comp="235" pin=2"/></net>

<net id="247"><net_src comp="235" pin="3"/><net_sink comp="243" pin=0"/></net>

<net id="251"><net_src comp="243" pin="2"/><net_sink comp="248" pin=0"/></net>

<net id="252"><net_src comp="248" pin="1"/><net_sink comp="70" pin=1"/></net>

<net id="259"><net_src comp="148" pin="2"/><net_sink comp="256" pin=0"/></net>

<net id="260"><net_src comp="256" pin="1"/><net_sink comp="92" pin=2"/></net>

<net id="264"><net_src comp="34" pin="3"/><net_sink comp="261" pin=0"/></net>

<net id="265"><net_src comp="261" pin="1"/><net_sink comp="41" pin=0"/></net>

<net id="269"><net_src comp="159" pin="1"/><net_sink comp="266" pin=0"/></net>

<net id="270"><net_src comp="266" pin="1"/><net_sink comp="202" pin=1"/></net>

<net id="274"><net_src comp="169" pin="3"/><net_sink comp="271" pin=0"/></net>

<net id="275"><net_src comp="271" pin="1"/><net_sink comp="80" pin=2"/></net>

<net id="282"><net_src comp="183" pin="2"/><net_sink comp="279" pin=0"/></net>

<net id="283"><net_src comp="279" pin="1"/><net_sink comp="115" pin=2"/></net>

<net id="287"><net_src comp="47" pin="3"/><net_sink comp="284" pin=0"/></net>

<net id="288"><net_src comp="284" pin="1"/><net_sink comp="41" pin=0"/></net>

<net id="292"><net_src comp="194" pin="1"/><net_sink comp="289" pin=0"/></net>

<net id="293"><net_src comp="289" pin="1"/><net_sink comp="243" pin=1"/></net>

<net id="297"><net_src comp="208" pin="1"/><net_sink comp="294" pin=0"/></net>

<net id="298"><net_src comp="294" pin="1"/><net_sink comp="41" pin=1"/></net>

<net id="302"><net_src comp="212" pin="2"/><net_sink comp="299" pin=0"/></net>

<net id="303"><net_src comp="299" pin="1"/><net_sink comp="103" pin=2"/></net>

<net id="310"><net_src comp="224" pin="2"/><net_sink comp="307" pin=0"/></net>

<net id="311"><net_src comp="307" pin="1"/><net_sink comp="126" pin=0"/></net>

<net id="315"><net_src comp="230" pin="1"/><net_sink comp="312" pin=0"/></net>

<net id="316"><net_src comp="312" pin="1"/><net_sink comp="63" pin=2"/></net>

<net id="320"><net_src comp="55" pin="3"/><net_sink comp="317" pin=0"/></net>

<net id="321"><net_src comp="317" pin="1"/><net_sink comp="41" pin=0"/></net>

<net id="325"><net_src comp="235" pin="3"/><net_sink comp="322" pin=0"/></net>

<net id="326"><net_src comp="322" pin="1"/><net_sink comp="243" pin=0"/></net>

</net_list>

</model> 
---------------- Datapath Model END ------------------

* FSMD analyzer results:
  - Output states:
	Port: dense_array_V | {7 }
	Port: prediction_V | {30 }
 - Input state : 
	Port: soft_max : dense_array_V | {2 3 4 5 8 9 }
	Port: soft_max : exp_x_msb_2_m_1_tabl | {5 6 }
	Port: soft_max : exp_x_msb_1_table_V | {5 6 }
  - Chain level:
	State 1
	State 2
		icmp_ln12 : 1
		m : 1
		br_ln12 : 2
		zext_ln13 : 1
		dense_array_V_addr : 2
		max_V : 3
		rhs_V : 1
	State 3
		icmp_ln1495 : 1
		select_ln13 : 2
	State 4
		icmp_ln20 : 1
		i : 1
		br_ln20 : 2
		zext_ln22 : 1
		dense_array_V_addr_1 : 2
		p_Val2_s : 3
		sext_ln27 : 1
	State 5
		lhs_V : 1
		ret_V : 2
		p_Val2_2 : 3
	State 6
		p_Val2_4 : 1
		sum_V : 2
	State 7
	State 8
		icmp_ln27 : 1
		j : 1
		br_ln27 : 2
		zext_ln29 : 1
		dense_array_V_addr_2 : 2
		p_Val2_5 : 3
	State 9
		t_V : 1
		sdiv_ln1148 : 2
	State 10
	State 11
	State 12
	State 13
	State 14
	State 15
	State 16
	State 17
	State 18
	State 19
	State 20
	State 21
	State 22
	State 23
	State 24
	State 25
	State 26
	State 27
	State 28
	State 29
	State 30
		trunc_ln703 : 1
		store_ln29 : 2


============================================================
+ Verbose Summary: Datapath Resource usage 
============================================================

* Functional unit list:
|----------|-----------------------|---------|---------|---------|---------|
| Operation|    Functional Unit    |  DSP48E |  Delay  |    FF   |   LUT   |
|----------|-----------------------|---------|---------|---------|---------|
|   sdiv   |       grp_fu_243      |    0    |    0    |   227   |   139   |
|----------|-----------------------|---------|---------|---------|---------|
|   call   | grp_exp_13_7_s_fu_133 |    2    |  3.538  |    12   |   212   |
|----------|-----------------------|---------|---------|---------|---------|
|          |        m_fu_148       |    0    |    0    |    0    |    13   |
|    add   |        i_fu_183       |    0    |    0    |    0    |    13   |
|          |      sum_V_fu_212     |    0    |    0    |    0    |    12   |
|          |        j_fu_224       |    0    |    0    |    0    |    13   |
|----------|-----------------------|---------|---------|---------|---------|
|          |    icmp_ln12_fu_142   |    0    |    0    |    0    |    9    |
|   icmp   |   icmp_ln1495_fu_163  |    0    |    0    |    0    |    13   |
|          |    icmp_ln20_fu_177   |    0    |    0    |    0    |    9    |
|          |    icmp_ln27_fu_218   |    0    |    0    |    0    |    9    |
|----------|-----------------------|---------|---------|---------|---------|
|  select  |   select_ln13_fu_169  |    0    |    0    |    0    |    12   |
|----------|-----------------------|---------|---------|---------|---------|
|    sub   |      ret_V_fu_202     |    0    |    0    |    0    |    12   |
|----------|-----------------------|---------|---------|---------|---------|
|          |    zext_ln13_fu_154   |    0    |    0    |    0    |    0    |
|   zext   |    zext_ln22_fu_189   |    0    |    0    |    0    |    0    |
|          |    zext_ln29_fu_230   |    0    |    0    |    0    |    0    |
|----------|-----------------------|---------|---------|---------|---------|
|          |      rhs_V_fu_159     |    0    |    0    |    0    |    0    |
|   sext   |    sext_ln27_fu_194   |    0    |    0    |    0    |    0    |
|          |      lhs_V_fu_198     |    0    |    0    |    0    |    0    |
|----------|-----------------------|---------|---------|---------|---------|
|   trunc  |    p_Val2_4_fu_208    |    0    |    0    |    0    |    0    |
|          |   trunc_ln703_fu_248  |    0    |    0    |    0    |    0    |
|----------|-----------------------|---------|---------|---------|---------|
|bitconcatenate|       t_V_fu_235      |    0    |    0    |    0    |    0    |
|----------|-----------------------|---------|---------|---------|---------|
|   Total  |                       |    2    |  3.538  |   239   |   466   |
|----------|-----------------------|---------|---------|---------|---------|

Memories:
N/A

* Register list:
+----------------------------+--------+
|                            |   FF   |
+----------------------------+--------+
|dense_array_V_addr_1_reg_284|    4   |
|dense_array_V_addr_2_reg_317|    4   |
| dense_array_V_addr_reg_261 |    4   |
|         i_0_reg_111        |    4   |
|          i_reg_279         |    4   |
|         j_0_reg_122        |    4   |
|          j_reg_307         |    4   |
|         m_0_reg_88         |    4   |
|          m_reg_256         |    4   |
|       p_Val2_1_reg_76      |   12   |
|       p_Val2_3_reg_99      |   12   |
|      p_Val2_4_reg_294      |   12   |
|        rhs_V_reg_266       |   13   |
|     select_ln13_reg_271    |   12   |
|      sext_ln27_reg_289     |   18   |
|        sum_V_reg_299       |   12   |
|         t_V_reg_322        |   18   |
|      zext_ln29_reg_312     |   64   |
+----------------------------+--------+
|            Total           |   209  |
+----------------------------+--------+

* Multiplexer (MUX) list: 
|------------------|------|------|------|--------||---------||---------|
|       Comp       |  Pin | Size |  BW  | S x BW ||  Delay  ||   LUT   |
|------------------|------|------|------|--------||---------||---------|
| grp_access_fu_41 |  p0  |   6  |   4  |   24   ||    33   |
|  p_Val2_1_reg_76 |  p0  |   2  |  12  |   24   ||    9    |
|  p_Val2_3_reg_99 |  p0  |   2  |  12  |   24   ||    9    |
|    grp_fu_243    |  p0  |   2  |  18  |   36   ||    9    |
|------------------|------|------|------|--------||---------||---------|
|       Total      |      |      |      |   108  ||  7.259  ||    60   |
|------------------|------|------|------|--------||---------||---------|



* Summary:
+-----------+--------+--------+--------+--------+
|           | DSP48E |  Delay |   FF   |   LUT  |
+-----------+--------+--------+--------+--------+
|  Function |    2   |    3   |   239  |   466  |
|   Memory  |    -   |    -   |    -   |    -   |
|Multiplexer|    -   |    7   |    -   |   60   |
|  Register |    -   |    -   |   209  |    -   |
+-----------+--------+--------+--------+--------+
|   Total   |    2   |   10   |   448  |   526  |
+-----------+--------+--------+--------+--------+
