

================================================================
== Vivado HLS Report for 'conv_1'
================================================================
* Date:           Thu Oct 12 23:19:24 2023

* Version:        2019.1 (Build 2552052 on Fri May 24 15:28:33 MDT 2019)
* Project:        conv
* Solution:       pipeline_flatten
* Product family: zynq
* Target device:  xc7z020-clg400-1


================================================================
== Performance Estimates
================================================================
+ Timing (ns): 
    * Summary: 
    +--------+-------+----------+------------+
    |  Clock | Target| Estimated| Uncertainty|
    +--------+-------+----------+------------+
    |ap_clk  |  40.00|    34.961|        5.00|
    +--------+-------+----------+------------+

+ Latency (clock cycles): 
    * Summary: 
    +--------+--------+--------+--------+---------+
    |     Latency     |     Interval    | Pipeline|
    |   min  |   max  |   min  |   max  |   Type  |
    +--------+--------+--------+--------+---------+
    |  520573|  520573|  520573|  520573|   none  |
    +--------+--------+--------+--------+---------+

    + Detail: 
        * Instance: 
        N/A

        * Loop: 
        +-------------------+--------+--------+----------+-----------+-----------+------+----------+
        |                   |     Latency     | Iteration|  Initiation Interval  | Trip |          |
        |     Loop Name     |   min  |   max  |  Latency |  achieved |   target  | Count| Pipelined|
        +-------------------+--------+--------+----------+-----------+-----------+------+----------+
        |- Row_Loop         |  520572|  520572|     20022|          -|          -|    26|    no    |
        | + Col_Loop        |   20020|   20020|       770|          -|          -|    26|    no    |
        |  ++ Filter1_Loop  |     768|     768|        24|          -|          -|    32|    no    |
        |   +++ W_Row_Loop  |      19|      19|         8|          6|          1|     3|    yes   |
        +-------------------+--------+--------+----------+-----------+-----------+------+----------+

============================================================
+ Verbose Summary: Synthesis Manager
============================================================
InlineROM: 1
ExposeGlobal: 0
============================================================
+ Verbose Summary: CDFG Model
============================================================
IsTopModel: 1
ResetActiveHigh: 1
IsCombinational: 0
IsDatapathOnly: 0
HasWiredReturn: 1
HasMFsm: 0
HasVarLatency: 1
IsPipeline: 0
IsRtlPipelined: 0
IsInstanceOverlapped: 0
IsDontTouch: 0
HasImplIP: 0
IsGatedGlobalClock: 0

+ Individual pipeline summary: 
  * Pipeline-0: initiation interval (II) = 6, depth = 8


============================================================
+ Verbose Summary: Schedule
============================================================
* Number of FSM states : 15
* Pipeline : 1
  Pipeline-0 : II = 6, D = 8, States = { 5 6 7 8 9 10 11 12 }
* Dataflow Pipeline: 0

* FSM state transitions: 
1 --> 2 
2 --> 3 
3 --> 4 2 
4 --> 5 3 
5 --> 13 6 
6 --> 7 
7 --> 8 
8 --> 9 
9 --> 10 
10 --> 11 
11 --> 12 
12 --> 5 
13 --> 14 
14 --> 15 
15 --> 4 

* FSM state operations: 

State 1 <SV = 0> <Delay = 1.76>
ST_1 : Operation 16 [1/1] (0.00ns)   --->   "call void (...)* @_ssdm_op_SpecBitsMap([784 x float]* %conv_input) nounwind, !map !7"   --->   Operation 16 'specbitsmap' <Predicate = true> <Delay = 0.00>
ST_1 : Operation 17 [1/1] (0.00ns)   --->   "call void (...)* @_ssdm_op_SpecBitsMap([21632 x float]* %conv_out) nounwind, !map !14"   --->   Operation 17 'specbitsmap' <Predicate = true> <Delay = 0.00>
ST_1 : Operation 18 [1/1] (0.00ns)   --->   "call void (...)* @_ssdm_op_SpecTopModule([7 x i8]* @conv_1_str) nounwind"   --->   Operation 18 'spectopmodule' <Predicate = true> <Delay = 0.00>
ST_1 : Operation 19 [1/1] (1.76ns)   --->   "br label %1" [conv/conv_1.cpp:8]   --->   Operation 19 'br' <Predicate = true> <Delay = 1.76>

State 2 <SV = 1> <Delay = 1.78>
ST_2 : Operation 20 [1/1] (0.00ns)   --->   "%r_0 = phi i5 [ 0, %0 ], [ %r, %Row_Loop_end ]"   --->   Operation 20 'phi' 'r_0' <Predicate = true> <Delay = 0.00>
ST_2 : Operation 21 [1/1] (0.00ns)   --->   "%phi_mul = phi i10 [ 0, %0 ], [ %add_ln8, %Row_Loop_end ]" [conv/conv_1.cpp:8]   --->   Operation 21 'phi' 'phi_mul' <Predicate = true> <Delay = 0.00>
ST_2 : Operation 22 [1/1] (1.73ns)   --->   "%add_ln8 = add i10 %phi_mul, 26" [conv/conv_1.cpp:8]   --->   Operation 22 'add' 'add_ln8' <Predicate = true> <Delay = 1.73> <Core = "AddSub">   --->   Core 14 'AddSub' <Latency = 0> <II = 1> <Delay = 1.94> <FuncUnit> <Opcode : 'add' 'sub'> <InPorts = 2> <OutPorts = 1>
ST_2 : Operation 23 [1/1] (1.36ns)   --->   "%icmp_ln8 = icmp eq i5 %r_0, -6" [conv/conv_1.cpp:8]   --->   Operation 23 'icmp' 'icmp_ln8' <Predicate = true> <Delay = 1.36> <Core = "Cmp">   --->   Core 25 'Cmp' <Latency = 0> <II = 1> <Delay = 2.44> <FuncUnit> <Opcode : 'icmp'> <InPorts = 2> <OutPorts = 1>
ST_2 : Operation 24 [1/1] (0.00ns)   --->   "%empty = call i32 (...)* @_ssdm_op_SpecLoopTripCount(i64 26, i64 26, i64 26) nounwind"   --->   Operation 24 'speclooptripcount' 'empty' <Predicate = true> <Delay = 0.00>
ST_2 : Operation 25 [1/1] (1.78ns)   --->   "%r = add i5 %r_0, 1" [conv/conv_1.cpp:8]   --->   Operation 25 'add' 'r' <Predicate = true> <Delay = 1.78> <Core = "AddSub">   --->   Core 14 'AddSub' <Latency = 0> <II = 1> <Delay = 1.94> <FuncUnit> <Opcode : 'add' 'sub'> <InPorts = 2> <OutPorts = 1>
ST_2 : Operation 26 [1/1] (0.00ns)   --->   "br i1 %icmp_ln8, label %5, label %Row_Loop_begin" [conv/conv_1.cpp:8]   --->   Operation 26 'br' <Predicate = true> <Delay = 0.00>
ST_2 : Operation 27 [1/1] (0.00ns)   --->   "call void (...)* @_ssdm_op_SpecLoopName([9 x i8]* @p_str) nounwind" [conv/conv_1.cpp:9]   --->   Operation 27 'specloopname' <Predicate = (!icmp_ln8)> <Delay = 0.00>
ST_2 : Operation 28 [1/1] (0.00ns)   --->   "%tmp_1 = call i32 (...)* @_ssdm_op_SpecRegionBegin([9 x i8]* @p_str) nounwind" [conv/conv_1.cpp:9]   --->   Operation 28 'specregionbegin' 'tmp_1' <Predicate = (!icmp_ln8)> <Delay = 0.00>
ST_2 : Operation 29 [1/1] (1.76ns)   --->   "br label %2" [conv/conv_1.cpp:11]   --->   Operation 29 'br' <Predicate = (!icmp_ln8)> <Delay = 1.76>
ST_2 : Operation 30 [1/1] (0.00ns)   --->   "ret void" [conv/conv_1.cpp:42]   --->   Operation 30 'ret' <Predicate = (icmp_ln8)> <Delay = 0.00>

State 3 <SV = 2> <Delay = 1.78>
ST_3 : Operation 31 [1/1] (0.00ns)   --->   "%c_0 = phi i5 [ 0, %Row_Loop_begin ], [ %c, %Col_Loop_end ]"   --->   Operation 31 'phi' 'c_0' <Predicate = true> <Delay = 0.00>
ST_3 : Operation 32 [1/1] (1.36ns)   --->   "%icmp_ln11 = icmp eq i5 %c_0, -6" [conv/conv_1.cpp:11]   --->   Operation 32 'icmp' 'icmp_ln11' <Predicate = true> <Delay = 1.36> <Core = "Cmp">   --->   Core 25 'Cmp' <Latency = 0> <II = 1> <Delay = 2.44> <FuncUnit> <Opcode : 'icmp'> <InPorts = 2> <OutPorts = 1>
ST_3 : Operation 33 [1/1] (0.00ns)   --->   "%empty_4 = call i32 (...)* @_ssdm_op_SpecLoopTripCount(i64 26, i64 26, i64 26) nounwind"   --->   Operation 33 'speclooptripcount' 'empty_4' <Predicate = true> <Delay = 0.00>
ST_3 : Operation 34 [1/1] (1.78ns)   --->   "%c = add i5 %c_0, 1" [conv/conv_1.cpp:26]   --->   Operation 34 'add' 'c' <Predicate = true> <Delay = 1.78> <Core = "AddSub">   --->   Core 14 'AddSub' <Latency = 0> <II = 1> <Delay = 1.94> <FuncUnit> <Opcode : 'add' 'sub'> <InPorts = 2> <OutPorts = 1>
ST_3 : Operation 35 [1/1] (0.00ns)   --->   "br i1 %icmp_ln11, label %Row_Loop_end, label %Col_Loop_begin" [conv/conv_1.cpp:11]   --->   Operation 35 'br' <Predicate = true> <Delay = 0.00>
ST_3 : Operation 36 [1/1] (0.00ns)   --->   "call void (...)* @_ssdm_op_SpecLoopName([9 x i8]* @p_str1) nounwind" [conv/conv_1.cpp:12]   --->   Operation 36 'specloopname' <Predicate = (!icmp_ln11)> <Delay = 0.00>
ST_3 : Operation 37 [1/1] (0.00ns)   --->   "%tmp_2 = call i32 (...)* @_ssdm_op_SpecRegionBegin([9 x i8]* @p_str1) nounwind" [conv/conv_1.cpp:12]   --->   Operation 37 'specregionbegin' 'tmp_2' <Predicate = (!icmp_ln11)> <Delay = 0.00>
ST_3 : Operation 38 [1/1] (0.00ns)   --->   "%zext_ln35 = zext i5 %c_0 to i11" [conv/conv_1.cpp:35]   --->   Operation 38 'zext' 'zext_ln35' <Predicate = (!icmp_ln11)> <Delay = 0.00>
ST_3 : Operation 39 [1/1] (0.00ns)   --->   "%zext_ln35_1 = zext i5 %c_0 to i10" [conv/conv_1.cpp:35]   --->   Operation 39 'zext' 'zext_ln35_1' <Predicate = (!icmp_ln11)> <Delay = 0.00>
ST_3 : Operation 40 [1/1] (1.73ns)   --->   "%add_ln35 = add i10 %phi_mul, %zext_ln35_1" [conv/conv_1.cpp:35]   --->   Operation 40 'add' 'add_ln35' <Predicate = (!icmp_ln11)> <Delay = 1.73> <Core = "AddSub">   --->   Core 14 'AddSub' <Latency = 0> <II = 1> <Delay = 1.94> <FuncUnit> <Opcode : 'add' 'sub'> <InPorts = 2> <OutPorts = 1>
ST_3 : Operation 41 [1/1] (0.00ns)   --->   "%tmp_6 = call i15 @_ssdm_op_BitConcatenate.i15.i10.i5(i10 %add_ln35, i5 0)" [conv/conv_1.cpp:26]   --->   Operation 41 'bitconcatenate' 'tmp_6' <Predicate = (!icmp_ln11)> <Delay = 0.00>
ST_3 : Operation 42 [1/1] (0.00ns)   --->   "%zext_ln26_1 = zext i15 %tmp_6 to i16" [conv/conv_1.cpp:26]   --->   Operation 42 'zext' 'zext_ln26_1' <Predicate = (!icmp_ln11)> <Delay = 0.00>
ST_3 : Operation 43 [1/1] (0.00ns)   --->   "%zext_ln26_2 = zext i5 %c to i11" [conv/conv_1.cpp:26]   --->   Operation 43 'zext' 'zext_ln26_2' <Predicate = (!icmp_ln11)> <Delay = 0.00>
ST_3 : Operation 44 [1/1] (1.78ns)   --->   "%add_ln26_2 = add i5 %c_0, 2" [conv/conv_1.cpp:26]   --->   Operation 44 'add' 'add_ln26_2' <Predicate = (!icmp_ln11)> <Delay = 1.78> <Core = "AddSub">   --->   Core 14 'AddSub' <Latency = 0> <II = 1> <Delay = 1.94> <FuncUnit> <Opcode : 'add' 'sub'> <InPorts = 2> <OutPorts = 1>
ST_3 : Operation 45 [1/1] (0.00ns)   --->   "%zext_ln14 = zext i5 %add_ln26_2 to i11" [conv/conv_1.cpp:14]   --->   Operation 45 'zext' 'zext_ln14' <Predicate = (!icmp_ln11)> <Delay = 0.00>
ST_3 : Operation 46 [1/1] (1.76ns)   --->   "br label %3" [conv/conv_1.cpp:14]   --->   Operation 46 'br' <Predicate = (!icmp_ln11)> <Delay = 1.76>
ST_3 : Operation 47 [1/1] (0.00ns)   --->   "%empty_10 = call i32 (...)* @_ssdm_op_SpecRegionEnd([9 x i8]* @p_str, i32 %tmp_1) nounwind" [conv/conv_1.cpp:41]   --->   Operation 47 'specregionend' 'empty_10' <Predicate = (icmp_ln11)> <Delay = 0.00>
ST_3 : Operation 48 [1/1] (0.00ns)   --->   "br label %1" [conv/conv_1.cpp:8]   --->   Operation 48 'br' <Predicate = (icmp_ln11)> <Delay = 0.00>

State 4 <SV = 3> <Delay = 1.94>
ST_4 : Operation 49 [1/1] (0.00ns)   --->   "%f_0 = phi i6 [ 0, %Col_Loop_begin ], [ %f, %Filter1_Loop_end ]"   --->   Operation 49 'phi' 'f_0' <Predicate = true> <Delay = 0.00>
ST_4 : Operation 50 [1/1] (1.42ns)   --->   "%icmp_ln14 = icmp eq i6 %f_0, -32" [conv/conv_1.cpp:14]   --->   Operation 50 'icmp' 'icmp_ln14' <Predicate = true> <Delay = 1.42> <Core = "Cmp">   --->   Core 25 'Cmp' <Latency = 0> <II = 1> <Delay = 2.44> <FuncUnit> <Opcode : 'icmp'> <InPorts = 2> <OutPorts = 1>
ST_4 : Operation 51 [1/1] (0.00ns)   --->   "%empty_5 = call i32 (...)* @_ssdm_op_SpecLoopTripCount(i64 32, i64 32, i64 32) nounwind"   --->   Operation 51 'speclooptripcount' 'empty_5' <Predicate = true> <Delay = 0.00>
ST_4 : Operation 52 [1/1] (1.82ns)   --->   "%f = add i6 %f_0, 1" [conv/conv_1.cpp:14]   --->   Operation 52 'add' 'f' <Predicate = true> <Delay = 1.82> <Core = "AddSub">   --->   Core 14 'AddSub' <Latency = 0> <II = 1> <Delay = 1.94> <FuncUnit> <Opcode : 'add' 'sub'> <InPorts = 2> <OutPorts = 1>
ST_4 : Operation 53 [1/1] (0.00ns)   --->   "br i1 %icmp_ln14, label %Col_Loop_end, label %Filter1_Loop_begin" [conv/conv_1.cpp:14]   --->   Operation 53 'br' <Predicate = true> <Delay = 0.00>
ST_4 : Operation 54 [1/1] (0.00ns)   --->   "call void (...)* @_ssdm_op_SpecLoopName([13 x i8]* @p_str2) nounwind" [conv/conv_1.cpp:15]   --->   Operation 54 'specloopname' <Predicate = (!icmp_ln14)> <Delay = 0.00>
ST_4 : Operation 55 [1/1] (0.00ns)   --->   "%tmp_3 = call i32 (...)* @_ssdm_op_SpecRegionBegin([13 x i8]* @p_str2) nounwind" [conv/conv_1.cpp:15]   --->   Operation 55 'specregionbegin' 'tmp_3' <Predicate = (!icmp_ln14)> <Delay = 0.00>
ST_4 : Operation 56 [1/1] (0.00ns)   --->   "%zext_ln26 = zext i6 %f_0 to i64" [conv/conv_1.cpp:26]   --->   Operation 56 'zext' 'zext_ln26' <Predicate = (!icmp_ln14)> <Delay = 0.00>
ST_4 : Operation 57 [1/1] (0.00ns)   --->   "%zext_ln35_2 = zext i6 %f_0 to i8" [conv/conv_1.cpp:35]   --->   Operation 57 'zext' 'zext_ln35_2' <Predicate = (!icmp_ln14)> <Delay = 0.00>
ST_4 : Operation 58 [1/1] (0.00ns)   --->   "%zext_ln35_3 = zext i6 %f_0 to i16" [conv/conv_1.cpp:35]   --->   Operation 58 'zext' 'zext_ln35_3' <Predicate = (!icmp_ln14)> <Delay = 0.00>
ST_4 : Operation 59 [1/1] (1.94ns)   --->   "%add_ln35_1 = add i16 %zext_ln26_1, %zext_ln35_3" [conv/conv_1.cpp:35]   --->   Operation 59 'add' 'add_ln35_1' <Predicate = (!icmp_ln14)> <Delay = 1.94> <Core = "AddSub">   --->   Core 14 'AddSub' <Latency = 0> <II = 1> <Delay = 1.94> <FuncUnit> <Opcode : 'add' 'sub'> <InPorts = 2> <OutPorts = 1>
ST_4 : Operation 60 [1/1] (0.00ns)   --->   "%zext_ln35_4 = zext i16 %add_ln35_1 to i64" [conv/conv_1.cpp:35]   --->   Operation 60 'zext' 'zext_ln35_4' <Predicate = (!icmp_ln14)> <Delay = 0.00>
ST_4 : Operation 61 [1/1] (0.00ns)   --->   "%conv_out_addr = getelementptr [21632 x float]* %conv_out, i64 0, i64 %zext_ln35_4" [conv/conv_1.cpp:35]   --->   Operation 61 'getelementptr' 'conv_out_addr' <Predicate = (!icmp_ln14)> <Delay = 0.00>
ST_4 : Operation 62 [1/1] (1.76ns)   --->   "br label %4" [conv/conv_1.cpp:18]   --->   Operation 62 'br' <Predicate = (!icmp_ln14)> <Delay = 1.76>
ST_4 : Operation 63 [1/1] (0.00ns)   --->   "%empty_9 = call i32 (...)* @_ssdm_op_SpecRegionEnd([9 x i8]* @p_str1, i32 %tmp_2) nounwind" [conv/conv_1.cpp:40]   --->   Operation 63 'specregionend' 'empty_9' <Predicate = (icmp_ln14)> <Delay = 0.00>
ST_4 : Operation 64 [1/1] (0.00ns)   --->   "br label %2" [conv/conv_1.cpp:11]   --->   Operation 64 'br' <Predicate = (icmp_ln14)> <Delay = 0.00>

State 5 <SV = 4> <Delay = 8.40>
ST_5 : Operation 65 [1/1] (0.00ns)   --->   "%wr_0 = phi i2 [ 0, %Filter1_Loop_begin ], [ %wr, %W_Row_Loop ]"   --->   Operation 65 'phi' 'wr_0' <Predicate = true> <Delay = 0.00>
ST_5 : Operation 66 [1/1] (0.00ns)   --->   "%w_sum_0 = phi float [ 0.000000e+00, %Filter1_Loop_begin ], [ %w_sum_3_2, %W_Row_Loop ]" [conv/conv_1.cpp:26]   --->   Operation 66 'phi' 'w_sum_0' <Predicate = true> <Delay = 0.00>
ST_5 : Operation 67 [1/1] (0.95ns)   --->   "%icmp_ln18 = icmp eq i2 %wr_0, -1" [conv/conv_1.cpp:18]   --->   Operation 67 'icmp' 'icmp_ln18' <Predicate = true> <Delay = 0.95> <Core = "Cmp">   --->   Core 25 'Cmp' <Latency = 0> <II = 1> <Delay = 2.44> <FuncUnit> <Opcode : 'icmp'> <InPorts = 2> <OutPorts = 1>
ST_5 : Operation 68 [1/1] (0.00ns)   --->   "%empty_6 = call i32 (...)* @_ssdm_op_SpecLoopTripCount(i64 3, i64 3, i64 3) nounwind"   --->   Operation 68 'speclooptripcount' 'empty_6' <Predicate = true> <Delay = 0.00>
ST_5 : Operation 69 [1/1] (1.56ns)   --->   "%wr = add i2 %wr_0, 1" [conv/conv_1.cpp:18]   --->   Operation 69 'add' 'wr' <Predicate = true> <Delay = 1.56> <Core = "AddSub">   --->   Core 14 'AddSub' <Latency = 0> <II = 1> <Delay = 1.94> <FuncUnit> <Opcode : 'add' 'sub'> <InPorts = 2> <OutPorts = 1>
ST_5 : Operation 70 [1/1] (0.00ns)   --->   "br i1 %icmp_ln18, label %Filter1_Loop_end, label %W_Row_Loop" [conv/conv_1.cpp:18]   --->   Operation 70 'br' <Predicate = true> <Delay = 0.00>
ST_5 : Operation 71 [1/1] (0.00ns)   --->   "%zext_ln18 = zext i2 %wr_0 to i5" [conv/conv_1.cpp:18]   --->   Operation 71 'zext' 'zext_ln18' <Predicate = (!icmp_ln18)> <Delay = 0.00>
ST_5 : Operation 72 [1/1] (0.00ns)   --->   "%tmp_8 = call i7 @_ssdm_op_BitConcatenate.i7.i2.i5(i2 %wr_0, i5 0)" [conv/conv_1.cpp:26]   --->   Operation 72 'bitconcatenate' 'tmp_8' <Predicate = (!icmp_ln18)> <Delay = 0.00>
ST_5 : Operation 73 [1/1] (0.00ns)   --->   "%zext_ln26_3 = zext i7 %tmp_8 to i8" [conv/conv_1.cpp:26]   --->   Operation 73 'zext' 'zext_ln26_3' <Predicate = (!icmp_ln18)> <Delay = 0.00>
ST_5 : Operation 74 [1/1] (1.87ns)   --->   "%add_ln26_3 = add i8 %zext_ln26_3, %zext_ln35_2" [conv/conv_1.cpp:26]   --->   Operation 74 'add' 'add_ln26_3' <Predicate = (!icmp_ln18)> <Delay = 1.87> <Core = "AddSub">   --->   Core 14 'AddSub' <Latency = 0> <II = 1> <Delay = 1.94> <FuncUnit> <Opcode : 'add' 'sub'> <InPorts = 2> <OutPorts = 1>
ST_5 : Operation 75 [1/1] (0.00ns)   --->   "%zext_ln26_4 = zext i8 %add_ln26_3 to i64" [conv/conv_1.cpp:26]   --->   Operation 75 'zext' 'zext_ln26_4' <Predicate = (!icmp_ln18)> <Delay = 0.00>
ST_5 : Operation 76 [1/1] (0.00ns)   --->   "%conv_1_weights_0_0_a = getelementptr [96 x float]* @conv_1_weights_0_0, i64 0, i64 %zext_ln26_4" [conv/conv_1.cpp:26]   --->   Operation 76 'getelementptr' 'conv_1_weights_0_0_a' <Predicate = (!icmp_ln18)> <Delay = 0.00>
ST_5 : Operation 77 [1/1] (0.00ns)   --->   "%conv_1_weights_1_0_a = getelementptr [96 x float]* @conv_1_weights_1_0, i64 0, i64 %zext_ln26_4" [conv/conv_1.cpp:26]   --->   Operation 77 'getelementptr' 'conv_1_weights_1_0_a' <Predicate = (!icmp_ln18)> <Delay = 0.00>
ST_5 : Operation 78 [1/1] (0.00ns)   --->   "%conv_1_weights_2_0_a = getelementptr [96 x float]* @conv_1_weights_2_0, i64 0, i64 %zext_ln26_4" [conv/conv_1.cpp:26]   --->   Operation 78 'getelementptr' 'conv_1_weights_2_0_a' <Predicate = (!icmp_ln18)> <Delay = 0.00>
ST_5 : Operation 79 [1/1] (1.78ns)   --->   "%add_ln26 = add i5 %zext_ln18, %r_0" [conv/conv_1.cpp:26]   --->   Operation 79 'add' 'add_ln26' <Predicate = (!icmp_ln18)> <Delay = 1.78> <Core = "AddSub">   --->   Core 14 'AddSub' <Latency = 0> <II = 1> <Delay = 1.94> <FuncUnit> <Opcode : 'add' 'sub'> <InPorts = 2> <OutPorts = 1>
ST_5 : Operation 80 [1/1] (0.00ns)   --->   "%tmp_9 = call i10 @_ssdm_op_BitConcatenate.i10.i5.i5(i5 %add_ln26, i5 0)" [conv/conv_1.cpp:26]   --->   Operation 80 'bitconcatenate' 'tmp_9' <Predicate = (!icmp_ln18)> <Delay = 0.00>
ST_5 : Operation 81 [1/1] (0.00ns)   --->   "%zext_ln26_5 = zext i10 %tmp_9 to i11" [conv/conv_1.cpp:26]   --->   Operation 81 'zext' 'zext_ln26_5' <Predicate = (!icmp_ln18)> <Delay = 0.00>
ST_5 : Operation 82 [1/1] (0.00ns)   --->   "%tmp_7 = call i7 @_ssdm_op_BitConcatenate.i7.i5.i2(i5 %add_ln26, i2 0)" [conv/conv_1.cpp:26]   --->   Operation 82 'bitconcatenate' 'tmp_7' <Predicate = (!icmp_ln18)> <Delay = 0.00>
ST_5 : Operation 83 [1/1] (0.00ns)   --->   "%zext_ln26_6 = zext i7 %tmp_7 to i11" [conv/conv_1.cpp:26]   --->   Operation 83 'zext' 'zext_ln26_6' <Predicate = (!icmp_ln18)> <Delay = 0.00>
ST_5 : Operation 84 [1/1] (1.73ns)   --->   "%sub_ln26 = sub i11 %zext_ln26_5, %zext_ln26_6" [conv/conv_1.cpp:26]   --->   Operation 84 'sub' 'sub_ln26' <Predicate = (!icmp_ln18)> <Delay = 1.73> <Core = "AddSub">   --->   Core 14 'AddSub' <Latency = 0> <II = 1> <Delay = 1.94> <FuncUnit> <Opcode : 'add' 'sub'> <InPorts = 2> <OutPorts = 1>
ST_5 : Operation 85 [1/1] (1.63ns)   --->   "%add_ln26_4 = add i11 %sub_ln26, %zext_ln35" [conv/conv_1.cpp:26]   --->   Operation 85 'add' 'add_ln26_4' <Predicate = (!icmp_ln18)> <Delay = 1.63> <Core = "AddSub">   --->   Core 14 'AddSub' <Latency = 0> <II = 1> <Delay = 1.94> <FuncUnit> <Opcode : 'add' 'sub'> <InPorts = 2> <OutPorts = 1>
ST_5 : Operation 86 [1/1] (0.00ns)   --->   "%sext_ln26 = sext i11 %add_ln26_4 to i64" [conv/conv_1.cpp:26]   --->   Operation 86 'sext' 'sext_ln26' <Predicate = (!icmp_ln18)> <Delay = 0.00>
ST_5 : Operation 87 [1/1] (0.00ns)   --->   "%conv_input_addr = getelementptr [784 x float]* %conv_input, i64 0, i64 %sext_ln26" [conv/conv_1.cpp:26]   --->   Operation 87 'getelementptr' 'conv_input_addr' <Predicate = (!icmp_ln18)> <Delay = 0.00>
ST_5 : Operation 88 [1/1] (1.63ns)   --->   "%add_ln26_5 = add i11 %sub_ln26, %zext_ln26_2" [conv/conv_1.cpp:26]   --->   Operation 88 'add' 'add_ln26_5' <Predicate = (!icmp_ln18)> <Delay = 1.63> <Core = "AddSub">   --->   Core 14 'AddSub' <Latency = 0> <II = 1> <Delay = 1.94> <FuncUnit> <Opcode : 'add' 'sub'> <InPorts = 2> <OutPorts = 1>
ST_5 : Operation 89 [1/1] (0.00ns)   --->   "%sext_ln26_1 = sext i11 %add_ln26_5 to i64" [conv/conv_1.cpp:26]   --->   Operation 89 'sext' 'sext_ln26_1' <Predicate = (!icmp_ln18)> <Delay = 0.00>
ST_5 : Operation 90 [1/1] (0.00ns)   --->   "%conv_input_addr_1 = getelementptr [784 x float]* %conv_input, i64 0, i64 %sext_ln26_1" [conv/conv_1.cpp:26]   --->   Operation 90 'getelementptr' 'conv_input_addr_1' <Predicate = (!icmp_ln18)> <Delay = 0.00>
ST_5 : Operation 91 [1/1] (1.63ns)   --->   "%add_ln26_6 = add i11 %sub_ln26, %zext_ln14" [conv/conv_1.cpp:26]   --->   Operation 91 'add' 'add_ln26_6' <Predicate = (!icmp_ln18)> <Delay = 1.63> <Core = "AddSub">   --->   Core 14 'AddSub' <Latency = 0> <II = 1> <Delay = 1.94> <FuncUnit> <Opcode : 'add' 'sub'> <InPorts = 2> <OutPorts = 1>
ST_5 : Operation 92 [2/2] (3.25ns)   --->   "%conv_1_weights_0_0_l = load float* %conv_1_weights_0_0_a, align 4" [conv/conv_1.cpp:26]   --->   Operation 92 'load' 'conv_1_weights_0_0_l' <Predicate = (!icmp_ln18)> <Delay = 3.25> <Core = "ROM_nP">   --->   Core 52 'ROM_nP' <Latency = 1> <II = 1> <Delay = 3.25> <Storage> <Opcode : 'load'> <Ports = 0> <Width = 32> <Depth = 32> <ROM>
ST_5 : Operation 93 [2/2] (3.25ns)   --->   "%conv_input_load = load float* %conv_input_addr, align 4" [conv/conv_1.cpp:26]   --->   Operation 93 'load' 'conv_input_load' <Predicate = (!icmp_ln18)> <Delay = 3.25> <Core = "RAM">   --->   Core 37 'RAM' <Latency = 1> <II = 1> <Delay = 3.25> <Storage> <Opcode : 'load' 'store'> <Ports = 2> <Width = 32> <Depth = 21632> <RAM>
ST_5 : Operation 94 [2/2] (3.25ns)   --->   "%conv_1_weights_1_0_l = load float* %conv_1_weights_1_0_a, align 4" [conv/conv_1.cpp:26]   --->   Operation 94 'load' 'conv_1_weights_1_0_l' <Predicate = (!icmp_ln18)> <Delay = 3.25> <Core = "ROM_nP">   --->   Core 52 'ROM_nP' <Latency = 1> <II = 1> <Delay = 3.25> <Storage> <Opcode : 'load'> <Ports = 0> <Width = 32> <Depth = 32> <ROM>
ST_5 : Operation 95 [2/2] (3.25ns)   --->   "%conv_input_load_1 = load float* %conv_input_addr_1, align 4" [conv/conv_1.cpp:26]   --->   Operation 95 'load' 'conv_input_load_1' <Predicate = (!icmp_ln18)> <Delay = 3.25> <Core = "RAM">   --->   Core 37 'RAM' <Latency = 1> <II = 1> <Delay = 3.25> <Storage> <Opcode : 'load' 'store'> <Ports = 2> <Width = 32> <Depth = 21632> <RAM>
ST_5 : Operation 96 [2/2] (3.25ns)   --->   "%conv_1_weights_2_0_l = load float* %conv_1_weights_2_0_a, align 4" [conv/conv_1.cpp:26]   --->   Operation 96 'load' 'conv_1_weights_2_0_l' <Predicate = (!icmp_ln18)> <Delay = 3.25> <Core = "ROM_nP">   --->   Core 52 'ROM_nP' <Latency = 1> <II = 1> <Delay = 3.25> <Storage> <Opcode : 'load'> <Ports = 0> <Width = 32> <Depth = 32> <ROM>

State 6 <SV = 5> <Delay = 15.6>
ST_6 : Operation 97 [1/1] (0.00ns)   --->   "%sext_ln26_2 = sext i11 %add_ln26_6 to i64" [conv/conv_1.cpp:26]   --->   Operation 97 'sext' 'sext_ln26_2' <Predicate = (!icmp_ln18)> <Delay = 0.00>
ST_6 : Operation 98 [1/1] (0.00ns)   --->   "%conv_input_addr_2 = getelementptr [784 x float]* %conv_input, i64 0, i64 %sext_ln26_2" [conv/conv_1.cpp:26]   --->   Operation 98 'getelementptr' 'conv_input_addr_2' <Predicate = (!icmp_ln18)> <Delay = 0.00>
ST_6 : Operation 99 [1/2] (3.25ns)   --->   "%conv_1_weights_0_0_l = load float* %conv_1_weights_0_0_a, align 4" [conv/conv_1.cpp:26]   --->   Operation 99 'load' 'conv_1_weights_0_0_l' <Predicate = (!icmp_ln18)> <Delay = 3.25> <Core = "ROM_nP">   --->   Core 52 'ROM_nP' <Latency = 1> <II = 1> <Delay = 3.25> <Storage> <Opcode : 'load'> <Ports = 0> <Width = 32> <Depth = 32> <ROM>
ST_6 : Operation 100 [1/2] (3.25ns)   --->   "%conv_input_load = load float* %conv_input_addr, align 4" [conv/conv_1.cpp:26]   --->   Operation 100 'load' 'conv_input_load' <Predicate = (!icmp_ln18)> <Delay = 3.25> <Core = "RAM">   --->   Core 37 'RAM' <Latency = 1> <II = 1> <Delay = 3.25> <Storage> <Opcode : 'load' 'store'> <Ports = 2> <Width = 32> <Depth = 21632> <RAM>
ST_6 : Operation 101 [2/2] (12.3ns)   --->   "%tmp_s = fmul float %conv_1_weights_0_0_l, %conv_input_load" [conv/conv_1.cpp:26]   --->   Operation 101 'fmul' 'tmp_s' <Predicate = (!icmp_ln18)> <Delay = 12.3> <Core = "FMul">   --->   Core 106 'FMul' <Latency = 1> <II = 1> <Delay = 12.3> <FuncUnit> <Opcode : 'fmul'> <InPorts = 2> <OutPorts = 1>
ST_6 : Operation 102 [1/2] (3.25ns)   --->   "%conv_1_weights_1_0_l = load float* %conv_1_weights_1_0_a, align 4" [conv/conv_1.cpp:26]   --->   Operation 102 'load' 'conv_1_weights_1_0_l' <Predicate = (!icmp_ln18)> <Delay = 3.25> <Core = "ROM_nP">   --->   Core 52 'ROM_nP' <Latency = 1> <II = 1> <Delay = 3.25> <Storage> <Opcode : 'load'> <Ports = 0> <Width = 32> <Depth = 32> <ROM>
ST_6 : Operation 103 [1/2] (3.25ns)   --->   "%conv_input_load_1 = load float* %conv_input_addr_1, align 4" [conv/conv_1.cpp:26]   --->   Operation 103 'load' 'conv_input_load_1' <Predicate = (!icmp_ln18)> <Delay = 3.25> <Core = "RAM">   --->   Core 37 'RAM' <Latency = 1> <II = 1> <Delay = 3.25> <Storage> <Opcode : 'load' 'store'> <Ports = 2> <Width = 32> <Depth = 21632> <RAM>
ST_6 : Operation 104 [1/2] (3.25ns)   --->   "%conv_1_weights_2_0_l = load float* %conv_1_weights_2_0_a, align 4" [conv/conv_1.cpp:26]   --->   Operation 104 'load' 'conv_1_weights_2_0_l' <Predicate = (!icmp_ln18)> <Delay = 3.25> <Core = "ROM_nP">   --->   Core 52 'ROM_nP' <Latency = 1> <II = 1> <Delay = 3.25> <Storage> <Opcode : 'load'> <Ports = 0> <Width = 32> <Depth = 32> <ROM>
ST_6 : Operation 105 [2/2] (3.25ns)   --->   "%conv_input_load_2 = load float* %conv_input_addr_2, align 4" [conv/conv_1.cpp:26]   --->   Operation 105 'load' 'conv_input_load_2' <Predicate = (!icmp_ln18)> <Delay = 3.25> <Core = "RAM">   --->   Core 37 'RAM' <Latency = 1> <II = 1> <Delay = 3.25> <Storage> <Opcode : 'load' 'store'> <Ports = 2> <Width = 32> <Depth = 21632> <RAM>

State 7 <SV = 6> <Delay = 34.9>
ST_7 : Operation 106 [1/2] (12.3ns)   --->   "%tmp_s = fmul float %conv_1_weights_0_0_l, %conv_input_load" [conv/conv_1.cpp:26]   --->   Operation 106 'fmul' 'tmp_s' <Predicate = (!icmp_ln18)> <Delay = 12.3> <Core = "FMul">   --->   Core 106 'FMul' <Latency = 1> <II = 1> <Delay = 12.3> <FuncUnit> <Opcode : 'fmul'> <InPorts = 2> <OutPorts = 1>
ST_7 : Operation 107 [2/2] (22.5ns)   --->   "%w_sum_3 = fadd float %w_sum_0, %tmp_s" [conv/conv_1.cpp:26]   --->   Operation 107 'fadd' 'w_sum_3' <Predicate = (!icmp_ln18)> <Delay = 22.5> <Core = "FAddSub">   --->   Core 105 'FAddSub' <Latency = 1> <II = 1> <Delay = 22.5> <FuncUnit> <Opcode : 'fadd' 'fsub'> <InPorts = 2> <OutPorts = 1>
ST_7 : Operation 108 [2/2] (12.3ns)   --->   "%tmp_1_1 = fmul float %conv_1_weights_1_0_l, %conv_input_load_1" [conv/conv_1.cpp:26]   --->   Operation 108 'fmul' 'tmp_1_1' <Predicate = (!icmp_ln18)> <Delay = 12.3> <Core = "FMul">   --->   Core 106 'FMul' <Latency = 1> <II = 1> <Delay = 12.3> <FuncUnit> <Opcode : 'fmul'> <InPorts = 2> <OutPorts = 1>
ST_7 : Operation 109 [1/2] (3.25ns)   --->   "%conv_input_load_2 = load float* %conv_input_addr_2, align 4" [conv/conv_1.cpp:26]   --->   Operation 109 'load' 'conv_input_load_2' <Predicate = (!icmp_ln18)> <Delay = 3.25> <Core = "RAM">   --->   Core 37 'RAM' <Latency = 1> <II = 1> <Delay = 3.25> <Storage> <Opcode : 'load' 'store'> <Ports = 2> <Width = 32> <Depth = 21632> <RAM>

State 8 <SV = 7> <Delay = 22.5>
ST_8 : Operation 110 [1/2] (22.5ns)   --->   "%w_sum_3 = fadd float %w_sum_0, %tmp_s" [conv/conv_1.cpp:26]   --->   Operation 110 'fadd' 'w_sum_3' <Predicate = (!icmp_ln18)> <Delay = 22.5> <Core = "FAddSub">   --->   Core 105 'FAddSub' <Latency = 1> <II = 1> <Delay = 22.5> <FuncUnit> <Opcode : 'fadd' 'fsub'> <InPorts = 2> <OutPorts = 1>
ST_8 : Operation 111 [1/2] (12.3ns)   --->   "%tmp_1_1 = fmul float %conv_1_weights_1_0_l, %conv_input_load_1" [conv/conv_1.cpp:26]   --->   Operation 111 'fmul' 'tmp_1_1' <Predicate = (!icmp_ln18)> <Delay = 12.3> <Core = "FMul">   --->   Core 106 'FMul' <Latency = 1> <II = 1> <Delay = 12.3> <FuncUnit> <Opcode : 'fmul'> <InPorts = 2> <OutPorts = 1>
ST_8 : Operation 112 [2/2] (12.3ns)   --->   "%tmp_1_2 = fmul float %conv_1_weights_2_0_l, %conv_input_load_2" [conv/conv_1.cpp:26]   --->   Operation 112 'fmul' 'tmp_1_2' <Predicate = (!icmp_ln18)> <Delay = 12.3> <Core = "FMul">   --->   Core 106 'FMul' <Latency = 1> <II = 1> <Delay = 12.3> <FuncUnit> <Opcode : 'fmul'> <InPorts = 2> <OutPorts = 1>

State 9 <SV = 8> <Delay = 22.5>
ST_9 : Operation 113 [2/2] (22.5ns)   --->   "%w_sum_3_1 = fadd float %w_sum_3, %tmp_1_1" [conv/conv_1.cpp:26]   --->   Operation 113 'fadd' 'w_sum_3_1' <Predicate = (!icmp_ln18)> <Delay = 22.5> <Core = "FAddSub">   --->   Core 105 'FAddSub' <Latency = 1> <II = 1> <Delay = 22.5> <FuncUnit> <Opcode : 'fadd' 'fsub'> <InPorts = 2> <OutPorts = 1>
ST_9 : Operation 114 [1/2] (12.3ns)   --->   "%tmp_1_2 = fmul float %conv_1_weights_2_0_l, %conv_input_load_2" [conv/conv_1.cpp:26]   --->   Operation 114 'fmul' 'tmp_1_2' <Predicate = (!icmp_ln18)> <Delay = 12.3> <Core = "FMul">   --->   Core 106 'FMul' <Latency = 1> <II = 1> <Delay = 12.3> <FuncUnit> <Opcode : 'fmul'> <InPorts = 2> <OutPorts = 1>

State 10 <SV = 9> <Delay = 22.5>
ST_10 : Operation 115 [1/2] (22.5ns)   --->   "%w_sum_3_1 = fadd float %w_sum_3, %tmp_1_1" [conv/conv_1.cpp:26]   --->   Operation 115 'fadd' 'w_sum_3_1' <Predicate = (!icmp_ln18)> <Delay = 22.5> <Core = "FAddSub">   --->   Core 105 'FAddSub' <Latency = 1> <II = 1> <Delay = 22.5> <FuncUnit> <Opcode : 'fadd' 'fsub'> <InPorts = 2> <OutPorts = 1>

State 11 <SV = 10> <Delay = 22.5>
ST_11 : Operation 116 [2/2] (22.5ns)   --->   "%w_sum_3_2 = fadd float %w_sum_3_1, %tmp_1_2" [conv/conv_1.cpp:26]   --->   Operation 116 'fadd' 'w_sum_3_2' <Predicate = (!icmp_ln18)> <Delay = 22.5> <Core = "FAddSub">   --->   Core 105 'FAddSub' <Latency = 1> <II = 1> <Delay = 22.5> <FuncUnit> <Opcode : 'fadd' 'fsub'> <InPorts = 2> <OutPorts = 1>

State 12 <SV = 11> <Delay = 22.5>
ST_12 : Operation 117 [1/1] (0.00ns)   --->   "call void (...)* @_ssdm_op_SpecLoopName([11 x i8]* @p_str4) nounwind" [conv/conv_1.cpp:19]   --->   Operation 117 'specloopname' <Predicate = (!icmp_ln18)> <Delay = 0.00>
ST_12 : Operation 118 [1/1] (0.00ns)   --->   "%tmp_4 = call i32 (...)* @_ssdm_op_SpecRegionBegin([11 x i8]* @p_str4) nounwind" [conv/conv_1.cpp:19]   --->   Operation 118 'specregionbegin' 'tmp_4' <Predicate = (!icmp_ln18)> <Delay = 0.00>
ST_12 : Operation 119 [1/1] (0.00ns)   --->   "call void (...)* @_ssdm_op_SpecPipeline(i32 -1, i32 1, i32 1, i32 0, [1 x i8]* @p_str3) nounwind" [conv/conv_1.cpp:20]   --->   Operation 119 'specpipeline' <Predicate = (!icmp_ln18)> <Delay = 0.00>
ST_12 : Operation 120 [1/2] (22.5ns)   --->   "%w_sum_3_2 = fadd float %w_sum_3_1, %tmp_1_2" [conv/conv_1.cpp:26]   --->   Operation 120 'fadd' 'w_sum_3_2' <Predicate = (!icmp_ln18)> <Delay = 22.5> <Core = "FAddSub">   --->   Core 105 'FAddSub' <Latency = 1> <II = 1> <Delay = 22.5> <FuncUnit> <Opcode : 'fadd' 'fsub'> <InPorts = 2> <OutPorts = 1>
ST_12 : Operation 121 [1/1] (0.00ns)   --->   "%empty_7 = call i32 (...)* @_ssdm_op_SpecRegionEnd([11 x i8]* @p_str4, i32 %tmp_4) nounwind" [conv/conv_1.cpp:30]   --->   Operation 121 'specregionend' 'empty_7' <Predicate = (!icmp_ln18)> <Delay = 0.00>
ST_12 : Operation 122 [1/1] (0.00ns)   --->   "br label %4" [conv/conv_1.cpp:18]   --->   Operation 122 'br' <Predicate = (!icmp_ln18)> <Delay = 0.00>

State 13 <SV = 5> <Delay = 3.25>
ST_13 : Operation 123 [1/1] (0.00ns)   --->   "%conv_1_bias_addr = getelementptr inbounds [32 x float]* @conv_1_bias, i64 0, i64 %zext_ln26" [conv/conv_1.cpp:31]   --->   Operation 123 'getelementptr' 'conv_1_bias_addr' <Predicate = true> <Delay = 0.00>
ST_13 : Operation 124 [2/2] (3.25ns)   --->   "%conv_1_bias_load = load float* %conv_1_bias_addr, align 4" [conv/conv_1.cpp:31]   --->   Operation 124 'load' 'conv_1_bias_load' <Predicate = true> <Delay = 3.25> <Core = "ROM_nP">   --->   Core 52 'ROM_nP' <Latency = 1> <II = 1> <Delay = 3.25> <Storage> <Opcode : 'load'> <Ports = 0> <Width = 32> <Depth = 32> <ROM>

State 14 <SV = 6> <Delay = 25.8>
ST_14 : Operation 125 [1/2] (3.25ns)   --->   "%conv_1_bias_load = load float* %conv_1_bias_addr, align 4" [conv/conv_1.cpp:31]   --->   Operation 125 'load' 'conv_1_bias_load' <Predicate = true> <Delay = 3.25> <Core = "ROM_nP">   --->   Core 52 'ROM_nP' <Latency = 1> <II = 1> <Delay = 3.25> <Storage> <Opcode : 'load'> <Ports = 0> <Width = 32> <Depth = 32> <ROM>
ST_14 : Operation 126 [2/2] (22.5ns)   --->   "%w_sum = fadd float %w_sum_0, %conv_1_bias_load" [conv/conv_1.cpp:31]   --->   Operation 126 'fadd' 'w_sum' <Predicate = true> <Delay = 22.5> <Core = "FAddSub">   --->   Core 105 'FAddSub' <Latency = 1> <II = 1> <Delay = 22.5> <FuncUnit> <Opcode : 'fadd' 'fsub'> <InPorts = 2> <OutPorts = 1>

State 15 <SV = 7> <Delay = 33.5>
ST_15 : Operation 127 [1/2] (22.5ns)   --->   "%w_sum = fadd float %w_sum_0, %conv_1_bias_load" [conv/conv_1.cpp:31]   --->   Operation 127 'fadd' 'w_sum' <Predicate = true> <Delay = 22.5> <Core = "FAddSub">   --->   Core 105 'FAddSub' <Latency = 1> <II = 1> <Delay = 22.5> <FuncUnit> <Opcode : 'fadd' 'fsub'> <InPorts = 2> <OutPorts = 1>
ST_15 : Operation 128 [1/1] (0.00ns)   --->   "%bitcast_ln34 = bitcast float %w_sum to i32" [conv/conv_1.cpp:34]   --->   Operation 128 'bitcast' 'bitcast_ln34' <Predicate = true> <Delay = 0.00>
ST_15 : Operation 129 [1/1] (0.00ns)   --->   "%tmp = call i8 @_ssdm_op_PartSelect.i8.i32.i32.i32(i32 %bitcast_ln34, i32 23, i32 30)" [conv/conv_1.cpp:34]   --->   Operation 129 'partselect' 'tmp' <Predicate = true> <Delay = 0.00>
ST_15 : Operation 130 [1/1] (0.00ns)   --->   "%trunc_ln34 = trunc i32 %bitcast_ln34 to i23" [conv/conv_1.cpp:34]   --->   Operation 130 'trunc' 'trunc_ln34' <Predicate = true> <Delay = 0.00>
ST_15 : Operation 131 [1/1] (1.55ns)   --->   "%icmp_ln34 = icmp ne i8 %tmp, -1" [conv/conv_1.cpp:34]   --->   Operation 131 'icmp' 'icmp_ln34' <Predicate = true> <Delay = 1.55> <Core = "Cmp">   --->   Core 25 'Cmp' <Latency = 0> <II = 1> <Delay = 2.44> <FuncUnit> <Opcode : 'icmp'> <InPorts = 2> <OutPorts = 1>
ST_15 : Operation 132 [1/1] (2.44ns)   --->   "%icmp_ln34_1 = icmp eq i23 %trunc_ln34, 0" [conv/conv_1.cpp:34]   --->   Operation 132 'icmp' 'icmp_ln34_1' <Predicate = true> <Delay = 2.44> <Core = "Cmp">   --->   Core 25 'Cmp' <Latency = 0> <II = 1> <Delay = 2.44> <FuncUnit> <Opcode : 'icmp'> <InPorts = 2> <OutPorts = 1>
ST_15 : Operation 133 [1/1] (0.00ns) (grouped into LUT with out node w_sum_1)   --->   "%or_ln34 = or i1 %icmp_ln34_1, %icmp_ln34" [conv/conv_1.cpp:34]   --->   Operation 133 'or' 'or_ln34' <Predicate = true> <Delay = 0.00> <Core = "LogicGate">   --->   Core 27 'LogicGate' <Latency = 0> <II = 1> <Delay = 0.97> <FuncUnit> <Opcode : 'and' 'or' 'xor'> <InPorts = 2> <OutPorts = 1>
ST_15 : Operation 134 [1/1] (6.78ns)   --->   "%tmp_5 = fcmp ogt float %w_sum, 0.000000e+00" [conv/conv_1.cpp:34]   --->   Operation 134 'fcmp' 'tmp_5' <Predicate = true> <Delay = 6.78> <Core = "FCmp">   --->   Core 111 'FCmp' <Latency = 0> <II = 1> <Delay = 6.78> <FuncUnit> <Opcode : 'fcmp'> <InPorts = 2> <OutPorts = 1>
ST_15 : Operation 135 [1/1] (0.00ns) (grouped into LUT with out node w_sum_1)   --->   "%and_ln34 = and i1 %or_ln34, %tmp_5" [conv/conv_1.cpp:34]   --->   Operation 135 'and' 'and_ln34' <Predicate = true> <Delay = 0.00> <Core = "LogicGate">   --->   Core 27 'LogicGate' <Latency = 0> <II = 1> <Delay = 0.97> <FuncUnit> <Opcode : 'and' 'or' 'xor'> <InPorts = 2> <OutPorts = 1>
ST_15 : Operation 136 [1/1] (0.97ns) (out node of the LUT)   --->   "%w_sum_1 = select i1 %and_ln34, float %w_sum, float 0.000000e+00" [conv/conv_1.cpp:34]   --->   Operation 136 'select' 'w_sum_1' <Predicate = true> <Delay = 0.97> <Core = "Sel">   --->   Core 26 'Sel' <Latency = 0> <II = 1> <Delay = 0.69> <FuncUnit> <Opcode : 'select'> <InPorts = 3> <OutPorts = 1>
ST_15 : Operation 137 [1/1] (3.25ns)   --->   "store float %w_sum_1, float* %conv_out_addr, align 4" [conv/conv_1.cpp:35]   --->   Operation 137 'store' <Predicate = true> <Delay = 3.25> <Core = "RAM">   --->   Core 37 'RAM' <Latency = 1> <II = 1> <Delay = 3.25> <Storage> <Opcode : 'load' 'store'> <Ports = 2> <Width = 32> <Depth = 21632> <RAM>
ST_15 : Operation 138 [1/1] (0.00ns)   --->   "%empty_8 = call i32 (...)* @_ssdm_op_SpecRegionEnd([13 x i8]* @p_str2, i32 %tmp_3) nounwind" [conv/conv_1.cpp:39]   --->   Operation 138 'specregionend' 'empty_8' <Predicate = true> <Delay = 0.00>
ST_15 : Operation 139 [1/1] (0.00ns)   --->   "br label %3" [conv/conv_1.cpp:14]   --->   Operation 139 'br' <Predicate = true> <Delay = 0.00>


============================================================
+ Verbose Summary: Timing violations
============================================================
Target clock period: 40ns, clock uncertainty: 5ns.

 <State 1>: 1.77ns
The critical path consists of the following:
	multiplexor before 'phi' operation ('r') with incoming values : ('r', conv/conv_1.cpp:8) [12]  (1.77 ns)

 <State 2>: 1.78ns
The critical path consists of the following:
	'phi' operation ('r') with incoming values : ('r', conv/conv_1.cpp:8) [12]  (0 ns)
	'add' operation ('r', conv/conv_1.cpp:8) [17]  (1.78 ns)

 <State 3>: 1.78ns
The critical path consists of the following:
	'phi' operation ('c') with incoming values : ('c', conv/conv_1.cpp:26) [24]  (0 ns)
	'add' operation ('c', conv/conv_1.cpp:26) [27]  (1.78 ns)

 <State 4>: 1.94ns
The critical path consists of the following:
	'phi' operation ('f') with incoming values : ('f', conv/conv_1.cpp:14) [42]  (0 ns)
	'add' operation ('add_ln35_1', conv/conv_1.cpp:35) [53]  (1.94 ns)

 <State 5>: 8.4ns
The critical path consists of the following:
	'phi' operation ('wr') with incoming values : ('wr', conv/conv_1.cpp:18) [58]  (0 ns)
	'add' operation ('add_ln26', conv/conv_1.cpp:26) [76]  (1.78 ns)
	'sub' operation ('sub_ln26', conv/conv_1.cpp:26) [81]  (1.73 ns)
	'add' operation ('add_ln26_4', conv/conv_1.cpp:26) [82]  (1.64 ns)
	'getelementptr' operation ('conv_input_addr', conv/conv_1.cpp:26) [84]  (0 ns)
	'load' operation ('conv_input_load', conv/conv_1.cpp:26) on array 'conv_input' [92]  (3.25 ns)

 <State 6>: 15.6ns
The critical path consists of the following:
	'load' operation ('conv_1_weights_0_0_l', conv/conv_1.cpp:26) on array 'conv_1_weights_0_0' [91]  (3.25 ns)
	'fmul' operation ('tmp_s', conv/conv_1.cpp:26) [93]  (12.4 ns)

 <State 7>: 35ns
The critical path consists of the following:
	'fmul' operation ('tmp_s', conv/conv_1.cpp:26) [93]  (12.4 ns)
	'fadd' operation ('w_sum_3', conv/conv_1.cpp:26) [94]  (22.6 ns)

 <State 8>: 22.6ns
The critical path consists of the following:
	'fadd' operation ('w_sum_3', conv/conv_1.cpp:26) [94]  (22.6 ns)

 <State 9>: 22.6ns
The critical path consists of the following:
	'fadd' operation ('w_sum_3_1', conv/conv_1.cpp:26) [98]  (22.6 ns)

 <State 10>: 22.6ns
The critical path consists of the following:
	'fadd' operation ('w_sum_3_1', conv/conv_1.cpp:26) [98]  (22.6 ns)

 <State 11>: 22.6ns
The critical path consists of the following:
	'fadd' operation ('w_sum_3_2', conv/conv_1.cpp:26) [102]  (22.6 ns)

 <State 12>: 22.6ns
The critical path consists of the following:
	'fadd' operation ('w_sum_3_2', conv/conv_1.cpp:26) [102]  (22.6 ns)

 <State 13>: 3.25ns
The critical path consists of the following:
	'getelementptr' operation ('conv_1_bias_addr', conv/conv_1.cpp:31) [106]  (0 ns)
	'load' operation ('conv_1_bias_load', conv/conv_1.cpp:31) on array 'conv_1_bias' [107]  (3.25 ns)

 <State 14>: 25.8ns
The critical path consists of the following:
	'load' operation ('conv_1_bias_load', conv/conv_1.cpp:31) on array 'conv_1_bias' [107]  (3.25 ns)
	'fadd' operation ('w_sum', conv/conv_1.cpp:31) [108]  (22.6 ns)

 <State 15>: 33.6ns
The critical path consists of the following:
	'fadd' operation ('w_sum', conv/conv_1.cpp:31) [108]  (22.6 ns)
	'fcmp' operation ('tmp_5', conv/conv_1.cpp:34) [115]  (6.79 ns)
	'and' operation ('and_ln34', conv/conv_1.cpp:34) [116]  (0 ns)
	'select' operation ('w_sum', conv/conv_1.cpp:34) [117]  (0.978 ns)
	'store' operation ('store_ln35', conv/conv_1.cpp:35) of variable 'w_sum', conv/conv_1.cpp:34 on array 'conv_out' [118]  (3.25 ns)


============================================================
+ Verbose Summary: Binding
============================================================
N/A
* FSMD analyzer results:
  - Output states:
 - Input state : 
  - Chain level:
	State 1
	State 2
	State 3
	State 4
	State 5
	State 6
	State 7
	State 8
	State 9
	State 10
	State 11
	State 12
	State 13
	State 14
	State 15


============================================================
+ Verbose Summary: Datapath Resource usage 
============================================================
N/A
