18:20:01 INFO  : Registering command handlers for SDK TCF services
18:20:02 INFO  : Launching XSCT server: xsct.bat -interactive C:\Users\chenq\MAG\code\FFF\VIVADO2019\APDataType\cnn_ap_opt_1\cnn_ap_opt_1.sdk\temp_xsdb_launch_script.tcl
18:20:04 INFO  : XSCT server has started successfully.
18:20:04 INFO  : Successfully done setting XSCT server connection channel  
18:20:04 INFO  : Successfully done setting SDK workspace  
18:20:04 INFO  : Processing command line option -hwspec C:/Users/chenq/MAG/code/FFF/VIVADO2019/APDataType/cnn_ap_opt_1/cnn_ap_opt_1.sdk/design_1_wrapper.hdf.
18:21:41 INFO  : Connected to target on host '127.0.0.1' and port '3121'.
18:21:41 INFO  : Jtag cable 'Digilent Zybo Z7 210351A820C1A' is selected.
18:21:41 INFO  : 'jtag frequency' command is executed.
18:21:41 INFO  : Sourcing of 'C:/Users/chenq/MAG/code/FFF/VIVADO2019/APDataType/cnn_ap_opt_1/cnn_ap_opt_1.sdk/design_1_wrapper_hw_platform_0/ps7_init.tcl' is done.
18:21:42 INFO  : 'targets -set -filter {jtag_cable_name =~ "Digilent Zybo Z7 210351A820C1A" && level==0} -index 1' command is executed.
18:21:44 INFO  : FPGA configured successfully with bitstream "C:/Users/chenq/MAG/code/FFF/VIVADO2019/APDataType/cnn_ap_opt_1/cnn_ap_opt_1.runs/impl_1/design_1_wrapper.bit"
18:21:44 INFO  : Context for 'APU' is selected.
18:21:44 INFO  : Hardware design information is loaded from 'C:/Users/chenq/MAG/code/FFF/VIVADO2019/APDataType/cnn_ap_opt_1/cnn_ap_opt_1.sdk/design_1_wrapper_hw_platform_0/system.hdf'.
18:21:44 INFO  : 'configparams force-mem-access 1' command is executed.
18:21:44 INFO  : Context for 'APU' is selected.
18:21:44 INFO  : 'stop' command is executed.
18:21:44 INFO  : 'ps7_init' command is executed.
18:21:44 INFO  : 'ps7_post_config' command is executed.
18:21:44 INFO  : Context for processor 'ps7_cortexa9_0' is selected.
18:21:44 INFO  : Processor reset is completed for 'ps7_cortexa9_0'.
18:21:44 INFO  : Context for processor 'ps7_cortexa9_0' is selected.
18:21:45 INFO  : The application 'C:/Users/chenq/MAG/code/FFF/VIVADO2019/APDataType/cnn_ap_opt_1/cnn_ap_opt_1.sdk/cnn_ap_opt/Debug/cnn_ap_opt.elf' is downloaded to processor 'ps7_cortexa9_0'.
18:21:45 INFO  : 'configparams force-mem-access 0' command is executed.
18:21:45 INFO  : ----------------XSDB Script----------------
connect -url tcp:127.0.0.1:3121
source C:/Users/chenq/MAG/code/FFF/VIVADO2019/APDataType/cnn_ap_opt_1/cnn_ap_opt_1.sdk/design_1_wrapper_hw_platform_0/ps7_init.tcl
targets -set -filter {jtag_cable_name =~ "Digilent Zybo Z7 210351A820C1A" && level==0} -index 1
fpga -file C:/Users/chenq/MAG/code/FFF/VIVADO2019/APDataType/cnn_ap_opt_1/cnn_ap_opt_1.runs/impl_1/design_1_wrapper.bit
targets -set -nocase -filter {name =~"APU*" && jtag_cable_name =~ "Digilent Zybo Z7 210351A820C1A"} -index 0
loadhw -hw C:/Users/chenq/MAG/code/FFF/VIVADO2019/APDataType/cnn_ap_opt_1/cnn_ap_opt_1.sdk/design_1_wrapper_hw_platform_0/system.hdf -mem-ranges [list {0x40000000 0xbfffffff}]
configparams force-mem-access 1
targets -set -nocase -filter {name =~"APU*" && jtag_cable_name =~ "Digilent Zybo Z7 210351A820C1A"} -index 0
stop
ps7_init
ps7_post_config
targets -set -nocase -filter {name =~ "ARM*#0" && jtag_cable_name =~ "Digilent Zybo Z7 210351A820C1A"} -index 0
rst -processor
targets -set -nocase -filter {name =~ "ARM*#0" && jtag_cable_name =~ "Digilent Zybo Z7 210351A820C1A"} -index 0
dow C:/Users/chenq/MAG/code/FFF/VIVADO2019/APDataType/cnn_ap_opt_1/cnn_ap_opt_1.sdk/cnn_ap_opt/Debug/cnn_ap_opt.elf
configparams force-mem-access 0
----------------End of Script----------------

18:21:45 INFO  : Memory regions updated for context APU
18:21:45 INFO  : Context for processor 'ps7_cortexa9_0' is selected.
18:21:45 INFO  : 'con' command is executed.
18:21:45 INFO  : ----------------XSDB Script (After Launch)----------------
targets -set -nocase -filter {name =~ "ARM*#0" && jtag_cable_name =~ "Digilent Zybo Z7 210351A820C1A"} -index 0
con
----------------End of Script----------------

18:21:45 INFO  : Launch script is exported to file 'C:\Users\chenq\MAG\code\FFF\VIVADO2019\APDataType\cnn_ap_opt_1\cnn_ap_opt_1.sdk\.sdk\launch_scripts\xilinx_c-c++_application_(system_debugger)\system_debugger_using_debug_cnn_ap_opt.elf_on_local.tcl'
18:22:06 INFO  : Disconnected from the channel tcfchan#1.
