

================================================================
== Vivado HLS Report for 'conv_1'
================================================================
* Date:           Sat Aug 12 14:55:29 2023

* Version:        2020.1 (Build 2897737 on Wed May 27 20:21:37 MDT 2020)
* Project:        conv
* Solution:       WCp_apc_d2
* Product family: virtex7
* Target device:  xc7vx485t-ffg1157-1


================================================================
== Performance Estimates
================================================================
+ Timing: 
    * Summary: 
    +--------+----------+-----------+------------+
    |  Clock |  Target  | Estimated | Uncertainty|
    +--------+----------+-----------+------------+
    |ap_clk  | 40.00 ns | 33.795 ns |   5.00 ns  |
    +--------+----------+-----------+------------+

+ Latency: 
    * Summary: 
    +---------+---------+-----------+-----------+-----+-----+---------+
    |  Latency (cycles) |   Latency (absolute)  |  Interval | Pipeline|
    |   min   |   max   |    min    |    max    | min | max |   Type  |
    +---------+---------+-----------+-----------+-----+-----+---------+
    |      289|      289| 11.560 us | 11.560 us |  289|  289|   none  |
    +---------+---------+-----------+-----------+-----+-----+---------+

    + Detail: 
        * Instance: 
        N/A

        * Loop: 
        +----------------------------------+---------+---------+----------+-----------+-----------+------+----------+
        |                                  |  Latency (cycles) | Iteration|  Initiation Interval  | Trip |          |
        |             Loop Name            |   min   |   max   |  Latency |  achieved |   target  | Count| Pipelined|
        +----------------------------------+---------+---------+----------+-----------+-----------+------+----------+
        |- Row_Loop_Col_Loop_Filter1_Loop  |      288|      288|        24|          -|          -|    12|    no    |
        | + W_Row_Loop_W_Col_Loop          |       20|       20|         5|          2|          1|     9|    yes   |
        +----------------------------------+---------+---------+----------+-----------+-----------+------+----------+

============================================================
+ Verbose Summary: Synthesis Manager
============================================================
InlineROM: 1
ExposeGlobal: 0
============================================================
+ Verbose Summary: CDFG Model
============================================================
IsTopModel: 1
ResetActiveHigh: 1
IsCombinational: 0
IsDatapathOnly: 0
HasWiredReturn: 1
HasMFsm: 0
HasVarLatency: 1
IsPipeline: 0
IsRtlPipelined: 0
IsInstanceOverlapped: 0
IsDontTouch: 0
HasImplIP: 0
IsGatedGlobalClock: 0

+ Individual pipeline summary: 
  * Pipeline-0: initiation interval (II) = 2, depth = 5


============================================================
+ Verbose Summary: Schedule
============================================================
* Number of FSM states : 9
* Pipeline : 1
  Pipeline-0 : II = 2, D = 5, States = { 3 4 5 6 7 }
* Dataflow Pipeline: 0

* FSM state transitions: 
1 --> 2 
2 --> 3 
3 --> 8 4 
4 --> 5 
5 --> 6 
6 --> 7 
7 --> 3 
8 --> 9 
9 --> 2 

* FSM state operations: 

State 1 <SV = 0> <Delay = 1.18>
ST_1 : Operation 10 [1/1] (0.00ns)   --->   "call void (...)* @_ssdm_op_SpecBitsMap([8 x float]* %input_3), !map !7"   --->   Operation 10 'specbitsmap' <Predicate = true> <Delay = 0.00>
ST_1 : Operation 11 [1/1] (0.00ns)   --->   "call void (...)* @_ssdm_op_SpecBitsMap([8 x float]* %input_2), !map !15"   --->   Operation 11 'specbitsmap' <Predicate = true> <Delay = 0.00>
ST_1 : Operation 12 [1/1] (0.00ns)   --->   "call void (...)* @_ssdm_op_SpecBitsMap([8 x float]* %input_1), !map !21"   --->   Operation 12 'specbitsmap' <Predicate = true> <Delay = 0.00>
ST_1 : Operation 13 [1/1] (0.00ns)   --->   "call void (...)* @_ssdm_op_SpecBitsMap([8 x float]* %input_0), !map !27"   --->   Operation 13 'specbitsmap' <Predicate = true> <Delay = 0.00>
ST_1 : Operation 14 [1/1] (0.00ns)   --->   "call void (...)* @_ssdm_op_SpecBitsMap([6 x float]* %conv_out_1), !map !33"   --->   Operation 14 'specbitsmap' <Predicate = true> <Delay = 0.00>
ST_1 : Operation 15 [1/1] (0.00ns)   --->   "call void (...)* @_ssdm_op_SpecBitsMap([6 x float]* %conv_out_0), !map !39"   --->   Operation 15 'specbitsmap' <Predicate = true> <Delay = 0.00>
ST_1 : Operation 16 [1/1] (0.00ns)   --->   "call void (...)* @_ssdm_op_SpecTopModule([7 x i8]* @conv_1_str) nounwind"   --->   Operation 16 'spectopmodule' <Predicate = true> <Delay = 0.00>
ST_1 : Operation 17 [1/1] (1.18ns)   --->   "br label %1" [conv.cpp:8]   --->   Operation 17 'br' <Predicate = true> <Delay = 1.18>

State 2 <SV = 1> <Delay = 5.10>
ST_2 : Operation 18 [1/1] (0.00ns)   --->   "%indvar_flatten29 = phi i4 [ 0, %0 ], [ %add_ln8, %Filter1_Loop_end ]" [conv.cpp:8]   --->   Operation 18 'phi' 'indvar_flatten29' <Predicate = true> <Delay = 0.00>
ST_2 : Operation 19 [1/1] (0.00ns)   --->   "%r_0 = phi i2 [ 0, %0 ], [ %select_ln34_1, %Filter1_Loop_end ]" [conv.cpp:34]   --->   Operation 19 'phi' 'r_0' <Predicate = true> <Delay = 0.00>
ST_2 : Operation 20 [1/1] (0.00ns)   --->   "%indvar_flatten15 = phi i4 [ 0, %0 ], [ %select_ln11_1, %Filter1_Loop_end ]" [conv.cpp:11]   --->   Operation 20 'phi' 'indvar_flatten15' <Predicate = true> <Delay = 0.00>
ST_2 : Operation 21 [1/1] (0.00ns)   --->   "%c_0 = phi i2 [ 0, %0 ], [ %select_ln11, %Filter1_Loop_end ]" [conv.cpp:11]   --->   Operation 21 'phi' 'c_0' <Predicate = true> <Delay = 0.00>
ST_2 : Operation 22 [1/1] (0.00ns)   --->   "%f_0 = phi i2 [ 0, %0 ], [ %f, %Filter1_Loop_end ]"   --->   Operation 22 'phi' 'f_0' <Predicate = true> <Delay = 0.00>
ST_2 : Operation 23 [1/1] (1.12ns)   --->   "%icmp_ln8 = icmp eq i4 %indvar_flatten29, -4" [conv.cpp:8]   --->   Operation 23 'icmp' 'icmp_ln8' <Predicate = true> <Delay = 1.12> <Core = "Cmp">   --->   Core 25 'Cmp' <Latency = 0> <II = 1> <Delay = 1.48> <FuncUnit> <Opcode : 'icmp'> <InPorts = 2> <OutPorts = 1>
ST_2 : Operation 24 [1/1] (1.36ns)   --->   "%add_ln8 = add i4 %indvar_flatten29, 1" [conv.cpp:8]   --->   Operation 24 'add' 'add_ln8' <Predicate = true> <Delay = 1.36> <Core = "AddSub">   --->   Core 14 'AddSub' <Latency = 0> <II = 1> <Delay = 1.36> <FuncUnit> <Opcode : 'add' 'sub'> <InPorts = 2> <OutPorts = 1>
ST_2 : Operation 25 [1/1] (0.00ns)   --->   "br i1 %icmp_ln8, label %4, label %Filter1_Loop_begin" [conv.cpp:8]   --->   Operation 25 'br' <Predicate = true> <Delay = 0.00>
ST_2 : Operation 26 [1/1] (1.00ns)   --->   "%r = add i2 1, %r_0" [conv.cpp:8]   --->   Operation 26 'add' 'r' <Predicate = (!icmp_ln8)> <Delay = 1.00> <Core = "AddSub">   --->   Core 14 'AddSub' <Latency = 0> <II = 1> <Delay = 1.36> <FuncUnit> <Opcode : 'add' 'sub'> <InPorts = 2> <OutPorts = 1>
ST_2 : Operation 27 [1/1] (0.00ns)   --->   "call void (...)* @_ssdm_op_SpecLoopName([31 x i8]* @Row_Loop_Col_Loop_Fi)"   --->   Operation 27 'specloopname' <Predicate = (!icmp_ln8)> <Delay = 0.00>
ST_2 : Operation 28 [1/1] (0.00ns)   --->   "%empty_7 = call i32 (...)* @_ssdm_op_SpecLoopTripCount(i64 12, i64 12, i64 12)"   --->   Operation 28 'speclooptripcount' 'empty_7' <Predicate = (!icmp_ln8)> <Delay = 0.00>
ST_2 : Operation 29 [1/1] (1.12ns)   --->   "%icmp_ln11 = icmp eq i4 %indvar_flatten15, 6" [conv.cpp:11]   --->   Operation 29 'icmp' 'icmp_ln11' <Predicate = (!icmp_ln8)> <Delay = 1.12> <Core = "Cmp">   --->   Core 25 'Cmp' <Latency = 0> <II = 1> <Delay = 1.48> <FuncUnit> <Opcode : 'icmp'> <InPorts = 2> <OutPorts = 1>
ST_2 : Operation 30 [1/1] (0.62ns)   --->   "%select_ln34 = select i1 %icmp_ln11, i2 0, i2 %c_0" [conv.cpp:34]   --->   Operation 30 'select' 'select_ln34' <Predicate = (!icmp_ln8)> <Delay = 0.62> <Core = "Sel">   --->   Core 26 'Sel' <Latency = 0> <II = 1> <Delay = 0.65> <FuncUnit> <Opcode : 'select'> <InPorts = 3> <OutPorts = 1>
ST_2 : Operation 31 [1/1] (0.62ns)   --->   "%select_ln34_1 = select i1 %icmp_ln11, i2 %r, i2 %r_0" [conv.cpp:34]   --->   Operation 31 'select' 'select_ln34_1' <Predicate = (!icmp_ln8)> <Delay = 0.62> <Core = "Sel">   --->   Core 26 'Sel' <Latency = 0> <II = 1> <Delay = 0.65> <FuncUnit> <Opcode : 'select'> <InPorts = 3> <OutPorts = 1>
ST_2 : Operation 32 [1/1] (0.00ns)   --->   "%zext_ln34 = zext i2 %select_ln34_1 to i4" [conv.cpp:34]   --->   Operation 32 'zext' 'zext_ln34' <Predicate = (!icmp_ln8)> <Delay = 0.00>
ST_2 : Operation 33 [1/1] (0.00ns)   --->   "%tmp_1 = call i4 @_ssdm_op_BitConcatenate.i4.i2.i2(i2 %select_ln34_1, i2 0)" [conv.cpp:34]   --->   Operation 33 'bitconcatenate' 'tmp_1' <Predicate = (!icmp_ln8)> <Delay = 0.00>
ST_2 : Operation 34 [1/1] (0.00ns) (grouped into TernaryAdder)   --->   "%sub_ln34 = sub i4 %tmp_1, %zext_ln34" [conv.cpp:34]   --->   Operation 34 'sub' 'sub_ln34' <Predicate = (!icmp_ln8)> <Delay = 0.00> <Core = "TAddSub">   --->   Core 83 'TAddSub' <Latency = 0> <II = 1> <Delay = 1.06> <IPBlock> <Opcode : 'add' 'sub'> <InPorts = 3> <OutPorts = 1> <Sync> <CReg>
ST_2 : Operation 35 [1/1] (0.61ns)   --->   "%xor_ln34 = xor i1 %icmp_ln11, true" [conv.cpp:34]   --->   Operation 35 'xor' 'xor_ln34' <Predicate = (!icmp_ln8)> <Delay = 0.61> <Core = "LogicGate">   --->   Core 27 'LogicGate' <Latency = 0> <II = 1> <Delay = 0.61> <FuncUnit> <Opcode : 'and' 'or' 'xor'> <InPorts = 2> <OutPorts = 1>
ST_2 : Operation 36 [1/1] (0.00ns) (grouped into LUT with out node select_ln34_3)   --->   "%trunc_ln34 = trunc i2 %c_0 to i1" [conv.cpp:34]   --->   Operation 36 'trunc' 'trunc_ln34' <Predicate = (!icmp_ln8)> <Delay = 0.00>
ST_2 : Operation 37 [1/1] (0.00ns) (grouped into LUT with out node select_ln34_3)   --->   "%and_ln34 = and i1 %trunc_ln34, %xor_ln34" [conv.cpp:34]   --->   Operation 37 'and' 'and_ln34' <Predicate = (!icmp_ln8)> <Delay = 0.00> <Core = "LogicGate">   --->   Core 27 'LogicGate' <Latency = 0> <II = 1> <Delay = 0.61> <FuncUnit> <Opcode : 'and' 'or' 'xor'> <InPorts = 2> <OutPorts = 1>
ST_2 : Operation 38 [1/1] (0.61ns)   --->   "%icmp_ln14 = icmp eq i2 %f_0, -1" [conv.cpp:14]   --->   Operation 38 'icmp' 'icmp_ln14' <Predicate = (!icmp_ln8)> <Delay = 0.61> <Core = "Cmp">   --->   Core 25 'Cmp' <Latency = 0> <II = 1> <Delay = 1.48> <FuncUnit> <Opcode : 'icmp'> <InPorts = 2> <OutPorts = 1>
ST_2 : Operation 39 [1/1] (0.61ns)   --->   "%and_ln34_1 = and i1 %icmp_ln14, %xor_ln34" [conv.cpp:34]   --->   Operation 39 'and' 'and_ln34_1' <Predicate = (!icmp_ln8)> <Delay = 0.61> <Core = "LogicGate">   --->   Core 27 'LogicGate' <Latency = 0> <II = 1> <Delay = 0.61> <FuncUnit> <Opcode : 'and' 'or' 'xor'> <InPorts = 2> <OutPorts = 1>
ST_2 : Operation 40 [1/1] (1.00ns)   --->   "%c = add i2 1, %select_ln34" [conv.cpp:11]   --->   Operation 40 'add' 'c' <Predicate = (!icmp_ln8)> <Delay = 1.00> <Core = "AddSub">   --->   Core 14 'AddSub' <Latency = 0> <II = 1> <Delay = 1.36> <FuncUnit> <Opcode : 'add' 'sub'> <InPorts = 2> <OutPorts = 1>
ST_2 : Operation 41 [1/1] (0.00ns)   --->   "call void (...)* @_ssdm_op_SpecLoopName([22 x i8]* @Col_Loop_Filter1_Loo)"   --->   Operation 41 'specloopname' <Predicate = (!icmp_ln8)> <Delay = 0.00>
ST_2 : Operation 42 [1/1] (0.00ns) (grouped into LUT with out node select_ln34_2)   --->   "%or_ln34 = or i1 %and_ln34_1, %icmp_ln11" [conv.cpp:34]   --->   Operation 42 'or' 'or_ln34' <Predicate = (!icmp_ln8)> <Delay = 0.00> <Core = "LogicGate">   --->   Core 27 'LogicGate' <Latency = 0> <II = 1> <Delay = 0.61> <FuncUnit> <Opcode : 'and' 'or' 'xor'> <InPorts = 2> <OutPorts = 1>
ST_2 : Operation 43 [1/1] (0.62ns) (out node of the LUT)   --->   "%select_ln34_2 = select i1 %or_ln34, i2 0, i2 %f_0" [conv.cpp:34]   --->   Operation 43 'select' 'select_ln34_2' <Predicate = (!icmp_ln8)> <Delay = 0.62> <Core = "Sel">   --->   Core 26 'Sel' <Latency = 0> <II = 1> <Delay = 0.65> <FuncUnit> <Opcode : 'select'> <InPorts = 3> <OutPorts = 1>
ST_2 : Operation 44 [1/1] (0.00ns) (grouped into LUT with out node select_ln34_3)   --->   "%trunc_ln34_1 = trunc i2 %c to i1" [conv.cpp:34]   --->   Operation 44 'trunc' 'trunc_ln34_1' <Predicate = (!icmp_ln8)> <Delay = 0.00>
ST_2 : Operation 45 [1/1] (0.62ns) (out node of the LUT)   --->   "%select_ln34_3 = select i1 %and_ln34_1, i1 %trunc_ln34_1, i1 %and_ln34" [conv.cpp:34]   --->   Operation 45 'select' 'select_ln34_3' <Predicate = (!icmp_ln8)> <Delay = 0.62> <Core = "Sel">   --->   Core 26 'Sel' <Latency = 0> <II = 1> <Delay = 0.65> <FuncUnit> <Opcode : 'select'> <InPorts = 3> <OutPorts = 1>
ST_2 : Operation 46 [1/1] (0.62ns)   --->   "%select_ln11 = select i1 %and_ln34_1, i2 %c, i2 %select_ln34" [conv.cpp:11]   --->   Operation 46 'select' 'select_ln11' <Predicate = (!icmp_ln8)> <Delay = 0.62> <Core = "Sel">   --->   Core 26 'Sel' <Latency = 0> <II = 1> <Delay = 0.65> <FuncUnit> <Opcode : 'select'> <InPorts = 3> <OutPorts = 1>
ST_2 : Operation 47 [1/1] (0.00ns)   --->   "call void (...)* @_ssdm_op_SpecLoopName([13 x i8]* @p_str4) nounwind" [conv.cpp:15]   --->   Operation 47 'specloopname' <Predicate = (!icmp_ln8)> <Delay = 0.00>
ST_2 : Operation 48 [1/1] (0.00ns)   --->   "%tmp_3 = call i32 (...)* @_ssdm_op_SpecRegionBegin([13 x i8]* @p_str4) nounwind" [conv.cpp:15]   --->   Operation 48 'specregionbegin' 'tmp_3' <Predicate = (!icmp_ln8)> <Delay = 0.00>
ST_2 : Operation 49 [1/1] (0.00ns)   --->   "%zext_ln34_1 = zext i2 %select_ln34_2 to i6" [conv.cpp:34]   --->   Operation 49 'zext' 'zext_ln34_1' <Predicate = (!icmp_ln8)> <Delay = 0.00>
ST_2 : Operation 50 [1/1] (0.00ns)   --->   "%zext_ln34_2 = zext i2 %select_ln34_2 to i4" [conv.cpp:34]   --->   Operation 50 'zext' 'zext_ln34_2' <Predicate = (!icmp_ln8)> <Delay = 0.00>
ST_2 : Operation 51 [1/1] (2.12ns) (root node of TernaryAdder)   --->   "%add_ln34 = add i4 %zext_ln34_2, %sub_ln34" [conv.cpp:34]   --->   Operation 51 'add' 'add_ln34' <Predicate = (!icmp_ln8)> <Delay = 2.12> <Core = "TAddSub">   --->   Core 83 'TAddSub' <Latency = 0> <II = 1> <Delay = 1.06> <IPBlock> <Opcode : 'add' 'sub'> <InPorts = 3> <OutPorts = 1> <Sync> <CReg>
ST_2 : Operation 52 [1/1] (0.00ns)   --->   "%sext_ln34 = sext i4 %add_ln34 to i64" [conv.cpp:34]   --->   Operation 52 'sext' 'sext_ln34' <Predicate = (!icmp_ln8)> <Delay = 0.00>
ST_2 : Operation 53 [1/1] (0.00ns)   --->   "%conv_out_0_addr = getelementptr [6 x float]* %conv_out_0, i64 0, i64 %sext_ln34" [conv.cpp:34]   --->   Operation 53 'getelementptr' 'conv_out_0_addr' <Predicate = (!icmp_ln8)> <Delay = 0.00>
ST_2 : Operation 54 [1/1] (0.00ns)   --->   "%conv_out_1_addr = getelementptr [6 x float]* %conv_out_1, i64 0, i64 %sext_ln34" [conv.cpp:34]   --->   Operation 54 'getelementptr' 'conv_out_1_addr' <Predicate = (!icmp_ln8)> <Delay = 0.00>
ST_2 : Operation 55 [1/1] (1.18ns)   --->   "br label %2" [conv.cpp:18]   --->   Operation 55 'br' <Predicate = (!icmp_ln8)> <Delay = 1.18>
ST_2 : Operation 56 [1/1] (0.00ns)   --->   "ret void" [conv.cpp:41]   --->   Operation 56 'ret' <Predicate = (icmp_ln8)> <Delay = 0.00>

State 3 <SV = 2> <Delay = 15.9>
ST_3 : Operation 57 [1/1] (0.00ns)   --->   "%indvar_flatten = phi i4 [ 0, %Filter1_Loop_begin ], [ %add_ln18, %W_Col_Loop ]" [conv.cpp:18]   --->   Operation 57 'phi' 'indvar_flatten' <Predicate = true> <Delay = 0.00>
ST_3 : Operation 58 [1/1] (0.00ns)   --->   "%wr_0 = phi i2 [ 0, %Filter1_Loop_begin ], [ %select_ln26_1, %W_Col_Loop ]" [conv.cpp:26]   --->   Operation 58 'phi' 'wr_0' <Predicate = true> <Delay = 0.00>
ST_3 : Operation 59 [1/1] (0.00ns)   --->   "%w_sum_1 = phi float [ 0.000000e+00, %Filter1_Loop_begin ], [ %w_sum_3_1, %W_Col_Loop ]" [conv.cpp:26]   --->   Operation 59 'phi' 'w_sum_1' <Predicate = true> <Delay = 0.00>
ST_3 : Operation 60 [1/1] (0.00ns)   --->   "%wc_0 = phi i2 [ 0, %Filter1_Loop_begin ], [ %wc, %W_Col_Loop ]"   --->   Operation 60 'phi' 'wc_0' <Predicate = true> <Delay = 0.00>
ST_3 : Operation 61 [1/1] (1.12ns)   --->   "%icmp_ln18 = icmp eq i4 %indvar_flatten, -7" [conv.cpp:18]   --->   Operation 61 'icmp' 'icmp_ln18' <Predicate = true> <Delay = 1.12> <Core = "Cmp">   --->   Core 25 'Cmp' <Latency = 0> <II = 1> <Delay = 1.48> <FuncUnit> <Opcode : 'icmp'> <InPorts = 2> <OutPorts = 1>
ST_3 : Operation 62 [1/1] (1.36ns)   --->   "%add_ln18 = add i4 %indvar_flatten, 1" [conv.cpp:18]   --->   Operation 62 'add' 'add_ln18' <Predicate = true> <Delay = 1.36> <Core = "AddSub">   --->   Core 14 'AddSub' <Latency = 0> <II = 1> <Delay = 1.36> <FuncUnit> <Opcode : 'add' 'sub'> <InPorts = 2> <OutPorts = 1>
ST_3 : Operation 63 [1/1] (0.00ns)   --->   "br i1 %icmp_ln18, label %3, label %W_Col_Loop" [conv.cpp:18]   --->   Operation 63 'br' <Predicate = true> <Delay = 0.00>
ST_3 : Operation 64 [1/1] (1.00ns)   --->   "%wr = add i2 1, %wr_0" [conv.cpp:18]   --->   Operation 64 'add' 'wr' <Predicate = (!icmp_ln18)> <Delay = 1.00> <Core = "AddSub">   --->   Core 14 'AddSub' <Latency = 0> <II = 1> <Delay = 1.36> <FuncUnit> <Opcode : 'add' 'sub'> <InPorts = 2> <OutPorts = 1>
ST_3 : Operation 65 [1/1] (0.61ns)   --->   "%icmp_ln21 = icmp eq i2 %wc_0, -1" [conv.cpp:21]   --->   Operation 65 'icmp' 'icmp_ln21' <Predicate = (!icmp_ln18)> <Delay = 0.61> <Core = "Cmp">   --->   Core 25 'Cmp' <Latency = 0> <II = 1> <Delay = 1.48> <FuncUnit> <Opcode : 'icmp'> <InPorts = 2> <OutPorts = 1>
ST_3 : Operation 66 [1/1] (0.62ns)   --->   "%select_ln26 = select i1 %icmp_ln21, i2 0, i2 %wc_0" [conv.cpp:26]   --->   Operation 66 'select' 'select_ln26' <Predicate = (!icmp_ln18)> <Delay = 0.62> <Core = "Sel">   --->   Core 26 'Sel' <Latency = 0> <II = 1> <Delay = 0.65> <FuncUnit> <Opcode : 'select'> <InPorts = 3> <OutPorts = 1>
ST_3 : Operation 67 [1/1] (0.62ns)   --->   "%select_ln26_1 = select i1 %icmp_ln21, i2 %wr, i2 %wr_0" [conv.cpp:26]   --->   Operation 67 'select' 'select_ln26_1' <Predicate = (!icmp_ln18)> <Delay = 0.62> <Core = "Sel">   --->   Core 26 'Sel' <Latency = 0> <II = 1> <Delay = 0.65> <FuncUnit> <Opcode : 'select'> <InPorts = 3> <OutPorts = 1>
ST_3 : Operation 68 [1/1] (0.00ns)   --->   "%zext_ln26 = zext i2 %select_ln26_1 to i5" [conv.cpp:26]   --->   Operation 68 'zext' 'zext_ln26' <Predicate = (!icmp_ln18)> <Delay = 0.00>
ST_3 : Operation 69 [1/1] (0.00ns)   --->   "%tmp_2 = call i4 @_ssdm_op_BitConcatenate.i4.i2.i2(i2 %select_ln26_1, i2 0)" [conv.cpp:26]   --->   Operation 69 'bitconcatenate' 'tmp_2' <Predicate = (!icmp_ln18)> <Delay = 0.00>
ST_3 : Operation 70 [1/1] (0.00ns)   --->   "%zext_ln26_1 = zext i4 %tmp_2 to i5" [conv.cpp:26]   --->   Operation 70 'zext' 'zext_ln26_1' <Predicate = (!icmp_ln18)> <Delay = 0.00>
ST_3 : Operation 71 [1/1] (1.36ns)   --->   "%sub_ln26 = sub i5 %zext_ln26_1, %zext_ln26" [conv.cpp:26]   --->   Operation 71 'sub' 'sub_ln26' <Predicate = (!icmp_ln18)> <Delay = 1.36> <Core = "AddSub">   --->   Core 14 'AddSub' <Latency = 0> <II = 1> <Delay = 1.36> <FuncUnit> <Opcode : 'add' 'sub'> <InPorts = 2> <OutPorts = 1>
ST_3 : Operation 72 [1/1] (0.00ns)   --->   "%sext_ln26 = sext i5 %sub_ln26 to i6" [conv.cpp:26]   --->   Operation 72 'sext' 'sext_ln26' <Predicate = (!icmp_ln18)> <Delay = 0.00>
ST_3 : Operation 73 [1/1] (1.00ns)   --->   "%add_ln26 = add i2 %select_ln26_1, %select_ln34_1" [conv.cpp:26]   --->   Operation 73 'add' 'add_ln26' <Predicate = (!icmp_ln18)> <Delay = 1.00> <Core = "AddSub">   --->   Core 14 'AddSub' <Latency = 0> <II = 1> <Delay = 1.36> <FuncUnit> <Opcode : 'add' 'sub'> <InPorts = 2> <OutPorts = 1>
ST_3 : Operation 74 [1/1] (0.00ns)   --->   "%tmp_5 = call i3 @_ssdm_op_BitConcatenate.i3.i2.i1(i2 %add_ln26, i1 false)" [conv.cpp:26]   --->   Operation 74 'bitconcatenate' 'tmp_5' <Predicate = (!icmp_ln18)> <Delay = 0.00>
ST_3 : Operation 75 [1/1] (0.00ns)   --->   "%zext_ln26_2 = zext i3 %tmp_5 to i64" [conv.cpp:26]   --->   Operation 75 'zext' 'zext_ln26_2' <Predicate = (!icmp_ln18)> <Delay = 0.00>
ST_3 : Operation 76 [1/1] (0.00ns)   --->   "%input_0_addr = getelementptr [8 x float]* %input_0, i64 0, i64 %zext_ln26_2" [conv.cpp:26]   --->   Operation 76 'getelementptr' 'input_0_addr' <Predicate = (!icmp_ln18)> <Delay = 0.00>
ST_3 : Operation 77 [1/1] (0.00ns)   --->   "%or_ln26 = or i3 %tmp_5, 1" [conv.cpp:26]   --->   Operation 77 'or' 'or_ln26' <Predicate = (!icmp_ln18)> <Delay = 0.00>
ST_3 : Operation 78 [1/1] (0.00ns)   --->   "%tmp_9 = call i64 @_ssdm_op_BitConcatenate.i64.i61.i3(i61 0, i3 %or_ln26)" [conv.cpp:26]   --->   Operation 78 'bitconcatenate' 'tmp_9' <Predicate = (!icmp_ln18)> <Delay = 0.00>
ST_3 : Operation 79 [1/1] (0.00ns)   --->   "%input_0_addr_1 = getelementptr [8 x float]* %input_0, i64 0, i64 %tmp_9" [conv.cpp:26]   --->   Operation 79 'getelementptr' 'input_0_addr_1' <Predicate = (!icmp_ln18)> <Delay = 0.00>
ST_3 : Operation 80 [1/1] (0.00ns)   --->   "%input_1_addr = getelementptr [8 x float]* %input_1, i64 0, i64 %zext_ln26_2" [conv.cpp:26]   --->   Operation 80 'getelementptr' 'input_1_addr' <Predicate = (!icmp_ln18)> <Delay = 0.00>
ST_3 : Operation 81 [1/1] (0.00ns)   --->   "%input_1_addr_1 = getelementptr [8 x float]* %input_1, i64 0, i64 %tmp_9" [conv.cpp:26]   --->   Operation 81 'getelementptr' 'input_1_addr_1' <Predicate = (!icmp_ln18)> <Delay = 0.00>
ST_3 : Operation 82 [1/1] (0.00ns)   --->   "%input_2_addr = getelementptr [8 x float]* %input_2, i64 0, i64 %zext_ln26_2" [conv.cpp:26]   --->   Operation 82 'getelementptr' 'input_2_addr' <Predicate = (!icmp_ln18)> <Delay = 0.00>
ST_3 : Operation 83 [1/1] (0.00ns)   --->   "%input_2_addr_1 = getelementptr [8 x float]* %input_2, i64 0, i64 %tmp_9" [conv.cpp:26]   --->   Operation 83 'getelementptr' 'input_2_addr_1' <Predicate = (!icmp_ln18)> <Delay = 0.00>
ST_3 : Operation 84 [1/1] (0.00ns)   --->   "%input_3_addr = getelementptr [8 x float]* %input_3, i64 0, i64 %zext_ln26_2" [conv.cpp:26]   --->   Operation 84 'getelementptr' 'input_3_addr' <Predicate = (!icmp_ln18)> <Delay = 0.00>
ST_3 : Operation 85 [1/1] (0.00ns)   --->   "%input_3_addr_1 = getelementptr [8 x float]* %input_3, i64 0, i64 %tmp_9" [conv.cpp:26]   --->   Operation 85 'getelementptr' 'input_3_addr_1' <Predicate = (!icmp_ln18)> <Delay = 0.00>
ST_3 : Operation 86 [1/1] (0.00ns)   --->   "%zext_ln26_3 = zext i2 %select_ln26 to i6" [conv.cpp:26]   --->   Operation 86 'zext' 'zext_ln26_3' <Predicate = (!icmp_ln18)> <Delay = 0.00>
ST_3 : Operation 87 [1/1] (1.36ns)   --->   "%add_ln26_2 = add i6 %sext_ln26, %zext_ln26_3" [conv.cpp:26]   --->   Operation 87 'add' 'add_ln26_2' <Predicate = (!icmp_ln18)> <Delay = 1.36> <Core = "AddSub">   --->   Core 14 'AddSub' <Latency = 0> <II = 1> <Delay = 1.36> <FuncUnit> <Opcode : 'add' 'sub'> <InPorts = 2> <OutPorts = 1>
ST_3 : Operation 88 [1/1] (0.00ns)   --->   "%shl_ln26 = shl i6 %add_ln26_2, 2" [conv.cpp:26]   --->   Operation 88 'shl' 'shl_ln26' <Predicate = (!icmp_ln18)> <Delay = 0.00>
ST_3 : Operation 89 [1/1] (0.00ns) (grouped into TernaryAdder)   --->   "%sub_ln26_1 = sub i6 %shl_ln26, %add_ln26_2" [conv.cpp:26]   --->   Operation 89 'sub' 'sub_ln26_1' <Predicate = (!icmp_ln18)> <Delay = 0.00> <Core = "TAddSub">   --->   Core 83 'TAddSub' <Latency = 0> <II = 1> <Delay = 1.06> <IPBlock> <Opcode : 'add' 'sub'> <InPorts = 3> <OutPorts = 1> <Sync> <CReg>
ST_3 : Operation 90 [1/1] (2.27ns) (root node of TernaryAdder)   --->   "%add_ln26_3 = add i6 %sub_ln26_1, %zext_ln34_1" [conv.cpp:26]   --->   Operation 90 'add' 'add_ln26_3' <Predicate = (!icmp_ln18)> <Delay = 2.27> <Core = "TAddSub">   --->   Core 83 'TAddSub' <Latency = 0> <II = 1> <Delay = 1.06> <IPBlock> <Opcode : 'add' 'sub'> <InPorts = 3> <OutPorts = 1> <Sync> <CReg>
ST_3 : Operation 91 [1/1] (0.00ns)   --->   "%zext_ln26_4 = zext i6 %add_ln26_3 to i64" [conv.cpp:26]   --->   Operation 91 'zext' 'zext_ln26_4' <Predicate = (!icmp_ln18)> <Delay = 0.00>
ST_3 : Operation 92 [1/1] (0.00ns)   --->   "%conv_weights_0_addr = getelementptr [27 x float]* @conv_weights_0, i64 0, i64 %zext_ln26_4" [conv.cpp:26]   --->   Operation 92 'getelementptr' 'conv_weights_0_addr' <Predicate = (!icmp_ln18)> <Delay = 0.00>
ST_3 : Operation 93 [1/1] (0.00ns)   --->   "%conv_weights_1_addr = getelementptr [27 x float]* @conv_weights_1, i64 0, i64 %zext_ln26_4" [conv.cpp:26]   --->   Operation 93 'getelementptr' 'conv_weights_1_addr' <Predicate = (!icmp_ln18)> <Delay = 0.00>
ST_3 : Operation 94 [2/2] (2.66ns)   --->   "%conv_weights_0_load = load float* %conv_weights_0_addr, align 4" [conv.cpp:26]   --->   Operation 94 'load' 'conv_weights_0_load' <Predicate = (!icmp_ln18)> <Delay = 2.66> <Core = "ROM_nP">   --->   Core 52 'ROM_nP' <Latency = 1> <II = 1> <Delay = 2.66> <Storage> <Opcode : 'load'> <Ports = 0> <Width = 32> <Depth = 27> <ROM>
ST_3 : Operation 95 [2/2] (1.42ns)   --->   "%input_0_load = load float* %input_0_addr, align 4" [conv.cpp:26]   --->   Operation 95 'load' 'input_0_load' <Predicate = (!icmp_ln18)> <Delay = 1.42> <Core = "RAM">   --->   Core 37 'RAM' <Latency = 1> <II = 1> <Delay = 1.42> <Storage> <Opcode : 'load' 'store'> <Ports = 2> <Width = 32> <Depth = 6> <RAM>
ST_3 : Operation 96 [2/2] (1.42ns)   --->   "%input_1_load = load float* %input_1_addr, align 4" [conv.cpp:26]   --->   Operation 96 'load' 'input_1_load' <Predicate = (!icmp_ln18)> <Delay = 1.42> <Core = "RAM">   --->   Core 37 'RAM' <Latency = 1> <II = 1> <Delay = 1.42> <Storage> <Opcode : 'load' 'store'> <Ports = 2> <Width = 32> <Depth = 6> <RAM>
ST_3 : Operation 97 [2/2] (1.42ns)   --->   "%input_2_load = load float* %input_2_addr, align 4" [conv.cpp:26]   --->   Operation 97 'load' 'input_2_load' <Predicate = (!icmp_ln18)> <Delay = 1.42> <Core = "RAM">   --->   Core 37 'RAM' <Latency = 1> <II = 1> <Delay = 1.42> <Storage> <Opcode : 'load' 'store'> <Ports = 2> <Width = 32> <Depth = 6> <RAM>
ST_3 : Operation 98 [2/2] (1.42ns)   --->   "%input_3_load = load float* %input_3_addr, align 4" [conv.cpp:26]   --->   Operation 98 'load' 'input_3_load' <Predicate = (!icmp_ln18)> <Delay = 1.42> <Core = "RAM">   --->   Core 37 'RAM' <Latency = 1> <II = 1> <Delay = 1.42> <Storage> <Opcode : 'load' 'store'> <Ports = 2> <Width = 32> <Depth = 6> <RAM>
ST_3 : Operation 99 [2/2] (2.66ns)   --->   "%conv_weights_1_load = load float* %conv_weights_1_addr, align 4" [conv.cpp:26]   --->   Operation 99 'load' 'conv_weights_1_load' <Predicate = (!icmp_ln18)> <Delay = 2.66> <Core = "ROM_nP">   --->   Core 52 'ROM_nP' <Latency = 1> <II = 1> <Delay = 2.66> <Storage> <Opcode : 'load'> <Ports = 0> <Width = 32> <Depth = 27> <ROM>
ST_3 : Operation 100 [2/2] (1.42ns)   --->   "%input_0_load_1 = load float* %input_0_addr_1, align 4" [conv.cpp:26]   --->   Operation 100 'load' 'input_0_load_1' <Predicate = (!icmp_ln18)> <Delay = 1.42> <Core = "RAM">   --->   Core 37 'RAM' <Latency = 1> <II = 1> <Delay = 1.42> <Storage> <Opcode : 'load' 'store'> <Ports = 2> <Width = 32> <Depth = 6> <RAM>
ST_3 : Operation 101 [2/2] (1.42ns)   --->   "%input_1_load_1 = load float* %input_1_addr_1, align 4" [conv.cpp:26]   --->   Operation 101 'load' 'input_1_load_1' <Predicate = (!icmp_ln18)> <Delay = 1.42> <Core = "RAM">   --->   Core 37 'RAM' <Latency = 1> <II = 1> <Delay = 1.42> <Storage> <Opcode : 'load' 'store'> <Ports = 2> <Width = 32> <Depth = 6> <RAM>
ST_3 : Operation 102 [2/2] (1.42ns)   --->   "%input_2_load_1 = load float* %input_2_addr_1, align 4" [conv.cpp:26]   --->   Operation 102 'load' 'input_2_load_1' <Predicate = (!icmp_ln18)> <Delay = 1.42> <Core = "RAM">   --->   Core 37 'RAM' <Latency = 1> <II = 1> <Delay = 1.42> <Storage> <Opcode : 'load' 'store'> <Ports = 2> <Width = 32> <Depth = 6> <RAM>
ST_3 : Operation 103 [2/2] (1.42ns)   --->   "%input_3_load_1 = load float* %input_3_addr_1, align 4" [conv.cpp:26]   --->   Operation 103 'load' 'input_3_load_1' <Predicate = (!icmp_ln18)> <Delay = 1.42> <Core = "RAM">   --->   Core 37 'RAM' <Latency = 1> <II = 1> <Delay = 1.42> <Storage> <Opcode : 'load' 'store'> <Ports = 2> <Width = 32> <Depth = 6> <RAM>

State 4 <SV = 3> <Delay = 12.8>
ST_4 : Operation 104 [1/2] (2.66ns)   --->   "%conv_weights_0_load = load float* %conv_weights_0_addr, align 4" [conv.cpp:26]   --->   Operation 104 'load' 'conv_weights_0_load' <Predicate = (!icmp_ln18)> <Delay = 2.66> <Core = "ROM_nP">   --->   Core 52 'ROM_nP' <Latency = 1> <II = 1> <Delay = 2.66> <Storage> <Opcode : 'load'> <Ports = 0> <Width = 32> <Depth = 27> <ROM>
ST_4 : Operation 105 [1/1] (1.00ns)   --->   "%add_ln26_1 = add i2 %select_ln26, %select_ln11" [conv.cpp:26]   --->   Operation 105 'add' 'add_ln26_1' <Predicate = (!icmp_ln18)> <Delay = 1.00> <Core = "AddSub">   --->   Core 14 'AddSub' <Latency = 0> <II = 1> <Delay = 1.36> <FuncUnit> <Opcode : 'add' 'sub'> <InPorts = 2> <OutPorts = 1>
ST_4 : Operation 106 [1/2] (1.42ns)   --->   "%input_0_load = load float* %input_0_addr, align 4" [conv.cpp:26]   --->   Operation 106 'load' 'input_0_load' <Predicate = (!icmp_ln18)> <Delay = 1.42> <Core = "RAM">   --->   Core 37 'RAM' <Latency = 1> <II = 1> <Delay = 1.42> <Storage> <Opcode : 'load' 'store'> <Ports = 2> <Width = 32> <Depth = 6> <RAM>
ST_4 : Operation 107 [1/2] (1.42ns)   --->   "%input_1_load = load float* %input_1_addr, align 4" [conv.cpp:26]   --->   Operation 107 'load' 'input_1_load' <Predicate = (!icmp_ln18)> <Delay = 1.42> <Core = "RAM">   --->   Core 37 'RAM' <Latency = 1> <II = 1> <Delay = 1.42> <Storage> <Opcode : 'load' 'store'> <Ports = 2> <Width = 32> <Depth = 6> <RAM>
ST_4 : Operation 108 [1/2] (1.42ns)   --->   "%input_2_load = load float* %input_2_addr, align 4" [conv.cpp:26]   --->   Operation 108 'load' 'input_2_load' <Predicate = (!icmp_ln18)> <Delay = 1.42> <Core = "RAM">   --->   Core 37 'RAM' <Latency = 1> <II = 1> <Delay = 1.42> <Storage> <Opcode : 'load' 'store'> <Ports = 2> <Width = 32> <Depth = 6> <RAM>
ST_4 : Operation 109 [1/2] (1.42ns)   --->   "%input_3_load = load float* %input_3_addr, align 4" [conv.cpp:26]   --->   Operation 109 'load' 'input_3_load' <Predicate = (!icmp_ln18)> <Delay = 1.42> <Core = "RAM">   --->   Core 37 'RAM' <Latency = 1> <II = 1> <Delay = 1.42> <Storage> <Opcode : 'load' 'store'> <Ports = 2> <Width = 32> <Depth = 6> <RAM>
ST_4 : Operation 110 [1/1] (1.26ns)   --->   "%tmp_7 = call float @_ssdm_op_Mux.ap_auto.4float.i2(float %input_0_load, float %input_1_load, float %input_2_load, float %input_3_load, i2 %add_ln26_1)" [conv.cpp:26]   --->   Operation 110 'mux' 'tmp_7' <Predicate = (!icmp_ln18)> <Delay = 1.26> <Core = "MuxnS">   --->   Core 31 'MuxnS' <Latency = 0> <II = 1> <Delay = 1.26> <FuncUnit> <Opcode : 'mux'> <InPorts = 2> <OutPorts = 1>
ST_4 : Operation 111 [2/2] (10.1ns)   --->   "%tmp_s = fmul float %conv_weights_0_load, %tmp_7" [conv.cpp:26]   --->   Operation 111 'fmul' 'tmp_s' <Predicate = (!icmp_ln18)> <Delay = 10.1> <Core = "FMul">   --->   Core 106 'FMul' <Latency = 1> <II = 1> <Delay = 10.1> <FuncUnit> <Opcode : 'fmul'> <InPorts = 2> <OutPorts = 1>
ST_4 : Operation 112 [1/2] (2.66ns)   --->   "%conv_weights_1_load = load float* %conv_weights_1_addr, align 4" [conv.cpp:26]   --->   Operation 112 'load' 'conv_weights_1_load' <Predicate = (!icmp_ln18)> <Delay = 2.66> <Core = "ROM_nP">   --->   Core 52 'ROM_nP' <Latency = 1> <II = 1> <Delay = 2.66> <Storage> <Opcode : 'load'> <Ports = 0> <Width = 32> <Depth = 27> <ROM>
ST_4 : Operation 113 [1/2] (1.42ns)   --->   "%input_0_load_1 = load float* %input_0_addr_1, align 4" [conv.cpp:26]   --->   Operation 113 'load' 'input_0_load_1' <Predicate = (!icmp_ln18)> <Delay = 1.42> <Core = "RAM">   --->   Core 37 'RAM' <Latency = 1> <II = 1> <Delay = 1.42> <Storage> <Opcode : 'load' 'store'> <Ports = 2> <Width = 32> <Depth = 6> <RAM>
ST_4 : Operation 114 [1/2] (1.42ns)   --->   "%input_1_load_1 = load float* %input_1_addr_1, align 4" [conv.cpp:26]   --->   Operation 114 'load' 'input_1_load_1' <Predicate = (!icmp_ln18)> <Delay = 1.42> <Core = "RAM">   --->   Core 37 'RAM' <Latency = 1> <II = 1> <Delay = 1.42> <Storage> <Opcode : 'load' 'store'> <Ports = 2> <Width = 32> <Depth = 6> <RAM>
ST_4 : Operation 115 [1/2] (1.42ns)   --->   "%input_2_load_1 = load float* %input_2_addr_1, align 4" [conv.cpp:26]   --->   Operation 115 'load' 'input_2_load_1' <Predicate = (!icmp_ln18)> <Delay = 1.42> <Core = "RAM">   --->   Core 37 'RAM' <Latency = 1> <II = 1> <Delay = 1.42> <Storage> <Opcode : 'load' 'store'> <Ports = 2> <Width = 32> <Depth = 6> <RAM>
ST_4 : Operation 116 [1/2] (1.42ns)   --->   "%input_3_load_1 = load float* %input_3_addr_1, align 4" [conv.cpp:26]   --->   Operation 116 'load' 'input_3_load_1' <Predicate = (!icmp_ln18)> <Delay = 1.42> <Core = "RAM">   --->   Core 37 'RAM' <Latency = 1> <II = 1> <Delay = 1.42> <Storage> <Opcode : 'load' 'store'> <Ports = 2> <Width = 32> <Depth = 6> <RAM>
ST_4 : Operation 117 [1/1] (1.26ns)   --->   "%tmp_8 = call float @_ssdm_op_Mux.ap_auto.4float.i2(float %input_0_load_1, float %input_1_load_1, float %input_2_load_1, float %input_3_load_1, i2 %add_ln26_1)" [conv.cpp:26]   --->   Operation 117 'mux' 'tmp_8' <Predicate = (!icmp_ln18)> <Delay = 1.26> <Core = "MuxnS">   --->   Core 31 'MuxnS' <Latency = 0> <II = 1> <Delay = 1.26> <FuncUnit> <Opcode : 'mux'> <InPorts = 2> <OutPorts = 1>
ST_4 : Operation 118 [1/1] (1.00ns)   --->   "%wc = add i2 1, %select_ln26" [conv.cpp:21]   --->   Operation 118 'add' 'wc' <Predicate = (!icmp_ln18)> <Delay = 1.00> <Core = "AddSub">   --->   Core 14 'AddSub' <Latency = 0> <II = 1> <Delay = 1.36> <FuncUnit> <Opcode : 'add' 'sub'> <InPorts = 2> <OutPorts = 1>

State 5 <SV = 4> <Delay = 26.1>
ST_5 : Operation 119 [1/2] (10.1ns)   --->   "%tmp_s = fmul float %conv_weights_0_load, %tmp_7" [conv.cpp:26]   --->   Operation 119 'fmul' 'tmp_s' <Predicate = (!icmp_ln18)> <Delay = 10.1> <Core = "FMul">   --->   Core 106 'FMul' <Latency = 1> <II = 1> <Delay = 10.1> <FuncUnit> <Opcode : 'fmul'> <InPorts = 2> <OutPorts = 1>
ST_5 : Operation 120 [2/2] (15.9ns)   --->   "%w_sum_3 = fadd float %w_sum_1, %tmp_s" [conv.cpp:26]   --->   Operation 120 'fadd' 'w_sum_3' <Predicate = (!icmp_ln18)> <Delay = 15.9> <Core = "FAddSub">   --->   Core 105 'FAddSub' <Latency = 1> <II = 1> <Delay = 15.9> <FuncUnit> <Opcode : 'fadd' 'fsub'> <InPorts = 2> <OutPorts = 1>
ST_5 : Operation 121 [2/2] (10.1ns)   --->   "%tmp_1_1 = fmul float %conv_weights_1_load, %tmp_8" [conv.cpp:26]   --->   Operation 121 'fmul' 'tmp_1_1' <Predicate = (!icmp_ln18)> <Delay = 10.1> <Core = "FMul">   --->   Core 106 'FMul' <Latency = 1> <II = 1> <Delay = 10.1> <FuncUnit> <Opcode : 'fmul'> <InPorts = 2> <OutPorts = 1>

State 6 <SV = 5> <Delay = 31.9>
ST_6 : Operation 122 [1/2] (15.9ns)   --->   "%w_sum_3 = fadd float %w_sum_1, %tmp_s" [conv.cpp:26]   --->   Operation 122 'fadd' 'w_sum_3' <Predicate = (!icmp_ln18)> <Delay = 15.9> <Core = "FAddSub">   --->   Core 105 'FAddSub' <Latency = 1> <II = 1> <Delay = 15.9> <FuncUnit> <Opcode : 'fadd' 'fsub'> <InPorts = 2> <OutPorts = 1>
ST_6 : Operation 123 [1/2] (10.1ns)   --->   "%tmp_1_1 = fmul float %conv_weights_1_load, %tmp_8" [conv.cpp:26]   --->   Operation 123 'fmul' 'tmp_1_1' <Predicate = (!icmp_ln18)> <Delay = 10.1> <Core = "FMul">   --->   Core 106 'FMul' <Latency = 1> <II = 1> <Delay = 10.1> <FuncUnit> <Opcode : 'fmul'> <InPorts = 2> <OutPorts = 1>
ST_6 : Operation 124 [2/2] (15.9ns)   --->   "%w_sum_3_1 = fadd float %w_sum_3, %tmp_1_1" [conv.cpp:26]   --->   Operation 124 'fadd' 'w_sum_3_1' <Predicate = (!icmp_ln18)> <Delay = 15.9> <Core = "FAddSub">   --->   Core 105 'FAddSub' <Latency = 1> <II = 1> <Delay = 15.9> <FuncUnit> <Opcode : 'fadd' 'fsub'> <InPorts = 2> <OutPorts = 1>

State 7 <SV = 6> <Delay = 31.9>
ST_7 : Operation 125 [1/1] (0.00ns)   --->   "call void (...)* @_ssdm_op_SpecLoopName([22 x i8]* @W_Row_Loop_W_Col_Loo)"   --->   Operation 125 'specloopname' <Predicate = (!icmp_ln18)> <Delay = 0.00>
ST_7 : Operation 126 [1/1] (0.00ns)   --->   "%empty = call i32 (...)* @_ssdm_op_SpecLoopTripCount(i64 9, i64 9, i64 9)"   --->   Operation 126 'speclooptripcount' 'empty' <Predicate = (!icmp_ln18)> <Delay = 0.00>
ST_7 : Operation 127 [1/1] (0.00ns)   --->   "call void (...)* @_ssdm_op_SpecLoopName([11 x i8]* @p_str6) nounwind" [conv.cpp:22]   --->   Operation 127 'specloopname' <Predicate = (!icmp_ln18)> <Delay = 0.00>
ST_7 : Operation 128 [1/1] (0.00ns)   --->   "%tmp_6 = call i32 (...)* @_ssdm_op_SpecRegionBegin([11 x i8]* @p_str6) nounwind" [conv.cpp:22]   --->   Operation 128 'specregionbegin' 'tmp_6' <Predicate = (!icmp_ln18)> <Delay = 0.00>
ST_7 : Operation 129 [1/1] (0.00ns)   --->   "call void (...)* @_ssdm_op_SpecPipeline(i32 -1, i32 1, i32 1, i32 0, [1 x i8]* @p_str1) nounwind" [conv.cpp:23]   --->   Operation 129 'specpipeline' <Predicate = (!icmp_ln18)> <Delay = 0.00>
ST_7 : Operation 130 [1/2] (15.9ns)   --->   "%w_sum_3_1 = fadd float %w_sum_3, %tmp_1_1" [conv.cpp:26]   --->   Operation 130 'fadd' 'w_sum_3_1' <Predicate = (!icmp_ln18)> <Delay = 15.9> <Core = "FAddSub">   --->   Core 105 'FAddSub' <Latency = 1> <II = 1> <Delay = 15.9> <FuncUnit> <Opcode : 'fadd' 'fsub'> <InPorts = 2> <OutPorts = 1>
ST_7 : Operation 131 [1/1] (0.00ns)   --->   "%empty_4 = call i32 (...)* @_ssdm_op_SpecRegionEnd([11 x i8]* @p_str6, i32 %tmp_6) nounwind" [conv.cpp:28]   --->   Operation 131 'specregionend' 'empty_4' <Predicate = (!icmp_ln18)> <Delay = 0.00>
ST_7 : Operation 132 [1/1] (0.00ns)   --->   "br label %2"   --->   Operation 132 'br' <Predicate = (!icmp_ln18)> <Delay = 0.00>

State 8 <SV = 3> <Delay = 17.2>
ST_8 : Operation 133 [1/1] (0.61ns)   --->   "%icmp_ln7 = icmp eq i2 %select_ln34_2, 0" [aesl_mux_load.3floatP.i2:7->conv.cpp:30]   --->   Operation 133 'icmp' 'icmp_ln7' <Predicate = true> <Delay = 0.61> <Core = "Cmp">   --->   Core 25 'Cmp' <Latency = 0> <II = 1> <Delay = 1.48> <FuncUnit> <Opcode : 'icmp'> <InPorts = 2> <OutPorts = 1>
ST_8 : Operation 134 [1/1] (0.61ns)   --->   "%icmp_ln7_1 = icmp eq i2 %select_ln34_2, 1" [aesl_mux_load.3floatP.i2:7->conv.cpp:30]   --->   Operation 134 'icmp' 'icmp_ln7_1' <Predicate = true> <Delay = 0.61> <Core = "Cmp">   --->   Core 25 'Cmp' <Latency = 0> <II = 1> <Delay = 1.48> <FuncUnit> <Opcode : 'icmp'> <InPorts = 2> <OutPorts = 1>
ST_8 : Operation 135 [1/1] (0.00ns) (grouped into LUT with out node merge_i)   --->   "%select_ln7_i = select i1 %icmp_ln7_1, float 2.000000e+00, float 1.000000e+00" [aesl_mux_load.3floatP.i2:7->conv.cpp:30]   --->   Operation 135 'select' 'select_ln7_i' <Predicate = true> <Delay = 0.00> <Core = "Sel">   --->   Core 26 'Sel' <Latency = 0> <II = 1> <Delay = 0.65> <FuncUnit> <Opcode : 'select'> <InPorts = 3> <OutPorts = 1>
ST_8 : Operation 136 [1/1] (0.00ns) (grouped into LUT with out node merge_i)   --->   "%empty_5 = or i1 %icmp_ln7_1, %icmp_ln7" [aesl_mux_load.3floatP.i2:7->conv.cpp:30]   --->   Operation 136 'or' 'empty_5' <Predicate = true> <Delay = 0.00> <Core = "LogicGate">   --->   Core 27 'LogicGate' <Latency = 0> <II = 1> <Delay = 0.61> <FuncUnit> <Opcode : 'and' 'or' 'xor'> <InPorts = 2> <OutPorts = 1>
ST_8 : Operation 137 [1/1] (0.61ns) (out node of the LUT)   --->   "%merge_i = select i1 %empty_5, float %select_ln7_i, float 1.500000e+00" [aesl_mux_load.3floatP.i2:7->conv.cpp:30]   --->   Operation 137 'select' 'merge_i' <Predicate = true> <Delay = 0.61> <Core = "Sel">   --->   Core 26 'Sel' <Latency = 0> <II = 1> <Delay = 0.65> <FuncUnit> <Opcode : 'select'> <InPorts = 3> <OutPorts = 1>
ST_8 : Operation 138 [2/2] (15.9ns)   --->   "%w_sum = fadd float %w_sum_1, %merge_i" [conv.cpp:30]   --->   Operation 138 'fadd' 'w_sum' <Predicate = true> <Delay = 15.9> <Core = "FAddSub">   --->   Core 105 'FAddSub' <Latency = 1> <II = 1> <Delay = 15.9> <FuncUnit> <Opcode : 'fadd' 'fsub'> <InPorts = 2> <OutPorts = 1>

State 9 <SV = 4> <Delay = 33.7>
ST_9 : Operation 139 [1/2] (15.9ns)   --->   "%w_sum = fadd float %w_sum_1, %merge_i" [conv.cpp:30]   --->   Operation 139 'fadd' 'w_sum' <Predicate = true> <Delay = 15.9> <Core = "FAddSub">   --->   Core 105 'FAddSub' <Latency = 1> <II = 1> <Delay = 15.9> <FuncUnit> <Opcode : 'fadd' 'fsub'> <InPorts = 2> <OutPorts = 1>
ST_9 : Operation 140 [1/1] (0.00ns)   --->   "%bitcast_ln33 = bitcast float %w_sum to i32" [conv.cpp:33]   --->   Operation 140 'bitcast' 'bitcast_ln33' <Predicate = true> <Delay = 0.00>
ST_9 : Operation 141 [1/1] (0.00ns)   --->   "%tmp = call i8 @_ssdm_op_PartSelect.i8.i32.i32.i32(i32 %bitcast_ln33, i32 23, i32 30)" [conv.cpp:33]   --->   Operation 141 'partselect' 'tmp' <Predicate = true> <Delay = 0.00>
ST_9 : Operation 142 [1/1] (0.00ns)   --->   "%trunc_ln33 = trunc i32 %bitcast_ln33 to i23" [conv.cpp:33]   --->   Operation 142 'trunc' 'trunc_ln33' <Predicate = true> <Delay = 0.00>
ST_9 : Operation 143 [1/1] (1.12ns)   --->   "%icmp_ln33 = icmp ne i8 %tmp, -1" [conv.cpp:33]   --->   Operation 143 'icmp' 'icmp_ln33' <Predicate = true> <Delay = 1.12> <Core = "Cmp">   --->   Core 25 'Cmp' <Latency = 0> <II = 1> <Delay = 1.48> <FuncUnit> <Opcode : 'icmp'> <InPorts = 2> <OutPorts = 1>
ST_9 : Operation 144 [1/1] (1.48ns)   --->   "%icmp_ln33_1 = icmp eq i23 %trunc_ln33, 0" [conv.cpp:33]   --->   Operation 144 'icmp' 'icmp_ln33_1' <Predicate = true> <Delay = 1.48> <Core = "Cmp">   --->   Core 25 'Cmp' <Latency = 0> <II = 1> <Delay = 1.48> <FuncUnit> <Opcode : 'icmp'> <InPorts = 2> <OutPorts = 1>
ST_9 : Operation 145 [1/1] (0.00ns) (grouped into LUT with out node w_sum_2)   --->   "%or_ln33 = or i1 %icmp_ln33_1, %icmp_ln33" [conv.cpp:33]   --->   Operation 145 'or' 'or_ln33' <Predicate = true> <Delay = 0.00> <Core = "LogicGate">   --->   Core 27 'LogicGate' <Latency = 0> <II = 1> <Delay = 0.61> <FuncUnit> <Opcode : 'and' 'or' 'xor'> <InPorts = 2> <OutPorts = 1>
ST_9 : Operation 146 [1/1] (15.7ns)   --->   "%tmp_4 = fcmp ogt float %w_sum, 0.000000e+00" [conv.cpp:33]   --->   Operation 146 'fcmp' 'tmp_4' <Predicate = true> <Delay = 15.7> <Core = "FCmp">   --->   Core 111 'FCmp' <Latency = 0> <II = 1> <Delay = 15.7> <FuncUnit> <Opcode : 'fcmp'> <InPorts = 2> <OutPorts = 1>
ST_9 : Operation 147 [1/1] (0.00ns) (grouped into LUT with out node w_sum_2)   --->   "%and_ln33 = and i1 %or_ln33, %tmp_4" [conv.cpp:33]   --->   Operation 147 'and' 'and_ln33' <Predicate = true> <Delay = 0.00> <Core = "LogicGate">   --->   Core 27 'LogicGate' <Latency = 0> <II = 1> <Delay = 0.61> <FuncUnit> <Opcode : 'and' 'or' 'xor'> <InPorts = 2> <OutPorts = 1>
ST_9 : Operation 148 [1/1] (0.61ns) (out node of the LUT)   --->   "%w_sum_2 = select i1 %and_ln33, float %w_sum, float 0.000000e+00" [conv.cpp:33]   --->   Operation 148 'select' 'w_sum_2' <Predicate = true> <Delay = 0.61> <Core = "Sel">   --->   Core 26 'Sel' <Latency = 0> <II = 1> <Delay = 0.65> <FuncUnit> <Opcode : 'select'> <InPorts = 3> <OutPorts = 1>
ST_9 : Operation 149 [1/1] (0.00ns)   --->   "br i1 %select_ln34_3, label %branch1, label %branch0" [conv.cpp:34]   --->   Operation 149 'br' <Predicate = true> <Delay = 0.00>
ST_9 : Operation 150 [1/1] (1.42ns)   --->   "store float %w_sum_2, float* %conv_out_0_addr, align 4" [conv.cpp:34]   --->   Operation 150 'store' <Predicate = (!select_ln34_3)> <Delay = 1.42> <Core = "RAM">   --->   Core 37 'RAM' <Latency = 1> <II = 1> <Delay = 1.42> <Storage> <Opcode : 'load' 'store'> <Ports = 2> <Width = 32> <Depth = 6> <RAM>
ST_9 : Operation 151 [1/1] (0.00ns)   --->   "br label %Filter1_Loop_end" [conv.cpp:34]   --->   Operation 151 'br' <Predicate = (!select_ln34_3)> <Delay = 0.00>
ST_9 : Operation 152 [1/1] (1.42ns)   --->   "store float %w_sum_2, float* %conv_out_1_addr, align 4" [conv.cpp:34]   --->   Operation 152 'store' <Predicate = (select_ln34_3)> <Delay = 1.42> <Core = "RAM">   --->   Core 37 'RAM' <Latency = 1> <II = 1> <Delay = 1.42> <Storage> <Opcode : 'load' 'store'> <Ports = 2> <Width = 32> <Depth = 6> <RAM>
ST_9 : Operation 153 [1/1] (0.00ns)   --->   "br label %Filter1_Loop_end" [conv.cpp:34]   --->   Operation 153 'br' <Predicate = (select_ln34_3)> <Delay = 0.00>
ST_9 : Operation 154 [1/1] (0.00ns)   --->   "%empty_6 = call i32 (...)* @_ssdm_op_SpecRegionEnd([13 x i8]* @p_str4, i32 %tmp_3) nounwind" [conv.cpp:38]   --->   Operation 154 'specregionend' 'empty_6' <Predicate = true> <Delay = 0.00>
ST_9 : Operation 155 [1/1] (1.00ns)   --->   "%f = add i2 %select_ln34_2, 1" [conv.cpp:14]   --->   Operation 155 'add' 'f' <Predicate = true> <Delay = 1.00> <Core = "AddSub">   --->   Core 14 'AddSub' <Latency = 0> <II = 1> <Delay = 1.36> <FuncUnit> <Opcode : 'add' 'sub'> <InPorts = 2> <OutPorts = 1>
ST_9 : Operation 156 [1/1] (1.36ns)   --->   "%add_ln11_1 = add i4 %indvar_flatten15, 1" [conv.cpp:11]   --->   Operation 156 'add' 'add_ln11_1' <Predicate = (!icmp_ln11)> <Delay = 1.36> <Core = "AddSub">   --->   Core 14 'AddSub' <Latency = 0> <II = 1> <Delay = 1.36> <FuncUnit> <Opcode : 'add' 'sub'> <InPorts = 2> <OutPorts = 1>
ST_9 : Operation 157 [1/1] (0.65ns)   --->   "%select_ln11_1 = select i1 %icmp_ln11, i4 1, i4 %add_ln11_1" [conv.cpp:11]   --->   Operation 157 'select' 'select_ln11_1' <Predicate = true> <Delay = 0.65> <Core = "Sel">   --->   Core 26 'Sel' <Latency = 0> <II = 1> <Delay = 0.65> <FuncUnit> <Opcode : 'select'> <InPorts = 3> <OutPorts = 1>
ST_9 : Operation 158 [1/1] (0.00ns)   --->   "br label %1" [conv.cpp:14]   --->   Operation 158 'br' <Predicate = true> <Delay = 0.00>


============================================================
+ Verbose Summary: Timing violations
============================================================
Target clock period: 40ns, clock uncertainty: 5ns.

 <State 1>: 1.18ns
The critical path consists of the following:
	multiplexor before 'phi' operation ('indvar_flatten29', conv.cpp:8) with incoming values : ('add_ln8', conv.cpp:8) [20]  (1.18 ns)

 <State 2>: 5.1ns
The critical path consists of the following:
	'phi' operation ('indvar_flatten15', conv.cpp:11) with incoming values : ('select_ln11_1', conv.cpp:11) [22]  (0 ns)
	'icmp' operation ('icmp_ln11', conv.cpp:11) [32]  (1.12 ns)
	'xor' operation ('xor_ln34', conv.cpp:34) [38]  (0.616 ns)
	'and' operation ('and_ln34_1', conv.cpp:34) [42]  (0.616 ns)
	'or' operation ('or_ln34', conv.cpp:34) [45]  (0 ns)
	'select' operation ('select_ln34_2', conv.cpp:34) [46]  (0.625 ns)
	'add' operation ('add_ln34', conv.cpp:34) [54]  (2.12 ns)

 <State 3>: 16ns
The critical path consists of the following:
	'phi' operation ('w_sum_1', conv.cpp:26) with incoming values : ('w_sum_3_1', conv.cpp:26) [62]  (0 ns)
	'fadd' operation ('w_sum_3', conv.cpp:26) [111]  (16 ns)

 <State 4>: 12.8ns
The critical path consists of the following:
	'load' operation ('input_0_load', conv.cpp:26) on array 'input_0' [105]  (1.43 ns)
	'mux' operation ('tmp_7', conv.cpp:26) [109]  (1.26 ns)
	'fmul' operation ('tmp_s', conv.cpp:26) [110]  (10.1 ns)

 <State 5>: 26.1ns
The critical path consists of the following:
	'fmul' operation ('tmp_s', conv.cpp:26) [110]  (10.1 ns)
	'fadd' operation ('w_sum_3', conv.cpp:26) [111]  (16 ns)

 <State 6>: 32ns
The critical path consists of the following:
	'fadd' operation ('w_sum_3', conv.cpp:26) [111]  (16 ns)
	'fadd' operation ('w_sum_3_1', conv.cpp:26) [119]  (16 ns)

 <State 7>: 32ns
The critical path consists of the following:
	'fadd' operation ('w_sum_3_1', conv.cpp:26) [119]  (16 ns)
	'phi' operation ('w_sum_1', conv.cpp:26) with incoming values : ('w_sum_3_1', conv.cpp:26) [62]  (0 ns)
	'fadd' operation ('w_sum_3', conv.cpp:26) [111]  (16 ns)

 <State 8>: 17.2ns
The critical path consists of the following:
	'icmp' operation ('icmp_ln7', aesl_mux_load.3floatP.i2:7->conv.cpp:30) [124]  (0.61 ns)
	'or' operation ('empty_5', aesl_mux_load.3floatP.i2:7->conv.cpp:30) [127]  (0 ns)
	'select' operation ('merge_i', aesl_mux_load.3floatP.i2:7->conv.cpp:30) [128]  (0.616 ns)
	'fadd' operation ('w_sum', conv.cpp:30) [129]  (16 ns)

 <State 9>: 33.8ns
The critical path consists of the following:
	'fadd' operation ('w_sum', conv.cpp:30) [129]  (16 ns)
	'fcmp' operation ('tmp_4', conv.cpp:33) [136]  (15.8 ns)
	'and' operation ('and_ln33', conv.cpp:33) [137]  (0 ns)
	'select' operation ('w_sum', conv.cpp:33) [138]  (0.616 ns)
	'store' operation ('store_ln34', conv.cpp:34) of variable 'w_sum', conv.cpp:33 on array 'conv_out_0' [141]  (1.43 ns)


============================================================
+ Verbose Summary: Binding
============================================================
N/A
* FSMD analyzer results:
  - Output states:
 - Input state : 
  - Chain level:
	State 1
	State 2
	State 3
	State 4
	State 5
	State 6
	State 7
	State 8
	State 9


============================================================
+ Verbose Summary: Datapath Resource usage 
============================================================
N/A
