

================================================================
== Vivado HLS Report for 'cnn'
================================================================
* Date:           Fri Aug  9 20:56:54 2024

* Version:        2019.1 (Build 2552052 on Fri May 24 15:28:33 MDT 2019)
* Project:        cnn_ap_lp
* Solution:       d1_fp2_u50_ap_r25
* Product family: zynq
* Target device:  xc7z020-clg400-1


================================================================
== Performance Estimates
================================================================
+ Timing (ns): 
    * Summary: 
    +--------+-------+----------+------------+
    |  Clock | Target| Estimated| Uncertainty|
    +--------+-------+----------+------------+
    |ap_clk  |  20.00|    18.460|        2.50|
    +--------+-------+----------+------------+

+ Latency (clock cycles): 
    * Summary: 
    +--------+--------+--------+--------+---------+
    |     Latency     |     Interval    | Pipeline|
    |   min  |   max  |   min  |   max  |   Type  |
    +--------+--------+--------+--------+---------+
    |  415506|  427490|  415506|  427490|   none  |
    +--------+--------+--------+--------+---------+

    + Detail: 
        * Instance: 
        +-----------------------+------------+--------+--------+--------+--------+---------+
        |                       |            |     Latency     |     Interval    | Pipeline|
        |        Instance       |   Module   |   min  |   max  |   min  |   max  |   Type  |
        +-----------------------+------------+--------+--------+--------+--------+---------+
        |grp_dense_1_fu_721     |dense_1     |    4251|    4251|    4251|    4251|   none  |
        |grp_conv_2_fu_755      |conv_2      |  263561|  267433|  263561|  267433|   none  |
        |grp_conv_1_fu_765      |conv_1      |  114973|  123085|  114973|  123085|   none  |
        |grp_soft_max_fu_775    |soft_max    |     343|     343|     343|     343|   none  |
        |grp_flat_fu_787        |flat        |    5261|    5261|    5261|    5261|   none  |
        |grp_max_pool_1_fu_817  |max_pool_1  |   14365|   14365|   14365|   14365|   none  |
        |grp_max_pool_2_fu_823  |max_pool_2  |    5793|    5793|    5793|    5793|   none  |
        +-----------------------+------------+--------+--------+--------+--------+---------+

        * Loop: 
        +--------------+------+------+----------+-----------+-----------+------+----------+
        |              |   Latency   | Iteration|  Initiation Interval  | Trip |          |
        |   Loop Name  |  min |  max |  Latency |  achieved |   target  | Count| Pipelined|
        +--------------+------+------+----------+-----------+-----------+------+----------+
        |- Loop 1      |  3192|  3192|       114|          -|          -|    28|    no    |
        | + Loop 1.1   |   112|   112|         4|          -|          -|    28|    no    |
        |- DENSE_LOOP  |  3090|  3090|       103|          -|          -|    30|    no    |
        | + FLAT_LOOP  |   100|   100|         2|          -|          -|    50|    no    |
        |- Dense_Loop  |   630|   630|        63|          -|          -|    10|    no    |
        | + Flat_Loop  |    60|    60|         2|          -|          -|    30|    no    |
        |- Loop 4      |    30|    30|         3|          -|          -|    10|    no    |
        +--------------+------+------+----------+-----------+-----------+------+----------+



================================================================
== Utilization Estimates
================================================================
* Summary: 
+-----------------+---------+-------+--------+-------+-----+
|       Name      | BRAM_18K| DSP48E|   FF   |  LUT  | URAM|
+-----------------+---------+-------+--------+-------+-----+
|DSP              |        -|      2|       -|      -|    -|
|Expression       |        -|      -|      40|   1551|    -|
|FIFO             |        -|      -|       -|      -|    -|
|Instance         |       55|    106|    3488|   7019|    -|
|Memory           |       11|      -|     825|    131|    0|
|Multiplexer      |        -|      -|       -|   2019|    -|
|Register         |        -|      -|     319|      -|    -|
+-----------------+---------+-------+--------+-------+-----+
|Total            |       66|    108|    4672|  10720|    0|
+-----------------+---------+-------+--------+-------+-----+
|Available        |      280|    220|  106400|  53200|    0|
+-----------------+---------+-------+--------+-------+-----+
|Utilization (%)  |       23|     49|       4|     20|    0|
+-----------------+---------+-------+--------+-------+-----+

+ Detail: 
    * Instance: 
    +---------------------------+----------------------+---------+-------+------+------+-----+
    |          Instance         |        Module        | BRAM_18K| DSP48E|  FF  |  LUT | URAM|
    +---------------------------+----------------------+---------+-------+------+------+-----+
    |cnn_fpext_32ns_64xdS_U188  |cnn_fpext_32ns_64xdS  |        0|      0|   100|   138|    0|
    |grp_conv_1_fu_765          |conv_1                |        0|      1|   401|  1808|    0|
    |grp_conv_2_fu_755          |conv_2                |        1|      1|   421|  1871|    0|
    |grp_dense_1_fu_721         |dense_1               |       54|    100|  1609|  1262|    0|
    |grp_flat_fu_787            |flat                  |        0|      1|   223|   356|    0|
    |grp_max_pool_1_fu_817      |max_pool_1            |        0|      0|   104|   366|    0|
    |grp_max_pool_2_fu_823      |max_pool_2            |        0|      0|    95|   347|    0|
    |grp_soft_max_fu_775        |soft_max              |        0|      3|   535|   871|    0|
    +---------------------------+----------------------+---------+-------+------+------+-----+
    |Total                      |                      |       55|    106|  3488|  7019|    0|
    +---------------------------+----------------------+---------+-------+------+------+-----+

    * DSP48E: 
    +---------------------------+----------------------+--------------+
    |          Instance         |        Module        |  Expression  |
    +---------------------------+----------------------+--------------+
    |cnn_mac_muladd_13zec_U190  |cnn_mac_muladd_13zec  | i0 * i1 + i2 |
    |cnn_mac_muladd_9syd2_U189  |cnn_mac_muladd_9syd2  | i0 * i1 + i2 |
    +---------------------------+----------------------+--------------+

    * Memory: 
    +-----------------------+----------------------+---------+----+----+-----+------+-----+------+-------------+
    |         Memory        |        Module        | BRAM_18K| FF | LUT| URAM| Words| Bits| Banks| W*Bits*Banks|
    +-----------------------+----------------------+---------+----+----+-----+------+-----+------+-------------+
    |conv_1_input_V_U       |cnn_conv_1_input_V    |        1|   0|   0|    0|   784|   14|     1|        10976|
    |conv_1_out_V_U         |cnn_conv_1_out_V      |        4|   0|   0|    0|  4056|   14|     1|        56784|
    |conv_2_out_V_U         |cnn_conv_2_out_V      |        2|   0|   0|    0|  1936|   14|     1|        27104|
    |dense_1_out_V_U        |cnn_dense_1_out_V     |        0|  26|  11|    0|    50|   13|     1|          650|
    |dense_2_bias_V_U       |cnn_dense_2_bias_V    |        0|   9|   5|    0|    30|    9|     1|          270|
    |dense_2_out_V_U        |cnn_dense_2_out_V     |        0|  26|   7|    0|    30|   13|     1|          390|
    |dense_2_weights_V_U    |cnn_dense_2_weighsc4  |        1|   0|   0|    0|  1500|    9|     1|        13500|
    |dense_array_V_U        |cnn_dense_array_V     |        0|  28|   3|    0|    10|   14|     1|          140|
    |prediction_V_U         |cnn_dense_array_V     |        0|  28|   3|    0|    10|   14|     1|          140|
    |dense_out_bias_V_U     |cnn_dense_out_biaudo  |        0|   8|   2|    0|    10|    8|     1|           80|
    |dense_out_weights_V_U  |cnn_dense_out_weitde  |        1|   0|   0|    0|   300|    9|     1|         2700|
    |flat_array_0_V_U       |cnn_flat_array_0_V    |        0|  28|   4|    0|    16|   14|     1|          224|
    |flat_array_1_V_U       |cnn_flat_array_0_V    |        0|  28|   4|    0|    16|   14|     1|          224|
    |flat_array_2_V_U       |cnn_flat_array_0_V    |        0|  28|   4|    0|    16|   14|     1|          224|
    |flat_array_3_V_U       |cnn_flat_array_0_V    |        0|  28|   4|    0|    16|   14|     1|          224|
    |flat_array_4_V_U       |cnn_flat_array_0_V    |        0|  28|   4|    0|    16|   14|     1|          224|
    |flat_array_5_V_U       |cnn_flat_array_0_V    |        0|  28|   4|    0|    16|   14|     1|          224|
    |flat_array_6_V_U       |cnn_flat_array_0_V    |        0|  28|   4|    0|    16|   14|     1|          224|
    |flat_array_7_V_U       |cnn_flat_array_0_V    |        0|  28|   4|    0|    16|   14|     1|          224|
    |flat_array_8_V_U       |cnn_flat_array_0_V    |        0|  28|   4|    0|    16|   14|     1|          224|
    |flat_array_9_V_U       |cnn_flat_array_0_V    |        0|  28|   4|    0|    16|   14|     1|          224|
    |flat_array_10_V_U      |cnn_flat_array_0_V    |        0|  28|   4|    0|    16|   14|     1|          224|
    |flat_array_11_V_U      |cnn_flat_array_0_V    |        0|  28|   4|    0|    16|   14|     1|          224|
    |flat_array_12_V_U      |cnn_flat_array_0_V    |        0|  28|   4|    0|    16|   14|     1|          224|
    |flat_array_13_V_U      |cnn_flat_array_0_V    |        0|  28|   4|    0|    16|   14|     1|          224|
    |flat_array_14_V_U      |cnn_flat_array_0_V    |        0|  28|   4|    0|    16|   14|     1|          224|
    |flat_array_15_V_U      |cnn_flat_array_0_V    |        0|  28|   4|    0|    16|   14|     1|          224|
    |flat_array_16_V_U      |cnn_flat_array_0_V    |        0|  28|   4|    0|    16|   14|     1|          224|
    |flat_array_17_V_U      |cnn_flat_array_0_V    |        0|  28|   4|    0|    16|   14|     1|          224|
    |flat_array_18_V_U      |cnn_flat_array_0_V    |        0|  28|   4|    0|    16|   14|     1|          224|
    |flat_array_19_V_U      |cnn_flat_array_0_V    |        0|  28|   4|    0|    16|   14|     1|          224|
    |flat_array_20_V_U      |cnn_flat_array_0_V    |        0|  28|   4|    0|    16|   14|     1|          224|
    |flat_array_21_V_U      |cnn_flat_array_0_V    |        0|  28|   4|    0|    16|   14|     1|          224|
    |flat_array_22_V_U      |cnn_flat_array_0_V    |        0|  28|   4|    0|    16|   14|     1|          224|
    |flat_array_23_V_U      |cnn_flat_array_0_V    |        0|  28|   4|    0|    16|   14|     1|          224|
    |flat_array_24_V_U      |cnn_flat_array_0_V    |        0|  28|   4|    0|    16|   14|     1|          224|
    |max_pool_1_out_V_U     |cnn_max_pool_1_ouvdy  |        1|   0|   0|    0|  1014|   14|     1|        14196|
    |max_pool_2_out_V_U     |cnn_max_pool_2_ouwdI  |        1|   0|   0|    0|   400|   14|     1|         5600|
    +-----------------------+----------------------+---------+----+----+-----+------+-----+------+-------------+
    |Total                  |                      |       11| 825| 131|    0| 10530|  509|    38|       138130|
    +-----------------------+----------------------+---------+----+----+-----+------+-----+------+-------------+

    * FIFO: 
    N/A

    * Expression: 
    +---------------------------+----------+-------+----+-----+------------+------------+
    |       Variable Name       | Operation| DSP48E| FF | LUT | Bitwidth P0| Bitwidth P1|
    +---------------------------+----------+-------+----+-----+------------+------------+
    |add_ln1116_4_fu_1410_p2    |     +    |      0|   0|    8|           9|           9|
    |add_ln1116_fu_1404_p2      |     +    |      0|   0|    8|           9|           9|
    |add_ln1117_fu_1267_p2      |     +    |      0|   0|    8|          12|          12|
    |add_ln203_8_fu_897_p2      |     +    |      0|   0|   13|          11|          11|
    |add_ln203_fu_1320_p2       |     +    |      0|   0|   17|          13|          13|
    |add_ln28_fu_907_p2         |     +    |      0|   0|   14|           1|          10|
    |add_ln581_fu_991_p2        |     +    |      0|   0|   12|           5|          12|
    |add_ln703_1_fu_1449_p2     |     +    |      0|   0|   19|          14|          14|
    |add_ln703_fu_1314_p2       |     +    |      0|   0|   19|          14|          14|
    |add_ln949_fu_1611_p2       |     +    |      0|   0|   19|           6|          14|
    |add_ln958_fu_1658_p2       |     +    |      0|   0|   39|           6|          32|
    |add_ln964_fu_1727_p2       |     +    |      0|   0|    8|           8|           8|
    |d_fu_1349_p2               |     +    |      0|   0|   13|           4|           1|
    |f_fu_1369_p2               |     +    |      0|   0|   15|           5|           1|
    |i_1_fu_1206_p2             |     +    |      0|   0|   15|           5|           1|
    |i_2_fu_1462_p2             |     +    |      0|   0|   13|           4|           1|
    |i_fu_839_p2                |     +    |      0|   0|   15|           5|           1|
    |ix_in_fu_845_p2            |     +    |      0|   0|   14|          10|           5|
    |j_1_fu_1226_p2             |     +    |      0|   0|   15|           6|           1|
    |j_fu_887_p2                |     +    |      0|   0|   15|           5|           1|
    |lsb_index_fu_1537_p2       |     +    |      0|   0|   39|           6|          32|
    |m_13_fu_1687_p2            |     +    |      0|   0|   39|          32|          32|
    |F2_fu_979_p2               |     -    |      0|   0|   12|          11|          12|
    |man_V_1_fu_959_p2          |     -    |      0|   0|   61|           1|          54|
    |sub_ln1117_fu_1261_p2      |     -    |      0|   0|    8|          12|          12|
    |sub_ln203_fu_875_p2        |     -    |      0|   0|   13|          11|          11|
    |sub_ln581_fu_997_p2        |     -    |      0|   0|   12|           4|          12|
    |sub_ln944_fu_1527_p2       |     -    |      0|   0|   39|           4|          32|
    |sub_ln947_fu_1563_p2       |     -    |      0|   0|   13|           3|           4|
    |sub_ln958_fu_1669_p2       |     -    |      0|   0|   39|           5|          32|
    |sub_ln964_fu_1722_p2       |     -    |      0|   0|    8|           3|           8|
    |tmp_V_fu_1487_p2           |     -    |      0|   0|   19|           1|          14|
    |a_fu_1591_p2               |    and   |      0|   0|    2|           1|           1|
    |and_ln581_fu_1104_p2       |    and   |      0|   0|    2|           1|           1|
    |and_ln582_fu_1086_p2       |    and   |      0|   0|    2|           1|           1|
    |and_ln585_1_fu_1122_p2     |    and   |      0|   0|    2|           1|           1|
    |and_ln585_fu_1116_p2       |    and   |      0|   0|    2|           1|           1|
    |and_ln603_fu_1140_p2       |    and   |      0|   0|    2|           1|           1|
    |and_ln949_fu_1625_p2       |    and   |      0|   0|    2|           1|           1|
    |p_Result_36_fu_1579_p2     |    and   |      0|   0|   14|          14|          14|
    |ashr_ln586_fu_1041_p2      |   ashr   |      0|   0|  162|          54|          54|
    |l_fu_1519_p3               |   cttz   |      0|  40|   36|          32|           0|
    |icmp_ln13_fu_1220_p2       |   icmp   |      0|   0|   11|           6|           5|
    |icmp_ln23_fu_833_p2        |   icmp   |      0|   0|   11|           5|           4|
    |icmp_ln25_fu_881_p2        |   icmp   |      0|   0|   11|           5|           4|
    |icmp_ln41_fu_1343_p2       |   icmp   |      0|   0|    9|           4|           4|
    |icmp_ln46_fu_1363_p2       |   icmp   |      0|   0|   11|           5|           3|
    |icmp_ln571_fu_973_p2       |   icmp   |      0|   0|   29|          63|           1|
    |icmp_ln581_fu_985_p2       |   icmp   |      0|   0|   13|          12|           4|
    |icmp_ln582_fu_1015_p2      |   icmp   |      0|   0|   13|          12|           4|
    |icmp_ln585_fu_1025_p2      |   icmp   |      0|   0|   13|          12|           6|
    |icmp_ln603_fu_1031_p2      |   icmp   |      0|   0|   13|          12|           4|
    |icmp_ln69_fu_1456_p2       |   icmp   |      0|   0|    9|           4|           4|
    |icmp_ln935_fu_1473_p2      |   icmp   |      0|   0|   13|          14|           1|
    |icmp_ln947_1_fu_1585_p2    |   icmp   |      0|   0|   13|          14|           1|
    |icmp_ln947_fu_1553_p2      |   icmp   |      0|   0|   18|          31|           1|
    |icmp_ln958_fu_1645_p2      |   icmp   |      0|   0|   18|          32|           1|
    |icmp_ln9_fu_1200_p2        |   icmp   |      0|   0|   11|           5|           3|
    |lshr_ln947_fu_1573_p2      |   lshr   |      0|   0|   31|           2|          14|
    |lshr_ln958_fu_1663_p2      |   lshr   |      0|   0|  101|          32|          32|
    |or_ln581_fu_1128_p2        |    or    |      0|   0|    2|           1|           1|
    |or_ln582_fu_1092_p2        |    or    |      0|   0|    2|           1|           1|
    |or_ln603_1_fu_1168_p2      |    or    |      0|   0|    2|           1|           1|
    |or_ln603_2_fu_1182_p2      |    or    |      0|   0|    2|           1|           1|
    |or_ln603_fu_1154_p2        |    or    |      0|   0|    2|           1|           1|
    |or_ln949_fu_1631_p2        |    or    |      0|   0|    2|           1|           1|
    |m_12_fu_1680_p3            |  select  |      0|   0|   32|           1|          32|
    |man_V_2_fu_965_p3          |  select  |      0|   0|   54|           1|          54|
    |prediction_output_d0       |  select  |      0|   0|   32|           1|           1|
    |select_ln19_fu_1334_p3     |  select  |      0|   0|   13|           1|           1|
    |select_ln588_fu_1062_p3    |  select  |      0|   0|    2|           1|           2|
    |select_ln603_1_fu_1160_p3  |  select  |      0|   0|   14|           1|          14|
    |select_ln603_2_fu_1174_p3  |  select  |      0|   0|   14|           1|          14|
    |select_ln603_3_fu_1188_p3  |  select  |      0|   0|   14|           1|          14|
    |select_ln603_fu_1146_p3    |  select  |      0|   0|   14|           1|          14|
    |select_ln964_fu_1714_p3    |  select  |      0|   0|    7|           1|           7|
    |sh_amt_fu_1003_p3          |  select  |      0|   0|   12|           1|          12|
    |tmp_V_13_fu_1493_p3        |  select  |      0|   0|   14|           1|          14|
    |shl_ln604_fu_1074_p2       |    shl   |      0|   0|   31|          14|          14|
    |shl_ln958_fu_1674_p2       |    shl   |      0|   0|  101|          32|          32|
    |xor_ln571_fu_1080_p2       |    xor   |      0|   0|    2|           1|           2|
    |xor_ln581_fu_1134_p2       |    xor   |      0|   0|    2|           1|           2|
    |xor_ln582_fu_1098_p2       |    xor   |      0|   0|    2|           1|           2|
    |xor_ln585_fu_1110_p2       |    xor   |      0|   0|    2|           1|           2|
    |xor_ln949_fu_1605_p2       |    xor   |      0|   0|    2|           1|           2|
    +---------------------------+----------+-------+----+-----+------------+------------+
    |Total                      |          |      0|  40| 1551|         691|         837|
    +---------------------------+----------+-------+----+-----+------------+------------+

    * Multiplexer: 
    +---------------------------+-----+-----------+-----+-----------+
    |            Name           | LUT | Input Size| Bits| Total Bits|
    +---------------------------+-----+-----------+-----+-----------+
    |ap_NS_fsm                  |  141|         31|    1|         31|
    |conv_1_input_V_address0    |   15|          3|   10|         30|
    |conv_1_input_V_ce0         |   15|          3|    1|          3|
    |conv_1_out_V_address0      |   21|          4|   12|         48|
    |conv_1_out_V_ce0           |   21|          4|    1|          4|
    |conv_1_out_V_d0            |   15|          3|   14|         42|
    |conv_1_out_V_we0           |   15|          3|    1|          3|
    |conv_2_out_V_address0      |   21|          4|   11|         44|
    |conv_2_out_V_ce0           |   21|          4|    1|          4|
    |conv_2_out_V_d0            |   15|          3|   14|         42|
    |conv_2_out_V_we0           |   15|          3|    1|          3|
    |d_0_i_reg_676              |    9|          2|    4|          8|
    |dense_1_out_V_address0     |   21|          4|    6|         24|
    |dense_1_out_V_ce0          |   15|          3|    1|          3|
    |dense_1_out_V_d0           |   15|          3|   13|         39|
    |dense_1_out_V_we0          |   15|          3|    1|          3|
    |dense_2_out_V_address0     |   21|          4|    5|         20|
    |dense_2_out_V_d0           |   15|          3|   13|         39|
    |dense_array_V_address0     |   15|          3|    4|         12|
    |dense_array_V_ce0          |   15|          3|    1|          3|
    |dense_array_V_d0           |   15|          3|   14|         42|
    |dense_array_V_we0          |   15|          3|    1|          3|
    |f_0_i_reg_699              |    9|          2|    5|         10|
    |flat_array_0_V_address0    |   21|          4|    4|         16|
    |flat_array_0_V_ce0         |   21|          4|    1|          4|
    |flat_array_0_V_ce1         |    9|          2|    1|          2|
    |flat_array_0_V_d0          |   15|          3|   14|         42|
    |flat_array_0_V_we0         |   15|          3|    1|          3|
    |flat_array_10_V_address0   |   15|          3|    4|         12|
    |flat_array_10_V_ce0        |   15|          3|    1|          3|
    |flat_array_10_V_ce1        |    9|          2|    1|          2|
    |flat_array_10_V_we0        |    9|          2|    1|          2|
    |flat_array_11_V_address0   |   15|          3|    4|         12|
    |flat_array_11_V_ce0        |   15|          3|    1|          3|
    |flat_array_11_V_ce1        |    9|          2|    1|          2|
    |flat_array_11_V_we0        |    9|          2|    1|          2|
    |flat_array_12_V_address0   |   15|          3|    4|         12|
    |flat_array_12_V_ce0        |   15|          3|    1|          3|
    |flat_array_12_V_ce1        |    9|          2|    1|          2|
    |flat_array_12_V_we0        |    9|          2|    1|          2|
    |flat_array_13_V_address0   |   15|          3|    4|         12|
    |flat_array_13_V_ce0        |   15|          3|    1|          3|
    |flat_array_13_V_ce1        |    9|          2|    1|          2|
    |flat_array_13_V_we0        |    9|          2|    1|          2|
    |flat_array_14_V_address0   |   15|          3|    4|         12|
    |flat_array_14_V_ce0        |   15|          3|    1|          3|
    |flat_array_14_V_ce1        |    9|          2|    1|          2|
    |flat_array_14_V_we0        |    9|          2|    1|          2|
    |flat_array_15_V_address0   |   15|          3|    4|         12|
    |flat_array_15_V_ce0        |   15|          3|    1|          3|
    |flat_array_15_V_ce1        |    9|          2|    1|          2|
    |flat_array_15_V_we0        |    9|          2|    1|          2|
    |flat_array_16_V_address0   |   15|          3|    4|         12|
    |flat_array_16_V_ce0        |   15|          3|    1|          3|
    |flat_array_16_V_ce1        |    9|          2|    1|          2|
    |flat_array_16_V_we0        |    9|          2|    1|          2|
    |flat_array_17_V_address0   |   15|          3|    4|         12|
    |flat_array_17_V_ce0        |   15|          3|    1|          3|
    |flat_array_17_V_ce1        |    9|          2|    1|          2|
    |flat_array_17_V_we0        |    9|          2|    1|          2|
    |flat_array_18_V_address0   |   15|          3|    4|         12|
    |flat_array_18_V_ce0        |   15|          3|    1|          3|
    |flat_array_18_V_ce1        |    9|          2|    1|          2|
    |flat_array_18_V_we0        |    9|          2|    1|          2|
    |flat_array_19_V_address0   |   15|          3|    4|         12|
    |flat_array_19_V_ce0        |   15|          3|    1|          3|
    |flat_array_19_V_ce1        |    9|          2|    1|          2|
    |flat_array_19_V_we0        |    9|          2|    1|          2|
    |flat_array_1_V_address0    |   15|          3|    4|         12|
    |flat_array_1_V_ce0         |   15|          3|    1|          3|
    |flat_array_1_V_ce1         |    9|          2|    1|          2|
    |flat_array_1_V_we0         |    9|          2|    1|          2|
    |flat_array_20_V_address0   |   15|          3|    4|         12|
    |flat_array_20_V_ce0        |   15|          3|    1|          3|
    |flat_array_20_V_ce1        |    9|          2|    1|          2|
    |flat_array_20_V_we0        |    9|          2|    1|          2|
    |flat_array_21_V_address0   |   15|          3|    4|         12|
    |flat_array_21_V_ce0        |   15|          3|    1|          3|
    |flat_array_21_V_ce1        |    9|          2|    1|          2|
    |flat_array_21_V_we0        |    9|          2|    1|          2|
    |flat_array_22_V_address0   |   15|          3|    4|         12|
    |flat_array_22_V_ce0        |   15|          3|    1|          3|
    |flat_array_22_V_ce1        |    9|          2|    1|          2|
    |flat_array_22_V_we0        |    9|          2|    1|          2|
    |flat_array_23_V_address0   |   15|          3|    4|         12|
    |flat_array_23_V_ce0        |   15|          3|    1|          3|
    |flat_array_23_V_ce1        |    9|          2|    1|          2|
    |flat_array_23_V_we0        |    9|          2|    1|          2|
    |flat_array_24_V_address0   |   15|          3|    4|         12|
    |flat_array_24_V_ce0        |   15|          3|    1|          3|
    |flat_array_24_V_ce1        |    9|          2|    1|          2|
    |flat_array_24_V_we0        |    9|          2|    1|          2|
    |flat_array_2_V_address0    |   15|          3|    4|         12|
    |flat_array_2_V_ce0         |   15|          3|    1|          3|
    |flat_array_2_V_ce1         |    9|          2|    1|          2|
    |flat_array_2_V_we0         |    9|          2|    1|          2|
    |flat_array_3_V_address0    |   15|          3|    4|         12|
    |flat_array_3_V_ce0         |   15|          3|    1|          3|
    |flat_array_3_V_ce1         |    9|          2|    1|          2|
    |flat_array_3_V_we0         |    9|          2|    1|          2|
    |flat_array_4_V_address0    |   15|          3|    4|         12|
    |flat_array_4_V_ce0         |   15|          3|    1|          3|
    |flat_array_4_V_ce1         |    9|          2|    1|          2|
    |flat_array_4_V_we0         |    9|          2|    1|          2|
    |flat_array_5_V_address0    |   15|          3|    4|         12|
    |flat_array_5_V_ce0         |   15|          3|    1|          3|
    |flat_array_5_V_ce1         |    9|          2|    1|          2|
    |flat_array_5_V_we0         |    9|          2|    1|          2|
    |flat_array_6_V_address0    |   15|          3|    4|         12|
    |flat_array_6_V_ce0         |   15|          3|    1|          3|
    |flat_array_6_V_ce1         |    9|          2|    1|          2|
    |flat_array_6_V_we0         |    9|          2|    1|          2|
    |flat_array_7_V_address0    |   15|          3|    4|         12|
    |flat_array_7_V_ce0         |   15|          3|    1|          3|
    |flat_array_7_V_ce1         |    9|          2|    1|          2|
    |flat_array_7_V_we0         |    9|          2|    1|          2|
    |flat_array_8_V_address0    |   15|          3|    4|         12|
    |flat_array_8_V_ce0         |   15|          3|    1|          3|
    |flat_array_8_V_ce1         |    9|          2|    1|          2|
    |flat_array_8_V_we0         |    9|          2|    1|          2|
    |flat_array_9_V_address0    |   15|          3|    4|         12|
    |flat_array_9_V_ce0         |   15|          3|    1|          3|
    |flat_array_9_V_ce1         |    9|          2|    1|          2|
    |flat_array_9_V_we0         |    9|          2|    1|          2|
    |i24_0_reg_710              |    9|          2|    4|          8|
    |i_0_i_reg_642              |    9|          2|    5|         10|
    |i_0_reg_610                |    9|          2|    5|         10|
    |ix_in_0_reg_598            |    9|          2|   10|         20|
    |ix_in_1_reg_621            |    9|          2|   10|         20|
    |j_0_i_reg_665              |    9|          2|    6|         12|
    |j_0_reg_631                |    9|          2|    5|         10|
    |max_pool_1_out_V_address0  |   21|          4|   10|         40|
    |max_pool_1_out_V_ce0       |   21|          4|    1|          4|
    |max_pool_1_out_V_d0        |   15|          3|   14|         42|
    |max_pool_1_out_V_we0       |   15|          3|    1|          3|
    |max_pool_2_out_V_address0  |   21|          4|    9|         36|
    |max_pool_2_out_V_ce0       |   21|          4|    1|          4|
    |max_pool_2_out_V_d0        |   15|          3|   14|         42|
    |max_pool_2_out_V_we0       |   15|          3|    1|          3|
    |p_Val2_29_reg_653          |    9|          2|   14|         28|
    |p_Val2_34_reg_687          |    9|          2|   14|         28|
    |prediction_V_address0      |   21|          4|    4|         16|
    |prediction_V_ce0           |   15|          3|    1|          3|
    |prediction_V_d0            |   15|          3|   14|         42|
    |prediction_V_we0           |   15|          3|    1|          3|
    +---------------------------+-----+-----------+-----+-----------+
    |Total                      | 2019|        416|  468|       1367|
    +---------------------------+-----+-----------+-----+-----------+

    * Register: 
    +------------------------------------+----+----+-----+-----------+
    |                Name                | FF | LUT| Bits| Const Bits|
    +------------------------------------+----+----+-----+-----------+
    |add_ln203_8_reg_1828                |  11|   0|   11|          0|
    |add_ln28_reg_1838                   |  10|   0|   10|          0|
    |ap_CS_fsm                           |  30|   0|   30|          0|
    |cnn_input_load_reg_1843             |  32|   0|   32|          0|
    |d_0_i_reg_676                       |   4|   0|    4|          0|
    |d_reg_1904                          |   4|   0|    4|          0|
    |f_0_i_reg_699                       |   5|   0|    5|          0|
    |f_reg_1923                          |   5|   0|    5|          0|
    |grp_conv_1_fu_765_ap_start_reg      |   1|   0|    1|          0|
    |grp_conv_2_fu_755_ap_start_reg      |   1|   0|    1|          0|
    |grp_dense_1_fu_721_ap_start_reg     |   1|   0|    1|          0|
    |grp_flat_fu_787_ap_start_reg        |   1|   0|    1|          0|
    |grp_max_pool_1_fu_817_ap_start_reg  |   1|   0|    1|          0|
    |grp_max_pool_2_fu_823_ap_start_reg  |   1|   0|    1|          0|
    |grp_soft_max_fu_775_ap_start_reg    |   1|   0|    1|          0|
    |i24_0_reg_710                       |   4|   0|    4|          0|
    |i_0_i_reg_642                       |   5|   0|    5|          0|
    |i_0_reg_610                         |   5|   0|    5|          0|
    |i_1_reg_1857                        |   5|   0|    5|          0|
    |i_2_reg_1951                        |   4|   0|    4|          0|
    |i_reg_1805                          |   5|   0|    5|          0|
    |icmp_ln935_reg_1966                 |   1|   0|    1|          0|
    |icmp_ln958_reg_1992                 |   1|   0|    1|          0|
    |ix_in_0_reg_598                     |  10|   0|   10|          0|
    |ix_in_1_reg_621                     |  10|   0|   10|          0|
    |ix_in_reg_1810                      |  10|   0|   10|          0|
    |j_0_i_reg_665                       |   6|   0|    6|          0|
    |j_0_reg_631                         |   5|   0|    5|          0|
    |j_1_reg_1876                        |   6|   0|    6|          0|
    |j_reg_1823                          |   5|   0|    5|          0|
    |or_ln_reg_1987                      |   1|   0|   32|         31|
    |p_Result_41_reg_1971                |   1|   0|    1|          0|
    |p_Val2_29_reg_653                   |  14|   0|   14|          0|
    |p_Val2_34_reg_687                   |  14|   0|   14|          0|
    |select_ln603_3_reg_1849             |  14|   0|   14|          0|
    |sub_ln203_reg_1815                  |   9|   0|   11|          2|
    |sub_ln944_reg_1981                  |  32|   0|   32|          0|
    |tmp_V_13_reg_1976                   |  14|   0|   14|          0|
    |trunc_ln943_reg_1997                |   8|   0|    8|          0|
    |zext_ln13_reg_1868                  |   5|   0|   12|          7|
    |zext_ln14_reg_1862                  |   5|   0|   64|         59|
    |zext_ln46_reg_1915                  |   4|   0|    9|          5|
    |zext_ln48_reg_1909                  |   4|   0|   64|         60|
    |zext_ln70_reg_1956                  |   4|   0|   64|         60|
    +------------------------------------+----+----+-----+-----------+
    |Total                               | 319|   0|  543|        224|
    +------------------------------------+----+----+-----+-----------+



================================================================
== Interface
================================================================
* Summary: 
+----------------------------+-----+-----+------------+-------------------+--------------+
|          RTL Ports         | Dir | Bits|  Protocol  |   Source Object   |    C Type    |
+----------------------------+-----+-----+------------+-------------------+--------------+
|ap_clk                      |  in |    1| ap_ctrl_hs |        cnn        | return value |
|ap_rst                      |  in |    1| ap_ctrl_hs |        cnn        | return value |
|ap_start                    |  in |    1| ap_ctrl_hs |        cnn        | return value |
|ap_done                     | out |    1| ap_ctrl_hs |        cnn        | return value |
|ap_idle                     | out |    1| ap_ctrl_hs |        cnn        | return value |
|ap_ready                    | out |    1| ap_ctrl_hs |        cnn        | return value |
|cnn_input_address0          | out |   10|  ap_memory |     cnn_input     |     array    |
|cnn_input_ce0               | out |    1|  ap_memory |     cnn_input     |     array    |
|cnn_input_q0                |  in |   32|  ap_memory |     cnn_input     |     array    |
|prediction_output_address0  | out |    4|  ap_memory | prediction_output |     array    |
|prediction_output_ce0       | out |    1|  ap_memory | prediction_output |     array    |
|prediction_output_we0       | out |    1|  ap_memory | prediction_output |     array    |
|prediction_output_d0        | out |   32|  ap_memory | prediction_output |     array    |
+----------------------------+-----+-----+------------+-------------------+--------------+

