==============================================================
Vivado(TM) HLS - High-Level Synthesis from C, C++ and SystemC v2019.1 (64-bit)
Copyright 1986-2019 Xilinx, Inc. All Rights Reserved.
==============================================================
INFO: [SYN 201-201] Setting up clock 'default' with a period of 20ns.
INFO: [HLS 200-10] Setting target device to 'xc7z020-clg400-1'
INFO: [SCHED 204-61] Option 'relax_ii_for_timing' is enabled, will increase II to preserve clock frequency constraints.
INFO: [HLS 200-10] Analyzing design file 'cnn_ap_lp/max_pool_2.cpp' ... 
INFO: [HLS 200-10] Analyzing design file 'cnn_ap_lp/max_pool_1.cpp' ... 
INFO: [HLS 200-10] Analyzing design file 'cnn_ap_lp/flat.cpp' ... 
INFO: [HLS 200-10] Analyzing design file 'cnn_ap_lp/dense_out.cpp' ... 
INFO: [HLS 200-10] Analyzing design file 'cnn_ap_lp/dense_2.cpp' ... 
INFO: [HLS 200-10] Analyzing design file 'cnn_ap_lp/dense_1.cpp' ... 
INFO: [HLS 200-10] Analyzing design file 'cnn_ap_lp/conv_2.cpp' ... 
INFO: [HLS 200-10] Analyzing design file 'cnn_ap_lp/conv_1.cpp' ... 
INFO: [HLS 200-10] Analyzing design file 'cnn_ap_lp/cnn.cpp' ... 
INFO: [HLS 200-111] Finished Linking Time (s): cpu = 00:00:01 ; elapsed = 00:01:55 . Memory (MB): peak = 186.008 ; gain = 94.551
INFO: [HLS 200-111] Finished Checking Pragmas Time (s): cpu = 00:00:01 ; elapsed = 00:01:55 . Memory (MB): peak = 186.008 ; gain = 94.551
INFO: [HLS 200-10] Starting code transformations ...
INFO: [HLS 200-111] Finished Standard Transforms Time (s): cpu = 00:00:16 ; elapsed = 00:02:11 . Memory (MB): peak = 434.875 ; gain = 343.418
INFO: [HLS 200-10] Checking synthesizability ...
INFO: [XFORM 203-602] Inlining function 'hls::exp<15, 7>' into 'soft_max' (cnn_ap_lp/dense_out.cpp:22) automatically.
INFO: [XFORM 203-602] Inlining function 'dense_1' into 'cnn' (cnn_ap_lp/cnn.cpp:58) automatically.
INFO: [XFORM 203-602] Inlining function 'dense_2' into 'cnn' (cnn_ap_lp/cnn.cpp:63) automatically.
INFO: [XFORM 203-602] Inlining function 'dense_out' into 'cnn' (cnn_ap_lp/cnn.cpp:67) automatically.
WARNING: [SYNCHK 200-23] C:/Xilinx2019/Vivado/2019.1/common/technology/autopilot/hls_exp_apfixed.h:191: variable-indexed range selection may cause suboptimal QoR.
INFO: [SYNCHK 200-10] 0 error(s), 1 warning(s).
INFO: [HLS 200-111] Finished Checking Synthesizability Time (s): cpu = 00:00:17 ; elapsed = 00:02:13 . Memory (MB): peak = 503.961 ; gain = 412.504
INFO: [XFORM 203-502] Unrolling all loops for pipelining in function 'exp_reduce::exp<15, 7>' (C:/Xilinx2019/Vivado/2019.1/common/technology/autopilot/hls_exp_apfixed.h:41:29).
INFO: [XFORM 203-502] Unrolling all sub-loops inside loop 'Row_Loop' (cnn_ap_lp/conv_2.cpp:9) in function 'conv_2' for pipelining.
INFO: [HLS 200-489] Unrolling loop 'Loop-1' (C:/Xilinx2019/Vivado/2019.1/common/technology/autopilot/hls_exp_apfixed.h:190) in function 'exp_reduce::exp<15, 7>' completely with a factor of 8.
INFO: [HLS 200-489] Unrolling loop 'Loop-2' (C:/Xilinx2019/Vivado/2019.1/common/technology/autopilot/hls_exp_apfixed.h:197) in function 'exp_reduce::exp<15, 7>' completely with a factor of 22.
INFO: [HLS 200-489] Unrolling loop 'Loop-3' (C:/Xilinx2019/Vivado/2019.1/common/technology/autopilot/hls_exp_apfixed.h:254) in function 'exp_reduce::exp<15, 7>' completely with a factor of 5.
INFO: [HLS 200-489] Unrolling loop 'Loop-4' (C:/Xilinx2019/Vivado/2019.1/common/technology/autopilot/hls_exp_apfixed.h:260) in function 'exp_reduce::exp<15, 7>' completely with a factor of 5.
INFO: [HLS 200-489] Unrolling loop 'Loop-5' (C:/Xilinx2019/Vivado/2019.1/common/technology/autopilot/hls_exp_apfixed.h:263) in function 'exp_reduce::exp<15, 7>' completely with a factor of 17.
INFO: [HLS 200-489] Unrolling loop 'Col_Loop' (cnn_ap_lp/conv_2.cpp:12) in function 'conv_2' completely with a factor of 11.
ERROR: [XFORM 203-504] Stop unrolling loop 'Col_Loop' (cnn_ap_lp/conv_2.cpp:12) in function 'conv_2' because it may cause large runtime and excessive memory usage due to increase in code size. Please avoid unrolling the loop or form sub-functions for code in the loop body.
ERROR: [HLS 200-70] Pre-synthesis failed.
