

================================================================
== Vivado HLS Report for 'cnn'
================================================================
* Date:           Sat Aug 10 20:45:24 2024

* Version:        2019.1 (Build 2552052 on Fri May 24 15:28:33 MDT 2019)
* Project:        cnn_ap_lp
* Solution:       d3_fp1
* Product family: zynq
* Target device:  xc7z020-clg400-1


================================================================
== Performance Estimates
================================================================
+ Timing (ns): 
    * Summary: 
    +--------+-------+----------+------------+
    |  Clock | Target| Estimated| Uncertainty|
    +--------+-------+----------+------------+
    |ap_clk  |  20.00|    19.574|        2.50|
    +--------+-------+----------+------------+

+ Latency (clock cycles): 
    * Summary: 
    +--------+--------+--------+--------+---------+
    |     Latency     |     Interval    | Pipeline|
    |   min  |   max  |   min  |   max  |   Type  |
    +--------+--------+--------+--------+---------+
    |  446412|  458396|  446412|  458396|   none  |
    +--------+--------+--------+--------+---------+

    + Detail: 
        * Instance: 
        +-----------------------+------------+--------+--------+--------+--------+---------+
        |                       |            |     Latency     |     Interval    | Pipeline|
        |        Instance       |   Module   |   min  |   max  |   min  |   max  |   Type  |
        +-----------------------+------------+--------+--------+--------+--------+---------+
        |grp_dense_out_fu_480   |dense_out   |     377|     377|     377|     377|   none  |
        |grp_conv_2_fu_554      |conv_2      |  263561|  267433|  263561|  267433|   none  |
        |grp_conv_1_fu_564      |conv_1      |  114973|  123085|  114973|  123085|   none  |
        |grp_max_pool_1_fu_574  |max_pool_1  |   14365|   14365|   14365|   14365|   none  |
        |grp_max_pool_2_fu_580  |max_pool_2  |    5793|    5793|    5793|    5793|   none  |
        |grp_dense_1_fu_586     |dense_1     |   40151|   40151|   40151|   40151|   none  |
        |grp_dense_2_fu_596     |dense_2     |    3091|    3091|    3091|    3091|   none  |
        |grp_flat_fu_606        |flat        |     861|     861|     861|     861|   none  |
        +-----------------------+------------+--------+--------+--------+--------+---------+

        * Loop: 
        +-------------+------+------+----------+-----------+-----------+------+----------+
        |             |   Latency   | Iteration|  Initiation Interval  | Trip |          |
        |  Loop Name  |  min |  max |  Latency |  achieved |   target  | Count| Pipelined|
        +-------------+------+------+----------+-----------+-----------+------+----------+
        |- Loop 1     |  3192|  3192|       114|          -|          -|    28|    no    |
        | + Loop 1.1  |   112|   112|         4|          -|          -|    28|    no    |
        |- Loop 2     |    30|    30|         3|          -|          -|    10|    no    |
        +-------------+------+------+----------+-----------+-----------+------+----------+



================================================================
== Utilization Estimates
================================================================
* Summary: 
+-----------------+---------+-------+--------+-------+-----+
|       Name      | BRAM_18K| DSP48E|   FF   |  LUT  | URAM|
+-----------------+---------+-------+--------+-------+-----+
|DSP              |        -|      -|       -|      -|    -|
|Expression       |        -|      -|      40|   1351|    -|
|FIFO             |        -|      -|       -|      -|    -|
|Instance         |       20|     37|    3278|   6534|    0|
|Memory           |       10|      -|      80|     21|    0|
|Multiplexer      |        -|      -|       -|    775|    -|
|Register         |        -|      -|     229|      -|    -|
+-----------------+---------+-------+--------+-------+-----+
|Total            |       30|     37|    3627|   8681|    0|
+-----------------+---------+-------+--------+-------+-----+
|Available        |      280|    220|  106400|  53200|    0|
+-----------------+---------+-------+--------+-------+-----+
|Utilization (%)  |       10|     16|       3|     16|    0|
+-----------------+---------+-------+--------+-------+-----+

+ Detail: 
    * Instance: 
    +---------------------------+----------------------+---------+-------+------+------+-----+
    |          Instance         |        Module        | BRAM_18K| DSP48E|  FF  |  LUT | URAM|
    +---------------------------+----------------------+---------+-------+------+------+-----+
    |cnn_fpext_32ns_643i2_U109  |cnn_fpext_32ns_643i2  |        0|      0|   100|   138|    0|
    |grp_conv_1_fu_564          |conv_1                |        0|      1|   401|  1808|    0|
    |grp_conv_2_fu_554          |conv_2                |        1|      1|   421|  1871|    0|
    |grp_dense_1_fu_586         |dense_1               |       18|      1|    97|   219|    0|
    |grp_dense_2_fu_596         |dense_2               |        1|      1|    60|   182|    0|
    |grp_dense_out_fu_480       |dense_out             |        0|     33|  1916|  1359|    0|
    |grp_flat_fu_606            |flat                  |        0|      0|    84|   244|    0|
    |grp_max_pool_1_fu_574      |max_pool_1            |        0|      0|   104|   366|    0|
    |grp_max_pool_2_fu_580      |max_pool_2            |        0|      0|    95|   347|    0|
    +---------------------------+----------------------+---------+-------+------+------+-----+
    |Total                      |                      |       20|     37|  3278|  6534|    0|
    +---------------------------+----------------------+---------+-------+------+------+-----+

    * DSP48E: 
    N/A

    * Memory: 
    +--------------------+----------------------+---------+----+----+-----+------+-----+------+-------------+
    |       Memory       |        Module        | BRAM_18K| FF | LUT| URAM| Words| Bits| Banks| W*Bits*Banks|
    +--------------------+----------------------+---------+----+----+-----+------+-----+------+-------------+
    |conv_1_input_V_U    |cnn_conv_1_input_V    |        1|   0|   0|    0|   784|   14|     1|        10976|
    |conv_1_out_V_U      |cnn_conv_1_out_V      |        4|   0|   0|    0|  4056|   14|     1|        56784|
    |conv_2_out_V_U      |cnn_conv_2_out_V      |        2|   0|   0|    0|  1936|   14|     1|        27104|
    |dense_1_out_V_U     |cnn_dense_1_out_V     |        0|  26|  11|    0|    50|   13|     1|          650|
    |dense_2_out_V_U     |cnn_dense_2_out_V     |        0|  26|   7|    0|    30|   13|     1|          390|
    |max_pool_1_out_V_U  |cnn_max_pool_1_ou1iI  |        1|   0|   0|    0|  1014|   14|     1|        14196|
    |max_pool_2_out_V_U  |cnn_max_pool_2_ou2iS  |        1|   0|   0|    0|   400|   14|     1|         5600|
    |flat_array_V_U      |cnn_max_pool_2_ou2iS  |        1|   0|   0|    0|   400|   14|     1|         5600|
    |prediction_V_U      |dense_out_dense_aXh4  |        0|  28|   3|    0|    10|   14|     1|          140|
    +--------------------+----------------------+---------+----+----+-----+------+-----+------+-------------+
    |Total               |                      |       10|  80|  21|    0|  8680|  124|     9|       121440|
    +--------------------+----------------------+---------+----+----+-----+------+-----+------+-------------+

    * FIFO: 
    N/A

    * Expression: 
    +--------------------------+----------+-------+----+-----+------------+------------+
    |       Variable Name      | Operation| DSP48E| FF | LUT | Bitwidth P0| Bitwidth P1|
    +--------------------------+----------+-------+----+-----+------------+------------+
    |add_ln203_fu_680_p2       |     +    |      0|   0|   13|          11|          11|
    |add_ln28_fu_690_p2        |     +    |      0|   0|   14|           1|          10|
    |add_ln581_fu_774_p2       |     +    |      0|   0|   12|           5|          12|
    |add_ln949_fu_1138_p2      |     +    |      0|   0|   19|           6|          14|
    |add_ln958_fu_1185_p2      |     +    |      0|   0|   39|           6|          32|
    |add_ln964_fu_1254_p2      |     +    |      0|   0|    8|           8|           8|
    |i_1_fu_989_p2             |     +    |      0|   0|   13|           4|           1|
    |i_fu_622_p2               |     +    |      0|   0|   15|           5|           1|
    |ix_in_fu_628_p2           |     +    |      0|   0|   14|          10|           5|
    |j_fu_670_p2               |     +    |      0|   0|   15|           5|           1|
    |lsb_index_fu_1064_p2      |     +    |      0|   0|   39|           6|          32|
    |m_13_fu_1214_p2           |     +    |      0|   0|   39|          32|          32|
    |F2_fu_762_p2              |     -    |      0|   0|   12|          11|          12|
    |man_V_1_fu_742_p2         |     -    |      0|   0|   61|           1|          54|
    |sub_ln203_fu_658_p2       |     -    |      0|   0|   13|          11|          11|
    |sub_ln581_fu_780_p2       |     -    |      0|   0|   12|           4|          12|
    |sub_ln944_fu_1054_p2      |     -    |      0|   0|   39|           4|          32|
    |sub_ln947_fu_1090_p2      |     -    |      0|   0|   13|           3|           4|
    |sub_ln958_fu_1196_p2      |     -    |      0|   0|   39|           5|          32|
    |sub_ln964_fu_1249_p2      |     -    |      0|   0|    8|           3|           8|
    |tmp_V_fu_1014_p2          |     -    |      0|   0|   19|           1|          14|
    |a_fu_1118_p2              |    and   |      0|   0|    2|           1|           1|
    |and_ln581_fu_887_p2       |    and   |      0|   0|    2|           1|           1|
    |and_ln582_fu_869_p2       |    and   |      0|   0|    2|           1|           1|
    |and_ln585_1_fu_905_p2     |    and   |      0|   0|    2|           1|           1|
    |and_ln585_fu_899_p2       |    and   |      0|   0|    2|           1|           1|
    |and_ln603_fu_923_p2       |    and   |      0|   0|    2|           1|           1|
    |and_ln949_fu_1152_p2      |    and   |      0|   0|    2|           1|           1|
    |p_Result_36_fu_1106_p2    |    and   |      0|   0|   14|          14|          14|
    |ashr_ln586_fu_824_p2      |   ashr   |      0|   0|  162|          54|          54|
    |l_fu_1046_p3              |   cttz   |      0|  40|   36|          32|           0|
    |icmp_ln23_fu_616_p2       |   icmp   |      0|   0|   11|           5|           4|
    |icmp_ln25_fu_664_p2       |   icmp   |      0|   0|   11|           5|           4|
    |icmp_ln571_fu_756_p2      |   icmp   |      0|   0|   29|          63|           1|
    |icmp_ln581_fu_768_p2      |   icmp   |      0|   0|   13|          12|           4|
    |icmp_ln582_fu_798_p2      |   icmp   |      0|   0|   13|          12|           4|
    |icmp_ln585_fu_808_p2      |   icmp   |      0|   0|   13|          12|           6|
    |icmp_ln603_fu_814_p2      |   icmp   |      0|   0|   13|          12|           4|
    |icmp_ln69_fu_983_p2       |   icmp   |      0|   0|    9|           4|           4|
    |icmp_ln935_fu_1000_p2     |   icmp   |      0|   0|   13|          14|           1|
    |icmp_ln947_1_fu_1112_p2   |   icmp   |      0|   0|   13|          14|           1|
    |icmp_ln947_fu_1080_p2     |   icmp   |      0|   0|   18|          31|           1|
    |icmp_ln958_fu_1172_p2     |   icmp   |      0|   0|   18|          32|           1|
    |lshr_ln947_fu_1100_p2     |   lshr   |      0|   0|   31|           2|          14|
    |lshr_ln958_fu_1190_p2     |   lshr   |      0|   0|  101|          32|          32|
    |or_ln581_fu_911_p2        |    or    |      0|   0|    2|           1|           1|
    |or_ln582_fu_875_p2        |    or    |      0|   0|    2|           1|           1|
    |or_ln603_1_fu_951_p2      |    or    |      0|   0|    2|           1|           1|
    |or_ln603_2_fu_965_p2      |    or    |      0|   0|    2|           1|           1|
    |or_ln603_fu_937_p2        |    or    |      0|   0|    2|           1|           1|
    |or_ln949_fu_1158_p2       |    or    |      0|   0|    2|           1|           1|
    |m_12_fu_1207_p3           |  select  |      0|   0|   32|           1|          32|
    |man_V_2_fu_748_p3         |  select  |      0|   0|   54|           1|          54|
    |prediction_output_d0      |  select  |      0|   0|   32|           1|           1|
    |select_ln588_fu_845_p3    |  select  |      0|   0|    2|           1|           2|
    |select_ln603_1_fu_943_p3  |  select  |      0|   0|   14|           1|          14|
    |select_ln603_2_fu_957_p3  |  select  |      0|   0|   14|           1|          14|
    |select_ln603_3_fu_971_p3  |  select  |      0|   0|   14|           1|          14|
    |select_ln603_fu_929_p3    |  select  |      0|   0|   14|           1|          14|
    |select_ln964_fu_1241_p3   |  select  |      0|   0|    7|           1|           7|
    |sh_amt_fu_786_p3          |  select  |      0|   0|   12|           1|          12|
    |tmp_V_13_fu_1020_p3       |  select  |      0|   0|   14|           1|          14|
    |shl_ln604_fu_857_p2       |    shl   |      0|   0|   31|          14|          14|
    |shl_ln958_fu_1201_p2      |    shl   |      0|   0|  101|          32|          32|
    |xor_ln571_fu_863_p2       |    xor   |      0|   0|    2|           1|           2|
    |xor_ln581_fu_917_p2       |    xor   |      0|   0|    2|           1|           2|
    |xor_ln582_fu_881_p2       |    xor   |      0|   0|    2|           1|           2|
    |xor_ln585_fu_893_p2       |    xor   |      0|   0|    2|           1|           2|
    |xor_ln949_fu_1132_p2      |    xor   |      0|   0|    2|           1|           2|
    +--------------------------+----------+-------+----+-----+------------+------------+
    |Total                     |          |      0|  40| 1351|         567|         734|
    +--------------------------+----------+-------+----+-----+------------+------------+

    * Multiplexer: 
    +---------------------------+-----+-----------+-----+-----------+
    |            Name           | LUT | Input Size| Bits| Total Bits|
    +---------------------------+-----+-----------+-----+-----------+
    |ap_NS_fsm                  |  121|         26|    1|         26|
    |conv_1_input_V_address0    |   15|          3|   10|         30|
    |conv_1_input_V_ce0         |   15|          3|    1|          3|
    |conv_1_out_V_address0      |   21|          4|   12|         48|
    |conv_1_out_V_ce0           |   21|          4|    1|          4|
    |conv_1_out_V_d0            |   15|          3|   14|         42|
    |conv_1_out_V_we0           |   15|          3|    1|          3|
    |conv_2_out_V_address0      |   21|          4|   11|         44|
    |conv_2_out_V_ce0           |   21|          4|    1|          4|
    |conv_2_out_V_d0            |   15|          3|   14|         42|
    |conv_2_out_V_we0           |   15|          3|    1|          3|
    |dense_1_out_V_address0     |   21|          4|    6|         24|
    |dense_1_out_V_ce0          |   21|          4|    1|          4|
    |dense_1_out_V_d0           |   15|          3|   13|         39|
    |dense_1_out_V_we0          |   15|          3|    1|          3|
    |dense_2_out_V_address0     |   21|          4|    5|         20|
    |dense_2_out_V_ce0          |   21|          4|    1|          4|
    |dense_2_out_V_ce1          |    9|          2|    1|          2|
    |dense_2_out_V_d0           |   15|          3|   13|         39|
    |dense_2_out_V_we0          |   15|          3|    1|          3|
    |flat_array_V_address0      |   21|          4|    9|         36|
    |flat_array_V_ce0           |   21|          4|    1|          4|
    |flat_array_V_d0            |   15|          3|   14|         42|
    |flat_array_V_we0           |   15|          3|    1|          3|
    |i24_0_reg_469              |    9|          2|    4|          8|
    |i_0_reg_437                |    9|          2|    5|         10|
    |ix_in_0_reg_425            |    9|          2|   10|         20|
    |ix_in_1_reg_448            |    9|          2|   10|         20|
    |j_0_reg_458                |    9|          2|    5|         10|
    |max_pool_1_out_V_address0  |   21|          4|   10|         40|
    |max_pool_1_out_V_ce0       |   21|          4|    1|          4|
    |max_pool_1_out_V_d0        |   15|          3|   14|         42|
    |max_pool_1_out_V_we0       |   15|          3|    1|          3|
    |max_pool_2_out_V_address0  |   21|          4|    9|         36|
    |max_pool_2_out_V_ce0       |   21|          4|    1|          4|
    |max_pool_2_out_V_d0        |   15|          3|   14|         42|
    |max_pool_2_out_V_we0       |   15|          3|    1|          3|
    |prediction_V_address0      |   21|          4|    4|         16|
    |prediction_V_ce0           |   15|          3|    1|          3|
    |prediction_V_d0            |   15|          3|   14|         42|
    |prediction_V_we0           |   15|          3|    1|          3|
    +---------------------------+-----+-----------+-----+-----------+
    |Total                      |  775|        155|  239|        778|
    +---------------------------+-----+-----------+-----+-----------+

    * Register: 
    +------------------------------------+----+----+-----+-----------+
    |                Name                | FF | LUT| Bits| Const Bits|
    +------------------------------------+----+----+-----+-----------+
    |add_ln203_reg_1337                  |  11|   0|   11|          0|
    |add_ln28_reg_1347                   |  10|   0|   10|          0|
    |ap_CS_fsm                           |  25|   0|   25|          0|
    |cnn_input_load_reg_1352             |  32|   0|   32|          0|
    |grp_conv_1_fu_564_ap_start_reg      |   1|   0|    1|          0|
    |grp_conv_2_fu_554_ap_start_reg      |   1|   0|    1|          0|
    |grp_dense_1_fu_586_ap_start_reg     |   1|   0|    1|          0|
    |grp_dense_2_fu_596_ap_start_reg     |   1|   0|    1|          0|
    |grp_dense_out_fu_480_ap_start_reg   |   1|   0|    1|          0|
    |grp_flat_fu_606_ap_start_reg        |   1|   0|    1|          0|
    |grp_max_pool_1_fu_574_ap_start_reg  |   1|   0|    1|          0|
    |grp_max_pool_2_fu_580_ap_start_reg  |   1|   0|    1|          0|
    |i24_0_reg_469                       |   4|   0|    4|          0|
    |i_0_reg_437                         |   5|   0|    5|          0|
    |i_1_reg_1366                        |   4|   0|    4|          0|
    |i_reg_1314                          |   5|   0|    5|          0|
    |icmp_ln935_reg_1381                 |   1|   0|    1|          0|
    |icmp_ln958_reg_1407                 |   1|   0|    1|          0|
    |ix_in_0_reg_425                     |  10|   0|   10|          0|
    |ix_in_1_reg_448                     |  10|   0|   10|          0|
    |ix_in_reg_1319                      |  10|   0|   10|          0|
    |j_0_reg_458                         |   5|   0|    5|          0|
    |j_reg_1332                          |   5|   0|    5|          0|
    |or_ln_reg_1402                      |   1|   0|   32|         31|
    |p_Result_43_reg_1386                |   1|   0|    1|          0|
    |select_ln603_3_reg_1358             |  14|   0|   14|          0|
    |sub_ln203_reg_1324                  |   9|   0|   11|          2|
    |sub_ln944_reg_1396                  |  32|   0|   32|          0|
    |tmp_V_13_reg_1391                   |  14|   0|   14|          0|
    |trunc_ln943_reg_1412                |   8|   0|    8|          0|
    |zext_ln70_reg_1371                  |   4|   0|   64|         60|
    +------------------------------------+----+----+-----+-----------+
    |Total                               | 229|   0|  322|         93|
    +------------------------------------+----+----+-----+-----------+



================================================================
== Interface
================================================================
* Summary: 
+----------------------------+-----+-----+------------+-------------------+--------------+
|          RTL Ports         | Dir | Bits|  Protocol  |   Source Object   |    C Type    |
+----------------------------+-----+-----+------------+-------------------+--------------+
|ap_clk                      |  in |    1| ap_ctrl_hs |        cnn        | return value |
|ap_rst                      |  in |    1| ap_ctrl_hs |        cnn        | return value |
|ap_start                    |  in |    1| ap_ctrl_hs |        cnn        | return value |
|ap_done                     | out |    1| ap_ctrl_hs |        cnn        | return value |
|ap_idle                     | out |    1| ap_ctrl_hs |        cnn        | return value |
|ap_ready                    | out |    1| ap_ctrl_hs |        cnn        | return value |
|cnn_input_address0          | out |   10|  ap_memory |     cnn_input     |     array    |
|cnn_input_ce0               | out |    1|  ap_memory |     cnn_input     |     array    |
|cnn_input_q0                |  in |   32|  ap_memory |     cnn_input     |     array    |
|prediction_output_address0  | out |    4|  ap_memory | prediction_output |     array    |
|prediction_output_ce0       | out |    1|  ap_memory | prediction_output |     array    |
|prediction_output_we0       | out |    1|  ap_memory | prediction_output |     array    |
|prediction_output_d0        | out |   32|  ap_memory | prediction_output |     array    |
+----------------------------+-----+-----+------------+-------------------+--------------+

