

================================================================
== Vivado HLS Report for 'max_pool_2'
================================================================
* Date:           Mon Jul 10 16:58:24 2023

* Version:        2020.1 (Build 2897737 on Wed May 27 20:21:37 MDT 2020)
* Project:        cnn
* Solution:       solution1
* Product family: virtex7
* Target device:  xc7vx485t-ffg1157-1


================================================================
== Performance Estimates
================================================================
+ Timing: 
    * Summary: 
    +--------+----------+----------+------------+
    |  Clock |  Target  | Estimated| Uncertainty|
    +--------+----------+----------+------------+
    |ap_clk  | 10.00 ns | 6.959 ns |   1.25 ns  |
    +--------+----------+----------+------------+

+ Latency: 
    * Summary: 
    +---------+---------+----------+----------+-------+-------+---------+
    |  Latency (cycles) |  Latency (absolute) |    Interval   | Pipeline|
    |   min   |   max   |    min   |    max   |  min  |  max  |   Type  |
    +---------+---------+----------+----------+-------+-------+---------+
    |    29569|    29569| 0.296 ms | 0.296 ms |  29569|  29569|   none  |
    +---------+---------+----------+----------+-------+-------+---------+

    + Detail: 
        * Instance: 
        N/A

        * Loop: 
        +------------------------+---------+---------+----------+-----------+-----------+------+----------+
        |                        |  Latency (cycles) | Iteration|  Initiation Interval  | Trip |          |
        |        Loop Name       |   min   |   max   |  Latency |  achieved |   target  | Count| Pipelined|
        +------------------------+---------+---------+----------+-----------+-----------+------+----------+
        |- Filter_Loop           |    29568|    29568|       462|          -|          -|    64|    no    |
        | + Row_Loop             |      460|      460|        92|          -|          -|     5|    no    |
        |  ++ Col_Loop           |       90|       90|        18|          -|          -|     5|    no    |
        |   +++ Pool_Row_Loop    |       16|       16|         8|          -|          -|     2|    no    |
        |    ++++ Pool_Col_Loop  |        6|        6|         3|          -|          -|     2|    no    |
        +------------------------+---------+---------+----------+-----------+-----------+------+----------+



================================================================
== Utilization Estimates
================================================================
* Summary: 
+-----------------+---------+-------+--------+--------+-----+
|       Name      | BRAM_18K| DSP48E|   FF   |   LUT  | URAM|
+-----------------+---------+-------+--------+--------+-----+
|DSP              |        -|      -|       -|       -|    -|
|Expression       |        -|      0|       0|     328|    -|
|FIFO             |        -|      -|       -|       -|    -|
|Instance         |        -|      0|      66|      66|    -|
|Memory           |        -|      -|       -|       -|    -|
|Multiplexer      |        -|      -|       -|     107|    -|
|Register         |        -|      -|     172|       -|    -|
+-----------------+---------+-------+--------+--------+-----+
|Total            |        0|      0|     238|     501|    0|
+-----------------+---------+-------+--------+--------+-----+
|Available        |     2060|   2800|  607200|  303600|    0|
+-----------------+---------+-------+--------+--------+-----+
|Utilization (%)  |        0|      0|   ~0   |   ~0   |    0|
+-----------------+---------+-------+--------+--------+-----+

+ Detail: 
    * Instance: 
    +--------------------------+----------------------+---------+-------+----+----+-----+
    |         Instance         |        Module        | BRAM_18K| DSP48E| FF | LUT| URAM|
    +--------------------------+----------------------+---------+-------+----+----+-----+
    |cnn_fcmp_32ns_32neOg_U21  |cnn_fcmp_32ns_32neOg  |        0|      0|  66|  66|    0|
    +--------------------------+----------------------+---------+-------+----+----+-----+
    |Total                     |                      |        0|      0|  66|  66|    0|
    +--------------------------+----------------------+---------+-------+----+----+-----+

    * DSP48E: 
    N/A

    * Memory: 
    N/A

    * FIFO: 
    N/A

    * Expression: 
    +-----------------------+----------+-------+---+----+------------+------------+
    |     Variable Name     | Operation| DSP48E| FF| LUT| Bitwidth P0| Bitwidth P1|
    +-----------------------+----------+-------+---+----+------------+------------+
    |mul_ln27_fu_294_p2     |     *    |      0|  0|  13|           4|           4|
    |add_ln27_1_fu_365_p2   |     +    |      0|  0|  21|          14|          14|
    |add_ln27_fu_352_p2     |     +    |      0|  0|  15|           8|           8|
    |add_ln34_1_fu_304_p2   |     +    |      0|  0|  15|           6|           6|
    |add_ln34_2_fu_317_p2   |     +    |      0|  0|  19|          12|          12|
    |add_ln34_fu_243_p2     |     +    |      0|  0|  15|           6|           6|
    |c_fu_255_p2            |     +    |      0|  0|  12|           3|           1|
    |f_fu_193_p2            |     +    |      0|  0|  15|           7|           1|
    |i_fu_285_p2            |     +    |      0|  0|  13|           4|           4|
    |j_fu_343_p2            |     +    |      0|  0|  13|           4|           4|
    |mpc_fu_337_p2          |     +    |      0|  0|  10|           2|           1|
    |mpr_fu_279_p2          |     +    |      0|  0|  10|           2|           1|
    |r_fu_213_p2            |     +    |      0|  0|  12|           3|           1|
    |and_ln27_1_fu_452_p2   |    and   |      0|  0|   2|           1|           1|
    |and_ln27_fu_446_p2     |    and   |      0|  0|   2|           1|           1|
    |icmp_ln12_fu_207_p2    |   icmp   |      0|  0|   9|           3|           3|
    |icmp_ln15_fu_249_p2    |   icmp   |      0|  0|   9|           3|           3|
    |icmp_ln19_fu_273_p2    |   icmp   |      0|  0|   9|           2|           3|
    |icmp_ln22_fu_331_p2    |   icmp   |      0|  0|   9|           2|           3|
    |icmp_ln27_1_fu_416_p2  |   icmp   |      0|  0|  18|          23|           1|
    |icmp_ln27_2_fu_428_p2  |   icmp   |      0|  0|  11|           8|           2|
    |icmp_ln27_3_fu_434_p2  |   icmp   |      0|  0|  18|          23|           1|
    |icmp_ln27_fu_410_p2    |   icmp   |      0|  0|  11|           8|           2|
    |icmp_ln9_fu_187_p2     |   icmp   |      0|  0|  11|           7|           8|
    |or_ln27_1_fu_440_p2    |    or    |      0|  0|   2|           1|           1|
    |or_ln27_fu_422_p2      |    or    |      0|  0|   2|           1|           1|
    |max_2_fu_458_p3        |  select  |      0|  0|  32|           1|          32|
    +-----------------------+----------+-------+---+----+------------+------------+
    |Total                  |          |      0|  0| 328|         159|         125|
    +-----------------------+----------+-------+---+----+------------+------------+

    * Multiplexer: 
    +---------------+----+-----------+-----+-----------+
    |      Name     | LUT| Input Size| Bits| Total Bits|
    +---------------+----+-----------+-----+-----------+
    |ap_NS_fsm      |  44|          9|    1|          9|
    |c_0_reg_122    |   9|          2|    3|          6|
    |f_0_reg_100    |   9|          2|    7|         14|
    |max_0_reg_134  |   9|          2|   32|         64|
    |max_1_reg_158  |   9|          2|   32|         64|
    |mpc_0_reg_170  |   9|          2|    2|          4|
    |mpr_0_reg_147  |   9|          2|    2|          4|
    |r_0_reg_111    |   9|          2|    3|          6|
    +---------------+----+-----------+-----+-----------+
    |Total          | 107|         23|   82|        171|
    +---------------+----+-----------+-----+-----------+

    * Register: 
    +---------------------+----+----+-----+-----------+
    |         Name        | FF | LUT| Bits| Const Bits|
    +---------------------+----+----+-----+-----------+
    |add_ln34_reg_496     |   6|   0|    6|          0|
    |ap_CS_fsm            |   8|   0|    8|          0|
    |c_0_reg_122          |   3|   0|    3|          0|
    |c_reg_504            |   3|   0|    3|          0|
    |f_0_reg_100          |   7|   0|    7|          0|
    |f_reg_468            |   7|   0|    7|          0|
    |max_0_reg_134        |  32|   0|   32|          0|
    |max_1_reg_158        |  32|   0|   32|          0|
    |max_reg_540          |  32|   0|   32|          0|
    |mpc_0_reg_170        |   2|   0|    2|          0|
    |mpc_reg_530          |   2|   0|    2|          0|
    |mpr_0_reg_147        |   2|   0|    2|          0|
    |mpr_reg_517          |   2|   0|    2|          0|
    |mul_ln27_reg_522     |   8|   0|    8|          0|
    |r_0_reg_111          |   3|   0|    3|          0|
    |r_reg_486            |   3|   0|    3|          0|
    |shl_ln1_reg_509      |   3|   0|    4|          1|
    |shl_ln_reg_491       |   3|   0|    4|          1|
    |zext_ln12_1_reg_478  |   7|   0|   12|          5|
    |zext_ln12_reg_473    |   7|   0|   14|          7|
    +---------------------+----+----+-----+-----------+
    |Total                | 172|   0|  186|         14|
    +---------------------+----+----+-----+-----------+



================================================================
== Interface
================================================================
* Summary: 
+-----------------------+-----+-----+------------+--------------+--------------+
|       RTL Ports       | Dir | Bits|  Protocol  | Source Object|    C Type    |
+-----------------------+-----+-----+------------+--------------+--------------+
|ap_clk                 |  in |    1| ap_ctrl_hs |  max_pool_2  | return value |
|ap_rst                 |  in |    1| ap_ctrl_hs |  max_pool_2  | return value |
|ap_start               |  in |    1| ap_ctrl_hs |  max_pool_2  | return value |
|ap_done                | out |    1| ap_ctrl_hs |  max_pool_2  | return value |
|ap_idle                | out |    1| ap_ctrl_hs |  max_pool_2  | return value |
|ap_ready               | out |    1| ap_ctrl_hs |  max_pool_2  | return value |
|conv_out_address0      | out |   13|  ap_memory |   conv_out   |     array    |
|conv_out_ce0           | out |    1|  ap_memory |   conv_out   |     array    |
|conv_out_q0            |  in |   32|  ap_memory |   conv_out   |     array    |
|max_pool_out_address0  | out |   11|  ap_memory | max_pool_out |     array    |
|max_pool_out_ce0       | out |    1|  ap_memory | max_pool_out |     array    |
|max_pool_out_we0       | out |    1|  ap_memory | max_pool_out |     array    |
|max_pool_out_d0        | out |   32|  ap_memory | max_pool_out |     array    |
+-----------------------+-----+-----+------------+--------------+--------------+

