19:09:05 INFO  : Registering command handlers for SDK TCF services
19:09:06 INFO  : Launching XSCT server: xsct.bat -interactive C:\Users\chenq\MAG\code\FFF\VIVADO2019\cnn_opt_ap_lp\cnn_opt_ap_lp.sdk\temp_xsdb_launch_script.tcl
19:09:09 INFO  : XSCT server has started successfully.
19:09:09 INFO  : Successfully done setting XSCT server connection channel  
19:09:12 INFO  : Successfully done setting SDK workspace  
19:09:12 INFO  : Processing command line option -hwspec C:/Users/chenq/MAG/code/FFF/VIVADO2019/cnn_opt_ap_lp/cnn_opt_ap_lp.sdk/design_1_wrapper.hdf.
19:11:41 INFO  : Connected to target on host '127.0.0.1' and port '3121'.
19:11:42 INFO  : Jtag cable 'Digilent Zybo Z7 210351A820C1A' is selected.
19:11:42 INFO  : 'jtag frequency' command is executed.
19:11:42 INFO  : Sourcing of 'C:/Users/chenq/MAG/code/FFF/VIVADO2019/cnn_opt_ap_lp/cnn_opt_ap_lp.sdk/design_1_wrapper_hw_platform_0/ps7_init.tcl' is done.
19:11:42 INFO  : 'targets -set -filter {jtag_cable_name =~ "Digilent Zybo Z7 210351A820C1A" && level==0} -index 1' command is executed.
19:11:44 INFO  : FPGA configured successfully with bitstream "C:/Users/chenq/MAG/code/FFF/VIVADO2019/cnn_opt_ap_lp/cnn_opt_ap_lp.runs/impl_1/design_1_wrapper.bit"
19:11:44 INFO  : Context for 'APU' is selected.
19:11:44 INFO  : Hardware design information is loaded from 'C:/Users/chenq/MAG/code/FFF/VIVADO2019/cnn_opt_ap_lp/cnn_opt_ap_lp.sdk/design_1_wrapper_hw_platform_0/system.hdf'.
19:11:44 INFO  : 'configparams force-mem-access 1' command is executed.
19:11:44 INFO  : Context for 'APU' is selected.
19:11:44 INFO  : 'stop' command is executed.
19:11:44 INFO  : 'ps7_init' command is executed.
19:11:44 INFO  : 'ps7_post_config' command is executed.
19:11:44 INFO  : Context for processor 'ps7_cortexa9_0' is selected.
19:11:44 INFO  : Processor reset is completed for 'ps7_cortexa9_0'.
19:11:44 INFO  : Context for processor 'ps7_cortexa9_0' is selected.
19:11:45 INFO  : The application 'C:/Users/chenq/MAG/code/FFF/VIVADO2019/cnn_opt_ap_lp/cnn_opt_ap_lp.sdk/cnn/Debug/cnn.elf' is downloaded to processor 'ps7_cortexa9_0'.
19:11:45 INFO  : 'configparams force-mem-access 0' command is executed.
19:11:45 INFO  : ----------------XSDB Script----------------
connect -url tcp:127.0.0.1:3121
source C:/Users/chenq/MAG/code/FFF/VIVADO2019/cnn_opt_ap_lp/cnn_opt_ap_lp.sdk/design_1_wrapper_hw_platform_0/ps7_init.tcl
targets -set -filter {jtag_cable_name =~ "Digilent Zybo Z7 210351A820C1A" && level==0} -index 1
fpga -file C:/Users/chenq/MAG/code/FFF/VIVADO2019/cnn_opt_ap_lp/cnn_opt_ap_lp.runs/impl_1/design_1_wrapper.bit
targets -set -nocase -filter {name =~"APU*" && jtag_cable_name =~ "Digilent Zybo Z7 210351A820C1A"} -index 0
loadhw -hw C:/Users/chenq/MAG/code/FFF/VIVADO2019/cnn_opt_ap_lp/cnn_opt_ap_lp.sdk/design_1_wrapper_hw_platform_0/system.hdf -mem-ranges [list {0x40000000 0xbfffffff}]
configparams force-mem-access 1
targets -set -nocase -filter {name =~"APU*" && jtag_cable_name =~ "Digilent Zybo Z7 210351A820C1A"} -index 0
stop
ps7_init
ps7_post_config
targets -set -nocase -filter {name =~ "ARM*#0" && jtag_cable_name =~ "Digilent Zybo Z7 210351A820C1A"} -index 0
rst -processor
targets -set -nocase -filter {name =~ "ARM*#0" && jtag_cable_name =~ "Digilent Zybo Z7 210351A820C1A"} -index 0
dow C:/Users/chenq/MAG/code/FFF/VIVADO2019/cnn_opt_ap_lp/cnn_opt_ap_lp.sdk/cnn/Debug/cnn.elf
configparams force-mem-access 0
----------------End of Script----------------

19:11:45 INFO  : Memory regions updated for context APU
19:11:45 INFO  : Context for processor 'ps7_cortexa9_0' is selected.
19:11:45 INFO  : 'con' command is executed.
19:11:45 INFO  : ----------------XSDB Script (After Launch)----------------
targets -set -nocase -filter {name =~ "ARM*#0" && jtag_cable_name =~ "Digilent Zybo Z7 210351A820C1A"} -index 0
con
----------------End of Script----------------

19:11:45 INFO  : Launch script is exported to file 'C:\Users\chenq\MAG\code\FFF\VIVADO2019\cnn_opt_ap_lp\cnn_opt_ap_lp.sdk\.sdk\launch_scripts\xilinx_c-c++_application_(system_debugger)\system_debugger_using_debug_cnn.elf_on_local.tcl'
13:24:52 INFO  : Disconnected from the channel tcfchan#1.
