==============================================================
Vivado(TM) HLS - High-Level Synthesis from C, C++ and SystemC v2019.1 (64-bit)
Copyright 1986-2019 Xilinx, Inc. All Rights Reserved.
==============================================================
INFO: [SYN 201-201] Setting up clock 'default' with a period of 20ns.
INFO: [HLS 200-10] Setting target device to 'xc7z020-clg400-1'
INFO: [SCHED 204-61] Option 'relax_ii_for_timing' is enabled, will increase II to preserve clock frequency constraints.
INFO: [HLS 200-10] Analyzing design file 'cnn_ap_lp/max_pool_2.cpp' ... 
INFO: [HLS 200-10] Analyzing design file 'cnn_ap_lp/max_pool_1.cpp' ... 
INFO: [HLS 200-10] Analyzing design file 'cnn_ap_lp/flat.cpp' ... 
INFO: [HLS 200-10] Analyzing design file 'cnn_ap_lp/dense_out.cpp' ... 
INFO: [HLS 200-10] Analyzing design file 'cnn_ap_lp/dense_2.cpp' ... 
INFO: [HLS 200-10] Analyzing design file 'cnn_ap_lp/dense_1.cpp' ... 
INFO: [HLS 200-10] Analyzing design file 'cnn_ap_lp/conv_2.cpp' ... 
INFO: [HLS 200-10] Analyzing design file 'cnn_ap_lp/conv_1.cpp' ... 
INFO: [HLS 200-10] Analyzing design file 'cnn_ap_lp/cnn.cpp' ... 
INFO: [HLS 200-111] Finished Linking Time (s): cpu = 00:00:01 ; elapsed = 00:01:55 . Memory (MB): peak = 186.512 ; gain = 95.008
INFO: [HLS 200-111] Finished Checking Pragmas Time (s): cpu = 00:00:01 ; elapsed = 00:01:55 . Memory (MB): peak = 186.512 ; gain = 95.008
INFO: [HLS 200-10] Starting code transformations ...
INFO: [HLS 200-111] Finished Standard Transforms Time (s): cpu = 00:00:16 ; elapsed = 00:02:11 . Memory (MB): peak = 434.680 ; gain = 343.176
INFO: [HLS 200-10] Checking synthesizability ...
INFO: [XFORM 203-602] Inlining function 'hls::exp<15, 7>' into 'soft_max' (cnn_ap_lp/dense_out.cpp:22) automatically.
INFO: [XFORM 203-602] Inlining function 'dense_1' into 'cnn' (cnn_ap_lp/cnn.cpp:58) automatically.
INFO: [XFORM 203-602] Inlining function 'dense_2' into 'cnn' (cnn_ap_lp/cnn.cpp:63) automatically.
INFO: [XFORM 203-602] Inlining function 'dense_out' into 'cnn' (cnn_ap_lp/cnn.cpp:67) automatically.
WARNING: [SYNCHK 200-23] C:/Xilinx2019/Vivado/2019.1/common/technology/autopilot/hls_exp_apfixed.h:191: variable-indexed range selection may cause suboptimal QoR.
INFO: [SYNCHK 200-10] 0 error(s), 1 warning(s).
INFO: [HLS 200-111] Finished Checking Synthesizability Time (s): cpu = 00:00:17 ; elapsed = 00:02:12 . Memory (MB): peak = 506.707 ; gain = 415.203
INFO: [XFORM 203-502] Unrolling all loops for pipelining in function 'exp_reduce::exp<15, 7>' (C:/Xilinx2019/Vivado/2019.1/common/technology/autopilot/hls_exp_apfixed.h:41:29).
INFO: [XFORM 203-502] Unrolling all sub-loops inside loop 'Row_Loop' (cnn_ap_lp/max_pool_2.cpp:14) in function 'max_pool_2' for pipelining.
INFO: [HLS 200-489] Unrolling loop 'Loop-1' (C:/Xilinx2019/Vivado/2019.1/common/technology/autopilot/hls_exp_apfixed.h:190) in function 'exp_reduce::exp<15, 7>' completely with a factor of 8.
INFO: [HLS 200-489] Unrolling loop 'Loop-2' (C:/Xilinx2019/Vivado/2019.1/common/technology/autopilot/hls_exp_apfixed.h:197) in function 'exp_reduce::exp<15, 7>' completely with a factor of 22.
INFO: [HLS 200-489] Unrolling loop 'Loop-3' (C:/Xilinx2019/Vivado/2019.1/common/technology/autopilot/hls_exp_apfixed.h:254) in function 'exp_reduce::exp<15, 7>' completely with a factor of 5.
INFO: [HLS 200-489] Unrolling loop 'Loop-4' (C:/Xilinx2019/Vivado/2019.1/common/technology/autopilot/hls_exp_apfixed.h:260) in function 'exp_reduce::exp<15, 7>' completely with a factor of 5.
INFO: [HLS 200-489] Unrolling loop 'Loop-5' (C:/Xilinx2019/Vivado/2019.1/common/technology/autopilot/hls_exp_apfixed.h:263) in function 'exp_reduce::exp<15, 7>' completely with a factor of 17.
INFO: [HLS 200-489] Unrolling loop 'Col_Loop' (cnn_ap_lp/max_pool_2.cpp:17) in function 'max_pool_2' completely with a factor of 5.
INFO: [HLS 200-489] Unrolling loop 'Pool_Row_Loop' (cnn_ap_lp/max_pool_2.cpp:21) in function 'max_pool_2' completely with a factor of 2.
INFO: [HLS 200-489] Unrolling loop 'Pool_Col_Loop' (cnn_ap_lp/max_pool_2.cpp:24) in function 'max_pool_2' completely with a factor of 2.
INFO: [XFORM 203-602] Inlining function 'hls::exp<15, 7>' into 'soft_max' (cnn_ap_lp/dense_out.cpp:22) automatically.
INFO: [XFORM 203-602] Inlining function 'dense_1' into 'cnn' (cnn_ap_lp/cnn.cpp:58) automatically.
INFO: [XFORM 203-602] Inlining function 'dense_2' into 'cnn' (cnn_ap_lp/cnn.cpp:63) automatically.
INFO: [XFORM 203-602] Inlining function 'dense_out' into 'cnn' (cnn_ap_lp/cnn.cpp:67) automatically.
INFO: [XFORM 203-401] Performing if-conversion on hyperblock to (C:/Xilinx2019/Vivado/2019.1/common/technology/autopilot/hls_exp_apfixed.h:867:1) in function 'exp_reduce::exp<15, 7>'... converting 5 basic blocks.
INFO: [XFORM 203-401] Performing if-conversion on hyperblock from (cnn_ap_lp/conv_2.cpp:34:21) to (cnn_ap_lp/conv_2.cpp:34:21) in function 'conv_2'... converting 8 basic blocks.
INFO: [XFORM 203-401] Performing if-conversion on hyperblock from (cnn_ap_lp/conv_1.cpp:29:9) to (cnn_ap_lp/conv_1.cpp:29:9) in function 'conv_1'... converting 8 basic blocks.
INFO: [XFORM 203-401] Performing if-conversion on hyperblock from (cnn_ap_lp/cnn.cpp:27:4) to (cnn_ap_lp/cnn.cpp:25:26) in function 'cnn'... converting 10 basic blocks.
INFO: [XFORM 203-401] Performing if-conversion on hyperblock from (cnn_ap_lp/cnn.cpp:70:33) to (cnn_ap_lp/cnn.cpp:69:25) in function 'cnn'... converting 10 basic blocks.
INFO: [XFORM 203-11] Balancing expressions in function 'exp_reduce::exp<15, 7>' (C:/Xilinx2019/Vivado/2019.1/common/technology/autopilot/hls_exp_apfixed.h:41:1)...11 expression(s) balanced.
INFO: [HLS 200-111] Finished Pre-synthesis Time (s): cpu = 00:00:19 ; elapsed = 00:02:15 . Memory (MB): peak = 659.652 ; gain = 568.148
INFO: [XFORM 203-541] Flattening a loop nest 'Filter_Loop' (cnn_ap_lp/max_pool_2.cpp:11:6) in function 'max_pool_2'.
WARNING: [XFORM 203-631] Renaming function 'exp_reduce::exp<15, 7>' to 'exp<15, 7>' (C:/Xilinx2019/Vivado/2019.1/common/technology/autopilot/hls_exp_apfixed.h:41:1)
INFO: [HLS 200-111] Finished Architecture Synthesis Time (s): cpu = 00:00:21 ; elapsed = 00:02:18 . Memory (MB): peak = 753.918 ; gain = 662.414
INFO: [HLS 200-10] Starting hardware synthesis ...
INFO: [HLS 200-10] Synthesizing 'cnn' ...
WARNING: [SYN 201-103] Legalizing function name 'exp<15, 7>' to 'exp_15_7_s'.
INFO: [HLS 200-10] ----------------------------------------------------------------
INFO: [HLS 200-42] -- Implementing module 'conv_1' 
INFO: [HLS 200-10] ----------------------------------------------------------------
INFO: [SCHED 204-11] Starting scheduling ...
INFO: [SCHED 204-11] Finished scheduling.
INFO: [HLS 200-111]  Elapsed time: 137.797 seconds; current allocated memory: 667.749 MB.
INFO: [HLS 200-434] Only 0 loops out of a total 5 loops have been pipelined in this design.
INFO: [BIND 205-100] Starting micro-architecture generation ...
INFO: [BIND 205-101] Performing variable lifetime analysis.
INFO: [BIND 205-101] Exploring resource sharing.
INFO: [BIND 205-101] Binding ...
INFO: [BIND 205-100] Finished micro-architecture generation.
INFO: [HLS 200-111]  Elapsed time: 0.222 seconds; current allocated memory: 668.298 MB.
INFO: [HLS 200-10] ----------------------------------------------------------------
INFO: [HLS 200-42] -- Implementing module 'max_pool_1' 
INFO: [HLS 200-10] ----------------------------------------------------------------
INFO: [SCHED 204-11] Starting scheduling ...
INFO: [SCHED 204-11] Finished scheduling.
INFO: [HLS 200-111]  Elapsed time: 0.264 seconds; current allocated memory: 668.621 MB.
INFO: [BIND 205-100] Starting micro-architecture generation ...
INFO: [BIND 205-101] Performing variable lifetime analysis.
INFO: [BIND 205-101] Exploring resource sharing.
INFO: [BIND 205-101] Binding ...
INFO: [BIND 205-100] Finished micro-architecture generation.
INFO: [HLS 200-111]  Elapsed time: 0.157 seconds; current allocated memory: 668.863 MB.
INFO: [HLS 200-10] ----------------------------------------------------------------
INFO: [HLS 200-42] -- Implementing module 'conv_2' 
INFO: [HLS 200-10] ----------------------------------------------------------------
INFO: [SCHED 204-11] Starting scheduling ...
INFO: [SCHED 204-11] Finished scheduling.
INFO: [HLS 200-111]  Elapsed time: 0.222 seconds; current allocated memory: 669.302 MB.
INFO: [BIND 205-100] Starting micro-architecture generation ...
INFO: [BIND 205-101] Performing variable lifetime analysis.
INFO: [BIND 205-101] Exploring resource sharing.
INFO: [BIND 205-101] Binding ...
INFO: [BIND 205-100] Finished micro-architecture generation.
INFO: [HLS 200-111]  Elapsed time: 0.256 seconds; current allocated memory: 669.829 MB.
INFO: [HLS 200-10] ----------------------------------------------------------------
INFO: [HLS 200-42] -- Implementing module 'max_pool_2' 
INFO: [HLS 200-10] ----------------------------------------------------------------
INFO: [SCHED 204-11] Starting scheduling ...
INFO: [SCHED 204-61] Pipelining loop 'Filter_Loop_Row_Loop'.
WARNING: [SCHED 204-69] Unable to schedule 'load' operation ('conv_out_V_load_8', cnn_ap_lp/max_pool_2.cpp:29) on array 'conv_out_V' due to limited memory ports. Please consider using a memory core with more ports or partitioning the array 'conv_out_V'.
INFO: [SCHED 204-61] Pipelining result : Target II = 1, Final II = 10, Depth = 11.
INFO: [SCHED 204-11] Finished scheduling.
INFO: [HLS 200-111]  Elapsed time: 0.374 seconds; current allocated memory: 670.469 MB.
INFO: [BIND 205-100] Starting micro-architecture generation ...
INFO: [BIND 205-101] Performing variable lifetime analysis.
INFO: [BIND 205-101] Exploring resource sharing.
INFO: [BIND 205-101] Binding ...
INFO: [BIND 205-100] Finished micro-architecture generation.
INFO: [HLS 200-111]  Elapsed time: 0.298 seconds; current allocated memory: 671.131 MB.
INFO: [HLS 200-10] ----------------------------------------------------------------
INFO: [HLS 200-42] -- Implementing module 'flat' 
INFO: [HLS 200-10] ----------------------------------------------------------------
INFO: [SCHED 204-11] Starting scheduling ...
INFO: [SCHED 204-11] Finished scheduling.
INFO: [HLS 200-111]  Elapsed time: 0.335 seconds; current allocated memory: 671.306 MB.
INFO: [BIND 205-100] Starting micro-architecture generation ...
INFO: [BIND 205-101] Performing variable lifetime analysis.
INFO: [BIND 205-101] Exploring resource sharing.
INFO: [BIND 205-101] Binding ...
INFO: [BIND 205-100] Finished micro-architecture generation.
INFO: [HLS 200-111]  Elapsed time: 0.138 seconds; current allocated memory: 671.506 MB.
INFO: [HLS 200-10] ----------------------------------------------------------------
INFO: [HLS 200-42] -- Implementing module 'exp_15_7_s' 
INFO: [HLS 200-10] ----------------------------------------------------------------
INFO: [SCHED 204-11] Starting scheduling ...
INFO: [SCHED 204-61] Pipelining function 'exp<15, 7>'.
INFO: [SCHED 204-61] Pipelining result : Target II = 1, Final II = 1, Depth = 3.
INFO: [SCHED 204-11] Finished scheduling.
INFO: [HLS 200-111]  Elapsed time: 0.178 seconds; current allocated memory: 671.723 MB.
INFO: [BIND 205-100] Starting micro-architecture generation ...
INFO: [BIND 205-101] Performing variable lifetime analysis.
INFO: [BIND 205-101] Exploring resource sharing.
INFO: [BIND 205-101] Binding ...
INFO: [BIND 205-100] Finished micro-architecture generation.
INFO: [HLS 200-111]  Elapsed time: 0.167 seconds; current allocated memory: 671.998 MB.
INFO: [HLS 200-10] ----------------------------------------------------------------
INFO: [HLS 200-42] -- Implementing module 'soft_max' 
INFO: [HLS 200-10] ----------------------------------------------------------------
INFO: [SCHED 204-11] Starting scheduling ...
INFO: [SCHED 204-11] Finished scheduling.
INFO: [HLS 200-111]  Elapsed time: 0.196 seconds; current allocated memory: 672.244 MB.
INFO: [BIND 205-100] Starting micro-architecture generation ...
INFO: [BIND 205-101] Performing variable lifetime analysis.
INFO: [BIND 205-101] Exploring resource sharing.
INFO: [BIND 205-101] Binding ...
INFO: [BIND 205-100] Finished micro-architecture generation.
INFO: [HLS 200-111]  Elapsed time: 0.166 seconds; current allocated memory: 672.459 MB.
INFO: [HLS 200-10] ----------------------------------------------------------------
INFO: [HLS 200-42] -- Implementing module 'cnn' 
INFO: [HLS 200-10] ----------------------------------------------------------------
INFO: [SCHED 204-11] Starting scheduling ...
INFO: [SCHED 204-11] Finished scheduling.
INFO: [HLS 200-111]  Elapsed time: 0.272 seconds; current allocated memory: 673.299 MB.
INFO: [BIND 205-100] Starting micro-architecture generation ...
INFO: [BIND 205-101] Performing variable lifetime analysis.
INFO: [BIND 205-101] Exploring resource sharing.
INFO: [BIND 205-101] Binding ...
INFO: [BIND 205-100] Finished micro-architecture generation.
INFO: [HLS 200-111]  Elapsed time: 0.634 seconds; current allocated memory: 674.631 MB.
INFO: [HLS 200-10] ----------------------------------------------------------------
INFO: [HLS 200-10] -- Generating RTL for module 'conv_1' 
INFO: [HLS 200-10] ----------------------------------------------------------------
INFO: [SYN 201-210] Renamed object name 'conv_1_conv_1_weights_V' to 'conv_1_conv_1_weibkb' due to the length limit 20
INFO: [SYN 201-210] Renamed object name 'conv_1_conv_1_bias_V' to 'conv_1_conv_1_biacud' due to the length limit 20
INFO: [SYN 201-210] Renamed object name 'cnn_dcmp_64ns_64ns_1_2_1' to 'cnn_dcmp_64ns_64ndEe' due to the length limit 20
INFO: [SYN 201-210] Renamed object name 'cnn_mul_mul_14s_9s_24_1_1' to 'cnn_mul_mul_14s_9eOg' due to the length limit 20
INFO: [RTGEN 206-100] Generating core module 'cnn_dcmp_64ns_64ndEe': 1 instance(s).
INFO: [RTGEN 206-100] Generating core module 'cnn_mul_mul_14s_9eOg': 1 instance(s).
INFO: [RTGEN 206-100] Finished creating RTL model for 'conv_1'.
INFO: [HLS 200-111]  Elapsed time: 0.607 seconds; current allocated memory: 675.898 MB.
INFO: [HLS 200-10] ----------------------------------------------------------------
INFO: [HLS 200-10] -- Generating RTL for module 'max_pool_1' 
INFO: [HLS 200-10] ----------------------------------------------------------------
INFO: [RTGEN 206-100] Finished creating RTL model for 'max_pool_1'.
INFO: [HLS 200-111]  Elapsed time: 0.653 seconds; current allocated memory: 676.545 MB.
INFO: [HLS 200-10] ----------------------------------------------------------------
INFO: [HLS 200-10] -- Generating RTL for module 'conv_2' 
INFO: [HLS 200-10] ----------------------------------------------------------------
INFO: [SYN 201-210] Renamed object name 'conv_2_conv_2_weights_V' to 'conv_2_conv_2_weifYi' due to the length limit 20
INFO: [SYN 201-210] Renamed object name 'conv_2_conv_2_bias_V' to 'conv_2_conv_2_biag8j' due to the length limit 20
INFO: [SYN 201-210] Renamed object name 'cnn_mul_mul_10s_14s_25_1_1' to 'cnn_mul_mul_10s_1hbi' due to the length limit 20
INFO: [RTGEN 206-100] Generating core module 'cnn_dcmp_64ns_64ndEe': 1 instance(s).
INFO: [RTGEN 206-100] Generating core module 'cnn_mul_mul_10s_1hbi': 1 instance(s).
INFO: [RTGEN 206-100] Finished creating RTL model for 'conv_2'.
INFO: [HLS 200-111]  Elapsed time: 0.401 seconds; current allocated memory: 677.591 MB.
INFO: [HLS 200-10] ----------------------------------------------------------------
INFO: [HLS 200-10] -- Generating RTL for module 'max_pool_2' 
INFO: [HLS 200-10] ----------------------------------------------------------------
INFO: [RTGEN 206-100] Finished creating RTL model for 'max_pool_2'.
INFO: [HLS 200-111]  Elapsed time: 0.695 seconds; current allocated memory: 679.157 MB.
INFO: [HLS 200-10] ----------------------------------------------------------------
INFO: [HLS 200-10] -- Generating RTL for module 'flat' 
INFO: [HLS 200-10] ----------------------------------------------------------------
INFO: [RTGEN 206-100] Finished creating RTL model for 'flat'.
INFO: [HLS 200-111]  Elapsed time: 0.889 seconds; current allocated memory: 679.736 MB.
INFO: [HLS 200-10] ----------------------------------------------------------------
INFO: [HLS 200-10] -- Generating RTL for module 'exp_15_7_s' 
INFO: [HLS 200-10] ----------------------------------------------------------------
INFO: [SYN 201-210] Renamed object name 'exp_15_7_s_f_x_lsb_table_V' to 'exp_15_7_s_f_x_lsibs' due to the length limit 20
INFO: [SYN 201-210] Renamed object name 'exp_15_7_s_exp_x_msb_2_m_1_tabl' to 'exp_15_7_s_exp_x_jbC' due to the length limit 20
INFO: [SYN 201-210] Renamed object name 'exp_15_7_s_exp_x_msb_1_table_V' to 'exp_15_7_s_exp_x_kbM' due to the length limit 20
INFO: [RTGEN 206-100] Finished creating RTL model for 'exp_15_7_s'.
INFO: [HLS 200-111]  Elapsed time: 0.355 seconds; current allocated memory: 680.383 MB.
INFO: [HLS 200-10] ----------------------------------------------------------------
INFO: [HLS 200-10] -- Generating RTL for module 'soft_max' 
INFO: [HLS 200-10] ----------------------------------------------------------------
INFO: [SYN 201-210] Renamed object name 'cnn_sdiv_22ns_14s_14_26_seq_1' to 'cnn_sdiv_22ns_14slbW' due to the length limit 20
INFO: [RTGEN 206-100] Generating core module 'cnn_sdiv_22ns_14slbW': 1 instance(s).
INFO: [RTGEN 206-100] Finished creating RTL model for 'soft_max'.
INFO: [HLS 200-111]  Elapsed time: 0.439 seconds; current allocated memory: 681.105 MB.
INFO: [HLS 200-10] ----------------------------------------------------------------
INFO: [HLS 200-10] -- Generating RTL for module 'cnn' 
INFO: [HLS 200-10] ----------------------------------------------------------------
INFO: [RTGEN 206-500] Setting interface mode on port 'cnn/cnn_input' to 'ap_memory'.
INFO: [RTGEN 206-500] Setting interface mode on port 'cnn/prediction_output' to 'ap_memory'.
INFO: [RTGEN 206-500] Setting interface mode on function 'cnn' to 'ap_ctrl_hs'.
INFO: [SYN 201-210] Renamed object name 'cnn_dense_1_weights_V' to 'cnn_dense_1_weighmb6' due to the length limit 20
INFO: [SYN 201-210] Renamed object name 'cnn_dense_2_weights_V' to 'cnn_dense_2_weighncg' due to the length limit 20
INFO: [SYN 201-210] Renamed object name 'cnn_dense_out_weights_V' to 'cnn_dense_out_weiocq' due to the length limit 20
INFO: [SYN 201-210] Renamed object name 'cnn_dense_out_bias_V' to 'cnn_dense_out_biapcA' due to the length limit 20
INFO: [SYN 201-210] Renamed object name 'cnn_max_pool_1_out_V' to 'cnn_max_pool_1_ouqcK' due to the length limit 20
INFO: [SYN 201-210] Renamed object name 'cnn_max_pool_2_out_V' to 'cnn_max_pool_2_ourcU' due to the length limit 20
INFO: [SYN 201-210] Renamed object name 'cnn_fpext_32ns_64_2_1' to 'cnn_fpext_32ns_64sc4' due to the length limit 20
INFO: [SYN 201-210] Renamed object name 'cnn_mac_muladd_9s_14s_22ns_22_1_1' to 'cnn_mac_muladd_9stde' due to the length limit 20
INFO: [SYN 201-210] Renamed object name 'cnn_mac_muladd_9s_13ns_22ns_22_1_1' to 'cnn_mac_muladd_9sudo' due to the length limit 20
INFO: [SYN 201-210] Renamed object name 'cnn_mac_muladd_13ns_9s_22ns_22_1_1' to 'cnn_mac_muladd_13vdy' due to the length limit 20
INFO: [RTGEN 206-100] Generating core module 'cnn_fpext_32ns_64sc4': 1 instance(s).
INFO: [RTGEN 206-100] Generating core module 'cnn_mac_muladd_13vdy': 1 instance(s).
INFO: [RTGEN 206-100] Generating core module 'cnn_mac_muladd_9stde': 1 instance(s).
INFO: [RTGEN 206-100] Generating core module 'cnn_mac_muladd_9sudo': 1 instance(s).
INFO: [RTGEN 206-100] Finished creating RTL model for 'cnn'.
INFO: [HLS 200-111]  Elapsed time: 0.556 seconds; current allocated memory: 683.314 MB.
INFO: [RTMG 210-279] Implementing memory 'conv_1_conv_1_weibkb_rom' using distributed ROMs.
INFO: [RTMG 210-279] Implementing memory 'conv_1_conv_1_biacud_rom' using distributed ROMs.
INFO: [RTMG 210-279] Implementing memory 'conv_2_conv_2_weifYi_rom' using auto ROMs.
INFO: [RTMG 210-279] Implementing memory 'conv_2_conv_2_biag8j_rom' using distributed ROMs.
INFO: [RTMG 210-279] Implementing memory 'exp_15_7_s_f_x_lsibs_rom' using distributed ROMs.
INFO: [RTMG 210-279] Implementing memory 'exp_15_7_s_exp_x_jbC_rom' using distributed ROMs.
INFO: [RTMG 210-279] Implementing memory 'exp_15_7_s_exp_x_kbM_rom' using distributed ROMs.
INFO: [RTMG 210-282] Generating pipelined core: 'cnn_sdiv_22ns_14slbW_div'
INFO: [RTMG 210-279] Implementing memory 'cnn_dense_1_weighmb6_rom' using auto ROMs.
INFO: [RTMG 210-279] Implementing memory 'cnn_dense_1_bias_V_rom' using distributed ROMs.
INFO: [RTMG 210-279] Implementing memory 'cnn_dense_2_weighncg_rom' using auto ROMs.
INFO: [RTMG 210-279] Implementing memory 'cnn_dense_2_bias_V_rom' using distributed ROMs.
INFO: [RTMG 210-279] Implementing memory 'cnn_dense_out_weiocq_rom' using auto ROMs.
INFO: [RTMG 210-279] Implementing memory 'cnn_dense_out_biapcA_rom' using distributed ROMs.
INFO: [RTMG 210-278] Implementing memory 'cnn_dense_array_V_ram (RAM)' using distributed RAMs.
INFO: [RTMG 210-278] Implementing memory 'cnn_conv_1_input_V_ram (RAM)' using block RAMs.
INFO: [RTMG 210-278] Implementing memory 'cnn_conv_1_out_V_ram (RAM)' using block RAMs.
INFO: [RTMG 210-278] Implementing memory 'cnn_max_pool_1_ouqcK_ram (RAM)' using block RAMs.
INFO: [RTMG 210-278] Implementing memory 'cnn_conv_2_out_V_ram (RAM)' using block RAMs.
INFO: [RTMG 210-278] Implementing memory 'cnn_max_pool_2_ourcU_ram (RAM)' using block RAMs.
INFO: [RTMG 210-278] Implementing memory 'cnn_dense_1_out_V_ram (RAM)' using distributed RAMs.
INFO: [RTMG 210-278] Implementing memory 'cnn_dense_2_out_V_ram (RAM)' using distributed RAMs.
INFO: [HLS 200-111] Finished generating all RTL models Time (s): cpu = 00:00:29 ; elapsed = 00:02:32 . Memory (MB): peak = 795.492 ; gain = 703.988
INFO: [VHDL 208-304] Generating VHDL RTL for cnn.
INFO: [VLOG 209-307] Generating Verilog RTL for cnn.
INFO: [HLS 200-112] Total elapsed time: 152.365 seconds; peak allocated memory: 683.314 MB.
