

================================================================
== Vivado HLS Report for 'conv_1'
================================================================
* Date:           Thu May  2 10:26:40 2024

* Version:        2019.1 (Build 2552052 on Fri May 24 15:28:33 MDT 2019)
* Project:        cnn_ap_type
* Solution:       W32_16f10
* Product family: zynq
* Target device:  xc7z020-clg400-1


================================================================
== Performance Estimates
================================================================
+ Timing (ns): 
    * Summary: 
    +--------+-------+----------+------------+
    |  Clock | Target| Estimated| Uncertainty|
    +--------+-------+----------+------------+
    |ap_clk  |  10.00|     8.615|        1.25|
    +--------+-------+----------+------------+

+ Latency (clock cycles): 
    * Summary: 
    +--------+--------+--------+--------+---------+
    |     Latency     |     Interval    | Pipeline|
    |   min  |   max  |   min  |   max  |   Type  |
    +--------+--------+--------+--------+---------+
    |  192037|  212317|  192037|  212317|   none  |
    +--------+--------+--------+--------+---------+

    + Detail: 
        * Instance: 
        N/A

        * Loop: 
        +---------------------+--------+--------+-------------+-----------+-----------+------+----------+
        |                     |     Latency     |  Iteration  |  Initiation Interval  | Trip |          |
        |      Loop Name      |   min  |   max  |   Latency   |  achieved |   target  | Count| Pipelined|
        +---------------------+--------+--------+-------------+-----------+-----------+------+----------+
        |- Row_Loop           |  192036|  212316| 7386 ~ 8166 |          -|          -|    26|    no    |
        | + Col_Loop          |    7384|    8164|  284 ~ 314  |          -|          -|    26|    no    |
        |  ++ Filter1_Loop    |     282|     312|   47 ~ 52   |          -|          -|     6|    no    |
        |   +++ W_Row_Loop    |      42|      42|           14|          -|          -|     3|    no    |
        |    ++++ W_Col_Loop  |      12|      12|            4|          -|          -|     3|    no    |
        +---------------------+--------+--------+-------------+-----------+-----------+------+----------+

============================================================
+ Verbose Summary: Synthesis Manager
============================================================
InlineROM: 1
ExposeGlobal: 0
============================================================
+ Verbose Summary: CDFG Model
============================================================
IsTopModel: 0
ResetActiveHigh: 1
IsCombinational: 0
IsDatapathOnly: 0
HasWiredReturn: 1
HasMFsm: 0
HasVarLatency: 1
IsPipeline: 0
IsRtlPipelined: 0
IsInstanceOverlapped: 0
IsDontTouch: 0
HasImplIP: 0
IsGatedGlobalClock: 0


============================================================
+ Verbose Summary: Schedule
============================================================
* Number of FSM states : 17
* Pipeline : 0
* Dataflow Pipeline: 0

* FSM state transitions: 
1 --> 2 
2 --> 3 
3 --> 4 2 
4 --> 5 3 
5 --> 10 6 
6 --> 7 5 
7 --> 8 
8 --> 9 
9 --> 6 
10 --> 11 16 
11 --> 12 
12 --> 13 
13 --> 14 
14 --> 15 
15 --> 16 
16 --> 17 
17 --> 4 

* FSM state operations: 

State 1 <SV = 0> <Delay = 1.76>
ST_1 : Operation 18 [1/1] (1.76ns)   --->   "br label %1" [cnn_ap_type/conv_1.cpp:8]   --->   Operation 18 'br' <Predicate = true> <Delay = 1.76>

State 2 <SV = 1> <Delay = 1.78>
ST_2 : Operation 19 [1/1] (0.00ns)   --->   "%r_0 = phi i5 [ 0, %0 ], [ %r, %Row_Loop_end ]"   --->   Operation 19 'phi' 'r_0' <Predicate = true> <Delay = 0.00>
ST_2 : Operation 20 [1/1] (0.00ns)   --->   "%phi_mul = phi i10 [ 0, %0 ], [ %add_ln8, %Row_Loop_end ]" [cnn_ap_type/conv_1.cpp:8]   --->   Operation 20 'phi' 'phi_mul' <Predicate = true> <Delay = 0.00>
ST_2 : Operation 21 [1/1] (1.73ns)   --->   "%add_ln8 = add i10 %phi_mul, 26" [cnn_ap_type/conv_1.cpp:8]   --->   Operation 21 'add' 'add_ln8' <Predicate = true> <Delay = 1.73> <Core = "AddSub">   --->   Core 14 'AddSub' <Latency = 0> <II = 1> <Delay = 3.52> <FuncUnit> <Opcode : 'add' 'sub'> <InPorts = 2> <OutPorts = 1>
ST_2 : Operation 22 [1/1] (1.36ns)   --->   "%icmp_ln8 = icmp eq i5 %r_0, -6" [cnn_ap_type/conv_1.cpp:8]   --->   Operation 22 'icmp' 'icmp_ln8' <Predicate = true> <Delay = 1.36> <Core = "Cmp">   --->   Core 25 'Cmp' <Latency = 0> <II = 1> <Delay = 2.89> <FuncUnit> <Opcode : 'icmp'> <InPorts = 2> <OutPorts = 1>
ST_2 : Operation 23 [1/1] (0.00ns)   --->   "%empty = call i32 (...)* @_ssdm_op_SpecLoopTripCount(i64 26, i64 26, i64 26)"   --->   Operation 23 'speclooptripcount' 'empty' <Predicate = true> <Delay = 0.00>
ST_2 : Operation 24 [1/1] (1.78ns)   --->   "%r = add i5 %r_0, 1" [cnn_ap_type/conv_1.cpp:8]   --->   Operation 24 'add' 'r' <Predicate = true> <Delay = 1.78> <Core = "AddSub">   --->   Core 14 'AddSub' <Latency = 0> <II = 1> <Delay = 3.52> <FuncUnit> <Opcode : 'add' 'sub'> <InPorts = 2> <OutPorts = 1>
ST_2 : Operation 25 [1/1] (0.00ns)   --->   "br i1 %icmp_ln8, label %6, label %Row_Loop_begin" [cnn_ap_type/conv_1.cpp:8]   --->   Operation 25 'br' <Predicate = true> <Delay = 0.00>
ST_2 : Operation 26 [1/1] (0.00ns)   --->   "call void (...)* @_ssdm_op_SpecLoopName([9 x i8]* @p_str1046) nounwind" [cnn_ap_type/conv_1.cpp:9]   --->   Operation 26 'specloopname' <Predicate = (!icmp_ln8)> <Delay = 0.00>
ST_2 : Operation 27 [1/1] (0.00ns)   --->   "%tmp = call i32 (...)* @_ssdm_op_SpecRegionBegin([9 x i8]* @p_str1046)" [cnn_ap_type/conv_1.cpp:9]   --->   Operation 27 'specregionbegin' 'tmp' <Predicate = (!icmp_ln8)> <Delay = 0.00>
ST_2 : Operation 28 [1/1] (1.76ns)   --->   "br label %2" [cnn_ap_type/conv_1.cpp:11]   --->   Operation 28 'br' <Predicate = (!icmp_ln8)> <Delay = 1.76>
ST_2 : Operation 29 [1/1] (0.00ns)   --->   "ret void" [cnn_ap_type/conv_1.cpp:37]   --->   Operation 29 'ret' <Predicate = (icmp_ln8)> <Delay = 0.00>

State 3 <SV = 2> <Delay = 3.41>
ST_3 : Operation 30 [1/1] (0.00ns)   --->   "%c_0 = phi i5 [ 0, %Row_Loop_begin ], [ %c, %Col_Loop_end ]"   --->   Operation 30 'phi' 'c_0' <Predicate = true> <Delay = 0.00>
ST_3 : Operation 31 [1/1] (1.36ns)   --->   "%icmp_ln11 = icmp eq i5 %c_0, -6" [cnn_ap_type/conv_1.cpp:11]   --->   Operation 31 'icmp' 'icmp_ln11' <Predicate = true> <Delay = 1.36> <Core = "Cmp">   --->   Core 25 'Cmp' <Latency = 0> <II = 1> <Delay = 2.89> <FuncUnit> <Opcode : 'icmp'> <InPorts = 2> <OutPorts = 1>
ST_3 : Operation 32 [1/1] (0.00ns)   --->   "%empty_67 = call i32 (...)* @_ssdm_op_SpecLoopTripCount(i64 26, i64 26, i64 26)"   --->   Operation 32 'speclooptripcount' 'empty_67' <Predicate = true> <Delay = 0.00>
ST_3 : Operation 33 [1/1] (1.78ns)   --->   "%c = add i5 %c_0, 1" [cnn_ap_type/conv_1.cpp:11]   --->   Operation 33 'add' 'c' <Predicate = true> <Delay = 1.78> <Core = "AddSub">   --->   Core 14 'AddSub' <Latency = 0> <II = 1> <Delay = 3.52> <FuncUnit> <Opcode : 'add' 'sub'> <InPorts = 2> <OutPorts = 1>
ST_3 : Operation 34 [1/1] (0.00ns)   --->   "br i1 %icmp_ln11, label %Row_Loop_end, label %Col_Loop_begin" [cnn_ap_type/conv_1.cpp:11]   --->   Operation 34 'br' <Predicate = true> <Delay = 0.00>
ST_3 : Operation 35 [1/1] (0.00ns)   --->   "call void (...)* @_ssdm_op_SpecLoopName([9 x i8]* @p_str21047) nounwind" [cnn_ap_type/conv_1.cpp:12]   --->   Operation 35 'specloopname' <Predicate = (!icmp_ln11)> <Delay = 0.00>
ST_3 : Operation 36 [1/1] (0.00ns)   --->   "%tmp_s = call i32 (...)* @_ssdm_op_SpecRegionBegin([9 x i8]* @p_str21047)" [cnn_ap_type/conv_1.cpp:12]   --->   Operation 36 'specregionbegin' 'tmp_s' <Predicate = (!icmp_ln11)> <Delay = 0.00>
ST_3 : Operation 37 [1/1] (0.00ns)   --->   "%zext_ln203 = zext i5 %c_0 to i10" [cnn_ap_type/conv_1.cpp:30]   --->   Operation 37 'zext' 'zext_ln203' <Predicate = (!icmp_ln11)> <Delay = 0.00>
ST_3 : Operation 38 [1/1] (1.73ns)   --->   "%add_ln203 = add i10 %zext_ln203, %phi_mul" [cnn_ap_type/conv_1.cpp:30]   --->   Operation 38 'add' 'add_ln203' <Predicate = (!icmp_ln11)> <Delay = 1.73> <Core = "AddSub">   --->   Core 14 'AddSub' <Latency = 0> <II = 1> <Delay = 3.52> <FuncUnit> <Opcode : 'add' 'sub'> <InPorts = 2> <OutPorts = 1>
ST_3 : Operation 39 [1/1] (0.00ns)   --->   "%p_shl_cast = call i13 @_ssdm_op_BitConcatenate.i13.i10.i3(i10 %add_ln203, i3 0)" [cnn_ap_type/conv_1.cpp:30]   --->   Operation 39 'bitconcatenate' 'p_shl_cast' <Predicate = (!icmp_ln11)> <Delay = 0.00>
ST_3 : Operation 40 [1/1] (0.00ns)   --->   "%tmp_15 = call i11 @_ssdm_op_BitConcatenate.i11.i10.i1(i10 %add_ln203, i1 false)" [cnn_ap_type/conv_1.cpp:30]   --->   Operation 40 'bitconcatenate' 'tmp_15' <Predicate = (!icmp_ln11)> <Delay = 0.00>
ST_3 : Operation 41 [1/1] (0.00ns)   --->   "%zext_ln203_13 = zext i11 %tmp_15 to i13" [cnn_ap_type/conv_1.cpp:30]   --->   Operation 41 'zext' 'zext_ln203_13' <Predicate = (!icmp_ln11)> <Delay = 0.00>
ST_3 : Operation 42 [1/1] (1.67ns)   --->   "%sub_ln203 = sub i13 %p_shl_cast, %zext_ln203_13" [cnn_ap_type/conv_1.cpp:30]   --->   Operation 42 'sub' 'sub_ln203' <Predicate = (!icmp_ln11)> <Delay = 1.67> <Core = "AddSub">   --->   Core 14 'AddSub' <Latency = 0> <II = 1> <Delay = 3.52> <FuncUnit> <Opcode : 'add' 'sub'> <InPorts = 2> <OutPorts = 1>
ST_3 : Operation 43 [1/1] (1.76ns)   --->   "br label %3" [cnn_ap_type/conv_1.cpp:14]   --->   Operation 43 'br' <Predicate = (!icmp_ln11)> <Delay = 1.76>
ST_3 : Operation 44 [1/1] (0.00ns)   --->   "%empty_74 = call i32 (...)* @_ssdm_op_SpecRegionEnd([9 x i8]* @p_str1046, i32 %tmp)" [cnn_ap_type/conv_1.cpp:36]   --->   Operation 44 'specregionend' 'empty_74' <Predicate = (icmp_ln11)> <Delay = 0.00>
ST_3 : Operation 45 [1/1] (0.00ns)   --->   "br label %1" [cnn_ap_type/conv_1.cpp:8]   --->   Operation 45 'br' <Predicate = (icmp_ln11)> <Delay = 0.00>

State 4 <SV = 3> <Delay = 1.76>
ST_4 : Operation 46 [1/1] (0.00ns)   --->   "%f_0 = phi i3 [ 0, %Col_Loop_begin ], [ %f, %Filter1_Loop_end ]"   --->   Operation 46 'phi' 'f_0' <Predicate = true> <Delay = 0.00>
ST_4 : Operation 47 [1/1] (1.13ns)   --->   "%icmp_ln14 = icmp eq i3 %f_0, -2" [cnn_ap_type/conv_1.cpp:14]   --->   Operation 47 'icmp' 'icmp_ln14' <Predicate = true> <Delay = 1.13> <Core = "Cmp">   --->   Core 25 'Cmp' <Latency = 0> <II = 1> <Delay = 2.89> <FuncUnit> <Opcode : 'icmp'> <InPorts = 2> <OutPorts = 1>
ST_4 : Operation 48 [1/1] (0.00ns)   --->   "%empty_68 = call i32 (...)* @_ssdm_op_SpecLoopTripCount(i64 6, i64 6, i64 6)"   --->   Operation 48 'speclooptripcount' 'empty_68' <Predicate = true> <Delay = 0.00>
ST_4 : Operation 49 [1/1] (1.65ns)   --->   "%f = add i3 %f_0, 1" [cnn_ap_type/conv_1.cpp:14]   --->   Operation 49 'add' 'f' <Predicate = true> <Delay = 1.65> <Core = "AddSub">   --->   Core 14 'AddSub' <Latency = 0> <II = 1> <Delay = 3.52> <FuncUnit> <Opcode : 'add' 'sub'> <InPorts = 2> <OutPorts = 1>
ST_4 : Operation 50 [1/1] (0.00ns)   --->   "br i1 %icmp_ln14, label %Col_Loop_end, label %Filter1_Loop_begin" [cnn_ap_type/conv_1.cpp:14]   --->   Operation 50 'br' <Predicate = true> <Delay = 0.00>
ST_4 : Operation 51 [1/1] (0.00ns)   --->   "call void (...)* @_ssdm_op_SpecLoopName([13 x i8]* @p_str31048) nounwind" [cnn_ap_type/conv_1.cpp:15]   --->   Operation 51 'specloopname' <Predicate = (!icmp_ln14)> <Delay = 0.00>
ST_4 : Operation 52 [1/1] (0.00ns)   --->   "%tmp_4 = call i32 (...)* @_ssdm_op_SpecRegionBegin([13 x i8]* @p_str31048)" [cnn_ap_type/conv_1.cpp:15]   --->   Operation 52 'specregionbegin' 'tmp_4' <Predicate = (!icmp_ln14)> <Delay = 0.00>
ST_4 : Operation 53 [1/1] (0.00ns)   --->   "%zext_ln23 = zext i3 %f_0 to i64" [cnn_ap_type/conv_1.cpp:23]   --->   Operation 53 'zext' 'zext_ln23' <Predicate = (!icmp_ln14)> <Delay = 0.00>
ST_4 : Operation 54 [1/1] (0.00ns)   --->   "%zext_ln203_14 = zext i3 %f_0 to i7" [cnn_ap_type/conv_1.cpp:30]   --->   Operation 54 'zext' 'zext_ln203_14' <Predicate = (!icmp_ln14)> <Delay = 0.00>
ST_4 : Operation 55 [1/1] (0.00ns)   --->   "%zext_ln203_15 = zext i3 %f_0 to i13" [cnn_ap_type/conv_1.cpp:30]   --->   Operation 55 'zext' 'zext_ln203_15' <Predicate = (!icmp_ln14)> <Delay = 0.00>
ST_4 : Operation 56 [1/1] (1.67ns)   --->   "%add_ln203_7 = add i13 %sub_ln203, %zext_ln203_15" [cnn_ap_type/conv_1.cpp:30]   --->   Operation 56 'add' 'add_ln203_7' <Predicate = (!icmp_ln14)> <Delay = 1.67> <Core = "AddSub">   --->   Core 14 'AddSub' <Latency = 0> <II = 1> <Delay = 3.52> <FuncUnit> <Opcode : 'add' 'sub'> <InPorts = 2> <OutPorts = 1>
ST_4 : Operation 57 [1/1] (0.00ns)   --->   "%zext_ln203_16 = zext i13 %add_ln203_7 to i64" [cnn_ap_type/conv_1.cpp:30]   --->   Operation 57 'zext' 'zext_ln203_16' <Predicate = (!icmp_ln14)> <Delay = 0.00>
ST_4 : Operation 58 [1/1] (0.00ns)   --->   "%conv_out_V_addr = getelementptr [4056 x i32]* %conv_out_V, i64 0, i64 %zext_ln203_16" [cnn_ap_type/conv_1.cpp:30]   --->   Operation 58 'getelementptr' 'conv_out_V_addr' <Predicate = (!icmp_ln14)> <Delay = 0.00>
ST_4 : Operation 59 [1/1] (1.76ns)   --->   "br label %4" [cnn_ap_type/conv_1.cpp:18]   --->   Operation 59 'br' <Predicate = (!icmp_ln14)> <Delay = 1.76>
ST_4 : Operation 60 [1/1] (0.00ns)   --->   "%empty_73 = call i32 (...)* @_ssdm_op_SpecRegionEnd([9 x i8]* @p_str21047, i32 %tmp_s)" [cnn_ap_type/conv_1.cpp:35]   --->   Operation 60 'specregionend' 'empty_73' <Predicate = (icmp_ln14)> <Delay = 0.00>
ST_4 : Operation 61 [1/1] (0.00ns)   --->   "br label %2" [cnn_ap_type/conv_1.cpp:11]   --->   Operation 61 'br' <Predicate = (icmp_ln14)> <Delay = 0.00>

State 5 <SV = 4> <Delay = 3.51>
ST_5 : Operation 62 [1/1] (0.00ns)   --->   "%p_Val2_s = phi i32 [ 0, %Filter1_Loop_begin ], [ %p_Val2_30, %W_Row_Loop_end ]"   --->   Operation 62 'phi' 'p_Val2_s' <Predicate = true> <Delay = 0.00>
ST_5 : Operation 63 [1/1] (0.00ns)   --->   "%wr_0 = phi i2 [ 0, %Filter1_Loop_begin ], [ %wr, %W_Row_Loop_end ]"   --->   Operation 63 'phi' 'wr_0' <Predicate = true> <Delay = 0.00>
ST_5 : Operation 64 [1/1] (0.00ns)   --->   "%zext_ln18 = zext i2 %wr_0 to i5" [cnn_ap_type/conv_1.cpp:18]   --->   Operation 64 'zext' 'zext_ln18' <Predicate = true> <Delay = 0.00>
ST_5 : Operation 65 [1/1] (0.95ns)   --->   "%icmp_ln18 = icmp eq i2 %wr_0, -1" [cnn_ap_type/conv_1.cpp:18]   --->   Operation 65 'icmp' 'icmp_ln18' <Predicate = true> <Delay = 0.95> <Core = "Cmp">   --->   Core 25 'Cmp' <Latency = 0> <II = 1> <Delay = 2.89> <FuncUnit> <Opcode : 'icmp'> <InPorts = 2> <OutPorts = 1>
ST_5 : Operation 66 [1/1] (0.00ns)   --->   "%empty_69 = call i32 (...)* @_ssdm_op_SpecLoopTripCount(i64 3, i64 3, i64 3)"   --->   Operation 66 'speclooptripcount' 'empty_69' <Predicate = true> <Delay = 0.00>
ST_5 : Operation 67 [1/1] (1.56ns)   --->   "%wr = add i2 %wr_0, 1" [cnn_ap_type/conv_1.cpp:18]   --->   Operation 67 'add' 'wr' <Predicate = true> <Delay = 1.56> <Core = "AddSub">   --->   Core 14 'AddSub' <Latency = 0> <II = 1> <Delay = 3.52> <FuncUnit> <Opcode : 'add' 'sub'> <InPorts = 2> <OutPorts = 1>
ST_5 : Operation 68 [1/1] (0.00ns)   --->   "br i1 %icmp_ln18, label %_ZN13ap_fixed_baseILi33ELi17ELb1EL9ap_q_mode5EL9ap_o_mode3ELi0EEC1ILi32ELi16ELb1ELS0_5ELS1_3ELi0EEERKS_IXT_EXT0_EXT1_EXT2_EXT3_EXT4_EE.exit9.i.i, label %W_Row_Loop_begin" [cnn_ap_type/conv_1.cpp:18]   --->   Operation 68 'br' <Predicate = true> <Delay = 0.00>
ST_5 : Operation 69 [1/1] (0.00ns)   --->   "call void (...)* @_ssdm_op_SpecLoopName([11 x i8]* @p_str41049) nounwind" [cnn_ap_type/conv_1.cpp:19]   --->   Operation 69 'specloopname' <Predicate = (!icmp_ln18)> <Delay = 0.00>
ST_5 : Operation 70 [1/1] (0.00ns)   --->   "%tmp_5 = call i32 (...)* @_ssdm_op_SpecRegionBegin([11 x i8]* @p_str41049)" [cnn_ap_type/conv_1.cpp:19]   --->   Operation 70 'specregionbegin' 'tmp_5' <Predicate = (!icmp_ln18)> <Delay = 0.00>
ST_5 : Operation 71 [1/1] (0.00ns)   --->   "%tmp_6 = call i4 @_ssdm_op_BitConcatenate.i4.i2.i2(i2 %wr_0, i2 0)" [cnn_ap_type/conv_1.cpp:23]   --->   Operation 71 'bitconcatenate' 'tmp_6' <Predicate = (!icmp_ln18)> <Delay = 0.00>
ST_5 : Operation 72 [1/1] (0.00ns)   --->   "%zext_ln1116 = zext i4 %tmp_6 to i5" [cnn_ap_type/conv_1.cpp:23]   --->   Operation 72 'zext' 'zext_ln1116' <Predicate = (!icmp_ln18)> <Delay = 0.00>
ST_5 : Operation 73 [1/1] (1.73ns)   --->   "%sub_ln1116 = sub i5 %zext_ln1116, %zext_ln18" [cnn_ap_type/conv_1.cpp:23]   --->   Operation 73 'sub' 'sub_ln1116' <Predicate = (!icmp_ln18)> <Delay = 1.73> <Core = "AddSub">   --->   Core 14 'AddSub' <Latency = 0> <II = 1> <Delay = 3.52> <FuncUnit> <Opcode : 'add' 'sub'> <InPorts = 2> <OutPorts = 1>
ST_5 : Operation 74 [1/1] (0.00ns)   --->   "%sext_ln1116_2 = sext i5 %sub_ln1116 to i6" [cnn_ap_type/conv_1.cpp:23]   --->   Operation 74 'sext' 'sext_ln1116_2' <Predicate = (!icmp_ln18)> <Delay = 0.00>
ST_5 : Operation 75 [1/1] (1.78ns)   --->   "%add_ln23 = add i5 %zext_ln18, %r_0" [cnn_ap_type/conv_1.cpp:23]   --->   Operation 75 'add' 'add_ln23' <Predicate = (!icmp_ln18)> <Delay = 1.78> <Core = "AddSub">   --->   Core 14 'AddSub' <Latency = 0> <II = 1> <Delay = 3.52> <FuncUnit> <Opcode : 'add' 'sub'> <InPorts = 2> <OutPorts = 1>
ST_5 : Operation 76 [1/1] (0.00ns)   --->   "%tmp_8 = call i10 @_ssdm_op_BitConcatenate.i10.i5.i5(i5 %add_ln23, i5 0)" [cnn_ap_type/conv_1.cpp:23]   --->   Operation 76 'bitconcatenate' 'tmp_8' <Predicate = (!icmp_ln18)> <Delay = 0.00>
ST_5 : Operation 77 [1/1] (0.00ns)   --->   "%zext_ln1117 = zext i10 %tmp_8 to i11" [cnn_ap_type/conv_1.cpp:23]   --->   Operation 77 'zext' 'zext_ln1117' <Predicate = (!icmp_ln18)> <Delay = 0.00>
ST_5 : Operation 78 [1/1] (0.00ns)   --->   "%tmp_9 = call i7 @_ssdm_op_BitConcatenate.i7.i5.i2(i5 %add_ln23, i2 0)" [cnn_ap_type/conv_1.cpp:23]   --->   Operation 78 'bitconcatenate' 'tmp_9' <Predicate = (!icmp_ln18)> <Delay = 0.00>
ST_5 : Operation 79 [1/1] (0.00ns)   --->   "%zext_ln1117_4 = zext i7 %tmp_9 to i11" [cnn_ap_type/conv_1.cpp:23]   --->   Operation 79 'zext' 'zext_ln1117_4' <Predicate = (!icmp_ln18)> <Delay = 0.00>
ST_5 : Operation 80 [1/1] (1.73ns)   --->   "%sub_ln1117 = sub i11 %zext_ln1117, %zext_ln1117_4" [cnn_ap_type/conv_1.cpp:23]   --->   Operation 80 'sub' 'sub_ln1117' <Predicate = (!icmp_ln18)> <Delay = 1.73> <Core = "AddSub">   --->   Core 14 'AddSub' <Latency = 0> <II = 1> <Delay = 3.52> <FuncUnit> <Opcode : 'add' 'sub'> <InPorts = 2> <OutPorts = 1>
ST_5 : Operation 81 [1/1] (1.76ns)   --->   "br label %5" [cnn_ap_type/conv_1.cpp:21]   --->   Operation 81 'br' <Predicate = (!icmp_ln18)> <Delay = 1.76>
ST_5 : Operation 82 [1/1] (0.00ns)   --->   "%conv_1_bias_V_addr = getelementptr [6 x i15]* @conv_1_bias_V, i64 0, i64 %zext_ln23" [cnn_ap_type/conv_1.cpp:26]   --->   Operation 82 'getelementptr' 'conv_1_bias_V_addr' <Predicate = (icmp_ln18)> <Delay = 0.00>
ST_5 : Operation 83 [2/2] (3.25ns)   --->   "%p_Val2_26 = load i15* %conv_1_bias_V_addr, align 2" [cnn_ap_type/conv_1.cpp:26]   --->   Operation 83 'load' 'p_Val2_26' <Predicate = (icmp_ln18)> <Delay = 3.25> <Core = "ROM_nP">   --->   Core 52 'ROM_nP' <Latency = 1> <II = 1> <Delay = 3.25> <Storage> <Opcode : 'load'> <Ports = 0> <Width = 15> <Depth = 6> <ROM>

State 6 <SV = 5> <Delay = 8.61>
ST_6 : Operation 84 [1/1] (0.00ns)   --->   "%p_Val2_30 = phi i32 [ %p_Val2_s, %W_Row_Loop_begin ], [ %w_sum_V, %_ZN13ap_fixed_baseILi65ELi33ELb1EL9ap_q_mode5EL9ap_o_mode3ELi0EEC1ILi32ELi16ELb1ELS0_5ELS1_3ELi0EEERKS_IXT_EXT0_EXT1_EXT2_EXT3_EXT4_EE.exit.i.i ]"   --->   Operation 84 'phi' 'p_Val2_30' <Predicate = true> <Delay = 0.00>
ST_6 : Operation 85 [1/1] (0.00ns)   --->   "%wc_0 = phi i2 [ 0, %W_Row_Loop_begin ], [ %wc, %_ZN13ap_fixed_baseILi65ELi33ELb1EL9ap_q_mode5EL9ap_o_mode3ELi0EEC1ILi32ELi16ELb1ELS0_5ELS1_3ELi0EEERKS_IXT_EXT0_EXT1_EXT2_EXT3_EXT4_EE.exit.i.i ]"   --->   Operation 85 'phi' 'wc_0' <Predicate = true> <Delay = 0.00>
ST_6 : Operation 86 [1/1] (0.00ns)   --->   "%zext_ln21 = zext i2 %wc_0 to i5" [cnn_ap_type/conv_1.cpp:21]   --->   Operation 86 'zext' 'zext_ln21' <Predicate = true> <Delay = 0.00>
ST_6 : Operation 87 [1/1] (0.95ns)   --->   "%icmp_ln21 = icmp eq i2 %wc_0, -1" [cnn_ap_type/conv_1.cpp:21]   --->   Operation 87 'icmp' 'icmp_ln21' <Predicate = true> <Delay = 0.95> <Core = "Cmp">   --->   Core 25 'Cmp' <Latency = 0> <II = 1> <Delay = 2.89> <FuncUnit> <Opcode : 'icmp'> <InPorts = 2> <OutPorts = 1>
ST_6 : Operation 88 [1/1] (0.00ns)   --->   "%empty_70 = call i32 (...)* @_ssdm_op_SpecLoopTripCount(i64 3, i64 3, i64 3)"   --->   Operation 88 'speclooptripcount' 'empty_70' <Predicate = true> <Delay = 0.00>
ST_6 : Operation 89 [1/1] (1.56ns)   --->   "%wc = add i2 %wc_0, 1" [cnn_ap_type/conv_1.cpp:21]   --->   Operation 89 'add' 'wc' <Predicate = true> <Delay = 1.56> <Core = "AddSub">   --->   Core 14 'AddSub' <Latency = 0> <II = 1> <Delay = 3.52> <FuncUnit> <Opcode : 'add' 'sub'> <InPorts = 2> <OutPorts = 1>
ST_6 : Operation 90 [1/1] (0.00ns)   --->   "br i1 %icmp_ln21, label %W_Row_Loop_end, label %_ZN13ap_fixed_baseILi65ELi33ELb1EL9ap_q_mode5EL9ap_o_mode3ELi0EEC1ILi32ELi16ELb1ELS0_5ELS1_3ELi0EEERKS_IXT_EXT0_EXT1_EXT2_EXT3_EXT4_EE.exit.i.i" [cnn_ap_type/conv_1.cpp:21]   --->   Operation 90 'br' <Predicate = true> <Delay = 0.00>
ST_6 : Operation 91 [1/1] (0.00ns)   --->   "%zext_ln1116_7 = zext i2 %wc_0 to i6" [cnn_ap_type/conv_1.cpp:23]   --->   Operation 91 'zext' 'zext_ln1116_7' <Predicate = (!icmp_ln21)> <Delay = 0.00>
ST_6 : Operation 92 [1/1] (1.78ns)   --->   "%add_ln1116 = add i6 %sext_ln1116_2, %zext_ln1116_7" [cnn_ap_type/conv_1.cpp:23]   --->   Operation 92 'add' 'add_ln1116' <Predicate = (!icmp_ln21)> <Delay = 1.78> <Core = "AddSub">   --->   Core 14 'AddSub' <Latency = 0> <II = 1> <Delay = 3.52> <FuncUnit> <Opcode : 'add' 'sub'> <InPorts = 2> <OutPorts = 1>
ST_6 : Operation 93 [1/1] (0.00ns)   --->   "%trunc_ln1116 = trunc i6 %add_ln1116 to i4" [cnn_ap_type/conv_1.cpp:23]   --->   Operation 93 'trunc' 'trunc_ln1116' <Predicate = (!icmp_ln21)> <Delay = 0.00>
ST_6 : Operation 94 [1/1] (0.00ns)   --->   "%p_shl5_cast = call i7 @_ssdm_op_BitConcatenate.i7.i4.i3(i4 %trunc_ln1116, i3 0)" [cnn_ap_type/conv_1.cpp:23]   --->   Operation 94 'bitconcatenate' 'p_shl5_cast' <Predicate = (!icmp_ln21)> <Delay = 0.00>
ST_6 : Operation 95 [1/1] (0.00ns)   --->   "%p_shl6_cast = call i7 @_ssdm_op_BitConcatenate.i7.i6.i1(i6 %add_ln1116, i1 false)" [cnn_ap_type/conv_1.cpp:23]   --->   Operation 95 'bitconcatenate' 'p_shl6_cast' <Predicate = (!icmp_ln21)> <Delay = 0.00>
ST_6 : Operation 96 [1/1] (0.00ns) (grouped into TernaryAdder)   --->   "%sub_ln1116_2 = sub i7 %p_shl5_cast, %p_shl6_cast" [cnn_ap_type/conv_1.cpp:23]   --->   Operation 96 'sub' 'sub_ln1116_2' <Predicate = (!icmp_ln21)> <Delay = 0.00> <Core = "TAddSub">   --->   Core 83 'TAddSub' <Latency = 0> <II = 1> <Delay = 1.87> <IPBlock> <Opcode : 'add' 'sub'> <InPorts = 3> <OutPorts = 1> <Sync> <CReg>
ST_6 : Operation 97 [1/1] (3.58ns) (root node of TernaryAdder)   --->   "%add_ln1116_3 = add i7 %sub_ln1116_2, %zext_ln203_14" [cnn_ap_type/conv_1.cpp:23]   --->   Operation 97 'add' 'add_ln1116_3' <Predicate = (!icmp_ln21)> <Delay = 3.58> <Core = "TAddSub">   --->   Core 83 'TAddSub' <Latency = 0> <II = 1> <Delay = 1.87> <IPBlock> <Opcode : 'add' 'sub'> <InPorts = 3> <OutPorts = 1> <Sync> <CReg>
ST_6 : Operation 98 [1/1] (0.00ns)   --->   "%zext_ln1116_8 = zext i7 %add_ln1116_3 to i64" [cnn_ap_type/conv_1.cpp:23]   --->   Operation 98 'zext' 'zext_ln1116_8' <Predicate = (!icmp_ln21)> <Delay = 0.00>
ST_6 : Operation 99 [1/1] (0.00ns)   --->   "%conv_1_weights_V_add = getelementptr [54 x i17]* @conv_1_weights_V, i64 0, i64 %zext_ln1116_8" [cnn_ap_type/conv_1.cpp:23]   --->   Operation 99 'getelementptr' 'conv_1_weights_V_add' <Predicate = (!icmp_ln21)> <Delay = 0.00>
ST_6 : Operation 100 [1/1] (1.78ns)   --->   "%add_ln23_1 = add i5 %zext_ln21, %c_0" [cnn_ap_type/conv_1.cpp:23]   --->   Operation 100 'add' 'add_ln23_1' <Predicate = (!icmp_ln21)> <Delay = 1.78> <Core = "AddSub">   --->   Core 14 'AddSub' <Latency = 0> <II = 1> <Delay = 3.52> <FuncUnit> <Opcode : 'add' 'sub'> <InPorts = 2> <OutPorts = 1>
ST_6 : Operation 101 [1/1] (0.00ns)   --->   "%zext_ln1117_5 = zext i5 %add_ln23_1 to i11" [cnn_ap_type/conv_1.cpp:23]   --->   Operation 101 'zext' 'zext_ln1117_5' <Predicate = (!icmp_ln21)> <Delay = 0.00>
ST_6 : Operation 102 [1/1] (1.63ns)   --->   "%add_ln1117 = add i11 %sub_ln1117, %zext_ln1117_5" [cnn_ap_type/conv_1.cpp:23]   --->   Operation 102 'add' 'add_ln1117' <Predicate = (!icmp_ln21)> <Delay = 1.63> <Core = "AddSub">   --->   Core 14 'AddSub' <Latency = 0> <II = 1> <Delay = 3.52> <FuncUnit> <Opcode : 'add' 'sub'> <InPorts = 2> <OutPorts = 1>
ST_6 : Operation 103 [1/1] (0.00ns)   --->   "%sext_ln1117 = sext i11 %add_ln1117 to i64" [cnn_ap_type/conv_1.cpp:23]   --->   Operation 103 'sext' 'sext_ln1117' <Predicate = (!icmp_ln21)> <Delay = 0.00>
ST_6 : Operation 104 [1/1] (0.00ns)   --->   "%input_V_addr = getelementptr [784 x i32]* %input_V, i64 0, i64 %sext_ln1117" [cnn_ap_type/conv_1.cpp:23]   --->   Operation 104 'getelementptr' 'input_V_addr' <Predicate = (!icmp_ln21)> <Delay = 0.00>
ST_6 : Operation 105 [2/2] (3.25ns)   --->   "%conv_1_weights_V_loa = load i17* %conv_1_weights_V_add, align 4" [cnn_ap_type/conv_1.cpp:23]   --->   Operation 105 'load' 'conv_1_weights_V_loa' <Predicate = (!icmp_ln21)> <Delay = 3.25> <Core = "ROM_nP">   --->   Core 52 'ROM_nP' <Latency = 1> <II = 1> <Delay = 3.25> <Storage> <Opcode : 'load'> <Ports = 0> <Width = 15> <Depth = 6> <ROM>
ST_6 : Operation 106 [2/2] (3.25ns)   --->   "%input_V_load = load i32* %input_V_addr, align 4" [cnn_ap_type/conv_1.cpp:23]   --->   Operation 106 'load' 'input_V_load' <Predicate = (!icmp_ln21)> <Delay = 3.25> <Core = "RAM">   --->   Core 37 'RAM' <Latency = 1> <II = 1> <Delay = 3.25> <Storage> <Opcode : 'load' 'store'> <Ports = 2> <Width = 32> <Depth = 4056> <RAM>
ST_6 : Operation 107 [1/1] (0.00ns)   --->   "%empty_71 = call i32 (...)* @_ssdm_op_SpecRegionEnd([11 x i8]* @p_str41049, i32 %tmp_5)" [cnn_ap_type/conv_1.cpp:25]   --->   Operation 107 'specregionend' 'empty_71' <Predicate = (icmp_ln21)> <Delay = 0.00>
ST_6 : Operation 108 [1/1] (0.00ns)   --->   "br label %4" [cnn_ap_type/conv_1.cpp:18]   --->   Operation 108 'br' <Predicate = (icmp_ln21)> <Delay = 0.00>

State 7 <SV = 6> <Delay = 3.25>
ST_7 : Operation 109 [1/2] (3.25ns)   --->   "%conv_1_weights_V_loa = load i17* %conv_1_weights_V_add, align 4" [cnn_ap_type/conv_1.cpp:23]   --->   Operation 109 'load' 'conv_1_weights_V_loa' <Predicate = true> <Delay = 3.25> <Core = "ROM_nP">   --->   Core 52 'ROM_nP' <Latency = 1> <II = 1> <Delay = 3.25> <Storage> <Opcode : 'load'> <Ports = 0> <Width = 15> <Depth = 6> <ROM>
ST_7 : Operation 110 [1/2] (3.25ns)   --->   "%input_V_load = load i32* %input_V_addr, align 4" [cnn_ap_type/conv_1.cpp:23]   --->   Operation 110 'load' 'input_V_load' <Predicate = true> <Delay = 3.25> <Core = "RAM">   --->   Core 37 'RAM' <Latency = 1> <II = 1> <Delay = 3.25> <Storage> <Opcode : 'load' 'store'> <Ports = 2> <Width = 32> <Depth = 4056> <RAM>

State 8 <SV = 7> <Delay = 8.51>
ST_8 : Operation 111 [1/1] (0.00ns)   --->   "%sext_ln1116 = sext i17 %conv_1_weights_V_loa to i48" [cnn_ap_type/conv_1.cpp:23]   --->   Operation 111 'sext' 'sext_ln1116' <Predicate = true> <Delay = 0.00>
ST_8 : Operation 112 [1/1] (0.00ns)   --->   "%sext_ln1118 = sext i32 %input_V_load to i48" [cnn_ap_type/conv_1.cpp:23]   --->   Operation 112 'sext' 'sext_ln1118' <Predicate = true> <Delay = 0.00>
ST_8 : Operation 113 [1/1] (8.51ns)   --->   "%r_V = mul i48 %sext_ln1118, %sext_ln1116" [cnn_ap_type/conv_1.cpp:23]   --->   Operation 113 'mul' 'r_V' <Predicate = true> <Delay = 8.51> <Core = "Mul">   --->   Core 16 'Mul' <Latency = 0> <II = 1> <Delay = 8.51> <FuncUnit> <Opcode : 'mul'> <InPorts = 2> <OutPorts = 1>

State 9 <SV = 8> <Delay = 3.10>
ST_9 : Operation 114 [1/1] (0.00ns)   --->   "call void (...)* @_ssdm_op_SpecLoopName([11 x i8]* @p_str51050) nounwind" [cnn_ap_type/conv_1.cpp:22]   --->   Operation 114 'specloopname' <Predicate = true> <Delay = 0.00>
ST_9 : Operation 115 [1/1] (0.00ns)   --->   "%lhs_V = call i48 @_ssdm_op_BitConcatenate.i48.i32.i16(i32 %p_Val2_30, i16 0)" [cnn_ap_type/conv_1.cpp:23]   --->   Operation 115 'bitconcatenate' 'lhs_V' <Predicate = true> <Delay = 0.00>
ST_9 : Operation 116 [1/1] (3.10ns)   --->   "%add_ln1192 = add i48 %lhs_V, %r_V" [cnn_ap_type/conv_1.cpp:23]   --->   Operation 116 'add' 'add_ln1192' <Predicate = true> <Delay = 3.10> <Core = "AddSub">   --->   Core 14 'AddSub' <Latency = 0> <II = 1> <Delay = 3.52> <FuncUnit> <Opcode : 'add' 'sub'> <InPorts = 2> <OutPorts = 1>
ST_9 : Operation 117 [1/1] (0.00ns)   --->   "%w_sum_V = call i32 @_ssdm_op_PartSelect.i32.i48.i32.i32(i48 %add_ln1192, i32 16, i32 47)" [cnn_ap_type/conv_1.cpp:23]   --->   Operation 117 'partselect' 'w_sum_V' <Predicate = true> <Delay = 0.00>
ST_9 : Operation 118 [1/1] (0.00ns)   --->   "br label %5" [cnn_ap_type/conv_1.cpp:21]   --->   Operation 118 'br' <Predicate = true> <Delay = 0.00>

State 10 <SV = 5> <Delay = 8.27>
ST_10 : Operation 119 [1/2] (3.25ns)   --->   "%p_Val2_26 = load i15* %conv_1_bias_V_addr, align 2" [cnn_ap_type/conv_1.cpp:26]   --->   Operation 119 'load' 'p_Val2_26' <Predicate = true> <Delay = 3.25> <Core = "ROM_nP">   --->   Core 52 'ROM_nP' <Latency = 1> <II = 1> <Delay = 3.25> <Storage> <Opcode : 'load'> <Ports = 0> <Width = 15> <Depth = 6> <ROM>
ST_10 : Operation 120 [1/1] (0.00ns)   --->   "%sext_ln1265 = sext i15 %p_Val2_26 to i32" [cnn_ap_type/conv_1.cpp:26]   --->   Operation 120 'sext' 'sext_ln1265' <Predicate = true> <Delay = 0.00>
ST_10 : Operation 121 [1/1] (2.55ns)   --->   "%tmp_V_8 = add i32 %sext_ln1265, %p_Val2_s" [cnn_ap_type/conv_1.cpp:26]   --->   Operation 121 'add' 'tmp_V_8' <Predicate = true> <Delay = 2.55> <Core = "AddSub">   --->   Core 14 'AddSub' <Latency = 0> <II = 1> <Delay = 3.52> <FuncUnit> <Opcode : 'add' 'sub'> <InPorts = 2> <OutPorts = 1>
ST_10 : Operation 122 [1/1] (2.47ns)   --->   "%icmp_ln885 = icmp eq i32 %tmp_V_8, 0" [cnn_ap_type/conv_1.cpp:29]   --->   Operation 122 'icmp' 'icmp_ln885' <Predicate = true> <Delay = 2.47> <Core = "Cmp">   --->   Core 25 'Cmp' <Latency = 0> <II = 1> <Delay = 2.89> <FuncUnit> <Opcode : 'icmp'> <InPorts = 2> <OutPorts = 1>
ST_10 : Operation 123 [1/1] (0.00ns)   --->   "br i1 %icmp_ln885, label %.critedge, label %_ifconv" [cnn_ap_type/conv_1.cpp:29]   --->   Operation 123 'br' <Predicate = true> <Delay = 0.00>

State 11 <SV = 6> <Delay = 6.64>
ST_11 : Operation 124 [1/1] (0.00ns)   --->   "%p_Result_39 = call i1 @_ssdm_op_BitSelect.i1.i32.i32(i32 %tmp_V_8, i32 31)" [cnn_ap_type/conv_1.cpp:29]   --->   Operation 124 'bitselect' 'p_Result_39' <Predicate = true> <Delay = 0.00>
ST_11 : Operation 125 [1/1] (2.55ns)   --->   "%tmp_V = sub nsw i32 0, %tmp_V_8" [cnn_ap_type/conv_1.cpp:29]   --->   Operation 125 'sub' 'tmp_V' <Predicate = true> <Delay = 2.55> <Core = "AddSub">   --->   Core 14 'AddSub' <Latency = 0> <II = 1> <Delay = 3.52> <FuncUnit> <Opcode : 'add' 'sub'> <InPorts = 2> <OutPorts = 1>
ST_11 : Operation 126 [1/1] (0.69ns)   --->   "%tmp_V_9 = select i1 %p_Result_39, i32 %tmp_V, i32 %tmp_V_8" [cnn_ap_type/conv_1.cpp:29]   --->   Operation 126 'select' 'tmp_V_9' <Predicate = true> <Delay = 0.69> <Core = "Sel">   --->   Core 26 'Sel' <Latency = 0> <II = 1> <Delay = 0.69> <FuncUnit> <Opcode : 'select'> <InPorts = 3> <OutPorts = 1>
ST_11 : Operation 127 [1/1] (0.00ns)   --->   "%p_Result_40 = call i32 @_ssdm_op_PartSelect.i32.i32.i32.i32(i32 %tmp_V_9, i32 31, i32 0)" [cnn_ap_type/conv_1.cpp:29]   --->   Operation 127 'partselect' 'p_Result_40' <Predicate = true> <Delay = 0.00>
ST_11 : Operation 128 [1/1] (3.39ns)   --->   "%l = call i32 @llvm.cttz.i32(i32 %p_Result_40, i1 true) nounwind" [cnn_ap_type/conv_1.cpp:29]   --->   Operation 128 'cttz' 'l' <Predicate = true> <Delay = 3.39> <Core = "CTTZ">   --->   Core 64 'CTTZ' <Latency = 0> <II = 1> <Delay = 3.39> <FuncUnit> <Opcode : 'cttz'> <InPorts = 1> <OutPorts = 1>
ST_11 : Operation 129 [1/1] (0.00ns)   --->   "%trunc_ln893 = trunc i32 %l to i11" [cnn_ap_type/conv_1.cpp:29]   --->   Operation 129 'trunc' 'trunc_ln893' <Predicate = true> <Delay = 0.00>

State 12 <SV = 7> <Delay = 8.55>
ST_12 : Operation 130 [1/1] (2.55ns)   --->   "%sub_ln894 = sub nsw i32 32, %l" [cnn_ap_type/conv_1.cpp:29]   --->   Operation 130 'sub' 'sub_ln894' <Predicate = true> <Delay = 2.55> <Core = "AddSub">   --->   Core 14 'AddSub' <Latency = 0> <II = 1> <Delay = 3.52> <FuncUnit> <Opcode : 'add' 'sub'> <InPorts = 2> <OutPorts = 1>
ST_12 : Operation 131 [1/1] (2.55ns)   --->   "%lsb_index = add nsw i32 -53, %sub_ln894" [cnn_ap_type/conv_1.cpp:29]   --->   Operation 131 'add' 'lsb_index' <Predicate = true> <Delay = 2.55> <Core = "AddSub">   --->   Core 14 'AddSub' <Latency = 0> <II = 1> <Delay = 3.52> <FuncUnit> <Opcode : 'add' 'sub'> <InPorts = 2> <OutPorts = 1>
ST_12 : Operation 132 [1/1] (0.00ns)   --->   "%tmp_17 = call i31 @_ssdm_op_PartSelect.i31.i32.i32.i32(i32 %lsb_index, i32 1, i32 31)" [cnn_ap_type/conv_1.cpp:29]   --->   Operation 132 'partselect' 'tmp_17' <Predicate = true> <Delay = 0.00>
ST_12 : Operation 133 [1/1] (2.47ns)   --->   "%icmp_ln897 = icmp sgt i31 %tmp_17, 0" [cnn_ap_type/conv_1.cpp:29]   --->   Operation 133 'icmp' 'icmp_ln897' <Predicate = true> <Delay = 2.47> <Core = "Cmp">   --->   Core 25 'Cmp' <Latency = 0> <II = 1> <Delay = 2.89> <FuncUnit> <Opcode : 'icmp'> <InPorts = 2> <OutPorts = 1>
ST_12 : Operation 134 [1/1] (0.00ns)   --->   "%trunc_ln897 = trunc i32 %sub_ln894 to i6" [cnn_ap_type/conv_1.cpp:29]   --->   Operation 134 'trunc' 'trunc_ln897' <Predicate = true> <Delay = 0.00>
ST_12 : Operation 135 [1/1] (1.82ns)   --->   "%sub_ln897 = sub i6 22, %trunc_ln897" [cnn_ap_type/conv_1.cpp:29]   --->   Operation 135 'sub' 'sub_ln897' <Predicate = true> <Delay = 1.82> <Core = "AddSub">   --->   Core 14 'AddSub' <Latency = 0> <II = 1> <Delay = 3.52> <FuncUnit> <Opcode : 'add' 'sub'> <InPorts = 2> <OutPorts = 1>
ST_12 : Operation 136 [1/1] (0.00ns) (grouped into LUT with out node icmp_ln897_2)   --->   "%zext_ln897 = zext i6 %sub_ln897 to i32" [cnn_ap_type/conv_1.cpp:29]   --->   Operation 136 'zext' 'zext_ln897' <Predicate = true> <Delay = 0.00>
ST_12 : Operation 137 [1/1] (0.00ns) (grouped into LUT with out node icmp_ln897_2)   --->   "%lshr_ln897 = lshr i32 -1, %zext_ln897" [cnn_ap_type/conv_1.cpp:29]   --->   Operation 137 'lshr' 'lshr_ln897' <Predicate = true> <Delay = 0.00> <Core = "Shift">   --->   Core 28 'Shift' <Latency = 0> <II = 1> <Delay = 4.42> <FuncUnit> <Opcode : 'shl' 'lshr' 'ashr'> <InPorts = 2> <OutPorts = 1>
ST_12 : Operation 138 [1/1] (0.00ns) (grouped into LUT with out node icmp_ln897_2)   --->   "%p_Result_s = and i32 %tmp_V_9, %lshr_ln897" [cnn_ap_type/conv_1.cpp:29]   --->   Operation 138 'and' 'p_Result_s' <Predicate = true> <Delay = 0.00> <Core = "LogicGate">   --->   Core 27 'LogicGate' <Latency = 0> <II = 1> <Delay = 0.97> <FuncUnit> <Opcode : 'and' 'or' 'xor'> <InPorts = 2> <OutPorts = 1>
ST_12 : Operation 139 [1/1] (2.94ns) (out node of the LUT)   --->   "%icmp_ln897_2 = icmp ne i32 %p_Result_s, 0" [cnn_ap_type/conv_1.cpp:29]   --->   Operation 139 'icmp' 'icmp_ln897_2' <Predicate = true> <Delay = 2.94> <Core = "Cmp">   --->   Core 25 'Cmp' <Latency = 0> <II = 1> <Delay = 2.89> <FuncUnit> <Opcode : 'icmp'> <InPorts = 2> <OutPorts = 1>
ST_12 : Operation 140 [1/1] (0.00ns) (grouped into LUT with out node or_ln)   --->   "%a = and i1 %icmp_ln897, %icmp_ln897_2" [cnn_ap_type/conv_1.cpp:29]   --->   Operation 140 'and' 'a' <Predicate = true> <Delay = 0.00> <Core = "LogicGate">   --->   Core 27 'LogicGate' <Latency = 0> <II = 1> <Delay = 0.97> <FuncUnit> <Opcode : 'and' 'or' 'xor'> <InPorts = 2> <OutPorts = 1>
ST_12 : Operation 141 [1/1] (0.00ns) (grouped into LUT with out node or_ln)   --->   "%tmp_18 = call i1 @_ssdm_op_BitSelect.i1.i32.i32(i32 %lsb_index, i32 31)" [cnn_ap_type/conv_1.cpp:29]   --->   Operation 141 'bitselect' 'tmp_18' <Predicate = true> <Delay = 0.00>
ST_12 : Operation 142 [1/1] (0.00ns) (grouped into LUT with out node or_ln)   --->   "%xor_ln899 = xor i1 %tmp_18, true" [cnn_ap_type/conv_1.cpp:29]   --->   Operation 142 'xor' 'xor_ln899' <Predicate = true> <Delay = 0.00> <Core = "LogicGate">   --->   Core 27 'LogicGate' <Latency = 0> <II = 1> <Delay = 0.97> <FuncUnit> <Opcode : 'and' 'or' 'xor'> <InPorts = 2> <OutPorts = 1>
ST_12 : Operation 143 [1/1] (0.00ns) (grouped into LUT with out node or_ln)   --->   "%p_Result_37 = call i1 @_ssdm_op_BitSelect.i1.i32.i32(i32 %tmp_V_9, i32 %lsb_index)" [cnn_ap_type/conv_1.cpp:29]   --->   Operation 143 'bitselect' 'p_Result_37' <Predicate = true> <Delay = 0.00>
ST_12 : Operation 144 [1/1] (0.00ns) (grouped into LUT with out node or_ln)   --->   "%and_ln899 = and i1 %p_Result_37, %xor_ln899" [cnn_ap_type/conv_1.cpp:29]   --->   Operation 144 'and' 'and_ln899' <Predicate = true> <Delay = 0.00> <Core = "LogicGate">   --->   Core 27 'LogicGate' <Latency = 0> <II = 1> <Delay = 0.97> <FuncUnit> <Opcode : 'and' 'or' 'xor'> <InPorts = 2> <OutPorts = 1>
ST_12 : Operation 145 [1/1] (0.00ns) (grouped into LUT with out node or_ln)   --->   "%or_ln899 = or i1 %and_ln899, %a" [cnn_ap_type/conv_1.cpp:29]   --->   Operation 145 'or' 'or_ln899' <Predicate = true> <Delay = 0.00> <Core = "LogicGate">   --->   Core 27 'LogicGate' <Latency = 0> <II = 1> <Delay = 0.97> <FuncUnit> <Opcode : 'and' 'or' 'xor'> <InPorts = 2> <OutPorts = 1>
ST_12 : Operation 146 [1/1] (0.97ns) (out node of the LUT)   --->   "%or_ln = call i32 @_ssdm_op_BitConcatenate.i32.i31.i1(i31 0, i1 %or_ln899)" [cnn_ap_type/conv_1.cpp:29]   --->   Operation 146 'bitconcatenate' 'or_ln' <Predicate = true> <Delay = 0.97>
ST_12 : Operation 147 [1/1] (2.47ns)   --->   "%icmp_ln908 = icmp sgt i32 %lsb_index, 0" [cnn_ap_type/conv_1.cpp:29]   --->   Operation 147 'icmp' 'icmp_ln908' <Predicate = true> <Delay = 2.47> <Core = "Cmp">   --->   Core 25 'Cmp' <Latency = 0> <II = 1> <Delay = 2.89> <FuncUnit> <Opcode : 'icmp'> <InPorts = 2> <OutPorts = 1>
ST_12 : Operation 148 [1/1] (2.55ns)   --->   "%add_ln908 = add nsw i32 -54, %sub_ln894" [cnn_ap_type/conv_1.cpp:29]   --->   Operation 148 'add' 'add_ln908' <Predicate = true> <Delay = 2.55> <Core = "AddSub">   --->   Core 14 'AddSub' <Latency = 0> <II = 1> <Delay = 3.52> <FuncUnit> <Opcode : 'add' 'sub'> <InPorts = 2> <OutPorts = 1>
ST_12 : Operation 149 [1/1] (2.55ns)   --->   "%sub_ln908 = sub i32 54, %sub_ln894" [cnn_ap_type/conv_1.cpp:29]   --->   Operation 149 'sub' 'sub_ln908' <Predicate = true> <Delay = 2.55> <Core = "AddSub">   --->   Core 14 'AddSub' <Latency = 0> <II = 1> <Delay = 3.52> <FuncUnit> <Opcode : 'add' 'sub'> <InPorts = 2> <OutPorts = 1>

State 13 <SV = 8> <Delay = 7.31>
ST_13 : Operation 150 [1/1] (0.00ns) (grouped into LUT with out node m_8)   --->   "%m = zext i32 %tmp_V_9 to i64" [cnn_ap_type/conv_1.cpp:29]   --->   Operation 150 'zext' 'm' <Predicate = (!icmp_ln908)> <Delay = 0.00>
ST_13 : Operation 151 [1/1] (0.00ns) (grouped into LUT with out node m_8)   --->   "%lshr_ln908 = lshr i32 %tmp_V_9, %add_ln908" [cnn_ap_type/conv_1.cpp:29]   --->   Operation 151 'lshr' 'lshr_ln908' <Predicate = (icmp_ln908)> <Delay = 0.00> <Core = "Shift">   --->   Core 28 'Shift' <Latency = 0> <II = 1> <Delay = 4.42> <FuncUnit> <Opcode : 'shl' 'lshr' 'ashr'> <InPorts = 2> <OutPorts = 1>
ST_13 : Operation 152 [1/1] (0.00ns) (grouped into LUT with out node m_8)   --->   "%zext_ln908 = zext i32 %lshr_ln908 to i64" [cnn_ap_type/conv_1.cpp:29]   --->   Operation 152 'zext' 'zext_ln908' <Predicate = (icmp_ln908)> <Delay = 0.00>
ST_13 : Operation 153 [1/1] (0.00ns) (grouped into LUT with out node m_8)   --->   "%zext_ln908_2 = zext i32 %sub_ln908 to i64" [cnn_ap_type/conv_1.cpp:29]   --->   Operation 153 'zext' 'zext_ln908_2' <Predicate = (!icmp_ln908)> <Delay = 0.00>
ST_13 : Operation 154 [1/1] (0.00ns) (grouped into LUT with out node m_8)   --->   "%shl_ln908 = shl i64 %m, %zext_ln908_2" [cnn_ap_type/conv_1.cpp:29]   --->   Operation 154 'shl' 'shl_ln908' <Predicate = (!icmp_ln908)> <Delay = 0.00> <Core = "Shift">   --->   Core 28 'Shift' <Latency = 0> <II = 1> <Delay = 4.42> <FuncUnit> <Opcode : 'shl' 'lshr' 'ashr'> <InPorts = 2> <OutPorts = 1>
ST_13 : Operation 155 [1/1] (0.00ns) (grouped into LUT with out node m_8)   --->   "%m_7 = select i1 %icmp_ln908, i64 %zext_ln908, i64 %shl_ln908" [cnn_ap_type/conv_1.cpp:29]   --->   Operation 155 'select' 'm_7' <Predicate = true> <Delay = 0.00> <Core = "Sel">   --->   Core 26 'Sel' <Latency = 0> <II = 1> <Delay = 0.69> <FuncUnit> <Opcode : 'select'> <InPorts = 3> <OutPorts = 1>
ST_13 : Operation 156 [1/1] (0.00ns) (grouped into LUT with out node m_8)   --->   "%zext_ln911 = zext i32 %or_ln to i64" [cnn_ap_type/conv_1.cpp:29]   --->   Operation 156 'zext' 'zext_ln911' <Predicate = true> <Delay = 0.00>
ST_13 : Operation 157 [1/1] (4.42ns) (out node of the LUT)   --->   "%m_8 = add i64 %zext_ln911, %m_7" [cnn_ap_type/conv_1.cpp:29]   --->   Operation 157 'add' 'm_8' <Predicate = true> <Delay = 4.42> <Core = "AddSub">   --->   Core 14 'AddSub' <Latency = 0> <II = 1> <Delay = 3.52> <FuncUnit> <Opcode : 'add' 'sub'> <InPorts = 2> <OutPorts = 1>
ST_13 : Operation 158 [1/1] (0.00ns)   --->   "%m_s = call i63 @_ssdm_op_PartSelect.i63.i64.i32.i32(i64 %m_8, i32 1, i32 63)" [cnn_ap_type/conv_1.cpp:29]   --->   Operation 158 'partselect' 'm_s' <Predicate = true> <Delay = 0.00>
ST_13 : Operation 159 [1/1] (0.00ns)   --->   "%tmp_19 = call i1 @_ssdm_op_BitSelect.i1.i64.i32(i64 %m_8, i32 54)" [cnn_ap_type/conv_1.cpp:29]   --->   Operation 159 'bitselect' 'tmp_19' <Predicate = true> <Delay = 0.00>
ST_13 : Operation 160 [1/1] (0.00ns)   --->   "%trunc_ln5 = call i52 @_ssdm_op_PartSelect.i52.i64.i32.i32(i64 %m_8, i32 1, i32 52)" [cnn_ap_type/conv_1.cpp:29]   --->   Operation 160 'partselect' 'trunc_ln5' <Predicate = true> <Delay = 0.00>
ST_13 : Operation 161 [1/1] (2.89ns)   --->   "%icmp_ln924_2 = icmp eq i52 %trunc_ln5, 0" [cnn_ap_type/conv_1.cpp:29]   --->   Operation 161 'icmp' 'icmp_ln924_2' <Predicate = true> <Delay = 2.89> <Core = "Cmp">   --->   Core 25 'Cmp' <Latency = 0> <II = 1> <Delay = 2.89> <FuncUnit> <Opcode : 'icmp'> <InPorts = 2> <OutPorts = 1>

State 14 <SV = 9> <Delay = 6.32>
ST_14 : Operation 162 [1/1] (0.00ns)   --->   "%m_11 = zext i63 %m_s to i64" [cnn_ap_type/conv_1.cpp:29]   --->   Operation 162 'zext' 'm_11' <Predicate = true> <Delay = 0.00>
ST_14 : Operation 163 [1/1] (0.69ns)   --->   "%select_ln915 = select i1 %tmp_19, i11 1023, i11 1022" [cnn_ap_type/conv_1.cpp:29]   --->   Operation 163 'select' 'select_ln915' <Predicate = true> <Delay = 0.69> <Core = "Sel">   --->   Core 26 'Sel' <Latency = 0> <II = 1> <Delay = 0.69> <FuncUnit> <Opcode : 'select'> <InPorts = 3> <OutPorts = 1>
ST_14 : Operation 164 [1/1] (0.00ns) (grouped into TernaryAdder)   --->   "%sub_ln915 = sub i11 16, %trunc_ln893" [cnn_ap_type/conv_1.cpp:29]   --->   Operation 164 'sub' 'sub_ln915' <Predicate = true> <Delay = 0.00> <Core = "TAddSub">   --->   Core 83 'TAddSub' <Latency = 0> <II = 1> <Delay = 1.87> <IPBlock> <Opcode : 'add' 'sub'> <InPorts = 3> <OutPorts = 1> <Sync> <CReg>
ST_14 : Operation 165 [1/1] (3.75ns) (root node of TernaryAdder)   --->   "%add_ln915 = add i11 %sub_ln915, %select_ln915" [cnn_ap_type/conv_1.cpp:29]   --->   Operation 165 'add' 'add_ln915' <Predicate = true> <Delay = 3.75> <Core = "TAddSub">   --->   Core 83 'TAddSub' <Latency = 0> <II = 1> <Delay = 1.87> <IPBlock> <Opcode : 'add' 'sub'> <InPorts = 3> <OutPorts = 1> <Sync> <CReg>
ST_14 : Operation 166 [1/1] (0.00ns)   --->   "%tmp_7 = call i12 @_ssdm_op_BitConcatenate.i12.i1.i11(i1 %p_Result_39, i11 %add_ln915)" [cnn_ap_type/conv_1.cpp:29]   --->   Operation 166 'bitconcatenate' 'tmp_7' <Predicate = true> <Delay = 0.00>
ST_14 : Operation 167 [1/1] (0.00ns)   --->   "%p_Result_41 = call i64 @_ssdm_op_PartSet.i64.i64.i12.i32.i32(i64 %m_11, i12 %tmp_7, i32 52, i32 63)" [cnn_ap_type/conv_1.cpp:29]   --->   Operation 167 'partset' 'p_Result_41' <Predicate = true> <Delay = 0.00>
ST_14 : Operation 168 [1/1] (1.88ns)   --->   "%icmp_ln924 = icmp ne i11 %add_ln915, -1" [cnn_ap_type/conv_1.cpp:29]   --->   Operation 168 'icmp' 'icmp_ln924' <Predicate = true> <Delay = 1.88> <Core = "Cmp">   --->   Core 25 'Cmp' <Latency = 0> <II = 1> <Delay = 2.89> <FuncUnit> <Opcode : 'icmp'> <InPorts = 2> <OutPorts = 1>

State 15 <SV = 10> <Delay = 5.46>
ST_15 : Operation 169 [1/1] (0.00ns)   --->   "%bitcast_ln729 = bitcast i64 %p_Result_41 to double" [cnn_ap_type/conv_1.cpp:29]   --->   Operation 169 'bitcast' 'bitcast_ln729' <Predicate = true> <Delay = 0.00>
ST_15 : Operation 170 [2/2] (5.46ns)   --->   "%tmp_3 = fcmp ogt double %bitcast_ln729, 0.000000e+00" [cnn_ap_type/conv_1.cpp:29]   --->   Operation 170 'dcmp' 'tmp_3' <Predicate = true> <Delay = 5.46> <Core = "DCmp">   --->   Core 120 'DCmp' <Latency = 1> <II = 1> <Delay = 5.46> <FuncUnit> <Opcode : 'dcmp'> <InPorts = 2> <OutPorts = 1>

State 16 <SV = 11> <Delay = 8.20>
ST_16 : Operation 171 [1/1] (0.00ns) (grouped into LUT with out node and_ln924)   --->   "%or_ln924 = or i1 %icmp_ln924_2, %icmp_ln924" [cnn_ap_type/conv_1.cpp:29]   --->   Operation 171 'or' 'or_ln924' <Predicate = (!icmp_ln885)> <Delay = 0.00> <Core = "LogicGate">   --->   Core 27 'LogicGate' <Latency = 0> <II = 1> <Delay = 0.97> <FuncUnit> <Opcode : 'and' 'or' 'xor'> <InPorts = 2> <OutPorts = 1>
ST_16 : Operation 172 [1/2] (5.46ns)   --->   "%tmp_3 = fcmp ogt double %bitcast_ln729, 0.000000e+00" [cnn_ap_type/conv_1.cpp:29]   --->   Operation 172 'dcmp' 'tmp_3' <Predicate = (!icmp_ln885)> <Delay = 5.46> <Core = "DCmp">   --->   Core 120 'DCmp' <Latency = 1> <II = 1> <Delay = 5.46> <FuncUnit> <Opcode : 'dcmp'> <InPorts = 2> <OutPorts = 1>
ST_16 : Operation 173 [1/1] (0.97ns) (out node of the LUT)   --->   "%and_ln924 = and i1 %or_ln924, %tmp_3" [cnn_ap_type/conv_1.cpp:29]   --->   Operation 173 'and' 'and_ln924' <Predicate = (!icmp_ln885)> <Delay = 0.97> <Core = "LogicGate">   --->   Core 27 'LogicGate' <Latency = 0> <II = 1> <Delay = 0.97> <FuncUnit> <Opcode : 'and' 'or' 'xor'> <InPorts = 2> <OutPorts = 1>
ST_16 : Operation 174 [1/1] (1.76ns)   --->   "br i1 %and_ln924, label %Filter1_Loop_end, label %.critedge" [cnn_ap_type/conv_1.cpp:29]   --->   Operation 174 'br' <Predicate = (!icmp_ln885)> <Delay = 1.76>
ST_16 : Operation 175 [1/1] (1.76ns)   --->   "br label %Filter1_Loop_end"   --->   Operation 175 'br' <Predicate = (!and_ln924) | (icmp_ln885)> <Delay = 1.76>

State 17 <SV = 12> <Delay = 3.25>
ST_17 : Operation 176 [1/1] (0.00ns)   --->   "%storemerge = phi i32 [ 0, %.critedge ], [ %tmp_V_8, %_ifconv ]"   --->   Operation 176 'phi' 'storemerge' <Predicate = true> <Delay = 0.00>
ST_17 : Operation 177 [1/1] (3.25ns)   --->   "store i32 %storemerge, i32* %conv_out_V_addr, align 4" [cnn_ap_type/conv_1.cpp:30]   --->   Operation 177 'store' <Predicate = true> <Delay = 3.25> <Core = "RAM">   --->   Core 37 'RAM' <Latency = 1> <II = 1> <Delay = 3.25> <Storage> <Opcode : 'load' 'store'> <Ports = 2> <Width = 32> <Depth = 4056> <RAM>
ST_17 : Operation 178 [1/1] (0.00ns)   --->   "%empty_72 = call i32 (...)* @_ssdm_op_SpecRegionEnd([13 x i8]* @p_str31048, i32 %tmp_4)" [cnn_ap_type/conv_1.cpp:34]   --->   Operation 178 'specregionend' 'empty_72' <Predicate = true> <Delay = 0.00>
ST_17 : Operation 179 [1/1] (0.00ns)   --->   "br label %3" [cnn_ap_type/conv_1.cpp:14]   --->   Operation 179 'br' <Predicate = true> <Delay = 0.00>


============================================================
+ Verbose Summary: Timing violations
============================================================
Target clock period: 10ns, clock uncertainty: 1.25ns.

 <State 1>: 1.77ns
The critical path consists of the following:
	multiplexor before 'phi' operation ('r') with incoming values : ('r', cnn_ap_type/conv_1.cpp:8) [7]  (1.77 ns)

 <State 2>: 1.78ns
The critical path consists of the following:
	'phi' operation ('r') with incoming values : ('r', cnn_ap_type/conv_1.cpp:8) [7]  (0 ns)
	'add' operation ('r', cnn_ap_type/conv_1.cpp:8) [12]  (1.78 ns)

 <State 3>: 3.41ns
The critical path consists of the following:
	'phi' operation ('c') with incoming values : ('c', cnn_ap_type/conv_1.cpp:11) [19]  (0 ns)
	'add' operation ('add_ln203', cnn_ap_type/conv_1.cpp:30) [28]  (1.73 ns)
	'sub' operation ('sub_ln203', cnn_ap_type/conv_1.cpp:30) [32]  (1.68 ns)

 <State 4>: 1.77ns
The critical path consists of the following:
	multiplexor before 'phi' operation ('__Val2__') with incoming values : ('w_sum.V', cnn_ap_type/conv_1.cpp:23) [51]  (1.77 ns)

 <State 5>: 3.51ns
The critical path consists of the following:
	'phi' operation ('wr') with incoming values : ('wr', cnn_ap_type/conv_1.cpp:18) [52]  (0 ns)
	'add' operation ('add_ln23', cnn_ap_type/conv_1.cpp:23) [65]  (1.78 ns)
	'sub' operation ('sub_ln1117', cnn_ap_type/conv_1.cpp:23) [70]  (1.73 ns)

 <State 6>: 8.61ns
The critical path consists of the following:
	'phi' operation ('wc') with incoming values : ('wc', cnn_ap_type/conv_1.cpp:21) [74]  (0 ns)
	'add' operation ('add_ln1116', cnn_ap_type/conv_1.cpp:23) [83]  (1.78 ns)
	'sub' operation ('sub_ln1116_2', cnn_ap_type/conv_1.cpp:23) [87]  (0 ns)
	'add' operation ('add_ln1116_3', cnn_ap_type/conv_1.cpp:23) [88]  (3.58 ns)
	'getelementptr' operation ('conv_1_weights_V_add', cnn_ap_type/conv_1.cpp:23) [90]  (0 ns)
	'load' operation ('conv_1_weights_V_loa', cnn_ap_type/conv_1.cpp:23) on array 'conv_1_weights_V' [96]  (3.25 ns)

 <State 7>: 3.25ns
The critical path consists of the following:
	'load' operation ('conv_1_weights_V_loa', cnn_ap_type/conv_1.cpp:23) on array 'conv_1_weights_V' [96]  (3.25 ns)

 <State 8>: 8.51ns
The critical path consists of the following:
	'mul' operation ('r.V', cnn_ap_type/conv_1.cpp:23) [100]  (8.51 ns)

 <State 9>: 3.1ns
The critical path consists of the following:
	'add' operation ('add_ln1192', cnn_ap_type/conv_1.cpp:23) [102]  (3.1 ns)

 <State 10>: 8.28ns
The critical path consists of the following:
	'load' operation ('__Val2__', cnn_ap_type/conv_1.cpp:26) on array 'conv_1_bias_V' [110]  (3.25 ns)
	'add' operation ('tmp.V', cnn_ap_type/conv_1.cpp:26) [112]  (2.55 ns)
	'icmp' operation ('icmp_ln885', cnn_ap_type/conv_1.cpp:29) [113]  (2.47 ns)

 <State 11>: 6.65ns
The critical path consists of the following:
	'sub' operation ('tmp.V', cnn_ap_type/conv_1.cpp:29) [117]  (2.55 ns)
	'select' operation ('tmp.V', cnn_ap_type/conv_1.cpp:29) [118]  (0.698 ns)
	'cttz' operation ('l', cnn_ap_type/conv_1.cpp:29) [120]  (3.4 ns)

 <State 12>: 8.55ns
The critical path consists of the following:
	'sub' operation ('sub_ln894', cnn_ap_type/conv_1.cpp:29) [121]  (2.55 ns)
	'add' operation ('lsb_index', cnn_ap_type/conv_1.cpp:29) [122]  (2.55 ns)
	'icmp' operation ('icmp_ln897', cnn_ap_type/conv_1.cpp:29) [124]  (2.47 ns)
	'and' operation ('a', cnn_ap_type/conv_1.cpp:29) [131]  (0 ns)
	'or' operation ('or_ln899', cnn_ap_type/conv_1.cpp:29) [136]  (0 ns)
	blocking operation 0.978 ns on control path)

 <State 13>: 7.32ns
The critical path consists of the following:
	'shl' operation ('shl_ln908', cnn_ap_type/conv_1.cpp:29) [145]  (0 ns)
	'select' operation ('m', cnn_ap_type/conv_1.cpp:29) [146]  (0 ns)
	'add' operation ('m', cnn_ap_type/conv_1.cpp:29) [148]  (4.42 ns)
	'icmp' operation ('icmp_ln924_2', cnn_ap_type/conv_1.cpp:29) [161]  (2.9 ns)

 <State 14>: 6.33ns
The critical path consists of the following:
	'select' operation ('select_ln915', cnn_ap_type/conv_1.cpp:29) [152]  (0.692 ns)
	'add' operation ('add_ln915', cnn_ap_type/conv_1.cpp:29) [155]  (3.76 ns)
	'icmp' operation ('icmp_ln924', cnn_ap_type/conv_1.cpp:29) [160]  (1.88 ns)

 <State 15>: 5.46ns
The critical path consists of the following:
	'dcmp' operation ('tmp_3', cnn_ap_type/conv_1.cpp:29) [163]  (5.46 ns)

 <State 16>: 8.21ns
The critical path consists of the following:
	'dcmp' operation ('tmp_3', cnn_ap_type/conv_1.cpp:29) [163]  (5.46 ns)
	'and' operation ('and_ln924', cnn_ap_type/conv_1.cpp:29) [164]  (0.978 ns)
	multiplexor before 'phi' operation ('__Val2__') with incoming values : ('tmp.V', cnn_ap_type/conv_1.cpp:26) [169]  (1.77 ns)

 <State 17>: 3.25ns
The critical path consists of the following:
	'phi' operation ('__Val2__') with incoming values : ('tmp.V', cnn_ap_type/conv_1.cpp:26) [169]  (0 ns)
	'store' operation ('store_ln30', cnn_ap_type/conv_1.cpp:30) of variable '__Val2__' on array 'conv_out_V' [170]  (3.25 ns)


============================================================
+ Verbose Summary: Binding
============================================================
N/A
* FSMD analyzer results:
  - Output states:
 - Input state : 
  - Chain level:
	State 1
	State 2
	State 3
	State 4
	State 5
	State 6
	State 7
	State 8
	State 9
	State 10
	State 11
	State 12
	State 13
	State 14
	State 15
	State 16
	State 17


============================================================
+ Verbose Summary: Datapath Resource usage 
============================================================
N/A
