

================================================================
== Vivado HLS Report for 'max_pool_1'
================================================================
* Date:           Mon Jan 22 09:45:17 2024

* Version:        2019.1 (Build 2552052 on Fri May 24 15:28:33 MDT 2019)
* Project:        pool
* Solution:       solution18
* Product family: zynq
* Target device:  xc7z020-clg400-1


================================================================
== Performance Estimates
================================================================
+ Timing (ns): 
    * Summary: 
    +--------+-------+----------+------------+
    |  Clock | Target| Estimated| Uncertainty|
    +--------+-------+----------+------------+
    |ap_clk  |  40.00|    14.886|        5.00|
    +--------+-------+----------+------------+

+ Latency (clock cycles): 
    * Summary: 
    +-------+-------+-------+-------+---------+
    |    Latency    |    Interval   | Pipeline|
    |  min  |  max  |  min  |  max  |   Type  |
    +-------+-------+-------+-------+---------+
    |  10825|  10825|  10825|  10825|   none  |
    +-------+-------+-------+-------+---------+

    + Detail: 
        * Instance: 
        N/A

        * Loop: 
        +------------------------+-------+-------+----------+-----------+-----------+------+----------+
        |                        |    Latency    | Iteration|  Initiation Interval  | Trip |          |
        |        Loop Name       |  min  |  max  |  Latency |  achieved |   target  | Count| Pipelined|
        +------------------------+-------+-------+----------+-----------+-----------+------+----------+
        |- Filter_Loop_Row_Loop  |  10823|  10823|        34|         26|          1|   416|    yes   |
        +------------------------+-------+-------+----------+-----------+-----------+------+----------+



================================================================
== Utilization Estimates
================================================================
* Summary: 
+-----------------+---------+-------+--------+-------+-----+
|       Name      | BRAM_18K| DSP48E|   FF   |  LUT  | URAM|
+-----------------+---------+-------+--------+-------+-----+
|DSP              |        -|      -|       -|      -|    -|
|Expression       |        -|      0|       0|   6119|    -|
|FIFO             |        -|      -|       -|      -|    -|
|Instance         |        -|      0|     231|   1703|    -|
|Memory           |        -|      -|       -|      -|    -|
|Multiplexer      |        -|      -|       -|   5922|    -|
|Register         |        -|      -|    8235|      -|    -|
+-----------------+---------+-------+--------+-------+-----+
|Total            |        0|      0|    8466|  13744|    0|
+-----------------+---------+-------+--------+-------+-----+
|Available        |      280|    220|  106400|  53200|    0|
+-----------------+---------+-------+--------+-------+-----+
|Utilization (%)  |        0|      0|       7|     25|    0|
+-----------------+---------+-------+--------+-------+-----+

+ Detail: 
    * Instance: 
    +--------------------------+----------------------+---------+-------+----+-----+-----+
    |         Instance         |        Module        | BRAM_18K| DSP48E| FF | LUT | URAM|
    +--------------------------+----------------------+---------+-------+----+-----+-----+
    |max_pool_1_fcmp_3bkb_U1   |max_pool_1_fcmp_3bkb  |        0|      0|  66|  239|    0|
    |max_pool_1_fcmp_3bkb_U2   |max_pool_1_fcmp_3bkb  |        0|      0|  66|  239|    0|
    |max_pool_1_mux_13cud_U3   |max_pool_1_mux_13cud  |        0|      0|   0|   65|    0|
    |max_pool_1_mux_13cud_U4   |max_pool_1_mux_13cud  |        0|      0|   0|   65|    0|
    |max_pool_1_mux_13cud_U5   |max_pool_1_mux_13cud  |        0|      0|   0|   65|    0|
    |max_pool_1_mux_13cud_U6   |max_pool_1_mux_13cud  |        0|      0|   0|   65|    0|
    |max_pool_1_mux_13cud_U8   |max_pool_1_mux_13cud  |        0|      0|   0|   65|    0|
    |max_pool_1_mux_13cud_U9   |max_pool_1_mux_13cud  |        0|      0|   0|   65|    0|
    |max_pool_1_mux_13cud_U10  |max_pool_1_mux_13cud  |        0|      0|   0|   65|    0|
    |max_pool_1_mux_13cud_U11  |max_pool_1_mux_13cud  |        0|      0|   0|   65|    0|
    |max_pool_1_mux_13cud_U12  |max_pool_1_mux_13cud  |        0|      0|   0|   65|    0|
    |max_pool_1_mux_13cud_U13  |max_pool_1_mux_13cud  |        0|      0|   0|   65|    0|
    |max_pool_1_mux_13cud_U14  |max_pool_1_mux_13cud  |        0|      0|   0|   65|    0|
    |max_pool_1_mux_13cud_U15  |max_pool_1_mux_13cud  |        0|      0|   0|   65|    0|
    |max_pool_1_mux_13cud_U16  |max_pool_1_mux_13cud  |        0|      0|   0|   65|    0|
    |max_pool_1_mux_13cud_U17  |max_pool_1_mux_13cud  |        0|      0|   0|   65|    0|
    |max_pool_1_mux_13cud_U18  |max_pool_1_mux_13cud  |        0|      0|   0|   65|    0|
    |max_pool_1_mux_13cud_U19  |max_pool_1_mux_13cud  |        0|      0|   0|   65|    0|
    |max_pool_1_mux_13cud_U20  |max_pool_1_mux_13cud  |        0|      0|   0|   65|    0|
    |max_pool_1_mux_13cud_U21  |max_pool_1_mux_13cud  |        0|      0|   0|   65|    0|
    |max_pool_1_urem_5dEe_U7   |max_pool_1_urem_5dEe  |        0|      0|  99|   55|    0|
    +--------------------------+----------------------+---------+-------+----+-----+-----+
    |Total                     |                      |        0|      0| 231| 1703|    0|
    +--------------------------+----------------------+---------+-------+----+-----+-----+

    * DSP48E: 
    N/A

    * Memory: 
    N/A

    * FIFO: 
    N/A

    * Expression: 
    +----------------------------+----------+-------+---+----+------------+------------+
    |        Variable Name       | Operation| DSP48E| FF| LUT| Bitwidth P0| Bitwidth P1|
    +----------------------------+----------+-------+---+----+------------+------------+
    |mul_ln28_1_fu_7792_p2       |     *    |      0|  0|  63|          10|           2|
    |mul_ln28_fu_7575_p2         |     *    |      0|  0|  63|          10|           2|
    |add_ln10_fu_7483_p2         |     +    |      0|  0|  15|           9|           1|
    |add_ln28_10_fu_9004_p2      |     +    |      0|  0|  12|          12|          12|
    |add_ln28_11_fu_7816_p2      |     +    |      0|  0|  21|           9|          15|
    |add_ln28_12_fu_9161_p2      |     +    |      0|  0|  12|           9|          12|
    |add_ln28_13_fu_9166_p2      |     +    |      0|  0|  12|          12|          12|
    |add_ln28_14_fu_7855_p2      |     +    |      0|  0|  21|           9|          15|
    |add_ln28_15_fu_9473_p2      |     +    |      0|  0|  12|           9|          12|
    |add_ln28_16_fu_9478_p2      |     +    |      0|  0|  12|          12|          12|
    |add_ln28_17_fu_7894_p2      |     +    |      0|  0|  21|           9|          15|
    |add_ln28_18_fu_9675_p2      |     +    |      0|  0|  12|           9|          12|
    |add_ln28_19_fu_9680_p2      |     +    |      0|  0|  12|          12|          12|
    |add_ln28_1_fu_8151_p2       |     +    |      0|  0|  12|          12|          12|
    |add_ln28_20_fu_7933_p2      |     +    |      0|  0|  21|           9|          15|
    |add_ln28_21_fu_10155_p2     |     +    |      0|  0|  12|           9|          12|
    |add_ln28_22_fu_10160_p2     |     +    |      0|  0|  12|          12|          12|
    |add_ln28_23_fu_7972_p2      |     +    |      0|  0|  21|          10|          15|
    |add_ln28_24_fu_10401_p2     |     +    |      0|  0|  12|          10|          12|
    |add_ln28_25_fu_10406_p2     |     +    |      0|  0|  12|          12|          12|
    |add_ln28_26_fu_8011_p2      |     +    |      0|  0|  21|          10|          15|
    |add_ln28_27_fu_10881_p2     |     +    |      0|  0|  12|          10|          12|
    |add_ln28_28_fu_10886_p2     |     +    |      0|  0|  12|          12|          12|
    |add_ln28_29_fu_8050_p2      |     +    |      0|  0|  21|          10|          15|
    |add_ln28_2_fu_7624_p2       |     +    |      0|  0|  21|           7|          15|
    |add_ln28_30_fu_11127_p2     |     +    |      0|  0|  12|          10|          12|
    |add_ln28_31_fu_11132_p2     |     +    |      0|  0|  12|          12|          12|
    |add_ln28_32_fu_8089_p2      |     +    |      0|  0|  21|          10|          15|
    |add_ln28_33_fu_11607_p2     |     +    |      0|  0|  12|          10|          12|
    |add_ln28_34_fu_11612_p2     |     +    |      0|  0|  12|          12|          12|
    |add_ln28_35_fu_8128_p2      |     +    |      0|  0|  21|          10|          15|
    |add_ln28_36_fu_11868_p2     |     +    |      0|  0|  12|          10|          12|
    |add_ln28_37_fu_11873_p2     |     +    |      0|  0|  12|          12|          12|
    |add_ln28_38_fu_7695_p2      |     +    |      0|  0|  13|          11|          11|
    |add_ln28_39_fu_8225_p2      |     +    |      0|  0|  12|          12|          12|
    |add_ln28_3_fu_8253_p2       |     +    |      0|  0|  12|           7|          12|
    |add_ln28_40_fu_8369_p2      |     +    |      0|  0|  21|           7|          15|
    |add_ln28_41_fu_8714_p2      |     +    |      0|  0|  12|           7|          12|
    |add_ln28_42_fu_8719_p2      |     +    |      0|  0|  12|          12|          12|
    |add_ln28_43_fu_8837_p2      |     +    |      0|  0|  21|           8|          15|
    |add_ln28_44_fu_8876_p2      |     +    |      0|  0|  12|           8|          12|
    |add_ln28_45_fu_8881_p2      |     +    |      0|  0|  12|          12|          12|
    |add_ln28_46_fu_9026_p2      |     +    |      0|  0|  21|           8|          15|
    |add_ln28_47_fu_9188_p2      |     +    |      0|  0|  12|           8|          12|
    |add_ln28_48_fu_9193_p2      |     +    |      0|  0|  12|          12|          12|
    |add_ln28_49_fu_9311_p2      |     +    |      0|  0|  21|           9|          15|
    |add_ln28_4_fu_8258_p2       |     +    |      0|  0|  12|          12|          12|
    |add_ln28_50_fu_9350_p2      |     +    |      0|  0|  12|           9|          12|
    |add_ln28_51_fu_9355_p2      |     +    |      0|  0|  12|          12|          12|
    |add_ln28_52_fu_9588_p2      |     +    |      0|  0|  21|           9|          15|
    |add_ln28_53_fu_9702_p2      |     +    |      0|  0|  12|           9|          12|
    |add_ln28_54_fu_9707_p2      |     +    |      0|  0|  12|          12|          12|
    |add_ln28_55_fu_9909_p2      |     +    |      0|  0|  21|           9|          15|
    |add_ln28_56_fu_9948_p2      |     +    |      0|  0|  12|           9|          12|
    |add_ln28_57_fu_9953_p2      |     +    |      0|  0|  12|          12|          12|
    |add_ln28_58_fu_10182_p2     |     +    |      0|  0|  21|           9|          15|
    |add_ln28_59_fu_10428_p2     |     +    |      0|  0|  12|           9|          12|
    |add_ln28_5_fu_7711_p2       |     +    |      0|  0|  21|           8|          15|
    |add_ln28_60_fu_10433_p2     |     +    |      0|  0|  12|          12|          12|
    |add_ln28_61_fu_10635_p2     |     +    |      0|  0|  21|          10|          15|
    |add_ln28_62_fu_10674_p2     |     +    |      0|  0|  12|          10|          12|
    |add_ln28_63_fu_10679_p2     |     +    |      0|  0|  12|          12|          12|
    |add_ln28_64_fu_10908_p2     |     +    |      0|  0|  21|          10|          15|
    |add_ln28_65_fu_11154_p2     |     +    |      0|  0|  12|          10|          12|
    |add_ln28_66_fu_11159_p2     |     +    |      0|  0|  12|          12|          12|
    |add_ln28_67_fu_11361_p2     |     +    |      0|  0|  21|          10|          15|
    |add_ln28_68_fu_11400_p2     |     +    |      0|  0|  12|          10|          12|
    |add_ln28_69_fu_11405_p2     |     +    |      0|  0|  12|          12|          12|
    |add_ln28_6_fu_8687_p2       |     +    |      0|  0|  12|           8|          12|
    |add_ln28_70_fu_11634_p2     |     +    |      0|  0|  21|          10|          15|
    |add_ln28_71_fu_11895_p2     |     +    |      0|  0|  12|          10|          12|
    |add_ln28_72_fu_11900_p2     |     +    |      0|  0|  12|          12|          12|
    |add_ln28_73_fu_11673_p2     |     +    |      0|  0|  21|          10|          15|
    |add_ln28_74_fu_11922_p2     |     +    |      0|  0|  12|          10|          12|
    |add_ln28_75_fu_11927_p2     |     +    |      0|  0|  12|          12|          12|
    |add_ln28_7_fu_8692_p2       |     +    |      0|  0|  12|          12|          12|
    |add_ln28_8_fu_7750_p2       |     +    |      0|  0|  21|           8|          15|
    |add_ln28_9_fu_8999_p2       |     +    |      0|  0|  12|           8|          12|
    |add_ln28_fu_7555_p2         |     +    |      0|  0|  13|          11|          11|
    |add_ln35_1_fu_12972_p2      |     +    |      0|  0|  15|           7|           8|
    |add_ln35_2_fu_13217_p2      |     +    |      0|  0|  15|           8|           8|
    |add_ln35_3_fu_13468_p2      |     +    |      0|  0|  15|           8|           9|
    |add_ln35_4_fu_13717_p2      |     +    |      0|  0|  15|           9|           9|
    |add_ln35_5_fu_13965_p2      |     +    |      0|  0|  15|           9|           9|
    |add_ln35_fu_12724_p2        |     +    |      0|  0|  15|           6|           7|
    |f_fu_7489_p2                |     +    |      0|  0|  15|           1|           6|
    |r_fu_12331_p2               |     +    |      0|  0|  13|           4|           1|
    |and_ln28_10_fu_10046_p2     |    and   |      0|  0|   2|           1|           1|
    |and_ln28_11_fu_10052_p2     |    and   |      0|  0|   2|           1|           1|
    |and_ln28_12_fu_12837_p2     |    and   |      0|  0|   2|           1|           1|
    |and_ln28_13_fu_12843_p2     |    and   |      0|  0|   2|           1|           1|
    |and_ln28_14_fu_8776_p2      |    and   |      0|  0|   2|           1|           1|
    |and_ln28_15_fu_10136_p2     |    and   |      0|  0|   2|           1|           1|
    |and_ln28_16_fu_10142_p2     |    and   |      0|  0|   2|           1|           1|
    |and_ln28_17_fu_10292_p2     |    and   |      0|  0|   2|           1|           1|
    |and_ln28_18_fu_10298_p2     |    and   |      0|  0|   2|           1|           1|
    |and_ln28_19_fu_12938_p2     |    and   |      0|  0|   2|           1|           1|
    |and_ln28_1_fu_9570_p2       |    and   |      0|  0|   2|           1|           1|
    |and_ln28_20_fu_12944_p2     |    and   |      0|  0|   2|           1|           1|
    |and_ln28_21_fu_8824_p2      |    and   |      0|  0|   2|           1|           1|
    |and_ln28_22_fu_10382_p2     |    and   |      0|  0|   2|           1|           1|
    |and_ln28_23_fu_10388_p2     |    and   |      0|  0|   2|           1|           1|
    |and_ln28_24_fu_10526_p2     |    and   |      0|  0|   2|           1|           1|
    |and_ln28_25_fu_10532_p2     |    and   |      0|  0|   2|           1|           1|
    |and_ln28_26_fu_13085_p2     |    and   |      0|  0|   2|           1|           1|
    |and_ln28_27_fu_13091_p2     |    and   |      0|  0|   2|           1|           1|
    |and_ln28_28_fu_8938_p2      |    and   |      0|  0|   2|           1|           1|
    |and_ln28_29_fu_10616_p2     |    and   |      0|  0|   2|           1|           1|
    |and_ln28_2_fu_9576_p2       |    and   |      0|  0|   2|           1|           1|
    |and_ln28_30_fu_10622_p2     |    and   |      0|  0|   2|           1|           1|
    |and_ln28_31_fu_10772_p2     |    and   |      0|  0|   2|           1|           1|
    |and_ln28_32_fu_10778_p2     |    and   |      0|  0|   2|           1|           1|
    |and_ln28_33_fu_13186_p2     |    and   |      0|  0|   2|           1|           1|
    |and_ln28_34_fu_13192_p2     |    and   |      0|  0|   2|           1|           1|
    |and_ln28_35_fu_8986_p2      |    and   |      0|  0|   2|           1|           1|
    |and_ln28_36_fu_10862_p2     |    and   |      0|  0|   2|           1|           1|
    |and_ln28_37_fu_10868_p2     |    and   |      0|  0|   2|           1|           1|
    |and_ln28_38_fu_11018_p2     |    and   |      0|  0|   2|           1|           1|
    |and_ln28_39_fu_11024_p2     |    and   |      0|  0|   2|           1|           1|
    |and_ln28_3_fu_9800_p2       |    and   |      0|  0|   2|           1|           1|
    |and_ln28_40_fu_13330_p2     |    and   |      0|  0|   2|           1|           1|
    |and_ln28_41_fu_13336_p2     |    and   |      0|  0|   2|           1|           1|
    |and_ln28_42_fu_9100_p2      |    and   |      0|  0|   2|           1|           1|
    |and_ln28_43_fu_11108_p2     |    and   |      0|  0|   2|           1|           1|
    |and_ln28_44_fu_11114_p2     |    and   |      0|  0|   2|           1|           1|
    |and_ln28_45_fu_11252_p2     |    and   |      0|  0|   2|           1|           1|
    |and_ln28_46_fu_11258_p2     |    and   |      0|  0|   2|           1|           1|
    |and_ln28_47_fu_13433_p2     |    and   |      0|  0|   2|           1|           1|
    |and_ln28_48_fu_13439_p2     |    and   |      0|  0|   2|           1|           1|
    |and_ln28_49_fu_9148_p2      |    and   |      0|  0|   2|           1|           1|
    |and_ln28_4_fu_9806_p2       |    and   |      0|  0|   2|           1|           1|
    |and_ln28_50_fu_11342_p2     |    and   |      0|  0|   2|           1|           1|
    |and_ln28_51_fu_11348_p2     |    and   |      0|  0|   2|           1|           1|
    |and_ln28_52_fu_11498_p2     |    and   |      0|  0|   2|           1|           1|
    |and_ln28_53_fu_11504_p2     |    and   |      0|  0|   2|           1|           1|
    |and_ln28_54_fu_13582_p2     |    and   |      0|  0|   2|           1|           1|
    |and_ln28_55_fu_13588_p2     |    and   |      0|  0|   2|           1|           1|
    |and_ln28_56_fu_9250_p2      |    and   |      0|  0|   2|           1|           1|
    |and_ln28_57_fu_11588_p2     |    and   |      0|  0|   2|           1|           1|
    |and_ln28_58_fu_11594_p2     |    and   |      0|  0|   2|           1|           1|
    |and_ln28_59_fu_11759_p2     |    and   |      0|  0|   2|           1|           1|
    |and_ln28_5_fu_12602_p2      |    and   |      0|  0|   2|           1|           1|
    |and_ln28_60_fu_11765_p2     |    and   |      0|  0|   2|           1|           1|
    |and_ln28_61_fu_13685_p2     |    and   |      0|  0|   2|           1|           1|
    |and_ln28_62_fu_13691_p2     |    and   |      0|  0|   2|           1|           1|
    |and_ln28_63_fu_9298_p2      |    and   |      0|  0|   2|           1|           1|
    |and_ln28_64_fu_11849_p2     |    and   |      0|  0|   2|           1|           1|
    |and_ln28_65_fu_11855_p2     |    and   |      0|  0|   2|           1|           1|
    |and_ln28_66_fu_12003_p2     |    and   |      0|  0|   2|           1|           1|
    |and_ln28_67_fu_12009_p2     |    and   |      0|  0|   2|           1|           1|
    |and_ln28_68_fu_13830_p2     |    and   |      0|  0|   2|           1|           1|
    |and_ln28_69_fu_13836_p2     |    and   |      0|  0|   2|           1|           1|
    |and_ln28_6_fu_12608_p2      |    and   |      0|  0|   2|           1|           1|
    |and_ln28_70_fu_9412_p2      |    and   |      0|  0|   2|           1|           1|
    |and_ln28_71_fu_12093_p2     |    and   |      0|  0|   2|           1|           1|
    |and_ln28_72_fu_12099_p2     |    and   |      0|  0|   2|           1|           1|
    |and_ln28_73_fu_12222_p2     |    and   |      0|  0|   2|           1|           1|
    |and_ln28_74_fu_12228_p2     |    and   |      0|  0|   2|           1|           1|
    |and_ln28_75_fu_13933_p2     |    and   |      0|  0|   2|           1|           1|
    |and_ln28_76_fu_13939_p2     |    and   |      0|  0|   2|           1|           1|
    |and_ln28_77_fu_9460_p2      |    and   |      0|  0|   2|           1|           1|
    |and_ln28_78_fu_12312_p2     |    and   |      0|  0|   2|           1|           1|
    |and_ln28_79_fu_12318_p2     |    and   |      0|  0|   2|           1|           1|
    |and_ln28_7_fu_8464_p2       |    and   |      0|  0|   2|           1|           1|
    |and_ln28_80_fu_12407_p2     |    and   |      0|  0|   2|           1|           1|
    |and_ln28_81_fu_12413_p2     |    and   |      0|  0|   2|           1|           1|
    |and_ln28_82_fu_14078_p2     |    and   |      0|  0|   2|           1|           1|
    |and_ln28_83_fu_14084_p2     |    and   |      0|  0|   2|           1|           1|
    |and_ln28_84_fu_9662_p2      |    and   |      0|  0|   2|           1|           1|
    |and_ln28_85_fu_12497_p2     |    and   |      0|  0|   2|           1|           1|
    |and_ln28_86_fu_12503_p2     |    and   |      0|  0|   2|           1|           1|
    |and_ln28_87_fu_12703_p2     |    and   |      0|  0|   2|           1|           1|
    |and_ln28_88_fu_12709_p2     |    and   |      0|  0|   2|           1|           1|
    |and_ln28_89_fu_14181_p2     |    and   |      0|  0|   2|           1|           1|
    |and_ln28_8_fu_9890_p2       |    and   |      0|  0|   2|           1|           1|
    |and_ln28_90_fu_14187_p2     |    and   |      0|  0|   2|           1|           1|
    |and_ln28_9_fu_9896_p2       |    and   |      0|  0|   2|           1|           1|
    |and_ln28_fu_8336_p2         |    and   |      0|  0|   2|           1|           1|
    |icmp_ln10_fu_7477_p2        |   icmp   |      0|  0|  13|           9|           8|
    |icmp_ln13_fu_7495_p2        |   icmp   |      0|  0|   9|           4|           3|
    |icmp_ln28_100_fu_11306_p2   |   icmp   |      0|  0|  11|           8|           2|
    |icmp_ln28_101_fu_11312_p2   |   icmp   |      0|  0|  18|          23|           1|
    |icmp_ln28_102_fu_11324_p2   |   icmp   |      0|  0|  11|           8|           2|
    |icmp_ln28_103_fu_11330_p2   |   icmp   |      0|  0|  18|          23|           1|
    |icmp_ln28_104_fu_11462_p2   |   icmp   |      0|  0|  11|           8|           2|
    |icmp_ln28_105_fu_11468_p2   |   icmp   |      0|  0|  18|          23|           1|
    |icmp_ln28_106_fu_11480_p2   |   icmp   |      0|  0|  11|           8|           2|
    |icmp_ln28_107_fu_11486_p2   |   icmp   |      0|  0|  18|          23|           1|
    |icmp_ln28_108_fu_13546_p2   |   icmp   |      0|  0|  11|           8|           2|
    |icmp_ln28_109_fu_13552_p2   |   icmp   |      0|  0|  18|          23|           1|
    |icmp_ln28_10_fu_12566_p2    |   icmp   |      0|  0|  11|           8|           2|
    |icmp_ln28_110_fu_13564_p2   |   icmp   |      0|  0|  11|           8|           2|
    |icmp_ln28_111_fu_13570_p2   |   icmp   |      0|  0|  18|          23|           1|
    |icmp_ln28_112_fu_9232_p2    |   icmp   |      0|  0|  11|           8|           2|
    |icmp_ln28_113_fu_9238_p2    |   icmp   |      0|  0|  18|          23|           1|
    |icmp_ln28_114_fu_11552_p2   |   icmp   |      0|  0|  11|           8|           2|
    |icmp_ln28_115_fu_11558_p2   |   icmp   |      0|  0|  18|          23|           1|
    |icmp_ln28_116_fu_11570_p2   |   icmp   |      0|  0|  11|           8|           2|
    |icmp_ln28_117_fu_11576_p2   |   icmp   |      0|  0|  18|          23|           1|
    |icmp_ln28_118_fu_11723_p2   |   icmp   |      0|  0|  11|           8|           2|
    |icmp_ln28_119_fu_11729_p2   |   icmp   |      0|  0|  18|          23|           1|
    |icmp_ln28_11_fu_12572_p2    |   icmp   |      0|  0|  18|          23|           1|
    |icmp_ln28_120_fu_11741_p2   |   icmp   |      0|  0|  11|           8|           2|
    |icmp_ln28_121_fu_11747_p2   |   icmp   |      0|  0|  18|          23|           1|
    |icmp_ln28_122_fu_13649_p2   |   icmp   |      0|  0|  11|           8|           2|
    |icmp_ln28_123_fu_13655_p2   |   icmp   |      0|  0|  18|          23|           1|
    |icmp_ln28_124_fu_13667_p2   |   icmp   |      0|  0|  11|           8|           2|
    |icmp_ln28_125_fu_13673_p2   |   icmp   |      0|  0|  18|          23|           1|
    |icmp_ln28_126_fu_9280_p2    |   icmp   |      0|  0|  11|           8|           2|
    |icmp_ln28_127_fu_9286_p2    |   icmp   |      0|  0|  18|          23|           1|
    |icmp_ln28_128_fu_11813_p2   |   icmp   |      0|  0|  11|           8|           2|
    |icmp_ln28_129_fu_11819_p2   |   icmp   |      0|  0|  18|          23|           1|
    |icmp_ln28_12_fu_12584_p2    |   icmp   |      0|  0|  11|           8|           2|
    |icmp_ln28_130_fu_11831_p2   |   icmp   |      0|  0|  11|           8|           2|
    |icmp_ln28_131_fu_11837_p2   |   icmp   |      0|  0|  18|          23|           1|
    |icmp_ln28_132_fu_11967_p2   |   icmp   |      0|  0|  11|           8|           2|
    |icmp_ln28_133_fu_11973_p2   |   icmp   |      0|  0|  18|          23|           1|
    |icmp_ln28_134_fu_11985_p2   |   icmp   |      0|  0|  11|           8|           2|
    |icmp_ln28_135_fu_11991_p2   |   icmp   |      0|  0|  18|          23|           1|
    |icmp_ln28_136_fu_13794_p2   |   icmp   |      0|  0|  11|           8|           2|
    |icmp_ln28_137_fu_13800_p2   |   icmp   |      0|  0|  18|          23|           1|
    |icmp_ln28_138_fu_13812_p2   |   icmp   |      0|  0|  11|           8|           2|
    |icmp_ln28_139_fu_13818_p2   |   icmp   |      0|  0|  18|          23|           1|
    |icmp_ln28_13_fu_12590_p2    |   icmp   |      0|  0|  18|          23|           1|
    |icmp_ln28_140_fu_9394_p2    |   icmp   |      0|  0|  11|           8|           2|
    |icmp_ln28_141_fu_9400_p2    |   icmp   |      0|  0|  18|          23|           1|
    |icmp_ln28_142_fu_12057_p2   |   icmp   |      0|  0|  11|           8|           2|
    |icmp_ln28_143_fu_12063_p2   |   icmp   |      0|  0|  18|          23|           1|
    |icmp_ln28_144_fu_12075_p2   |   icmp   |      0|  0|  11|           8|           2|
    |icmp_ln28_145_fu_12081_p2   |   icmp   |      0|  0|  18|          23|           1|
    |icmp_ln28_146_fu_12186_p2   |   icmp   |      0|  0|  11|           8|           2|
    |icmp_ln28_147_fu_12192_p2   |   icmp   |      0|  0|  18|          23|           1|
    |icmp_ln28_148_fu_12204_p2   |   icmp   |      0|  0|  11|           8|           2|
    |icmp_ln28_149_fu_12210_p2   |   icmp   |      0|  0|  18|          23|           1|
    |icmp_ln28_14_fu_8446_p2     |   icmp   |      0|  0|  11|           8|           2|
    |icmp_ln28_150_fu_13897_p2   |   icmp   |      0|  0|  11|           8|           2|
    |icmp_ln28_151_fu_13903_p2   |   icmp   |      0|  0|  18|          23|           1|
    |icmp_ln28_152_fu_13915_p2   |   icmp   |      0|  0|  11|           8|           2|
    |icmp_ln28_153_fu_13921_p2   |   icmp   |      0|  0|  18|          23|           1|
    |icmp_ln28_154_fu_9442_p2    |   icmp   |      0|  0|  11|           8|           2|
    |icmp_ln28_155_fu_9448_p2    |   icmp   |      0|  0|  18|          23|           1|
    |icmp_ln28_156_fu_12276_p2   |   icmp   |      0|  0|  11|           8|           2|
    |icmp_ln28_157_fu_12282_p2   |   icmp   |      0|  0|  18|          23|           1|
    |icmp_ln28_158_fu_12294_p2   |   icmp   |      0|  0|  11|           8|           2|
    |icmp_ln28_159_fu_12300_p2   |   icmp   |      0|  0|  18|          23|           1|
    |icmp_ln28_15_fu_8452_p2     |   icmp   |      0|  0|  18|          23|           1|
    |icmp_ln28_160_fu_12371_p2   |   icmp   |      0|  0|  11|           8|           2|
    |icmp_ln28_161_fu_12377_p2   |   icmp   |      0|  0|  18|          23|           1|
    |icmp_ln28_162_fu_12389_p2   |   icmp   |      0|  0|  11|           8|           2|
    |icmp_ln28_163_fu_12395_p2   |   icmp   |      0|  0|  18|          23|           1|
    |icmp_ln28_164_fu_14042_p2   |   icmp   |      0|  0|  11|           8|           2|
    |icmp_ln28_165_fu_14048_p2   |   icmp   |      0|  0|  18|          23|           1|
    |icmp_ln28_166_fu_14060_p2   |   icmp   |      0|  0|  11|           8|           2|
    |icmp_ln28_167_fu_14066_p2   |   icmp   |      0|  0|  18|          23|           1|
    |icmp_ln28_168_fu_9644_p2    |   icmp   |      0|  0|  11|           8|           2|
    |icmp_ln28_169_fu_9650_p2    |   icmp   |      0|  0|  18|          23|           1|
    |icmp_ln28_16_fu_9854_p2     |   icmp   |      0|  0|  11|           8|           2|
    |icmp_ln28_170_fu_12461_p2   |   icmp   |      0|  0|  11|           8|           2|
    |icmp_ln28_171_fu_12467_p2   |   icmp   |      0|  0|  18|          23|           1|
    |icmp_ln28_172_fu_12479_p2   |   icmp   |      0|  0|  11|           8|           2|
    |icmp_ln28_173_fu_12485_p2   |   icmp   |      0|  0|  18|          23|           1|
    |icmp_ln28_174_fu_12667_p2   |   icmp   |      0|  0|  11|           8|           2|
    |icmp_ln28_175_fu_12673_p2   |   icmp   |      0|  0|  18|          23|           1|
    |icmp_ln28_176_fu_12685_p2   |   icmp   |      0|  0|  11|           8|           2|
    |icmp_ln28_177_fu_12691_p2   |   icmp   |      0|  0|  18|          23|           1|
    |icmp_ln28_178_fu_14145_p2   |   icmp   |      0|  0|  11|           8|           2|
    |icmp_ln28_179_fu_14151_p2   |   icmp   |      0|  0|  18|          23|           1|
    |icmp_ln28_17_fu_9860_p2     |   icmp   |      0|  0|  18|          23|           1|
    |icmp_ln28_180_fu_14163_p2   |   icmp   |      0|  0|  11|           8|           2|
    |icmp_ln28_181_fu_14169_p2   |   icmp   |      0|  0|  18|          23|           1|
    |icmp_ln28_18_fu_9872_p2     |   icmp   |      0|  0|  11|           8|           2|
    |icmp_ln28_19_fu_9878_p2     |   icmp   |      0|  0|  18|          23|           1|
    |icmp_ln28_1_fu_8324_p2      |   icmp   |      0|  0|  18|          23|           1|
    |icmp_ln28_20_fu_10010_p2    |   icmp   |      0|  0|  11|           8|           2|
    |icmp_ln28_21_fu_10016_p2    |   icmp   |      0|  0|  18|          23|           1|
    |icmp_ln28_22_fu_10028_p2    |   icmp   |      0|  0|  11|           8|           2|
    |icmp_ln28_23_fu_10034_p2    |   icmp   |      0|  0|  18|          23|           1|
    |icmp_ln28_24_fu_12801_p2    |   icmp   |      0|  0|  11|           8|           2|
    |icmp_ln28_25_fu_12807_p2    |   icmp   |      0|  0|  18|          23|           1|
    |icmp_ln28_26_fu_12819_p2    |   icmp   |      0|  0|  11|           8|           2|
    |icmp_ln28_27_fu_12825_p2    |   icmp   |      0|  0|  18|          23|           1|
    |icmp_ln28_28_fu_8758_p2     |   icmp   |      0|  0|  11|           8|           2|
    |icmp_ln28_29_fu_8764_p2     |   icmp   |      0|  0|  18|          23|           1|
    |icmp_ln28_2_fu_9534_p2      |   icmp   |      0|  0|  11|           8|           2|
    |icmp_ln28_30_fu_10100_p2    |   icmp   |      0|  0|  11|           8|           2|
    |icmp_ln28_31_fu_10106_p2    |   icmp   |      0|  0|  18|          23|           1|
    |icmp_ln28_32_fu_10118_p2    |   icmp   |      0|  0|  11|           8|           2|
    |icmp_ln28_33_fu_10124_p2    |   icmp   |      0|  0|  18|          23|           1|
    |icmp_ln28_34_fu_10256_p2    |   icmp   |      0|  0|  11|           8|           2|
    |icmp_ln28_35_fu_10262_p2    |   icmp   |      0|  0|  18|          23|           1|
    |icmp_ln28_36_fu_10274_p2    |   icmp   |      0|  0|  11|           8|           2|
    |icmp_ln28_37_fu_10280_p2    |   icmp   |      0|  0|  18|          23|           1|
    |icmp_ln28_38_fu_12902_p2    |   icmp   |      0|  0|  11|           8|           2|
    |icmp_ln28_39_fu_12908_p2    |   icmp   |      0|  0|  18|          23|           1|
    |icmp_ln28_3_fu_9540_p2      |   icmp   |      0|  0|  18|          23|           1|
    |icmp_ln28_40_fu_12920_p2    |   icmp   |      0|  0|  11|           8|           2|
    |icmp_ln28_41_fu_12926_p2    |   icmp   |      0|  0|  18|          23|           1|
    |icmp_ln28_42_fu_8806_p2     |   icmp   |      0|  0|  11|           8|           2|
    |icmp_ln28_43_fu_8812_p2     |   icmp   |      0|  0|  18|          23|           1|
    |icmp_ln28_44_fu_10346_p2    |   icmp   |      0|  0|  11|           8|           2|
    |icmp_ln28_45_fu_10352_p2    |   icmp   |      0|  0|  18|          23|           1|
    |icmp_ln28_46_fu_10364_p2    |   icmp   |      0|  0|  11|           8|           2|
    |icmp_ln28_47_fu_10370_p2    |   icmp   |      0|  0|  18|          23|           1|
    |icmp_ln28_48_fu_10490_p2    |   icmp   |      0|  0|  11|           8|           2|
    |icmp_ln28_49_fu_10496_p2    |   icmp   |      0|  0|  18|          23|           1|
    |icmp_ln28_4_fu_9552_p2      |   icmp   |      0|  0|  11|           8|           2|
    |icmp_ln28_50_fu_10508_p2    |   icmp   |      0|  0|  11|           8|           2|
    |icmp_ln28_51_fu_10514_p2    |   icmp   |      0|  0|  18|          23|           1|
    |icmp_ln28_52_fu_13049_p2    |   icmp   |      0|  0|  11|           8|           2|
    |icmp_ln28_53_fu_13055_p2    |   icmp   |      0|  0|  18|          23|           1|
    |icmp_ln28_54_fu_13067_p2    |   icmp   |      0|  0|  11|           8|           2|
    |icmp_ln28_55_fu_13073_p2    |   icmp   |      0|  0|  18|          23|           1|
    |icmp_ln28_56_fu_8920_p2     |   icmp   |      0|  0|  11|           8|           2|
    |icmp_ln28_57_fu_8926_p2     |   icmp   |      0|  0|  18|          23|           1|
    |icmp_ln28_58_fu_10580_p2    |   icmp   |      0|  0|  11|           8|           2|
    |icmp_ln28_59_fu_10586_p2    |   icmp   |      0|  0|  18|          23|           1|
    |icmp_ln28_5_fu_9558_p2      |   icmp   |      0|  0|  18|          23|           1|
    |icmp_ln28_60_fu_10598_p2    |   icmp   |      0|  0|  11|           8|           2|
    |icmp_ln28_61_fu_10604_p2    |   icmp   |      0|  0|  18|          23|           1|
    |icmp_ln28_62_fu_10736_p2    |   icmp   |      0|  0|  11|           8|           2|
    |icmp_ln28_63_fu_10742_p2    |   icmp   |      0|  0|  18|          23|           1|
    |icmp_ln28_64_fu_10754_p2    |   icmp   |      0|  0|  11|           8|           2|
    |icmp_ln28_65_fu_10760_p2    |   icmp   |      0|  0|  18|          23|           1|
    |icmp_ln28_66_fu_13150_p2    |   icmp   |      0|  0|  11|           8|           2|
    |icmp_ln28_67_fu_13156_p2    |   icmp   |      0|  0|  18|          23|           1|
    |icmp_ln28_68_fu_13168_p2    |   icmp   |      0|  0|  11|           8|           2|
    |icmp_ln28_69_fu_13174_p2    |   icmp   |      0|  0|  18|          23|           1|
    |icmp_ln28_6_fu_9764_p2      |   icmp   |      0|  0|  11|           8|           2|
    |icmp_ln28_70_fu_8968_p2     |   icmp   |      0|  0|  11|           8|           2|
    |icmp_ln28_71_fu_8974_p2     |   icmp   |      0|  0|  18|          23|           1|
    |icmp_ln28_72_fu_10826_p2    |   icmp   |      0|  0|  11|           8|           2|
    |icmp_ln28_73_fu_10832_p2    |   icmp   |      0|  0|  18|          23|           1|
    |icmp_ln28_74_fu_10844_p2    |   icmp   |      0|  0|  11|           8|           2|
    |icmp_ln28_75_fu_10850_p2    |   icmp   |      0|  0|  18|          23|           1|
    |icmp_ln28_76_fu_10982_p2    |   icmp   |      0|  0|  11|           8|           2|
    |icmp_ln28_77_fu_10988_p2    |   icmp   |      0|  0|  18|          23|           1|
    |icmp_ln28_78_fu_11000_p2    |   icmp   |      0|  0|  11|           8|           2|
    |icmp_ln28_79_fu_11006_p2    |   icmp   |      0|  0|  18|          23|           1|
    |icmp_ln28_7_fu_9770_p2      |   icmp   |      0|  0|  18|          23|           1|
    |icmp_ln28_80_fu_13294_p2    |   icmp   |      0|  0|  11|           8|           2|
    |icmp_ln28_81_fu_13300_p2    |   icmp   |      0|  0|  18|          23|           1|
    |icmp_ln28_82_fu_13312_p2    |   icmp   |      0|  0|  11|           8|           2|
    |icmp_ln28_83_fu_13318_p2    |   icmp   |      0|  0|  18|          23|           1|
    |icmp_ln28_84_fu_9082_p2     |   icmp   |      0|  0|  11|           8|           2|
    |icmp_ln28_85_fu_9088_p2     |   icmp   |      0|  0|  18|          23|           1|
    |icmp_ln28_86_fu_11072_p2    |   icmp   |      0|  0|  11|           8|           2|
    |icmp_ln28_87_fu_11078_p2    |   icmp   |      0|  0|  18|          23|           1|
    |icmp_ln28_88_fu_11090_p2    |   icmp   |      0|  0|  11|           8|           2|
    |icmp_ln28_89_fu_11096_p2    |   icmp   |      0|  0|  18|          23|           1|
    |icmp_ln28_8_fu_9782_p2      |   icmp   |      0|  0|  11|           8|           2|
    |icmp_ln28_90_fu_11216_p2    |   icmp   |      0|  0|  11|           8|           2|
    |icmp_ln28_91_fu_11222_p2    |   icmp   |      0|  0|  18|          23|           1|
    |icmp_ln28_92_fu_11234_p2    |   icmp   |      0|  0|  11|           8|           2|
    |icmp_ln28_93_fu_11240_p2    |   icmp   |      0|  0|  18|          23|           1|
    |icmp_ln28_94_fu_13397_p2    |   icmp   |      0|  0|  11|           8|           2|
    |icmp_ln28_95_fu_13403_p2    |   icmp   |      0|  0|  18|          23|           1|
    |icmp_ln28_96_fu_13415_p2    |   icmp   |      0|  0|  11|           8|           2|
    |icmp_ln28_97_fu_13421_p2    |   icmp   |      0|  0|  18|          23|           1|
    |icmp_ln28_98_fu_9130_p2     |   icmp   |      0|  0|  11|           8|           2|
    |icmp_ln28_99_fu_9136_p2     |   icmp   |      0|  0|  18|          23|           1|
    |icmp_ln28_9_fu_9788_p2      |   icmp   |      0|  0|  18|          23|           1|
    |icmp_ln28_fu_8318_p2        |   icmp   |      0|  0|  11|           8|           2|
    |or_ln25_fu_7665_p2          |    or    |      0|  0|   5|           5|           1|
    |or_ln28_10_fu_10022_p2      |    or    |      0|  0|   2|           1|           1|
    |or_ln28_11_fu_10040_p2      |    or    |      0|  0|   2|           1|           1|
    |or_ln28_12_fu_12813_p2      |    or    |      0|  0|   2|           1|           1|
    |or_ln28_13_fu_12831_p2      |    or    |      0|  0|   2|           1|           1|
    |or_ln28_14_fu_8770_p2       |    or    |      0|  0|   2|           1|           1|
    |or_ln28_15_fu_10112_p2      |    or    |      0|  0|   2|           1|           1|
    |or_ln28_16_fu_10130_p2      |    or    |      0|  0|   2|           1|           1|
    |or_ln28_17_fu_10268_p2      |    or    |      0|  0|   2|           1|           1|
    |or_ln28_18_fu_10286_p2      |    or    |      0|  0|   2|           1|           1|
    |or_ln28_19_fu_12914_p2      |    or    |      0|  0|   2|           1|           1|
    |or_ln28_1_fu_9546_p2        |    or    |      0|  0|   2|           1|           1|
    |or_ln28_20_fu_12932_p2      |    or    |      0|  0|   2|           1|           1|
    |or_ln28_21_fu_8818_p2       |    or    |      0|  0|   2|           1|           1|
    |or_ln28_22_fu_10358_p2      |    or    |      0|  0|   2|           1|           1|
    |or_ln28_23_fu_10376_p2      |    or    |      0|  0|   2|           1|           1|
    |or_ln28_24_fu_10502_p2      |    or    |      0|  0|   2|           1|           1|
    |or_ln28_25_fu_10520_p2      |    or    |      0|  0|   2|           1|           1|
    |or_ln28_26_fu_13061_p2      |    or    |      0|  0|   2|           1|           1|
    |or_ln28_27_fu_13079_p2      |    or    |      0|  0|   2|           1|           1|
    |or_ln28_28_fu_8932_p2       |    or    |      0|  0|   2|           1|           1|
    |or_ln28_29_fu_10592_p2      |    or    |      0|  0|   2|           1|           1|
    |or_ln28_2_fu_9564_p2        |    or    |      0|  0|   2|           1|           1|
    |or_ln28_30_fu_10610_p2      |    or    |      0|  0|   2|           1|           1|
    |or_ln28_31_fu_10748_p2      |    or    |      0|  0|   2|           1|           1|
    |or_ln28_32_fu_10766_p2      |    or    |      0|  0|   2|           1|           1|
    |or_ln28_33_fu_13162_p2      |    or    |      0|  0|   2|           1|           1|
    |or_ln28_34_fu_13180_p2      |    or    |      0|  0|   2|           1|           1|
    |or_ln28_35_fu_8980_p2       |    or    |      0|  0|   2|           1|           1|
    |or_ln28_36_fu_10838_p2      |    or    |      0|  0|   2|           1|           1|
    |or_ln28_37_fu_10856_p2      |    or    |      0|  0|   2|           1|           1|
    |or_ln28_38_fu_10994_p2      |    or    |      0|  0|   2|           1|           1|
    |or_ln28_39_fu_11012_p2      |    or    |      0|  0|   2|           1|           1|
    |or_ln28_3_fu_9776_p2        |    or    |      0|  0|   2|           1|           1|
    |or_ln28_40_fu_13306_p2      |    or    |      0|  0|   2|           1|           1|
    |or_ln28_41_fu_13324_p2      |    or    |      0|  0|   2|           1|           1|
    |or_ln28_42_fu_9094_p2       |    or    |      0|  0|   2|           1|           1|
    |or_ln28_43_fu_11084_p2      |    or    |      0|  0|   2|           1|           1|
    |or_ln28_44_fu_11102_p2      |    or    |      0|  0|   2|           1|           1|
    |or_ln28_45_fu_11228_p2      |    or    |      0|  0|   2|           1|           1|
    |or_ln28_46_fu_11246_p2      |    or    |      0|  0|   2|           1|           1|
    |or_ln28_47_fu_13409_p2      |    or    |      0|  0|   2|           1|           1|
    |or_ln28_48_fu_13427_p2      |    or    |      0|  0|   2|           1|           1|
    |or_ln28_49_fu_9142_p2       |    or    |      0|  0|   2|           1|           1|
    |or_ln28_4_fu_9794_p2        |    or    |      0|  0|   2|           1|           1|
    |or_ln28_50_fu_11318_p2      |    or    |      0|  0|   2|           1|           1|
    |or_ln28_51_fu_11336_p2      |    or    |      0|  0|   2|           1|           1|
    |or_ln28_52_fu_11474_p2      |    or    |      0|  0|   2|           1|           1|
    |or_ln28_53_fu_11492_p2      |    or    |      0|  0|   2|           1|           1|
    |or_ln28_54_fu_13558_p2      |    or    |      0|  0|   2|           1|           1|
    |or_ln28_55_fu_13576_p2      |    or    |      0|  0|   2|           1|           1|
    |or_ln28_56_fu_9244_p2       |    or    |      0|  0|   2|           1|           1|
    |or_ln28_57_fu_11564_p2      |    or    |      0|  0|   2|           1|           1|
    |or_ln28_58_fu_11582_p2      |    or    |      0|  0|   2|           1|           1|
    |or_ln28_59_fu_11735_p2      |    or    |      0|  0|   2|           1|           1|
    |or_ln28_5_fu_12578_p2       |    or    |      0|  0|   2|           1|           1|
    |or_ln28_60_fu_11753_p2      |    or    |      0|  0|   2|           1|           1|
    |or_ln28_61_fu_13661_p2      |    or    |      0|  0|   2|           1|           1|
    |or_ln28_62_fu_13679_p2      |    or    |      0|  0|   2|           1|           1|
    |or_ln28_63_fu_9292_p2       |    or    |      0|  0|   2|           1|           1|
    |or_ln28_64_fu_11825_p2      |    or    |      0|  0|   2|           1|           1|
    |or_ln28_65_fu_11843_p2      |    or    |      0|  0|   2|           1|           1|
    |or_ln28_66_fu_11979_p2      |    or    |      0|  0|   2|           1|           1|
    |or_ln28_67_fu_11997_p2      |    or    |      0|  0|   2|           1|           1|
    |or_ln28_68_fu_13806_p2      |    or    |      0|  0|   2|           1|           1|
    |or_ln28_69_fu_13824_p2      |    or    |      0|  0|   2|           1|           1|
    |or_ln28_6_fu_12596_p2       |    or    |      0|  0|   2|           1|           1|
    |or_ln28_70_fu_9406_p2       |    or    |      0|  0|   2|           1|           1|
    |or_ln28_71_fu_12069_p2      |    or    |      0|  0|   2|           1|           1|
    |or_ln28_72_fu_12087_p2      |    or    |      0|  0|   2|           1|           1|
    |or_ln28_73_fu_12198_p2      |    or    |      0|  0|   2|           1|           1|
    |or_ln28_74_fu_12216_p2      |    or    |      0|  0|   2|           1|           1|
    |or_ln28_75_fu_13909_p2      |    or    |      0|  0|   2|           1|           1|
    |or_ln28_76_fu_13927_p2      |    or    |      0|  0|   2|           1|           1|
    |or_ln28_77_fu_9454_p2       |    or    |      0|  0|   2|           1|           1|
    |or_ln28_78_fu_12288_p2      |    or    |      0|  0|   2|           1|           1|
    |or_ln28_79_fu_12306_p2      |    or    |      0|  0|   2|           1|           1|
    |or_ln28_7_fu_8458_p2        |    or    |      0|  0|   2|           1|           1|
    |or_ln28_80_fu_12383_p2      |    or    |      0|  0|   2|           1|           1|
    |or_ln28_81_fu_12401_p2      |    or    |      0|  0|   2|           1|           1|
    |or_ln28_82_fu_14054_p2      |    or    |      0|  0|   2|           1|           1|
    |or_ln28_83_fu_14072_p2      |    or    |      0|  0|   2|           1|           1|
    |or_ln28_84_fu_9656_p2       |    or    |      0|  0|   2|           1|           1|
    |or_ln28_85_fu_12473_p2      |    or    |      0|  0|   2|           1|           1|
    |or_ln28_86_fu_12491_p2      |    or    |      0|  0|   2|           1|           1|
    |or_ln28_87_fu_12679_p2      |    or    |      0|  0|   2|           1|           1|
    |or_ln28_88_fu_12697_p2      |    or    |      0|  0|   2|           1|           1|
    |or_ln28_89_fu_14157_p2      |    or    |      0|  0|   2|           1|           1|
    |or_ln28_8_fu_9866_p2        |    or    |      0|  0|   2|           1|           1|
    |or_ln28_90_fu_14175_p2      |    or    |      0|  0|   2|           1|           1|
    |or_ln28_91_fu_8146_p2       |    or    |      0|  0|  12|          12|           6|
    |or_ln28_92_fu_8220_p2       |    or    |      0|  0|  12|          12|           6|
    |or_ln28_9_fu_9884_p2        |    or    |      0|  0|   2|           1|           1|
    |or_ln28_fu_8330_p2          |    or    |      0|  0|   2|           1|           1|
    |select_ln28_10_fu_10304_p3  |  select  |      0|  0|  32|           1|          32|
    |select_ln28_11_fu_12950_p3  |  select  |      0|  0|  32|           1|          32|
    |select_ln28_12_fu_8830_p3   |  select  |      0|  0|  32|           1|          32|
    |select_ln28_13_fu_10394_p3  |  select  |      0|  0|  32|           1|          32|
    |select_ln28_14_fu_10538_p3  |  select  |      0|  0|  32|           1|          32|
    |select_ln28_15_fu_13097_p3  |  select  |      0|  0|  32|           1|          32|
    |select_ln28_16_fu_8944_p3   |  select  |      0|  0|  32|           1|          32|
    |select_ln28_17_fu_10628_p3  |  select  |      0|  0|  32|           1|          32|
    |select_ln28_18_fu_10784_p3  |  select  |      0|  0|  32|           1|          32|
    |select_ln28_19_fu_13198_p3  |  select  |      0|  0|  32|           1|          32|
    |select_ln28_1_fu_9582_p3    |  select  |      0|  0|  32|           1|          32|
    |select_ln28_20_fu_8992_p3   |  select  |      0|  0|  32|           1|          32|
    |select_ln28_21_fu_10874_p3  |  select  |      0|  0|  32|           1|          32|
    |select_ln28_22_fu_11030_p3  |  select  |      0|  0|  32|           1|          32|
    |select_ln28_23_fu_13342_p3  |  select  |      0|  0|  32|           1|          32|
    |select_ln28_24_fu_9106_p3   |  select  |      0|  0|  32|           1|          32|
    |select_ln28_25_fu_11120_p3  |  select  |      0|  0|  32|           1|          32|
    |select_ln28_26_fu_11264_p3  |  select  |      0|  0|  32|           1|          32|
    |select_ln28_27_fu_13445_p3  |  select  |      0|  0|  32|           1|          32|
    |select_ln28_28_fu_9154_p3   |  select  |      0|  0|  32|           1|          32|
    |select_ln28_29_fu_11354_p3  |  select  |      0|  0|  32|           1|          32|
    |select_ln28_2_fu_9812_p3    |  select  |      0|  0|  32|           1|          32|
    |select_ln28_30_fu_11510_p3  |  select  |      0|  0|  32|           1|          32|
    |select_ln28_31_fu_13594_p3  |  select  |      0|  0|  32|           1|          32|
    |select_ln28_32_fu_9256_p3   |  select  |      0|  0|  32|           1|          32|
    |select_ln28_33_fu_11600_p3  |  select  |      0|  0|  32|           1|          32|
    |select_ln28_34_fu_11771_p3  |  select  |      0|  0|  32|           1|          32|
    |select_ln28_35_fu_13697_p3  |  select  |      0|  0|  32|           1|          32|
    |select_ln28_36_fu_9304_p3   |  select  |      0|  0|  32|           1|          32|
    |select_ln28_37_fu_11861_p3  |  select  |      0|  0|  32|           1|          32|
    |select_ln28_38_fu_12015_p3  |  select  |      0|  0|  32|           1|          32|
    |select_ln28_39_fu_13842_p3  |  select  |      0|  0|  32|           1|          32|
    |select_ln28_3_fu_12614_p3   |  select  |      0|  0|  32|           1|          32|
    |select_ln28_40_fu_9418_p3   |  select  |      0|  0|  32|           1|          32|
    |select_ln28_41_fu_12105_p3  |  select  |      0|  0|  32|           1|          32|
    |select_ln28_42_fu_12234_p3  |  select  |      0|  0|  32|           1|          32|
    |select_ln28_43_fu_13945_p3  |  select  |      0|  0|  32|           1|          32|
    |select_ln28_44_fu_9466_p3   |  select  |      0|  0|  32|           1|          32|
    |select_ln28_45_fu_12324_p3  |  select  |      0|  0|  32|           1|          32|
    |select_ln28_46_fu_12419_p3  |  select  |      0|  0|  32|           1|          32|
    |select_ln28_47_fu_14090_p3  |  select  |      0|  0|  32|           1|          32|
    |select_ln28_48_fu_9668_p3   |  select  |      0|  0|  32|           1|          32|
    |select_ln28_49_fu_12509_p3  |  select  |      0|  0|  32|           1|          32|
    |select_ln28_4_fu_8470_p3    |  select  |      0|  0|  32|           1|          32|
    |select_ln28_50_fu_12715_p3  |  select  |      0|  0|  32|           1|          32|
    |select_ln28_51_fu_14193_p3  |  select  |      0|  0|  32|           1|          32|
    |select_ln28_52_fu_7501_p3   |  select  |      0|  0|   4|           1|           1|
    |select_ln28_53_fu_7509_p3   |  select  |      0|  0|   6|           1|           6|
    |select_ln28_5_fu_9902_p3    |  select  |      0|  0|  32|           1|          32|
    |select_ln28_6_fu_10058_p3   |  select  |      0|  0|  32|           1|          32|
    |select_ln28_7_fu_12849_p3   |  select  |      0|  0|  32|           1|          32|
    |select_ln28_8_fu_8782_p3    |  select  |      0|  0|  32|           1|          32|
    |select_ln28_9_fu_10148_p3   |  select  |      0|  0|  32|           1|          32|
    |select_ln28_fu_8342_p3      |  select  |      0|  0|  32|           1|          32|
    |ap_enable_pp0               |    xor   |      0|  0|   2|           1|           2|
    +----------------------------+----------+-------+---+----+------------+------------+
    |Total                       |          |      0|  0|6119|        3951|        3196|
    +----------------------------+----------+-------+---+----+------------+------------+

    * Multiplexer: 
    +------------------------------------------+-----+-----------+-----+-----------+
    |                   Name                   | LUT | Input Size| Bits| Total Bits|
    +------------------------------------------+-----+-----------+-----+-----------+
    |ap_NS_fsm                                 |  133|         29|    1|         29|
    |ap_enable_reg_pp0_iter1                   |    9|          2|    1|          2|
    |ap_phi_mux_f_0_phi_fu_7261_p4             |    9|          2|    6|         12|
    |ap_phi_mux_indvar_flatten_phi_fu_7250_p4  |    9|          2|    9|         18|
    |ap_phi_mux_r_0_phi_fu_7272_p4             |    9|          2|    4|          8|
    |conv_1_out_0_address0                     |  125|         27|   11|        297|
    |conv_1_out_0_address1                     |  125|         27|   11|        297|
    |conv_1_out_10_address0                    |  125|         27|   11|        297|
    |conv_1_out_10_address1                    |  125|         27|   11|        297|
    |conv_1_out_11_address0                    |  125|         27|   11|        297|
    |conv_1_out_11_address1                    |  125|         27|   11|        297|
    |conv_1_out_12_address0                    |  125|         27|   11|        297|
    |conv_1_out_12_address1                    |  125|         27|   11|        297|
    |conv_1_out_1_address0                     |  125|         27|   11|        297|
    |conv_1_out_1_address1                     |  125|         27|   11|        297|
    |conv_1_out_2_address0                     |  125|         27|   11|        297|
    |conv_1_out_2_address1                     |  125|         27|   11|        297|
    |conv_1_out_3_address0                     |  125|         27|   11|        297|
    |conv_1_out_3_address1                     |  125|         27|   11|        297|
    |conv_1_out_4_address0                     |  125|         27|   11|        297|
    |conv_1_out_4_address1                     |  125|         27|   11|        297|
    |conv_1_out_5_address0                     |  125|         27|   11|        297|
    |conv_1_out_5_address1                     |  125|         27|   11|        297|
    |conv_1_out_6_address0                     |  125|         27|   11|        297|
    |conv_1_out_6_address1                     |  125|         27|   11|        297|
    |conv_1_out_7_address0                     |  125|         27|   11|        297|
    |conv_1_out_7_address1                     |  125|         27|   11|        297|
    |conv_1_out_8_address0                     |  125|         27|   11|        297|
    |conv_1_out_8_address1                     |  125|         27|   11|        297|
    |conv_1_out_9_address0                     |  125|         27|   11|        297|
    |conv_1_out_9_address1                     |  125|         27|   11|        297|
    |f_0_reg_7257                              |    9|          2|    6|         12|
    |grp_fu_7279_p0                            |   93|         19|   32|        608|
    |grp_fu_7279_p1                            |  105|         22|   32|        704|
    |grp_fu_7284_p0                            |   93|         19|   32|        608|
    |grp_fu_7284_p1                            |  101|         21|   32|        672|
    |grp_fu_7289_p14                           |   15|          3|   32|         96|
    |grp_fu_7320_p14                           |   15|          3|   32|         96|
    |indvar_flatten_reg_7246                   |    9|          2|    9|         18|
    |max_pool_1_out_0_address0                 |   41|          8|    9|         72|
    |max_pool_1_out_0_address1                 |   38|          7|    9|         63|
    |max_pool_1_out_0_d0                       |   41|          8|   32|        256|
    |max_pool_1_out_0_d1                       |   38|          7|   32|        224|
    |max_pool_1_out_10_address0                |   41|          8|    9|         72|
    |max_pool_1_out_10_address1                |   38|          7|    9|         63|
    |max_pool_1_out_10_d0                      |   41|          8|   32|        256|
    |max_pool_1_out_10_d1                      |   38|          7|   32|        224|
    |max_pool_1_out_11_address0                |   41|          8|    9|         72|
    |max_pool_1_out_11_address1                |   38|          7|    9|         63|
    |max_pool_1_out_11_d0                      |   41|          8|   32|        256|
    |max_pool_1_out_11_d1                      |   38|          7|   32|        224|
    |max_pool_1_out_12_address0                |   41|          8|    9|         72|
    |max_pool_1_out_12_address1                |   38|          7|    9|         63|
    |max_pool_1_out_12_d0                      |   41|          8|   32|        256|
    |max_pool_1_out_12_d1                      |   38|          7|   32|        224|
    |max_pool_1_out_1_address0                 |   41|          8|    9|         72|
    |max_pool_1_out_1_address1                 |   38|          7|    9|         63|
    |max_pool_1_out_1_d0                       |   41|          8|   32|        256|
    |max_pool_1_out_1_d1                       |   38|          7|   32|        224|
    |max_pool_1_out_2_address0                 |   41|          8|    9|         72|
    |max_pool_1_out_2_address1                 |   38|          7|    9|         63|
    |max_pool_1_out_2_d0                       |   41|          8|   32|        256|
    |max_pool_1_out_2_d1                       |   38|          7|   32|        224|
    |max_pool_1_out_3_address0                 |   41|          8|    9|         72|
    |max_pool_1_out_3_address1                 |   38|          7|    9|         63|
    |max_pool_1_out_3_d0                       |   41|          8|   32|        256|
    |max_pool_1_out_3_d1                       |   38|          7|   32|        224|
    |max_pool_1_out_4_address0                 |   41|          8|    9|         72|
    |max_pool_1_out_4_address1                 |   38|          7|    9|         63|
    |max_pool_1_out_4_d0                       |   41|          8|   32|        256|
    |max_pool_1_out_4_d1                       |   38|          7|   32|        224|
    |max_pool_1_out_5_address0                 |   41|          8|    9|         72|
    |max_pool_1_out_5_address1                 |   38|          7|    9|         63|
    |max_pool_1_out_5_d0                       |   41|          8|   32|        256|
    |max_pool_1_out_5_d1                       |   38|          7|   32|        224|
    |max_pool_1_out_6_address0                 |   41|          8|    9|         72|
    |max_pool_1_out_6_address1                 |   38|          7|    9|         63|
    |max_pool_1_out_6_d0                       |   41|          8|   32|        256|
    |max_pool_1_out_6_d1                       |   38|          7|   32|        224|
    |max_pool_1_out_7_address0                 |   41|          8|    9|         72|
    |max_pool_1_out_7_address1                 |   38|          7|    9|         63|
    |max_pool_1_out_7_d0                       |   41|          8|   32|        256|
    |max_pool_1_out_7_d1                       |   38|          7|   32|        224|
    |max_pool_1_out_8_address0                 |   41|          8|    9|         72|
    |max_pool_1_out_8_address1                 |   38|          7|    9|         63|
    |max_pool_1_out_8_d0                       |   41|          8|   32|        256|
    |max_pool_1_out_8_d1                       |   38|          7|   32|        224|
    |max_pool_1_out_9_address0                 |   41|          8|    9|         72|
    |max_pool_1_out_9_address1                 |   38|          7|    9|         63|
    |max_pool_1_out_9_d0                       |   41|          8|   32|        256|
    |max_pool_1_out_9_d1                       |   38|          7|   32|        224|
    |r_0_reg_7268                              |    9|          2|    4|          8|
    +------------------------------------------+-----+-----------+-----+-----------+
    |Total                                     | 5922|       1222| 1584|      18608|
    +------------------------------------------+-----+-----------+-----+-----------+

    * Register: 
    +----------------------------------------+----+----+-----+-----------+
    |                  Name                  | FF | LUT| Bits| Const Bits|
    +----------------------------------------+----+----+-----+-----------+
    |add_ln10_reg_14217                      |   9|   0|    9|          0|
    |add_ln28_75_reg_18837                   |  12|   0|   12|          0|
    |ap_CS_fsm                               |  28|   0|   28|          0|
    |ap_enable_reg_pp0_iter0                 |   1|   0|    1|          0|
    |ap_enable_reg_pp0_iter1                 |   1|   0|    1|          0|
    |conv_1_out_0_load_12_reg_14932          |  32|   0|   32|          0|
    |conv_1_out_0_load_16_reg_15127          |  32|   0|   32|          0|
    |conv_1_out_0_load_1_reg_16071           |  32|   0|   32|          0|
    |conv_1_out_0_load_20_reg_15192          |  32|   0|   32|          0|
    |conv_1_out_0_load_24_reg_15387          |  32|   0|   32|          0|
    |conv_1_out_0_load_28_reg_15452          |  32|   0|   32|          0|
    |conv_1_out_0_load_32_reg_15652          |  32|   0|   32|          0|
    |conv_1_out_0_load_36_reg_15717          |  32|   0|   32|          0|
    |conv_1_out_0_load_40_reg_15941          |  32|   0|   32|          0|
    |conv_1_out_0_load_44_reg_16006          |  32|   0|   32|          0|
    |conv_1_out_0_load_48_reg_16266          |  32|   0|   32|          0|
    |conv_1_out_0_load_4_reg_14672           |  32|   0|   32|          0|
    |conv_1_out_0_load_8_reg_14867           |  32|   0|   32|          0|
    |conv_1_out_0_load_reg_14569             |  32|   0|   32|          0|
    |conv_1_out_10_load_12_reg_14982         |  32|   0|   32|          0|
    |conv_1_out_10_load_16_reg_15177         |  32|   0|   32|          0|
    |conv_1_out_10_load_1_reg_16121          |  32|   0|   32|          0|
    |conv_1_out_10_load_20_reg_15242         |  32|   0|   32|          0|
    |conv_1_out_10_load_24_reg_15437         |  32|   0|   32|          0|
    |conv_1_out_10_load_28_reg_15502         |  32|   0|   32|          0|
    |conv_1_out_10_load_32_reg_15702         |  32|   0|   32|          0|
    |conv_1_out_10_load_36_reg_15767         |  32|   0|   32|          0|
    |conv_1_out_10_load_40_reg_15991         |  32|   0|   32|          0|
    |conv_1_out_10_load_44_reg_16056         |  32|   0|   32|          0|
    |conv_1_out_10_load_48_reg_16316         |  32|   0|   32|          0|
    |conv_1_out_10_load_4_reg_14722          |  32|   0|   32|          0|
    |conv_1_out_10_load_8_reg_14917          |  32|   0|   32|          0|
    |conv_1_out_10_load_reg_14619            |  32|   0|   32|          0|
    |conv_1_out_11_load_12_reg_14987         |  32|   0|   32|          0|
    |conv_1_out_11_load_16_reg_15182         |  32|   0|   32|          0|
    |conv_1_out_11_load_1_reg_16126          |  32|   0|   32|          0|
    |conv_1_out_11_load_20_reg_15247         |  32|   0|   32|          0|
    |conv_1_out_11_load_24_reg_15442         |  32|   0|   32|          0|
    |conv_1_out_11_load_28_reg_15507         |  32|   0|   32|          0|
    |conv_1_out_11_load_32_reg_15707         |  32|   0|   32|          0|
    |conv_1_out_11_load_36_reg_15772         |  32|   0|   32|          0|
    |conv_1_out_11_load_40_reg_15996         |  32|   0|   32|          0|
    |conv_1_out_11_load_44_reg_16061         |  32|   0|   32|          0|
    |conv_1_out_11_load_48_reg_16321         |  32|   0|   32|          0|
    |conv_1_out_11_load_4_reg_14727          |  32|   0|   32|          0|
    |conv_1_out_11_load_8_reg_14922          |  32|   0|   32|          0|
    |conv_1_out_11_load_reg_14624            |  32|   0|   32|          0|
    |conv_1_out_12_load_12_reg_14992         |  32|   0|   32|          0|
    |conv_1_out_12_load_16_reg_15187         |  32|   0|   32|          0|
    |conv_1_out_12_load_1_reg_16131          |  32|   0|   32|          0|
    |conv_1_out_12_load_20_reg_15252         |  32|   0|   32|          0|
    |conv_1_out_12_load_24_reg_15447         |  32|   0|   32|          0|
    |conv_1_out_12_load_28_reg_15512         |  32|   0|   32|          0|
    |conv_1_out_12_load_32_reg_15712         |  32|   0|   32|          0|
    |conv_1_out_12_load_36_reg_15777         |  32|   0|   32|          0|
    |conv_1_out_12_load_40_reg_16001         |  32|   0|   32|          0|
    |conv_1_out_12_load_44_reg_16066         |  32|   0|   32|          0|
    |conv_1_out_12_load_48_reg_16326         |  32|   0|   32|          0|
    |conv_1_out_12_load_4_reg_14732          |  32|   0|   32|          0|
    |conv_1_out_12_load_8_reg_14927          |  32|   0|   32|          0|
    |conv_1_out_12_load_reg_14629            |  32|   0|   32|          0|
    |conv_1_out_1_load_12_reg_14937          |  32|   0|   32|          0|
    |conv_1_out_1_load_16_reg_15132          |  32|   0|   32|          0|
    |conv_1_out_1_load_1_reg_16076           |  32|   0|   32|          0|
    |conv_1_out_1_load_20_reg_15197          |  32|   0|   32|          0|
    |conv_1_out_1_load_24_reg_15392          |  32|   0|   32|          0|
    |conv_1_out_1_load_28_reg_15457          |  32|   0|   32|          0|
    |conv_1_out_1_load_32_reg_15657          |  32|   0|   32|          0|
    |conv_1_out_1_load_36_reg_15722          |  32|   0|   32|          0|
    |conv_1_out_1_load_40_reg_15946          |  32|   0|   32|          0|
    |conv_1_out_1_load_44_reg_16011          |  32|   0|   32|          0|
    |conv_1_out_1_load_48_reg_16271          |  32|   0|   32|          0|
    |conv_1_out_1_load_4_reg_14677           |  32|   0|   32|          0|
    |conv_1_out_1_load_8_reg_14872           |  32|   0|   32|          0|
    |conv_1_out_1_load_reg_14574             |  32|   0|   32|          0|
    |conv_1_out_2_load_12_reg_14942          |  32|   0|   32|          0|
    |conv_1_out_2_load_16_reg_15137          |  32|   0|   32|          0|
    |conv_1_out_2_load_1_reg_16081           |  32|   0|   32|          0|
    |conv_1_out_2_load_20_reg_15202          |  32|   0|   32|          0|
    |conv_1_out_2_load_24_reg_15397          |  32|   0|   32|          0|
    |conv_1_out_2_load_28_reg_15462          |  32|   0|   32|          0|
    |conv_1_out_2_load_32_reg_15662          |  32|   0|   32|          0|
    |conv_1_out_2_load_36_reg_15727          |  32|   0|   32|          0|
    |conv_1_out_2_load_40_reg_15951          |  32|   0|   32|          0|
    |conv_1_out_2_load_44_reg_16016          |  32|   0|   32|          0|
    |conv_1_out_2_load_48_reg_16276          |  32|   0|   32|          0|
    |conv_1_out_2_load_4_reg_14682           |  32|   0|   32|          0|
    |conv_1_out_2_load_8_reg_14877           |  32|   0|   32|          0|
    |conv_1_out_2_load_reg_14579             |  32|   0|   32|          0|
    |conv_1_out_3_load_12_reg_14947          |  32|   0|   32|          0|
    |conv_1_out_3_load_16_reg_15142          |  32|   0|   32|          0|
    |conv_1_out_3_load_1_reg_16086           |  32|   0|   32|          0|
    |conv_1_out_3_load_20_reg_15207          |  32|   0|   32|          0|
    |conv_1_out_3_load_24_reg_15402          |  32|   0|   32|          0|
    |conv_1_out_3_load_28_reg_15467          |  32|   0|   32|          0|
    |conv_1_out_3_load_32_reg_15667          |  32|   0|   32|          0|
    |conv_1_out_3_load_36_reg_15732          |  32|   0|   32|          0|
    |conv_1_out_3_load_40_reg_15956          |  32|   0|   32|          0|
    |conv_1_out_3_load_44_reg_16021          |  32|   0|   32|          0|
    |conv_1_out_3_load_48_reg_16281          |  32|   0|   32|          0|
    |conv_1_out_3_load_4_reg_14687           |  32|   0|   32|          0|
    |conv_1_out_3_load_8_reg_14882           |  32|   0|   32|          0|
    |conv_1_out_3_load_reg_14584             |  32|   0|   32|          0|
    |conv_1_out_4_load_12_reg_14952          |  32|   0|   32|          0|
    |conv_1_out_4_load_16_reg_15147          |  32|   0|   32|          0|
    |conv_1_out_4_load_1_reg_16091           |  32|   0|   32|          0|
    |conv_1_out_4_load_20_reg_15212          |  32|   0|   32|          0|
    |conv_1_out_4_load_24_reg_15407          |  32|   0|   32|          0|
    |conv_1_out_4_load_28_reg_15472          |  32|   0|   32|          0|
    |conv_1_out_4_load_32_reg_15672          |  32|   0|   32|          0|
    |conv_1_out_4_load_36_reg_15737          |  32|   0|   32|          0|
    |conv_1_out_4_load_40_reg_15961          |  32|   0|   32|          0|
    |conv_1_out_4_load_44_reg_16026          |  32|   0|   32|          0|
    |conv_1_out_4_load_48_reg_16286          |  32|   0|   32|          0|
    |conv_1_out_4_load_4_reg_14692           |  32|   0|   32|          0|
    |conv_1_out_4_load_8_reg_14887           |  32|   0|   32|          0|
    |conv_1_out_4_load_reg_14589             |  32|   0|   32|          0|
    |conv_1_out_5_load_12_reg_14957          |  32|   0|   32|          0|
    |conv_1_out_5_load_16_reg_15152          |  32|   0|   32|          0|
    |conv_1_out_5_load_1_reg_16096           |  32|   0|   32|          0|
    |conv_1_out_5_load_20_reg_15217          |  32|   0|   32|          0|
    |conv_1_out_5_load_24_reg_15412          |  32|   0|   32|          0|
    |conv_1_out_5_load_28_reg_15477          |  32|   0|   32|          0|
    |conv_1_out_5_load_32_reg_15677          |  32|   0|   32|          0|
    |conv_1_out_5_load_36_reg_15742          |  32|   0|   32|          0|
    |conv_1_out_5_load_40_reg_15966          |  32|   0|   32|          0|
    |conv_1_out_5_load_44_reg_16031          |  32|   0|   32|          0|
    |conv_1_out_5_load_48_reg_16291          |  32|   0|   32|          0|
    |conv_1_out_5_load_4_reg_14697           |  32|   0|   32|          0|
    |conv_1_out_5_load_8_reg_14892           |  32|   0|   32|          0|
    |conv_1_out_5_load_reg_14594             |  32|   0|   32|          0|
    |conv_1_out_6_load_12_reg_14962          |  32|   0|   32|          0|
    |conv_1_out_6_load_16_reg_15157          |  32|   0|   32|          0|
    |conv_1_out_6_load_1_reg_16101           |  32|   0|   32|          0|
    |conv_1_out_6_load_20_reg_15222          |  32|   0|   32|          0|
    |conv_1_out_6_load_24_reg_15417          |  32|   0|   32|          0|
    |conv_1_out_6_load_28_reg_15482          |  32|   0|   32|          0|
    |conv_1_out_6_load_32_reg_15682          |  32|   0|   32|          0|
    |conv_1_out_6_load_36_reg_15747          |  32|   0|   32|          0|
    |conv_1_out_6_load_40_reg_15971          |  32|   0|   32|          0|
    |conv_1_out_6_load_44_reg_16036          |  32|   0|   32|          0|
    |conv_1_out_6_load_48_reg_16296          |  32|   0|   32|          0|
    |conv_1_out_6_load_4_reg_14702           |  32|   0|   32|          0|
    |conv_1_out_6_load_8_reg_14897           |  32|   0|   32|          0|
    |conv_1_out_6_load_reg_14599             |  32|   0|   32|          0|
    |conv_1_out_7_load_12_reg_14967          |  32|   0|   32|          0|
    |conv_1_out_7_load_16_reg_15162          |  32|   0|   32|          0|
    |conv_1_out_7_load_1_reg_16106           |  32|   0|   32|          0|
    |conv_1_out_7_load_20_reg_15227          |  32|   0|   32|          0|
    |conv_1_out_7_load_24_reg_15422          |  32|   0|   32|          0|
    |conv_1_out_7_load_28_reg_15487          |  32|   0|   32|          0|
    |conv_1_out_7_load_32_reg_15687          |  32|   0|   32|          0|
    |conv_1_out_7_load_36_reg_15752          |  32|   0|   32|          0|
    |conv_1_out_7_load_40_reg_15976          |  32|   0|   32|          0|
    |conv_1_out_7_load_44_reg_16041          |  32|   0|   32|          0|
    |conv_1_out_7_load_48_reg_16301          |  32|   0|   32|          0|
    |conv_1_out_7_load_4_reg_14707           |  32|   0|   32|          0|
    |conv_1_out_7_load_8_reg_14902           |  32|   0|   32|          0|
    |conv_1_out_7_load_reg_14604             |  32|   0|   32|          0|
    |conv_1_out_8_load_12_reg_14972          |  32|   0|   32|          0|
    |conv_1_out_8_load_16_reg_15167          |  32|   0|   32|          0|
    |conv_1_out_8_load_1_reg_16111           |  32|   0|   32|          0|
    |conv_1_out_8_load_20_reg_15232          |  32|   0|   32|          0|
    |conv_1_out_8_load_24_reg_15427          |  32|   0|   32|          0|
    |conv_1_out_8_load_28_reg_15492          |  32|   0|   32|          0|
    |conv_1_out_8_load_32_reg_15692          |  32|   0|   32|          0|
    |conv_1_out_8_load_36_reg_15757          |  32|   0|   32|          0|
    |conv_1_out_8_load_40_reg_15981          |  32|   0|   32|          0|
    |conv_1_out_8_load_44_reg_16046          |  32|   0|   32|          0|
    |conv_1_out_8_load_48_reg_16306          |  32|   0|   32|          0|
    |conv_1_out_8_load_4_reg_14712           |  32|   0|   32|          0|
    |conv_1_out_8_load_8_reg_14907           |  32|   0|   32|          0|
    |conv_1_out_8_load_reg_14609             |  32|   0|   32|          0|
    |conv_1_out_9_load_12_reg_14977          |  32|   0|   32|          0|
    |conv_1_out_9_load_16_reg_15172          |  32|   0|   32|          0|
    |conv_1_out_9_load_1_reg_16116           |  32|   0|   32|          0|
    |conv_1_out_9_load_20_reg_15237          |  32|   0|   32|          0|
    |conv_1_out_9_load_24_reg_15432          |  32|   0|   32|          0|
    |conv_1_out_9_load_28_reg_15497          |  32|   0|   32|          0|
    |conv_1_out_9_load_32_reg_15697          |  32|   0|   32|          0|
    |conv_1_out_9_load_36_reg_15762          |  32|   0|   32|          0|
    |conv_1_out_9_load_40_reg_15986          |  32|   0|   32|          0|
    |conv_1_out_9_load_44_reg_16051          |  32|   0|   32|          0|
    |conv_1_out_9_load_48_reg_16311          |  32|   0|   32|          0|
    |conv_1_out_9_load_4_reg_14717           |  32|   0|   32|          0|
    |conv_1_out_9_load_8_reg_14912           |  32|   0|   32|          0|
    |conv_1_out_9_load_reg_14614             |  32|   0|   32|          0|
    |f_0_reg_7257                            |   6|   0|    6|          0|
    |icmp_ln10_reg_14213                     |   1|   0|    1|          0|
    |icmp_ln10_reg_14213_pp0_iter1_reg       |   1|   0|    1|          0|
    |indvar_flatten_reg_7246                 |   9|   0|    9|          0|
    |r_0_reg_7268                            |   4|   0|    4|          0|
    |r_reg_19060                             |   4|   0|    4|          0|
    |reg_7413                                |  32|   0|   32|          0|
    |reg_7418                                |  32|   0|   32|          0|
    |reg_7423                                |  32|   0|   32|          0|
    |reg_7429                                |  32|   0|   32|          0|
    |reg_7434                                |  32|   0|   32|          0|
    |reg_7439                                |  32|   0|   32|          0|
    |reg_7444                                |  32|   0|   32|          0|
    |reg_7450                                |  32|   0|   32|          0|
    |reg_7455                                |  32|   0|   32|          0|
    |reg_7460                                |  32|   0|   32|          0|
    |reg_7466                                |  32|   0|   32|          0|
    |reg_7471                                |  32|   0|   32|          0|
    |select_ln28_10_reg_17884                |  32|   0|   32|          0|
    |select_ln28_12_reg_16711                |  32|   0|   32|          0|
    |select_ln28_13_reg_17891                |  32|   0|   32|          0|
    |select_ln28_14_reg_18028                |  32|   0|   32|          0|
    |select_ln28_16_reg_16855                |  32|   0|   32|          0|
    |select_ln28_17_reg_18035                |  32|   0|   32|          0|
    |select_ln28_18_reg_18172                |  32|   0|   32|          0|
    |select_ln28_1_reg_17380                 |  32|   0|   32|          0|
    |select_ln28_20_reg_16862                |  32|   0|   32|          0|
    |select_ln28_21_reg_18179                |  32|   0|   32|          0|
    |select_ln28_22_reg_18316                |  32|   0|   32|          0|
    |select_ln28_24_reg_17006                |  32|   0|   32|          0|
    |select_ln28_25_reg_18323                |  32|   0|   32|          0|
    |select_ln28_26_reg_18460                |  32|   0|   32|          0|
    |select_ln28_28_reg_17013                |  32|   0|   32|          0|
    |select_ln28_29_reg_18467                |  32|   0|   32|          0|
    |select_ln28_2_reg_17596                 |  32|   0|   32|          0|
    |select_ln28_30_reg_18604                |  32|   0|   32|          0|
    |select_ln28_32_reg_17150                |  32|   0|   32|          0|
    |select_ln28_33_reg_18611                |  32|   0|   32|          0|
    |select_ln28_34_reg_18753                |  32|   0|   32|          0|
    |select_ln28_36_reg_17157                |  32|   0|   32|          0|
    |select_ln28_37_reg_18760                |  32|   0|   32|          0|
    |select_ln28_38_reg_18902                |  32|   0|   32|          0|
    |select_ln28_40_reg_17301                |  32|   0|   32|          0|
    |select_ln28_41_reg_18909                |  32|   0|   32|          0|
    |select_ln28_42_reg_19046                |  32|   0|   32|          0|
    |select_ln28_44_reg_17308                |  32|   0|   32|          0|
    |select_ln28_45_reg_19053                |  32|   0|   32|          0|
    |select_ln28_46_reg_19065                |  32|   0|   32|          0|
    |select_ln28_48_reg_17459                |  32|   0|   32|          0|
    |select_ln28_49_reg_19072                |  32|   0|   32|          0|
    |select_ln28_4_reg_16490                 |  32|   0|   32|          0|
    |select_ln28_50_reg_19086                |  32|   0|   32|          0|
    |select_ln28_52_reg_14222                |   4|   0|    4|          0|
    |select_ln28_52_reg_14222_pp0_iter1_reg  |   4|   0|    4|          0|
    |select_ln28_53_reg_14227                |   6|   0|    6|          0|
    |select_ln28_53_reg_14227_pp0_iter1_reg  |   6|   0|    6|          0|
    |select_ln28_5_reg_17603                 |  32|   0|   32|          0|
    |select_ln28_6_reg_17740                 |  32|   0|   32|          0|
    |select_ln28_8_reg_16704                 |  32|   0|   32|          0|
    |select_ln28_9_reg_17747                 |  32|   0|   32|          0|
    |select_ln28_reg_16404                   |  32|   0|   32|          0|
    |tmp_106_reg_16532                       |  32|   0|   32|          0|
    |tmp_121_reg_16539                       |  32|   0|   32|          0|
    |tmp_12_reg_16483                        |  32|   0|   32|          0|
    |tmp_136_reg_16546                       |  32|   0|   32|          0|
    |tmp_151_reg_16553                       |  32|   0|   32|          0|
    |tmp_166_reg_16560                       |  32|   0|   32|          0|
    |tmp_181_reg_16567                       |  32|   0|   32|          0|
    |tmp_188_reg_19079                       |  32|   0|   32|          0|
    |tmp_228_reg_15527                       |   9|   0|    9|          0|
    |tmp_232_reg_14434                       |   2|   0|    2|          0|
    |tmp_233_reg_14667                       |  10|   0|   10|          0|
    |tmp_257_reg_18688                       |   9|   0|    9|          0|
    |tmp_27_reg_16848                        |  32|   0|   32|          0|
    |tmp_31_reg_16497                        |  32|   0|   32|          0|
    |tmp_42_reg_16999                        |  32|   0|   32|          0|
    |tmp_46_reg_16504                        |  32|   0|   32|          0|
    |tmp_57_reg_17294                        |  32|   0|   32|          0|
    |tmp_5_reg_16411                         |  32|   0|   32|          0|
    |tmp_61_reg_16511                        |  32|   0|   32|          0|
    |tmp_72_reg_17452                        |  32|   0|   32|          0|
    |tmp_76_reg_16518                        |  32|   0|   32|          0|
    |tmp_91_reg_16525                        |  32|   0|   32|          0|
    |trunc_ln28_1_reg_14287                  |  12|   0|   12|          0|
    |trunc_ln28_5_reg_14634                  |  15|   0|   15|          0|
    |trunc_ln28_6_reg_14650                  |  12|   0|   12|          0|
    |trunc_ln28_reg_14272                    |  15|   0|   15|          0|
    |zext_ln28_1_reg_16331                   |   5|   0|   32|         27|
    |zext_ln35_1_reg_19098                   |   6|   0|    9|          3|
    |zext_ln35_2_reg_19093                   |   6|   0|    8|          2|
    |zext_ln35_reg_15782                     |   6|   0|   12|          6|
    +----------------------------------------+----+----+-----+-----------+
    |Total                                   |8235|   0| 8273|         38|
    +----------------------------------------+----+----+-----+-----------+



================================================================
== Interface
================================================================
* Summary: 
+----------------------------+-----+-----+------------+-------------------+--------------+
|          RTL Ports         | Dir | Bits|  Protocol  |   Source Object   |    C Type    |
+----------------------------+-----+-----+------------+-------------------+--------------+
|ap_clk                      |  in |    1| ap_ctrl_hs |     max_pool_1    | return value |
|ap_rst                      |  in |    1| ap_ctrl_hs |     max_pool_1    | return value |
|ap_start                    |  in |    1| ap_ctrl_hs |     max_pool_1    | return value |
|ap_done                     | out |    1| ap_ctrl_hs |     max_pool_1    | return value |
|ap_idle                     | out |    1| ap_ctrl_hs |     max_pool_1    | return value |
|ap_ready                    | out |    1| ap_ctrl_hs |     max_pool_1    | return value |
|conv_1_out_0_address0       | out |   11|  ap_memory |    conv_1_out_0   |     array    |
|conv_1_out_0_ce0            | out |    1|  ap_memory |    conv_1_out_0   |     array    |
|conv_1_out_0_q0             |  in |   32|  ap_memory |    conv_1_out_0   |     array    |
|conv_1_out_0_address1       | out |   11|  ap_memory |    conv_1_out_0   |     array    |
|conv_1_out_0_ce1            | out |    1|  ap_memory |    conv_1_out_0   |     array    |
|conv_1_out_0_q1             |  in |   32|  ap_memory |    conv_1_out_0   |     array    |
|conv_1_out_1_address0       | out |   11|  ap_memory |    conv_1_out_1   |     array    |
|conv_1_out_1_ce0            | out |    1|  ap_memory |    conv_1_out_1   |     array    |
|conv_1_out_1_q0             |  in |   32|  ap_memory |    conv_1_out_1   |     array    |
|conv_1_out_1_address1       | out |   11|  ap_memory |    conv_1_out_1   |     array    |
|conv_1_out_1_ce1            | out |    1|  ap_memory |    conv_1_out_1   |     array    |
|conv_1_out_1_q1             |  in |   32|  ap_memory |    conv_1_out_1   |     array    |
|conv_1_out_2_address0       | out |   11|  ap_memory |    conv_1_out_2   |     array    |
|conv_1_out_2_ce0            | out |    1|  ap_memory |    conv_1_out_2   |     array    |
|conv_1_out_2_q0             |  in |   32|  ap_memory |    conv_1_out_2   |     array    |
|conv_1_out_2_address1       | out |   11|  ap_memory |    conv_1_out_2   |     array    |
|conv_1_out_2_ce1            | out |    1|  ap_memory |    conv_1_out_2   |     array    |
|conv_1_out_2_q1             |  in |   32|  ap_memory |    conv_1_out_2   |     array    |
|conv_1_out_3_address0       | out |   11|  ap_memory |    conv_1_out_3   |     array    |
|conv_1_out_3_ce0            | out |    1|  ap_memory |    conv_1_out_3   |     array    |
|conv_1_out_3_q0             |  in |   32|  ap_memory |    conv_1_out_3   |     array    |
|conv_1_out_3_address1       | out |   11|  ap_memory |    conv_1_out_3   |     array    |
|conv_1_out_3_ce1            | out |    1|  ap_memory |    conv_1_out_3   |     array    |
|conv_1_out_3_q1             |  in |   32|  ap_memory |    conv_1_out_3   |     array    |
|conv_1_out_4_address0       | out |   11|  ap_memory |    conv_1_out_4   |     array    |
|conv_1_out_4_ce0            | out |    1|  ap_memory |    conv_1_out_4   |     array    |
|conv_1_out_4_q0             |  in |   32|  ap_memory |    conv_1_out_4   |     array    |
|conv_1_out_4_address1       | out |   11|  ap_memory |    conv_1_out_4   |     array    |
|conv_1_out_4_ce1            | out |    1|  ap_memory |    conv_1_out_4   |     array    |
|conv_1_out_4_q1             |  in |   32|  ap_memory |    conv_1_out_4   |     array    |
|conv_1_out_5_address0       | out |   11|  ap_memory |    conv_1_out_5   |     array    |
|conv_1_out_5_ce0            | out |    1|  ap_memory |    conv_1_out_5   |     array    |
|conv_1_out_5_q0             |  in |   32|  ap_memory |    conv_1_out_5   |     array    |
|conv_1_out_5_address1       | out |   11|  ap_memory |    conv_1_out_5   |     array    |
|conv_1_out_5_ce1            | out |    1|  ap_memory |    conv_1_out_5   |     array    |
|conv_1_out_5_q1             |  in |   32|  ap_memory |    conv_1_out_5   |     array    |
|conv_1_out_6_address0       | out |   11|  ap_memory |    conv_1_out_6   |     array    |
|conv_1_out_6_ce0            | out |    1|  ap_memory |    conv_1_out_6   |     array    |
|conv_1_out_6_q0             |  in |   32|  ap_memory |    conv_1_out_6   |     array    |
|conv_1_out_6_address1       | out |   11|  ap_memory |    conv_1_out_6   |     array    |
|conv_1_out_6_ce1            | out |    1|  ap_memory |    conv_1_out_6   |     array    |
|conv_1_out_6_q1             |  in |   32|  ap_memory |    conv_1_out_6   |     array    |
|conv_1_out_7_address0       | out |   11|  ap_memory |    conv_1_out_7   |     array    |
|conv_1_out_7_ce0            | out |    1|  ap_memory |    conv_1_out_7   |     array    |
|conv_1_out_7_q0             |  in |   32|  ap_memory |    conv_1_out_7   |     array    |
|conv_1_out_7_address1       | out |   11|  ap_memory |    conv_1_out_7   |     array    |
|conv_1_out_7_ce1            | out |    1|  ap_memory |    conv_1_out_7   |     array    |
|conv_1_out_7_q1             |  in |   32|  ap_memory |    conv_1_out_7   |     array    |
|conv_1_out_8_address0       | out |   11|  ap_memory |    conv_1_out_8   |     array    |
|conv_1_out_8_ce0            | out |    1|  ap_memory |    conv_1_out_8   |     array    |
|conv_1_out_8_q0             |  in |   32|  ap_memory |    conv_1_out_8   |     array    |
|conv_1_out_8_address1       | out |   11|  ap_memory |    conv_1_out_8   |     array    |
|conv_1_out_8_ce1            | out |    1|  ap_memory |    conv_1_out_8   |     array    |
|conv_1_out_8_q1             |  in |   32|  ap_memory |    conv_1_out_8   |     array    |
|conv_1_out_9_address0       | out |   11|  ap_memory |    conv_1_out_9   |     array    |
|conv_1_out_9_ce0            | out |    1|  ap_memory |    conv_1_out_9   |     array    |
|conv_1_out_9_q0             |  in |   32|  ap_memory |    conv_1_out_9   |     array    |
|conv_1_out_9_address1       | out |   11|  ap_memory |    conv_1_out_9   |     array    |
|conv_1_out_9_ce1            | out |    1|  ap_memory |    conv_1_out_9   |     array    |
|conv_1_out_9_q1             |  in |   32|  ap_memory |    conv_1_out_9   |     array    |
|conv_1_out_10_address0      | out |   11|  ap_memory |   conv_1_out_10   |     array    |
|conv_1_out_10_ce0           | out |    1|  ap_memory |   conv_1_out_10   |     array    |
|conv_1_out_10_q0            |  in |   32|  ap_memory |   conv_1_out_10   |     array    |
|conv_1_out_10_address1      | out |   11|  ap_memory |   conv_1_out_10   |     array    |
|conv_1_out_10_ce1           | out |    1|  ap_memory |   conv_1_out_10   |     array    |
|conv_1_out_10_q1            |  in |   32|  ap_memory |   conv_1_out_10   |     array    |
|conv_1_out_11_address0      | out |   11|  ap_memory |   conv_1_out_11   |     array    |
|conv_1_out_11_ce0           | out |    1|  ap_memory |   conv_1_out_11   |     array    |
|conv_1_out_11_q0            |  in |   32|  ap_memory |   conv_1_out_11   |     array    |
|conv_1_out_11_address1      | out |   11|  ap_memory |   conv_1_out_11   |     array    |
|conv_1_out_11_ce1           | out |    1|  ap_memory |   conv_1_out_11   |     array    |
|conv_1_out_11_q1            |  in |   32|  ap_memory |   conv_1_out_11   |     array    |
|conv_1_out_12_address0      | out |   11|  ap_memory |   conv_1_out_12   |     array    |
|conv_1_out_12_ce0           | out |    1|  ap_memory |   conv_1_out_12   |     array    |
|conv_1_out_12_q0            |  in |   32|  ap_memory |   conv_1_out_12   |     array    |
|conv_1_out_12_address1      | out |   11|  ap_memory |   conv_1_out_12   |     array    |
|conv_1_out_12_ce1           | out |    1|  ap_memory |   conv_1_out_12   |     array    |
|conv_1_out_12_q1            |  in |   32|  ap_memory |   conv_1_out_12   |     array    |
|max_pool_1_out_0_address0   | out |    9|  ap_memory |  max_pool_1_out_0 |     array    |
|max_pool_1_out_0_ce0        | out |    1|  ap_memory |  max_pool_1_out_0 |     array    |
|max_pool_1_out_0_we0        | out |    1|  ap_memory |  max_pool_1_out_0 |     array    |
|max_pool_1_out_0_d0         | out |   32|  ap_memory |  max_pool_1_out_0 |     array    |
|max_pool_1_out_0_address1   | out |    9|  ap_memory |  max_pool_1_out_0 |     array    |
|max_pool_1_out_0_ce1        | out |    1|  ap_memory |  max_pool_1_out_0 |     array    |
|max_pool_1_out_0_we1        | out |    1|  ap_memory |  max_pool_1_out_0 |     array    |
|max_pool_1_out_0_d1         | out |   32|  ap_memory |  max_pool_1_out_0 |     array    |
|max_pool_1_out_1_address0   | out |    9|  ap_memory |  max_pool_1_out_1 |     array    |
|max_pool_1_out_1_ce0        | out |    1|  ap_memory |  max_pool_1_out_1 |     array    |
|max_pool_1_out_1_we0        | out |    1|  ap_memory |  max_pool_1_out_1 |     array    |
|max_pool_1_out_1_d0         | out |   32|  ap_memory |  max_pool_1_out_1 |     array    |
|max_pool_1_out_1_address1   | out |    9|  ap_memory |  max_pool_1_out_1 |     array    |
|max_pool_1_out_1_ce1        | out |    1|  ap_memory |  max_pool_1_out_1 |     array    |
|max_pool_1_out_1_we1        | out |    1|  ap_memory |  max_pool_1_out_1 |     array    |
|max_pool_1_out_1_d1         | out |   32|  ap_memory |  max_pool_1_out_1 |     array    |
|max_pool_1_out_2_address0   | out |    9|  ap_memory |  max_pool_1_out_2 |     array    |
|max_pool_1_out_2_ce0        | out |    1|  ap_memory |  max_pool_1_out_2 |     array    |
|max_pool_1_out_2_we0        | out |    1|  ap_memory |  max_pool_1_out_2 |     array    |
|max_pool_1_out_2_d0         | out |   32|  ap_memory |  max_pool_1_out_2 |     array    |
|max_pool_1_out_2_address1   | out |    9|  ap_memory |  max_pool_1_out_2 |     array    |
|max_pool_1_out_2_ce1        | out |    1|  ap_memory |  max_pool_1_out_2 |     array    |
|max_pool_1_out_2_we1        | out |    1|  ap_memory |  max_pool_1_out_2 |     array    |
|max_pool_1_out_2_d1         | out |   32|  ap_memory |  max_pool_1_out_2 |     array    |
|max_pool_1_out_3_address0   | out |    9|  ap_memory |  max_pool_1_out_3 |     array    |
|max_pool_1_out_3_ce0        | out |    1|  ap_memory |  max_pool_1_out_3 |     array    |
|max_pool_1_out_3_we0        | out |    1|  ap_memory |  max_pool_1_out_3 |     array    |
|max_pool_1_out_3_d0         | out |   32|  ap_memory |  max_pool_1_out_3 |     array    |
|max_pool_1_out_3_address1   | out |    9|  ap_memory |  max_pool_1_out_3 |     array    |
|max_pool_1_out_3_ce1        | out |    1|  ap_memory |  max_pool_1_out_3 |     array    |
|max_pool_1_out_3_we1        | out |    1|  ap_memory |  max_pool_1_out_3 |     array    |
|max_pool_1_out_3_d1         | out |   32|  ap_memory |  max_pool_1_out_3 |     array    |
|max_pool_1_out_4_address0   | out |    9|  ap_memory |  max_pool_1_out_4 |     array    |
|max_pool_1_out_4_ce0        | out |    1|  ap_memory |  max_pool_1_out_4 |     array    |
|max_pool_1_out_4_we0        | out |    1|  ap_memory |  max_pool_1_out_4 |     array    |
|max_pool_1_out_4_d0         | out |   32|  ap_memory |  max_pool_1_out_4 |     array    |
|max_pool_1_out_4_address1   | out |    9|  ap_memory |  max_pool_1_out_4 |     array    |
|max_pool_1_out_4_ce1        | out |    1|  ap_memory |  max_pool_1_out_4 |     array    |
|max_pool_1_out_4_we1        | out |    1|  ap_memory |  max_pool_1_out_4 |     array    |
|max_pool_1_out_4_d1         | out |   32|  ap_memory |  max_pool_1_out_4 |     array    |
|max_pool_1_out_5_address0   | out |    9|  ap_memory |  max_pool_1_out_5 |     array    |
|max_pool_1_out_5_ce0        | out |    1|  ap_memory |  max_pool_1_out_5 |     array    |
|max_pool_1_out_5_we0        | out |    1|  ap_memory |  max_pool_1_out_5 |     array    |
|max_pool_1_out_5_d0         | out |   32|  ap_memory |  max_pool_1_out_5 |     array    |
|max_pool_1_out_5_address1   | out |    9|  ap_memory |  max_pool_1_out_5 |     array    |
|max_pool_1_out_5_ce1        | out |    1|  ap_memory |  max_pool_1_out_5 |     array    |
|max_pool_1_out_5_we1        | out |    1|  ap_memory |  max_pool_1_out_5 |     array    |
|max_pool_1_out_5_d1         | out |   32|  ap_memory |  max_pool_1_out_5 |     array    |
|max_pool_1_out_6_address0   | out |    9|  ap_memory |  max_pool_1_out_6 |     array    |
|max_pool_1_out_6_ce0        | out |    1|  ap_memory |  max_pool_1_out_6 |     array    |
|max_pool_1_out_6_we0        | out |    1|  ap_memory |  max_pool_1_out_6 |     array    |
|max_pool_1_out_6_d0         | out |   32|  ap_memory |  max_pool_1_out_6 |     array    |
|max_pool_1_out_6_address1   | out |    9|  ap_memory |  max_pool_1_out_6 |     array    |
|max_pool_1_out_6_ce1        | out |    1|  ap_memory |  max_pool_1_out_6 |     array    |
|max_pool_1_out_6_we1        | out |    1|  ap_memory |  max_pool_1_out_6 |     array    |
|max_pool_1_out_6_d1         | out |   32|  ap_memory |  max_pool_1_out_6 |     array    |
|max_pool_1_out_7_address0   | out |    9|  ap_memory |  max_pool_1_out_7 |     array    |
|max_pool_1_out_7_ce0        | out |    1|  ap_memory |  max_pool_1_out_7 |     array    |
|max_pool_1_out_7_we0        | out |    1|  ap_memory |  max_pool_1_out_7 |     array    |
|max_pool_1_out_7_d0         | out |   32|  ap_memory |  max_pool_1_out_7 |     array    |
|max_pool_1_out_7_address1   | out |    9|  ap_memory |  max_pool_1_out_7 |     array    |
|max_pool_1_out_7_ce1        | out |    1|  ap_memory |  max_pool_1_out_7 |     array    |
|max_pool_1_out_7_we1        | out |    1|  ap_memory |  max_pool_1_out_7 |     array    |
|max_pool_1_out_7_d1         | out |   32|  ap_memory |  max_pool_1_out_7 |     array    |
|max_pool_1_out_8_address0   | out |    9|  ap_memory |  max_pool_1_out_8 |     array    |
|max_pool_1_out_8_ce0        | out |    1|  ap_memory |  max_pool_1_out_8 |     array    |
|max_pool_1_out_8_we0        | out |    1|  ap_memory |  max_pool_1_out_8 |     array    |
|max_pool_1_out_8_d0         | out |   32|  ap_memory |  max_pool_1_out_8 |     array    |
|max_pool_1_out_8_address1   | out |    9|  ap_memory |  max_pool_1_out_8 |     array    |
|max_pool_1_out_8_ce1        | out |    1|  ap_memory |  max_pool_1_out_8 |     array    |
|max_pool_1_out_8_we1        | out |    1|  ap_memory |  max_pool_1_out_8 |     array    |
|max_pool_1_out_8_d1         | out |   32|  ap_memory |  max_pool_1_out_8 |     array    |
|max_pool_1_out_9_address0   | out |    9|  ap_memory |  max_pool_1_out_9 |     array    |
|max_pool_1_out_9_ce0        | out |    1|  ap_memory |  max_pool_1_out_9 |     array    |
|max_pool_1_out_9_we0        | out |    1|  ap_memory |  max_pool_1_out_9 |     array    |
|max_pool_1_out_9_d0         | out |   32|  ap_memory |  max_pool_1_out_9 |     array    |
|max_pool_1_out_9_address1   | out |    9|  ap_memory |  max_pool_1_out_9 |     array    |
|max_pool_1_out_9_ce1        | out |    1|  ap_memory |  max_pool_1_out_9 |     array    |
|max_pool_1_out_9_we1        | out |    1|  ap_memory |  max_pool_1_out_9 |     array    |
|max_pool_1_out_9_d1         | out |   32|  ap_memory |  max_pool_1_out_9 |     array    |
|max_pool_1_out_10_address0  | out |    9|  ap_memory | max_pool_1_out_10 |     array    |
|max_pool_1_out_10_ce0       | out |    1|  ap_memory | max_pool_1_out_10 |     array    |
|max_pool_1_out_10_we0       | out |    1|  ap_memory | max_pool_1_out_10 |     array    |
|max_pool_1_out_10_d0        | out |   32|  ap_memory | max_pool_1_out_10 |     array    |
|max_pool_1_out_10_address1  | out |    9|  ap_memory | max_pool_1_out_10 |     array    |
|max_pool_1_out_10_ce1       | out |    1|  ap_memory | max_pool_1_out_10 |     array    |
|max_pool_1_out_10_we1       | out |    1|  ap_memory | max_pool_1_out_10 |     array    |
|max_pool_1_out_10_d1        | out |   32|  ap_memory | max_pool_1_out_10 |     array    |
|max_pool_1_out_11_address0  | out |    9|  ap_memory | max_pool_1_out_11 |     array    |
|max_pool_1_out_11_ce0       | out |    1|  ap_memory | max_pool_1_out_11 |     array    |
|max_pool_1_out_11_we0       | out |    1|  ap_memory | max_pool_1_out_11 |     array    |
|max_pool_1_out_11_d0        | out |   32|  ap_memory | max_pool_1_out_11 |     array    |
|max_pool_1_out_11_address1  | out |    9|  ap_memory | max_pool_1_out_11 |     array    |
|max_pool_1_out_11_ce1       | out |    1|  ap_memory | max_pool_1_out_11 |     array    |
|max_pool_1_out_11_we1       | out |    1|  ap_memory | max_pool_1_out_11 |     array    |
|max_pool_1_out_11_d1        | out |   32|  ap_memory | max_pool_1_out_11 |     array    |
|max_pool_1_out_12_address0  | out |    9|  ap_memory | max_pool_1_out_12 |     array    |
|max_pool_1_out_12_ce0       | out |    1|  ap_memory | max_pool_1_out_12 |     array    |
|max_pool_1_out_12_we0       | out |    1|  ap_memory | max_pool_1_out_12 |     array    |
|max_pool_1_out_12_d0        | out |   32|  ap_memory | max_pool_1_out_12 |     array    |
|max_pool_1_out_12_address1  | out |    9|  ap_memory | max_pool_1_out_12 |     array    |
|max_pool_1_out_12_ce1       | out |    1|  ap_memory | max_pool_1_out_12 |     array    |
|max_pool_1_out_12_we1       | out |    1|  ap_memory | max_pool_1_out_12 |     array    |
|max_pool_1_out_12_d1        | out |   32|  ap_memory | max_pool_1_out_12 |     array    |
+----------------------------+-----+-----+------------+-------------------+--------------+

