

================================================================
== Vivado HLS Report for 'conv_1'
================================================================
* Date:           Wed Aug  7 18:56:33 2024

* Version:        2019.1 (Build 2552052 on Fri May 24 15:28:33 MDT 2019)
* Project:        cnn_ap_lp
* Solution:       mp1_fp2_ap_cc
* Product family: zynq
* Target device:  xc7z020-clg400-1


================================================================
== Performance Estimates
================================================================
+ Timing (ns): 
    * Summary: 
    +--------+-------+----------+------------+
    |  Clock | Target| Estimated| Uncertainty|
    +--------+-------+----------+------------+
    |ap_clk  |  20.00|    16.881|        2.50|
    +--------+-------+----------+------------+

+ Latency (clock cycles): 
    * Summary: 
    +--------+--------+--------+--------+---------+
    |     Latency     |     Interval    | Pipeline|
    |   min  |   max  |   min  |   max  |   Type  |
    +--------+--------+--------+--------+---------+
    |  114973|  123085|  114973|  123085|   none  |
    +--------+--------+--------+--------+---------+

    + Detail: 
        * Instance: 
        N/A

        * Loop: 
        +---------------------+--------+--------+-------------+-----------+-----------+------+----------+
        |                     |     Latency     |  Iteration  |  Initiation Interval  | Trip |          |
        |      Loop Name      |   min  |   max  |   Latency   |  achieved |   target  | Count| Pipelined|
        +---------------------+--------+--------+-------------+-----------+-----------+------+----------+
        |- Row_Loop           |  114972|  123084| 4422 ~ 4734 |          -|          -|    26|    no    |
        | + Col_Loop          |    4420|    4732|  170 ~ 182  |          -|          -|    26|    no    |
        |  ++ Filter1_Loop    |     168|     180|   28 ~ 30   |          -|          -|     6|    no    |
        |   +++ W_Row_Loop    |      24|      24|            8|          -|          -|     3|    no    |
        |    ++++ W_Col_Loop  |       6|       6|            2|          -|          -|     3|    no    |
        +---------------------+--------+--------+-------------+-----------+-----------+------+----------+

============================================================
+ Verbose Summary: Synthesis Manager
============================================================
InlineROM: 1
ExposeGlobal: 0
============================================================
+ Verbose Summary: CDFG Model
============================================================
IsTopModel: 0
ResetActiveHigh: 1
IsCombinational: 0
IsDatapathOnly: 0
HasWiredReturn: 1
HasMFsm: 0
HasVarLatency: 1
IsPipeline: 0
IsRtlPipelined: 0
IsInstanceOverlapped: 0
IsDontTouch: 0
HasImplIP: 0
IsGatedGlobalClock: 0


============================================================
+ Verbose Summary: Schedule
============================================================
* Number of FSM states : 11
* Pipeline : 0
* Dataflow Pipeline: 0

* FSM state transitions: 
1 --> 2 
2 --> 3 
3 --> 4 2 
4 --> 5 3 
5 --> 8 6 
6 --> 7 5 
7 --> 6 
8 --> 9 11 
9 --> 10 
10 --> 11 
11 --> 4 

* FSM state operations: 

State 1 <SV = 0> <Delay = 1.76>
ST_1 : Operation 12 [1/1] (1.76ns)   --->   "br label %1" [cnn_ap_lp/conv_1.cpp:8]   --->   Operation 12 'br' <Predicate = true> <Delay = 1.76>

State 2 <SV = 1> <Delay = 1.91>
ST_2 : Operation 13 [1/1] (0.00ns)   --->   "%r_0 = phi i5 [ 0, %0 ], [ %r, %Row_Loop_end ]"   --->   Operation 13 'phi' 'r_0' <Predicate = true> <Delay = 0.00>
ST_2 : Operation 14 [1/1] (1.36ns)   --->   "%icmp_ln8 = icmp eq i5 %r_0, -6" [cnn_ap_lp/conv_1.cpp:8]   --->   Operation 14 'icmp' 'icmp_ln8' <Predicate = true> <Delay = 1.36> <Core = "Cmp">   --->   Core 25 'Cmp' <Latency = 0> <II = 1> <Delay = 2.89> <FuncUnit> <Opcode : 'icmp'> <InPorts = 2> <OutPorts = 1>
ST_2 : Operation 15 [1/1] (0.00ns)   --->   "%empty = call i32 (...)* @_ssdm_op_SpecLoopTripCount(i64 26, i64 26, i64 26)"   --->   Operation 15 'speclooptripcount' 'empty' <Predicate = true> <Delay = 0.00>
ST_2 : Operation 16 [1/1] (1.78ns)   --->   "%r = add i5 %r_0, 1" [cnn_ap_lp/conv_1.cpp:8]   --->   Operation 16 'add' 'r' <Predicate = true> <Delay = 1.78> <Core = "AddSub">   --->   Core 14 'AddSub' <Latency = 0> <II = 1> <Delay = 3.52> <FuncUnit> <Opcode : 'add' 'sub'> <InPorts = 2> <OutPorts = 1>
ST_2 : Operation 17 [1/1] (0.00ns)   --->   "br i1 %icmp_ln8, label %8, label %Row_Loop_begin" [cnn_ap_lp/conv_1.cpp:8]   --->   Operation 17 'br' <Predicate = true> <Delay = 0.00>
ST_2 : Operation 18 [1/1] (0.00ns)   --->   "call void (...)* @_ssdm_op_SpecLoopName([9 x i8]* @p_str1047) nounwind" [cnn_ap_lp/conv_1.cpp:9]   --->   Operation 18 'specloopname' <Predicate = (!icmp_ln8)> <Delay = 0.00>
ST_2 : Operation 19 [1/1] (0.00ns)   --->   "%tmp = call i32 (...)* @_ssdm_op_SpecRegionBegin([9 x i8]* @p_str1047)" [cnn_ap_lp/conv_1.cpp:9]   --->   Operation 19 'specregionbegin' 'tmp' <Predicate = (!icmp_ln8)> <Delay = 0.00>
ST_2 : Operation 20 [1/1] (0.00ns)   --->   "%tmp_11 = call i8 @_ssdm_op_BitConcatenate.i8.i5.i3(i5 %r_0, i3 0)" [cnn_ap_lp/conv_1.cpp:30]   --->   Operation 20 'bitconcatenate' 'tmp_11' <Predicate = (!icmp_ln8)> <Delay = 0.00>
ST_2 : Operation 21 [1/1] (0.00ns)   --->   "%zext_ln203 = zext i8 %tmp_11 to i9" [cnn_ap_lp/conv_1.cpp:30]   --->   Operation 21 'zext' 'zext_ln203' <Predicate = (!icmp_ln8)> <Delay = 0.00>
ST_2 : Operation 22 [1/1] (0.00ns)   --->   "%tmp_12 = call i6 @_ssdm_op_BitConcatenate.i6.i5.i1(i5 %r_0, i1 false)" [cnn_ap_lp/conv_1.cpp:30]   --->   Operation 22 'bitconcatenate' 'tmp_12' <Predicate = (!icmp_ln8)> <Delay = 0.00>
ST_2 : Operation 23 [1/1] (0.00ns)   --->   "%zext_ln203_12 = zext i6 %tmp_12 to i9" [cnn_ap_lp/conv_1.cpp:30]   --->   Operation 23 'zext' 'zext_ln203_12' <Predicate = (!icmp_ln8)> <Delay = 0.00>
ST_2 : Operation 24 [1/1] (1.91ns)   --->   "%sub_ln203 = sub i9 %zext_ln203, %zext_ln203_12" [cnn_ap_lp/conv_1.cpp:30]   --->   Operation 24 'sub' 'sub_ln203' <Predicate = (!icmp_ln8)> <Delay = 1.91> <Core = "AddSub">   --->   Core 14 'AddSub' <Latency = 0> <II = 1> <Delay = 3.52> <FuncUnit> <Opcode : 'add' 'sub'> <InPorts = 2> <OutPorts = 1>
ST_2 : Operation 25 [1/1] (1.76ns)   --->   "br label %2" [cnn_ap_lp/conv_1.cpp:11]   --->   Operation 25 'br' <Predicate = (!icmp_ln8)> <Delay = 1.76>
ST_2 : Operation 26 [1/1] (0.00ns)   --->   "ret void" [cnn_ap_lp/conv_1.cpp:37]   --->   Operation 26 'ret' <Predicate = (icmp_ln8)> <Delay = 0.00>

State 3 <SV = 2> <Delay = 1.78>
ST_3 : Operation 27 [1/1] (0.00ns)   --->   "%c_0 = phi i5 [ 0, %Row_Loop_begin ], [ %c, %Col_Loop_end ]"   --->   Operation 27 'phi' 'c_0' <Predicate = true> <Delay = 0.00>
ST_3 : Operation 28 [1/1] (1.36ns)   --->   "%icmp_ln11 = icmp eq i5 %c_0, -6" [cnn_ap_lp/conv_1.cpp:11]   --->   Operation 28 'icmp' 'icmp_ln11' <Predicate = true> <Delay = 1.36> <Core = "Cmp">   --->   Core 25 'Cmp' <Latency = 0> <II = 1> <Delay = 2.89> <FuncUnit> <Opcode : 'icmp'> <InPorts = 2> <OutPorts = 1>
ST_3 : Operation 29 [1/1] (0.00ns)   --->   "%empty_56 = call i32 (...)* @_ssdm_op_SpecLoopTripCount(i64 26, i64 26, i64 26)"   --->   Operation 29 'speclooptripcount' 'empty_56' <Predicate = true> <Delay = 0.00>
ST_3 : Operation 30 [1/1] (1.78ns)   --->   "%c = add i5 %c_0, 1" [cnn_ap_lp/conv_1.cpp:11]   --->   Operation 30 'add' 'c' <Predicate = true> <Delay = 1.78> <Core = "AddSub">   --->   Core 14 'AddSub' <Latency = 0> <II = 1> <Delay = 3.52> <FuncUnit> <Opcode : 'add' 'sub'> <InPorts = 2> <OutPorts = 1>
ST_3 : Operation 31 [1/1] (0.00ns)   --->   "br i1 %icmp_ln11, label %Row_Loop_end, label %Col_Loop_begin" [cnn_ap_lp/conv_1.cpp:11]   --->   Operation 31 'br' <Predicate = true> <Delay = 0.00>
ST_3 : Operation 32 [1/1] (0.00ns)   --->   "call void (...)* @_ssdm_op_SpecLoopName([9 x i8]* @p_str21048) nounwind" [cnn_ap_lp/conv_1.cpp:12]   --->   Operation 32 'specloopname' <Predicate = (!icmp_ln11)> <Delay = 0.00>
ST_3 : Operation 33 [1/1] (0.00ns)   --->   "%tmp_s = call i32 (...)* @_ssdm_op_SpecRegionBegin([9 x i8]* @p_str21048)" [cnn_ap_lp/conv_1.cpp:12]   --->   Operation 33 'specregionbegin' 'tmp_s' <Predicate = (!icmp_ln11)> <Delay = 0.00>
ST_3 : Operation 34 [1/1] (1.76ns)   --->   "br label %3" [cnn_ap_lp/conv_1.cpp:14]   --->   Operation 34 'br' <Predicate = (!icmp_ln11)> <Delay = 1.76>
ST_3 : Operation 35 [1/1] (0.00ns)   --->   "%empty_63 = call i32 (...)* @_ssdm_op_SpecRegionEnd([9 x i8]* @p_str1047, i32 %tmp)" [cnn_ap_lp/conv_1.cpp:36]   --->   Operation 35 'specregionend' 'empty_63' <Predicate = (icmp_ln11)> <Delay = 0.00>
ST_3 : Operation 36 [1/1] (0.00ns)   --->   "br label %1" [cnn_ap_lp/conv_1.cpp:8]   --->   Operation 36 'br' <Predicate = (icmp_ln11)> <Delay = 0.00>

State 4 <SV = 3> <Delay = 1.82>
ST_4 : Operation 37 [1/1] (0.00ns)   --->   "%f_0 = phi i3 [ 0, %Col_Loop_begin ], [ %f, %Filter1_Loop_end ]"   --->   Operation 37 'phi' 'f_0' <Predicate = true> <Delay = 0.00>
ST_4 : Operation 38 [1/1] (1.13ns)   --->   "%icmp_ln14 = icmp eq i3 %f_0, -2" [cnn_ap_lp/conv_1.cpp:14]   --->   Operation 38 'icmp' 'icmp_ln14' <Predicate = true> <Delay = 1.13> <Core = "Cmp">   --->   Core 25 'Cmp' <Latency = 0> <II = 1> <Delay = 2.89> <FuncUnit> <Opcode : 'icmp'> <InPorts = 2> <OutPorts = 1>
ST_4 : Operation 39 [1/1] (0.00ns)   --->   "%empty_57 = call i32 (...)* @_ssdm_op_SpecLoopTripCount(i64 6, i64 6, i64 6)"   --->   Operation 39 'speclooptripcount' 'empty_57' <Predicate = true> <Delay = 0.00>
ST_4 : Operation 40 [1/1] (1.65ns)   --->   "%f = add i3 %f_0, 1" [cnn_ap_lp/conv_1.cpp:14]   --->   Operation 40 'add' 'f' <Predicate = true> <Delay = 1.65> <Core = "AddSub">   --->   Core 14 'AddSub' <Latency = 0> <II = 1> <Delay = 3.52> <FuncUnit> <Opcode : 'add' 'sub'> <InPorts = 2> <OutPorts = 1>
ST_4 : Operation 41 [1/1] (0.00ns)   --->   "br i1 %icmp_ln14, label %Col_Loop_end, label %Filter1_Loop_begin" [cnn_ap_lp/conv_1.cpp:14]   --->   Operation 41 'br' <Predicate = true> <Delay = 0.00>
ST_4 : Operation 42 [1/1] (0.00ns)   --->   "call void (...)* @_ssdm_op_SpecLoopName([13 x i8]* @p_str31049) nounwind" [cnn_ap_lp/conv_1.cpp:15]   --->   Operation 42 'specloopname' <Predicate = (!icmp_ln14)> <Delay = 0.00>
ST_4 : Operation 43 [1/1] (0.00ns)   --->   "%tmp_4 = call i32 (...)* @_ssdm_op_SpecRegionBegin([13 x i8]* @p_str31049)" [cnn_ap_lp/conv_1.cpp:15]   --->   Operation 43 'specregionbegin' 'tmp_4' <Predicate = (!icmp_ln14)> <Delay = 0.00>
ST_4 : Operation 44 [1/1] (0.00ns)   --->   "%zext_ln23 = zext i3 %f_0 to i64" [cnn_ap_lp/conv_1.cpp:23]   --->   Operation 44 'zext' 'zext_ln23' <Predicate = (!icmp_ln14)> <Delay = 0.00>
ST_4 : Operation 45 [1/1] (0.00ns)   --->   "%zext_ln203_13 = zext i3 %f_0 to i7" [cnn_ap_lp/conv_1.cpp:30]   --->   Operation 45 'zext' 'zext_ln203_13' <Predicate = (!icmp_ln14)> <Delay = 0.00>
ST_4 : Operation 46 [1/1] (0.00ns)   --->   "%zext_ln203_14 = zext i3 %f_0 to i9" [cnn_ap_lp/conv_1.cpp:30]   --->   Operation 46 'zext' 'zext_ln203_14' <Predicate = (!icmp_ln14)> <Delay = 0.00>
ST_4 : Operation 47 [1/1] (1.82ns)   --->   "%add_ln203 = add i9 %sub_ln203, %zext_ln203_14" [cnn_ap_lp/conv_1.cpp:30]   --->   Operation 47 'add' 'add_ln203' <Predicate = (!icmp_ln14)> <Delay = 1.82> <Core = "AddSub">   --->   Core 14 'AddSub' <Latency = 0> <II = 1> <Delay = 3.52> <FuncUnit> <Opcode : 'add' 'sub'> <InPorts = 2> <OutPorts = 1>
ST_4 : Operation 48 [1/1] (0.00ns)   --->   "%sext_ln203 = sext i9 %add_ln203 to i64" [cnn_ap_lp/conv_1.cpp:30]   --->   Operation 48 'sext' 'sext_ln203' <Predicate = (!icmp_ln14)> <Delay = 0.00>
ST_4 : Operation 49 [1/1] (0.00ns)   --->   "%conv_out_0_V_addr = getelementptr [156 x i14]* %conv_out_0_V, i64 0, i64 %sext_ln203" [cnn_ap_lp/conv_1.cpp:30]   --->   Operation 49 'getelementptr' 'conv_out_0_V_addr' <Predicate = (!icmp_ln14)> <Delay = 0.00>
ST_4 : Operation 50 [1/1] (0.00ns)   --->   "%conv_out_1_V_addr = getelementptr [156 x i14]* %conv_out_1_V, i64 0, i64 %sext_ln203" [cnn_ap_lp/conv_1.cpp:30]   --->   Operation 50 'getelementptr' 'conv_out_1_V_addr' <Predicate = (!icmp_ln14)> <Delay = 0.00>
ST_4 : Operation 51 [1/1] (0.00ns)   --->   "%conv_out_2_V_addr = getelementptr [156 x i14]* %conv_out_2_V, i64 0, i64 %sext_ln203" [cnn_ap_lp/conv_1.cpp:30]   --->   Operation 51 'getelementptr' 'conv_out_2_V_addr' <Predicate = (!icmp_ln14)> <Delay = 0.00>
ST_4 : Operation 52 [1/1] (0.00ns)   --->   "%conv_out_3_V_addr = getelementptr [156 x i14]* %conv_out_3_V, i64 0, i64 %sext_ln203" [cnn_ap_lp/conv_1.cpp:30]   --->   Operation 52 'getelementptr' 'conv_out_3_V_addr' <Predicate = (!icmp_ln14)> <Delay = 0.00>
ST_4 : Operation 53 [1/1] (0.00ns)   --->   "%conv_out_4_V_addr = getelementptr [156 x i14]* %conv_out_4_V, i64 0, i64 %sext_ln203" [cnn_ap_lp/conv_1.cpp:30]   --->   Operation 53 'getelementptr' 'conv_out_4_V_addr' <Predicate = (!icmp_ln14)> <Delay = 0.00>
ST_4 : Operation 54 [1/1] (0.00ns)   --->   "%conv_out_5_V_addr = getelementptr [156 x i14]* %conv_out_5_V, i64 0, i64 %sext_ln203" [cnn_ap_lp/conv_1.cpp:30]   --->   Operation 54 'getelementptr' 'conv_out_5_V_addr' <Predicate = (!icmp_ln14)> <Delay = 0.00>
ST_4 : Operation 55 [1/1] (0.00ns)   --->   "%conv_out_6_V_addr = getelementptr [156 x i14]* %conv_out_6_V, i64 0, i64 %sext_ln203" [cnn_ap_lp/conv_1.cpp:30]   --->   Operation 55 'getelementptr' 'conv_out_6_V_addr' <Predicate = (!icmp_ln14)> <Delay = 0.00>
ST_4 : Operation 56 [1/1] (0.00ns)   --->   "%conv_out_7_V_addr = getelementptr [156 x i14]* %conv_out_7_V, i64 0, i64 %sext_ln203" [cnn_ap_lp/conv_1.cpp:30]   --->   Operation 56 'getelementptr' 'conv_out_7_V_addr' <Predicate = (!icmp_ln14)> <Delay = 0.00>
ST_4 : Operation 57 [1/1] (0.00ns)   --->   "%conv_out_8_V_addr = getelementptr [156 x i14]* %conv_out_8_V, i64 0, i64 %sext_ln203" [cnn_ap_lp/conv_1.cpp:30]   --->   Operation 57 'getelementptr' 'conv_out_8_V_addr' <Predicate = (!icmp_ln14)> <Delay = 0.00>
ST_4 : Operation 58 [1/1] (0.00ns)   --->   "%conv_out_9_V_addr = getelementptr [156 x i14]* %conv_out_9_V, i64 0, i64 %sext_ln203" [cnn_ap_lp/conv_1.cpp:30]   --->   Operation 58 'getelementptr' 'conv_out_9_V_addr' <Predicate = (!icmp_ln14)> <Delay = 0.00>
ST_4 : Operation 59 [1/1] (0.00ns)   --->   "%conv_out_10_V_addr = getelementptr [156 x i14]* %conv_out_10_V, i64 0, i64 %sext_ln203" [cnn_ap_lp/conv_1.cpp:30]   --->   Operation 59 'getelementptr' 'conv_out_10_V_addr' <Predicate = (!icmp_ln14)> <Delay = 0.00>
ST_4 : Operation 60 [1/1] (0.00ns)   --->   "%conv_out_11_V_addr = getelementptr [156 x i14]* %conv_out_11_V, i64 0, i64 %sext_ln203" [cnn_ap_lp/conv_1.cpp:30]   --->   Operation 60 'getelementptr' 'conv_out_11_V_addr' <Predicate = (!icmp_ln14)> <Delay = 0.00>
ST_4 : Operation 61 [1/1] (0.00ns)   --->   "%conv_out_12_V_addr = getelementptr [156 x i14]* %conv_out_12_V, i64 0, i64 %sext_ln203" [cnn_ap_lp/conv_1.cpp:30]   --->   Operation 61 'getelementptr' 'conv_out_12_V_addr' <Predicate = (!icmp_ln14)> <Delay = 0.00>
ST_4 : Operation 62 [1/1] (0.00ns)   --->   "%conv_out_13_V_addr = getelementptr [156 x i14]* %conv_out_13_V, i64 0, i64 %sext_ln203" [cnn_ap_lp/conv_1.cpp:30]   --->   Operation 62 'getelementptr' 'conv_out_13_V_addr' <Predicate = (!icmp_ln14)> <Delay = 0.00>
ST_4 : Operation 63 [1/1] (0.00ns)   --->   "%conv_out_14_V_addr = getelementptr [156 x i14]* %conv_out_14_V, i64 0, i64 %sext_ln203" [cnn_ap_lp/conv_1.cpp:30]   --->   Operation 63 'getelementptr' 'conv_out_14_V_addr' <Predicate = (!icmp_ln14)> <Delay = 0.00>
ST_4 : Operation 64 [1/1] (0.00ns)   --->   "%conv_out_15_V_addr = getelementptr [156 x i14]* %conv_out_15_V, i64 0, i64 %sext_ln203" [cnn_ap_lp/conv_1.cpp:30]   --->   Operation 64 'getelementptr' 'conv_out_15_V_addr' <Predicate = (!icmp_ln14)> <Delay = 0.00>
ST_4 : Operation 65 [1/1] (0.00ns)   --->   "%conv_out_16_V_addr = getelementptr [156 x i14]* %conv_out_16_V, i64 0, i64 %sext_ln203" [cnn_ap_lp/conv_1.cpp:30]   --->   Operation 65 'getelementptr' 'conv_out_16_V_addr' <Predicate = (!icmp_ln14)> <Delay = 0.00>
ST_4 : Operation 66 [1/1] (0.00ns)   --->   "%conv_out_17_V_addr = getelementptr [156 x i14]* %conv_out_17_V, i64 0, i64 %sext_ln203" [cnn_ap_lp/conv_1.cpp:30]   --->   Operation 66 'getelementptr' 'conv_out_17_V_addr' <Predicate = (!icmp_ln14)> <Delay = 0.00>
ST_4 : Operation 67 [1/1] (0.00ns)   --->   "%conv_out_18_V_addr = getelementptr [156 x i14]* %conv_out_18_V, i64 0, i64 %sext_ln203" [cnn_ap_lp/conv_1.cpp:30]   --->   Operation 67 'getelementptr' 'conv_out_18_V_addr' <Predicate = (!icmp_ln14)> <Delay = 0.00>
ST_4 : Operation 68 [1/1] (0.00ns)   --->   "%conv_out_19_V_addr = getelementptr [156 x i14]* %conv_out_19_V, i64 0, i64 %sext_ln203" [cnn_ap_lp/conv_1.cpp:30]   --->   Operation 68 'getelementptr' 'conv_out_19_V_addr' <Predicate = (!icmp_ln14)> <Delay = 0.00>
ST_4 : Operation 69 [1/1] (0.00ns)   --->   "%conv_out_20_V_addr = getelementptr [156 x i14]* %conv_out_20_V, i64 0, i64 %sext_ln203" [cnn_ap_lp/conv_1.cpp:30]   --->   Operation 69 'getelementptr' 'conv_out_20_V_addr' <Predicate = (!icmp_ln14)> <Delay = 0.00>
ST_4 : Operation 70 [1/1] (0.00ns)   --->   "%conv_out_21_V_addr = getelementptr [156 x i14]* %conv_out_21_V, i64 0, i64 %sext_ln203" [cnn_ap_lp/conv_1.cpp:30]   --->   Operation 70 'getelementptr' 'conv_out_21_V_addr' <Predicate = (!icmp_ln14)> <Delay = 0.00>
ST_4 : Operation 71 [1/1] (0.00ns)   --->   "%conv_out_22_V_addr = getelementptr [156 x i14]* %conv_out_22_V, i64 0, i64 %sext_ln203" [cnn_ap_lp/conv_1.cpp:30]   --->   Operation 71 'getelementptr' 'conv_out_22_V_addr' <Predicate = (!icmp_ln14)> <Delay = 0.00>
ST_4 : Operation 72 [1/1] (0.00ns)   --->   "%conv_out_23_V_addr = getelementptr [156 x i14]* %conv_out_23_V, i64 0, i64 %sext_ln203" [cnn_ap_lp/conv_1.cpp:30]   --->   Operation 72 'getelementptr' 'conv_out_23_V_addr' <Predicate = (!icmp_ln14)> <Delay = 0.00>
ST_4 : Operation 73 [1/1] (0.00ns)   --->   "%conv_out_24_V_addr = getelementptr [156 x i14]* %conv_out_24_V, i64 0, i64 %sext_ln203" [cnn_ap_lp/conv_1.cpp:30]   --->   Operation 73 'getelementptr' 'conv_out_24_V_addr' <Predicate = (!icmp_ln14)> <Delay = 0.00>
ST_4 : Operation 74 [1/1] (0.00ns)   --->   "%conv_out_25_V_addr = getelementptr [156 x i14]* %conv_out_25_V, i64 0, i64 %sext_ln203" [cnn_ap_lp/conv_1.cpp:30]   --->   Operation 74 'getelementptr' 'conv_out_25_V_addr' <Predicate = (!icmp_ln14)> <Delay = 0.00>
ST_4 : Operation 75 [1/1] (1.76ns)   --->   "br label %4" [cnn_ap_lp/conv_1.cpp:18]   --->   Operation 75 'br' <Predicate = (!icmp_ln14)> <Delay = 1.76>
ST_4 : Operation 76 [1/1] (0.00ns)   --->   "%empty_62 = call i32 (...)* @_ssdm_op_SpecRegionEnd([9 x i8]* @p_str21048, i32 %tmp_s)" [cnn_ap_lp/conv_1.cpp:35]   --->   Operation 76 'specregionend' 'empty_62' <Predicate = (icmp_ln14)> <Delay = 0.00>
ST_4 : Operation 77 [1/1] (0.00ns)   --->   "br label %2" [cnn_ap_lp/conv_1.cpp:11]   --->   Operation 77 'br' <Predicate = (icmp_ln14)> <Delay = 0.00>

State 5 <SV = 4> <Delay = 3.51>
ST_5 : Operation 78 [1/1] (0.00ns)   --->   "%p_Val2_s = phi i14 [ 0, %Filter1_Loop_begin ], [ %p_Val2_26, %W_Row_Loop_end ]"   --->   Operation 78 'phi' 'p_Val2_s' <Predicate = true> <Delay = 0.00>
ST_5 : Operation 79 [1/1] (0.00ns)   --->   "%wr_0 = phi i2 [ 0, %Filter1_Loop_begin ], [ %wr, %W_Row_Loop_end ]"   --->   Operation 79 'phi' 'wr_0' <Predicate = true> <Delay = 0.00>
ST_5 : Operation 80 [1/1] (0.00ns)   --->   "%zext_ln18 = zext i2 %wr_0 to i5" [cnn_ap_lp/conv_1.cpp:18]   --->   Operation 80 'zext' 'zext_ln18' <Predicate = true> <Delay = 0.00>
ST_5 : Operation 81 [1/1] (0.95ns)   --->   "%icmp_ln18 = icmp eq i2 %wr_0, -1" [cnn_ap_lp/conv_1.cpp:18]   --->   Operation 81 'icmp' 'icmp_ln18' <Predicate = true> <Delay = 0.95> <Core = "Cmp">   --->   Core 25 'Cmp' <Latency = 0> <II = 1> <Delay = 2.89> <FuncUnit> <Opcode : 'icmp'> <InPorts = 2> <OutPorts = 1>
ST_5 : Operation 82 [1/1] (0.00ns)   --->   "%empty_58 = call i32 (...)* @_ssdm_op_SpecLoopTripCount(i64 3, i64 3, i64 3)"   --->   Operation 82 'speclooptripcount' 'empty_58' <Predicate = true> <Delay = 0.00>
ST_5 : Operation 83 [1/1] (1.56ns)   --->   "%wr = add i2 %wr_0, 1" [cnn_ap_lp/conv_1.cpp:18]   --->   Operation 83 'add' 'wr' <Predicate = true> <Delay = 1.56> <Core = "AddSub">   --->   Core 14 'AddSub' <Latency = 0> <II = 1> <Delay = 3.52> <FuncUnit> <Opcode : 'add' 'sub'> <InPorts = 2> <OutPorts = 1>
ST_5 : Operation 84 [1/1] (0.00ns)   --->   "br i1 %icmp_ln18, label %_ZN13ap_fixed_baseILi15ELi7ELb1EL9ap_q_mode5EL9ap_o_mode3ELi0EEC1ILi14ELi6ELb1ELS0_5ELS1_3ELi0EEERKS_IXT_EXT0_EXT1_EXT2_EXT3_EXT4_EE.exit9.i.i, label %W_Row_Loop_begin" [cnn_ap_lp/conv_1.cpp:18]   --->   Operation 84 'br' <Predicate = true> <Delay = 0.00>
ST_5 : Operation 85 [1/1] (0.00ns)   --->   "call void (...)* @_ssdm_op_SpecLoopName([11 x i8]* @p_str41050) nounwind" [cnn_ap_lp/conv_1.cpp:19]   --->   Operation 85 'specloopname' <Predicate = (!icmp_ln18)> <Delay = 0.00>
ST_5 : Operation 86 [1/1] (0.00ns)   --->   "%tmp_5 = call i32 (...)* @_ssdm_op_SpecRegionBegin([11 x i8]* @p_str41050)" [cnn_ap_lp/conv_1.cpp:19]   --->   Operation 86 'specregionbegin' 'tmp_5' <Predicate = (!icmp_ln18)> <Delay = 0.00>
ST_5 : Operation 87 [1/1] (0.00ns)   --->   "%tmp_13 = call i4 @_ssdm_op_BitConcatenate.i4.i2.i2(i2 %wr_0, i2 0)" [cnn_ap_lp/conv_1.cpp:23]   --->   Operation 87 'bitconcatenate' 'tmp_13' <Predicate = (!icmp_ln18)> <Delay = 0.00>
ST_5 : Operation 88 [1/1] (0.00ns)   --->   "%zext_ln1116 = zext i4 %tmp_13 to i5" [cnn_ap_lp/conv_1.cpp:23]   --->   Operation 88 'zext' 'zext_ln1116' <Predicate = (!icmp_ln18)> <Delay = 0.00>
ST_5 : Operation 89 [1/1] (1.73ns)   --->   "%sub_ln1116 = sub i5 %zext_ln1116, %zext_ln18" [cnn_ap_lp/conv_1.cpp:23]   --->   Operation 89 'sub' 'sub_ln1116' <Predicate = (!icmp_ln18)> <Delay = 1.73> <Core = "AddSub">   --->   Core 14 'AddSub' <Latency = 0> <II = 1> <Delay = 3.52> <FuncUnit> <Opcode : 'add' 'sub'> <InPorts = 2> <OutPorts = 1>
ST_5 : Operation 90 [1/1] (0.00ns)   --->   "%sext_ln1116 = sext i5 %sub_ln1116 to i6" [cnn_ap_lp/conv_1.cpp:23]   --->   Operation 90 'sext' 'sext_ln1116' <Predicate = (!icmp_ln18)> <Delay = 0.00>
ST_5 : Operation 91 [1/1] (1.78ns)   --->   "%add_ln23 = add i5 %zext_ln18, %r_0" [cnn_ap_lp/conv_1.cpp:23]   --->   Operation 91 'add' 'add_ln23' <Predicate = (!icmp_ln18)> <Delay = 1.78> <Core = "AddSub">   --->   Core 14 'AddSub' <Latency = 0> <II = 1> <Delay = 3.52> <FuncUnit> <Opcode : 'add' 'sub'> <InPorts = 2> <OutPorts = 1>
ST_5 : Operation 92 [1/1] (0.00ns)   --->   "%tmp_14 = call i10 @_ssdm_op_BitConcatenate.i10.i5.i5(i5 %add_ln23, i5 0)" [cnn_ap_lp/conv_1.cpp:23]   --->   Operation 92 'bitconcatenate' 'tmp_14' <Predicate = (!icmp_ln18)> <Delay = 0.00>
ST_5 : Operation 93 [1/1] (0.00ns)   --->   "%zext_ln1117 = zext i10 %tmp_14 to i11" [cnn_ap_lp/conv_1.cpp:23]   --->   Operation 93 'zext' 'zext_ln1117' <Predicate = (!icmp_ln18)> <Delay = 0.00>
ST_5 : Operation 94 [1/1] (0.00ns)   --->   "%tmp_15 = call i7 @_ssdm_op_BitConcatenate.i7.i5.i2(i5 %add_ln23, i2 0)" [cnn_ap_lp/conv_1.cpp:23]   --->   Operation 94 'bitconcatenate' 'tmp_15' <Predicate = (!icmp_ln18)> <Delay = 0.00>
ST_5 : Operation 95 [1/1] (0.00ns)   --->   "%zext_ln1117_2 = zext i7 %tmp_15 to i11" [cnn_ap_lp/conv_1.cpp:23]   --->   Operation 95 'zext' 'zext_ln1117_2' <Predicate = (!icmp_ln18)> <Delay = 0.00>
ST_5 : Operation 96 [1/1] (1.73ns)   --->   "%sub_ln1117 = sub i11 %zext_ln1117, %zext_ln1117_2" [cnn_ap_lp/conv_1.cpp:23]   --->   Operation 96 'sub' 'sub_ln1117' <Predicate = (!icmp_ln18)> <Delay = 1.73> <Core = "AddSub">   --->   Core 14 'AddSub' <Latency = 0> <II = 1> <Delay = 3.52> <FuncUnit> <Opcode : 'add' 'sub'> <InPorts = 2> <OutPorts = 1>
ST_5 : Operation 97 [1/1] (1.76ns)   --->   "br label %5" [cnn_ap_lp/conv_1.cpp:21]   --->   Operation 97 'br' <Predicate = (!icmp_ln18)> <Delay = 1.76>
ST_5 : Operation 98 [1/1] (0.00ns)   --->   "%conv_1_bias_V_addr = getelementptr [6 x i7]* @conv_1_bias_V, i64 0, i64 %zext_ln23" [cnn_ap_lp/conv_1.cpp:26]   --->   Operation 98 'getelementptr' 'conv_1_bias_V_addr' <Predicate = (icmp_ln18)> <Delay = 0.00>
ST_5 : Operation 99 [2/2] (3.25ns)   --->   "%p_Val2_22 = load i7* %conv_1_bias_V_addr, align 1" [cnn_ap_lp/conv_1.cpp:26]   --->   Operation 99 'load' 'p_Val2_22' <Predicate = (icmp_ln18)> <Delay = 3.25> <Core = "ROM_nP">   --->   Core 52 'ROM_nP' <Latency = 1> <II = 1> <Delay = 3.25> <Storage> <Opcode : 'load'> <Ports = 0> <Width = 7> <Depth = 6> <ROM>

State 6 <SV = 5> <Delay = 8.61>
ST_6 : Operation 100 [1/1] (0.00ns)   --->   "%p_Val2_26 = phi i14 [ %p_Val2_s, %W_Row_Loop_begin ], [ %w_sum_V, %_ZN13ap_fixed_baseILi29ELi13ELb1EL9ap_q_mode5EL9ap_o_mode3ELi0EEC1ILi14ELi6ELb1ELS0_5ELS1_3ELi0EEERKS_IXT_EXT0_EXT1_EXT2_EXT3_EXT4_EE.exit.i.i ]"   --->   Operation 100 'phi' 'p_Val2_26' <Predicate = true> <Delay = 0.00>
ST_6 : Operation 101 [1/1] (0.00ns)   --->   "%wc_0 = phi i2 [ 0, %W_Row_Loop_begin ], [ %wc, %_ZN13ap_fixed_baseILi29ELi13ELb1EL9ap_q_mode5EL9ap_o_mode3ELi0EEC1ILi14ELi6ELb1ELS0_5ELS1_3ELi0EEERKS_IXT_EXT0_EXT1_EXT2_EXT3_EXT4_EE.exit.i.i ]"   --->   Operation 101 'phi' 'wc_0' <Predicate = true> <Delay = 0.00>
ST_6 : Operation 102 [1/1] (0.00ns)   --->   "%zext_ln21 = zext i2 %wc_0 to i5" [cnn_ap_lp/conv_1.cpp:21]   --->   Operation 102 'zext' 'zext_ln21' <Predicate = true> <Delay = 0.00>
ST_6 : Operation 103 [1/1] (0.95ns)   --->   "%icmp_ln21 = icmp eq i2 %wc_0, -1" [cnn_ap_lp/conv_1.cpp:21]   --->   Operation 103 'icmp' 'icmp_ln21' <Predicate = true> <Delay = 0.95> <Core = "Cmp">   --->   Core 25 'Cmp' <Latency = 0> <II = 1> <Delay = 2.89> <FuncUnit> <Opcode : 'icmp'> <InPorts = 2> <OutPorts = 1>
ST_6 : Operation 104 [1/1] (0.00ns)   --->   "%empty_59 = call i32 (...)* @_ssdm_op_SpecLoopTripCount(i64 3, i64 3, i64 3)"   --->   Operation 104 'speclooptripcount' 'empty_59' <Predicate = true> <Delay = 0.00>
ST_6 : Operation 105 [1/1] (1.56ns)   --->   "%wc = add i2 %wc_0, 1" [cnn_ap_lp/conv_1.cpp:21]   --->   Operation 105 'add' 'wc' <Predicate = true> <Delay = 1.56> <Core = "AddSub">   --->   Core 14 'AddSub' <Latency = 0> <II = 1> <Delay = 3.52> <FuncUnit> <Opcode : 'add' 'sub'> <InPorts = 2> <OutPorts = 1>
ST_6 : Operation 106 [1/1] (0.00ns)   --->   "br i1 %icmp_ln21, label %W_Row_Loop_end, label %_ZN13ap_fixed_baseILi29ELi13ELb1EL9ap_q_mode5EL9ap_o_mode3ELi0EEC1ILi14ELi6ELb1ELS0_5ELS1_3ELi0EEERKS_IXT_EXT0_EXT1_EXT2_EXT3_EXT4_EE.exit.i.i" [cnn_ap_lp/conv_1.cpp:21]   --->   Operation 106 'br' <Predicate = true> <Delay = 0.00>
ST_6 : Operation 107 [1/1] (0.00ns)   --->   "%zext_ln1116_6 = zext i2 %wc_0 to i6" [cnn_ap_lp/conv_1.cpp:23]   --->   Operation 107 'zext' 'zext_ln1116_6' <Predicate = (!icmp_ln21)> <Delay = 0.00>
ST_6 : Operation 108 [1/1] (1.78ns)   --->   "%add_ln1116 = add i6 %sext_ln1116, %zext_ln1116_6" [cnn_ap_lp/conv_1.cpp:23]   --->   Operation 108 'add' 'add_ln1116' <Predicate = (!icmp_ln21)> <Delay = 1.78> <Core = "AddSub">   --->   Core 14 'AddSub' <Latency = 0> <II = 1> <Delay = 3.52> <FuncUnit> <Opcode : 'add' 'sub'> <InPorts = 2> <OutPorts = 1>
ST_6 : Operation 109 [1/1] (0.00ns)   --->   "%trunc_ln1116 = trunc i6 %add_ln1116 to i4" [cnn_ap_lp/conv_1.cpp:23]   --->   Operation 109 'trunc' 'trunc_ln1116' <Predicate = (!icmp_ln21)> <Delay = 0.00>
ST_6 : Operation 110 [1/1] (0.00ns)   --->   "%p_shl5_cast = call i7 @_ssdm_op_BitConcatenate.i7.i4.i3(i4 %trunc_ln1116, i3 0)" [cnn_ap_lp/conv_1.cpp:23]   --->   Operation 110 'bitconcatenate' 'p_shl5_cast' <Predicate = (!icmp_ln21)> <Delay = 0.00>
ST_6 : Operation 111 [1/1] (0.00ns)   --->   "%p_shl6_cast = call i7 @_ssdm_op_BitConcatenate.i7.i6.i1(i6 %add_ln1116, i1 false)" [cnn_ap_lp/conv_1.cpp:23]   --->   Operation 111 'bitconcatenate' 'p_shl6_cast' <Predicate = (!icmp_ln21)> <Delay = 0.00>
ST_6 : Operation 112 [1/1] (0.00ns) (grouped into TernaryAdder)   --->   "%sub_ln1116_2 = sub i7 %p_shl5_cast, %p_shl6_cast" [cnn_ap_lp/conv_1.cpp:23]   --->   Operation 112 'sub' 'sub_ln1116_2' <Predicate = (!icmp_ln21)> <Delay = 0.00> <Core = "TAddSub">   --->   Core 83 'TAddSub' <Latency = 0> <II = 1> <Delay = 1.87> <IPBlock> <Opcode : 'add' 'sub'> <InPorts = 3> <OutPorts = 1> <Sync> <CReg>
ST_6 : Operation 113 [1/1] (3.58ns) (root node of TernaryAdder)   --->   "%add_ln1116_3 = add i7 %sub_ln1116_2, %zext_ln203_13" [cnn_ap_lp/conv_1.cpp:23]   --->   Operation 113 'add' 'add_ln1116_3' <Predicate = (!icmp_ln21)> <Delay = 3.58> <Core = "TAddSub">   --->   Core 83 'TAddSub' <Latency = 0> <II = 1> <Delay = 1.87> <IPBlock> <Opcode : 'add' 'sub'> <InPorts = 3> <OutPorts = 1> <Sync> <CReg>
ST_6 : Operation 114 [1/1] (0.00ns)   --->   "%zext_ln1116_7 = zext i7 %add_ln1116_3 to i64" [cnn_ap_lp/conv_1.cpp:23]   --->   Operation 114 'zext' 'zext_ln1116_7' <Predicate = (!icmp_ln21)> <Delay = 0.00>
ST_6 : Operation 115 [1/1] (0.00ns)   --->   "%conv_1_weights_V_add = getelementptr [54 x i9]* @conv_1_weights_V, i64 0, i64 %zext_ln1116_7" [cnn_ap_lp/conv_1.cpp:23]   --->   Operation 115 'getelementptr' 'conv_1_weights_V_add' <Predicate = (!icmp_ln21)> <Delay = 0.00>
ST_6 : Operation 116 [1/1] (1.78ns)   --->   "%add_ln23_1 = add i5 %zext_ln21, %c_0" [cnn_ap_lp/conv_1.cpp:23]   --->   Operation 116 'add' 'add_ln23_1' <Predicate = (!icmp_ln21)> <Delay = 1.78> <Core = "AddSub">   --->   Core 14 'AddSub' <Latency = 0> <II = 1> <Delay = 3.52> <FuncUnit> <Opcode : 'add' 'sub'> <InPorts = 2> <OutPorts = 1>
ST_6 : Operation 117 [1/1] (0.00ns)   --->   "%zext_ln1117_3 = zext i5 %add_ln23_1 to i11" [cnn_ap_lp/conv_1.cpp:23]   --->   Operation 117 'zext' 'zext_ln1117_3' <Predicate = (!icmp_ln21)> <Delay = 0.00>
ST_6 : Operation 118 [1/1] (1.63ns)   --->   "%add_ln1117 = add i11 %sub_ln1117, %zext_ln1117_3" [cnn_ap_lp/conv_1.cpp:23]   --->   Operation 118 'add' 'add_ln1117' <Predicate = (!icmp_ln21)> <Delay = 1.63> <Core = "AddSub">   --->   Core 14 'AddSub' <Latency = 0> <II = 1> <Delay = 3.52> <FuncUnit> <Opcode : 'add' 'sub'> <InPorts = 2> <OutPorts = 1>
ST_6 : Operation 119 [1/1] (0.00ns)   --->   "%sext_ln1117 = sext i11 %add_ln1117 to i64" [cnn_ap_lp/conv_1.cpp:23]   --->   Operation 119 'sext' 'sext_ln1117' <Predicate = (!icmp_ln21)> <Delay = 0.00>
ST_6 : Operation 120 [1/1] (0.00ns)   --->   "%input_V_addr = getelementptr [784 x i14]* %input_V, i64 0, i64 %sext_ln1117" [cnn_ap_lp/conv_1.cpp:23]   --->   Operation 120 'getelementptr' 'input_V_addr' <Predicate = (!icmp_ln21)> <Delay = 0.00>
ST_6 : Operation 121 [2/2] (3.25ns)   --->   "%conv_1_weights_V_loa = load i9* %conv_1_weights_V_add, align 2" [cnn_ap_lp/conv_1.cpp:23]   --->   Operation 121 'load' 'conv_1_weights_V_loa' <Predicate = (!icmp_ln21)> <Delay = 3.25> <Core = "ROM_nP">   --->   Core 52 'ROM_nP' <Latency = 1> <II = 1> <Delay = 3.25> <Storage> <Opcode : 'load'> <Ports = 0> <Width = 7> <Depth = 6> <ROM>
ST_6 : Operation 122 [2/2] (3.25ns)   --->   "%input_V_load = load i14* %input_V_addr, align 2" [cnn_ap_lp/conv_1.cpp:23]   --->   Operation 122 'load' 'input_V_load' <Predicate = (!icmp_ln21)> <Delay = 3.25> <Core = "RAM">   --->   Core 37 'RAM' <Latency = 1> <II = 1> <Delay = 3.25> <Storage> <Opcode : 'load' 'store'> <Ports = 2> <Width = 14> <Depth = 156> <RAM>
ST_6 : Operation 123 [1/1] (0.00ns)   --->   "%empty_60 = call i32 (...)* @_ssdm_op_SpecRegionEnd([11 x i8]* @p_str41050, i32 %tmp_5)" [cnn_ap_lp/conv_1.cpp:25]   --->   Operation 123 'specregionend' 'empty_60' <Predicate = (icmp_ln21)> <Delay = 0.00>
ST_6 : Operation 124 [1/1] (0.00ns)   --->   "br label %4" [cnn_ap_lp/conv_1.cpp:18]   --->   Operation 124 'br' <Predicate = (icmp_ln21)> <Delay = 0.00>

State 7 <SV = 6> <Delay = 12.0>
ST_7 : Operation 125 [1/1] (0.00ns)   --->   "call void (...)* @_ssdm_op_SpecLoopName([11 x i8]* @p_str51051) nounwind" [cnn_ap_lp/conv_1.cpp:22]   --->   Operation 125 'specloopname' <Predicate = true> <Delay = 0.00>
ST_7 : Operation 126 [1/2] (3.25ns)   --->   "%conv_1_weights_V_loa = load i9* %conv_1_weights_V_add, align 2" [cnn_ap_lp/conv_1.cpp:23]   --->   Operation 126 'load' 'conv_1_weights_V_loa' <Predicate = true> <Delay = 3.25> <Core = "ROM_nP">   --->   Core 52 'ROM_nP' <Latency = 1> <II = 1> <Delay = 3.25> <Storage> <Opcode : 'load'> <Ports = 0> <Width = 7> <Depth = 6> <ROM>
ST_7 : Operation 127 [1/1] (0.00ns)   --->   "%sext_ln1116_2 = sext i9 %conv_1_weights_V_loa to i24" [cnn_ap_lp/conv_1.cpp:23]   --->   Operation 127 'sext' 'sext_ln1116_2' <Predicate = true> <Delay = 0.00>
ST_7 : Operation 128 [1/2] (3.25ns)   --->   "%input_V_load = load i14* %input_V_addr, align 2" [cnn_ap_lp/conv_1.cpp:23]   --->   Operation 128 'load' 'input_V_load' <Predicate = true> <Delay = 3.25> <Core = "RAM">   --->   Core 37 'RAM' <Latency = 1> <II = 1> <Delay = 3.25> <Storage> <Opcode : 'load' 'store'> <Ports = 2> <Width = 14> <Depth = 156> <RAM>
ST_7 : Operation 129 [1/1] (0.00ns)   --->   "%sext_ln1118 = sext i14 %input_V_load to i24" [cnn_ap_lp/conv_1.cpp:23]   --->   Operation 129 'sext' 'sext_ln1118' <Predicate = true> <Delay = 0.00>
ST_7 : Operation 130 [1/1] (6.38ns) (root node of the DSP)   --->   "%r_V = mul i24 %sext_ln1118, %sext_ln1116_2" [cnn_ap_lp/conv_1.cpp:23]   --->   Operation 130 'mul' 'r_V' <Predicate = true> <Delay = 6.38> <Core = "DSP48">   --->   Core 88 'DSP48' <Latency = 0> <II = 1> <Delay = 6.38> <IPBlock> <Opcode : 'mul' 'add' 'sub' 'select'> <InPorts = 0> <OutPorts = 1> <Sync> <CReg>
ST_7 : Operation 131 [1/1] (0.00ns)   --->   "%sext_ln1118_2 = sext i24 %r_V to i28" [cnn_ap_lp/conv_1.cpp:23]   --->   Operation 131 'sext' 'sext_ln1118_2' <Predicate = true> <Delay = 0.00>
ST_7 : Operation 132 [1/1] (0.00ns)   --->   "%lhs_V = call i22 @_ssdm_op_BitConcatenate.i22.i14.i8(i14 %p_Val2_26, i8 0)" [cnn_ap_lp/conv_1.cpp:23]   --->   Operation 132 'bitconcatenate' 'lhs_V' <Predicate = true> <Delay = 0.00>
ST_7 : Operation 133 [1/1] (0.00ns)   --->   "%zext_ln728 = zext i22 %lhs_V to i29" [cnn_ap_lp/conv_1.cpp:23]   --->   Operation 133 'zext' 'zext_ln728' <Predicate = true> <Delay = 0.00>
ST_7 : Operation 134 [1/1] (0.00ns)   --->   "%zext_ln703 = zext i28 %sext_ln1118_2 to i29" [cnn_ap_lp/conv_1.cpp:23]   --->   Operation 134 'zext' 'zext_ln703' <Predicate = true> <Delay = 0.00>
ST_7 : Operation 135 [1/1] (2.43ns)   --->   "%ret_V = add nsw i29 %zext_ln703, %zext_ln728" [cnn_ap_lp/conv_1.cpp:23]   --->   Operation 135 'add' 'ret_V' <Predicate = true> <Delay = 2.43> <Core = "AddSub">   --->   Core 14 'AddSub' <Latency = 0> <II = 1> <Delay = 3.52> <FuncUnit> <Opcode : 'add' 'sub'> <InPorts = 2> <OutPorts = 1>
ST_7 : Operation 136 [1/1] (0.00ns)   --->   "%w_sum_V = call i14 @_ssdm_op_PartSelect.i14.i29.i32.i32(i29 %ret_V, i32 8, i32 21)" [cnn_ap_lp/conv_1.cpp:23]   --->   Operation 136 'partselect' 'w_sum_V' <Predicate = true> <Delay = 0.00>
ST_7 : Operation 137 [1/1] (0.00ns)   --->   "br label %5" [cnn_ap_lp/conv_1.cpp:21]   --->   Operation 137 'br' <Predicate = true> <Delay = 0.00>

State 8 <SV = 5> <Delay = 7.27>
ST_8 : Operation 138 [1/2] (3.25ns)   --->   "%p_Val2_22 = load i7* %conv_1_bias_V_addr, align 1" [cnn_ap_lp/conv_1.cpp:26]   --->   Operation 138 'load' 'p_Val2_22' <Predicate = true> <Delay = 3.25> <Core = "ROM_nP">   --->   Core 52 'ROM_nP' <Latency = 1> <II = 1> <Delay = 3.25> <Storage> <Opcode : 'load'> <Ports = 0> <Width = 7> <Depth = 6> <ROM>
ST_8 : Operation 139 [1/1] (0.00ns)   --->   "%sext_ln1265 = sext i7 %p_Val2_22 to i14" [cnn_ap_lp/conv_1.cpp:26]   --->   Operation 139 'sext' 'sext_ln1265' <Predicate = true> <Delay = 0.00>
ST_8 : Operation 140 [1/1] (1.81ns)   --->   "%tmp_V_8 = add i14 %sext_ln1265, %p_Val2_s" [cnn_ap_lp/conv_1.cpp:26]   --->   Operation 140 'add' 'tmp_V_8' <Predicate = true> <Delay = 1.81> <Core = "AddSub">   --->   Core 14 'AddSub' <Latency = 0> <II = 1> <Delay = 3.52> <FuncUnit> <Opcode : 'add' 'sub'> <InPorts = 2> <OutPorts = 1>
ST_8 : Operation 141 [1/1] (2.20ns)   --->   "%icmp_ln885 = icmp eq i14 %tmp_V_8, 0" [cnn_ap_lp/conv_1.cpp:29]   --->   Operation 141 'icmp' 'icmp_ln885' <Predicate = true> <Delay = 2.20> <Core = "Cmp">   --->   Core 25 'Cmp' <Latency = 0> <II = 1> <Delay = 2.89> <FuncUnit> <Opcode : 'icmp'> <InPorts = 2> <OutPorts = 1>
ST_8 : Operation 142 [1/1] (0.00ns)   --->   "br i1 %icmp_ln885, label %.critedge, label %_ifconv" [cnn_ap_lp/conv_1.cpp:29]   --->   Operation 142 'br' <Predicate = true> <Delay = 0.00>

State 9 <SV = 6> <Delay = 14.4>
ST_9 : Operation 143 [1/1] (0.00ns)   --->   "%p_Result_32 = call i1 @_ssdm_op_BitSelect.i1.i14.i32(i14 %tmp_V_8, i32 13)" [cnn_ap_lp/conv_1.cpp:29]   --->   Operation 143 'bitselect' 'p_Result_32' <Predicate = true> <Delay = 0.00>
ST_9 : Operation 144 [1/1] (1.81ns)   --->   "%tmp_V = sub i14 0, %tmp_V_8" [cnn_ap_lp/conv_1.cpp:29]   --->   Operation 144 'sub' 'tmp_V' <Predicate = true> <Delay = 1.81> <Core = "AddSub">   --->   Core 14 'AddSub' <Latency = 0> <II = 1> <Delay = 3.52> <FuncUnit> <Opcode : 'add' 'sub'> <InPorts = 2> <OutPorts = 1>
ST_9 : Operation 145 [1/1] (0.70ns)   --->   "%tmp_V_9 = select i1 %p_Result_32, i14 %tmp_V, i14 %tmp_V_8" [cnn_ap_lp/conv_1.cpp:29]   --->   Operation 145 'select' 'tmp_V_9' <Predicate = true> <Delay = 0.70> <Core = "Sel">   --->   Core 26 'Sel' <Latency = 0> <II = 1> <Delay = 0.69> <FuncUnit> <Opcode : 'select'> <InPorts = 3> <OutPorts = 1>
ST_9 : Operation 146 [1/1] (0.00ns)   --->   "%p_Result_s = call i14 @llvm.part.select.i14(i14 %tmp_V_9, i32 13, i32 0) nounwind" [cnn_ap_lp/conv_1.cpp:29]   --->   Operation 146 'partselect' 'p_Result_s' <Predicate = true> <Delay = 0.00>
ST_9 : Operation 147 [1/1] (0.00ns)   --->   "%p_Result_33 = call i32 @_ssdm_op_BitConcatenate.i32.i18.i14(i18 -1, i14 %p_Result_s)" [cnn_ap_lp/conv_1.cpp:29]   --->   Operation 147 'bitconcatenate' 'p_Result_33' <Predicate = true> <Delay = 0.00>
ST_9 : Operation 148 [1/1] (3.39ns)   --->   "%l = call i32 @llvm.cttz.i32(i32 %p_Result_33, i1 true) nounwind" [cnn_ap_lp/conv_1.cpp:29]   --->   Operation 148 'cttz' 'l' <Predicate = true> <Delay = 3.39> <Core = "CTTZ">   --->   Core 64 'CTTZ' <Latency = 0> <II = 1> <Delay = 3.39> <FuncUnit> <Opcode : 'cttz'> <InPorts = 1> <OutPorts = 1>
ST_9 : Operation 149 [1/1] (2.55ns)   --->   "%sub_ln894 = sub nsw i32 14, %l" [cnn_ap_lp/conv_1.cpp:29]   --->   Operation 149 'sub' 'sub_ln894' <Predicate = true> <Delay = 2.55> <Core = "AddSub">   --->   Core 14 'AddSub' <Latency = 0> <II = 1> <Delay = 3.52> <FuncUnit> <Opcode : 'add' 'sub'> <InPorts = 2> <OutPorts = 1>
ST_9 : Operation 150 [1/1] (0.00ns)   --->   "%trunc_ln894 = trunc i32 %sub_ln894 to i14" [cnn_ap_lp/conv_1.cpp:29]   --->   Operation 150 'trunc' 'trunc_ln894' <Predicate = true> <Delay = 0.00>
ST_9 : Operation 151 [1/1] (2.55ns)   --->   "%lsb_index = add nsw i32 -53, %sub_ln894" [cnn_ap_lp/conv_1.cpp:29]   --->   Operation 151 'add' 'lsb_index' <Predicate = true> <Delay = 2.55> <Core = "AddSub">   --->   Core 14 'AddSub' <Latency = 0> <II = 1> <Delay = 3.52> <FuncUnit> <Opcode : 'add' 'sub'> <InPorts = 2> <OutPorts = 1>
ST_9 : Operation 152 [1/1] (0.00ns)   --->   "%tmp_17 = call i31 @_ssdm_op_PartSelect.i31.i32.i32.i32(i32 %lsb_index, i32 1, i32 31)" [cnn_ap_lp/conv_1.cpp:29]   --->   Operation 152 'partselect' 'tmp_17' <Predicate = true> <Delay = 0.00>
ST_9 : Operation 153 [1/1] (2.47ns)   --->   "%icmp_ln897 = icmp sgt i31 %tmp_17, 0" [cnn_ap_lp/conv_1.cpp:29]   --->   Operation 153 'icmp' 'icmp_ln897' <Predicate = true> <Delay = 2.47> <Core = "Cmp">   --->   Core 25 'Cmp' <Latency = 0> <II = 1> <Delay = 2.89> <FuncUnit> <Opcode : 'icmp'> <InPorts = 2> <OutPorts = 1>
ST_9 : Operation 154 [1/1] (0.00ns)   --->   "%trunc_ln897 = trunc i32 %sub_ln894 to i4" [cnn_ap_lp/conv_1.cpp:29]   --->   Operation 154 'trunc' 'trunc_ln897' <Predicate = true> <Delay = 0.00>
ST_9 : Operation 155 [1/1] (1.73ns)   --->   "%sub_ln897 = sub i4 4, %trunc_ln897" [cnn_ap_lp/conv_1.cpp:29]   --->   Operation 155 'sub' 'sub_ln897' <Predicate = true> <Delay = 1.73> <Core = "AddSub">   --->   Core 14 'AddSub' <Latency = 0> <II = 1> <Delay = 3.52> <FuncUnit> <Opcode : 'add' 'sub'> <InPorts = 2> <OutPorts = 1>
ST_9 : Operation 156 [1/1] (0.00ns) (grouped into LUT with out node icmp_ln897_2)   --->   "%zext_ln897 = zext i4 %sub_ln897 to i14" [cnn_ap_lp/conv_1.cpp:29]   --->   Operation 156 'zext' 'zext_ln897' <Predicate = true> <Delay = 0.00>
ST_9 : Operation 157 [1/1] (0.00ns) (grouped into LUT with out node icmp_ln897_2)   --->   "%lshr_ln897 = lshr i14 -1, %zext_ln897" [cnn_ap_lp/conv_1.cpp:29]   --->   Operation 157 'lshr' 'lshr_ln897' <Predicate = true> <Delay = 0.00> <Core = "Shift">   --->   Core 28 'Shift' <Latency = 0> <II = 1> <Delay = 4.42> <FuncUnit> <Opcode : 'shl' 'lshr' 'ashr'> <InPorts = 2> <OutPorts = 1>
ST_9 : Operation 158 [1/1] (0.00ns) (grouped into LUT with out node icmp_ln897_2)   --->   "%p_Result_29 = and i14 %tmp_V_9, %lshr_ln897" [cnn_ap_lp/conv_1.cpp:29]   --->   Operation 158 'and' 'p_Result_29' <Predicate = true> <Delay = 0.00> <Core = "LogicGate">   --->   Core 27 'LogicGate' <Latency = 0> <II = 1> <Delay = 0.97> <FuncUnit> <Opcode : 'and' 'or' 'xor'> <InPorts = 2> <OutPorts = 1>
ST_9 : Operation 159 [1/1] (2.39ns) (out node of the LUT)   --->   "%icmp_ln897_2 = icmp ne i14 %p_Result_29, 0" [cnn_ap_lp/conv_1.cpp:29]   --->   Operation 159 'icmp' 'icmp_ln897_2' <Predicate = true> <Delay = 2.39> <Core = "Cmp">   --->   Core 25 'Cmp' <Latency = 0> <II = 1> <Delay = 2.89> <FuncUnit> <Opcode : 'icmp'> <InPorts = 2> <OutPorts = 1>
ST_9 : Operation 160 [1/1] (0.00ns) (grouped into LUT with out node or_ln)   --->   "%a = and i1 %icmp_ln897, %icmp_ln897_2" [cnn_ap_lp/conv_1.cpp:29]   --->   Operation 160 'and' 'a' <Predicate = true> <Delay = 0.00> <Core = "LogicGate">   --->   Core 27 'LogicGate' <Latency = 0> <II = 1> <Delay = 0.97> <FuncUnit> <Opcode : 'and' 'or' 'xor'> <InPorts = 2> <OutPorts = 1>
ST_9 : Operation 161 [1/1] (0.00ns) (grouped into LUT with out node or_ln)   --->   "%tmp_18 = call i1 @_ssdm_op_BitSelect.i1.i32.i32(i32 %lsb_index, i32 31)" [cnn_ap_lp/conv_1.cpp:29]   --->   Operation 161 'bitselect' 'tmp_18' <Predicate = true> <Delay = 0.00>
ST_9 : Operation 162 [1/1] (0.00ns) (grouped into LUT with out node or_ln)   --->   "%xor_ln899 = xor i1 %tmp_18, true" [cnn_ap_lp/conv_1.cpp:29]   --->   Operation 162 'xor' 'xor_ln899' <Predicate = true> <Delay = 0.00> <Core = "LogicGate">   --->   Core 27 'LogicGate' <Latency = 0> <II = 1> <Delay = 0.97> <FuncUnit> <Opcode : 'and' 'or' 'xor'> <InPorts = 2> <OutPorts = 1>
ST_9 : Operation 163 [1/1] (1.81ns)   --->   "%add_ln899 = add i14 -53, %trunc_ln894" [cnn_ap_lp/conv_1.cpp:29]   --->   Operation 163 'add' 'add_ln899' <Predicate = true> <Delay = 1.81> <Core = "AddSub">   --->   Core 14 'AddSub' <Latency = 0> <II = 1> <Delay = 3.52> <FuncUnit> <Opcode : 'add' 'sub'> <InPorts = 2> <OutPorts = 1>
ST_9 : Operation 164 [1/1] (0.00ns) (grouped into LUT with out node or_ln)   --->   "%p_Result_30 = call i1 @_ssdm_op_BitSelect.i1.i14.i14(i14 %tmp_V_9, i14 %add_ln899)" [cnn_ap_lp/conv_1.cpp:29]   --->   Operation 164 'bitselect' 'p_Result_30' <Predicate = true> <Delay = 0.00>
ST_9 : Operation 165 [1/1] (0.00ns) (grouped into LUT with out node or_ln)   --->   "%and_ln899 = and i1 %p_Result_30, %xor_ln899" [cnn_ap_lp/conv_1.cpp:29]   --->   Operation 165 'and' 'and_ln899' <Predicate = true> <Delay = 0.00> <Core = "LogicGate">   --->   Core 27 'LogicGate' <Latency = 0> <II = 1> <Delay = 0.97> <FuncUnit> <Opcode : 'and' 'or' 'xor'> <InPorts = 2> <OutPorts = 1>
ST_9 : Operation 166 [1/1] (0.00ns) (grouped into LUT with out node or_ln)   --->   "%or_ln899 = or i1 %and_ln899, %a" [cnn_ap_lp/conv_1.cpp:29]   --->   Operation 166 'or' 'or_ln899' <Predicate = true> <Delay = 0.00> <Core = "LogicGate">   --->   Core 27 'LogicGate' <Latency = 0> <II = 1> <Delay = 0.97> <FuncUnit> <Opcode : 'and' 'or' 'xor'> <InPorts = 2> <OutPorts = 1>
ST_9 : Operation 167 [1/1] (0.97ns) (out node of the LUT)   --->   "%or_ln = call i32 @_ssdm_op_BitConcatenate.i32.i31.i1(i31 0, i1 %or_ln899)" [cnn_ap_lp/conv_1.cpp:29]   --->   Operation 167 'bitconcatenate' 'or_ln' <Predicate = true> <Delay = 0.97>
ST_9 : Operation 168 [1/1] (2.47ns)   --->   "%icmp_ln908 = icmp sgt i32 %lsb_index, 0" [cnn_ap_lp/conv_1.cpp:29]   --->   Operation 168 'icmp' 'icmp_ln908' <Predicate = true> <Delay = 2.47> <Core = "Cmp">   --->   Core 25 'Cmp' <Latency = 0> <II = 1> <Delay = 2.89> <FuncUnit> <Opcode : 'icmp'> <InPorts = 2> <OutPorts = 1>
ST_9 : Operation 169 [1/1] (0.00ns)   --->   "%trunc_ln893 = trunc i32 %l to i11" [cnn_ap_lp/conv_1.cpp:29]   --->   Operation 169 'trunc' 'trunc_ln893' <Predicate = true> <Delay = 0.00>

State 10 <SV = 7> <Delay = 16.8>
ST_10 : Operation 170 [1/1] (0.00ns) (grouped into LUT with out node m_8)   --->   "%m = zext i14 %tmp_V_9 to i64" [cnn_ap_lp/conv_1.cpp:29]   --->   Operation 170 'zext' 'm' <Predicate = (!icmp_ln908)> <Delay = 0.00>
ST_10 : Operation 171 [1/1] (0.00ns) (grouped into LUT with out node m_8)   --->   "%zext_ln907_2 = zext i14 %tmp_V_9 to i32" [cnn_ap_lp/conv_1.cpp:29]   --->   Operation 171 'zext' 'zext_ln907_2' <Predicate = (icmp_ln908)> <Delay = 0.00>
ST_10 : Operation 172 [1/1] (2.55ns)   --->   "%add_ln908 = add nsw i32 -54, %sub_ln894" [cnn_ap_lp/conv_1.cpp:29]   --->   Operation 172 'add' 'add_ln908' <Predicate = (icmp_ln908)> <Delay = 2.55> <Core = "AddSub">   --->   Core 14 'AddSub' <Latency = 0> <II = 1> <Delay = 3.52> <FuncUnit> <Opcode : 'add' 'sub'> <InPorts = 2> <OutPorts = 1>
ST_10 : Operation 173 [1/1] (0.00ns) (grouped into LUT with out node m_8)   --->   "%lshr_ln908 = lshr i32 %zext_ln907_2, %add_ln908" [cnn_ap_lp/conv_1.cpp:29]   --->   Operation 173 'lshr' 'lshr_ln908' <Predicate = (icmp_ln908)> <Delay = 0.00> <Core = "Shift">   --->   Core 28 'Shift' <Latency = 0> <II = 1> <Delay = 4.42> <FuncUnit> <Opcode : 'shl' 'lshr' 'ashr'> <InPorts = 2> <OutPorts = 1>
ST_10 : Operation 174 [1/1] (0.00ns) (grouped into LUT with out node m_8)   --->   "%zext_ln908 = zext i32 %lshr_ln908 to i64" [cnn_ap_lp/conv_1.cpp:29]   --->   Operation 174 'zext' 'zext_ln908' <Predicate = (icmp_ln908)> <Delay = 0.00>
ST_10 : Operation 175 [1/1] (2.55ns)   --->   "%sub_ln908 = sub i32 54, %sub_ln894" [cnn_ap_lp/conv_1.cpp:29]   --->   Operation 175 'sub' 'sub_ln908' <Predicate = (!icmp_ln908)> <Delay = 2.55> <Core = "AddSub">   --->   Core 14 'AddSub' <Latency = 0> <II = 1> <Delay = 3.52> <FuncUnit> <Opcode : 'add' 'sub'> <InPorts = 2> <OutPorts = 1>
ST_10 : Operation 176 [1/1] (0.00ns) (grouped into LUT with out node m_8)   --->   "%zext_ln908_2 = zext i32 %sub_ln908 to i64" [cnn_ap_lp/conv_1.cpp:29]   --->   Operation 176 'zext' 'zext_ln908_2' <Predicate = (!icmp_ln908)> <Delay = 0.00>
ST_10 : Operation 177 [1/1] (0.00ns) (grouped into LUT with out node m_8)   --->   "%shl_ln908 = shl i64 %m, %zext_ln908_2" [cnn_ap_lp/conv_1.cpp:29]   --->   Operation 177 'shl' 'shl_ln908' <Predicate = (!icmp_ln908)> <Delay = 0.00> <Core = "Shift">   --->   Core 28 'Shift' <Latency = 0> <II = 1> <Delay = 4.42> <FuncUnit> <Opcode : 'shl' 'lshr' 'ashr'> <InPorts = 2> <OutPorts = 1>
ST_10 : Operation 178 [1/1] (0.00ns) (grouped into LUT with out node m_8)   --->   "%m_7 = select i1 %icmp_ln908, i64 %zext_ln908, i64 %shl_ln908" [cnn_ap_lp/conv_1.cpp:29]   --->   Operation 178 'select' 'm_7' <Predicate = true> <Delay = 0.00> <Core = "Sel">   --->   Core 26 'Sel' <Latency = 0> <II = 1> <Delay = 0.69> <FuncUnit> <Opcode : 'select'> <InPorts = 3> <OutPorts = 1>
ST_10 : Operation 179 [1/1] (0.00ns) (grouped into LUT with out node m_8)   --->   "%zext_ln911 = zext i32 %or_ln to i64" [cnn_ap_lp/conv_1.cpp:29]   --->   Operation 179 'zext' 'zext_ln911' <Predicate = true> <Delay = 0.00>
ST_10 : Operation 180 [1/1] (4.42ns) (out node of the LUT)   --->   "%m_8 = add i64 %zext_ln911, %m_7" [cnn_ap_lp/conv_1.cpp:29]   --->   Operation 180 'add' 'm_8' <Predicate = true> <Delay = 4.42> <Core = "AddSub">   --->   Core 14 'AddSub' <Latency = 0> <II = 1> <Delay = 3.52> <FuncUnit> <Opcode : 'add' 'sub'> <InPorts = 2> <OutPorts = 1>
ST_10 : Operation 181 [1/1] (0.00ns)   --->   "%m_s = call i63 @_ssdm_op_PartSelect.i63.i64.i32.i32(i64 %m_8, i32 1, i32 63)" [cnn_ap_lp/conv_1.cpp:29]   --->   Operation 181 'partselect' 'm_s' <Predicate = true> <Delay = 0.00>
ST_10 : Operation 182 [1/1] (0.00ns)   --->   "%m_11 = zext i63 %m_s to i64" [cnn_ap_lp/conv_1.cpp:29]   --->   Operation 182 'zext' 'm_11' <Predicate = true> <Delay = 0.00>
ST_10 : Operation 183 [1/1] (0.00ns)   --->   "%tmp_19 = call i1 @_ssdm_op_BitSelect.i1.i64.i32(i64 %m_8, i32 54)" [cnn_ap_lp/conv_1.cpp:29]   --->   Operation 183 'bitselect' 'tmp_19' <Predicate = true> <Delay = 0.00>
ST_10 : Operation 184 [1/1] (0.69ns)   --->   "%select_ln915 = select i1 %tmp_19, i11 1023, i11 1022" [cnn_ap_lp/conv_1.cpp:29]   --->   Operation 184 'select' 'select_ln915' <Predicate = true> <Delay = 0.69> <Core = "Sel">   --->   Core 26 'Sel' <Latency = 0> <II = 1> <Delay = 0.69> <FuncUnit> <Opcode : 'select'> <InPorts = 3> <OutPorts = 1>
ST_10 : Operation 185 [1/1] (0.00ns) (grouped into TernaryAdder)   --->   "%sub_ln915 = sub i11 6, %trunc_ln893" [cnn_ap_lp/conv_1.cpp:29]   --->   Operation 185 'sub' 'sub_ln915' <Predicate = true> <Delay = 0.00> <Core = "TAddSub">   --->   Core 83 'TAddSub' <Latency = 0> <II = 1> <Delay = 1.87> <IPBlock> <Opcode : 'add' 'sub'> <InPorts = 3> <OutPorts = 1> <Sync> <CReg>
ST_10 : Operation 186 [1/1] (3.75ns) (root node of TernaryAdder)   --->   "%add_ln915 = add i11 %sub_ln915, %select_ln915" [cnn_ap_lp/conv_1.cpp:29]   --->   Operation 186 'add' 'add_ln915' <Predicate = true> <Delay = 3.75> <Core = "TAddSub">   --->   Core 83 'TAddSub' <Latency = 0> <II = 1> <Delay = 1.87> <IPBlock> <Opcode : 'add' 'sub'> <InPorts = 3> <OutPorts = 1> <Sync> <CReg>
ST_10 : Operation 187 [1/1] (0.00ns)   --->   "%tmp_7 = call i12 @_ssdm_op_BitConcatenate.i12.i1.i11(i1 %p_Result_32, i11 %add_ln915)" [cnn_ap_lp/conv_1.cpp:29]   --->   Operation 187 'bitconcatenate' 'tmp_7' <Predicate = true> <Delay = 0.00>
ST_10 : Operation 188 [1/1] (0.00ns)   --->   "%p_Result_34 = call i64 @_ssdm_op_PartSet.i64.i64.i12.i32.i32(i64 %m_11, i12 %tmp_7, i32 52, i32 63)" [cnn_ap_lp/conv_1.cpp:29]   --->   Operation 188 'partset' 'p_Result_34' <Predicate = true> <Delay = 0.00>
ST_10 : Operation 189 [1/1] (0.00ns)   --->   "%bitcast_ln729 = bitcast i64 %p_Result_34 to double" [cnn_ap_lp/conv_1.cpp:29]   --->   Operation 189 'bitcast' 'bitcast_ln729' <Predicate = true> <Delay = 0.00>
ST_10 : Operation 190 [1/1] (0.00ns)   --->   "%trunc_ln7 = call i52 @_ssdm_op_PartSelect.i52.i64.i32.i32(i64 %m_8, i32 1, i32 52)" [cnn_ap_lp/conv_1.cpp:29]   --->   Operation 190 'partselect' 'trunc_ln7' <Predicate = true> <Delay = 0.00>
ST_10 : Operation 191 [1/1] (1.88ns)   --->   "%icmp_ln924 = icmp ne i11 %add_ln915, -1" [cnn_ap_lp/conv_1.cpp:29]   --->   Operation 191 'icmp' 'icmp_ln924' <Predicate = true> <Delay = 1.88> <Core = "Cmp">   --->   Core 25 'Cmp' <Latency = 0> <II = 1> <Delay = 2.89> <FuncUnit> <Opcode : 'icmp'> <InPorts = 2> <OutPorts = 1>
ST_10 : Operation 192 [1/1] (2.89ns)   --->   "%icmp_ln924_2 = icmp eq i52 %trunc_ln7, 0" [cnn_ap_lp/conv_1.cpp:29]   --->   Operation 192 'icmp' 'icmp_ln924_2' <Predicate = true> <Delay = 2.89> <Core = "Cmp">   --->   Core 25 'Cmp' <Latency = 0> <II = 1> <Delay = 2.89> <FuncUnit> <Opcode : 'icmp'> <InPorts = 2> <OutPorts = 1>
ST_10 : Operation 193 [2/2] (5.46ns)   --->   "%tmp_3 = fcmp ogt double %bitcast_ln729, 0.000000e+00" [cnn_ap_lp/conv_1.cpp:29]   --->   Operation 193 'dcmp' 'tmp_3' <Predicate = true> <Delay = 5.46> <Core = "DCmp">   --->   Core 120 'DCmp' <Latency = 1> <II = 1> <Delay = 5.46> <FuncUnit> <Opcode : 'dcmp'> <InPorts = 2> <OutPorts = 1>

State 11 <SV = 8> <Delay = 6.43>
ST_11 : Operation 194 [1/1] (0.00ns) (grouped into LUT with out node and_ln924)   --->   "%or_ln924 = or i1 %icmp_ln924_2, %icmp_ln924" [cnn_ap_lp/conv_1.cpp:29]   --->   Operation 194 'or' 'or_ln924' <Predicate = (!icmp_ln885)> <Delay = 0.00> <Core = "LogicGate">   --->   Core 27 'LogicGate' <Latency = 0> <II = 1> <Delay = 0.97> <FuncUnit> <Opcode : 'and' 'or' 'xor'> <InPorts = 2> <OutPorts = 1>
ST_11 : Operation 195 [1/2] (5.46ns)   --->   "%tmp_3 = fcmp ogt double %bitcast_ln729, 0.000000e+00" [cnn_ap_lp/conv_1.cpp:29]   --->   Operation 195 'dcmp' 'tmp_3' <Predicate = (!icmp_ln885)> <Delay = 5.46> <Core = "DCmp">   --->   Core 120 'DCmp' <Latency = 1> <II = 1> <Delay = 5.46> <FuncUnit> <Opcode : 'dcmp'> <InPorts = 2> <OutPorts = 1>
ST_11 : Operation 196 [1/1] (0.97ns) (out node of the LUT)   --->   "%and_ln924 = and i1 %or_ln924, %tmp_3" [cnn_ap_lp/conv_1.cpp:29]   --->   Operation 196 'and' 'and_ln924' <Predicate = (!icmp_ln885)> <Delay = 0.97> <Core = "LogicGate">   --->   Core 27 'LogicGate' <Latency = 0> <II = 1> <Delay = 0.97> <FuncUnit> <Opcode : 'and' 'or' 'xor'> <InPorts = 2> <OutPorts = 1>
ST_11 : Operation 197 [1/1] (0.00ns)   --->   "br i1 %and_ln924, label %6, label %.critedge" [cnn_ap_lp/conv_1.cpp:29]   --->   Operation 197 'br' <Predicate = (!icmp_ln885)> <Delay = 0.00>
ST_11 : Operation 198 [1/1] (1.42ns)   --->   "switch i5 %c_0, label %branch51 [
    i5 0, label %branch26
    i5 1, label %branch27
    i5 2, label %branch28
    i5 3, label %branch29
    i5 4, label %branch30
    i5 5, label %branch31
    i5 6, label %branch32
    i5 7, label %branch33
    i5 8, label %branch34
    i5 9, label %branch35
    i5 10, label %branch36
    i5 11, label %branch37
    i5 12, label %branch38
    i5 13, label %branch39
    i5 14, label %branch40
    i5 15, label %branch41
    i5 -16, label %branch42
    i5 -15, label %branch43
    i5 -14, label %branch44
    i5 -13, label %branch45
    i5 -12, label %branch46
    i5 -11, label %branch47
    i5 -10, label %branch48
    i5 -9, label %branch49
    i5 -8, label %branch50
  ]" [cnn_ap_lp/conv_1.cpp:30]   --->   Operation 198 'switch' <Predicate = (!icmp_ln885 & and_ln924)> <Delay = 1.42>
ST_11 : Operation 199 [1/1] (3.25ns)   --->   "store i14 %tmp_V_8, i14* %conv_out_24_V_addr, align 2" [cnn_ap_lp/conv_1.cpp:30]   --->   Operation 199 'store' <Predicate = (!icmp_ln885 & and_ln924 & c_0 == 24)> <Delay = 3.25> <Core = "RAM">   --->   Core 37 'RAM' <Latency = 1> <II = 1> <Delay = 3.25> <Storage> <Opcode : 'load' 'store'> <Ports = 2> <Width = 14> <Depth = 156> <RAM>
ST_11 : Operation 200 [1/1] (0.00ns)   --->   "br label %7" [cnn_ap_lp/conv_1.cpp:30]   --->   Operation 200 'br' <Predicate = (!icmp_ln885 & and_ln924 & c_0 == 24)> <Delay = 0.00>
ST_11 : Operation 201 [1/1] (3.25ns)   --->   "store i14 %tmp_V_8, i14* %conv_out_23_V_addr, align 2" [cnn_ap_lp/conv_1.cpp:30]   --->   Operation 201 'store' <Predicate = (!icmp_ln885 & and_ln924 & c_0 == 23)> <Delay = 3.25> <Core = "RAM">   --->   Core 37 'RAM' <Latency = 1> <II = 1> <Delay = 3.25> <Storage> <Opcode : 'load' 'store'> <Ports = 2> <Width = 14> <Depth = 156> <RAM>
ST_11 : Operation 202 [1/1] (0.00ns)   --->   "br label %7" [cnn_ap_lp/conv_1.cpp:30]   --->   Operation 202 'br' <Predicate = (!icmp_ln885 & and_ln924 & c_0 == 23)> <Delay = 0.00>
ST_11 : Operation 203 [1/1] (3.25ns)   --->   "store i14 %tmp_V_8, i14* %conv_out_22_V_addr, align 2" [cnn_ap_lp/conv_1.cpp:30]   --->   Operation 203 'store' <Predicate = (!icmp_ln885 & and_ln924 & c_0 == 22)> <Delay = 3.25> <Core = "RAM">   --->   Core 37 'RAM' <Latency = 1> <II = 1> <Delay = 3.25> <Storage> <Opcode : 'load' 'store'> <Ports = 2> <Width = 14> <Depth = 156> <RAM>
ST_11 : Operation 204 [1/1] (0.00ns)   --->   "br label %7" [cnn_ap_lp/conv_1.cpp:30]   --->   Operation 204 'br' <Predicate = (!icmp_ln885 & and_ln924 & c_0 == 22)> <Delay = 0.00>
ST_11 : Operation 205 [1/1] (3.25ns)   --->   "store i14 %tmp_V_8, i14* %conv_out_21_V_addr, align 2" [cnn_ap_lp/conv_1.cpp:30]   --->   Operation 205 'store' <Predicate = (!icmp_ln885 & and_ln924 & c_0 == 21)> <Delay = 3.25> <Core = "RAM">   --->   Core 37 'RAM' <Latency = 1> <II = 1> <Delay = 3.25> <Storage> <Opcode : 'load' 'store'> <Ports = 2> <Width = 14> <Depth = 156> <RAM>
ST_11 : Operation 206 [1/1] (0.00ns)   --->   "br label %7" [cnn_ap_lp/conv_1.cpp:30]   --->   Operation 206 'br' <Predicate = (!icmp_ln885 & and_ln924 & c_0 == 21)> <Delay = 0.00>
ST_11 : Operation 207 [1/1] (3.25ns)   --->   "store i14 %tmp_V_8, i14* %conv_out_20_V_addr, align 2" [cnn_ap_lp/conv_1.cpp:30]   --->   Operation 207 'store' <Predicate = (!icmp_ln885 & and_ln924 & c_0 == 20)> <Delay = 3.25> <Core = "RAM">   --->   Core 37 'RAM' <Latency = 1> <II = 1> <Delay = 3.25> <Storage> <Opcode : 'load' 'store'> <Ports = 2> <Width = 14> <Depth = 156> <RAM>
ST_11 : Operation 208 [1/1] (0.00ns)   --->   "br label %7" [cnn_ap_lp/conv_1.cpp:30]   --->   Operation 208 'br' <Predicate = (!icmp_ln885 & and_ln924 & c_0 == 20)> <Delay = 0.00>
ST_11 : Operation 209 [1/1] (3.25ns)   --->   "store i14 %tmp_V_8, i14* %conv_out_19_V_addr, align 2" [cnn_ap_lp/conv_1.cpp:30]   --->   Operation 209 'store' <Predicate = (!icmp_ln885 & and_ln924 & c_0 == 19)> <Delay = 3.25> <Core = "RAM">   --->   Core 37 'RAM' <Latency = 1> <II = 1> <Delay = 3.25> <Storage> <Opcode : 'load' 'store'> <Ports = 2> <Width = 14> <Depth = 156> <RAM>
ST_11 : Operation 210 [1/1] (0.00ns)   --->   "br label %7" [cnn_ap_lp/conv_1.cpp:30]   --->   Operation 210 'br' <Predicate = (!icmp_ln885 & and_ln924 & c_0 == 19)> <Delay = 0.00>
ST_11 : Operation 211 [1/1] (3.25ns)   --->   "store i14 %tmp_V_8, i14* %conv_out_18_V_addr, align 2" [cnn_ap_lp/conv_1.cpp:30]   --->   Operation 211 'store' <Predicate = (!icmp_ln885 & and_ln924 & c_0 == 18)> <Delay = 3.25> <Core = "RAM">   --->   Core 37 'RAM' <Latency = 1> <II = 1> <Delay = 3.25> <Storage> <Opcode : 'load' 'store'> <Ports = 2> <Width = 14> <Depth = 156> <RAM>
ST_11 : Operation 212 [1/1] (0.00ns)   --->   "br label %7" [cnn_ap_lp/conv_1.cpp:30]   --->   Operation 212 'br' <Predicate = (!icmp_ln885 & and_ln924 & c_0 == 18)> <Delay = 0.00>
ST_11 : Operation 213 [1/1] (3.25ns)   --->   "store i14 %tmp_V_8, i14* %conv_out_17_V_addr, align 2" [cnn_ap_lp/conv_1.cpp:30]   --->   Operation 213 'store' <Predicate = (!icmp_ln885 & and_ln924 & c_0 == 17)> <Delay = 3.25> <Core = "RAM">   --->   Core 37 'RAM' <Latency = 1> <II = 1> <Delay = 3.25> <Storage> <Opcode : 'load' 'store'> <Ports = 2> <Width = 14> <Depth = 156> <RAM>
ST_11 : Operation 214 [1/1] (0.00ns)   --->   "br label %7" [cnn_ap_lp/conv_1.cpp:30]   --->   Operation 214 'br' <Predicate = (!icmp_ln885 & and_ln924 & c_0 == 17)> <Delay = 0.00>
ST_11 : Operation 215 [1/1] (3.25ns)   --->   "store i14 %tmp_V_8, i14* %conv_out_16_V_addr, align 2" [cnn_ap_lp/conv_1.cpp:30]   --->   Operation 215 'store' <Predicate = (!icmp_ln885 & and_ln924 & c_0 == 16)> <Delay = 3.25> <Core = "RAM">   --->   Core 37 'RAM' <Latency = 1> <II = 1> <Delay = 3.25> <Storage> <Opcode : 'load' 'store'> <Ports = 2> <Width = 14> <Depth = 156> <RAM>
ST_11 : Operation 216 [1/1] (0.00ns)   --->   "br label %7" [cnn_ap_lp/conv_1.cpp:30]   --->   Operation 216 'br' <Predicate = (!icmp_ln885 & and_ln924 & c_0 == 16)> <Delay = 0.00>
ST_11 : Operation 217 [1/1] (3.25ns)   --->   "store i14 %tmp_V_8, i14* %conv_out_15_V_addr, align 2" [cnn_ap_lp/conv_1.cpp:30]   --->   Operation 217 'store' <Predicate = (!icmp_ln885 & and_ln924 & c_0 == 15)> <Delay = 3.25> <Core = "RAM">   --->   Core 37 'RAM' <Latency = 1> <II = 1> <Delay = 3.25> <Storage> <Opcode : 'load' 'store'> <Ports = 2> <Width = 14> <Depth = 156> <RAM>
ST_11 : Operation 218 [1/1] (0.00ns)   --->   "br label %7" [cnn_ap_lp/conv_1.cpp:30]   --->   Operation 218 'br' <Predicate = (!icmp_ln885 & and_ln924 & c_0 == 15)> <Delay = 0.00>
ST_11 : Operation 219 [1/1] (3.25ns)   --->   "store i14 %tmp_V_8, i14* %conv_out_14_V_addr, align 2" [cnn_ap_lp/conv_1.cpp:30]   --->   Operation 219 'store' <Predicate = (!icmp_ln885 & and_ln924 & c_0 == 14)> <Delay = 3.25> <Core = "RAM">   --->   Core 37 'RAM' <Latency = 1> <II = 1> <Delay = 3.25> <Storage> <Opcode : 'load' 'store'> <Ports = 2> <Width = 14> <Depth = 156> <RAM>
ST_11 : Operation 220 [1/1] (0.00ns)   --->   "br label %7" [cnn_ap_lp/conv_1.cpp:30]   --->   Operation 220 'br' <Predicate = (!icmp_ln885 & and_ln924 & c_0 == 14)> <Delay = 0.00>
ST_11 : Operation 221 [1/1] (3.25ns)   --->   "store i14 %tmp_V_8, i14* %conv_out_13_V_addr, align 2" [cnn_ap_lp/conv_1.cpp:30]   --->   Operation 221 'store' <Predicate = (!icmp_ln885 & and_ln924 & c_0 == 13)> <Delay = 3.25> <Core = "RAM">   --->   Core 37 'RAM' <Latency = 1> <II = 1> <Delay = 3.25> <Storage> <Opcode : 'load' 'store'> <Ports = 2> <Width = 14> <Depth = 156> <RAM>
ST_11 : Operation 222 [1/1] (0.00ns)   --->   "br label %7" [cnn_ap_lp/conv_1.cpp:30]   --->   Operation 222 'br' <Predicate = (!icmp_ln885 & and_ln924 & c_0 == 13)> <Delay = 0.00>
ST_11 : Operation 223 [1/1] (3.25ns)   --->   "store i14 %tmp_V_8, i14* %conv_out_12_V_addr, align 2" [cnn_ap_lp/conv_1.cpp:30]   --->   Operation 223 'store' <Predicate = (!icmp_ln885 & and_ln924 & c_0 == 12)> <Delay = 3.25> <Core = "RAM">   --->   Core 37 'RAM' <Latency = 1> <II = 1> <Delay = 3.25> <Storage> <Opcode : 'load' 'store'> <Ports = 2> <Width = 14> <Depth = 156> <RAM>
ST_11 : Operation 224 [1/1] (0.00ns)   --->   "br label %7" [cnn_ap_lp/conv_1.cpp:30]   --->   Operation 224 'br' <Predicate = (!icmp_ln885 & and_ln924 & c_0 == 12)> <Delay = 0.00>
ST_11 : Operation 225 [1/1] (3.25ns)   --->   "store i14 %tmp_V_8, i14* %conv_out_11_V_addr, align 2" [cnn_ap_lp/conv_1.cpp:30]   --->   Operation 225 'store' <Predicate = (!icmp_ln885 & and_ln924 & c_0 == 11)> <Delay = 3.25> <Core = "RAM">   --->   Core 37 'RAM' <Latency = 1> <II = 1> <Delay = 3.25> <Storage> <Opcode : 'load' 'store'> <Ports = 2> <Width = 14> <Depth = 156> <RAM>
ST_11 : Operation 226 [1/1] (0.00ns)   --->   "br label %7" [cnn_ap_lp/conv_1.cpp:30]   --->   Operation 226 'br' <Predicate = (!icmp_ln885 & and_ln924 & c_0 == 11)> <Delay = 0.00>
ST_11 : Operation 227 [1/1] (3.25ns)   --->   "store i14 %tmp_V_8, i14* %conv_out_10_V_addr, align 2" [cnn_ap_lp/conv_1.cpp:30]   --->   Operation 227 'store' <Predicate = (!icmp_ln885 & and_ln924 & c_0 == 10)> <Delay = 3.25> <Core = "RAM">   --->   Core 37 'RAM' <Latency = 1> <II = 1> <Delay = 3.25> <Storage> <Opcode : 'load' 'store'> <Ports = 2> <Width = 14> <Depth = 156> <RAM>
ST_11 : Operation 228 [1/1] (0.00ns)   --->   "br label %7" [cnn_ap_lp/conv_1.cpp:30]   --->   Operation 228 'br' <Predicate = (!icmp_ln885 & and_ln924 & c_0 == 10)> <Delay = 0.00>
ST_11 : Operation 229 [1/1] (3.25ns)   --->   "store i14 %tmp_V_8, i14* %conv_out_9_V_addr, align 2" [cnn_ap_lp/conv_1.cpp:30]   --->   Operation 229 'store' <Predicate = (!icmp_ln885 & and_ln924 & c_0 == 9)> <Delay = 3.25> <Core = "RAM">   --->   Core 37 'RAM' <Latency = 1> <II = 1> <Delay = 3.25> <Storage> <Opcode : 'load' 'store'> <Ports = 2> <Width = 14> <Depth = 156> <RAM>
ST_11 : Operation 230 [1/1] (0.00ns)   --->   "br label %7" [cnn_ap_lp/conv_1.cpp:30]   --->   Operation 230 'br' <Predicate = (!icmp_ln885 & and_ln924 & c_0 == 9)> <Delay = 0.00>
ST_11 : Operation 231 [1/1] (3.25ns)   --->   "store i14 %tmp_V_8, i14* %conv_out_8_V_addr, align 2" [cnn_ap_lp/conv_1.cpp:30]   --->   Operation 231 'store' <Predicate = (!icmp_ln885 & and_ln924 & c_0 == 8)> <Delay = 3.25> <Core = "RAM">   --->   Core 37 'RAM' <Latency = 1> <II = 1> <Delay = 3.25> <Storage> <Opcode : 'load' 'store'> <Ports = 2> <Width = 14> <Depth = 156> <RAM>
ST_11 : Operation 232 [1/1] (0.00ns)   --->   "br label %7" [cnn_ap_lp/conv_1.cpp:30]   --->   Operation 232 'br' <Predicate = (!icmp_ln885 & and_ln924 & c_0 == 8)> <Delay = 0.00>
ST_11 : Operation 233 [1/1] (3.25ns)   --->   "store i14 %tmp_V_8, i14* %conv_out_7_V_addr, align 2" [cnn_ap_lp/conv_1.cpp:30]   --->   Operation 233 'store' <Predicate = (!icmp_ln885 & and_ln924 & c_0 == 7)> <Delay = 3.25> <Core = "RAM">   --->   Core 37 'RAM' <Latency = 1> <II = 1> <Delay = 3.25> <Storage> <Opcode : 'load' 'store'> <Ports = 2> <Width = 14> <Depth = 156> <RAM>
ST_11 : Operation 234 [1/1] (0.00ns)   --->   "br label %7" [cnn_ap_lp/conv_1.cpp:30]   --->   Operation 234 'br' <Predicate = (!icmp_ln885 & and_ln924 & c_0 == 7)> <Delay = 0.00>
ST_11 : Operation 235 [1/1] (3.25ns)   --->   "store i14 %tmp_V_8, i14* %conv_out_6_V_addr, align 2" [cnn_ap_lp/conv_1.cpp:30]   --->   Operation 235 'store' <Predicate = (!icmp_ln885 & and_ln924 & c_0 == 6)> <Delay = 3.25> <Core = "RAM">   --->   Core 37 'RAM' <Latency = 1> <II = 1> <Delay = 3.25> <Storage> <Opcode : 'load' 'store'> <Ports = 2> <Width = 14> <Depth = 156> <RAM>
ST_11 : Operation 236 [1/1] (0.00ns)   --->   "br label %7" [cnn_ap_lp/conv_1.cpp:30]   --->   Operation 236 'br' <Predicate = (!icmp_ln885 & and_ln924 & c_0 == 6)> <Delay = 0.00>
ST_11 : Operation 237 [1/1] (3.25ns)   --->   "store i14 %tmp_V_8, i14* %conv_out_5_V_addr, align 2" [cnn_ap_lp/conv_1.cpp:30]   --->   Operation 237 'store' <Predicate = (!icmp_ln885 & and_ln924 & c_0 == 5)> <Delay = 3.25> <Core = "RAM">   --->   Core 37 'RAM' <Latency = 1> <II = 1> <Delay = 3.25> <Storage> <Opcode : 'load' 'store'> <Ports = 2> <Width = 14> <Depth = 156> <RAM>
ST_11 : Operation 238 [1/1] (0.00ns)   --->   "br label %7" [cnn_ap_lp/conv_1.cpp:30]   --->   Operation 238 'br' <Predicate = (!icmp_ln885 & and_ln924 & c_0 == 5)> <Delay = 0.00>
ST_11 : Operation 239 [1/1] (3.25ns)   --->   "store i14 %tmp_V_8, i14* %conv_out_4_V_addr, align 2" [cnn_ap_lp/conv_1.cpp:30]   --->   Operation 239 'store' <Predicate = (!icmp_ln885 & and_ln924 & c_0 == 4)> <Delay = 3.25> <Core = "RAM">   --->   Core 37 'RAM' <Latency = 1> <II = 1> <Delay = 3.25> <Storage> <Opcode : 'load' 'store'> <Ports = 2> <Width = 14> <Depth = 156> <RAM>
ST_11 : Operation 240 [1/1] (0.00ns)   --->   "br label %7" [cnn_ap_lp/conv_1.cpp:30]   --->   Operation 240 'br' <Predicate = (!icmp_ln885 & and_ln924 & c_0 == 4)> <Delay = 0.00>
ST_11 : Operation 241 [1/1] (3.25ns)   --->   "store i14 %tmp_V_8, i14* %conv_out_3_V_addr, align 2" [cnn_ap_lp/conv_1.cpp:30]   --->   Operation 241 'store' <Predicate = (!icmp_ln885 & and_ln924 & c_0 == 3)> <Delay = 3.25> <Core = "RAM">   --->   Core 37 'RAM' <Latency = 1> <II = 1> <Delay = 3.25> <Storage> <Opcode : 'load' 'store'> <Ports = 2> <Width = 14> <Depth = 156> <RAM>
ST_11 : Operation 242 [1/1] (0.00ns)   --->   "br label %7" [cnn_ap_lp/conv_1.cpp:30]   --->   Operation 242 'br' <Predicate = (!icmp_ln885 & and_ln924 & c_0 == 3)> <Delay = 0.00>
ST_11 : Operation 243 [1/1] (3.25ns)   --->   "store i14 %tmp_V_8, i14* %conv_out_2_V_addr, align 2" [cnn_ap_lp/conv_1.cpp:30]   --->   Operation 243 'store' <Predicate = (!icmp_ln885 & and_ln924 & c_0 == 2)> <Delay = 3.25> <Core = "RAM">   --->   Core 37 'RAM' <Latency = 1> <II = 1> <Delay = 3.25> <Storage> <Opcode : 'load' 'store'> <Ports = 2> <Width = 14> <Depth = 156> <RAM>
ST_11 : Operation 244 [1/1] (0.00ns)   --->   "br label %7" [cnn_ap_lp/conv_1.cpp:30]   --->   Operation 244 'br' <Predicate = (!icmp_ln885 & and_ln924 & c_0 == 2)> <Delay = 0.00>
ST_11 : Operation 245 [1/1] (3.25ns)   --->   "store i14 %tmp_V_8, i14* %conv_out_1_V_addr, align 2" [cnn_ap_lp/conv_1.cpp:30]   --->   Operation 245 'store' <Predicate = (!icmp_ln885 & and_ln924 & c_0 == 1)> <Delay = 3.25> <Core = "RAM">   --->   Core 37 'RAM' <Latency = 1> <II = 1> <Delay = 3.25> <Storage> <Opcode : 'load' 'store'> <Ports = 2> <Width = 14> <Depth = 156> <RAM>
ST_11 : Operation 246 [1/1] (0.00ns)   --->   "br label %7" [cnn_ap_lp/conv_1.cpp:30]   --->   Operation 246 'br' <Predicate = (!icmp_ln885 & and_ln924 & c_0 == 1)> <Delay = 0.00>
ST_11 : Operation 247 [1/1] (3.25ns)   --->   "store i14 %tmp_V_8, i14* %conv_out_0_V_addr, align 2" [cnn_ap_lp/conv_1.cpp:30]   --->   Operation 247 'store' <Predicate = (!icmp_ln885 & and_ln924 & c_0 == 0)> <Delay = 3.25> <Core = "RAM">   --->   Core 37 'RAM' <Latency = 1> <II = 1> <Delay = 3.25> <Storage> <Opcode : 'load' 'store'> <Ports = 2> <Width = 14> <Depth = 156> <RAM>
ST_11 : Operation 248 [1/1] (0.00ns)   --->   "br label %7" [cnn_ap_lp/conv_1.cpp:30]   --->   Operation 248 'br' <Predicate = (!icmp_ln885 & and_ln924 & c_0 == 0)> <Delay = 0.00>
ST_11 : Operation 249 [1/1] (3.25ns)   --->   "store i14 %tmp_V_8, i14* %conv_out_25_V_addr, align 2" [cnn_ap_lp/conv_1.cpp:30]   --->   Operation 249 'store' <Predicate = (!icmp_ln885 & and_ln924 & c_0 == 31) | (!icmp_ln885 & and_ln924 & c_0 == 30) | (!icmp_ln885 & and_ln924 & c_0 == 29) | (!icmp_ln885 & and_ln924 & c_0 == 28) | (!icmp_ln885 & and_ln924 & c_0 == 27) | (!icmp_ln885 & and_ln924 & c_0 == 26) | (!icmp_ln885 & and_ln924 & c_0 == 25)> <Delay = 3.25> <Core = "RAM">   --->   Core 37 'RAM' <Latency = 1> <II = 1> <Delay = 3.25> <Storage> <Opcode : 'load' 'store'> <Ports = 2> <Width = 14> <Depth = 156> <RAM>
ST_11 : Operation 250 [1/1] (0.00ns)   --->   "br label %7" [cnn_ap_lp/conv_1.cpp:30]   --->   Operation 250 'br' <Predicate = (!icmp_ln885 & and_ln924 & c_0 == 31) | (!icmp_ln885 & and_ln924 & c_0 == 30) | (!icmp_ln885 & and_ln924 & c_0 == 29) | (!icmp_ln885 & and_ln924 & c_0 == 28) | (!icmp_ln885 & and_ln924 & c_0 == 27) | (!icmp_ln885 & and_ln924 & c_0 == 26) | (!icmp_ln885 & and_ln924 & c_0 == 25)> <Delay = 0.00>
ST_11 : Operation 251 [1/1] (0.00ns)   --->   "br label %Filter1_Loop_end" [cnn_ap_lp/conv_1.cpp:30]   --->   Operation 251 'br' <Predicate = (!icmp_ln885 & and_ln924)> <Delay = 0.00>
ST_11 : Operation 252 [1/1] (1.42ns)   --->   "switch i5 %c_0, label %branch25 [
    i5 0, label %branch0
    i5 1, label %branch1
    i5 2, label %branch2
    i5 3, label %branch3
    i5 4, label %branch4
    i5 5, label %branch5
    i5 6, label %branch6
    i5 7, label %branch7
    i5 8, label %branch8
    i5 9, label %branch9
    i5 10, label %branch10
    i5 11, label %branch11
    i5 12, label %branch12
    i5 13, label %branch13
    i5 14, label %branch14
    i5 15, label %branch15
    i5 -16, label %branch16
    i5 -15, label %branch17
    i5 -14, label %branch18
    i5 -13, label %branch19
    i5 -12, label %branch20
    i5 -11, label %branch21
    i5 -10, label %branch22
    i5 -9, label %branch23
    i5 -8, label %branch24
  ]" [cnn_ap_lp/conv_1.cpp:32]   --->   Operation 252 'switch' <Predicate = (!and_ln924) | (icmp_ln885)> <Delay = 1.42>
ST_11 : Operation 253 [1/1] (3.25ns)   --->   "store i14 0, i14* %conv_out_24_V_addr, align 2" [cnn_ap_lp/conv_1.cpp:32]   --->   Operation 253 'store' <Predicate = (!and_ln924 & c_0 == 24) | (icmp_ln885 & c_0 == 24)> <Delay = 3.25> <Core = "RAM">   --->   Core 37 'RAM' <Latency = 1> <II = 1> <Delay = 3.25> <Storage> <Opcode : 'load' 'store'> <Ports = 2> <Width = 14> <Depth = 156> <RAM>
ST_11 : Operation 254 [1/1] (0.00ns)   --->   "br label %.critedge51" [cnn_ap_lp/conv_1.cpp:32]   --->   Operation 254 'br' <Predicate = (!and_ln924 & c_0 == 24) | (icmp_ln885 & c_0 == 24)> <Delay = 0.00>
ST_11 : Operation 255 [1/1] (3.25ns)   --->   "store i14 0, i14* %conv_out_23_V_addr, align 2" [cnn_ap_lp/conv_1.cpp:32]   --->   Operation 255 'store' <Predicate = (!and_ln924 & c_0 == 23) | (icmp_ln885 & c_0 == 23)> <Delay = 3.25> <Core = "RAM">   --->   Core 37 'RAM' <Latency = 1> <II = 1> <Delay = 3.25> <Storage> <Opcode : 'load' 'store'> <Ports = 2> <Width = 14> <Depth = 156> <RAM>
ST_11 : Operation 256 [1/1] (0.00ns)   --->   "br label %.critedge51" [cnn_ap_lp/conv_1.cpp:32]   --->   Operation 256 'br' <Predicate = (!and_ln924 & c_0 == 23) | (icmp_ln885 & c_0 == 23)> <Delay = 0.00>
ST_11 : Operation 257 [1/1] (3.25ns)   --->   "store i14 0, i14* %conv_out_22_V_addr, align 2" [cnn_ap_lp/conv_1.cpp:32]   --->   Operation 257 'store' <Predicate = (!and_ln924 & c_0 == 22) | (icmp_ln885 & c_0 == 22)> <Delay = 3.25> <Core = "RAM">   --->   Core 37 'RAM' <Latency = 1> <II = 1> <Delay = 3.25> <Storage> <Opcode : 'load' 'store'> <Ports = 2> <Width = 14> <Depth = 156> <RAM>
ST_11 : Operation 258 [1/1] (0.00ns)   --->   "br label %.critedge51" [cnn_ap_lp/conv_1.cpp:32]   --->   Operation 258 'br' <Predicate = (!and_ln924 & c_0 == 22) | (icmp_ln885 & c_0 == 22)> <Delay = 0.00>
ST_11 : Operation 259 [1/1] (3.25ns)   --->   "store i14 0, i14* %conv_out_21_V_addr, align 2" [cnn_ap_lp/conv_1.cpp:32]   --->   Operation 259 'store' <Predicate = (!and_ln924 & c_0 == 21) | (icmp_ln885 & c_0 == 21)> <Delay = 3.25> <Core = "RAM">   --->   Core 37 'RAM' <Latency = 1> <II = 1> <Delay = 3.25> <Storage> <Opcode : 'load' 'store'> <Ports = 2> <Width = 14> <Depth = 156> <RAM>
ST_11 : Operation 260 [1/1] (0.00ns)   --->   "br label %.critedge51" [cnn_ap_lp/conv_1.cpp:32]   --->   Operation 260 'br' <Predicate = (!and_ln924 & c_0 == 21) | (icmp_ln885 & c_0 == 21)> <Delay = 0.00>
ST_11 : Operation 261 [1/1] (3.25ns)   --->   "store i14 0, i14* %conv_out_20_V_addr, align 2" [cnn_ap_lp/conv_1.cpp:32]   --->   Operation 261 'store' <Predicate = (!and_ln924 & c_0 == 20) | (icmp_ln885 & c_0 == 20)> <Delay = 3.25> <Core = "RAM">   --->   Core 37 'RAM' <Latency = 1> <II = 1> <Delay = 3.25> <Storage> <Opcode : 'load' 'store'> <Ports = 2> <Width = 14> <Depth = 156> <RAM>
ST_11 : Operation 262 [1/1] (0.00ns)   --->   "br label %.critedge51" [cnn_ap_lp/conv_1.cpp:32]   --->   Operation 262 'br' <Predicate = (!and_ln924 & c_0 == 20) | (icmp_ln885 & c_0 == 20)> <Delay = 0.00>
ST_11 : Operation 263 [1/1] (3.25ns)   --->   "store i14 0, i14* %conv_out_19_V_addr, align 2" [cnn_ap_lp/conv_1.cpp:32]   --->   Operation 263 'store' <Predicate = (!and_ln924 & c_0 == 19) | (icmp_ln885 & c_0 == 19)> <Delay = 3.25> <Core = "RAM">   --->   Core 37 'RAM' <Latency = 1> <II = 1> <Delay = 3.25> <Storage> <Opcode : 'load' 'store'> <Ports = 2> <Width = 14> <Depth = 156> <RAM>
ST_11 : Operation 264 [1/1] (0.00ns)   --->   "br label %.critedge51" [cnn_ap_lp/conv_1.cpp:32]   --->   Operation 264 'br' <Predicate = (!and_ln924 & c_0 == 19) | (icmp_ln885 & c_0 == 19)> <Delay = 0.00>
ST_11 : Operation 265 [1/1] (3.25ns)   --->   "store i14 0, i14* %conv_out_18_V_addr, align 2" [cnn_ap_lp/conv_1.cpp:32]   --->   Operation 265 'store' <Predicate = (!and_ln924 & c_0 == 18) | (icmp_ln885 & c_0 == 18)> <Delay = 3.25> <Core = "RAM">   --->   Core 37 'RAM' <Latency = 1> <II = 1> <Delay = 3.25> <Storage> <Opcode : 'load' 'store'> <Ports = 2> <Width = 14> <Depth = 156> <RAM>
ST_11 : Operation 266 [1/1] (0.00ns)   --->   "br label %.critedge51" [cnn_ap_lp/conv_1.cpp:32]   --->   Operation 266 'br' <Predicate = (!and_ln924 & c_0 == 18) | (icmp_ln885 & c_0 == 18)> <Delay = 0.00>
ST_11 : Operation 267 [1/1] (3.25ns)   --->   "store i14 0, i14* %conv_out_17_V_addr, align 2" [cnn_ap_lp/conv_1.cpp:32]   --->   Operation 267 'store' <Predicate = (!and_ln924 & c_0 == 17) | (icmp_ln885 & c_0 == 17)> <Delay = 3.25> <Core = "RAM">   --->   Core 37 'RAM' <Latency = 1> <II = 1> <Delay = 3.25> <Storage> <Opcode : 'load' 'store'> <Ports = 2> <Width = 14> <Depth = 156> <RAM>
ST_11 : Operation 268 [1/1] (0.00ns)   --->   "br label %.critedge51" [cnn_ap_lp/conv_1.cpp:32]   --->   Operation 268 'br' <Predicate = (!and_ln924 & c_0 == 17) | (icmp_ln885 & c_0 == 17)> <Delay = 0.00>
ST_11 : Operation 269 [1/1] (3.25ns)   --->   "store i14 0, i14* %conv_out_16_V_addr, align 2" [cnn_ap_lp/conv_1.cpp:32]   --->   Operation 269 'store' <Predicate = (!and_ln924 & c_0 == 16) | (icmp_ln885 & c_0 == 16)> <Delay = 3.25> <Core = "RAM">   --->   Core 37 'RAM' <Latency = 1> <II = 1> <Delay = 3.25> <Storage> <Opcode : 'load' 'store'> <Ports = 2> <Width = 14> <Depth = 156> <RAM>
ST_11 : Operation 270 [1/1] (0.00ns)   --->   "br label %.critedge51" [cnn_ap_lp/conv_1.cpp:32]   --->   Operation 270 'br' <Predicate = (!and_ln924 & c_0 == 16) | (icmp_ln885 & c_0 == 16)> <Delay = 0.00>
ST_11 : Operation 271 [1/1] (3.25ns)   --->   "store i14 0, i14* %conv_out_15_V_addr, align 2" [cnn_ap_lp/conv_1.cpp:32]   --->   Operation 271 'store' <Predicate = (!and_ln924 & c_0 == 15) | (icmp_ln885 & c_0 == 15)> <Delay = 3.25> <Core = "RAM">   --->   Core 37 'RAM' <Latency = 1> <II = 1> <Delay = 3.25> <Storage> <Opcode : 'load' 'store'> <Ports = 2> <Width = 14> <Depth = 156> <RAM>
ST_11 : Operation 272 [1/1] (0.00ns)   --->   "br label %.critedge51" [cnn_ap_lp/conv_1.cpp:32]   --->   Operation 272 'br' <Predicate = (!and_ln924 & c_0 == 15) | (icmp_ln885 & c_0 == 15)> <Delay = 0.00>
ST_11 : Operation 273 [1/1] (3.25ns)   --->   "store i14 0, i14* %conv_out_14_V_addr, align 2" [cnn_ap_lp/conv_1.cpp:32]   --->   Operation 273 'store' <Predicate = (!and_ln924 & c_0 == 14) | (icmp_ln885 & c_0 == 14)> <Delay = 3.25> <Core = "RAM">   --->   Core 37 'RAM' <Latency = 1> <II = 1> <Delay = 3.25> <Storage> <Opcode : 'load' 'store'> <Ports = 2> <Width = 14> <Depth = 156> <RAM>
ST_11 : Operation 274 [1/1] (0.00ns)   --->   "br label %.critedge51" [cnn_ap_lp/conv_1.cpp:32]   --->   Operation 274 'br' <Predicate = (!and_ln924 & c_0 == 14) | (icmp_ln885 & c_0 == 14)> <Delay = 0.00>
ST_11 : Operation 275 [1/1] (3.25ns)   --->   "store i14 0, i14* %conv_out_13_V_addr, align 2" [cnn_ap_lp/conv_1.cpp:32]   --->   Operation 275 'store' <Predicate = (!and_ln924 & c_0 == 13) | (icmp_ln885 & c_0 == 13)> <Delay = 3.25> <Core = "RAM">   --->   Core 37 'RAM' <Latency = 1> <II = 1> <Delay = 3.25> <Storage> <Opcode : 'load' 'store'> <Ports = 2> <Width = 14> <Depth = 156> <RAM>
ST_11 : Operation 276 [1/1] (0.00ns)   --->   "br label %.critedge51" [cnn_ap_lp/conv_1.cpp:32]   --->   Operation 276 'br' <Predicate = (!and_ln924 & c_0 == 13) | (icmp_ln885 & c_0 == 13)> <Delay = 0.00>
ST_11 : Operation 277 [1/1] (3.25ns)   --->   "store i14 0, i14* %conv_out_12_V_addr, align 2" [cnn_ap_lp/conv_1.cpp:32]   --->   Operation 277 'store' <Predicate = (!and_ln924 & c_0 == 12) | (icmp_ln885 & c_0 == 12)> <Delay = 3.25> <Core = "RAM">   --->   Core 37 'RAM' <Latency = 1> <II = 1> <Delay = 3.25> <Storage> <Opcode : 'load' 'store'> <Ports = 2> <Width = 14> <Depth = 156> <RAM>
ST_11 : Operation 278 [1/1] (0.00ns)   --->   "br label %.critedge51" [cnn_ap_lp/conv_1.cpp:32]   --->   Operation 278 'br' <Predicate = (!and_ln924 & c_0 == 12) | (icmp_ln885 & c_0 == 12)> <Delay = 0.00>
ST_11 : Operation 279 [1/1] (3.25ns)   --->   "store i14 0, i14* %conv_out_11_V_addr, align 2" [cnn_ap_lp/conv_1.cpp:32]   --->   Operation 279 'store' <Predicate = (!and_ln924 & c_0 == 11) | (icmp_ln885 & c_0 == 11)> <Delay = 3.25> <Core = "RAM">   --->   Core 37 'RAM' <Latency = 1> <II = 1> <Delay = 3.25> <Storage> <Opcode : 'load' 'store'> <Ports = 2> <Width = 14> <Depth = 156> <RAM>
ST_11 : Operation 280 [1/1] (0.00ns)   --->   "br label %.critedge51" [cnn_ap_lp/conv_1.cpp:32]   --->   Operation 280 'br' <Predicate = (!and_ln924 & c_0 == 11) | (icmp_ln885 & c_0 == 11)> <Delay = 0.00>
ST_11 : Operation 281 [1/1] (3.25ns)   --->   "store i14 0, i14* %conv_out_10_V_addr, align 2" [cnn_ap_lp/conv_1.cpp:32]   --->   Operation 281 'store' <Predicate = (!and_ln924 & c_0 == 10) | (icmp_ln885 & c_0 == 10)> <Delay = 3.25> <Core = "RAM">   --->   Core 37 'RAM' <Latency = 1> <II = 1> <Delay = 3.25> <Storage> <Opcode : 'load' 'store'> <Ports = 2> <Width = 14> <Depth = 156> <RAM>
ST_11 : Operation 282 [1/1] (0.00ns)   --->   "br label %.critedge51" [cnn_ap_lp/conv_1.cpp:32]   --->   Operation 282 'br' <Predicate = (!and_ln924 & c_0 == 10) | (icmp_ln885 & c_0 == 10)> <Delay = 0.00>
ST_11 : Operation 283 [1/1] (3.25ns)   --->   "store i14 0, i14* %conv_out_9_V_addr, align 2" [cnn_ap_lp/conv_1.cpp:32]   --->   Operation 283 'store' <Predicate = (!and_ln924 & c_0 == 9) | (icmp_ln885 & c_0 == 9)> <Delay = 3.25> <Core = "RAM">   --->   Core 37 'RAM' <Latency = 1> <II = 1> <Delay = 3.25> <Storage> <Opcode : 'load' 'store'> <Ports = 2> <Width = 14> <Depth = 156> <RAM>
ST_11 : Operation 284 [1/1] (0.00ns)   --->   "br label %.critedge51" [cnn_ap_lp/conv_1.cpp:32]   --->   Operation 284 'br' <Predicate = (!and_ln924 & c_0 == 9) | (icmp_ln885 & c_0 == 9)> <Delay = 0.00>
ST_11 : Operation 285 [1/1] (3.25ns)   --->   "store i14 0, i14* %conv_out_8_V_addr, align 2" [cnn_ap_lp/conv_1.cpp:32]   --->   Operation 285 'store' <Predicate = (!and_ln924 & c_0 == 8) | (icmp_ln885 & c_0 == 8)> <Delay = 3.25> <Core = "RAM">   --->   Core 37 'RAM' <Latency = 1> <II = 1> <Delay = 3.25> <Storage> <Opcode : 'load' 'store'> <Ports = 2> <Width = 14> <Depth = 156> <RAM>
ST_11 : Operation 286 [1/1] (0.00ns)   --->   "br label %.critedge51" [cnn_ap_lp/conv_1.cpp:32]   --->   Operation 286 'br' <Predicate = (!and_ln924 & c_0 == 8) | (icmp_ln885 & c_0 == 8)> <Delay = 0.00>
ST_11 : Operation 287 [1/1] (3.25ns)   --->   "store i14 0, i14* %conv_out_7_V_addr, align 2" [cnn_ap_lp/conv_1.cpp:32]   --->   Operation 287 'store' <Predicate = (!and_ln924 & c_0 == 7) | (icmp_ln885 & c_0 == 7)> <Delay = 3.25> <Core = "RAM">   --->   Core 37 'RAM' <Latency = 1> <II = 1> <Delay = 3.25> <Storage> <Opcode : 'load' 'store'> <Ports = 2> <Width = 14> <Depth = 156> <RAM>
ST_11 : Operation 288 [1/1] (0.00ns)   --->   "br label %.critedge51" [cnn_ap_lp/conv_1.cpp:32]   --->   Operation 288 'br' <Predicate = (!and_ln924 & c_0 == 7) | (icmp_ln885 & c_0 == 7)> <Delay = 0.00>
ST_11 : Operation 289 [1/1] (3.25ns)   --->   "store i14 0, i14* %conv_out_6_V_addr, align 2" [cnn_ap_lp/conv_1.cpp:32]   --->   Operation 289 'store' <Predicate = (!and_ln924 & c_0 == 6) | (icmp_ln885 & c_0 == 6)> <Delay = 3.25> <Core = "RAM">   --->   Core 37 'RAM' <Latency = 1> <II = 1> <Delay = 3.25> <Storage> <Opcode : 'load' 'store'> <Ports = 2> <Width = 14> <Depth = 156> <RAM>
ST_11 : Operation 290 [1/1] (0.00ns)   --->   "br label %.critedge51" [cnn_ap_lp/conv_1.cpp:32]   --->   Operation 290 'br' <Predicate = (!and_ln924 & c_0 == 6) | (icmp_ln885 & c_0 == 6)> <Delay = 0.00>
ST_11 : Operation 291 [1/1] (3.25ns)   --->   "store i14 0, i14* %conv_out_5_V_addr, align 2" [cnn_ap_lp/conv_1.cpp:32]   --->   Operation 291 'store' <Predicate = (!and_ln924 & c_0 == 5) | (icmp_ln885 & c_0 == 5)> <Delay = 3.25> <Core = "RAM">   --->   Core 37 'RAM' <Latency = 1> <II = 1> <Delay = 3.25> <Storage> <Opcode : 'load' 'store'> <Ports = 2> <Width = 14> <Depth = 156> <RAM>
ST_11 : Operation 292 [1/1] (0.00ns)   --->   "br label %.critedge51" [cnn_ap_lp/conv_1.cpp:32]   --->   Operation 292 'br' <Predicate = (!and_ln924 & c_0 == 5) | (icmp_ln885 & c_0 == 5)> <Delay = 0.00>
ST_11 : Operation 293 [1/1] (3.25ns)   --->   "store i14 0, i14* %conv_out_4_V_addr, align 2" [cnn_ap_lp/conv_1.cpp:32]   --->   Operation 293 'store' <Predicate = (!and_ln924 & c_0 == 4) | (icmp_ln885 & c_0 == 4)> <Delay = 3.25> <Core = "RAM">   --->   Core 37 'RAM' <Latency = 1> <II = 1> <Delay = 3.25> <Storage> <Opcode : 'load' 'store'> <Ports = 2> <Width = 14> <Depth = 156> <RAM>
ST_11 : Operation 294 [1/1] (0.00ns)   --->   "br label %.critedge51" [cnn_ap_lp/conv_1.cpp:32]   --->   Operation 294 'br' <Predicate = (!and_ln924 & c_0 == 4) | (icmp_ln885 & c_0 == 4)> <Delay = 0.00>
ST_11 : Operation 295 [1/1] (3.25ns)   --->   "store i14 0, i14* %conv_out_3_V_addr, align 2" [cnn_ap_lp/conv_1.cpp:32]   --->   Operation 295 'store' <Predicate = (!and_ln924 & c_0 == 3) | (icmp_ln885 & c_0 == 3)> <Delay = 3.25> <Core = "RAM">   --->   Core 37 'RAM' <Latency = 1> <II = 1> <Delay = 3.25> <Storage> <Opcode : 'load' 'store'> <Ports = 2> <Width = 14> <Depth = 156> <RAM>
ST_11 : Operation 296 [1/1] (0.00ns)   --->   "br label %.critedge51" [cnn_ap_lp/conv_1.cpp:32]   --->   Operation 296 'br' <Predicate = (!and_ln924 & c_0 == 3) | (icmp_ln885 & c_0 == 3)> <Delay = 0.00>
ST_11 : Operation 297 [1/1] (3.25ns)   --->   "store i14 0, i14* %conv_out_2_V_addr, align 2" [cnn_ap_lp/conv_1.cpp:32]   --->   Operation 297 'store' <Predicate = (!and_ln924 & c_0 == 2) | (icmp_ln885 & c_0 == 2)> <Delay = 3.25> <Core = "RAM">   --->   Core 37 'RAM' <Latency = 1> <II = 1> <Delay = 3.25> <Storage> <Opcode : 'load' 'store'> <Ports = 2> <Width = 14> <Depth = 156> <RAM>
ST_11 : Operation 298 [1/1] (0.00ns)   --->   "br label %.critedge51" [cnn_ap_lp/conv_1.cpp:32]   --->   Operation 298 'br' <Predicate = (!and_ln924 & c_0 == 2) | (icmp_ln885 & c_0 == 2)> <Delay = 0.00>
ST_11 : Operation 299 [1/1] (3.25ns)   --->   "store i14 0, i14* %conv_out_1_V_addr, align 2" [cnn_ap_lp/conv_1.cpp:32]   --->   Operation 299 'store' <Predicate = (!and_ln924 & c_0 == 1) | (icmp_ln885 & c_0 == 1)> <Delay = 3.25> <Core = "RAM">   --->   Core 37 'RAM' <Latency = 1> <II = 1> <Delay = 3.25> <Storage> <Opcode : 'load' 'store'> <Ports = 2> <Width = 14> <Depth = 156> <RAM>
ST_11 : Operation 300 [1/1] (0.00ns)   --->   "br label %.critedge51" [cnn_ap_lp/conv_1.cpp:32]   --->   Operation 300 'br' <Predicate = (!and_ln924 & c_0 == 1) | (icmp_ln885 & c_0 == 1)> <Delay = 0.00>
ST_11 : Operation 301 [1/1] (3.25ns)   --->   "store i14 0, i14* %conv_out_0_V_addr, align 2" [cnn_ap_lp/conv_1.cpp:32]   --->   Operation 301 'store' <Predicate = (!and_ln924 & c_0 == 0) | (icmp_ln885 & c_0 == 0)> <Delay = 3.25> <Core = "RAM">   --->   Core 37 'RAM' <Latency = 1> <II = 1> <Delay = 3.25> <Storage> <Opcode : 'load' 'store'> <Ports = 2> <Width = 14> <Depth = 156> <RAM>
ST_11 : Operation 302 [1/1] (0.00ns)   --->   "br label %.critedge51" [cnn_ap_lp/conv_1.cpp:32]   --->   Operation 302 'br' <Predicate = (!and_ln924 & c_0 == 0) | (icmp_ln885 & c_0 == 0)> <Delay = 0.00>
ST_11 : Operation 303 [1/1] (3.25ns)   --->   "store i14 0, i14* %conv_out_25_V_addr, align 2" [cnn_ap_lp/conv_1.cpp:32]   --->   Operation 303 'store' <Predicate = (!and_ln924 & c_0 == 31) | (!and_ln924 & c_0 == 30) | (!and_ln924 & c_0 == 29) | (!and_ln924 & c_0 == 28) | (!and_ln924 & c_0 == 27) | (!and_ln924 & c_0 == 26) | (!and_ln924 & c_0 == 25) | (icmp_ln885 & c_0 == 31) | (icmp_ln885 & c_0 == 30) | (icmp_ln885 & c_0 == 29) | (icmp_ln885 & c_0 == 28) | (icmp_ln885 & c_0 == 27) | (icmp_ln885 & c_0 == 26) | (icmp_ln885 & c_0 == 25)> <Delay = 3.25> <Core = "RAM">   --->   Core 37 'RAM' <Latency = 1> <II = 1> <Delay = 3.25> <Storage> <Opcode : 'load' 'store'> <Ports = 2> <Width = 14> <Depth = 156> <RAM>
ST_11 : Operation 304 [1/1] (0.00ns)   --->   "br label %.critedge51" [cnn_ap_lp/conv_1.cpp:32]   --->   Operation 304 'br' <Predicate = (!and_ln924 & c_0 == 31) | (!and_ln924 & c_0 == 30) | (!and_ln924 & c_0 == 29) | (!and_ln924 & c_0 == 28) | (!and_ln924 & c_0 == 27) | (!and_ln924 & c_0 == 26) | (!and_ln924 & c_0 == 25) | (icmp_ln885 & c_0 == 31) | (icmp_ln885 & c_0 == 30) | (icmp_ln885 & c_0 == 29) | (icmp_ln885 & c_0 == 28) | (icmp_ln885 & c_0 == 27) | (icmp_ln885 & c_0 == 26) | (icmp_ln885 & c_0 == 25)> <Delay = 0.00>
ST_11 : Operation 305 [1/1] (0.00ns)   --->   "br label %Filter1_Loop_end"   --->   Operation 305 'br' <Predicate = (!and_ln924) | (icmp_ln885)> <Delay = 0.00>
ST_11 : Operation 306 [1/1] (0.00ns)   --->   "%empty_61 = call i32 (...)* @_ssdm_op_SpecRegionEnd([13 x i8]* @p_str31049, i32 %tmp_4)" [cnn_ap_lp/conv_1.cpp:34]   --->   Operation 306 'specregionend' 'empty_61' <Predicate = true> <Delay = 0.00>
ST_11 : Operation 307 [1/1] (0.00ns)   --->   "br label %3" [cnn_ap_lp/conv_1.cpp:14]   --->   Operation 307 'br' <Predicate = true> <Delay = 0.00>


============================================================
+ Verbose Summary: Timing violations
============================================================
Target clock period: 20ns, clock uncertainty: 2.5ns.

 <State 1>: 1.77ns
The critical path consists of the following:
	multiplexor before 'phi' operation ('r') with incoming values : ('r', cnn_ap_lp/conv_1.cpp:8) [32]  (1.77 ns)

 <State 2>: 1.92ns
The critical path consists of the following:
	'phi' operation ('r') with incoming values : ('r', cnn_ap_lp/conv_1.cpp:8) [32]  (0 ns)
	'sub' operation ('sub_ln203', cnn_ap_lp/conv_1.cpp:30) [44]  (1.92 ns)

 <State 3>: 1.78ns
The critical path consists of the following:
	'phi' operation ('c') with incoming values : ('c', cnn_ap_lp/conv_1.cpp:11) [47]  (0 ns)
	'add' operation ('c', cnn_ap_lp/conv_1.cpp:11) [50]  (1.78 ns)

 <State 4>: 1.82ns
The critical path consists of the following:
	'phi' operation ('f') with incoming values : ('f', cnn_ap_lp/conv_1.cpp:14) [57]  (0 ns)
	'add' operation ('add_ln203', cnn_ap_lp/conv_1.cpp:30) [68]  (1.82 ns)

 <State 5>: 3.51ns
The critical path consists of the following:
	'phi' operation ('wr') with incoming values : ('wr', cnn_ap_lp/conv_1.cpp:18) [99]  (0 ns)
	'add' operation ('add_ln23', cnn_ap_lp/conv_1.cpp:23) [112]  (1.78 ns)
	'sub' operation ('sub_ln1117', cnn_ap_lp/conv_1.cpp:23) [117]  (1.73 ns)

 <State 6>: 8.61ns
The critical path consists of the following:
	'phi' operation ('wc') with incoming values : ('wc', cnn_ap_lp/conv_1.cpp:21) [121]  (0 ns)
	'add' operation ('add_ln1116', cnn_ap_lp/conv_1.cpp:23) [130]  (1.78 ns)
	'sub' operation ('sub_ln1116_2', cnn_ap_lp/conv_1.cpp:23) [134]  (0 ns)
	'add' operation ('add_ln1116_3', cnn_ap_lp/conv_1.cpp:23) [135]  (3.58 ns)
	'getelementptr' operation ('conv_1_weights_V_add', cnn_ap_lp/conv_1.cpp:23) [137]  (0 ns)
	'load' operation ('conv_1_weights_V_loa', cnn_ap_lp/conv_1.cpp:23) on array 'conv_1_weights_V' [143]  (3.25 ns)

 <State 7>: 12.1ns
The critical path consists of the following:
	'load' operation ('conv_1_weights_V_loa', cnn_ap_lp/conv_1.cpp:23) on array 'conv_1_weights_V' [143]  (3.25 ns)
	'mul' operation of DSP[147] ('r.V', cnn_ap_lp/conv_1.cpp:23) [147]  (6.38 ns)
	'add' operation ('ret.V', cnn_ap_lp/conv_1.cpp:23) [152]  (2.43 ns)

 <State 8>: 7.28ns
The critical path consists of the following:
	'load' operation ('__Val2__', cnn_ap_lp/conv_1.cpp:26) on array 'conv_1_bias_V' [160]  (3.25 ns)
	'add' operation ('tmp.V', cnn_ap_lp/conv_1.cpp:26) [162]  (1.81 ns)
	'icmp' operation ('icmp_ln885', cnn_ap_lp/conv_1.cpp:29) [163]  (2.21 ns)

 <State 9>: 14.5ns
The critical path consists of the following:
	'sub' operation ('tmp.V', cnn_ap_lp/conv_1.cpp:29) [167]  (1.81 ns)
	'select' operation ('tmp.V', cnn_ap_lp/conv_1.cpp:29) [168]  (0.702 ns)
	'cttz' operation ('l', cnn_ap_lp/conv_1.cpp:29) [171]  (3.4 ns)
	'sub' operation ('sub_ln894', cnn_ap_lp/conv_1.cpp:29) [172]  (2.55 ns)
	'add' operation ('lsb_index', cnn_ap_lp/conv_1.cpp:29) [174]  (2.55 ns)
	'icmp' operation ('icmp_ln897', cnn_ap_lp/conv_1.cpp:29) [176]  (2.47 ns)
	'and' operation ('a', cnn_ap_lp/conv_1.cpp:29) [183]  (0 ns)
	'or' operation ('or_ln899', cnn_ap_lp/conv_1.cpp:29) [189]  (0 ns)
	blocking operation 0.978 ns on control path)

 <State 10>: 16.9ns
The critical path consists of the following:
	'add' operation ('add_ln908', cnn_ap_lp/conv_1.cpp:29) [194]  (2.55 ns)
	'lshr' operation ('lshr_ln908', cnn_ap_lp/conv_1.cpp:29) [195]  (0 ns)
	'select' operation ('m', cnn_ap_lp/conv_1.cpp:29) [200]  (0 ns)
	'add' operation ('m', cnn_ap_lp/conv_1.cpp:29) [202]  (4.42 ns)
	'select' operation ('select_ln915', cnn_ap_lp/conv_1.cpp:29) [206]  (0.692 ns)
	'add' operation ('add_ln915', cnn_ap_lp/conv_1.cpp:29) [209]  (3.76 ns)
	'dcmp' operation ('tmp_3', cnn_ap_lp/conv_1.cpp:29) [217]  (5.46 ns)

 <State 11>: 6.44ns
The critical path consists of the following:
	'dcmp' operation ('tmp_3', cnn_ap_lp/conv_1.cpp:29) [217]  (5.46 ns)
	'and' operation ('and_ln924', cnn_ap_lp/conv_1.cpp:29) [218]  (0.978 ns)


============================================================
+ Verbose Summary: Binding
============================================================
N/A
* FSMD analyzer results:
  - Output states:
 - Input state : 
  - Chain level:
	State 1
	State 2
	State 3
	State 4
	State 5
	State 6
	State 7
	State 8
	State 9
	State 10
	State 11


============================================================
+ Verbose Summary: Datapath Resource usage 
============================================================
N/A
