

================================================================
== Vivado HLS Report for 'conv_2'
================================================================
* Date:           Wed Aug  7 18:56:34 2024

* Version:        2019.1 (Build 2552052 on Fri May 24 15:28:33 MDT 2019)
* Project:        cnn_ap_lp
* Solution:       mp1_fp2_ap_cc
* Product family: zynq
* Target device:  xc7z020-clg400-1


================================================================
== Performance Estimates
================================================================
+ Timing (ns): 
    * Summary: 
    +--------+-------+----------+------------+
    |  Clock | Target| Estimated| Uncertainty|
    +--------+-------+----------+------------+
    |ap_clk  |  20.00|    16.881|        2.50|
    +--------+-------+----------+------------+

+ Latency (clock cycles): 
    * Summary: 
    +--------+--------+--------+--------+---------+
    |     Latency     |     Interval    | Pipeline|
    |   min  |   max  |   min  |   max  |   Type  |
    +--------+--------+--------+--------+---------+
    |  263561|  267433|  263561|  267433|   none  |
    +--------+--------+--------+--------+---------+

    + Detail: 
        * Instance: 
        N/A

        * Loop: 
        +-------------------------+--------+--------+---------------+-----------+-----------+------+----------+
        |                         |     Latency     |   Iteration   |  Initiation Interval  | Trip |          |
        |        Loop Name        |   min  |   max  |    Latency    |  achieved |   target  | Count| Pipelined|
        +-------------------------+--------+--------+---------------+-----------+-----------+------+----------+
        |- Row_Loop               |  263560|  267432| 23960 ~ 24312 |          -|          -|    11|    no    |
        | + Col_Loop              |   23958|   24310|  2178 ~ 2210  |          -|          -|    11|    no    |
        |  ++ Filter2_Loop        |    2176|    2208|   136 ~ 138   |          -|          -|    16|    no    |
        |   +++ W_Row_Loop        |     132|     132|             44|          -|          -|     3|    no    |
        |    ++++ W_Col_Loop      |      42|      42|             14|          -|          -|     3|    no    |
        |     +++++ Filter1_Loop  |      12|      12|              2|          -|          -|     6|    no    |
        +-------------------------+--------+--------+---------------+-----------+-----------+------+----------+

============================================================
+ Verbose Summary: Synthesis Manager
============================================================
InlineROM: 1
ExposeGlobal: 0
============================================================
+ Verbose Summary: CDFG Model
============================================================
IsTopModel: 0
ResetActiveHigh: 1
IsCombinational: 0
IsDatapathOnly: 0
HasWiredReturn: 1
HasMFsm: 0
HasVarLatency: 1
IsPipeline: 0
IsRtlPipelined: 0
IsInstanceOverlapped: 0
IsDontTouch: 0
HasImplIP: 0
IsGatedGlobalClock: 0


============================================================
+ Verbose Summary: Schedule
============================================================
* Number of FSM states : 12
* Pipeline : 0
* Dataflow Pipeline: 0

* FSM state transitions: 
1 --> 2 
2 --> 3 
3 --> 4 2 
4 --> 5 3 
5 --> 9 6 
6 --> 7 5 
7 --> 8 6 
8 --> 7 
9 --> 10 12 
10 --> 11 
11 --> 12 
12 --> 4 

* FSM state operations: 

State 1 <SV = 0> <Delay = 1.76>
ST_1 : Operation 13 [1/1] (1.76ns)   --->   "br label %1" [cnn_ap_lp/conv_2.cpp:8]   --->   Operation 13 'br' <Predicate = true> <Delay = 1.76>

State 2 <SV = 1> <Delay = 1.87>
ST_2 : Operation 14 [1/1] (0.00ns)   --->   "%r_0 = phi i4 [ 0, %0 ], [ %r, %Row_Loop_end ]"   --->   Operation 14 'phi' 'r_0' <Predicate = true> <Delay = 0.00>
ST_2 : Operation 15 [1/1] (0.00ns)   --->   "%phi_mul = phi i7 [ 0, %0 ], [ %add_ln8, %Row_Loop_end ]" [cnn_ap_lp/conv_2.cpp:8]   --->   Operation 15 'phi' 'phi_mul' <Predicate = true> <Delay = 0.00>
ST_2 : Operation 16 [1/1] (1.87ns)   --->   "%add_ln8 = add i7 %phi_mul, 11" [cnn_ap_lp/conv_2.cpp:8]   --->   Operation 16 'add' 'add_ln8' <Predicate = true> <Delay = 1.87> <Core = "AddSub">   --->   Core 14 'AddSub' <Latency = 0> <II = 1> <Delay = 3.52> <FuncUnit> <Opcode : 'add' 'sub'> <InPorts = 2> <OutPorts = 1>
ST_2 : Operation 17 [1/1] (1.30ns)   --->   "%icmp_ln8 = icmp eq i4 %r_0, -5" [cnn_ap_lp/conv_2.cpp:8]   --->   Operation 17 'icmp' 'icmp_ln8' <Predicate = true> <Delay = 1.30> <Core = "Cmp">   --->   Core 25 'Cmp' <Latency = 0> <II = 1> <Delay = 2.89> <FuncUnit> <Opcode : 'icmp'> <InPorts = 2> <OutPorts = 1>
ST_2 : Operation 18 [1/1] (0.00ns)   --->   "%empty = call i32 (...)* @_ssdm_op_SpecLoopTripCount(i64 11, i64 11, i64 11)"   --->   Operation 18 'speclooptripcount' 'empty' <Predicate = true> <Delay = 0.00>
ST_2 : Operation 19 [1/1] (1.73ns)   --->   "%r = add i4 %r_0, 1" [cnn_ap_lp/conv_2.cpp:8]   --->   Operation 19 'add' 'r' <Predicate = true> <Delay = 1.73> <Core = "AddSub">   --->   Core 14 'AddSub' <Latency = 0> <II = 1> <Delay = 3.52> <FuncUnit> <Opcode : 'add' 'sub'> <InPorts = 2> <OutPorts = 1>
ST_2 : Operation 20 [1/1] (0.00ns)   --->   "br i1 %icmp_ln8, label %7, label %Row_Loop_begin" [cnn_ap_lp/conv_2.cpp:8]   --->   Operation 20 'br' <Predicate = true> <Delay = 0.00>
ST_2 : Operation 21 [1/1] (0.00ns)   --->   "call void (...)* @_ssdm_op_SpecLoopName([9 x i8]* @p_str981) nounwind" [cnn_ap_lp/conv_2.cpp:9]   --->   Operation 21 'specloopname' <Predicate = (!icmp_ln8)> <Delay = 0.00>
ST_2 : Operation 22 [1/1] (0.00ns)   --->   "%tmp = call i32 (...)* @_ssdm_op_SpecRegionBegin([9 x i8]* @p_str981)" [cnn_ap_lp/conv_2.cpp:9]   --->   Operation 22 'specregionbegin' 'tmp' <Predicate = (!icmp_ln8)> <Delay = 0.00>
ST_2 : Operation 23 [1/1] (1.76ns)   --->   "br label %2" [cnn_ap_lp/conv_2.cpp:11]   --->   Operation 23 'br' <Predicate = (!icmp_ln8)> <Delay = 1.76>
ST_2 : Operation 24 [1/1] (0.00ns)   --->   "ret void" [cnn_ap_lp/conv_2.cpp:41]   --->   Operation 24 'ret' <Predicate = (icmp_ln8)> <Delay = 0.00>

State 3 <SV = 2> <Delay = 1.87>
ST_3 : Operation 25 [1/1] (0.00ns)   --->   "%c_0 = phi i4 [ 0, %Row_Loop_begin ], [ %c, %Col_Loop_end ]"   --->   Operation 25 'phi' 'c_0' <Predicate = true> <Delay = 0.00>
ST_3 : Operation 26 [1/1] (1.30ns)   --->   "%icmp_ln11 = icmp eq i4 %c_0, -5" [cnn_ap_lp/conv_2.cpp:11]   --->   Operation 26 'icmp' 'icmp_ln11' <Predicate = true> <Delay = 1.30> <Core = "Cmp">   --->   Core 25 'Cmp' <Latency = 0> <II = 1> <Delay = 2.89> <FuncUnit> <Opcode : 'icmp'> <InPorts = 2> <OutPorts = 1>
ST_3 : Operation 27 [1/1] (0.00ns)   --->   "%empty_46 = call i32 (...)* @_ssdm_op_SpecLoopTripCount(i64 11, i64 11, i64 11)"   --->   Operation 27 'speclooptripcount' 'empty_46' <Predicate = true> <Delay = 0.00>
ST_3 : Operation 28 [1/1] (1.73ns)   --->   "%c = add i4 %c_0, 1" [cnn_ap_lp/conv_2.cpp:11]   --->   Operation 28 'add' 'c' <Predicate = true> <Delay = 1.73> <Core = "AddSub">   --->   Core 14 'AddSub' <Latency = 0> <II = 1> <Delay = 3.52> <FuncUnit> <Opcode : 'add' 'sub'> <InPorts = 2> <OutPorts = 1>
ST_3 : Operation 29 [1/1] (0.00ns)   --->   "br i1 %icmp_ln11, label %Row_Loop_end, label %Col_Loop_begin" [cnn_ap_lp/conv_2.cpp:11]   --->   Operation 29 'br' <Predicate = true> <Delay = 0.00>
ST_3 : Operation 30 [1/1] (0.00ns)   --->   "call void (...)* @_ssdm_op_SpecLoopName([9 x i8]* @p_str2982) nounwind" [cnn_ap_lp/conv_2.cpp:12]   --->   Operation 30 'specloopname' <Predicate = (!icmp_ln11)> <Delay = 0.00>
ST_3 : Operation 31 [1/1] (0.00ns)   --->   "%tmp_7 = call i32 (...)* @_ssdm_op_SpecRegionBegin([9 x i8]* @p_str2982)" [cnn_ap_lp/conv_2.cpp:12]   --->   Operation 31 'specregionbegin' 'tmp_7' <Predicate = (!icmp_ln11)> <Delay = 0.00>
ST_3 : Operation 32 [1/1] (0.00ns)   --->   "%zext_ln203 = zext i4 %c_0 to i7" [cnn_ap_lp/conv_2.cpp:35]   --->   Operation 32 'zext' 'zext_ln203' <Predicate = (!icmp_ln11)> <Delay = 0.00>
ST_3 : Operation 33 [1/1] (1.87ns)   --->   "%add_ln203 = add i7 %phi_mul, %zext_ln203" [cnn_ap_lp/conv_2.cpp:35]   --->   Operation 33 'add' 'add_ln203' <Predicate = (!icmp_ln11)> <Delay = 1.87> <Core = "AddSub">   --->   Core 14 'AddSub' <Latency = 0> <II = 1> <Delay = 3.52> <FuncUnit> <Opcode : 'add' 'sub'> <InPorts = 2> <OutPorts = 1>
ST_3 : Operation 34 [1/1] (0.00ns)   --->   "%tmp_4 = call i11 @_ssdm_op_BitConcatenate.i11.i7.i4(i7 %add_ln203, i4 0)" [cnn_ap_lp/conv_2.cpp:14]   --->   Operation 34 'bitconcatenate' 'tmp_4' <Predicate = (!icmp_ln11)> <Delay = 0.00>
ST_3 : Operation 35 [1/1] (0.00ns)   --->   "%zext_ln14 = zext i11 %tmp_4 to i12" [cnn_ap_lp/conv_2.cpp:14]   --->   Operation 35 'zext' 'zext_ln14' <Predicate = (!icmp_ln11)> <Delay = 0.00>
ST_3 : Operation 36 [1/1] (1.76ns)   --->   "br label %3" [cnn_ap_lp/conv_2.cpp:14]   --->   Operation 36 'br' <Predicate = (!icmp_ln11)> <Delay = 1.76>
ST_3 : Operation 37 [1/1] (0.00ns)   --->   "%empty_55 = call i32 (...)* @_ssdm_op_SpecRegionEnd([9 x i8]* @p_str981, i32 %tmp)" [cnn_ap_lp/conv_2.cpp:40]   --->   Operation 37 'specregionend' 'empty_55' <Predicate = (icmp_ln11)> <Delay = 0.00>
ST_3 : Operation 38 [1/1] (0.00ns)   --->   "br label %1" [cnn_ap_lp/conv_2.cpp:8]   --->   Operation 38 'br' <Predicate = (icmp_ln11)> <Delay = 0.00>

State 4 <SV = 3> <Delay = 1.78>
ST_4 : Operation 39 [1/1] (0.00ns)   --->   "%f_0 = phi i5 [ 0, %Col_Loop_begin ], [ %f, %Filter2_Loop_end ]"   --->   Operation 39 'phi' 'f_0' <Predicate = true> <Delay = 0.00>
ST_4 : Operation 40 [1/1] (1.36ns)   --->   "%icmp_ln14 = icmp eq i5 %f_0, -16" [cnn_ap_lp/conv_2.cpp:14]   --->   Operation 40 'icmp' 'icmp_ln14' <Predicate = true> <Delay = 1.36> <Core = "Cmp">   --->   Core 25 'Cmp' <Latency = 0> <II = 1> <Delay = 2.89> <FuncUnit> <Opcode : 'icmp'> <InPorts = 2> <OutPorts = 1>
ST_4 : Operation 41 [1/1] (0.00ns)   --->   "%empty_47 = call i32 (...)* @_ssdm_op_SpecLoopTripCount(i64 16, i64 16, i64 16)"   --->   Operation 41 'speclooptripcount' 'empty_47' <Predicate = true> <Delay = 0.00>
ST_4 : Operation 42 [1/1] (1.78ns)   --->   "%f = add i5 %f_0, 1" [cnn_ap_lp/conv_2.cpp:14]   --->   Operation 42 'add' 'f' <Predicate = true> <Delay = 1.78> <Core = "AddSub">   --->   Core 14 'AddSub' <Latency = 0> <II = 1> <Delay = 3.52> <FuncUnit> <Opcode : 'add' 'sub'> <InPorts = 2> <OutPorts = 1>
ST_4 : Operation 43 [1/1] (0.00ns)   --->   "br i1 %icmp_ln14, label %Col_Loop_end, label %Filter2_Loop_begin" [cnn_ap_lp/conv_2.cpp:14]   --->   Operation 43 'br' <Predicate = true> <Delay = 0.00>
ST_4 : Operation 44 [1/1] (0.00ns)   --->   "call void (...)* @_ssdm_op_SpecLoopName([13 x i8]* @p_str3983) nounwind" [cnn_ap_lp/conv_2.cpp:15]   --->   Operation 44 'specloopname' <Predicate = (!icmp_ln14)> <Delay = 0.00>
ST_4 : Operation 45 [1/1] (0.00ns)   --->   "%tmp_8 = call i32 (...)* @_ssdm_op_SpecRegionBegin([13 x i8]* @p_str3983)" [cnn_ap_lp/conv_2.cpp:15]   --->   Operation 45 'specregionbegin' 'tmp_8' <Predicate = (!icmp_ln14)> <Delay = 0.00>
ST_4 : Operation 46 [1/1] (0.00ns)   --->   "%zext_ln26 = zext i5 %f_0 to i64" [cnn_ap_lp/conv_2.cpp:26]   --->   Operation 46 'zext' 'zext_ln26' <Predicate = (!icmp_ln14)> <Delay = 0.00>
ST_4 : Operation 47 [1/1] (0.00ns)   --->   "%zext_ln203_9 = zext i5 %f_0 to i11" [cnn_ap_lp/conv_2.cpp:35]   --->   Operation 47 'zext' 'zext_ln203_9' <Predicate = (!icmp_ln14)> <Delay = 0.00>
ST_4 : Operation 48 [1/1] (0.00ns)   --->   "%zext_ln203_10 = zext i5 %f_0 to i12" [cnn_ap_lp/conv_2.cpp:35]   --->   Operation 48 'zext' 'zext_ln203_10' <Predicate = (!icmp_ln14)> <Delay = 0.00>
ST_4 : Operation 49 [1/1] (1.63ns)   --->   "%add_ln203_5 = add i12 %zext_ln14, %zext_ln203_10" [cnn_ap_lp/conv_2.cpp:35]   --->   Operation 49 'add' 'add_ln203_5' <Predicate = (!icmp_ln14)> <Delay = 1.63> <Core = "AddSub">   --->   Core 14 'AddSub' <Latency = 0> <II = 1> <Delay = 3.52> <FuncUnit> <Opcode : 'add' 'sub'> <InPorts = 2> <OutPorts = 1>
ST_4 : Operation 50 [1/1] (0.00ns)   --->   "%zext_ln203_11 = zext i12 %add_ln203_5 to i64" [cnn_ap_lp/conv_2.cpp:35]   --->   Operation 50 'zext' 'zext_ln203_11' <Predicate = (!icmp_ln14)> <Delay = 0.00>
ST_4 : Operation 51 [1/1] (0.00ns)   --->   "%conv_out_V_addr = getelementptr [1936 x i14]* %conv_out_V, i64 0, i64 %zext_ln203_11" [cnn_ap_lp/conv_2.cpp:35]   --->   Operation 51 'getelementptr' 'conv_out_V_addr' <Predicate = (!icmp_ln14)> <Delay = 0.00>
ST_4 : Operation 52 [1/1] (1.76ns)   --->   "br label %4" [cnn_ap_lp/conv_2.cpp:18]   --->   Operation 52 'br' <Predicate = (!icmp_ln14)> <Delay = 1.76>
ST_4 : Operation 53 [1/1] (0.00ns)   --->   "%empty_54 = call i32 (...)* @_ssdm_op_SpecRegionEnd([9 x i8]* @p_str2982, i32 %tmp_7)" [cnn_ap_lp/conv_2.cpp:39]   --->   Operation 53 'specregionend' 'empty_54' <Predicate = (icmp_ln14)> <Delay = 0.00>
ST_4 : Operation 54 [1/1] (0.00ns)   --->   "br label %2" [cnn_ap_lp/conv_2.cpp:11]   --->   Operation 54 'br' <Predicate = (icmp_ln14)> <Delay = 0.00>

State 5 <SV = 4> <Delay = 3.60>
ST_5 : Operation 55 [1/1] (0.00ns)   --->   "%p_Val2_s = phi i14 [ 0, %Filter2_Loop_begin ], [ %w_sum_1, %W_Row_Loop_end ]" [cnn_ap_lp/conv_2.cpp:26]   --->   Operation 55 'phi' 'p_Val2_s' <Predicate = true> <Delay = 0.00>
ST_5 : Operation 56 [1/1] (0.00ns)   --->   "%wr_0 = phi i2 [ 0, %Filter2_Loop_begin ], [ %wr, %W_Row_Loop_end ]"   --->   Operation 56 'phi' 'wr_0' <Predicate = true> <Delay = 0.00>
ST_5 : Operation 57 [1/1] (0.00ns)   --->   "%zext_ln18 = zext i2 %wr_0 to i4" [cnn_ap_lp/conv_2.cpp:18]   --->   Operation 57 'zext' 'zext_ln18' <Predicate = true> <Delay = 0.00>
ST_5 : Operation 58 [1/1] (0.95ns)   --->   "%icmp_ln18 = icmp eq i2 %wr_0, -1" [cnn_ap_lp/conv_2.cpp:18]   --->   Operation 58 'icmp' 'icmp_ln18' <Predicate = true> <Delay = 0.95> <Core = "Cmp">   --->   Core 25 'Cmp' <Latency = 0> <II = 1> <Delay = 2.89> <FuncUnit> <Opcode : 'icmp'> <InPorts = 2> <OutPorts = 1>
ST_5 : Operation 59 [1/1] (0.00ns)   --->   "%empty_48 = call i32 (...)* @_ssdm_op_SpecLoopTripCount(i64 3, i64 3, i64 3)"   --->   Operation 59 'speclooptripcount' 'empty_48' <Predicate = true> <Delay = 0.00>
ST_5 : Operation 60 [1/1] (1.56ns)   --->   "%wr = add i2 %wr_0, 1" [cnn_ap_lp/conv_2.cpp:18]   --->   Operation 60 'add' 'wr' <Predicate = true> <Delay = 1.56> <Core = "AddSub">   --->   Core 14 'AddSub' <Latency = 0> <II = 1> <Delay = 3.52> <FuncUnit> <Opcode : 'add' 'sub'> <InPorts = 2> <OutPorts = 1>
ST_5 : Operation 61 [1/1] (0.00ns)   --->   "br i1 %icmp_ln18, label %_ZN13ap_fixed_baseILi15ELi7ELb1EL9ap_q_mode5EL9ap_o_mode3ELi0EEC1ILi14ELi6ELb1ELS0_5ELS1_3ELi0EEERKS_IXT_EXT0_EXT1_EXT2_EXT3_EXT4_EE.exit9.i.i, label %W_Row_Loop_begin" [cnn_ap_lp/conv_2.cpp:18]   --->   Operation 61 'br' <Predicate = true> <Delay = 0.00>
ST_5 : Operation 62 [1/1] (0.00ns)   --->   "call void (...)* @_ssdm_op_SpecLoopName([11 x i8]* @p_str4984) nounwind" [cnn_ap_lp/conv_2.cpp:19]   --->   Operation 62 'specloopname' <Predicate = (!icmp_ln18)> <Delay = 0.00>
ST_5 : Operation 63 [1/1] (0.00ns)   --->   "%tmp_9 = call i32 (...)* @_ssdm_op_SpecRegionBegin([11 x i8]* @p_str4984)" [cnn_ap_lp/conv_2.cpp:19]   --->   Operation 63 'specregionbegin' 'tmp_9' <Predicate = (!icmp_ln18)> <Delay = 0.00>
ST_5 : Operation 64 [1/1] (0.00ns)   --->   "%zext_ln1116 = zext i2 %wr_0 to i5" [cnn_ap_lp/conv_2.cpp:26]   --->   Operation 64 'zext' 'zext_ln1116' <Predicate = (!icmp_ln18)> <Delay = 0.00>
ST_5 : Operation 65 [1/1] (0.00ns)   --->   "%tmp_5 = call i4 @_ssdm_op_BitConcatenate.i4.i2.i2(i2 %wr_0, i2 0)" [cnn_ap_lp/conv_2.cpp:26]   --->   Operation 65 'bitconcatenate' 'tmp_5' <Predicate = (!icmp_ln18)> <Delay = 0.00>
ST_5 : Operation 66 [1/1] (0.00ns)   --->   "%zext_ln1116_1 = zext i4 %tmp_5 to i5" [cnn_ap_lp/conv_2.cpp:26]   --->   Operation 66 'zext' 'zext_ln1116_1' <Predicate = (!icmp_ln18)> <Delay = 0.00>
ST_5 : Operation 67 [1/1] (1.73ns)   --->   "%sub_ln1116 = sub i5 %zext_ln1116_1, %zext_ln1116" [cnn_ap_lp/conv_2.cpp:26]   --->   Operation 67 'sub' 'sub_ln1116' <Predicate = (!icmp_ln18)> <Delay = 1.73> <Core = "AddSub">   --->   Core 14 'AddSub' <Latency = 0> <II = 1> <Delay = 3.52> <FuncUnit> <Opcode : 'add' 'sub'> <InPorts = 2> <OutPorts = 1>
ST_5 : Operation 68 [1/1] (0.00ns)   --->   "%sext_ln1116 = sext i5 %sub_ln1116 to i6" [cnn_ap_lp/conv_2.cpp:26]   --->   Operation 68 'sext' 'sext_ln1116' <Predicate = (!icmp_ln18)> <Delay = 0.00>
ST_5 : Operation 69 [1/1] (1.73ns)   --->   "%add_ln26 = add i4 %zext_ln18, %r_0" [cnn_ap_lp/conv_2.cpp:26]   --->   Operation 69 'add' 'add_ln26' <Predicate = (!icmp_ln18)> <Delay = 1.73> <Core = "AddSub">   --->   Core 14 'AddSub' <Latency = 0> <II = 1> <Delay = 3.52> <FuncUnit> <Opcode : 'add' 'sub'> <InPorts = 2> <OutPorts = 1>
ST_5 : Operation 70 [1/1] (0.00ns)   --->   "%tmp_6 = call i7 @_ssdm_op_BitConcatenate.i7.i4.i3(i4 %add_ln26, i3 0)" [cnn_ap_lp/conv_2.cpp:26]   --->   Operation 70 'bitconcatenate' 'tmp_6' <Predicate = (!icmp_ln18)> <Delay = 0.00>
ST_5 : Operation 71 [1/1] (0.00ns)   --->   "%zext_ln1117 = zext i7 %tmp_6 to i8" [cnn_ap_lp/conv_2.cpp:26]   --->   Operation 71 'zext' 'zext_ln1117' <Predicate = (!icmp_ln18)> <Delay = 0.00>
ST_5 : Operation 72 [1/1] (0.00ns)   --->   "%tmp_10 = call i5 @_ssdm_op_BitConcatenate.i5.i4.i1(i4 %add_ln26, i1 false)" [cnn_ap_lp/conv_2.cpp:26]   --->   Operation 72 'bitconcatenate' 'tmp_10' <Predicate = (!icmp_ln18)> <Delay = 0.00>
ST_5 : Operation 73 [1/1] (0.00ns)   --->   "%zext_ln1117_1 = zext i5 %tmp_10 to i8" [cnn_ap_lp/conv_2.cpp:26]   --->   Operation 73 'zext' 'zext_ln1117_1' <Predicate = (!icmp_ln18)> <Delay = 0.00>
ST_5 : Operation 74 [1/1] (1.87ns)   --->   "%sub_ln1117 = sub i8 %zext_ln1117, %zext_ln1117_1" [cnn_ap_lp/conv_2.cpp:26]   --->   Operation 74 'sub' 'sub_ln1117' <Predicate = (!icmp_ln18)> <Delay = 1.87> <Core = "AddSub">   --->   Core 14 'AddSub' <Latency = 0> <II = 1> <Delay = 3.52> <FuncUnit> <Opcode : 'add' 'sub'> <InPorts = 2> <OutPorts = 1>
ST_5 : Operation 75 [1/1] (1.76ns)   --->   "br label %5" [cnn_ap_lp/conv_2.cpp:21]   --->   Operation 75 'br' <Predicate = (!icmp_ln18)> <Delay = 1.76>
ST_5 : Operation 76 [1/1] (0.00ns)   --->   "%conv_2_bias_V_addr = getelementptr [16 x i8]* @conv_2_bias_V, i64 0, i64 %zext_ln26" [cnn_ap_lp/conv_2.cpp:31]   --->   Operation 76 'getelementptr' 'conv_2_bias_V_addr' <Predicate = (icmp_ln18)> <Delay = 0.00>
ST_5 : Operation 77 [2/2] (3.25ns)   --->   "%p_Val2_15 = load i8* %conv_2_bias_V_addr, align 1" [cnn_ap_lp/conv_2.cpp:31]   --->   Operation 77 'load' 'p_Val2_15' <Predicate = (icmp_ln18)> <Delay = 3.25> <Core = "ROM_nP">   --->   Core 52 'ROM_nP' <Latency = 1> <II = 1> <Delay = 3.25> <Storage> <Opcode : 'load'> <Ports = 0> <Width = 8> <Depth = 16> <ROM>

State 6 <SV = 5> <Delay = 3.65>
ST_6 : Operation 78 [1/1] (0.00ns)   --->   "%w_sum_1 = phi i14 [ %p_Val2_s, %W_Row_Loop_begin ], [ %p_Val2_19, %W_Col_Loop_end ]"   --->   Operation 78 'phi' 'w_sum_1' <Predicate = true> <Delay = 0.00>
ST_6 : Operation 79 [1/1] (0.00ns)   --->   "%wc_0 = phi i2 [ 0, %W_Row_Loop_begin ], [ %wc, %W_Col_Loop_end ]"   --->   Operation 79 'phi' 'wc_0' <Predicate = true> <Delay = 0.00>
ST_6 : Operation 80 [1/1] (0.95ns)   --->   "%icmp_ln21 = icmp eq i2 %wc_0, -1" [cnn_ap_lp/conv_2.cpp:21]   --->   Operation 80 'icmp' 'icmp_ln21' <Predicate = true> <Delay = 0.95> <Core = "Cmp">   --->   Core 25 'Cmp' <Latency = 0> <II = 1> <Delay = 2.89> <FuncUnit> <Opcode : 'icmp'> <InPorts = 2> <OutPorts = 1>
ST_6 : Operation 81 [1/1] (0.00ns)   --->   "%empty_49 = call i32 (...)* @_ssdm_op_SpecLoopTripCount(i64 3, i64 3, i64 3)"   --->   Operation 81 'speclooptripcount' 'empty_49' <Predicate = true> <Delay = 0.00>
ST_6 : Operation 82 [1/1] (1.56ns)   --->   "%wc = add i2 %wc_0, 1" [cnn_ap_lp/conv_2.cpp:21]   --->   Operation 82 'add' 'wc' <Predicate = true> <Delay = 1.56> <Core = "AddSub">   --->   Core 14 'AddSub' <Latency = 0> <II = 1> <Delay = 3.52> <FuncUnit> <Opcode : 'add' 'sub'> <InPorts = 2> <OutPorts = 1>
ST_6 : Operation 83 [1/1] (0.00ns)   --->   "br i1 %icmp_ln21, label %W_Row_Loop_end, label %W_Col_Loop_begin" [cnn_ap_lp/conv_2.cpp:21]   --->   Operation 83 'br' <Predicate = true> <Delay = 0.00>
ST_6 : Operation 84 [1/1] (0.00ns)   --->   "call void (...)* @_ssdm_op_SpecLoopName([11 x i8]* @p_str5985) nounwind" [cnn_ap_lp/conv_2.cpp:22]   --->   Operation 84 'specloopname' <Predicate = (!icmp_ln21)> <Delay = 0.00>
ST_6 : Operation 85 [1/1] (0.00ns)   --->   "%tmp_s = call i32 (...)* @_ssdm_op_SpecRegionBegin([11 x i8]* @p_str5985)" [cnn_ap_lp/conv_2.cpp:22]   --->   Operation 85 'specregionbegin' 'tmp_s' <Predicate = (!icmp_ln21)> <Delay = 0.00>
ST_6 : Operation 86 [1/1] (0.00ns)   --->   "%zext_ln1116_2 = zext i2 %wc_0 to i6" [cnn_ap_lp/conv_2.cpp:26]   --->   Operation 86 'zext' 'zext_ln1116_2' <Predicate = (!icmp_ln21)> <Delay = 0.00>
ST_6 : Operation 87 [1/1] (1.78ns)   --->   "%add_ln1116 = add i6 %sext_ln1116, %zext_ln1116_2" [cnn_ap_lp/conv_2.cpp:26]   --->   Operation 87 'add' 'add_ln1116' <Predicate = (!icmp_ln21)> <Delay = 1.78> <Core = "AddSub">   --->   Core 14 'AddSub' <Latency = 0> <II = 1> <Delay = 3.52> <FuncUnit> <Opcode : 'add' 'sub'> <InPorts = 2> <OutPorts = 1>
ST_6 : Operation 88 [1/1] (0.00ns)   --->   "%trunc_ln1116 = trunc i6 %add_ln1116 to i4" [cnn_ap_lp/conv_2.cpp:26]   --->   Operation 88 'trunc' 'trunc_ln1116' <Predicate = (!icmp_ln21)> <Delay = 0.00>
ST_6 : Operation 89 [1/1] (0.00ns)   --->   "%p_shl = call i7 @_ssdm_op_BitConcatenate.i7.i4.i3(i4 %trunc_ln1116, i3 0)" [cnn_ap_lp/conv_2.cpp:26]   --->   Operation 89 'bitconcatenate' 'p_shl' <Predicate = (!icmp_ln21)> <Delay = 0.00>
ST_6 : Operation 90 [1/1] (0.00ns)   --->   "%tmp_15 = call i7 @_ssdm_op_BitConcatenate.i7.i6.i1(i6 %add_ln1116, i1 false)" [cnn_ap_lp/conv_2.cpp:26]   --->   Operation 90 'bitconcatenate' 'tmp_15' <Predicate = (!icmp_ln21)> <Delay = 0.00>
ST_6 : Operation 91 [1/1] (1.87ns)   --->   "%sub_ln1116_1 = sub i7 %p_shl, %tmp_15" [cnn_ap_lp/conv_2.cpp:26]   --->   Operation 91 'sub' 'sub_ln1116_1' <Predicate = (!icmp_ln21)> <Delay = 1.87> <Core = "AddSub">   --->   Core 14 'AddSub' <Latency = 0> <II = 1> <Delay = 3.52> <FuncUnit> <Opcode : 'add' 'sub'> <InPorts = 2> <OutPorts = 1>
ST_6 : Operation 92 [1/1] (0.00ns)   --->   "%zext_ln26_1 = zext i2 %wc_0 to i4" [cnn_ap_lp/conv_2.cpp:26]   --->   Operation 92 'zext' 'zext_ln26_1' <Predicate = (!icmp_ln21)> <Delay = 0.00>
ST_6 : Operation 93 [1/1] (1.73ns)   --->   "%add_ln1117 = add i4 %c_0, %zext_ln26_1" [cnn_ap_lp/conv_2.cpp:26]   --->   Operation 93 'add' 'add_ln1117' <Predicate = (!icmp_ln21)> <Delay = 1.73> <Core = "AddSub">   --->   Core 14 'AddSub' <Latency = 0> <II = 1> <Delay = 3.52> <FuncUnit> <Opcode : 'add' 'sub'> <InPorts = 2> <OutPorts = 1>
ST_6 : Operation 94 [1/1] (1.76ns)   --->   "br label %6" [cnn_ap_lp/conv_2.cpp:24]   --->   Operation 94 'br' <Predicate = (!icmp_ln21)> <Delay = 1.76>
ST_6 : Operation 95 [1/1] (0.00ns)   --->   "%empty_52 = call i32 (...)* @_ssdm_op_SpecRegionEnd([11 x i8]* @p_str4984, i32 %tmp_9)" [cnn_ap_lp/conv_2.cpp:29]   --->   Operation 95 'specregionend' 'empty_52' <Predicate = (icmp_ln21)> <Delay = 0.00>
ST_6 : Operation 96 [1/1] (0.00ns)   --->   "br label %4" [cnn_ap_lp/conv_2.cpp:18]   --->   Operation 96 'br' <Predicate = (icmp_ln21)> <Delay = 0.00>

State 7 <SV = 6> <Delay = 6.76>
ST_7 : Operation 97 [1/1] (0.00ns)   --->   "%p_Val2_19 = phi i14 [ %w_sum_1, %W_Col_Loop_begin ], [ %w_sum_V, %_ZN13ap_fixed_baseILi29ELi13ELb1EL9ap_q_mode5EL9ap_o_mode3ELi0EEC1ILi14ELi6ELb1ELS0_5ELS1_3ELi0EEERKS_IXT_EXT0_EXT1_EXT2_EXT3_EXT4_EE.exit.i.i ]"   --->   Operation 97 'phi' 'p_Val2_19' <Predicate = true> <Delay = 0.00>
ST_7 : Operation 98 [1/1] (0.00ns)   --->   "%ch_0 = phi i3 [ 0, %W_Col_Loop_begin ], [ %ch, %_ZN13ap_fixed_baseILi29ELi13ELb1EL9ap_q_mode5EL9ap_o_mode3ELi0EEC1ILi14ELi6ELb1ELS0_5ELS1_3ELi0EEERKS_IXT_EXT0_EXT1_EXT2_EXT3_EXT4_EE.exit.i.i ]"   --->   Operation 98 'phi' 'ch_0' <Predicate = true> <Delay = 0.00>
ST_7 : Operation 99 [1/1] (1.13ns)   --->   "%icmp_ln24 = icmp eq i3 %ch_0, -2" [cnn_ap_lp/conv_2.cpp:24]   --->   Operation 99 'icmp' 'icmp_ln24' <Predicate = true> <Delay = 1.13> <Core = "Cmp">   --->   Core 25 'Cmp' <Latency = 0> <II = 1> <Delay = 2.89> <FuncUnit> <Opcode : 'icmp'> <InPorts = 2> <OutPorts = 1>
ST_7 : Operation 100 [1/1] (0.00ns)   --->   "%empty_50 = call i32 (...)* @_ssdm_op_SpecLoopTripCount(i64 6, i64 6, i64 6)"   --->   Operation 100 'speclooptripcount' 'empty_50' <Predicate = true> <Delay = 0.00>
ST_7 : Operation 101 [1/1] (1.65ns)   --->   "%ch = add i3 %ch_0, 1" [cnn_ap_lp/conv_2.cpp:24]   --->   Operation 101 'add' 'ch' <Predicate = true> <Delay = 1.65> <Core = "AddSub">   --->   Core 14 'AddSub' <Latency = 0> <II = 1> <Delay = 3.52> <FuncUnit> <Opcode : 'add' 'sub'> <InPorts = 2> <OutPorts = 1>
ST_7 : Operation 102 [1/1] (0.00ns)   --->   "br i1 %icmp_ln24, label %W_Col_Loop_end, label %_ZN13ap_fixed_baseILi29ELi13ELb1EL9ap_q_mode5EL9ap_o_mode3ELi0EEC1ILi14ELi6ELb1ELS0_5ELS1_3ELi0EEERKS_IXT_EXT0_EXT1_EXT2_EXT3_EXT4_EE.exit.i.i" [cnn_ap_lp/conv_2.cpp:24]   --->   Operation 102 'br' <Predicate = true> <Delay = 0.00>
ST_7 : Operation 103 [1/1] (0.00ns)   --->   "%zext_ln1116_3 = zext i3 %ch_0 to i7" [cnn_ap_lp/conv_2.cpp:26]   --->   Operation 103 'zext' 'zext_ln1116_3' <Predicate = (!icmp_ln24)> <Delay = 0.00>
ST_7 : Operation 104 [1/1] (0.00ns)   --->   "%zext_ln1116_4 = zext i3 %ch_0 to i8" [cnn_ap_lp/conv_2.cpp:26]   --->   Operation 104 'zext' 'zext_ln1116_4' <Predicate = (!icmp_ln24)> <Delay = 0.00>
ST_7 : Operation 105 [1/1] (1.87ns)   --->   "%add_ln1116_1 = add i7 %zext_ln1116_3, %sub_ln1116_1" [cnn_ap_lp/conv_2.cpp:26]   --->   Operation 105 'add' 'add_ln1116_1' <Predicate = (!icmp_ln24)> <Delay = 1.87> <Core = "AddSub">   --->   Core 14 'AddSub' <Latency = 0> <II = 1> <Delay = 3.52> <FuncUnit> <Opcode : 'add' 'sub'> <InPorts = 2> <OutPorts = 1>
ST_7 : Operation 106 [1/1] (0.00ns)   --->   "%tmp_26_cast = call i11 @_ssdm_op_BitConcatenate.i11.i7.i4(i7 %add_ln1116_1, i4 0)" [cnn_ap_lp/conv_2.cpp:26]   --->   Operation 106 'bitconcatenate' 'tmp_26_cast' <Predicate = (!icmp_ln24)> <Delay = 0.00>
ST_7 : Operation 107 [1/1] (1.63ns)   --->   "%add_ln1116_2 = add i11 %zext_ln203_9, %tmp_26_cast" [cnn_ap_lp/conv_2.cpp:26]   --->   Operation 107 'add' 'add_ln1116_2' <Predicate = (!icmp_ln24)> <Delay = 1.63> <Core = "AddSub">   --->   Core 14 'AddSub' <Latency = 0> <II = 1> <Delay = 3.52> <FuncUnit> <Opcode : 'add' 'sub'> <InPorts = 2> <OutPorts = 1>
ST_7 : Operation 108 [1/1] (0.00ns)   --->   "%zext_ln1116_5 = zext i11 %add_ln1116_2 to i64" [cnn_ap_lp/conv_2.cpp:26]   --->   Operation 108 'zext' 'zext_ln1116_5' <Predicate = (!icmp_ln24)> <Delay = 0.00>
ST_7 : Operation 109 [1/1] (0.00ns)   --->   "%conv_2_weights_V_add = getelementptr [864 x i10]* @conv_2_weights_V, i64 0, i64 %zext_ln1116_5" [cnn_ap_lp/conv_2.cpp:26]   --->   Operation 109 'getelementptr' 'conv_2_weights_V_add' <Predicate = (!icmp_ln24)> <Delay = 0.00>
ST_7 : Operation 110 [1/1] (1.91ns)   --->   "%add_ln1117_1 = add i8 %zext_ln1116_4, %sub_ln1117" [cnn_ap_lp/conv_2.cpp:26]   --->   Operation 110 'add' 'add_ln1117_1' <Predicate = (!icmp_ln24)> <Delay = 1.91> <Core = "AddSub">   --->   Core 14 'AddSub' <Latency = 0> <II = 1> <Delay = 3.52> <FuncUnit> <Opcode : 'add' 'sub'> <InPorts = 2> <OutPorts = 1>
ST_7 : Operation 111 [1/1] (0.00ns)   --->   "%sext_ln1117 = sext i8 %add_ln1117_1 to i64" [cnn_ap_lp/conv_2.cpp:26]   --->   Operation 111 'sext' 'sext_ln1117' <Predicate = (!icmp_ln24)> <Delay = 0.00>
ST_7 : Operation 112 [1/1] (0.00ns)   --->   "%input_0_V_addr = getelementptr [78 x i14]* %input_0_V, i64 0, i64 %sext_ln1117" [cnn_ap_lp/conv_2.cpp:26]   --->   Operation 112 'getelementptr' 'input_0_V_addr' <Predicate = (!icmp_ln24)> <Delay = 0.00>
ST_7 : Operation 113 [1/1] (0.00ns)   --->   "%input_1_V_addr = getelementptr [78 x i14]* %input_1_V, i64 0, i64 %sext_ln1117" [cnn_ap_lp/conv_2.cpp:26]   --->   Operation 113 'getelementptr' 'input_1_V_addr' <Predicate = (!icmp_ln24)> <Delay = 0.00>
ST_7 : Operation 114 [1/1] (0.00ns)   --->   "%input_2_V_addr = getelementptr [78 x i14]* %input_2_V, i64 0, i64 %sext_ln1117" [cnn_ap_lp/conv_2.cpp:26]   --->   Operation 114 'getelementptr' 'input_2_V_addr' <Predicate = (!icmp_ln24)> <Delay = 0.00>
ST_7 : Operation 115 [1/1] (0.00ns)   --->   "%input_3_V_addr = getelementptr [78 x i14]* %input_3_V, i64 0, i64 %sext_ln1117" [cnn_ap_lp/conv_2.cpp:26]   --->   Operation 115 'getelementptr' 'input_3_V_addr' <Predicate = (!icmp_ln24)> <Delay = 0.00>
ST_7 : Operation 116 [1/1] (0.00ns)   --->   "%input_4_V_addr = getelementptr [78 x i14]* %input_4_V, i64 0, i64 %sext_ln1117" [cnn_ap_lp/conv_2.cpp:26]   --->   Operation 116 'getelementptr' 'input_4_V_addr' <Predicate = (!icmp_ln24)> <Delay = 0.00>
ST_7 : Operation 117 [1/1] (0.00ns)   --->   "%input_5_V_addr = getelementptr [78 x i14]* %input_5_V, i64 0, i64 %sext_ln1117" [cnn_ap_lp/conv_2.cpp:26]   --->   Operation 117 'getelementptr' 'input_5_V_addr' <Predicate = (!icmp_ln24)> <Delay = 0.00>
ST_7 : Operation 118 [1/1] (0.00ns)   --->   "%input_6_V_addr = getelementptr [78 x i14]* %input_6_V, i64 0, i64 %sext_ln1117" [cnn_ap_lp/conv_2.cpp:26]   --->   Operation 118 'getelementptr' 'input_6_V_addr' <Predicate = (!icmp_ln24)> <Delay = 0.00>
ST_7 : Operation 119 [1/1] (0.00ns)   --->   "%input_7_V_addr = getelementptr [78 x i14]* %input_7_V, i64 0, i64 %sext_ln1117" [cnn_ap_lp/conv_2.cpp:26]   --->   Operation 119 'getelementptr' 'input_7_V_addr' <Predicate = (!icmp_ln24)> <Delay = 0.00>
ST_7 : Operation 120 [1/1] (0.00ns)   --->   "%input_8_V_addr = getelementptr [78 x i14]* %input_8_V, i64 0, i64 %sext_ln1117" [cnn_ap_lp/conv_2.cpp:26]   --->   Operation 120 'getelementptr' 'input_8_V_addr' <Predicate = (!icmp_ln24)> <Delay = 0.00>
ST_7 : Operation 121 [1/1] (0.00ns)   --->   "%input_9_V_addr = getelementptr [78 x i14]* %input_9_V, i64 0, i64 %sext_ln1117" [cnn_ap_lp/conv_2.cpp:26]   --->   Operation 121 'getelementptr' 'input_9_V_addr' <Predicate = (!icmp_ln24)> <Delay = 0.00>
ST_7 : Operation 122 [1/1] (0.00ns)   --->   "%input_10_V_addr = getelementptr [78 x i14]* %input_10_V, i64 0, i64 %sext_ln1117" [cnn_ap_lp/conv_2.cpp:26]   --->   Operation 122 'getelementptr' 'input_10_V_addr' <Predicate = (!icmp_ln24)> <Delay = 0.00>
ST_7 : Operation 123 [1/1] (0.00ns)   --->   "%input_11_V_addr = getelementptr [78 x i14]* %input_11_V, i64 0, i64 %sext_ln1117" [cnn_ap_lp/conv_2.cpp:26]   --->   Operation 123 'getelementptr' 'input_11_V_addr' <Predicate = (!icmp_ln24)> <Delay = 0.00>
ST_7 : Operation 124 [1/1] (0.00ns)   --->   "%input_12_V_addr = getelementptr [78 x i14]* %input_12_V, i64 0, i64 %sext_ln1117" [cnn_ap_lp/conv_2.cpp:26]   --->   Operation 124 'getelementptr' 'input_12_V_addr' <Predicate = (!icmp_ln24)> <Delay = 0.00>
ST_7 : Operation 125 [2/2] (3.25ns)   --->   "%conv_2_weights_V_loa = load i10* %conv_2_weights_V_add, align 2" [cnn_ap_lp/conv_2.cpp:26]   --->   Operation 125 'load' 'conv_2_weights_V_loa' <Predicate = (!icmp_ln24)> <Delay = 3.25> <Core = "ROM_nP">   --->   Core 52 'ROM_nP' <Latency = 1> <II = 1> <Delay = 3.25> <Storage> <Opcode : 'load'> <Ports = 0> <Width = 8> <Depth = 16> <ROM>
ST_7 : Operation 126 [2/2] (3.25ns)   --->   "%input_0_V_load = load i14* %input_0_V_addr, align 2" [cnn_ap_lp/conv_2.cpp:26]   --->   Operation 126 'load' 'input_0_V_load' <Predicate = (!icmp_ln24)> <Delay = 3.25> <Core = "RAM">   --->   Core 37 'RAM' <Latency = 1> <II = 1> <Delay = 3.25> <Storage> <Opcode : 'load' 'store'> <Ports = 2> <Width = 14> <Depth = 1936> <RAM>
ST_7 : Operation 127 [2/2] (3.25ns)   --->   "%input_1_V_load = load i14* %input_1_V_addr, align 2" [cnn_ap_lp/conv_2.cpp:26]   --->   Operation 127 'load' 'input_1_V_load' <Predicate = (!icmp_ln24)> <Delay = 3.25> <Core = "RAM">   --->   Core 37 'RAM' <Latency = 1> <II = 1> <Delay = 3.25> <Storage> <Opcode : 'load' 'store'> <Ports = 2> <Width = 14> <Depth = 1936> <RAM>
ST_7 : Operation 128 [2/2] (3.25ns)   --->   "%input_2_V_load = load i14* %input_2_V_addr, align 2" [cnn_ap_lp/conv_2.cpp:26]   --->   Operation 128 'load' 'input_2_V_load' <Predicate = (!icmp_ln24)> <Delay = 3.25> <Core = "RAM">   --->   Core 37 'RAM' <Latency = 1> <II = 1> <Delay = 3.25> <Storage> <Opcode : 'load' 'store'> <Ports = 2> <Width = 14> <Depth = 1936> <RAM>
ST_7 : Operation 129 [2/2] (3.25ns)   --->   "%input_3_V_load = load i14* %input_3_V_addr, align 2" [cnn_ap_lp/conv_2.cpp:26]   --->   Operation 129 'load' 'input_3_V_load' <Predicate = (!icmp_ln24)> <Delay = 3.25> <Core = "RAM">   --->   Core 37 'RAM' <Latency = 1> <II = 1> <Delay = 3.25> <Storage> <Opcode : 'load' 'store'> <Ports = 2> <Width = 14> <Depth = 1936> <RAM>
ST_7 : Operation 130 [2/2] (3.25ns)   --->   "%input_4_V_load = load i14* %input_4_V_addr, align 2" [cnn_ap_lp/conv_2.cpp:26]   --->   Operation 130 'load' 'input_4_V_load' <Predicate = (!icmp_ln24)> <Delay = 3.25> <Core = "RAM">   --->   Core 37 'RAM' <Latency = 1> <II = 1> <Delay = 3.25> <Storage> <Opcode : 'load' 'store'> <Ports = 2> <Width = 14> <Depth = 1936> <RAM>
ST_7 : Operation 131 [2/2] (3.25ns)   --->   "%input_5_V_load = load i14* %input_5_V_addr, align 2" [cnn_ap_lp/conv_2.cpp:26]   --->   Operation 131 'load' 'input_5_V_load' <Predicate = (!icmp_ln24)> <Delay = 3.25> <Core = "RAM">   --->   Core 37 'RAM' <Latency = 1> <II = 1> <Delay = 3.25> <Storage> <Opcode : 'load' 'store'> <Ports = 2> <Width = 14> <Depth = 1936> <RAM>
ST_7 : Operation 132 [2/2] (3.25ns)   --->   "%input_6_V_load = load i14* %input_6_V_addr, align 2" [cnn_ap_lp/conv_2.cpp:26]   --->   Operation 132 'load' 'input_6_V_load' <Predicate = (!icmp_ln24)> <Delay = 3.25> <Core = "RAM">   --->   Core 37 'RAM' <Latency = 1> <II = 1> <Delay = 3.25> <Storage> <Opcode : 'load' 'store'> <Ports = 2> <Width = 14> <Depth = 1936> <RAM>
ST_7 : Operation 133 [2/2] (3.25ns)   --->   "%input_7_V_load = load i14* %input_7_V_addr, align 2" [cnn_ap_lp/conv_2.cpp:26]   --->   Operation 133 'load' 'input_7_V_load' <Predicate = (!icmp_ln24)> <Delay = 3.25> <Core = "RAM">   --->   Core 37 'RAM' <Latency = 1> <II = 1> <Delay = 3.25> <Storage> <Opcode : 'load' 'store'> <Ports = 2> <Width = 14> <Depth = 1936> <RAM>
ST_7 : Operation 134 [2/2] (3.25ns)   --->   "%input_8_V_load = load i14* %input_8_V_addr, align 2" [cnn_ap_lp/conv_2.cpp:26]   --->   Operation 134 'load' 'input_8_V_load' <Predicate = (!icmp_ln24)> <Delay = 3.25> <Core = "RAM">   --->   Core 37 'RAM' <Latency = 1> <II = 1> <Delay = 3.25> <Storage> <Opcode : 'load' 'store'> <Ports = 2> <Width = 14> <Depth = 1936> <RAM>
ST_7 : Operation 135 [2/2] (3.25ns)   --->   "%input_9_V_load = load i14* %input_9_V_addr, align 2" [cnn_ap_lp/conv_2.cpp:26]   --->   Operation 135 'load' 'input_9_V_load' <Predicate = (!icmp_ln24)> <Delay = 3.25> <Core = "RAM">   --->   Core 37 'RAM' <Latency = 1> <II = 1> <Delay = 3.25> <Storage> <Opcode : 'load' 'store'> <Ports = 2> <Width = 14> <Depth = 1936> <RAM>
ST_7 : Operation 136 [2/2] (3.25ns)   --->   "%input_10_V_load = load i14* %input_10_V_addr, align 2" [cnn_ap_lp/conv_2.cpp:26]   --->   Operation 136 'load' 'input_10_V_load' <Predicate = (!icmp_ln24)> <Delay = 3.25> <Core = "RAM">   --->   Core 37 'RAM' <Latency = 1> <II = 1> <Delay = 3.25> <Storage> <Opcode : 'load' 'store'> <Ports = 2> <Width = 14> <Depth = 1936> <RAM>
ST_7 : Operation 137 [2/2] (3.25ns)   --->   "%input_11_V_load = load i14* %input_11_V_addr, align 2" [cnn_ap_lp/conv_2.cpp:26]   --->   Operation 137 'load' 'input_11_V_load' <Predicate = (!icmp_ln24)> <Delay = 3.25> <Core = "RAM">   --->   Core 37 'RAM' <Latency = 1> <II = 1> <Delay = 3.25> <Storage> <Opcode : 'load' 'store'> <Ports = 2> <Width = 14> <Depth = 1936> <RAM>
ST_7 : Operation 138 [2/2] (3.25ns)   --->   "%input_12_V_load = load i14* %input_12_V_addr, align 2" [cnn_ap_lp/conv_2.cpp:26]   --->   Operation 138 'load' 'input_12_V_load' <Predicate = (!icmp_ln24)> <Delay = 3.25> <Core = "RAM">   --->   Core 37 'RAM' <Latency = 1> <II = 1> <Delay = 3.25> <Storage> <Opcode : 'load' 'store'> <Ports = 2> <Width = 14> <Depth = 1936> <RAM>
ST_7 : Operation 139 [1/1] (0.00ns)   --->   "%empty_51 = call i32 (...)* @_ssdm_op_SpecRegionEnd([11 x i8]* @p_str5985, i32 %tmp_s)" [cnn_ap_lp/conv_2.cpp:28]   --->   Operation 139 'specregionend' 'empty_51' <Predicate = (icmp_ln24)> <Delay = 0.00>
ST_7 : Operation 140 [1/1] (0.00ns)   --->   "br label %5" [cnn_ap_lp/conv_2.cpp:21]   --->   Operation 140 'br' <Predicate = (icmp_ln24)> <Delay = 0.00>

State 8 <SV = 7> <Delay = 14.6>
ST_8 : Operation 141 [1/1] (0.00ns)   --->   "call void (...)* @_ssdm_op_SpecLoopName([13 x i8]* @p_str6986) nounwind" [cnn_ap_lp/conv_2.cpp:25]   --->   Operation 141 'specloopname' <Predicate = true> <Delay = 0.00>
ST_8 : Operation 142 [1/2] (3.25ns)   --->   "%conv_2_weights_V_loa = load i10* %conv_2_weights_V_add, align 2" [cnn_ap_lp/conv_2.cpp:26]   --->   Operation 142 'load' 'conv_2_weights_V_loa' <Predicate = true> <Delay = 3.25> <Core = "ROM_nP">   --->   Core 52 'ROM_nP' <Latency = 1> <II = 1> <Delay = 3.25> <Storage> <Opcode : 'load'> <Ports = 0> <Width = 8> <Depth = 16> <ROM>
ST_8 : Operation 143 [1/1] (0.00ns)   --->   "%sext_ln1116_1 = sext i10 %conv_2_weights_V_loa to i25" [cnn_ap_lp/conv_2.cpp:26]   --->   Operation 143 'sext' 'sext_ln1116_1' <Predicate = true> <Delay = 0.00>
ST_8 : Operation 144 [1/2] (3.25ns)   --->   "%input_0_V_load = load i14* %input_0_V_addr, align 2" [cnn_ap_lp/conv_2.cpp:26]   --->   Operation 144 'load' 'input_0_V_load' <Predicate = true> <Delay = 3.25> <Core = "RAM">   --->   Core 37 'RAM' <Latency = 1> <II = 1> <Delay = 3.25> <Storage> <Opcode : 'load' 'store'> <Ports = 2> <Width = 14> <Depth = 1936> <RAM>
ST_8 : Operation 145 [1/2] (3.25ns)   --->   "%input_1_V_load = load i14* %input_1_V_addr, align 2" [cnn_ap_lp/conv_2.cpp:26]   --->   Operation 145 'load' 'input_1_V_load' <Predicate = true> <Delay = 3.25> <Core = "RAM">   --->   Core 37 'RAM' <Latency = 1> <II = 1> <Delay = 3.25> <Storage> <Opcode : 'load' 'store'> <Ports = 2> <Width = 14> <Depth = 1936> <RAM>
ST_8 : Operation 146 [1/2] (3.25ns)   --->   "%input_2_V_load = load i14* %input_2_V_addr, align 2" [cnn_ap_lp/conv_2.cpp:26]   --->   Operation 146 'load' 'input_2_V_load' <Predicate = true> <Delay = 3.25> <Core = "RAM">   --->   Core 37 'RAM' <Latency = 1> <II = 1> <Delay = 3.25> <Storage> <Opcode : 'load' 'store'> <Ports = 2> <Width = 14> <Depth = 1936> <RAM>
ST_8 : Operation 147 [1/2] (3.25ns)   --->   "%input_3_V_load = load i14* %input_3_V_addr, align 2" [cnn_ap_lp/conv_2.cpp:26]   --->   Operation 147 'load' 'input_3_V_load' <Predicate = true> <Delay = 3.25> <Core = "RAM">   --->   Core 37 'RAM' <Latency = 1> <II = 1> <Delay = 3.25> <Storage> <Opcode : 'load' 'store'> <Ports = 2> <Width = 14> <Depth = 1936> <RAM>
ST_8 : Operation 148 [1/2] (3.25ns)   --->   "%input_4_V_load = load i14* %input_4_V_addr, align 2" [cnn_ap_lp/conv_2.cpp:26]   --->   Operation 148 'load' 'input_4_V_load' <Predicate = true> <Delay = 3.25> <Core = "RAM">   --->   Core 37 'RAM' <Latency = 1> <II = 1> <Delay = 3.25> <Storage> <Opcode : 'load' 'store'> <Ports = 2> <Width = 14> <Depth = 1936> <RAM>
ST_8 : Operation 149 [1/2] (3.25ns)   --->   "%input_5_V_load = load i14* %input_5_V_addr, align 2" [cnn_ap_lp/conv_2.cpp:26]   --->   Operation 149 'load' 'input_5_V_load' <Predicate = true> <Delay = 3.25> <Core = "RAM">   --->   Core 37 'RAM' <Latency = 1> <II = 1> <Delay = 3.25> <Storage> <Opcode : 'load' 'store'> <Ports = 2> <Width = 14> <Depth = 1936> <RAM>
ST_8 : Operation 150 [1/2] (3.25ns)   --->   "%input_6_V_load = load i14* %input_6_V_addr, align 2" [cnn_ap_lp/conv_2.cpp:26]   --->   Operation 150 'load' 'input_6_V_load' <Predicate = true> <Delay = 3.25> <Core = "RAM">   --->   Core 37 'RAM' <Latency = 1> <II = 1> <Delay = 3.25> <Storage> <Opcode : 'load' 'store'> <Ports = 2> <Width = 14> <Depth = 1936> <RAM>
ST_8 : Operation 151 [1/2] (3.25ns)   --->   "%input_7_V_load = load i14* %input_7_V_addr, align 2" [cnn_ap_lp/conv_2.cpp:26]   --->   Operation 151 'load' 'input_7_V_load' <Predicate = true> <Delay = 3.25> <Core = "RAM">   --->   Core 37 'RAM' <Latency = 1> <II = 1> <Delay = 3.25> <Storage> <Opcode : 'load' 'store'> <Ports = 2> <Width = 14> <Depth = 1936> <RAM>
ST_8 : Operation 152 [1/2] (3.25ns)   --->   "%input_8_V_load = load i14* %input_8_V_addr, align 2" [cnn_ap_lp/conv_2.cpp:26]   --->   Operation 152 'load' 'input_8_V_load' <Predicate = true> <Delay = 3.25> <Core = "RAM">   --->   Core 37 'RAM' <Latency = 1> <II = 1> <Delay = 3.25> <Storage> <Opcode : 'load' 'store'> <Ports = 2> <Width = 14> <Depth = 1936> <RAM>
ST_8 : Operation 153 [1/2] (3.25ns)   --->   "%input_9_V_load = load i14* %input_9_V_addr, align 2" [cnn_ap_lp/conv_2.cpp:26]   --->   Operation 153 'load' 'input_9_V_load' <Predicate = true> <Delay = 3.25> <Core = "RAM">   --->   Core 37 'RAM' <Latency = 1> <II = 1> <Delay = 3.25> <Storage> <Opcode : 'load' 'store'> <Ports = 2> <Width = 14> <Depth = 1936> <RAM>
ST_8 : Operation 154 [1/2] (3.25ns)   --->   "%input_10_V_load = load i14* %input_10_V_addr, align 2" [cnn_ap_lp/conv_2.cpp:26]   --->   Operation 154 'load' 'input_10_V_load' <Predicate = true> <Delay = 3.25> <Core = "RAM">   --->   Core 37 'RAM' <Latency = 1> <II = 1> <Delay = 3.25> <Storage> <Opcode : 'load' 'store'> <Ports = 2> <Width = 14> <Depth = 1936> <RAM>
ST_8 : Operation 155 [1/2] (3.25ns)   --->   "%input_11_V_load = load i14* %input_11_V_addr, align 2" [cnn_ap_lp/conv_2.cpp:26]   --->   Operation 155 'load' 'input_11_V_load' <Predicate = true> <Delay = 3.25> <Core = "RAM">   --->   Core 37 'RAM' <Latency = 1> <II = 1> <Delay = 3.25> <Storage> <Opcode : 'load' 'store'> <Ports = 2> <Width = 14> <Depth = 1936> <RAM>
ST_8 : Operation 156 [1/2] (3.25ns)   --->   "%input_12_V_load = load i14* %input_12_V_addr, align 2" [cnn_ap_lp/conv_2.cpp:26]   --->   Operation 156 'load' 'input_12_V_load' <Predicate = true> <Delay = 3.25> <Core = "RAM">   --->   Core 37 'RAM' <Latency = 1> <II = 1> <Delay = 3.25> <Storage> <Opcode : 'load' 'store'> <Ports = 2> <Width = 14> <Depth = 1936> <RAM>
ST_8 : Operation 157 [1/1] (2.60ns)   --->   "%tmp_2 = call i14 @_ssdm_op_Mux.ap_auto.13i14.i4(i14 %input_0_V_load, i14 %input_1_V_load, i14 %input_2_V_load, i14 %input_3_V_load, i14 %input_4_V_load, i14 %input_5_V_load, i14 %input_6_V_load, i14 %input_7_V_load, i14 %input_8_V_load, i14 %input_9_V_load, i14 %input_10_V_load, i14 %input_11_V_load, i14 %input_12_V_load, i4 %add_ln1117)" [cnn_ap_lp/conv_2.cpp:26]   --->   Operation 157 'mux' 'tmp_2' <Predicate = true> <Delay = 2.60> <Core = "MuxnS">   --->   Core 31 'MuxnS' <Latency = 0> <II = 1> <Delay = 2.60> <FuncUnit> <Opcode : 'mux'> <InPorts = 2> <OutPorts = 1>
ST_8 : Operation 158 [1/1] (0.00ns)   --->   "%sext_ln1118 = sext i14 %tmp_2 to i25" [cnn_ap_lp/conv_2.cpp:26]   --->   Operation 158 'sext' 'sext_ln1118' <Predicate = true> <Delay = 0.00>
ST_8 : Operation 159 [1/1] (6.38ns) (root node of the DSP)   --->   "%r_V = mul i25 %sext_ln1118, %sext_ln1116_1" [cnn_ap_lp/conv_2.cpp:26]   --->   Operation 159 'mul' 'r_V' <Predicate = true> <Delay = 6.38> <Core = "DSP48">   --->   Core 88 'DSP48' <Latency = 0> <II = 1> <Delay = 6.38> <IPBlock> <Opcode : 'mul' 'add' 'sub' 'select'> <InPorts = 0> <OutPorts = 1> <Sync> <CReg>
ST_8 : Operation 160 [1/1] (0.00ns)   --->   "%sext_ln1118_1 = sext i25 %r_V to i28" [cnn_ap_lp/conv_2.cpp:26]   --->   Operation 160 'sext' 'sext_ln1118_1' <Predicate = true> <Delay = 0.00>
ST_8 : Operation 161 [1/1] (0.00ns)   --->   "%lhs_V = call i22 @_ssdm_op_BitConcatenate.i22.i14.i8(i14 %p_Val2_19, i8 0)" [cnn_ap_lp/conv_2.cpp:26]   --->   Operation 161 'bitconcatenate' 'lhs_V' <Predicate = true> <Delay = 0.00>
ST_8 : Operation 162 [1/1] (0.00ns)   --->   "%zext_ln728 = zext i22 %lhs_V to i29" [cnn_ap_lp/conv_2.cpp:26]   --->   Operation 162 'zext' 'zext_ln728' <Predicate = true> <Delay = 0.00>
ST_8 : Operation 163 [1/1] (0.00ns)   --->   "%zext_ln703 = zext i28 %sext_ln1118_1 to i29" [cnn_ap_lp/conv_2.cpp:26]   --->   Operation 163 'zext' 'zext_ln703' <Predicate = true> <Delay = 0.00>
ST_8 : Operation 164 [1/1] (2.43ns)   --->   "%ret_V = add nsw i29 %zext_ln728, %zext_ln703" [cnn_ap_lp/conv_2.cpp:26]   --->   Operation 164 'add' 'ret_V' <Predicate = true> <Delay = 2.43> <Core = "AddSub">   --->   Core 14 'AddSub' <Latency = 0> <II = 1> <Delay = 3.52> <FuncUnit> <Opcode : 'add' 'sub'> <InPorts = 2> <OutPorts = 1>
ST_8 : Operation 165 [1/1] (0.00ns)   --->   "%w_sum_V = call i14 @_ssdm_op_PartSelect.i14.i29.i32.i32(i29 %ret_V, i32 8, i32 21)" [cnn_ap_lp/conv_2.cpp:26]   --->   Operation 165 'partselect' 'w_sum_V' <Predicate = true> <Delay = 0.00>
ST_8 : Operation 166 [1/1] (0.00ns)   --->   "br label %6" [cnn_ap_lp/conv_2.cpp:24]   --->   Operation 166 'br' <Predicate = true> <Delay = 0.00>

State 9 <SV = 5> <Delay = 7.27>
ST_9 : Operation 167 [1/2] (3.25ns)   --->   "%p_Val2_15 = load i8* %conv_2_bias_V_addr, align 1" [cnn_ap_lp/conv_2.cpp:31]   --->   Operation 167 'load' 'p_Val2_15' <Predicate = true> <Delay = 3.25> <Core = "ROM_nP">   --->   Core 52 'ROM_nP' <Latency = 1> <II = 1> <Delay = 3.25> <Storage> <Opcode : 'load'> <Ports = 0> <Width = 8> <Depth = 16> <ROM>
ST_9 : Operation 168 [1/1] (0.00ns)   --->   "%sext_ln1265 = sext i8 %p_Val2_15 to i14" [cnn_ap_lp/conv_2.cpp:31]   --->   Operation 168 'sext' 'sext_ln1265' <Predicate = true> <Delay = 0.00>
ST_9 : Operation 169 [1/1] (1.81ns)   --->   "%tmp_V_4 = add i14 %sext_ln1265, %p_Val2_s" [cnn_ap_lp/conv_2.cpp:31]   --->   Operation 169 'add' 'tmp_V_4' <Predicate = true> <Delay = 1.81> <Core = "AddSub">   --->   Core 14 'AddSub' <Latency = 0> <II = 1> <Delay = 3.52> <FuncUnit> <Opcode : 'add' 'sub'> <InPorts = 2> <OutPorts = 1>
ST_9 : Operation 170 [1/1] (2.20ns)   --->   "%icmp_ln885 = icmp eq i14 %tmp_V_4, 0" [cnn_ap_lp/conv_2.cpp:34]   --->   Operation 170 'icmp' 'icmp_ln885' <Predicate = true> <Delay = 2.20> <Core = "Cmp">   --->   Core 25 'Cmp' <Latency = 0> <II = 1> <Delay = 2.89> <FuncUnit> <Opcode : 'icmp'> <InPorts = 2> <OutPorts = 1>
ST_9 : Operation 171 [1/1] (0.00ns)   --->   "br i1 %icmp_ln885, label %.critedge, label %_ifconv" [cnn_ap_lp/conv_2.cpp:34]   --->   Operation 171 'br' <Predicate = true> <Delay = 0.00>

State 10 <SV = 6> <Delay = 14.4>
ST_10 : Operation 172 [1/1] (0.00ns)   --->   "%p_Result_24 = call i1 @_ssdm_op_BitSelect.i1.i14.i32(i14 %tmp_V_4, i32 13)" [cnn_ap_lp/conv_2.cpp:34]   --->   Operation 172 'bitselect' 'p_Result_24' <Predicate = true> <Delay = 0.00>
ST_10 : Operation 173 [1/1] (1.81ns)   --->   "%tmp_V = sub i14 0, %tmp_V_4" [cnn_ap_lp/conv_2.cpp:34]   --->   Operation 173 'sub' 'tmp_V' <Predicate = true> <Delay = 1.81> <Core = "AddSub">   --->   Core 14 'AddSub' <Latency = 0> <II = 1> <Delay = 3.52> <FuncUnit> <Opcode : 'add' 'sub'> <InPorts = 2> <OutPorts = 1>
ST_10 : Operation 174 [1/1] (0.70ns)   --->   "%tmp_V_5 = select i1 %p_Result_24, i14 %tmp_V, i14 %tmp_V_4" [cnn_ap_lp/conv_2.cpp:34]   --->   Operation 174 'select' 'tmp_V_5' <Predicate = true> <Delay = 0.70> <Core = "Sel">   --->   Core 26 'Sel' <Latency = 0> <II = 1> <Delay = 0.69> <FuncUnit> <Opcode : 'select'> <InPorts = 3> <OutPorts = 1>
ST_10 : Operation 175 [1/1] (0.00ns)   --->   "%p_Result_s = call i14 @llvm.part.select.i14(i14 %tmp_V_5, i32 13, i32 0) nounwind" [cnn_ap_lp/conv_2.cpp:34]   --->   Operation 175 'partselect' 'p_Result_s' <Predicate = true> <Delay = 0.00>
ST_10 : Operation 176 [1/1] (0.00ns)   --->   "%p_Result_25 = call i32 @_ssdm_op_BitConcatenate.i32.i18.i14(i18 -1, i14 %p_Result_s)" [cnn_ap_lp/conv_2.cpp:34]   --->   Operation 176 'bitconcatenate' 'p_Result_25' <Predicate = true> <Delay = 0.00>
ST_10 : Operation 177 [1/1] (3.39ns)   --->   "%l = call i32 @llvm.cttz.i32(i32 %p_Result_25, i1 true) nounwind" [cnn_ap_lp/conv_2.cpp:34]   --->   Operation 177 'cttz' 'l' <Predicate = true> <Delay = 3.39> <Core = "CTTZ">   --->   Core 64 'CTTZ' <Latency = 0> <II = 1> <Delay = 3.39> <FuncUnit> <Opcode : 'cttz'> <InPorts = 1> <OutPorts = 1>
ST_10 : Operation 178 [1/1] (2.55ns)   --->   "%sub_ln894 = sub nsw i32 14, %l" [cnn_ap_lp/conv_2.cpp:34]   --->   Operation 178 'sub' 'sub_ln894' <Predicate = true> <Delay = 2.55> <Core = "AddSub">   --->   Core 14 'AddSub' <Latency = 0> <II = 1> <Delay = 3.52> <FuncUnit> <Opcode : 'add' 'sub'> <InPorts = 2> <OutPorts = 1>
ST_10 : Operation 179 [1/1] (0.00ns)   --->   "%trunc_ln894 = trunc i32 %sub_ln894 to i14" [cnn_ap_lp/conv_2.cpp:34]   --->   Operation 179 'trunc' 'trunc_ln894' <Predicate = true> <Delay = 0.00>
ST_10 : Operation 180 [1/1] (2.55ns)   --->   "%lsb_index = add nsw i32 -53, %sub_ln894" [cnn_ap_lp/conv_2.cpp:34]   --->   Operation 180 'add' 'lsb_index' <Predicate = true> <Delay = 2.55> <Core = "AddSub">   --->   Core 14 'AddSub' <Latency = 0> <II = 1> <Delay = 3.52> <FuncUnit> <Opcode : 'add' 'sub'> <InPorts = 2> <OutPorts = 1>
ST_10 : Operation 181 [1/1] (0.00ns)   --->   "%tmp_12 = call i31 @_ssdm_op_PartSelect.i31.i32.i32.i32(i32 %lsb_index, i32 1, i32 31)" [cnn_ap_lp/conv_2.cpp:34]   --->   Operation 181 'partselect' 'tmp_12' <Predicate = true> <Delay = 0.00>
ST_10 : Operation 182 [1/1] (2.47ns)   --->   "%icmp_ln897 = icmp sgt i31 %tmp_12, 0" [cnn_ap_lp/conv_2.cpp:34]   --->   Operation 182 'icmp' 'icmp_ln897' <Predicate = true> <Delay = 2.47> <Core = "Cmp">   --->   Core 25 'Cmp' <Latency = 0> <II = 1> <Delay = 2.89> <FuncUnit> <Opcode : 'icmp'> <InPorts = 2> <OutPorts = 1>
ST_10 : Operation 183 [1/1] (0.00ns)   --->   "%trunc_ln897 = trunc i32 %sub_ln894 to i4" [cnn_ap_lp/conv_2.cpp:34]   --->   Operation 183 'trunc' 'trunc_ln897' <Predicate = true> <Delay = 0.00>
ST_10 : Operation 184 [1/1] (1.73ns)   --->   "%sub_ln897 = sub i4 4, %trunc_ln897" [cnn_ap_lp/conv_2.cpp:34]   --->   Operation 184 'sub' 'sub_ln897' <Predicate = true> <Delay = 1.73> <Core = "AddSub">   --->   Core 14 'AddSub' <Latency = 0> <II = 1> <Delay = 3.52> <FuncUnit> <Opcode : 'add' 'sub'> <InPorts = 2> <OutPorts = 1>
ST_10 : Operation 185 [1/1] (0.00ns) (grouped into LUT with out node icmp_ln897_1)   --->   "%zext_ln897 = zext i4 %sub_ln897 to i14" [cnn_ap_lp/conv_2.cpp:34]   --->   Operation 185 'zext' 'zext_ln897' <Predicate = true> <Delay = 0.00>
ST_10 : Operation 186 [1/1] (0.00ns) (grouped into LUT with out node icmp_ln897_1)   --->   "%lshr_ln897 = lshr i14 -1, %zext_ln897" [cnn_ap_lp/conv_2.cpp:34]   --->   Operation 186 'lshr' 'lshr_ln897' <Predicate = true> <Delay = 0.00> <Core = "Shift">   --->   Core 28 'Shift' <Latency = 0> <II = 1> <Delay = 4.42> <FuncUnit> <Opcode : 'shl' 'lshr' 'ashr'> <InPorts = 2> <OutPorts = 1>
ST_10 : Operation 187 [1/1] (0.00ns) (grouped into LUT with out node icmp_ln897_1)   --->   "%p_Result_21 = and i14 %tmp_V_5, %lshr_ln897" [cnn_ap_lp/conv_2.cpp:34]   --->   Operation 187 'and' 'p_Result_21' <Predicate = true> <Delay = 0.00> <Core = "LogicGate">   --->   Core 27 'LogicGate' <Latency = 0> <II = 1> <Delay = 0.97> <FuncUnit> <Opcode : 'and' 'or' 'xor'> <InPorts = 2> <OutPorts = 1>
ST_10 : Operation 188 [1/1] (2.39ns) (out node of the LUT)   --->   "%icmp_ln897_1 = icmp ne i14 %p_Result_21, 0" [cnn_ap_lp/conv_2.cpp:34]   --->   Operation 188 'icmp' 'icmp_ln897_1' <Predicate = true> <Delay = 2.39> <Core = "Cmp">   --->   Core 25 'Cmp' <Latency = 0> <II = 1> <Delay = 2.89> <FuncUnit> <Opcode : 'icmp'> <InPorts = 2> <OutPorts = 1>
ST_10 : Operation 189 [1/1] (0.00ns) (grouped into LUT with out node or_ln)   --->   "%a = and i1 %icmp_ln897, %icmp_ln897_1" [cnn_ap_lp/conv_2.cpp:34]   --->   Operation 189 'and' 'a' <Predicate = true> <Delay = 0.00> <Core = "LogicGate">   --->   Core 27 'LogicGate' <Latency = 0> <II = 1> <Delay = 0.97> <FuncUnit> <Opcode : 'and' 'or' 'xor'> <InPorts = 2> <OutPorts = 1>
ST_10 : Operation 190 [1/1] (0.00ns) (grouped into LUT with out node or_ln)   --->   "%tmp_13 = call i1 @_ssdm_op_BitSelect.i1.i32.i32(i32 %lsb_index, i32 31)" [cnn_ap_lp/conv_2.cpp:34]   --->   Operation 190 'bitselect' 'tmp_13' <Predicate = true> <Delay = 0.00>
ST_10 : Operation 191 [1/1] (0.00ns) (grouped into LUT with out node or_ln)   --->   "%xor_ln899 = xor i1 %tmp_13, true" [cnn_ap_lp/conv_2.cpp:34]   --->   Operation 191 'xor' 'xor_ln899' <Predicate = true> <Delay = 0.00> <Core = "LogicGate">   --->   Core 27 'LogicGate' <Latency = 0> <II = 1> <Delay = 0.97> <FuncUnit> <Opcode : 'and' 'or' 'xor'> <InPorts = 2> <OutPorts = 1>
ST_10 : Operation 192 [1/1] (1.81ns)   --->   "%add_ln899 = add i14 -53, %trunc_ln894" [cnn_ap_lp/conv_2.cpp:34]   --->   Operation 192 'add' 'add_ln899' <Predicate = true> <Delay = 1.81> <Core = "AddSub">   --->   Core 14 'AddSub' <Latency = 0> <II = 1> <Delay = 3.52> <FuncUnit> <Opcode : 'add' 'sub'> <InPorts = 2> <OutPorts = 1>
ST_10 : Operation 193 [1/1] (0.00ns) (grouped into LUT with out node or_ln)   --->   "%p_Result_22 = call i1 @_ssdm_op_BitSelect.i1.i14.i14(i14 %tmp_V_5, i14 %add_ln899)" [cnn_ap_lp/conv_2.cpp:34]   --->   Operation 193 'bitselect' 'p_Result_22' <Predicate = true> <Delay = 0.00>
ST_10 : Operation 194 [1/1] (0.00ns) (grouped into LUT with out node or_ln)   --->   "%and_ln899 = and i1 %p_Result_22, %xor_ln899" [cnn_ap_lp/conv_2.cpp:34]   --->   Operation 194 'and' 'and_ln899' <Predicate = true> <Delay = 0.00> <Core = "LogicGate">   --->   Core 27 'LogicGate' <Latency = 0> <II = 1> <Delay = 0.97> <FuncUnit> <Opcode : 'and' 'or' 'xor'> <InPorts = 2> <OutPorts = 1>
ST_10 : Operation 195 [1/1] (0.00ns) (grouped into LUT with out node or_ln)   --->   "%or_ln899 = or i1 %and_ln899, %a" [cnn_ap_lp/conv_2.cpp:34]   --->   Operation 195 'or' 'or_ln899' <Predicate = true> <Delay = 0.00> <Core = "LogicGate">   --->   Core 27 'LogicGate' <Latency = 0> <II = 1> <Delay = 0.97> <FuncUnit> <Opcode : 'and' 'or' 'xor'> <InPorts = 2> <OutPorts = 1>
ST_10 : Operation 196 [1/1] (0.97ns) (out node of the LUT)   --->   "%or_ln = call i32 @_ssdm_op_BitConcatenate.i32.i31.i1(i31 0, i1 %or_ln899)" [cnn_ap_lp/conv_2.cpp:34]   --->   Operation 196 'bitconcatenate' 'or_ln' <Predicate = true> <Delay = 0.97>
ST_10 : Operation 197 [1/1] (2.47ns)   --->   "%icmp_ln908 = icmp sgt i32 %lsb_index, 0" [cnn_ap_lp/conv_2.cpp:34]   --->   Operation 197 'icmp' 'icmp_ln908' <Predicate = true> <Delay = 2.47> <Core = "Cmp">   --->   Core 25 'Cmp' <Latency = 0> <II = 1> <Delay = 2.89> <FuncUnit> <Opcode : 'icmp'> <InPorts = 2> <OutPorts = 1>
ST_10 : Operation 198 [1/1] (0.00ns)   --->   "%trunc_ln893 = trunc i32 %l to i11" [cnn_ap_lp/conv_2.cpp:34]   --->   Operation 198 'trunc' 'trunc_ln893' <Predicate = true> <Delay = 0.00>

State 11 <SV = 7> <Delay = 16.8>
ST_11 : Operation 199 [1/1] (0.00ns) (grouped into LUT with out node m_2)   --->   "%m = zext i14 %tmp_V_5 to i64" [cnn_ap_lp/conv_2.cpp:34]   --->   Operation 199 'zext' 'm' <Predicate = (!icmp_ln908)> <Delay = 0.00>
ST_11 : Operation 200 [1/1] (0.00ns) (grouped into LUT with out node m_2)   --->   "%zext_ln907_1 = zext i14 %tmp_V_5 to i32" [cnn_ap_lp/conv_2.cpp:34]   --->   Operation 200 'zext' 'zext_ln907_1' <Predicate = (icmp_ln908)> <Delay = 0.00>
ST_11 : Operation 201 [1/1] (2.55ns)   --->   "%add_ln908 = add nsw i32 -54, %sub_ln894" [cnn_ap_lp/conv_2.cpp:34]   --->   Operation 201 'add' 'add_ln908' <Predicate = (icmp_ln908)> <Delay = 2.55> <Core = "AddSub">   --->   Core 14 'AddSub' <Latency = 0> <II = 1> <Delay = 3.52> <FuncUnit> <Opcode : 'add' 'sub'> <InPorts = 2> <OutPorts = 1>
ST_11 : Operation 202 [1/1] (0.00ns) (grouped into LUT with out node m_2)   --->   "%lshr_ln908 = lshr i32 %zext_ln907_1, %add_ln908" [cnn_ap_lp/conv_2.cpp:34]   --->   Operation 202 'lshr' 'lshr_ln908' <Predicate = (icmp_ln908)> <Delay = 0.00> <Core = "Shift">   --->   Core 28 'Shift' <Latency = 0> <II = 1> <Delay = 4.42> <FuncUnit> <Opcode : 'shl' 'lshr' 'ashr'> <InPorts = 2> <OutPorts = 1>
ST_11 : Operation 203 [1/1] (0.00ns) (grouped into LUT with out node m_2)   --->   "%zext_ln908 = zext i32 %lshr_ln908 to i64" [cnn_ap_lp/conv_2.cpp:34]   --->   Operation 203 'zext' 'zext_ln908' <Predicate = (icmp_ln908)> <Delay = 0.00>
ST_11 : Operation 204 [1/1] (2.55ns)   --->   "%sub_ln908 = sub i32 54, %sub_ln894" [cnn_ap_lp/conv_2.cpp:34]   --->   Operation 204 'sub' 'sub_ln908' <Predicate = (!icmp_ln908)> <Delay = 2.55> <Core = "AddSub">   --->   Core 14 'AddSub' <Latency = 0> <II = 1> <Delay = 3.52> <FuncUnit> <Opcode : 'add' 'sub'> <InPorts = 2> <OutPorts = 1>
ST_11 : Operation 205 [1/1] (0.00ns) (grouped into LUT with out node m_2)   --->   "%zext_ln908_1 = zext i32 %sub_ln908 to i64" [cnn_ap_lp/conv_2.cpp:34]   --->   Operation 205 'zext' 'zext_ln908_1' <Predicate = (!icmp_ln908)> <Delay = 0.00>
ST_11 : Operation 206 [1/1] (0.00ns) (grouped into LUT with out node m_2)   --->   "%shl_ln908 = shl i64 %m, %zext_ln908_1" [cnn_ap_lp/conv_2.cpp:34]   --->   Operation 206 'shl' 'shl_ln908' <Predicate = (!icmp_ln908)> <Delay = 0.00> <Core = "Shift">   --->   Core 28 'Shift' <Latency = 0> <II = 1> <Delay = 4.42> <FuncUnit> <Opcode : 'shl' 'lshr' 'ashr'> <InPorts = 2> <OutPorts = 1>
ST_11 : Operation 207 [1/1] (0.00ns) (grouped into LUT with out node m_2)   --->   "%m_1 = select i1 %icmp_ln908, i64 %zext_ln908, i64 %shl_ln908" [cnn_ap_lp/conv_2.cpp:34]   --->   Operation 207 'select' 'm_1' <Predicate = true> <Delay = 0.00> <Core = "Sel">   --->   Core 26 'Sel' <Latency = 0> <II = 1> <Delay = 0.69> <FuncUnit> <Opcode : 'select'> <InPorts = 3> <OutPorts = 1>
ST_11 : Operation 208 [1/1] (0.00ns) (grouped into LUT with out node m_2)   --->   "%zext_ln911 = zext i32 %or_ln to i64" [cnn_ap_lp/conv_2.cpp:34]   --->   Operation 208 'zext' 'zext_ln911' <Predicate = true> <Delay = 0.00>
ST_11 : Operation 209 [1/1] (4.42ns) (out node of the LUT)   --->   "%m_2 = add i64 %zext_ln911, %m_1" [cnn_ap_lp/conv_2.cpp:34]   --->   Operation 209 'add' 'm_2' <Predicate = true> <Delay = 4.42> <Core = "AddSub">   --->   Core 14 'AddSub' <Latency = 0> <II = 1> <Delay = 3.52> <FuncUnit> <Opcode : 'add' 'sub'> <InPorts = 2> <OutPorts = 1>
ST_11 : Operation 210 [1/1] (0.00ns)   --->   "%m_5 = call i63 @_ssdm_op_PartSelect.i63.i64.i32.i32(i64 %m_2, i32 1, i32 63)" [cnn_ap_lp/conv_2.cpp:34]   --->   Operation 210 'partselect' 'm_5' <Predicate = true> <Delay = 0.00>
ST_11 : Operation 211 [1/1] (0.00ns)   --->   "%m_6 = zext i63 %m_5 to i64" [cnn_ap_lp/conv_2.cpp:34]   --->   Operation 211 'zext' 'm_6' <Predicate = true> <Delay = 0.00>
ST_11 : Operation 212 [1/1] (0.00ns)   --->   "%tmp_14 = call i1 @_ssdm_op_BitSelect.i1.i64.i32(i64 %m_2, i32 54)" [cnn_ap_lp/conv_2.cpp:34]   --->   Operation 212 'bitselect' 'tmp_14' <Predicate = true> <Delay = 0.00>
ST_11 : Operation 213 [1/1] (0.69ns)   --->   "%select_ln915 = select i1 %tmp_14, i11 1023, i11 1022" [cnn_ap_lp/conv_2.cpp:34]   --->   Operation 213 'select' 'select_ln915' <Predicate = true> <Delay = 0.69> <Core = "Sel">   --->   Core 26 'Sel' <Latency = 0> <II = 1> <Delay = 0.69> <FuncUnit> <Opcode : 'select'> <InPorts = 3> <OutPorts = 1>
ST_11 : Operation 214 [1/1] (0.00ns) (grouped into TernaryAdder)   --->   "%sub_ln915 = sub i11 6, %trunc_ln893" [cnn_ap_lp/conv_2.cpp:34]   --->   Operation 214 'sub' 'sub_ln915' <Predicate = true> <Delay = 0.00> <Core = "TAddSub">   --->   Core 83 'TAddSub' <Latency = 0> <II = 1> <Delay = 1.87> <IPBlock> <Opcode : 'add' 'sub'> <InPorts = 3> <OutPorts = 1> <Sync> <CReg>
ST_11 : Operation 215 [1/1] (3.75ns) (root node of TernaryAdder)   --->   "%add_ln915 = add i11 %sub_ln915, %select_ln915" [cnn_ap_lp/conv_2.cpp:34]   --->   Operation 215 'add' 'add_ln915' <Predicate = true> <Delay = 3.75> <Core = "TAddSub">   --->   Core 83 'TAddSub' <Latency = 0> <II = 1> <Delay = 1.87> <IPBlock> <Opcode : 'add' 'sub'> <InPorts = 3> <OutPorts = 1> <Sync> <CReg>
ST_11 : Operation 216 [1/1] (0.00ns)   --->   "%tmp_3 = call i12 @_ssdm_op_BitConcatenate.i12.i1.i11(i1 %p_Result_24, i11 %add_ln915)" [cnn_ap_lp/conv_2.cpp:34]   --->   Operation 216 'bitconcatenate' 'tmp_3' <Predicate = true> <Delay = 0.00>
ST_11 : Operation 217 [1/1] (0.00ns)   --->   "%p_Result_26 = call i64 @_ssdm_op_PartSet.i64.i64.i12.i32.i32(i64 %m_6, i12 %tmp_3, i32 52, i32 63)" [cnn_ap_lp/conv_2.cpp:34]   --->   Operation 217 'partset' 'p_Result_26' <Predicate = true> <Delay = 0.00>
ST_11 : Operation 218 [1/1] (0.00ns)   --->   "%bitcast_ln729 = bitcast i64 %p_Result_26 to double" [cnn_ap_lp/conv_2.cpp:34]   --->   Operation 218 'bitcast' 'bitcast_ln729' <Predicate = true> <Delay = 0.00>
ST_11 : Operation 219 [1/1] (0.00ns)   --->   "%trunc_ln4 = call i52 @_ssdm_op_PartSelect.i52.i64.i32.i32(i64 %m_2, i32 1, i32 52)" [cnn_ap_lp/conv_2.cpp:34]   --->   Operation 219 'partselect' 'trunc_ln4' <Predicate = true> <Delay = 0.00>
ST_11 : Operation 220 [1/1] (1.88ns)   --->   "%icmp_ln924 = icmp ne i11 %add_ln915, -1" [cnn_ap_lp/conv_2.cpp:34]   --->   Operation 220 'icmp' 'icmp_ln924' <Predicate = true> <Delay = 1.88> <Core = "Cmp">   --->   Core 25 'Cmp' <Latency = 0> <II = 1> <Delay = 2.89> <FuncUnit> <Opcode : 'icmp'> <InPorts = 2> <OutPorts = 1>
ST_11 : Operation 221 [1/1] (2.89ns)   --->   "%icmp_ln924_1 = icmp eq i52 %trunc_ln4, 0" [cnn_ap_lp/conv_2.cpp:34]   --->   Operation 221 'icmp' 'icmp_ln924_1' <Predicate = true> <Delay = 2.89> <Core = "Cmp">   --->   Core 25 'Cmp' <Latency = 0> <II = 1> <Delay = 2.89> <FuncUnit> <Opcode : 'icmp'> <InPorts = 2> <OutPorts = 1>
ST_11 : Operation 222 [2/2] (5.46ns)   --->   "%tmp_1 = fcmp ogt double %bitcast_ln729, 0.000000e+00" [cnn_ap_lp/conv_2.cpp:34]   --->   Operation 222 'dcmp' 'tmp_1' <Predicate = true> <Delay = 5.46> <Core = "DCmp">   --->   Core 120 'DCmp' <Latency = 1> <II = 1> <Delay = 5.46> <FuncUnit> <Opcode : 'dcmp'> <InPorts = 2> <OutPorts = 1>

State 12 <SV = 8> <Delay = 11.4>
ST_12 : Operation 223 [1/1] (0.00ns) (grouped into LUT with out node and_ln924)   --->   "%or_ln924 = or i1 %icmp_ln924_1, %icmp_ln924" [cnn_ap_lp/conv_2.cpp:34]   --->   Operation 223 'or' 'or_ln924' <Predicate = (!icmp_ln885)> <Delay = 0.00> <Core = "LogicGate">   --->   Core 27 'LogicGate' <Latency = 0> <II = 1> <Delay = 0.97> <FuncUnit> <Opcode : 'and' 'or' 'xor'> <InPorts = 2> <OutPorts = 1>
ST_12 : Operation 224 [1/2] (5.46ns)   --->   "%tmp_1 = fcmp ogt double %bitcast_ln729, 0.000000e+00" [cnn_ap_lp/conv_2.cpp:34]   --->   Operation 224 'dcmp' 'tmp_1' <Predicate = (!icmp_ln885)> <Delay = 5.46> <Core = "DCmp">   --->   Core 120 'DCmp' <Latency = 1> <II = 1> <Delay = 5.46> <FuncUnit> <Opcode : 'dcmp'> <InPorts = 2> <OutPorts = 1>
ST_12 : Operation 225 [1/1] (0.97ns) (out node of the LUT)   --->   "%and_ln924 = and i1 %or_ln924, %tmp_1" [cnn_ap_lp/conv_2.cpp:34]   --->   Operation 225 'and' 'and_ln924' <Predicate = (!icmp_ln885)> <Delay = 0.97> <Core = "LogicGate">   --->   Core 27 'LogicGate' <Latency = 0> <II = 1> <Delay = 0.97> <FuncUnit> <Opcode : 'and' 'or' 'xor'> <InPorts = 2> <OutPorts = 1>
ST_12 : Operation 226 [1/1] (1.76ns)   --->   "br i1 %and_ln924, label %Filter2_Loop_end, label %.critedge" [cnn_ap_lp/conv_2.cpp:34]   --->   Operation 226 'br' <Predicate = (!icmp_ln885)> <Delay = 1.76>
ST_12 : Operation 227 [1/1] (1.76ns)   --->   "br label %Filter2_Loop_end"   --->   Operation 227 'br' <Predicate = (!and_ln924) | (icmp_ln885)> <Delay = 1.76>
ST_12 : Operation 228 [1/1] (0.00ns)   --->   "%storemerge = phi i14 [ 0, %.critedge ], [ %tmp_V_4, %_ifconv ]"   --->   Operation 228 'phi' 'storemerge' <Predicate = true> <Delay = 0.00>
ST_12 : Operation 229 [1/1] (3.25ns)   --->   "store i14 %storemerge, i14* %conv_out_V_addr, align 2" [cnn_ap_lp/conv_2.cpp:35]   --->   Operation 229 'store' <Predicate = true> <Delay = 3.25> <Core = "RAM">   --->   Core 37 'RAM' <Latency = 1> <II = 1> <Delay = 3.25> <Storage> <Opcode : 'load' 'store'> <Ports = 2> <Width = 14> <Depth = 1936> <RAM>
ST_12 : Operation 230 [1/1] (0.00ns)   --->   "%empty_53 = call i32 (...)* @_ssdm_op_SpecRegionEnd([13 x i8]* @p_str3983, i32 %tmp_8)" [cnn_ap_lp/conv_2.cpp:38]   --->   Operation 230 'specregionend' 'empty_53' <Predicate = true> <Delay = 0.00>
ST_12 : Operation 231 [1/1] (0.00ns)   --->   "br label %3" [cnn_ap_lp/conv_2.cpp:14]   --->   Operation 231 'br' <Predicate = true> <Delay = 0.00>


============================================================
+ Verbose Summary: Timing violations
============================================================
Target clock period: 20ns, clock uncertainty: 2.5ns.

 <State 1>: 1.77ns
The critical path consists of the following:
	multiplexor before 'phi' operation ('r') with incoming values : ('r', cnn_ap_lp/conv_2.cpp:8) [19]  (1.77 ns)

 <State 2>: 1.87ns
The critical path consists of the following:
	'phi' operation ('phi_mul', cnn_ap_lp/conv_2.cpp:8) with incoming values : ('add_ln8', cnn_ap_lp/conv_2.cpp:8) [20]  (0 ns)
	'add' operation ('add_ln8', cnn_ap_lp/conv_2.cpp:8) [21]  (1.87 ns)

 <State 3>: 1.87ns
The critical path consists of the following:
	'phi' operation ('c') with incoming values : ('c', cnn_ap_lp/conv_2.cpp:11) [31]  (0 ns)
	'add' operation ('add_ln203', cnn_ap_lp/conv_2.cpp:35) [40]  (1.87 ns)

 <State 4>: 1.78ns
The critical path consists of the following:
	'phi' operation ('f') with incoming values : ('f', cnn_ap_lp/conv_2.cpp:14) [45]  (0 ns)
	'add' operation ('f', cnn_ap_lp/conv_2.cpp:14) [48]  (1.78 ns)

 <State 5>: 3.61ns
The critical path consists of the following:
	'phi' operation ('wr') with incoming values : ('wr', cnn_ap_lp/conv_2.cpp:18) [62]  (0 ns)
	'add' operation ('add_ln26', cnn_ap_lp/conv_2.cpp:26) [76]  (1.74 ns)
	'sub' operation ('sub_ln1117', cnn_ap_lp/conv_2.cpp:26) [81]  (1.87 ns)

 <State 6>: 3.65ns
The critical path consists of the following:
	'phi' operation ('wc') with incoming values : ('wc', cnn_ap_lp/conv_2.cpp:21) [85]  (0 ns)
	'add' operation ('add_ln1116', cnn_ap_lp/conv_2.cpp:26) [94]  (1.78 ns)
	'sub' operation ('sub_ln1116_1', cnn_ap_lp/conv_2.cpp:26) [98]  (1.87 ns)

 <State 7>: 6.76ns
The critical path consists of the following:
	'phi' operation ('ch') with incoming values : ('ch', cnn_ap_lp/conv_2.cpp:24) [104]  (0 ns)
	'add' operation ('add_ln1116_1', cnn_ap_lp/conv_2.cpp:26) [113]  (1.87 ns)
	'add' operation ('add_ln1116_2', cnn_ap_lp/conv_2.cpp:26) [115]  (1.64 ns)
	'getelementptr' operation ('conv_2_weights_V_add', cnn_ap_lp/conv_2.cpp:26) [117]  (0 ns)
	'load' operation ('conv_2_weights_V_loa', cnn_ap_lp/conv_2.cpp:26) on array 'conv_2_weights_V' [133]  (3.25 ns)

 <State 8>: 14.7ns
The critical path consists of the following:
	'load' operation ('input_0_V_load', cnn_ap_lp/conv_2.cpp:26) on array 'input_0_V' [135]  (3.25 ns)
	'mux' operation ('tmp_2', cnn_ap_lp/conv_2.cpp:26) [148]  (2.6 ns)
	'mul' operation of DSP[150] ('r.V', cnn_ap_lp/conv_2.cpp:26) [150]  (6.38 ns)
	'add' operation ('ret.V', cnn_ap_lp/conv_2.cpp:26) [155]  (2.43 ns)

 <State 9>: 7.28ns
The critical path consists of the following:
	'load' operation ('__Val2__', cnn_ap_lp/conv_2.cpp:31) on array 'conv_2_bias_V' [166]  (3.25 ns)
	'add' operation ('tmp.V', cnn_ap_lp/conv_2.cpp:31) [168]  (1.81 ns)
	'icmp' operation ('icmp_ln885', cnn_ap_lp/conv_2.cpp:34) [169]  (2.21 ns)

 <State 10>: 14.5ns
The critical path consists of the following:
	'sub' operation ('tmp.V', cnn_ap_lp/conv_2.cpp:34) [173]  (1.81 ns)
	'select' operation ('tmp.V', cnn_ap_lp/conv_2.cpp:34) [174]  (0.702 ns)
	'cttz' operation ('l', cnn_ap_lp/conv_2.cpp:34) [177]  (3.4 ns)
	'sub' operation ('sub_ln894', cnn_ap_lp/conv_2.cpp:34) [178]  (2.55 ns)
	'add' operation ('lsb_index', cnn_ap_lp/conv_2.cpp:34) [180]  (2.55 ns)
	'icmp' operation ('icmp_ln897', cnn_ap_lp/conv_2.cpp:34) [182]  (2.47 ns)
	'and' operation ('a', cnn_ap_lp/conv_2.cpp:34) [189]  (0 ns)
	'or' operation ('or_ln899', cnn_ap_lp/conv_2.cpp:34) [195]  (0 ns)
	blocking operation 0.978 ns on control path)

 <State 11>: 16.9ns
The critical path consists of the following:
	'add' operation ('add_ln908', cnn_ap_lp/conv_2.cpp:34) [200]  (2.55 ns)
	'lshr' operation ('lshr_ln908', cnn_ap_lp/conv_2.cpp:34) [201]  (0 ns)
	'select' operation ('m', cnn_ap_lp/conv_2.cpp:34) [206]  (0 ns)
	'add' operation ('m', cnn_ap_lp/conv_2.cpp:34) [208]  (4.42 ns)
	'select' operation ('select_ln915', cnn_ap_lp/conv_2.cpp:34) [212]  (0.692 ns)
	'add' operation ('add_ln915', cnn_ap_lp/conv_2.cpp:34) [215]  (3.76 ns)
	'dcmp' operation ('tmp_1', cnn_ap_lp/conv_2.cpp:34) [223]  (5.46 ns)

 <State 12>: 11.5ns
The critical path consists of the following:
	'dcmp' operation ('tmp_1', cnn_ap_lp/conv_2.cpp:34) [223]  (5.46 ns)
	'and' operation ('and_ln924', cnn_ap_lp/conv_2.cpp:34) [224]  (0.978 ns)
	multiplexor before 'phi' operation ('__Val2__') with incoming values : ('tmp.V', cnn_ap_lp/conv_2.cpp:31) [229]  (1.77 ns)
	'phi' operation ('__Val2__') with incoming values : ('tmp.V', cnn_ap_lp/conv_2.cpp:31) [229]  (0 ns)
	'store' operation ('store_ln35', cnn_ap_lp/conv_2.cpp:35) of variable '__Val2__' on array 'conv_out_V' [230]  (3.25 ns)


============================================================
+ Verbose Summary: Binding
============================================================
N/A
* FSMD analyzer results:
  - Output states:
 - Input state : 
  - Chain level:
	State 1
	State 2
	State 3
	State 4
	State 5
	State 6
	State 7
	State 8
	State 9
	State 10
	State 11
	State 12


============================================================
+ Verbose Summary: Datapath Resource usage 
============================================================
N/A
