

================================================================
== Vivado HLS Report for 'cnn'
================================================================
* Date:           Mon Aug  5 22:07:56 2024

* Version:        2019.1 (Build 2552052 on Fri May 24 15:28:33 MDT 2019)
* Project:        cnn
* Solution:       dp_fp1_apr50
* Product family: zynq
* Target device:  xc7z020-clg400-1


================================================================
== Performance Estimates
================================================================
+ Timing (ns): 
    * Summary: 
    +--------+-------+----------+------------+
    |  Clock | Target| Estimated| Uncertainty|
    +--------+-------+----------+------------+
    |ap_clk  |  20.00|    17.393|        2.50|
    +--------+-------+----------+------------+

+ Latency (clock cycles): 
    * Summary: 
    +---------+---------+---------+---------+---------+
    |      Latency      |      Interval     | Pipeline|
    |   min   |   max   |   min   |   max   |   Type  |
    +---------+---------+---------+---------+---------+
    |  1273117|  1273117|  1273117|  1273117|   none  |
    +---------+---------+---------+---------+---------+

    + Detail: 
        * Instance: 
        +-----------------------+------------+--------+--------+--------+--------+---------+
        |                       |            |     Latency     |     Interval    | Pipeline|
        |        Instance       |   Module   |   min  |   max  |   min  |   max  |   Type  |
        +-----------------------+------------+--------+--------+--------+--------+---------+
        |grp_dense_2_fu_368     |dense_2     |     238|     238|     238|     238|   none  |
        |grp_dense_1_fu_526     |dense_1     |  140401|  140401|  140401|  140401|   none  |
        |grp_dense_out_fu_586   |dense_out   |    2414|    2414|    2414|    2414|   none  |
        |grp_conv_2_fu_598      |conv_2      |  792089|  792089|  792089|  792089|   none  |
        |grp_conv_1_fu_610      |conv_1      |  309661|  309661|  309661|  309661|   none  |
        |grp_max_pool_1_fu_621  |max_pool_1  |   18421|   18421|   18421|   18421|   none  |
        |grp_max_pool_2_fu_629  |max_pool_2  |    7393|    7393|    7393|    7393|   none  |
        |grp_flat_fu_637        |flat        |     861|     861|     861|     861|   none  |
        +-----------------------+------------+--------+--------+--------+--------+---------+

        * Loop: 
        +-------------+------+------+----------+-----------+-----------+------+----------+
        |             |   Latency   | Iteration|  Initiation Interval  | Trip |          |
        |  Loop Name  |  min |  max |  Latency |  achieved |   target  | Count| Pipelined|
        +-------------+------+------+----------+-----------+-----------+------+----------+
        |- Loop 1     |  1624|  1624|        58|          -|          -|    28|    no    |
        | + Loop 1.1  |    56|    56|         2|          -|          -|    28|    no    |
        +-------------+------+------+----------+-----------+-----------+------+----------+



================================================================
== Utilization Estimates
================================================================
* Summary: 
+-----------------+---------+-------+--------+-------+-----+
|       Name      | BRAM_18K| DSP48E|   FF   |  LUT  | URAM|
+-----------------+---------+-------+--------+-------+-----+
|DSP              |        -|      -|       -|      -|    -|
|Expression       |        -|      -|       0|    106|    -|
|FIFO             |        -|      -|       -|      -|    -|
|Instance         |       69|    281|   29060|  51180|    0|
|Memory           |       18|      -|      64|     15|    0|
|Multiplexer      |        -|      -|       -|    393|    -|
|Register         |        -|      -|    3306|      -|    -|
+-----------------+---------+-------+--------+-------+-----+
|Total            |       87|    281|   32430|  51694|    0|
+-----------------+---------+-------+--------+-------+-----+
|Available        |      280|    220|  106400|  53200|    0|
+-----------------+---------+-------+--------+-------+-----+
|Utilization (%)  |       31|    127|      30|     97|    0|
+-----------------+---------+-------+--------+-------+-----+

+ Detail: 
    * Instance: 
    +-----------------------+--------------------+---------+-------+-------+-------+-----+
    |        Instance       |       Module       | BRAM_18K| DSP48E|   FF  |  LUT  | URAM|
    +-----------------------+--------------------+---------+-------+-------+-------+-----+
    |cnn_CRTL_BUS_s_axi_U   |cnn_CRTL_BUS_s_axi  |        0|      0|     36|     40|    0|
    |grp_conv_1_fu_610      |conv_1              |        1|      5|    697|   1496|    0|
    |grp_conv_2_fu_598      |conv_2              |        2|      5|    743|   1570|    0|
    |grp_dense_1_fu_526     |dense_1             |       65|      5|   2281|   5097|    0|
    |grp_dense_2_fu_368     |dense_2             |        0|    252|  23257|  37956|    0|
    |grp_dense_out_fu_586   |dense_out           |        1|     14|   1493|   3434|    0|
    |grp_flat_fu_637        |flat                |        0|      0|     84|    244|    0|
    |grp_max_pool_1_fu_621  |max_pool_1          |        0|      0|    239|    683|    0|
    |grp_max_pool_2_fu_629  |max_pool_2          |        0|      0|    230|    660|    0|
    +-----------------------+--------------------+---------+-------+-------+-------+-----+
    |Total                  |                    |       69|    281|  29060|  51180|    0|
    +-----------------------+--------------------+---------+-------+-------+-------+-----+

    * DSP48E: 
    N/A

    * Memory: 
    +------------------+--------------------+---------+----+----+-----+------+-----+------+-------------+
    |      Memory      |       Module       | BRAM_18K| FF | LUT| URAM| Words| Bits| Banks| W*Bits*Banks|
    +------------------+--------------------+---------+----+----+-----+------+-----+------+-------------+
    |conv_1_input_U    |cnn_conv_1_input    |        2|   0|   0|    0|   784|   32|     1|        25088|
    |conv_1_out_U      |cnn_conv_1_out      |        8|   0|   0|    0|  4056|   32|     1|       129792|
    |conv_2_out_U      |cnn_conv_2_out      |        4|   0|   0|    0|  1936|   32|     1|        61952|
    |dense_2_out_U     |cnn_dense_2_out     |        0|  64|  15|    0|    30|   32|     1|          960|
    |max_pool_1_out_U  |cnn_max_pool_1_out  |        2|   0|   0|    0|  1014|   32|     1|        32448|
    |max_pool_2_out_U  |cnn_max_pool_2_out  |        1|   0|   0|    0|   400|   32|     1|        12800|
    |flat_array_U      |cnn_max_pool_2_out  |        1|   0|   0|    0|   400|   32|     1|        12800|
    +------------------+--------------------+---------+----+----+-----+------+-----+------+-------------+
    |Total             |                    |       18|  64|  15|    0|  8620|  224|     7|       275840|
    +------------------+--------------------+---------+----+----+-----+------+-----+------+-------------+

    * FIFO: 
    N/A

    * Expression: 
    +---------------------+----------+-------+---+----+------------+------------+
    |    Variable Name    | Operation| DSP48E| FF| LUT| Bitwidth P0| Bitwidth P1|
    +---------------------+----------+-------+---+----+------------+------------+
    |add_ln27_fu_714_p2   |     +    |      0|  0|  13|          11|          11|
    |add_ln28_fu_719_p2   |     +    |      0|  0|  14|          10|           1|
    |i_fu_651_p2          |     +    |      0|  0|  15|           5|           1|
    |ix_in_fu_657_p2      |     +    |      0|  0|  14|          10|           5|
    |j_fu_699_p2          |     +    |      0|  0|  15|           5|           1|
    |sub_ln27_fu_687_p2   |     -    |      0|  0|  13|          11|          11|
    |icmp_ln23_fu_645_p2  |   icmp   |      0|  0|  11|           5|           4|
    |icmp_ln25_fu_693_p2  |   icmp   |      0|  0|  11|           5|           4|
    +---------------------+----------+-------+---+----+------------+------------+
    |Total                |          |      0|  0| 106|          62|          38|
    +---------------------+----------+-------+---+----+------------+------------+

    * Multiplexer: 
    +-------------------------+----+-----------+-----+-----------+
    |           Name          | LUT| Input Size| Bits| Total Bits|
    +-------------------------+----+-----------+-----+-----------+
    |ap_NS_fsm                |  93|         19|    1|         19|
    |conv_1_input_address0    |  15|          3|   10|         30|
    |conv_1_input_ce0         |  15|          3|    1|          3|
    |conv_1_out_address0      |  15|          3|   12|         36|
    |conv_1_out_ce0           |  15|          3|    1|          3|
    |conv_1_out_we0           |   9|          2|    1|          2|
    |conv_2_out_address0      |  15|          3|   11|         33|
    |conv_2_out_ce0           |  15|          3|    1|          3|
    |conv_2_out_we0           |   9|          2|    1|          2|
    |dense_2_out_address0     |  15|          3|    5|         15|
    |dense_2_out_ce0          |  15|          3|    1|          3|
    |dense_2_out_we0          |   9|          2|    1|          2|
    |flat_array_address0      |  15|          3|    9|         27|
    |flat_array_ce0           |  15|          3|    1|          3|
    |flat_array_we0           |   9|          2|    1|          2|
    |i_0_reg_336              |   9|          2|    5|         10|
    |ix_in_0_reg_324          |   9|          2|   10|         20|
    |ix_in_1_reg_347          |   9|          2|   10|         20|
    |j_0_reg_357              |   9|          2|    5|         10|
    |max_pool_1_out_address0  |  15|          3|   10|         30|
    |max_pool_1_out_ce0       |  15|          3|    1|          3|
    |max_pool_1_out_we0       |   9|          2|    1|          2|
    |max_pool_2_out_address0  |  15|          3|    9|         27|
    |max_pool_2_out_ce0       |  15|          3|    1|          3|
    |max_pool_2_out_we0       |   9|          2|    1|          2|
    +-------------------------+----+-----------+-----+-----------+
    |Total                    | 393|         81|  110|        310|
    +-------------------------+----+-----------+-----+-----------+

    * Register: 
    +------------------------------------+----+----+-----+-----------+
    |                Name                | FF | LUT| Bits| Const Bits|
    +------------------------------------+----+----+-----+-----------+
    |add_ln27_reg_1560                   |  11|   0|   11|          0|
    |add_ln28_reg_1565                   |  10|   0|   10|          0|
    |ap_CS_fsm                           |  18|   0|   18|          0|
    |dense_1_out_0_0                     |  32|   0|   32|          0|
    |dense_1_out_0_0_loc_reg_1820        |  32|   0|   32|          0|
    |dense_1_out_0_1                     |  32|   0|   32|          0|
    |dense_1_out_0_1_loc_reg_1825        |  32|   0|   32|          0|
    |dense_1_out_10_0                    |  32|   0|   32|          0|
    |dense_1_out_10_0_loc_reg_1920       |  32|   0|   32|          0|
    |dense_1_out_10_1                    |  32|   0|   32|          0|
    |dense_1_out_10_1_loc_reg_1925       |  32|   0|   32|          0|
    |dense_1_out_11_0                    |  32|   0|   32|          0|
    |dense_1_out_11_0_loc_reg_1930       |  32|   0|   32|          0|
    |dense_1_out_11_1                    |  32|   0|   32|          0|
    |dense_1_out_11_1_loc_reg_1935       |  32|   0|   32|          0|
    |dense_1_out_12_0                    |  32|   0|   32|          0|
    |dense_1_out_12_0_loc_reg_1940       |  32|   0|   32|          0|
    |dense_1_out_12_1                    |  32|   0|   32|          0|
    |dense_1_out_12_1_loc_reg_1945       |  32|   0|   32|          0|
    |dense_1_out_13_0                    |  32|   0|   32|          0|
    |dense_1_out_13_0_loc_reg_1950       |  32|   0|   32|          0|
    |dense_1_out_13_1                    |  32|   0|   32|          0|
    |dense_1_out_13_1_loc_reg_1955       |  32|   0|   32|          0|
    |dense_1_out_14_0                    |  32|   0|   32|          0|
    |dense_1_out_14_0_loc_reg_1960       |  32|   0|   32|          0|
    |dense_1_out_14_1                    |  32|   0|   32|          0|
    |dense_1_out_14_1_loc_reg_1965       |  32|   0|   32|          0|
    |dense_1_out_15_0                    |  32|   0|   32|          0|
    |dense_1_out_15_0_loc_reg_1970       |  32|   0|   32|          0|
    |dense_1_out_15_1                    |  32|   0|   32|          0|
    |dense_1_out_15_1_loc_reg_1975       |  32|   0|   32|          0|
    |dense_1_out_16_0                    |  32|   0|   32|          0|
    |dense_1_out_16_0_loc_reg_1980       |  32|   0|   32|          0|
    |dense_1_out_16_1                    |  32|   0|   32|          0|
    |dense_1_out_16_1_loc_reg_1985       |  32|   0|   32|          0|
    |dense_1_out_17_0                    |  32|   0|   32|          0|
    |dense_1_out_17_0_loc_reg_1990       |  32|   0|   32|          0|
    |dense_1_out_17_1                    |  32|   0|   32|          0|
    |dense_1_out_17_1_loc_reg_1995       |  32|   0|   32|          0|
    |dense_1_out_18_0                    |  32|   0|   32|          0|
    |dense_1_out_18_0_loc_reg_2000       |  32|   0|   32|          0|
    |dense_1_out_18_1                    |  32|   0|   32|          0|
    |dense_1_out_18_1_loc_reg_2005       |  32|   0|   32|          0|
    |dense_1_out_19_0                    |  32|   0|   32|          0|
    |dense_1_out_19_0_loc_reg_2010       |  32|   0|   32|          0|
    |dense_1_out_19_1                    |  32|   0|   32|          0|
    |dense_1_out_19_1_loc_reg_2015       |  32|   0|   32|          0|
    |dense_1_out_1_0                     |  32|   0|   32|          0|
    |dense_1_out_1_0_loc_reg_1830        |  32|   0|   32|          0|
    |dense_1_out_1_1                     |  32|   0|   32|          0|
    |dense_1_out_1_1_loc_reg_1835        |  32|   0|   32|          0|
    |dense_1_out_20_0                    |  32|   0|   32|          0|
    |dense_1_out_20_0_loc_reg_2020       |  32|   0|   32|          0|
    |dense_1_out_20_1                    |  32|   0|   32|          0|
    |dense_1_out_20_1_loc_reg_2025       |  32|   0|   32|          0|
    |dense_1_out_21_0                    |  32|   0|   32|          0|
    |dense_1_out_21_0_loc_reg_2030       |  32|   0|   32|          0|
    |dense_1_out_21_1                    |  32|   0|   32|          0|
    |dense_1_out_21_1_loc_reg_2035       |  32|   0|   32|          0|
    |dense_1_out_22_0                    |  32|   0|   32|          0|
    |dense_1_out_22_0_loc_reg_2040       |  32|   0|   32|          0|
    |dense_1_out_22_1                    |  32|   0|   32|          0|
    |dense_1_out_22_1_loc_reg_2045       |  32|   0|   32|          0|
    |dense_1_out_23_0                    |  32|   0|   32|          0|
    |dense_1_out_23_0_loc_reg_2050       |  32|   0|   32|          0|
    |dense_1_out_23_1                    |  32|   0|   32|          0|
    |dense_1_out_23_1_loc_reg_2055       |  32|   0|   32|          0|
    |dense_1_out_24_0                    |  32|   0|   32|          0|
    |dense_1_out_24_0_loc_reg_2060       |  32|   0|   32|          0|
    |dense_1_out_24_1                    |  32|   0|   32|          0|
    |dense_1_out_24_1_loc_reg_2065       |  32|   0|   32|          0|
    |dense_1_out_2_0                     |  32|   0|   32|          0|
    |dense_1_out_2_0_loc_reg_1840        |  32|   0|   32|          0|
    |dense_1_out_2_1                     |  32|   0|   32|          0|
    |dense_1_out_2_1_loc_reg_1845        |  32|   0|   32|          0|
    |dense_1_out_3_0                     |  32|   0|   32|          0|
    |dense_1_out_3_0_loc_reg_1850        |  32|   0|   32|          0|
    |dense_1_out_3_1                     |  32|   0|   32|          0|
    |dense_1_out_3_1_loc_reg_1855        |  32|   0|   32|          0|
    |dense_1_out_4_0                     |  32|   0|   32|          0|
    |dense_1_out_4_0_loc_reg_1860        |  32|   0|   32|          0|
    |dense_1_out_4_1                     |  32|   0|   32|          0|
    |dense_1_out_4_1_loc_reg_1865        |  32|   0|   32|          0|
    |dense_1_out_5_0                     |  32|   0|   32|          0|
    |dense_1_out_5_0_loc_reg_1870        |  32|   0|   32|          0|
    |dense_1_out_5_1                     |  32|   0|   32|          0|
    |dense_1_out_5_1_loc_reg_1875        |  32|   0|   32|          0|
    |dense_1_out_6_0                     |  32|   0|   32|          0|
    |dense_1_out_6_0_loc_reg_1880        |  32|   0|   32|          0|
    |dense_1_out_6_1                     |  32|   0|   32|          0|
    |dense_1_out_6_1_loc_reg_1885        |  32|   0|   32|          0|
    |dense_1_out_7_0                     |  32|   0|   32|          0|
    |dense_1_out_7_0_loc_reg_1890        |  32|   0|   32|          0|
    |dense_1_out_7_1                     |  32|   0|   32|          0|
    |dense_1_out_7_1_loc_reg_1895        |  32|   0|   32|          0|
    |dense_1_out_8_0                     |  32|   0|   32|          0|
    |dense_1_out_8_0_loc_reg_1900        |  32|   0|   32|          0|
    |dense_1_out_8_1                     |  32|   0|   32|          0|
    |dense_1_out_8_1_loc_reg_1905        |  32|   0|   32|          0|
    |dense_1_out_9_0                     |  32|   0|   32|          0|
    |dense_1_out_9_0_loc_reg_1910        |  32|   0|   32|          0|
    |dense_1_out_9_1                     |  32|   0|   32|          0|
    |dense_1_out_9_1_loc_reg_1915        |  32|   0|   32|          0|
    |grp_conv_1_fu_610_ap_start_reg      |   1|   0|    1|          0|
    |grp_conv_2_fu_598_ap_start_reg      |   1|   0|    1|          0|
    |grp_dense_1_fu_526_ap_start_reg     |   1|   0|    1|          0|
    |grp_dense_2_fu_368_ap_start_reg     |   1|   0|    1|          0|
    |grp_dense_out_fu_586_ap_start_reg   |   1|   0|    1|          0|
    |grp_flat_fu_637_ap_start_reg        |   1|   0|    1|          0|
    |grp_max_pool_1_fu_621_ap_start_reg  |   1|   0|    1|          0|
    |grp_max_pool_2_fu_629_ap_start_reg  |   1|   0|    1|          0|
    |i_0_reg_336                         |   5|   0|    5|          0|
    |i_reg_1532                          |   5|   0|    5|          0|
    |ix_in_0_reg_324                     |  10|   0|   10|          0|
    |ix_in_1_reg_347                     |  10|   0|   10|          0|
    |ix_in_reg_1537                      |  10|   0|   10|          0|
    |j_0_reg_357                         |   5|   0|    5|          0|
    |j_reg_1550                          |   5|   0|    5|          0|
    |sub_ln27_reg_1542                   |   9|   0|   11|          2|
    +------------------------------------+----+----+-----+-----------+
    |Total                               |3306|   0| 3308|          2|
    +------------------------------------+----+----+-----+-----------+



================================================================
== Interface
================================================================
* Summary: 
+------------------------+-----+-----+------------+--------------+--------------+
|        RTL Ports       | Dir | Bits|  Protocol  | Source Object|    C Type    |
+------------------------+-----+-----+------------+--------------+--------------+
|s_axi_CRTL_BUS_AWVALID  |  in |    1|    s_axi   |   CRTL_BUS   |  return void |
|s_axi_CRTL_BUS_AWREADY  | out |    1|    s_axi   |   CRTL_BUS   |  return void |
|s_axi_CRTL_BUS_AWADDR   |  in |    4|    s_axi   |   CRTL_BUS   |  return void |
|s_axi_CRTL_BUS_WVALID   |  in |    1|    s_axi   |   CRTL_BUS   |  return void |
|s_axi_CRTL_BUS_WREADY   | out |    1|    s_axi   |   CRTL_BUS   |  return void |
|s_axi_CRTL_BUS_WDATA    |  in |   32|    s_axi   |   CRTL_BUS   |  return void |
|s_axi_CRTL_BUS_WSTRB    |  in |    4|    s_axi   |   CRTL_BUS   |  return void |
|s_axi_CRTL_BUS_ARVALID  |  in |    1|    s_axi   |   CRTL_BUS   |  return void |
|s_axi_CRTL_BUS_ARREADY  | out |    1|    s_axi   |   CRTL_BUS   |  return void |
|s_axi_CRTL_BUS_ARADDR   |  in |    4|    s_axi   |   CRTL_BUS   |  return void |
|s_axi_CRTL_BUS_RVALID   | out |    1|    s_axi   |   CRTL_BUS   |  return void |
|s_axi_CRTL_BUS_RREADY   |  in |    1|    s_axi   |   CRTL_BUS   |  return void |
|s_axi_CRTL_BUS_RDATA    | out |   32|    s_axi   |   CRTL_BUS   |  return void |
|s_axi_CRTL_BUS_RRESP    | out |    2|    s_axi   |   CRTL_BUS   |  return void |
|s_axi_CRTL_BUS_BVALID   | out |    1|    s_axi   |   CRTL_BUS   |  return void |
|s_axi_CRTL_BUS_BREADY   |  in |    1|    s_axi   |   CRTL_BUS   |  return void |
|s_axi_CRTL_BUS_BRESP    | out |    2|    s_axi   |   CRTL_BUS   |  return void |
|ap_clk                  |  in |    1| ap_ctrl_hs |      cnn     | return value |
|ap_rst_n                |  in |    1| ap_ctrl_hs |      cnn     | return value |
|interrupt               | out |    1| ap_ctrl_hs |      cnn     | return value |
|cnn_input_Addr_A        | out |   32|    bram    |   cnn_input  |     array    |
|cnn_input_EN_A          | out |    1|    bram    |   cnn_input  |     array    |
|cnn_input_WEN_A         | out |    4|    bram    |   cnn_input  |     array    |
|cnn_input_Din_A         | out |   32|    bram    |   cnn_input  |     array    |
|cnn_input_Dout_A        |  in |   32|    bram    |   cnn_input  |     array    |
|cnn_input_Clk_A         | out |    1|    bram    |   cnn_input  |     array    |
|cnn_input_Rst_A         | out |    1|    bram    |   cnn_input  |     array    |
|prediction_Addr_A       | out |   32|    bram    |  prediction  |     array    |
|prediction_EN_A         | out |    1|    bram    |  prediction  |     array    |
|prediction_WEN_A        | out |    4|    bram    |  prediction  |     array    |
|prediction_Din_A        | out |   32|    bram    |  prediction  |     array    |
|prediction_Dout_A       |  in |   32|    bram    |  prediction  |     array    |
|prediction_Clk_A        | out |    1|    bram    |  prediction  |     array    |
|prediction_Rst_A        | out |    1|    bram    |  prediction  |     array    |
+------------------------+-----+-----+------------+--------------+--------------+

