

================================================================
== Vivado HLS Report for 'conv_2'
================================================================
* Date:           Tue Jul 11 11:48:06 2023

* Version:        2020.1 (Build 2897737 on Wed May 27 20:21:37 MDT 2020)
* Project:        cnn
* Solution:       solution2
* Product family: virtex7
* Target device:  xc7vx485t-ffg1157-1


================================================================
== Performance Estimates
================================================================
+ Timing: 
    * Summary: 
    +--------+----------+----------+------------+
    |  Clock |  Target  | Estimated| Uncertainty|
    +--------+----------+----------+------------+
    |ap_clk  | 10.00 ns | 9.218 ns |   1.25 ns  |
    +--------+----------+----------+------------+

+ Latency: 
    * Summary: 
    +---------+---------+-----------+-----------+---------+---------+---------+
    |  Latency (cycles) |   Latency (absolute)  |      Interval     | Pipeline|
    |   min   |   max   |    min    |    max    |   min   |   max   |   Type  |
    +---------+---------+-----------+-----------+---------+---------+---------+
    |  9339271|  9339271| 93.393 ms | 93.393 ms |  9339271|  9339271|   none  |
    +---------+---------+-----------+-----------+---------+---------+---------+

    + Detail: 
        * Instance: 
        N/A

        * Loop: 
        +-----------------------------------------------+---------+---------+----------+-----------+-----------+-------+----------+
        |                                               |  Latency (cycles) | Iteration|  Initiation Interval  |  Trip |          |
        |                   Loop Name                   |   min   |   max   |  Latency |  achieved |   target  | Count | Pipelined|
        +-----------------------------------------------+---------+---------+----------+-----------+-----------+-------+----------+
        |- Row_Loop_Filter2_Loop_W_Row_Loop_W_Col_Loop  |  9339269|  9339269|       140|        134|          1|  69696|    yes   |
        +-----------------------------------------------+---------+---------+----------+-----------+-----------+-------+----------+



================================================================
== Utilization Estimates
================================================================
* Summary: 
+-----------------+---------+-------+--------+--------+-----+
|       Name      | BRAM_18K| DSP48E|   FF   |   LUT  | URAM|
+-----------------+---------+-------+--------+--------+-----+
|DSP              |        -|      2|       -|       -|    -|
|Expression       |        -|      -|       0|    1026|    -|
|FIFO             |        -|      -|       -|       -|    -|
|Instance         |        -|      5|     421|     418|    -|
|Memory           |       65|      -|       0|       0|    -|
|Multiplexer      |        -|      -|       -|    1418|    -|
|Register         |        -|      -|    2959|       -|    -|
+-----------------+---------+-------+--------+--------+-----+
|Total            |       65|      7|    3380|    2862|    0|
+-----------------+---------+-------+--------+--------+-----+
|Available        |     2060|   2800|  607200|  303600|    0|
+-----------------+---------+-------+--------+--------+-----+
|Utilization (%)  |        3|   ~0  |   ~0   |   ~0   |    0|
+-----------------+---------+-------+--------+--------+-----+

+ Detail: 
    * Instance: 
    +--------------------------+----------------------+---------+-------+-----+-----+-----+
    |         Instance         |        Module        | BRAM_18K| DSP48E|  FF | LUT | URAM|
    +--------------------------+----------------------+---------+-------+-----+-----+-----+
    |cnn_fadd_32ns_32ncud_U20  |cnn_fadd_32ns_32ncud  |        0|      2|  227|  214|    0|
    |cnn_fcmp_32ns_32neOg_U22  |cnn_fcmp_32ns_32neOg  |        0|      0|   66|   66|    0|
    |cnn_fmul_32ns_32ndEe_U21  |cnn_fmul_32ns_32ndEe  |        0|      3|  128|  138|    0|
    +--------------------------+----------------------+---------+-------+-----+-----+-----+
    |Total                     |                      |        0|      5|  421|  418|    0|
    +--------------------------+----------------------+---------+-------+-----+-----+-----+

    * DSP48E: 
    +--------------------------+----------------------+--------------+
    |         Instance         |        Module        |  Expression  |
    +--------------------------+----------------------+--------------+
    |cnn_mac_muladd_4nOgC_U23  |cnn_mac_muladd_4nOgC  | i0 + i1 * i2 |
    |cnn_mac_muladd_4nOgC_U24  |cnn_mac_muladd_4nOgC  | i0 + i1 * i2 |
    +--------------------------+----------------------+--------------+

    * Memory: 
    +---------------------+----------------------+---------+---+----+-----+------+-----+------+-------------+
    |        Memory       |        Module        | BRAM_18K| FF| LUT| URAM| Words| Bits| Banks| W*Bits*Banks|
    +---------------------+----------------------+---------+---+----+-----+------+-----+------+-------------+
    |conv_2_bias_U        |conv_2_conv_2_bias    |        1|  0|   0|    0|    64|   32|     1|         2048|
    |conv_2_weights_18_U  |conv_2_conv_2_weiAem  |        2|  0|   0|    0|   576|   32|     1|        18432|
    |conv_2_weights_19_U  |conv_2_conv_2_weiBew  |        2|  0|   0|    0|   576|   32|     1|        18432|
    |conv_2_weights_20_U  |conv_2_conv_2_weiCeG  |        2|  0|   0|    0|   576|   32|     1|        18432|
    |conv_2_weights_21_U  |conv_2_conv_2_weiDeQ  |        2|  0|   0|    0|   576|   32|     1|        18432|
    |conv_2_weights_22_U  |conv_2_conv_2_weiEe0  |        2|  0|   0|    0|   576|   32|     1|        18432|
    |conv_2_weights_23_U  |conv_2_conv_2_weiFfa  |        2|  0|   0|    0|   576|   32|     1|        18432|
    |conv_2_weights_24_U  |conv_2_conv_2_weiGfk  |        2|  0|   0|    0|   576|   32|     1|        18432|
    |conv_2_weights_25_U  |conv_2_conv_2_weiHfu  |        2|  0|   0|    0|   576|   32|     1|        18432|
    |conv_2_weights_26_U  |conv_2_conv_2_weiIfE  |        2|  0|   0|    0|   576|   32|     1|        18432|
    |conv_2_weights_27_U  |conv_2_conv_2_weiJfO  |        2|  0|   0|    0|   576|   32|     1|        18432|
    |conv_2_weights_28_U  |conv_2_conv_2_weiKfY  |        2|  0|   0|    0|   576|   32|     1|        18432|
    |conv_2_weights_29_U  |conv_2_conv_2_weiLf8  |        2|  0|   0|    0|   576|   32|     1|        18432|
    |conv_2_weights_30_U  |conv_2_conv_2_weiMgi  |        2|  0|   0|    0|   576|   32|     1|        18432|
    |conv_2_weights_31_U  |conv_2_conv_2_weiNgs  |        2|  0|   0|    0|   576|   32|     1|        18432|
    |conv_2_weights_0_U   |conv_2_conv_2_weiibs  |        2|  0|   0|    0|   576|   32|     1|        18432|
    |conv_2_weights_1_U   |conv_2_conv_2_weijbC  |        2|  0|   0|    0|   576|   32|     1|        18432|
    |conv_2_weights_2_U   |conv_2_conv_2_weikbM  |        2|  0|   0|    0|   576|   32|     1|        18432|
    |conv_2_weights_3_U   |conv_2_conv_2_weilbW  |        2|  0|   0|    0|   576|   32|     1|        18432|
    |conv_2_weights_4_U   |conv_2_conv_2_weimb6  |        2|  0|   0|    0|   576|   32|     1|        18432|
    |conv_2_weights_5_U   |conv_2_conv_2_weincg  |        2|  0|   0|    0|   576|   32|     1|        18432|
    |conv_2_weights_6_U   |conv_2_conv_2_weiocq  |        2|  0|   0|    0|   576|   32|     1|        18432|
    |conv_2_weights_7_U   |conv_2_conv_2_weipcA  |        2|  0|   0|    0|   576|   32|     1|        18432|
    |conv_2_weights_8_U   |conv_2_conv_2_weiqcK  |        2|  0|   0|    0|   576|   32|     1|        18432|
    |conv_2_weights_9_U   |conv_2_conv_2_weircU  |        2|  0|   0|    0|   576|   32|     1|        18432|
    |conv_2_weights_10_U  |conv_2_conv_2_weisc4  |        2|  0|   0|    0|   576|   32|     1|        18432|
    |conv_2_weights_11_U  |conv_2_conv_2_weitde  |        2|  0|   0|    0|   576|   32|     1|        18432|
    |conv_2_weights_12_U  |conv_2_conv_2_weiudo  |        2|  0|   0|    0|   576|   32|     1|        18432|
    |conv_2_weights_13_U  |conv_2_conv_2_weivdy  |        2|  0|   0|    0|   576|   32|     1|        18432|
    |conv_2_weights_14_U  |conv_2_conv_2_weiwdI  |        2|  0|   0|    0|   576|   32|     1|        18432|
    |conv_2_weights_15_U  |conv_2_conv_2_weixdS  |        2|  0|   0|    0|   576|   32|     1|        18432|
    |conv_2_weights_16_U  |conv_2_conv_2_weiyd2  |        2|  0|   0|    0|   576|   32|     1|        18432|
    |conv_2_weights_17_U  |conv_2_conv_2_weizec  |        2|  0|   0|    0|   576|   32|     1|        18432|
    +---------------------+----------------------+---------+---+----+-----+------+-----+------+-------------+
    |Total                |                      |       65|  0|   0|    0| 18496| 1056|    33|       591872|
    +---------------------+----------------------+---------+---+----+-----+------+-----+------+-------------+

    * FIFO: 
    N/A

    * Expression: 
    +---------------------------+----------+-------+---+----+------------+------------+
    |       Variable Name       | Operation| DSP48E| FF| LUT| Bitwidth P0| Bitwidth P1|
    +---------------------------+----------+-------+---+----+------------+------------+
    |add_ln12_3_fu_1433_p2      |     +    |      0|  0|  21|          14|           1|
    |add_ln15_4_fu_1427_p2      |     +    |      0|  0|  18|          11|           1|
    |add_ln19_fu_1421_p2        |     +    |      0|  0|  13|           4|           1|
    |add_ln31_1_fu_1579_p2      |     +    |      0|  0|  13|           4|           4|
    |add_ln31_2_fu_1407_p2      |     +    |      0|  0|  13|           4|           4|
    |add_ln31_3_fu_1523_p2      |     +    |      0|  0|  15|           5|           5|
    |add_ln31_4_fu_1537_p2      |     +    |      0|  0|  18|          11|          11|
    |add_ln31_fu_1173_p2        |     +    |      0|  0|  13|           4|           4|
    |add_ln39_5_fu_1476_p2      |     +    |      0|  0|  21|          14|          14|
    |add_ln9_fu_1439_p2         |     +    |      0|  0|  24|          17|           1|
    |c_fu_1273_p2               |     +    |      0|  0|  13|           4|           1|
    |f_fu_1452_p2               |     +    |      0|  0|  15|           7|           1|
    |r_fu_1185_p2               |     +    |      0|  0|  13|           4|           1|
    |wc_fu_1834_p2              |     +    |      0|  0|  10|           2|           1|
    |wr_fu_1377_p2              |     +    |      0|  0|  10|           2|           1|
    |sub_ln31_fu_1508_p2        |     -    |      0|  0|  15|           5|           5|
    |and_ln31_1_fu_1371_p2      |    and   |      0|  0|   2|           1|           1|
    |and_ln31_fu_1752_p2        |    and   |      0|  0|   2|           1|           1|
    |and_ln33_fu_1828_p2        |    and   |      0|  0|   2|           1|           1|
    |and_ln38_fu_2289_p2        |    and   |      0|  0|   2|           1|           1|
    |and_ln39_1_fu_1243_p2      |    and   |      0|  0|   2|           1|           1|
    |and_ln39_2_fu_1255_p2      |    and   |      0|  0|   2|           1|           1|
    |and_ln39_3_fu_1267_p2      |    and   |      0|  0|   2|           1|           1|
    |and_ln39_4_fu_1747_p2      |    and   |      0|  0|   2|           1|           1|
    |and_ln39_5_fu_1325_p2      |    and   |      0|  0|   2|           1|           1|
    |and_ln39_6_fu_1331_p2      |    and   |      0|  0|   2|           1|           1|
    |and_ln39_fu_1743_p2        |    and   |      0|  0|   2|           1|           1|
    |icmp_ln12_fu_1191_p2       |   icmp   |      0|  0|  13|          14|          13|
    |icmp_ln15_fu_1261_p2       |   icmp   |      0|  0|  13|          11|          10|
    |icmp_ln19_fu_1249_p2       |   icmp   |      0|  0|   9|           4|           4|
    |icmp_ln22_fu_1237_p2       |   icmp   |      0|  0|   8|           2|           2|
    |icmp_ln27_fu_1814_p2       |   icmp   |      0|  0|   8|           2|           1|
    |icmp_ln33_1_fu_1805_p2     |   icmp   |      0|  0|   9|           2|           3|
    |icmp_ln33_2_fu_1757_p2     |   icmp   |      0|  0|   9|           2|           3|
    |icmp_ln33_fu_1231_p2       |   icmp   |      0|  0|   9|           2|           3|
    |icmp_ln38_1_fu_2277_p2     |   icmp   |      0|  0|  18|          23|           1|
    |icmp_ln38_fu_2271_p2       |   icmp   |      0|  0|  11|           8|           2|
    |icmp_ln9_fu_1179_p2        |   icmp   |      0|  0|  18|          17|          17|
    |or_ln19_3_fu_1389_p2       |    or    |      0|  0|   2|           1|           1|
    |or_ln19_fu_1383_p2         |    or    |      0|  0|   2|           1|           1|
    |or_ln27_fu_1810_p2         |    or    |      0|  0|   2|           2|           2|
    |or_ln31_1_fu_1343_p2       |    or    |      0|  0|   2|           1|           1|
    |or_ln31_33_fu_1600_p2      |    or    |      0|  0|  13|          13|           1|
    |or_ln31_34_fu_1632_p2      |    or    |      0|  0|  13|          13|           2|
    |or_ln31_35_fu_1650_p2      |    or    |      0|  0|  13|          13|           2|
    |or_ln31_36_fu_1668_p2      |    or    |      0|  0|  13|          13|           3|
    |or_ln31_37_fu_1686_p2      |    or    |      0|  0|  13|          13|           3|
    |or_ln31_38_fu_1704_p2      |    or    |      0|  0|  13|          13|           3|
    |or_ln31_39_fu_1722_p2      |    or    |      0|  0|  13|          13|           3|
    |or_ln31_40_fu_1769_p2      |    or    |      0|  0|  13|          13|           4|
    |or_ln31_41_fu_1787_p2      |    or    |      0|  0|  13|          13|           4|
    |or_ln31_42_fu_1839_p2      |    or    |      0|  0|  13|          13|           4|
    |or_ln31_43_fu_1857_p2      |    or    |      0|  0|  13|          13|           4|
    |or_ln31_44_fu_1875_p2      |    or    |      0|  0|  13|          13|           4|
    |or_ln31_45_fu_1893_p2      |    or    |      0|  0|  13|          13|           4|
    |or_ln31_46_fu_1911_p2      |    or    |      0|  0|  13|          13|           4|
    |or_ln31_47_fu_1929_p2      |    or    |      0|  0|  13|          13|           4|
    |or_ln31_48_fu_1947_p2      |    or    |      0|  0|  13|          13|           5|
    |or_ln31_49_fu_1965_p2      |    or    |      0|  0|  13|          13|           5|
    |or_ln31_50_fu_1983_p2      |    or    |      0|  0|  13|          13|           5|
    |or_ln31_51_fu_2001_p2      |    or    |      0|  0|  13|          13|           5|
    |or_ln31_52_fu_2019_p2      |    or    |      0|  0|  13|          13|           5|
    |or_ln31_53_fu_2037_p2      |    or    |      0|  0|  13|          13|           5|
    |or_ln31_54_fu_2055_p2      |    or    |      0|  0|  13|          13|           5|
    |or_ln31_55_fu_2073_p2      |    or    |      0|  0|  13|          13|           5|
    |or_ln31_56_fu_2091_p2      |    or    |      0|  0|  13|          13|           5|
    |or_ln31_57_fu_2109_p2      |    or    |      0|  0|  13|          13|           5|
    |or_ln31_58_fu_2127_p2      |    or    |      0|  0|  13|          13|           5|
    |or_ln31_59_fu_2145_p2      |    or    |      0|  0|  13|          13|           5|
    |or_ln31_60_fu_2163_p2      |    or    |      0|  0|  13|          13|           5|
    |or_ln31_61_fu_2181_p2      |    or    |      0|  0|  13|          13|           5|
    |or_ln31_62_fu_2199_p2      |    or    |      0|  0|  13|          13|           5|
    |or_ln31_63_fu_2217_p2      |    or    |      0|  0|  13|          13|           5|
    |or_ln31_fu_1337_p2         |    or    |      0|  0|   2|           1|           1|
    |or_ln38_fu_2283_p2         |    or    |      0|  0|   2|           1|           1|
    |or_ln39_1_fu_1319_p2       |    or    |      0|  0|   2|           1|           1|
    |or_ln39_fu_1279_p2         |    or    |      0|  0|   2|           1|           1|
    |conv_out_d0                |  select  |      0|  0|  32|           1|          32|
    |select_ln12_fu_2247_p3     |  select  |      0|  0|  14|           1|           1|
    |select_ln15_fu_2241_p3     |  select  |      0|  0|  11|           1|           1|
    |select_ln19_11_fu_1487_p3  |  select  |      0|  0|   2|           1|           2|
    |select_ln19_12_fu_1413_p3  |  select  |      0|  0|   4|           1|           4|
    |select_ln19_13_fu_1762_p3  |  select  |      0|  0|   2|           1|           1|
    |select_ln19_14_fu_2235_p3  |  select  |      0|  0|   4|           1|           1|
    |select_ln19_fu_1395_p3     |  select  |      0|  0|   2|           1|           1|
    |select_ln27_fu_1820_p3     |  select  |      0|  0|  32|           1|           1|
    |select_ln31_1_fu_1462_p3   |  select  |      0|  0|   7|           1|           7|
    |select_ln31_2_fu_1625_p3   |  select  |      0|  0|  32|           1|          32|
    |select_ln31_3_fu_1357_p3   |  select  |      0|  0|   4|           1|           4|
    |select_ln31_fu_1349_p3     |  select  |      0|  0|   2|           1|           1|
    |select_ln39_2_fu_1205_p3   |  select  |      0|  0|   4|           1|           4|
    |select_ln39_3_fu_1217_p3   |  select  |      0|  0|   4|           1|           4|
    |select_ln39_4_fu_1285_p3   |  select  |      0|  0|   7|           1|           1|
    |select_ln39_5_fu_1293_p3   |  select  |      0|  0|   4|           1|           4|
    |select_ln39_6_fu_1619_p3   |  select  |      0|  0|  32|           1|          32|
    |select_ln39_7_fu_1305_p3   |  select  |      0|  0|   4|           1|           4|
    |select_ln39_fu_1197_p3     |  select  |      0|  0|   4|           1|           1|
    |ap_enable_pp0              |    xor   |      0|  0|   2|           1|           2|
    |xor_ln31_fu_1365_p2        |    xor   |      0|  0|   2|           2|           1|
    |xor_ln39_1_fu_1313_p2      |    xor   |      0|  0|   2|           1|           2|
    |xor_ln39_fu_1225_p2        |    xor   |      0|  0|   2|           1|           2|
    +---------------------------+----------+-------+---+----+------------+------------+
    |Total                      |          |      0|  0|1026|         647|         409|
    +---------------------------+----------+-------+---+----+------------+------------+

    * Multiplexer: 
    +--------------------------------------------+-----+-----------+-----+-----------+
    |                    Name                    | LUT | Input Size| Bits| Total Bits|
    +--------------------------------------------+-----+-----------+-----+-----------+
    |ap_NS_fsm                                   |  613|        137|    1|        137|
    |ap_enable_reg_pp0_iter1                     |    9|          2|    1|          2|
    |ap_phi_mux_c_0_phi_fu_992_p4                |    9|          2|    4|          8|
    |ap_phi_mux_f_0_phi_fu_1014_p4               |    9|          2|    7|         14|
    |ap_phi_mux_indvar_flatten114_phi_fu_958_p4  |    9|          2|   17|         34|
    |ap_phi_mux_indvar_flatten25_phi_fu_1003_p4  |    9|          2|   11|         22|
    |ap_phi_mux_indvar_flatten64_phi_fu_981_p4   |    9|          2|   14|         28|
    |ap_phi_mux_indvar_flatten_phi_fu_1025_p4    |    9|          2|    4|          8|
    |ap_phi_mux_r_0_phi_fu_970_p4                |    9|          2|    4|          8|
    |ap_phi_mux_wc_0_phi_fu_1047_p4              |    9|          2|    2|          4|
    |ap_phi_mux_wr_0_phi_fu_1036_p4              |    9|          2|    2|          4|
    |c_0_reg_988                                 |    9|          2|    4|          8|
    |conv_2_bias_address0                        |   15|          3|    6|         18|
    |f_0_reg_1010                                |    9|          2|    7|         14|
    |grp_fu_1054_p0                              |   15|          3|   32|         96|
    |grp_fu_1054_p1                              |  125|         27|   32|        864|
    |grp_fu_1058_p0                              |  149|         33|   32|       1056|
    |grp_fu_1058_p1                              |   97|         20|   32|        640|
    |indvar_flatten114_reg_954                   |    9|          2|   17|         34|
    |indvar_flatten25_reg_999                    |    9|          2|   11|         22|
    |indvar_flatten64_reg_977                    |    9|          2|   14|         28|
    |indvar_flatten_reg_1021                     |    9|          2|    4|          8|
    |input_r_address0                            |   85|         17|   13|        221|
    |input_r_address1                            |   85|         17|   13|        221|
    |r_0_reg_966                                 |    9|          2|    4|          8|
    |reg_1072                                    |    9|          2|   32|         64|
    |reg_1083                                    |    9|          2|   32|         64|
    |reg_1094                                    |    9|          2|   32|         64|
    |reg_1105                                    |    9|          2|   32|         64|
    |reg_1116                                    |    9|          2|   32|         64|
    |reg_1127                                    |    9|          2|   32|         64|
    |w_sum_4_fu_236                              |    9|          2|   32|         64|
    |wc_0_reg_1043                               |    9|          2|    2|          4|
    |wr_0_reg_1032                               |    9|          2|    2|          4|
    +--------------------------------------------+-----+-----------+-----+-----------+
    |Total                                       | 1418|        309|  516|       3963|
    +--------------------------------------------+-----+-----------+-----+-----------+

    * Register: 
    +--------------------------------------+-----+----+-----+-----------+
    |                 Name                 |  FF | LUT| Bits| Const Bits|
    +--------------------------------------+-----+----+-----+-----------+
    |add_ln12_3_reg_2442                   |   14|   0|   14|          0|
    |add_ln15_4_reg_2437                   |   11|   0|   11|          0|
    |add_ln19_reg_2432                     |    4|   0|    4|          0|
    |add_ln39_reg_2375                     |    8|   0|    8|          0|
    |add_ln9_reg_2452                      |   17|   0|   17|          0|
    |and_ln31_1_reg_2406                   |    1|   0|    1|          0|
    |and_ln33_reg_2892                     |    1|   0|    1|          0|
    |and_ln39_6_reg_2385                   |    1|   0|    1|          0|
    |ap_CS_fsm                             |  136|   0|  136|          0|
    |ap_enable_reg_pp0_iter0               |    1|   0|    1|          0|
    |ap_enable_reg_pp0_iter1               |    1|   0|    1|          0|
    |c_0_reg_988                           |    4|   0|    4|          0|
    |conv_2_bias_load_reg_2447             |   32|   0|   32|          0|
    |conv_2_weights_0_loa_reg_2697         |   32|   0|   32|          0|
    |conv_2_weights_10_lo_reg_2747         |   32|   0|   32|          0|
    |conv_2_weights_11_lo_reg_2752         |   32|   0|   32|          0|
    |conv_2_weights_12_lo_reg_2757         |   32|   0|   32|          0|
    |conv_2_weights_13_lo_reg_2762         |   32|   0|   32|          0|
    |conv_2_weights_14_lo_reg_2767         |   32|   0|   32|          0|
    |conv_2_weights_15_lo_reg_2772         |   32|   0|   32|          0|
    |conv_2_weights_16_lo_reg_2777         |   32|   0|   32|          0|
    |conv_2_weights_17_lo_reg_2782         |   32|   0|   32|          0|
    |conv_2_weights_18_lo_reg_2787         |   32|   0|   32|          0|
    |conv_2_weights_19_lo_reg_2792         |   32|   0|   32|          0|
    |conv_2_weights_1_loa_reg_2702         |   32|   0|   32|          0|
    |conv_2_weights_20_lo_reg_2797         |   32|   0|   32|          0|
    |conv_2_weights_21_lo_reg_2802         |   32|   0|   32|          0|
    |conv_2_weights_22_lo_reg_2807         |   32|   0|   32|          0|
    |conv_2_weights_23_lo_reg_2812         |   32|   0|   32|          0|
    |conv_2_weights_24_lo_reg_2817         |   32|   0|   32|          0|
    |conv_2_weights_25_lo_reg_2822         |   32|   0|   32|          0|
    |conv_2_weights_26_lo_reg_2827         |   32|   0|   32|          0|
    |conv_2_weights_27_lo_reg_2832         |   32|   0|   32|          0|
    |conv_2_weights_28_lo_reg_2837         |   32|   0|   32|          0|
    |conv_2_weights_29_lo_reg_2842         |   32|   0|   32|          0|
    |conv_2_weights_2_loa_reg_2707         |   32|   0|   32|          0|
    |conv_2_weights_30_lo_reg_2847         |   32|   0|   32|          0|
    |conv_2_weights_31_lo_reg_2852         |   32|   0|   32|          0|
    |conv_2_weights_3_loa_reg_2712         |   32|   0|   32|          0|
    |conv_2_weights_4_loa_reg_2717         |   32|   0|   32|          0|
    |conv_2_weights_5_loa_reg_2722         |   32|   0|   32|          0|
    |conv_2_weights_6_loa_reg_2727         |   32|   0|   32|          0|
    |conv_2_weights_7_loa_reg_2732         |   32|   0|   32|          0|
    |conv_2_weights_8_loa_reg_2737         |   32|   0|   32|          0|
    |conv_2_weights_9_loa_reg_2742         |   32|   0|   32|          0|
    |conv_out_addr_reg_2462                |   13|   0|   13|          0|
    |conv_out_addr_reg_2462_pp0_iter1_reg  |   13|   0|   13|          0|
    |f_0_reg_1010                          |    7|   0|    7|          0|
    |icmp_ln12_reg_2337                    |    1|   0|    1|          0|
    |icmp_ln33_reg_2352                    |    1|   0|    1|          0|
    |icmp_ln9_reg_2333                     |    1|   0|    1|          0|
    |indvar_flatten114_reg_954             |   17|   0|   17|          0|
    |indvar_flatten25_reg_999              |   11|   0|   11|          0|
    |indvar_flatten64_reg_977              |   14|   0|   14|          0|
    |indvar_flatten_reg_1021               |    4|   0|    4|          0|
    |input_load_13_reg_2931                |   32|   0|   32|          0|
    |input_load_15_reg_2946                |   32|   0|   32|          0|
    |input_load_17_reg_2961                |   32|   0|   32|          0|
    |input_load_19_reg_2976                |   32|   0|   32|          0|
    |input_load_21_reg_2996                |   32|   0|   32|          0|
    |input_load_23_reg_3011                |   32|   0|   32|          0|
    |input_load_25_reg_3031                |   32|   0|   32|          0|
    |input_load_27_reg_3051                |   32|   0|   32|          0|
    |input_load_29_reg_3071                |   32|   0|   32|          0|
    |input_load_31_reg_3076                |   32|   0|   32|          0|
    |or_ln31_1_reg_2391                    |    1|   0|    1|          0|
    |or_ln39_1_reg_2380                    |    1|   0|    1|          0|
    |or_ln39_reg_2357                      |    1|   0|    1|          0|
    |r_0_reg_966                           |    4|   0|    4|          0|
    |reg_1067                              |   32|   0|   32|          0|
    |reg_1072                              |   32|   0|   32|          0|
    |reg_1078                              |   32|   0|   32|          0|
    |reg_1083                              |   32|   0|   32|          0|
    |reg_1089                              |   32|   0|   32|          0|
    |reg_1094                              |   32|   0|   32|          0|
    |reg_1100                              |   32|   0|   32|          0|
    |reg_1105                              |   32|   0|   32|          0|
    |reg_1111                              |   32|   0|   32|          0|
    |reg_1116                              |   32|   0|   32|          0|
    |reg_1122                              |   32|   0|   32|          0|
    |reg_1127                              |   32|   0|   32|          0|
    |reg_1133                              |   32|   0|   32|          0|
    |reg_1138                              |   32|   0|   32|          0|
    |reg_1144                              |   32|   0|   32|          0|
    |reg_1149                              |   32|   0|   32|          0|
    |select_ln12_reg_3166                  |   14|   0|   14|          0|
    |select_ln15_reg_3161                  |   11|   0|   11|          0|
    |select_ln19_11_reg_2472               |    2|   0|    2|          0|
    |select_ln19_12_reg_2427               |    4|   0|    4|          0|
    |select_ln19_14_reg_3156               |    4|   0|    4|          0|
    |select_ln19_reg_2418                  |    2|   0|    2|          0|
    |select_ln27_reg_2887                  |   32|   0|   32|          0|
    |select_ln31_1_reg_2457                |    7|   0|    7|          0|
    |select_ln31_2_reg_2682                |   32|   0|   32|          0|
    |select_ln31_reg_2396                  |    2|   0|    2|          0|
    |select_ln39_2_reg_2342                |    4|   0|    4|          0|
    |select_ln39_4_reg_2363                |    7|   0|    7|          0|
    |select_ln39_5_reg_2369                |    4|   0|    4|          0|
    |tmp_10_reg_3046                       |   32|   0|   32|          0|
    |tmp_11_reg_3066                       |   32|   0|   32|          0|
    |tmp_13_reg_3081                       |   32|   0|   32|          0|
    |tmp_14_reg_3086                       |   32|   0|   32|          0|
    |tmp_15_reg_3091                       |   32|   0|   32|          0|
    |tmp_17_reg_3096                       |   32|   0|   32|          0|
    |tmp_18_reg_3101                       |   32|   0|   32|          0|
    |tmp_19_reg_3106                       |   32|   0|   32|          0|
    |tmp_21_reg_3111                       |   32|   0|   32|          0|
    |tmp_22_reg_3116                       |   32|   0|   32|          0|
    |tmp_23_reg_3121                       |   32|   0|   32|          0|
    |tmp_25_reg_3126                       |   32|   0|   32|          0|
    |tmp_26_reg_3131                       |   32|   0|   32|          0|
    |tmp_27_reg_3136                       |   32|   0|   32|          0|
    |tmp_29_reg_3141                       |   32|   0|   32|          0|
    |tmp_30_reg_3146                       |   32|   0|   32|          0|
    |tmp_31_reg_3151                       |   32|   0|   32|          0|
    |tmp_32_reg_2638                       |    8|   0|   13|          5|
    |tmp_9_reg_3026                        |   32|   0|   32|          0|
    |tmp_s_reg_2991                        |   32|   0|   32|          0|
    |w_sum_4_fu_236                        |   32|   0|   32|          0|
    |wc_0_reg_1043                         |    2|   0|    2|          0|
    |wc_reg_2896                           |    2|   0|    2|          0|
    |wr_0_reg_1032                         |    2|   0|    2|          0|
    |wr_reg_2412                           |    2|   0|    2|          0|
    |xor_ln31_reg_2401                     |    1|   0|    1|          0|
    |xor_ln39_reg_2347                     |    1|   0|    1|          0|
    +--------------------------------------+-----+----+-----+-----------+
    |Total                                 | 2959|   0| 2964|          5|
    +--------------------------------------+-----+----+-----+-----------+



================================================================
== Interface
================================================================
* Summary: 
+-------------------+-----+-----+------------+--------------+--------------+
|     RTL Ports     | Dir | Bits|  Protocol  | Source Object|    C Type    |
+-------------------+-----+-----+------------+--------------+--------------+
|ap_clk             |  in |    1| ap_ctrl_hs |    conv_2    | return value |
|ap_rst             |  in |    1| ap_ctrl_hs |    conv_2    | return value |
|ap_start           |  in |    1| ap_ctrl_hs |    conv_2    | return value |
|ap_done            | out |    1| ap_ctrl_hs |    conv_2    | return value |
|ap_idle            | out |    1| ap_ctrl_hs |    conv_2    | return value |
|ap_ready           | out |    1| ap_ctrl_hs |    conv_2    | return value |
|input_r_address0   | out |   13|  ap_memory |    input_r   |     array    |
|input_r_ce0        | out |    1|  ap_memory |    input_r   |     array    |
|input_r_q0         |  in |   32|  ap_memory |    input_r   |     array    |
|input_r_address1   | out |   13|  ap_memory |    input_r   |     array    |
|input_r_ce1        | out |    1|  ap_memory |    input_r   |     array    |
|input_r_q1         |  in |   32|  ap_memory |    input_r   |     array    |
|conv_out_address0  | out |   13|  ap_memory |   conv_out   |     array    |
|conv_out_ce0       | out |    1|  ap_memory |   conv_out   |     array    |
|conv_out_we0       | out |    1|  ap_memory |   conv_out   |     array    |
|conv_out_d0        | out |   32|  ap_memory |   conv_out   |     array    |
+-------------------+-----+-----+------------+--------------+--------------+

