

================================================================
== Vivado HLS Report for 'max_pool_2'
================================================================
* Date:           Tue Aug 13 18:22:08 2024

* Version:        2019.1 (Build 2552052 on Fri May 24 15:28:33 MDT 2019)
* Project:        cnn_ap_lp
* Solution:       OPT_AP_LP1
* Product family: zynq
* Target device:  xc7z020-clg400-1


================================================================
== Performance Estimates
================================================================
+ Timing (ns): 
    * Summary: 
    +--------+-------+----------+------------+
    |  Clock | Target| Estimated| Uncertainty|
    +--------+-------+----------+------------+
    |ap_clk  |  20.00|    17.220|        2.50|
    +--------+-------+----------+------------+

+ Latency (clock cycles): 
    * Summary: 
    +-----+-----+-----+-----+---------+
    |  Latency  |  Interval | Pipeline|
    | min | max | min | max |   Type  |
    +-----+-----+-----+-----+---------+
    |  210|  210|  210|  210|   none  |
    +-----+-----+-----+-----+---------+

    + Detail: 
        * Instance: 
        N/A

        * Loop: 
        +---------------+-----+-----+----------+-----------+-----------+------+----------+
        |               |  Latency  | Iteration|  Initiation Interval  | Trip |          |
        |   Loop Name   | min | max |  Latency |  achieved |   target  | Count| Pipelined|
        +---------------+-----+-----+----------+-----------+-----------+------+----------+
        |- Filter_Loop  |  208|  208|        14|         13|          1|    16|    yes   |
        +---------------+-----+-----+----------+-----------+-----------+------+----------+



================================================================
== Utilization Estimates
================================================================
* Summary: 
+-----------------+---------+-------+--------+-------+-----+
|       Name      | BRAM_18K| DSP48E|   FF   |  LUT  | URAM|
+-----------------+---------+-------+--------+-------+-----+
|DSP              |        -|      -|       -|      -|    -|
|Expression       |        -|      -|       0|   2814|    -|
|FIFO             |        -|      -|       -|      -|    -|
|Instance         |        -|      -|       -|      -|    -|
|Memory           |        -|      -|       -|      -|    -|
|Multiplexer      |        -|      -|       -|    322|    -|
|Register         |        -|      -|     377|      -|    -|
+-----------------+---------+-------+--------+-------+-----+
|Total            |        0|      0|     377|   3136|    0|
+-----------------+---------+-------+--------+-------+-----+
|Available        |      280|    220|  106400|  53200|    0|
+-----------------+---------+-------+--------+-------+-----+
|Utilization (%)  |        0|      0|   ~0   |      5|    0|
+-----------------+---------+-------+--------+-------+-----+

+ Detail: 
    * Instance: 
    N/A

    * DSP48E: 
    N/A

    * Memory: 
    N/A

    * FIFO: 
    N/A

    * Expression: 
    +---------------------------+----------+-------+---+----+------------+------------+
    |       Variable Name       | Operation| DSP48E| FF| LUT| Bitwidth P0| Bitwidth P1|
    +---------------------------+----------+-------+---+----+------------+------------+
    |add_ln203_1_fu_3597_p2     |     +    |      0|  0|  15|           8|           8|
    |add_ln203_2_fu_3617_p2     |     +    |      0|  0|  15|           8|           8|
    |add_ln203_3_fu_3674_p2     |     +    |      0|  0|  15|           9|           9|
    |add_ln203_4_fu_3694_p2     |     +    |      0|  0|  15|           9|           9|
    |add_ln203_5_fu_3713_p2     |     +    |      0|  0|  15|           9|           9|
    |add_ln203_6_fu_3732_p2     |     +    |      0|  0|  15|           9|           9|
    |add_ln203_fu_3556_p2       |     +    |      0|  0|  15|           7|           7|
    |f_fu_1803_p2               |     +    |      0|  0|  15|           5|           1|
    |icmp_ln10_fu_1797_p2       |   icmp   |      0|  0|  11|           5|           6|
    |icmp_ln1494_10_fu_2090_p2  |   icmp   |      0|  0|  13|          14|          14|
    |icmp_ln1494_11_fu_2104_p2  |   icmp   |      0|  0|  13|          14|          14|
    |icmp_ln1494_12_fu_2122_p2  |   icmp   |      0|  0|  13|          14|           1|
    |icmp_ln1494_13_fu_2140_p2  |   icmp   |      0|  0|  13|          14|          14|
    |icmp_ln1494_14_fu_2154_p2  |   icmp   |      0|  0|  13|          14|          14|
    |icmp_ln1494_15_fu_2168_p2  |   icmp   |      0|  0|  13|          14|          14|
    |icmp_ln1494_16_fu_2186_p2  |   icmp   |      0|  0|  13|          14|           1|
    |icmp_ln1494_17_fu_2204_p2  |   icmp   |      0|  0|  13|          14|          14|
    |icmp_ln1494_18_fu_2218_p2  |   icmp   |      0|  0|  13|          14|          14|
    |icmp_ln1494_19_fu_2232_p2  |   icmp   |      0|  0|  13|          14|          14|
    |icmp_ln1494_1_fu_1946_p2   |   icmp   |      0|  0|  13|          14|          14|
    |icmp_ln1494_20_fu_2250_p2  |   icmp   |      0|  0|  13|          14|           1|
    |icmp_ln1494_21_fu_2268_p2  |   icmp   |      0|  0|  13|          14|          14|
    |icmp_ln1494_22_fu_2282_p2  |   icmp   |      0|  0|  13|          14|          14|
    |icmp_ln1494_23_fu_2296_p2  |   icmp   |      0|  0|  13|          14|          14|
    |icmp_ln1494_24_fu_2314_p2  |   icmp   |      0|  0|  13|          14|           1|
    |icmp_ln1494_25_fu_2332_p2  |   icmp   |      0|  0|  13|          14|          14|
    |icmp_ln1494_26_fu_2346_p2  |   icmp   |      0|  0|  13|          14|          14|
    |icmp_ln1494_27_fu_2360_p2  |   icmp   |      0|  0|  13|          14|          14|
    |icmp_ln1494_28_fu_2378_p2  |   icmp   |      0|  0|  13|          14|           1|
    |icmp_ln1494_29_fu_2396_p2  |   icmp   |      0|  0|  13|          14|          14|
    |icmp_ln1494_2_fu_1960_p2   |   icmp   |      0|  0|  13|          14|          14|
    |icmp_ln1494_30_fu_2410_p2  |   icmp   |      0|  0|  13|          14|          14|
    |icmp_ln1494_31_fu_2424_p2  |   icmp   |      0|  0|  13|          14|          14|
    |icmp_ln1494_32_fu_2442_p2  |   icmp   |      0|  0|  13|          14|           1|
    |icmp_ln1494_33_fu_2460_p2  |   icmp   |      0|  0|  13|          14|          14|
    |icmp_ln1494_34_fu_2474_p2  |   icmp   |      0|  0|  13|          14|          14|
    |icmp_ln1494_35_fu_2488_p2  |   icmp   |      0|  0|  13|          14|          14|
    |icmp_ln1494_36_fu_2506_p2  |   icmp   |      0|  0|  13|          14|           1|
    |icmp_ln1494_37_fu_2524_p2  |   icmp   |      0|  0|  13|          14|          14|
    |icmp_ln1494_38_fu_2538_p2  |   icmp   |      0|  0|  13|          14|          14|
    |icmp_ln1494_39_fu_2552_p2  |   icmp   |      0|  0|  13|          14|          14|
    |icmp_ln1494_3_fu_1974_p2   |   icmp   |      0|  0|  13|          14|          14|
    |icmp_ln1494_40_fu_2570_p2  |   icmp   |      0|  0|  13|          14|           1|
    |icmp_ln1494_41_fu_2588_p2  |   icmp   |      0|  0|  13|          14|          14|
    |icmp_ln1494_42_fu_2602_p2  |   icmp   |      0|  0|  13|          14|          14|
    |icmp_ln1494_43_fu_2616_p2  |   icmp   |      0|  0|  13|          14|          14|
    |icmp_ln1494_44_fu_2634_p2  |   icmp   |      0|  0|  13|          14|           1|
    |icmp_ln1494_45_fu_2652_p2  |   icmp   |      0|  0|  13|          14|          14|
    |icmp_ln1494_46_fu_2666_p2  |   icmp   |      0|  0|  13|          14|          14|
    |icmp_ln1494_47_fu_2680_p2  |   icmp   |      0|  0|  13|          14|          14|
    |icmp_ln1494_48_fu_2698_p2  |   icmp   |      0|  0|  13|          14|           1|
    |icmp_ln1494_49_fu_2716_p2  |   icmp   |      0|  0|  13|          14|          14|
    |icmp_ln1494_4_fu_1993_p2   |   icmp   |      0|  0|  13|          14|           1|
    |icmp_ln1494_50_fu_2730_p2  |   icmp   |      0|  0|  13|          14|          14|
    |icmp_ln1494_51_fu_2744_p2  |   icmp   |      0|  0|  13|          14|          14|
    |icmp_ln1494_52_fu_2762_p2  |   icmp   |      0|  0|  13|          14|           1|
    |icmp_ln1494_53_fu_2780_p2  |   icmp   |      0|  0|  13|          14|          14|
    |icmp_ln1494_54_fu_2794_p2  |   icmp   |      0|  0|  13|          14|          14|
    |icmp_ln1494_55_fu_2808_p2  |   icmp   |      0|  0|  13|          14|          14|
    |icmp_ln1494_56_fu_2826_p2  |   icmp   |      0|  0|  13|          14|           1|
    |icmp_ln1494_57_fu_2844_p2  |   icmp   |      0|  0|  13|          14|          14|
    |icmp_ln1494_58_fu_2858_p2  |   icmp   |      0|  0|  13|          14|          14|
    |icmp_ln1494_59_fu_2872_p2  |   icmp   |      0|  0|  13|          14|          14|
    |icmp_ln1494_5_fu_2011_p2   |   icmp   |      0|  0|  13|          14|          14|
    |icmp_ln1494_60_fu_2890_p2  |   icmp   |      0|  0|  13|          14|           1|
    |icmp_ln1494_61_fu_2908_p2  |   icmp   |      0|  0|  13|          14|          14|
    |icmp_ln1494_62_fu_2922_p2  |   icmp   |      0|  0|  13|          14|          14|
    |icmp_ln1494_63_fu_2936_p2  |   icmp   |      0|  0|  13|          14|          14|
    |icmp_ln1494_64_fu_2954_p2  |   icmp   |      0|  0|  13|          14|           1|
    |icmp_ln1494_65_fu_2972_p2  |   icmp   |      0|  0|  13|          14|          14|
    |icmp_ln1494_66_fu_2986_p2  |   icmp   |      0|  0|  13|          14|          14|
    |icmp_ln1494_67_fu_3000_p2  |   icmp   |      0|  0|  13|          14|          14|
    |icmp_ln1494_68_fu_3018_p2  |   icmp   |      0|  0|  13|          14|           1|
    |icmp_ln1494_69_fu_3036_p2  |   icmp   |      0|  0|  13|          14|          14|
    |icmp_ln1494_6_fu_2025_p2   |   icmp   |      0|  0|  13|          14|          14|
    |icmp_ln1494_70_fu_3050_p2  |   icmp   |      0|  0|  13|          14|          14|
    |icmp_ln1494_71_fu_3064_p2  |   icmp   |      0|  0|  13|          14|          14|
    |icmp_ln1494_72_fu_3082_p2  |   icmp   |      0|  0|  13|          14|           1|
    |icmp_ln1494_73_fu_3100_p2  |   icmp   |      0|  0|  13|          14|          14|
    |icmp_ln1494_74_fu_3114_p2  |   icmp   |      0|  0|  13|          14|          14|
    |icmp_ln1494_75_fu_3128_p2  |   icmp   |      0|  0|  13|          14|          14|
    |icmp_ln1494_76_fu_3146_p2  |   icmp   |      0|  0|  13|          14|           1|
    |icmp_ln1494_77_fu_3164_p2  |   icmp   |      0|  0|  13|          14|          14|
    |icmp_ln1494_78_fu_3178_p2  |   icmp   |      0|  0|  13|          14|          14|
    |icmp_ln1494_79_fu_3192_p2  |   icmp   |      0|  0|  13|          14|          14|
    |icmp_ln1494_7_fu_2039_p2   |   icmp   |      0|  0|  13|          14|          14|
    |icmp_ln1494_80_fu_3210_p2  |   icmp   |      0|  0|  13|          14|           1|
    |icmp_ln1494_81_fu_3228_p2  |   icmp   |      0|  0|  13|          14|          14|
    |icmp_ln1494_82_fu_3242_p2  |   icmp   |      0|  0|  13|          14|          14|
    |icmp_ln1494_83_fu_3256_p2  |   icmp   |      0|  0|  13|          14|          14|
    |icmp_ln1494_84_fu_3274_p2  |   icmp   |      0|  0|  13|          14|           1|
    |icmp_ln1494_85_fu_3292_p2  |   icmp   |      0|  0|  13|          14|          14|
    |icmp_ln1494_86_fu_3306_p2  |   icmp   |      0|  0|  13|          14|          14|
    |icmp_ln1494_87_fu_3320_p2  |   icmp   |      0|  0|  13|          14|          14|
    |icmp_ln1494_88_fu_3338_p2  |   icmp   |      0|  0|  13|          14|           1|
    |icmp_ln1494_89_fu_3356_p2  |   icmp   |      0|  0|  13|          14|          14|
    |icmp_ln1494_8_fu_2058_p2   |   icmp   |      0|  0|  13|          14|           1|
    |icmp_ln1494_90_fu_3370_p2  |   icmp   |      0|  0|  13|          14|          14|
    |icmp_ln1494_91_fu_3384_p2  |   icmp   |      0|  0|  13|          14|          14|
    |icmp_ln1494_92_fu_3402_p2  |   icmp   |      0|  0|  13|          14|           1|
    |icmp_ln1494_93_fu_3420_p2  |   icmp   |      0|  0|  13|          14|          14|
    |icmp_ln1494_94_fu_3434_p2  |   icmp   |      0|  0|  13|          14|          14|
    |icmp_ln1494_95_fu_3448_p2  |   icmp   |      0|  0|  13|          14|          14|
    |icmp_ln1494_96_fu_3466_p2  |   icmp   |      0|  0|  13|          14|           1|
    |icmp_ln1494_97_fu_3484_p2  |   icmp   |      0|  0|  13|          14|          14|
    |icmp_ln1494_98_fu_3498_p2  |   icmp   |      0|  0|  13|          14|          14|
    |icmp_ln1494_99_fu_3512_p2  |   icmp   |      0|  0|  13|          14|          14|
    |icmp_ln1494_9_fu_2076_p2   |   icmp   |      0|  0|  13|          14|          14|
    |icmp_ln1494_fu_1928_p2     |   icmp   |      0|  0|  13|          14|           1|
    |select_ln29_10_fu_2096_p3  |  select  |      0|  0|  14|           1|          14|
    |select_ln29_11_fu_2110_p3  |  select  |      0|  0|  14|           1|          14|
    |select_ln29_12_fu_2128_p3  |  select  |      0|  0|  13|           1|          13|
    |select_ln29_13_fu_2146_p3  |  select  |      0|  0|  14|           1|          14|
    |select_ln29_14_fu_2160_p3  |  select  |      0|  0|  14|           1|          14|
    |select_ln29_15_fu_2174_p3  |  select  |      0|  0|  14|           1|          14|
    |select_ln29_16_fu_2192_p3  |  select  |      0|  0|  13|           1|          13|
    |select_ln29_17_fu_2210_p3  |  select  |      0|  0|  14|           1|          14|
    |select_ln29_18_fu_2224_p3  |  select  |      0|  0|  14|           1|          14|
    |select_ln29_19_fu_2238_p3  |  select  |      0|  0|  14|           1|          14|
    |select_ln29_1_fu_1952_p3   |  select  |      0|  0|  14|           1|          14|
    |select_ln29_20_fu_2256_p3  |  select  |      0|  0|  13|           1|          13|
    |select_ln29_21_fu_2274_p3  |  select  |      0|  0|  14|           1|          14|
    |select_ln29_22_fu_2288_p3  |  select  |      0|  0|  14|           1|          14|
    |select_ln29_23_fu_2302_p3  |  select  |      0|  0|  14|           1|          14|
    |select_ln29_24_fu_2320_p3  |  select  |      0|  0|  13|           1|          13|
    |select_ln29_25_fu_2338_p3  |  select  |      0|  0|  14|           1|          14|
    |select_ln29_26_fu_2352_p3  |  select  |      0|  0|  14|           1|          14|
    |select_ln29_27_fu_2366_p3  |  select  |      0|  0|  14|           1|          14|
    |select_ln29_28_fu_2384_p3  |  select  |      0|  0|  13|           1|          13|
    |select_ln29_29_fu_2402_p3  |  select  |      0|  0|  14|           1|          14|
    |select_ln29_2_fu_1966_p3   |  select  |      0|  0|  14|           1|          14|
    |select_ln29_30_fu_2416_p3  |  select  |      0|  0|  14|           1|          14|
    |select_ln29_31_fu_2430_p3  |  select  |      0|  0|  14|           1|          14|
    |select_ln29_32_fu_2448_p3  |  select  |      0|  0|  13|           1|          13|
    |select_ln29_33_fu_2466_p3  |  select  |      0|  0|  14|           1|          14|
    |select_ln29_34_fu_2480_p3  |  select  |      0|  0|  14|           1|          14|
    |select_ln29_35_fu_2494_p3  |  select  |      0|  0|  14|           1|          14|
    |select_ln29_36_fu_2512_p3  |  select  |      0|  0|  13|           1|          13|
    |select_ln29_37_fu_2530_p3  |  select  |      0|  0|  14|           1|          14|
    |select_ln29_38_fu_2544_p3  |  select  |      0|  0|  14|           1|          14|
    |select_ln29_39_fu_2558_p3  |  select  |      0|  0|  14|           1|          14|
    |select_ln29_3_fu_1980_p3   |  select  |      0|  0|  14|           1|          14|
    |select_ln29_40_fu_2576_p3  |  select  |      0|  0|  13|           1|          13|
    |select_ln29_41_fu_2594_p3  |  select  |      0|  0|  14|           1|          14|
    |select_ln29_42_fu_2608_p3  |  select  |      0|  0|  14|           1|          14|
    |select_ln29_43_fu_2622_p3  |  select  |      0|  0|  14|           1|          14|
    |select_ln29_44_fu_2640_p3  |  select  |      0|  0|  13|           1|          13|
    |select_ln29_45_fu_2658_p3  |  select  |      0|  0|  14|           1|          14|
    |select_ln29_46_fu_2672_p3  |  select  |      0|  0|  14|           1|          14|
    |select_ln29_47_fu_2686_p3  |  select  |      0|  0|  14|           1|          14|
    |select_ln29_48_fu_2704_p3  |  select  |      0|  0|  13|           1|          13|
    |select_ln29_49_fu_2722_p3  |  select  |      0|  0|  14|           1|          14|
    |select_ln29_4_fu_1999_p3   |  select  |      0|  0|  13|           1|          13|
    |select_ln29_50_fu_2736_p3  |  select  |      0|  0|  14|           1|          14|
    |select_ln29_51_fu_2750_p3  |  select  |      0|  0|  14|           1|          14|
    |select_ln29_52_fu_2768_p3  |  select  |      0|  0|  13|           1|          13|
    |select_ln29_53_fu_2786_p3  |  select  |      0|  0|  14|           1|          14|
    |select_ln29_54_fu_2800_p3  |  select  |      0|  0|  14|           1|          14|
    |select_ln29_55_fu_2814_p3  |  select  |      0|  0|  14|           1|          14|
    |select_ln29_56_fu_2832_p3  |  select  |      0|  0|  13|           1|          13|
    |select_ln29_57_fu_2850_p3  |  select  |      0|  0|  14|           1|          14|
    |select_ln29_58_fu_2864_p3  |  select  |      0|  0|  14|           1|          14|
    |select_ln29_59_fu_2878_p3  |  select  |      0|  0|  14|           1|          14|
    |select_ln29_5_fu_2017_p3   |  select  |      0|  0|  14|           1|          14|
    |select_ln29_60_fu_2896_p3  |  select  |      0|  0|  13|           1|          13|
    |select_ln29_61_fu_2914_p3  |  select  |      0|  0|  14|           1|          14|
    |select_ln29_62_fu_2928_p3  |  select  |      0|  0|  14|           1|          14|
    |select_ln29_63_fu_2942_p3  |  select  |      0|  0|  14|           1|          14|
    |select_ln29_64_fu_2960_p3  |  select  |      0|  0|  13|           1|          13|
    |select_ln29_65_fu_2978_p3  |  select  |      0|  0|  14|           1|          14|
    |select_ln29_66_fu_2992_p3  |  select  |      0|  0|  14|           1|          14|
    |select_ln29_67_fu_3006_p3  |  select  |      0|  0|  14|           1|          14|
    |select_ln29_68_fu_3024_p3  |  select  |      0|  0|  13|           1|          13|
    |select_ln29_69_fu_3042_p3  |  select  |      0|  0|  14|           1|          14|
    |select_ln29_6_fu_2031_p3   |  select  |      0|  0|  14|           1|          14|
    |select_ln29_70_fu_3056_p3  |  select  |      0|  0|  14|           1|          14|
    |select_ln29_71_fu_3070_p3  |  select  |      0|  0|  14|           1|          14|
    |select_ln29_72_fu_3088_p3  |  select  |      0|  0|  13|           1|          13|
    |select_ln29_73_fu_3106_p3  |  select  |      0|  0|  14|           1|          14|
    |select_ln29_74_fu_3120_p3  |  select  |      0|  0|  14|           1|          14|
    |select_ln29_75_fu_3134_p3  |  select  |      0|  0|  14|           1|          14|
    |select_ln29_76_fu_3152_p3  |  select  |      0|  0|  13|           1|          13|
    |select_ln29_77_fu_3170_p3  |  select  |      0|  0|  14|           1|          14|
    |select_ln29_78_fu_3184_p3  |  select  |      0|  0|  14|           1|          14|
    |select_ln29_79_fu_3198_p3  |  select  |      0|  0|  14|           1|          14|
    |select_ln29_7_fu_2045_p3   |  select  |      0|  0|  14|           1|          14|
    |select_ln29_80_fu_3216_p3  |  select  |      0|  0|  13|           1|          13|
    |select_ln29_81_fu_3234_p3  |  select  |      0|  0|  14|           1|          14|
    |select_ln29_82_fu_3248_p3  |  select  |      0|  0|  14|           1|          14|
    |select_ln29_83_fu_3262_p3  |  select  |      0|  0|  14|           1|          14|
    |select_ln29_84_fu_3280_p3  |  select  |      0|  0|  13|           1|          13|
    |select_ln29_85_fu_3298_p3  |  select  |      0|  0|  14|           1|          14|
    |select_ln29_86_fu_3312_p3  |  select  |      0|  0|  14|           1|          14|
    |select_ln29_87_fu_3326_p3  |  select  |      0|  0|  14|           1|          14|
    |select_ln29_88_fu_3344_p3  |  select  |      0|  0|  13|           1|          13|
    |select_ln29_89_fu_3362_p3  |  select  |      0|  0|  14|           1|          14|
    |select_ln29_8_fu_2064_p3   |  select  |      0|  0|  13|           1|          13|
    |select_ln29_90_fu_3376_p3  |  select  |      0|  0|  14|           1|          14|
    |select_ln29_91_fu_3390_p3  |  select  |      0|  0|  14|           1|          14|
    |select_ln29_92_fu_3408_p3  |  select  |      0|  0|  13|           1|          13|
    |select_ln29_93_fu_3426_p3  |  select  |      0|  0|  14|           1|          14|
    |select_ln29_94_fu_3440_p3  |  select  |      0|  0|  14|           1|          14|
    |select_ln29_95_fu_3454_p3  |  select  |      0|  0|  14|           1|          14|
    |select_ln29_96_fu_3472_p3  |  select  |      0|  0|  13|           1|          13|
    |select_ln29_97_fu_3490_p3  |  select  |      0|  0|  14|           1|          14|
    |select_ln29_98_fu_3504_p3  |  select  |      0|  0|  14|           1|          14|
    |select_ln29_99_fu_3518_p3  |  select  |      0|  0|  14|           1|          14|
    |select_ln29_9_fu_2082_p3   |  select  |      0|  0|  14|           1|          14|
    |select_ln29_fu_1934_p3     |  select  |      0|  0|  13|           1|          13|
    |ap_enable_pp0              |    xor   |      0|  0|   2|           1|           2|
    |xor_ln203_fu_1913_p2       |    xor   |      0|  0|   6|           5|           6|
    +---------------------------+----------+-------+---+----+------------+------------+
    |Total                      |          |      0|  0|2814|        1575|        2524|
    +---------------------------+----------+-------+---+----+------------+------------+

    * Multiplexer: 
    +-------------------------------+----+-----------+-----+-----------+
    |              Name             | LUT| Input Size| Bits| Total Bits|
    +-------------------------------+----+-----------+-----+-----------+
    |ap_NS_fsm                      |  65|         16|    1|         16|
    |ap_enable_reg_pp0_iter1        |   9|          2|    1|          2|
    |ap_phi_mux_f_0_phi_fu_1789_p4  |   9|          2|    5|         10|
    |f_0_reg_1785                   |   9|          2|    5|         10|
    |max_pool_out_V_address0        |  59|         14|    9|        126|
    |max_pool_out_V_address1        |  56|         13|    9|        117|
    |max_pool_out_V_d0              |  59|         14|   14|        196|
    |max_pool_out_V_d1              |  56|         13|   14|        182|
    +-------------------------------+----+-----------+-----+-----------+
    |Total                          | 322|         76|   58|        659|
    +-------------------------------+----+-----------+-----+-----------+

    * Register: 
    +-------------------------+----+----+-----+-----------+
    |           Name          | FF | LUT| Bits| Const Bits|
    +-------------------------+----+----+-----+-----------+
    |add_ln203_reg_4387       |   7|   0|    7|          0|
    |ap_CS_fsm                |  15|   0|   15|          0|
    |ap_enable_reg_pp0_iter0  |   1|   0|    1|          0|
    |ap_enable_reg_pp0_iter1  |   1|   0|    1|          0|
    |f_0_reg_1785             |   5|   0|    5|          0|
    |f_reg_3755               |   5|   0|    5|          0|
    |icmp_ln10_reg_3751       |   1|   0|    1|          0|
    |select_ln29_11_reg_4272  |  14|   0|   14|          0|
    |select_ln29_15_reg_4277  |  14|   0|   14|          0|
    |select_ln29_19_reg_4282  |  14|   0|   14|          0|
    |select_ln29_23_reg_4287  |  14|   0|   14|          0|
    |select_ln29_27_reg_4292  |  14|   0|   14|          0|
    |select_ln29_31_reg_4297  |  14|   0|   14|          0|
    |select_ln29_35_reg_4302  |  14|   0|   14|          0|
    |select_ln29_39_reg_4307  |  14|   0|   14|          0|
    |select_ln29_43_reg_4312  |  14|   0|   14|          0|
    |select_ln29_47_reg_4317  |  14|   0|   14|          0|
    |select_ln29_51_reg_4322  |  14|   0|   14|          0|
    |select_ln29_55_reg_4327  |  14|   0|   14|          0|
    |select_ln29_59_reg_4332  |  14|   0|   14|          0|
    |select_ln29_63_reg_4337  |  14|   0|   14|          0|
    |select_ln29_67_reg_4342  |  14|   0|   14|          0|
    |select_ln29_71_reg_4347  |  14|   0|   14|          0|
    |select_ln29_75_reg_4352  |  14|   0|   14|          0|
    |select_ln29_79_reg_4357  |  14|   0|   14|          0|
    |select_ln29_83_reg_4362  |  14|   0|   14|          0|
    |select_ln29_87_reg_4367  |  14|   0|   14|          0|
    |select_ln29_91_reg_4372  |  14|   0|   14|          0|
    |select_ln29_95_reg_4377  |  14|   0|   14|          0|
    |select_ln29_99_reg_4382  |  14|   0|   14|          0|
    |xor_ln203_reg_4265       |   5|   0|    5|          0|
    |zext_ln203_1_reg_4392    |   5|   0|    8|          3|
    |zext_ln203_reg_4397      |   5|   0|    9|          4|
    |zext_ln29_reg_3760       |   5|   0|   64|         59|
    +-------------------------+----+----+-----+-----------+
    |Total                    | 377|   0|  443|         66|
    +-------------------------+----+----+-----+-----------+



================================================================
== Interface
================================================================
* Summary: 
+-------------------------+-----+-----+------------+----------------+--------------+
|        RTL Ports        | Dir | Bits|  Protocol  |  Source Object |    C Type    |
+-------------------------+-----+-----+------------+----------------+--------------+
|ap_clk                   |  in |    1| ap_ctrl_hs |   max_pool_2   | return value |
|ap_rst                   |  in |    1| ap_ctrl_hs |   max_pool_2   | return value |
|ap_start                 |  in |    1| ap_ctrl_hs |   max_pool_2   | return value |
|ap_done                  | out |    1| ap_ctrl_hs |   max_pool_2   | return value |
|ap_idle                  | out |    1| ap_ctrl_hs |   max_pool_2   | return value |
|ap_ready                 | out |    1| ap_ctrl_hs |   max_pool_2   | return value |
|conv_out_0_0_V_address0  | out |    4|  ap_memory | conv_out_0_0_V |     array    |
|conv_out_0_0_V_ce0       | out |    1|  ap_memory | conv_out_0_0_V |     array    |
|conv_out_0_0_V_q0        |  in |   14|  ap_memory | conv_out_0_0_V |     array    |
|conv_out_0_1_V_address0  | out |    4|  ap_memory | conv_out_0_1_V |     array    |
|conv_out_0_1_V_ce0       | out |    1|  ap_memory | conv_out_0_1_V |     array    |
|conv_out_0_1_V_q0        |  in |   14|  ap_memory | conv_out_0_1_V |     array    |
|conv_out_0_2_V_address0  | out |    4|  ap_memory | conv_out_0_2_V |     array    |
|conv_out_0_2_V_ce0       | out |    1|  ap_memory | conv_out_0_2_V |     array    |
|conv_out_0_2_V_q0        |  in |   14|  ap_memory | conv_out_0_2_V |     array    |
|conv_out_0_3_V_address0  | out |    4|  ap_memory | conv_out_0_3_V |     array    |
|conv_out_0_3_V_ce0       | out |    1|  ap_memory | conv_out_0_3_V |     array    |
|conv_out_0_3_V_q0        |  in |   14|  ap_memory | conv_out_0_3_V |     array    |
|conv_out_0_4_V_address0  | out |    4|  ap_memory | conv_out_0_4_V |     array    |
|conv_out_0_4_V_ce0       | out |    1|  ap_memory | conv_out_0_4_V |     array    |
|conv_out_0_4_V_q0        |  in |   14|  ap_memory | conv_out_0_4_V |     array    |
|conv_out_0_5_V_address0  | out |    4|  ap_memory | conv_out_0_5_V |     array    |
|conv_out_0_5_V_ce0       | out |    1|  ap_memory | conv_out_0_5_V |     array    |
|conv_out_0_5_V_q0        |  in |   14|  ap_memory | conv_out_0_5_V |     array    |
|conv_out_0_6_V_address0  | out |    4|  ap_memory | conv_out_0_6_V |     array    |
|conv_out_0_6_V_ce0       | out |    1|  ap_memory | conv_out_0_6_V |     array    |
|conv_out_0_6_V_q0        |  in |   14|  ap_memory | conv_out_0_6_V |     array    |
|conv_out_0_7_V_address0  | out |    4|  ap_memory | conv_out_0_7_V |     array    |
|conv_out_0_7_V_ce0       | out |    1|  ap_memory | conv_out_0_7_V |     array    |
|conv_out_0_7_V_q0        |  in |   14|  ap_memory | conv_out_0_7_V |     array    |
|conv_out_0_8_V_address0  | out |    4|  ap_memory | conv_out_0_8_V |     array    |
|conv_out_0_8_V_ce0       | out |    1|  ap_memory | conv_out_0_8_V |     array    |
|conv_out_0_8_V_q0        |  in |   14|  ap_memory | conv_out_0_8_V |     array    |
|conv_out_0_9_V_address0  | out |    4|  ap_memory | conv_out_0_9_V |     array    |
|conv_out_0_9_V_ce0       | out |    1|  ap_memory | conv_out_0_9_V |     array    |
|conv_out_0_9_V_q0        |  in |   14|  ap_memory | conv_out_0_9_V |     array    |
|conv_out_1_0_V_address0  | out |    4|  ap_memory | conv_out_1_0_V |     array    |
|conv_out_1_0_V_ce0       | out |    1|  ap_memory | conv_out_1_0_V |     array    |
|conv_out_1_0_V_q0        |  in |   14|  ap_memory | conv_out_1_0_V |     array    |
|conv_out_1_1_V_address0  | out |    4|  ap_memory | conv_out_1_1_V |     array    |
|conv_out_1_1_V_ce0       | out |    1|  ap_memory | conv_out_1_1_V |     array    |
|conv_out_1_1_V_q0        |  in |   14|  ap_memory | conv_out_1_1_V |     array    |
|conv_out_1_2_V_address0  | out |    4|  ap_memory | conv_out_1_2_V |     array    |
|conv_out_1_2_V_ce0       | out |    1|  ap_memory | conv_out_1_2_V |     array    |
|conv_out_1_2_V_q0        |  in |   14|  ap_memory | conv_out_1_2_V |     array    |
|conv_out_1_3_V_address0  | out |    4|  ap_memory | conv_out_1_3_V |     array    |
|conv_out_1_3_V_ce0       | out |    1|  ap_memory | conv_out_1_3_V |     array    |
|conv_out_1_3_V_q0        |  in |   14|  ap_memory | conv_out_1_3_V |     array    |
|conv_out_1_4_V_address0  | out |    4|  ap_memory | conv_out_1_4_V |     array    |
|conv_out_1_4_V_ce0       | out |    1|  ap_memory | conv_out_1_4_V |     array    |
|conv_out_1_4_V_q0        |  in |   14|  ap_memory | conv_out_1_4_V |     array    |
|conv_out_1_5_V_address0  | out |    4|  ap_memory | conv_out_1_5_V |     array    |
|conv_out_1_5_V_ce0       | out |    1|  ap_memory | conv_out_1_5_V |     array    |
|conv_out_1_5_V_q0        |  in |   14|  ap_memory | conv_out_1_5_V |     array    |
|conv_out_1_6_V_address0  | out |    4|  ap_memory | conv_out_1_6_V |     array    |
|conv_out_1_6_V_ce0       | out |    1|  ap_memory | conv_out_1_6_V |     array    |
|conv_out_1_6_V_q0        |  in |   14|  ap_memory | conv_out_1_6_V |     array    |
|conv_out_1_7_V_address0  | out |    4|  ap_memory | conv_out_1_7_V |     array    |
|conv_out_1_7_V_ce0       | out |    1|  ap_memory | conv_out_1_7_V |     array    |
|conv_out_1_7_V_q0        |  in |   14|  ap_memory | conv_out_1_7_V |     array    |
|conv_out_1_8_V_address0  | out |    4|  ap_memory | conv_out_1_8_V |     array    |
|conv_out_1_8_V_ce0       | out |    1|  ap_memory | conv_out_1_8_V |     array    |
|conv_out_1_8_V_q0        |  in |   14|  ap_memory | conv_out_1_8_V |     array    |
|conv_out_1_9_V_address0  | out |    4|  ap_memory | conv_out_1_9_V |     array    |
|conv_out_1_9_V_ce0       | out |    1|  ap_memory | conv_out_1_9_V |     array    |
|conv_out_1_9_V_q0        |  in |   14|  ap_memory | conv_out_1_9_V |     array    |
|conv_out_2_0_V_address0  | out |    4|  ap_memory | conv_out_2_0_V |     array    |
|conv_out_2_0_V_ce0       | out |    1|  ap_memory | conv_out_2_0_V |     array    |
|conv_out_2_0_V_q0        |  in |   14|  ap_memory | conv_out_2_0_V |     array    |
|conv_out_2_1_V_address0  | out |    4|  ap_memory | conv_out_2_1_V |     array    |
|conv_out_2_1_V_ce0       | out |    1|  ap_memory | conv_out_2_1_V |     array    |
|conv_out_2_1_V_q0        |  in |   14|  ap_memory | conv_out_2_1_V |     array    |
|conv_out_2_2_V_address0  | out |    4|  ap_memory | conv_out_2_2_V |     array    |
|conv_out_2_2_V_ce0       | out |    1|  ap_memory | conv_out_2_2_V |     array    |
|conv_out_2_2_V_q0        |  in |   14|  ap_memory | conv_out_2_2_V |     array    |
|conv_out_2_3_V_address0  | out |    4|  ap_memory | conv_out_2_3_V |     array    |
|conv_out_2_3_V_ce0       | out |    1|  ap_memory | conv_out_2_3_V |     array    |
|conv_out_2_3_V_q0        |  in |   14|  ap_memory | conv_out_2_3_V |     array    |
|conv_out_2_4_V_address0  | out |    4|  ap_memory | conv_out_2_4_V |     array    |
|conv_out_2_4_V_ce0       | out |    1|  ap_memory | conv_out_2_4_V |     array    |
|conv_out_2_4_V_q0        |  in |   14|  ap_memory | conv_out_2_4_V |     array    |
|conv_out_2_5_V_address0  | out |    4|  ap_memory | conv_out_2_5_V |     array    |
|conv_out_2_5_V_ce0       | out |    1|  ap_memory | conv_out_2_5_V |     array    |
|conv_out_2_5_V_q0        |  in |   14|  ap_memory | conv_out_2_5_V |     array    |
|conv_out_2_6_V_address0  | out |    4|  ap_memory | conv_out_2_6_V |     array    |
|conv_out_2_6_V_ce0       | out |    1|  ap_memory | conv_out_2_6_V |     array    |
|conv_out_2_6_V_q0        |  in |   14|  ap_memory | conv_out_2_6_V |     array    |
|conv_out_2_7_V_address0  | out |    4|  ap_memory | conv_out_2_7_V |     array    |
|conv_out_2_7_V_ce0       | out |    1|  ap_memory | conv_out_2_7_V |     array    |
|conv_out_2_7_V_q0        |  in |   14|  ap_memory | conv_out_2_7_V |     array    |
|conv_out_2_8_V_address0  | out |    4|  ap_memory | conv_out_2_8_V |     array    |
|conv_out_2_8_V_ce0       | out |    1|  ap_memory | conv_out_2_8_V |     array    |
|conv_out_2_8_V_q0        |  in |   14|  ap_memory | conv_out_2_8_V |     array    |
|conv_out_2_9_V_address0  | out |    4|  ap_memory | conv_out_2_9_V |     array    |
|conv_out_2_9_V_ce0       | out |    1|  ap_memory | conv_out_2_9_V |     array    |
|conv_out_2_9_V_q0        |  in |   14|  ap_memory | conv_out_2_9_V |     array    |
|conv_out_3_0_V_address0  | out |    4|  ap_memory | conv_out_3_0_V |     array    |
|conv_out_3_0_V_ce0       | out |    1|  ap_memory | conv_out_3_0_V |     array    |
|conv_out_3_0_V_q0        |  in |   14|  ap_memory | conv_out_3_0_V |     array    |
|conv_out_3_1_V_address0  | out |    4|  ap_memory | conv_out_3_1_V |     array    |
|conv_out_3_1_V_ce0       | out |    1|  ap_memory | conv_out_3_1_V |     array    |
|conv_out_3_1_V_q0        |  in |   14|  ap_memory | conv_out_3_1_V |     array    |
|conv_out_3_2_V_address0  | out |    4|  ap_memory | conv_out_3_2_V |     array    |
|conv_out_3_2_V_ce0       | out |    1|  ap_memory | conv_out_3_2_V |     array    |
|conv_out_3_2_V_q0        |  in |   14|  ap_memory | conv_out_3_2_V |     array    |
|conv_out_3_3_V_address0  | out |    4|  ap_memory | conv_out_3_3_V |     array    |
|conv_out_3_3_V_ce0       | out |    1|  ap_memory | conv_out_3_3_V |     array    |
|conv_out_3_3_V_q0        |  in |   14|  ap_memory | conv_out_3_3_V |     array    |
|conv_out_3_4_V_address0  | out |    4|  ap_memory | conv_out_3_4_V |     array    |
|conv_out_3_4_V_ce0       | out |    1|  ap_memory | conv_out_3_4_V |     array    |
|conv_out_3_4_V_q0        |  in |   14|  ap_memory | conv_out_3_4_V |     array    |
|conv_out_3_5_V_address0  | out |    4|  ap_memory | conv_out_3_5_V |     array    |
|conv_out_3_5_V_ce0       | out |    1|  ap_memory | conv_out_3_5_V |     array    |
|conv_out_3_5_V_q0        |  in |   14|  ap_memory | conv_out_3_5_V |     array    |
|conv_out_3_6_V_address0  | out |    4|  ap_memory | conv_out_3_6_V |     array    |
|conv_out_3_6_V_ce0       | out |    1|  ap_memory | conv_out_3_6_V |     array    |
|conv_out_3_6_V_q0        |  in |   14|  ap_memory | conv_out_3_6_V |     array    |
|conv_out_3_7_V_address0  | out |    4|  ap_memory | conv_out_3_7_V |     array    |
|conv_out_3_7_V_ce0       | out |    1|  ap_memory | conv_out_3_7_V |     array    |
|conv_out_3_7_V_q0        |  in |   14|  ap_memory | conv_out_3_7_V |     array    |
|conv_out_3_8_V_address0  | out |    4|  ap_memory | conv_out_3_8_V |     array    |
|conv_out_3_8_V_ce0       | out |    1|  ap_memory | conv_out_3_8_V |     array    |
|conv_out_3_8_V_q0        |  in |   14|  ap_memory | conv_out_3_8_V |     array    |
|conv_out_3_9_V_address0  | out |    4|  ap_memory | conv_out_3_9_V |     array    |
|conv_out_3_9_V_ce0       | out |    1|  ap_memory | conv_out_3_9_V |     array    |
|conv_out_3_9_V_q0        |  in |   14|  ap_memory | conv_out_3_9_V |     array    |
|conv_out_4_0_V_address0  | out |    4|  ap_memory | conv_out_4_0_V |     array    |
|conv_out_4_0_V_ce0       | out |    1|  ap_memory | conv_out_4_0_V |     array    |
|conv_out_4_0_V_q0        |  in |   14|  ap_memory | conv_out_4_0_V |     array    |
|conv_out_4_1_V_address0  | out |    4|  ap_memory | conv_out_4_1_V |     array    |
|conv_out_4_1_V_ce0       | out |    1|  ap_memory | conv_out_4_1_V |     array    |
|conv_out_4_1_V_q0        |  in |   14|  ap_memory | conv_out_4_1_V |     array    |
|conv_out_4_2_V_address0  | out |    4|  ap_memory | conv_out_4_2_V |     array    |
|conv_out_4_2_V_ce0       | out |    1|  ap_memory | conv_out_4_2_V |     array    |
|conv_out_4_2_V_q0        |  in |   14|  ap_memory | conv_out_4_2_V |     array    |
|conv_out_4_3_V_address0  | out |    4|  ap_memory | conv_out_4_3_V |     array    |
|conv_out_4_3_V_ce0       | out |    1|  ap_memory | conv_out_4_3_V |     array    |
|conv_out_4_3_V_q0        |  in |   14|  ap_memory | conv_out_4_3_V |     array    |
|conv_out_4_4_V_address0  | out |    4|  ap_memory | conv_out_4_4_V |     array    |
|conv_out_4_4_V_ce0       | out |    1|  ap_memory | conv_out_4_4_V |     array    |
|conv_out_4_4_V_q0        |  in |   14|  ap_memory | conv_out_4_4_V |     array    |
|conv_out_4_5_V_address0  | out |    4|  ap_memory | conv_out_4_5_V |     array    |
|conv_out_4_5_V_ce0       | out |    1|  ap_memory | conv_out_4_5_V |     array    |
|conv_out_4_5_V_q0        |  in |   14|  ap_memory | conv_out_4_5_V |     array    |
|conv_out_4_6_V_address0  | out |    4|  ap_memory | conv_out_4_6_V |     array    |
|conv_out_4_6_V_ce0       | out |    1|  ap_memory | conv_out_4_6_V |     array    |
|conv_out_4_6_V_q0        |  in |   14|  ap_memory | conv_out_4_6_V |     array    |
|conv_out_4_7_V_address0  | out |    4|  ap_memory | conv_out_4_7_V |     array    |
|conv_out_4_7_V_ce0       | out |    1|  ap_memory | conv_out_4_7_V |     array    |
|conv_out_4_7_V_q0        |  in |   14|  ap_memory | conv_out_4_7_V |     array    |
|conv_out_4_8_V_address0  | out |    4|  ap_memory | conv_out_4_8_V |     array    |
|conv_out_4_8_V_ce0       | out |    1|  ap_memory | conv_out_4_8_V |     array    |
|conv_out_4_8_V_q0        |  in |   14|  ap_memory | conv_out_4_8_V |     array    |
|conv_out_4_9_V_address0  | out |    4|  ap_memory | conv_out_4_9_V |     array    |
|conv_out_4_9_V_ce0       | out |    1|  ap_memory | conv_out_4_9_V |     array    |
|conv_out_4_9_V_q0        |  in |   14|  ap_memory | conv_out_4_9_V |     array    |
|conv_out_5_0_V_address0  | out |    4|  ap_memory | conv_out_5_0_V |     array    |
|conv_out_5_0_V_ce0       | out |    1|  ap_memory | conv_out_5_0_V |     array    |
|conv_out_5_0_V_q0        |  in |   14|  ap_memory | conv_out_5_0_V |     array    |
|conv_out_5_1_V_address0  | out |    4|  ap_memory | conv_out_5_1_V |     array    |
|conv_out_5_1_V_ce0       | out |    1|  ap_memory | conv_out_5_1_V |     array    |
|conv_out_5_1_V_q0        |  in |   14|  ap_memory | conv_out_5_1_V |     array    |
|conv_out_5_2_V_address0  | out |    4|  ap_memory | conv_out_5_2_V |     array    |
|conv_out_5_2_V_ce0       | out |    1|  ap_memory | conv_out_5_2_V |     array    |
|conv_out_5_2_V_q0        |  in |   14|  ap_memory | conv_out_5_2_V |     array    |
|conv_out_5_3_V_address0  | out |    4|  ap_memory | conv_out_5_3_V |     array    |
|conv_out_5_3_V_ce0       | out |    1|  ap_memory | conv_out_5_3_V |     array    |
|conv_out_5_3_V_q0        |  in |   14|  ap_memory | conv_out_5_3_V |     array    |
|conv_out_5_4_V_address0  | out |    4|  ap_memory | conv_out_5_4_V |     array    |
|conv_out_5_4_V_ce0       | out |    1|  ap_memory | conv_out_5_4_V |     array    |
|conv_out_5_4_V_q0        |  in |   14|  ap_memory | conv_out_5_4_V |     array    |
|conv_out_5_5_V_address0  | out |    4|  ap_memory | conv_out_5_5_V |     array    |
|conv_out_5_5_V_ce0       | out |    1|  ap_memory | conv_out_5_5_V |     array    |
|conv_out_5_5_V_q0        |  in |   14|  ap_memory | conv_out_5_5_V |     array    |
|conv_out_5_6_V_address0  | out |    4|  ap_memory | conv_out_5_6_V |     array    |
|conv_out_5_6_V_ce0       | out |    1|  ap_memory | conv_out_5_6_V |     array    |
|conv_out_5_6_V_q0        |  in |   14|  ap_memory | conv_out_5_6_V |     array    |
|conv_out_5_7_V_address0  | out |    4|  ap_memory | conv_out_5_7_V |     array    |
|conv_out_5_7_V_ce0       | out |    1|  ap_memory | conv_out_5_7_V |     array    |
|conv_out_5_7_V_q0        |  in |   14|  ap_memory | conv_out_5_7_V |     array    |
|conv_out_5_8_V_address0  | out |    4|  ap_memory | conv_out_5_8_V |     array    |
|conv_out_5_8_V_ce0       | out |    1|  ap_memory | conv_out_5_8_V |     array    |
|conv_out_5_8_V_q0        |  in |   14|  ap_memory | conv_out_5_8_V |     array    |
|conv_out_5_9_V_address0  | out |    4|  ap_memory | conv_out_5_9_V |     array    |
|conv_out_5_9_V_ce0       | out |    1|  ap_memory | conv_out_5_9_V |     array    |
|conv_out_5_9_V_q0        |  in |   14|  ap_memory | conv_out_5_9_V |     array    |
|conv_out_6_0_V_address0  | out |    4|  ap_memory | conv_out_6_0_V |     array    |
|conv_out_6_0_V_ce0       | out |    1|  ap_memory | conv_out_6_0_V |     array    |
|conv_out_6_0_V_q0        |  in |   14|  ap_memory | conv_out_6_0_V |     array    |
|conv_out_6_1_V_address0  | out |    4|  ap_memory | conv_out_6_1_V |     array    |
|conv_out_6_1_V_ce0       | out |    1|  ap_memory | conv_out_6_1_V |     array    |
|conv_out_6_1_V_q0        |  in |   14|  ap_memory | conv_out_6_1_V |     array    |
|conv_out_6_2_V_address0  | out |    4|  ap_memory | conv_out_6_2_V |     array    |
|conv_out_6_2_V_ce0       | out |    1|  ap_memory | conv_out_6_2_V |     array    |
|conv_out_6_2_V_q0        |  in |   14|  ap_memory | conv_out_6_2_V |     array    |
|conv_out_6_3_V_address0  | out |    4|  ap_memory | conv_out_6_3_V |     array    |
|conv_out_6_3_V_ce0       | out |    1|  ap_memory | conv_out_6_3_V |     array    |
|conv_out_6_3_V_q0        |  in |   14|  ap_memory | conv_out_6_3_V |     array    |
|conv_out_6_4_V_address0  | out |    4|  ap_memory | conv_out_6_4_V |     array    |
|conv_out_6_4_V_ce0       | out |    1|  ap_memory | conv_out_6_4_V |     array    |
|conv_out_6_4_V_q0        |  in |   14|  ap_memory | conv_out_6_4_V |     array    |
|conv_out_6_5_V_address0  | out |    4|  ap_memory | conv_out_6_5_V |     array    |
|conv_out_6_5_V_ce0       | out |    1|  ap_memory | conv_out_6_5_V |     array    |
|conv_out_6_5_V_q0        |  in |   14|  ap_memory | conv_out_6_5_V |     array    |
|conv_out_6_6_V_address0  | out |    4|  ap_memory | conv_out_6_6_V |     array    |
|conv_out_6_6_V_ce0       | out |    1|  ap_memory | conv_out_6_6_V |     array    |
|conv_out_6_6_V_q0        |  in |   14|  ap_memory | conv_out_6_6_V |     array    |
|conv_out_6_7_V_address0  | out |    4|  ap_memory | conv_out_6_7_V |     array    |
|conv_out_6_7_V_ce0       | out |    1|  ap_memory | conv_out_6_7_V |     array    |
|conv_out_6_7_V_q0        |  in |   14|  ap_memory | conv_out_6_7_V |     array    |
|conv_out_6_8_V_address0  | out |    4|  ap_memory | conv_out_6_8_V |     array    |
|conv_out_6_8_V_ce0       | out |    1|  ap_memory | conv_out_6_8_V |     array    |
|conv_out_6_8_V_q0        |  in |   14|  ap_memory | conv_out_6_8_V |     array    |
|conv_out_6_9_V_address0  | out |    4|  ap_memory | conv_out_6_9_V |     array    |
|conv_out_6_9_V_ce0       | out |    1|  ap_memory | conv_out_6_9_V |     array    |
|conv_out_6_9_V_q0        |  in |   14|  ap_memory | conv_out_6_9_V |     array    |
|conv_out_7_0_V_address0  | out |    4|  ap_memory | conv_out_7_0_V |     array    |
|conv_out_7_0_V_ce0       | out |    1|  ap_memory | conv_out_7_0_V |     array    |
|conv_out_7_0_V_q0        |  in |   14|  ap_memory | conv_out_7_0_V |     array    |
|conv_out_7_1_V_address0  | out |    4|  ap_memory | conv_out_7_1_V |     array    |
|conv_out_7_1_V_ce0       | out |    1|  ap_memory | conv_out_7_1_V |     array    |
|conv_out_7_1_V_q0        |  in |   14|  ap_memory | conv_out_7_1_V |     array    |
|conv_out_7_2_V_address0  | out |    4|  ap_memory | conv_out_7_2_V |     array    |
|conv_out_7_2_V_ce0       | out |    1|  ap_memory | conv_out_7_2_V |     array    |
|conv_out_7_2_V_q0        |  in |   14|  ap_memory | conv_out_7_2_V |     array    |
|conv_out_7_3_V_address0  | out |    4|  ap_memory | conv_out_7_3_V |     array    |
|conv_out_7_3_V_ce0       | out |    1|  ap_memory | conv_out_7_3_V |     array    |
|conv_out_7_3_V_q0        |  in |   14|  ap_memory | conv_out_7_3_V |     array    |
|conv_out_7_4_V_address0  | out |    4|  ap_memory | conv_out_7_4_V |     array    |
|conv_out_7_4_V_ce0       | out |    1|  ap_memory | conv_out_7_4_V |     array    |
|conv_out_7_4_V_q0        |  in |   14|  ap_memory | conv_out_7_4_V |     array    |
|conv_out_7_5_V_address0  | out |    4|  ap_memory | conv_out_7_5_V |     array    |
|conv_out_7_5_V_ce0       | out |    1|  ap_memory | conv_out_7_5_V |     array    |
|conv_out_7_5_V_q0        |  in |   14|  ap_memory | conv_out_7_5_V |     array    |
|conv_out_7_6_V_address0  | out |    4|  ap_memory | conv_out_7_6_V |     array    |
|conv_out_7_6_V_ce0       | out |    1|  ap_memory | conv_out_7_6_V |     array    |
|conv_out_7_6_V_q0        |  in |   14|  ap_memory | conv_out_7_6_V |     array    |
|conv_out_7_7_V_address0  | out |    4|  ap_memory | conv_out_7_7_V |     array    |
|conv_out_7_7_V_ce0       | out |    1|  ap_memory | conv_out_7_7_V |     array    |
|conv_out_7_7_V_q0        |  in |   14|  ap_memory | conv_out_7_7_V |     array    |
|conv_out_7_8_V_address0  | out |    4|  ap_memory | conv_out_7_8_V |     array    |
|conv_out_7_8_V_ce0       | out |    1|  ap_memory | conv_out_7_8_V |     array    |
|conv_out_7_8_V_q0        |  in |   14|  ap_memory | conv_out_7_8_V |     array    |
|conv_out_7_9_V_address0  | out |    4|  ap_memory | conv_out_7_9_V |     array    |
|conv_out_7_9_V_ce0       | out |    1|  ap_memory | conv_out_7_9_V |     array    |
|conv_out_7_9_V_q0        |  in |   14|  ap_memory | conv_out_7_9_V |     array    |
|conv_out_8_0_V_address0  | out |    4|  ap_memory | conv_out_8_0_V |     array    |
|conv_out_8_0_V_ce0       | out |    1|  ap_memory | conv_out_8_0_V |     array    |
|conv_out_8_0_V_q0        |  in |   14|  ap_memory | conv_out_8_0_V |     array    |
|conv_out_8_1_V_address0  | out |    4|  ap_memory | conv_out_8_1_V |     array    |
|conv_out_8_1_V_ce0       | out |    1|  ap_memory | conv_out_8_1_V |     array    |
|conv_out_8_1_V_q0        |  in |   14|  ap_memory | conv_out_8_1_V |     array    |
|conv_out_8_2_V_address0  | out |    4|  ap_memory | conv_out_8_2_V |     array    |
|conv_out_8_2_V_ce0       | out |    1|  ap_memory | conv_out_8_2_V |     array    |
|conv_out_8_2_V_q0        |  in |   14|  ap_memory | conv_out_8_2_V |     array    |
|conv_out_8_3_V_address0  | out |    4|  ap_memory | conv_out_8_3_V |     array    |
|conv_out_8_3_V_ce0       | out |    1|  ap_memory | conv_out_8_3_V |     array    |
|conv_out_8_3_V_q0        |  in |   14|  ap_memory | conv_out_8_3_V |     array    |
|conv_out_8_4_V_address0  | out |    4|  ap_memory | conv_out_8_4_V |     array    |
|conv_out_8_4_V_ce0       | out |    1|  ap_memory | conv_out_8_4_V |     array    |
|conv_out_8_4_V_q0        |  in |   14|  ap_memory | conv_out_8_4_V |     array    |
|conv_out_8_5_V_address0  | out |    4|  ap_memory | conv_out_8_5_V |     array    |
|conv_out_8_5_V_ce0       | out |    1|  ap_memory | conv_out_8_5_V |     array    |
|conv_out_8_5_V_q0        |  in |   14|  ap_memory | conv_out_8_5_V |     array    |
|conv_out_8_6_V_address0  | out |    4|  ap_memory | conv_out_8_6_V |     array    |
|conv_out_8_6_V_ce0       | out |    1|  ap_memory | conv_out_8_6_V |     array    |
|conv_out_8_6_V_q0        |  in |   14|  ap_memory | conv_out_8_6_V |     array    |
|conv_out_8_7_V_address0  | out |    4|  ap_memory | conv_out_8_7_V |     array    |
|conv_out_8_7_V_ce0       | out |    1|  ap_memory | conv_out_8_7_V |     array    |
|conv_out_8_7_V_q0        |  in |   14|  ap_memory | conv_out_8_7_V |     array    |
|conv_out_8_8_V_address0  | out |    4|  ap_memory | conv_out_8_8_V |     array    |
|conv_out_8_8_V_ce0       | out |    1|  ap_memory | conv_out_8_8_V |     array    |
|conv_out_8_8_V_q0        |  in |   14|  ap_memory | conv_out_8_8_V |     array    |
|conv_out_8_9_V_address0  | out |    4|  ap_memory | conv_out_8_9_V |     array    |
|conv_out_8_9_V_ce0       | out |    1|  ap_memory | conv_out_8_9_V |     array    |
|conv_out_8_9_V_q0        |  in |   14|  ap_memory | conv_out_8_9_V |     array    |
|conv_out_9_0_V_address0  | out |    4|  ap_memory | conv_out_9_0_V |     array    |
|conv_out_9_0_V_ce0       | out |    1|  ap_memory | conv_out_9_0_V |     array    |
|conv_out_9_0_V_q0        |  in |   14|  ap_memory | conv_out_9_0_V |     array    |
|conv_out_9_1_V_address0  | out |    4|  ap_memory | conv_out_9_1_V |     array    |
|conv_out_9_1_V_ce0       | out |    1|  ap_memory | conv_out_9_1_V |     array    |
|conv_out_9_1_V_q0        |  in |   14|  ap_memory | conv_out_9_1_V |     array    |
|conv_out_9_2_V_address0  | out |    4|  ap_memory | conv_out_9_2_V |     array    |
|conv_out_9_2_V_ce0       | out |    1|  ap_memory | conv_out_9_2_V |     array    |
|conv_out_9_2_V_q0        |  in |   14|  ap_memory | conv_out_9_2_V |     array    |
|conv_out_9_3_V_address0  | out |    4|  ap_memory | conv_out_9_3_V |     array    |
|conv_out_9_3_V_ce0       | out |    1|  ap_memory | conv_out_9_3_V |     array    |
|conv_out_9_3_V_q0        |  in |   14|  ap_memory | conv_out_9_3_V |     array    |
|conv_out_9_4_V_address0  | out |    4|  ap_memory | conv_out_9_4_V |     array    |
|conv_out_9_4_V_ce0       | out |    1|  ap_memory | conv_out_9_4_V |     array    |
|conv_out_9_4_V_q0        |  in |   14|  ap_memory | conv_out_9_4_V |     array    |
|conv_out_9_5_V_address0  | out |    4|  ap_memory | conv_out_9_5_V |     array    |
|conv_out_9_5_V_ce0       | out |    1|  ap_memory | conv_out_9_5_V |     array    |
|conv_out_9_5_V_q0        |  in |   14|  ap_memory | conv_out_9_5_V |     array    |
|conv_out_9_6_V_address0  | out |    4|  ap_memory | conv_out_9_6_V |     array    |
|conv_out_9_6_V_ce0       | out |    1|  ap_memory | conv_out_9_6_V |     array    |
|conv_out_9_6_V_q0        |  in |   14|  ap_memory | conv_out_9_6_V |     array    |
|conv_out_9_7_V_address0  | out |    4|  ap_memory | conv_out_9_7_V |     array    |
|conv_out_9_7_V_ce0       | out |    1|  ap_memory | conv_out_9_7_V |     array    |
|conv_out_9_7_V_q0        |  in |   14|  ap_memory | conv_out_9_7_V |     array    |
|conv_out_9_8_V_address0  | out |    4|  ap_memory | conv_out_9_8_V |     array    |
|conv_out_9_8_V_ce0       | out |    1|  ap_memory | conv_out_9_8_V |     array    |
|conv_out_9_8_V_q0        |  in |   14|  ap_memory | conv_out_9_8_V |     array    |
|conv_out_9_9_V_address0  | out |    4|  ap_memory | conv_out_9_9_V |     array    |
|conv_out_9_9_V_ce0       | out |    1|  ap_memory | conv_out_9_9_V |     array    |
|conv_out_9_9_V_q0        |  in |   14|  ap_memory | conv_out_9_9_V |     array    |
|max_pool_out_V_address0  | out |    9|  ap_memory | max_pool_out_V |     array    |
|max_pool_out_V_ce0       | out |    1|  ap_memory | max_pool_out_V |     array    |
|max_pool_out_V_we0       | out |    1|  ap_memory | max_pool_out_V |     array    |
|max_pool_out_V_d0        | out |   14|  ap_memory | max_pool_out_V |     array    |
|max_pool_out_V_address1  | out |    9|  ap_memory | max_pool_out_V |     array    |
|max_pool_out_V_ce1       | out |    1|  ap_memory | max_pool_out_V |     array    |
|max_pool_out_V_we1       | out |    1|  ap_memory | max_pool_out_V |     array    |
|max_pool_out_V_d1        | out |   14|  ap_memory | max_pool_out_V |     array    |
+-------------------------+-----+-----+------------+----------------+--------------+

