

================================================================
== Vivado HLS Report for 'soft_max'
================================================================
* Date:           Thu Jan 25 15:52:46 2024

* Version:        2019.1 (Build 2552052 on Fri May 24 15:28:33 MDT 2019)
* Project:        cnn
* Solution:       solution3
* Product family: zynq
* Target device:  xc7z020-clg400-1


================================================================
== Performance Estimates
================================================================
+ Timing (ns): 
    * Summary: 
    +--------+-------+----------+------------+
    |  Clock | Target| Estimated| Uncertainty|
    +--------+-------+----------+------------+
    |ap_clk  |  40.00|    26.870|        5.00|
    +--------+-------+----------+------------+

+ Latency (clock cycles): 
    * Summary: 
    +-----+-----+-----+-----+---------+
    |  Latency  |  Interval | Pipeline|
    | min | max | min | max |   Type  |
    +-----+-----+-----+-----+---------+
    |   47|   47|   47|   47|   none  |
    +-----+-----+-----+-----+---------+

    + Detail: 
        * Instance: 
        N/A

        * Loop: 
        +-------------------+-----+-----+----------+-----------+-----------+------+----------+
        |                   |  Latency  | Iteration|  Initiation Interval  | Trip |          |
        |     Loop Name     | min | max |  Latency |  achieved |   target  | Count| Pipelined|
        +-------------------+-----+-----+----------+-----------+-----------+------+----------+
        |- Sum_Loop         |   24|   24|         7|          2|          1|    10|    yes   |
        |- Prediction_Loop  |   19|   19|        11|          1|          1|    10|    yes   |
        +-------------------+-----+-----+----------+-----------+-----------+------+----------+



================================================================
== Utilization Estimates
================================================================
* Summary: 
+-----------------+---------+-------+--------+-------+-----+
|       Name      | BRAM_18K| DSP48E|   FF   |  LUT  | URAM|
+-----------------+---------+-------+--------+-------+-----+
|DSP              |        -|      -|       -|      -|    -|
|Expression       |        -|      -|       0|     50|    -|
|FIFO             |        -|      -|       -|      -|    -|
|Instance         |        -|      9|     589|   2229|    -|
|Memory           |        -|      -|       -|      -|    -|
|Multiplexer      |        -|      -|       -|    125|    -|
|Register         |        0|      -|     295|     96|    -|
+-----------------+---------+-------+--------+-------+-----+
|Total            |        0|      9|     884|   2500|    0|
+-----------------+---------+-------+--------+-------+-----+
|Available        |      280|    220|  106400|  53200|    0|
+-----------------+---------+-------+--------+-------+-----+
|Utilization (%)  |        0|      4|   ~0   |      4|    0|
+-----------------+---------+-------+--------+-------+-----+

+ Detail: 
    * Instance: 
    +--------------------------+----------------------+---------+-------+-----+-----+-----+
    |         Instance         |        Module        | BRAM_18K| DSP48E|  FF | LUT | URAM|
    +--------------------------+----------------------+---------+-------+-----+-----+-----+
    |cnn_fadd_32ns_32ncud_U33  |cnn_fadd_32ns_32ncud  |        0|      2|  177|  385|    0|
    |cnn_fdiv_32ns_32njbC_U34  |cnn_fdiv_32ns_32njbC  |        0|      0|  268|  978|    0|
    |cnn_fexp_32ns_32nkbM_U35  |cnn_fexp_32ns_32nkbM  |        0|      7|  144|  866|    0|
    +--------------------------+----------------------+---------+-------+-----+-----+-----+
    |Total                     |                      |        0|      9|  589| 2229|    0|
    +--------------------------+----------------------+---------+-------+-----+-----+-----+

    * DSP48E: 
    N/A

    * Memory: 
    N/A

    * FIFO: 
    N/A

    * Expression: 
    +-------------------------+----------+-------+---+----+------------+------------+
    |      Variable Name      | Operation| DSP48E| FF| LUT| Bitwidth P0| Bitwidth P1|
    +-------------------------+----------+-------+---+----+------------+------------+
    |i_fu_152_p2              |     +    |      0|  0|  13|           4|           1|
    |j_fu_169_p2              |     +    |      0|  0|  13|           4|           1|
    |icmp_ln10_fu_146_p2      |   icmp   |      0|  0|   9|           4|           4|
    |icmp_ln16_fu_163_p2      |   icmp   |      0|  0|   9|           4|           4|
    |ap_enable_pp0            |    xor   |      0|  0|   2|           1|           2|
    |ap_enable_pp1            |    xor   |      0|  0|   2|           1|           2|
    |ap_enable_reg_pp1_iter1  |    xor   |      0|  0|   2|           2|           1|
    +-------------------------+----------+-------+---+----+------------+------------+
    |Total                    |          |      0|  0|  50|          20|          15|
    +-------------------------+----------+-------+---+----+------------+------------+

    * Multiplexer: 
    +------------------------------+----+-----------+-----+-----------+
    |             Name             | LUT| Input Size| Bits| Total Bits|
    +------------------------------+----+-----------+-----+-----------+
    |ap_NS_fsm                     |  38|          7|    1|          7|
    |ap_enable_reg_pp0_iter3       |   9|          2|    1|          2|
    |ap_enable_reg_pp1_iter1       |   9|          2|    1|          2|
    |ap_enable_reg_pp1_iter10      |   9|          2|    1|          2|
    |ap_phi_mux_i_0_phi_fu_100_p4  |   9|          2|    4|          8|
    |dense_array_address0          |  15|          3|    4|         12|
    |i_0_reg_96                    |   9|          2|    4|          8|
    |j_0_reg_107                   |   9|          2|    4|          8|
    |prediction_WEN_A              |   9|          2|    4|          8|
    |sum_0_reg_84                  |   9|          2|   32|         64|
    +------------------------------+----+-----------+-----+-----------+
    |Total                         | 125|         26|   56|        121|
    +------------------------------+----+-----------+-----+-----------+

    * Register: 
    +--------------------------+----+----+-----+-----------+
    |           Name           | FF | LUT| Bits| Const Bits|
    +--------------------------+----+----+-----+-----------+
    |ap_CS_fsm                 |   6|   0|    6|          0|
    |ap_enable_reg_pp0_iter0   |   1|   0|    1|          0|
    |ap_enable_reg_pp0_iter1   |   1|   0|    1|          0|
    |ap_enable_reg_pp0_iter2   |   1|   0|    1|          0|
    |ap_enable_reg_pp0_iter3   |   1|   0|    1|          0|
    |ap_enable_reg_pp1_iter0   |   1|   0|    1|          0|
    |ap_enable_reg_pp1_iter1   |   1|   0|    1|          0|
    |ap_enable_reg_pp1_iter10  |   1|   0|    1|          0|
    |ap_enable_reg_pp1_iter2   |   1|   0|    1|          0|
    |ap_enable_reg_pp1_iter3   |   1|   0|    1|          0|
    |ap_enable_reg_pp1_iter4   |   1|   0|    1|          0|
    |ap_enable_reg_pp1_iter5   |   1|   0|    1|          0|
    |ap_enable_reg_pp1_iter6   |   1|   0|    1|          0|
    |ap_enable_reg_pp1_iter7   |   1|   0|    1|          0|
    |ap_enable_reg_pp1_iter8   |   1|   0|    1|          0|
    |ap_enable_reg_pp1_iter9   |   1|   0|    1|          0|
    |i_0_reg_96                |   4|   0|    4|          0|
    |i_reg_184                 |   4|   0|    4|          0|
    |icmp_ln10_reg_180         |   1|   0|    1|          0|
    |icmp_ln16_reg_199         |   1|   0|    1|          0|
    |j_0_reg_107               |   4|   0|    4|          0|
    |reg_140                   |  32|   0|   32|          0|
    |sum_0_reg_84              |  32|   0|   32|          0|
    |zext_ln18_reg_208         |   4|   0|   64|         60|
    |icmp_ln10_reg_180         |  64|  32|    1|          0|
    |icmp_ln16_reg_199         |  64|  32|    1|          0|
    |zext_ln18_reg_208         |  64|  32|   64|         60|
    +--------------------------+----+----+-----+-----------+
    |Total                     | 295|  96|  229|        120|
    +--------------------------+----+----+-----+-----------+



================================================================
== Interface
================================================================
* Summary: 
+----------------------+-----+-----+------------+--------------+--------------+
|       RTL Ports      | Dir | Bits|  Protocol  | Source Object|    C Type    |
+----------------------+-----+-----+------------+--------------+--------------+
|ap_clk                |  in |    1| ap_ctrl_hs |   soft_max   | return value |
|ap_rst                |  in |    1| ap_ctrl_hs |   soft_max   | return value |
|ap_start              |  in |    1| ap_ctrl_hs |   soft_max   | return value |
|ap_done               | out |    1| ap_ctrl_hs |   soft_max   | return value |
|ap_idle               | out |    1| ap_ctrl_hs |   soft_max   | return value |
|ap_ready              | out |    1| ap_ctrl_hs |   soft_max   | return value |
|dense_array_address0  | out |    4|  ap_memory |  dense_array |     array    |
|dense_array_ce0       | out |    1|  ap_memory |  dense_array |     array    |
|dense_array_q0        |  in |   32|  ap_memory |  dense_array |     array    |
|prediction_Addr_A     | out |   32|    bram    |  prediction  |     array    |
|prediction_EN_A       | out |    1|    bram    |  prediction  |     array    |
|prediction_WEN_A      | out |    4|    bram    |  prediction  |     array    |
|prediction_Din_A      | out |   32|    bram    |  prediction  |     array    |
|prediction_Dout_A     |  in |   32|    bram    |  prediction  |     array    |
+----------------------+-----+-----+------------+--------------+--------------+

