==============================================================
Vivado(TM) HLS - High-Level Synthesis from C, C++ and SystemC v2019.1 (64-bit)
Copyright 1986-2019 Xilinx, Inc. All Rights Reserved.
==============================================================
INFO: [SYN 201-201] Setting up clock 'default' with a period of 40ns.
INFO: [HLS 200-10] Setting target device to 'xc7z020-clg400-1'
INFO: [SCHED 204-61] Option 'relax_ii_for_timing' is enabled, will increase II to preserve clock frequency constraints.
INFO: [HLS 200-10] Analyzing design file 'pool/pooling.cpp' ... 
INFO: [HLS 200-111] Finished Linking Time (s): cpu = 00:00:00 ; elapsed = 00:00:06 . Memory (MB): peak = 184.672 ; gain = 93.227
INFO: [HLS 200-111] Finished Checking Pragmas Time (s): cpu = 00:00:00 ; elapsed = 00:00:06 . Memory (MB): peak = 184.672 ; gain = 93.227
INFO: [HLS 200-10] Starting code transformations ...
INFO: [HLS 200-111] Finished Standard Transforms Time (s): cpu = 00:00:00 ; elapsed = 00:00:06 . Memory (MB): peak = 184.672 ; gain = 93.227
INFO: [HLS 200-10] Checking synthesizability ...
INFO: [HLS 200-111] Finished Checking Synthesizability Time (s): cpu = 00:00:00 ; elapsed = 00:00:06 . Memory (MB): peak = 184.672 ; gain = 93.227
INFO: [XFORM 203-502] Unrolling all sub-loops inside loop 'Col_Loop' (pool/pooling.cpp:17) in function 'max_pool_1' for pipelining.
INFO: [HLS 200-489] Unrolling loop 'Pool_Row_Loop' (pool/pooling.cpp:21) in function 'max_pool_1' completely with a factor of 2.
INFO: [HLS 200-489] Unrolling loop 'Pool_Col_Loop' (pool/pooling.cpp:24) in function 'max_pool_1' completely with a factor of 2.
INFO: [XFORM 203-101] Partitioning array 'conv_1_out' (pool/pooling.cpp:6) in dimension 1 with a block factor 2.
INFO: [XFORM 203-401] Performing if-conversion on hyperblock from (pool/pooling.cpp:17:14) to (pool/pooling.cpp:16:43) in function 'max_pool_1'... converting 13 basic blocks.
INFO: [HLS 200-111] Finished Pre-synthesis Time (s): cpu = 00:00:00 ; elapsed = 00:00:06 . Memory (MB): peak = 184.672 ; gain = 93.227
INFO: [XFORM 203-541] Flattening a loop nest 'Row_Loop' (pool/pooling.cpp:14:10) in function 'max_pool_1'.
INFO: [XFORM 203-541] Flattening a loop nest 'Filter_Loop' (pool/pooling.cpp:11:6) in function 'max_pool_1'.
INFO: [HLS 200-111] Finished Architecture Synthesis Time (s): cpu = 00:00:01 ; elapsed = 00:00:07 . Memory (MB): peak = 184.672 ; gain = 93.227
INFO: [HLS 200-10] Starting hardware synthesis ...
INFO: [HLS 200-10] Synthesizing 'max_pool_1' ...
INFO: [HLS 200-10] ----------------------------------------------------------------
INFO: [HLS 200-42] -- Implementing module 'max_pool_1' 
INFO: [HLS 200-10] ----------------------------------------------------------------
INFO: [SCHED 204-11] Starting scheduling ...
INFO: [SCHED 204-61] Pipelining loop 'Filter_Loop_Row_Loop_Col_Loop'.
WARNING: [SCHED 204-69] Unable to schedule 'load' operation ('conv_1_out_0_load_2', pool/pooling.cpp:28) on array 'conv_1_out_0' due to limited memory ports. Please consider using a memory core with more ports or partitioning the array 'conv_1_out_0'.
INFO: [SCHED 204-61] Pipelining result : Target II = 1, Final II = 2, Depth = 11.
INFO: [SCHED 204-11] Finished scheduling.
INFO: [HLS 200-111]  Elapsed time: 6.648 seconds; current allocated memory: 102.421 MB.
INFO: [BIND 205-100] Starting micro-architecture generation ...
INFO: [BIND 205-101] Performing variable lifetime analysis.
INFO: [BIND 205-101] Exploring resource sharing.
INFO: [BIND 205-101] Binding ...
INFO: [BIND 205-100] Finished micro-architecture generation.
INFO: [HLS 200-111]  Elapsed time: 0.11 seconds; current allocated memory: 103.133 MB.
INFO: [HLS 200-10] ----------------------------------------------------------------
INFO: [HLS 200-10] -- Generating RTL for module 'max_pool_1' 
INFO: [HLS 200-10] ----------------------------------------------------------------
INFO: [RTGEN 206-500] Setting interface mode on port 'max_pool_1/conv_1_out_0' to 'ap_memory'.
INFO: [RTGEN 206-500] Setting interface mode on port 'max_pool_1/conv_1_out_1' to 'ap_memory'.
INFO: [RTGEN 206-500] Setting interface mode on port 'max_pool_1/max_pool_1_out' to 'ap_memory'.
INFO: [RTGEN 206-500] Setting interface mode on function 'max_pool_1' to 'ap_ctrl_hs'.
INFO: [SYN 201-210] Renamed object name 'max_pool_1_fcmp_32ns_32ns_1_1_1' to 'max_pool_1_fcmp_3bkb' due to the length limit 20
INFO: [SYN 201-210] Renamed object name 'max_pool_1_urem_5ns_5ns_4_9_1' to 'max_pool_1_urem_5cud' due to the length limit 20
INFO: [SYN 201-210] Renamed object name 'max_pool_1_mac_muladd_5ns_4ns_4ns_8_1_1' to 'max_pool_1_mac_mudEe' due to the length limit 20
INFO: [RTGEN 206-100] Generating core module 'max_pool_1_fcmp_3bkb': 2 instance(s).
INFO: [RTGEN 206-100] Generating core module 'max_pool_1_mac_mudEe': 1 instance(s).
INFO: [RTGEN 206-100] Generating core module 'max_pool_1_urem_5cud': 4 instance(s).
INFO: [RTGEN 206-100] Finished creating RTL model for 'max_pool_1'.
INFO: [HLS 200-111]  Elapsed time: 0.207 seconds; current allocated memory: 104.542 MB.
INFO: [RTMG 210-282] Generating pipelined core: 'max_pool_1_urem_5cud_div'
INFO: [HLS 200-111] Finished generating all RTL models Time (s): cpu = 00:00:01 ; elapsed = 00:00:08 . Memory (MB): peak = 184.672 ; gain = 93.227
INFO: [VHDL 208-304] Generating VHDL RTL for max_pool_1.
INFO: [VLOG 209-307] Generating Verilog RTL for max_pool_1.
INFO: [HLS 200-112] Total elapsed time: 8.409 seconds; peak allocated memory: 104.542 MB.
==============================================================
Vivado(TM) HLS - High-Level Synthesis from C, C++ and SystemC v2019.1 (64-bit)
Copyright 1986-2019 Xilinx, Inc. All Rights Reserved.
==============================================================
INFO: [SYN 201-201] Setting up clock 'default' with a period of 40ns.
INFO: [HLS 200-10] Setting target device to 'xc7z020-clg400-1'
INFO: [SCHED 204-61] Option 'relax_ii_for_timing' is enabled, will increase II to preserve clock frequency constraints.
INFO: [HLS 200-10] Analyzing design file 'pool/pooling.cpp' ... 
INFO: [HLS 200-111] Finished Linking Time (s): cpu = 00:00:00 ; elapsed = 00:00:06 . Memory (MB): peak = 185.438 ; gain = 94.016
INFO: [HLS 200-111] Finished Checking Pragmas Time (s): cpu = 00:00:00 ; elapsed = 00:00:06 . Memory (MB): peak = 185.438 ; gain = 94.016
INFO: [HLS 200-10] Starting code transformations ...
INFO: [HLS 200-111] Finished Standard Transforms Time (s): cpu = 00:00:00 ; elapsed = 00:00:06 . Memory (MB): peak = 185.438 ; gain = 94.016
INFO: [HLS 200-10] Checking synthesizability ...
INFO: [HLS 200-111] Finished Checking Synthesizability Time (s): cpu = 00:00:00 ; elapsed = 00:00:06 . Memory (MB): peak = 185.438 ; gain = 94.016
INFO: [XFORM 203-502] Unrolling all sub-loops inside loop 'Col_Loop' (pool/pooling.cpp:17) in function 'max_pool_1' for pipelining.
INFO: [HLS 200-489] Unrolling loop 'Pool_Row_Loop' (pool/pooling.cpp:21) in function 'max_pool_1' completely with a factor of 2.
INFO: [HLS 200-489] Unrolling loop 'Pool_Col_Loop' (pool/pooling.cpp:24) in function 'max_pool_1' completely with a factor of 2.
INFO: [XFORM 203-101] Partitioning array 'conv_1_out' (pool/pooling.cpp:6) in dimension 2 with a block factor 2.
INFO: [XFORM 203-401] Performing if-conversion on hyperblock from (pool/pooling.cpp:17:14) to (pool/pooling.cpp:16:43) in function 'max_pool_1'... converting 13 basic blocks.
INFO: [HLS 200-111] Finished Pre-synthesis Time (s): cpu = 00:00:00 ; elapsed = 00:00:06 . Memory (MB): peak = 185.438 ; gain = 94.016
INFO: [XFORM 203-541] Flattening a loop nest 'Row_Loop' (pool/pooling.cpp:14:10) in function 'max_pool_1'.
INFO: [XFORM 203-541] Flattening a loop nest 'Filter_Loop' (pool/pooling.cpp:11:6) in function 'max_pool_1'.
INFO: [HLS 200-111] Finished Architecture Synthesis Time (s): cpu = 00:00:00 ; elapsed = 00:00:06 . Memory (MB): peak = 185.438 ; gain = 94.016
INFO: [HLS 200-10] Starting hardware synthesis ...
INFO: [HLS 200-10] Synthesizing 'max_pool_1' ...
INFO: [HLS 200-10] ----------------------------------------------------------------
INFO: [HLS 200-42] -- Implementing module 'max_pool_1' 
INFO: [HLS 200-10] ----------------------------------------------------------------
INFO: [SCHED 204-11] Starting scheduling ...
INFO: [SCHED 204-61] Pipelining loop 'Filter_Loop_Row_Loop_Col_Loop'.
WARNING: [SCHED 204-69] Unable to schedule 'load' operation ('conv_1_out_0_load_2', pool/pooling.cpp:28) on array 'conv_1_out_0' due to limited memory ports. Please consider using a memory core with more ports or partitioning the array 'conv_1_out_0'.
INFO: [SCHED 204-61] Pipelining result : Target II = 1, Final II = 2, Depth = 12.
INFO: [SCHED 204-11] Finished scheduling.
INFO: [HLS 200-111]  Elapsed time: 6.532 seconds; current allocated memory: 102.289 MB.
INFO: [BIND 205-100] Starting micro-architecture generation ...
INFO: [BIND 205-101] Performing variable lifetime analysis.
INFO: [BIND 205-101] Exploring resource sharing.
INFO: [BIND 205-101] Binding ...
INFO: [BIND 205-100] Finished micro-architecture generation.
INFO: [HLS 200-111]  Elapsed time: 0.104 seconds; current allocated memory: 102.926 MB.
INFO: [HLS 200-10] ----------------------------------------------------------------
INFO: [HLS 200-10] -- Generating RTL for module 'max_pool_1' 
INFO: [HLS 200-10] ----------------------------------------------------------------
INFO: [RTGEN 206-500] Setting interface mode on port 'max_pool_1/conv_1_out_0' to 'ap_memory'.
INFO: [RTGEN 206-500] Setting interface mode on port 'max_pool_1/conv_1_out_1' to 'ap_memory'.
INFO: [RTGEN 206-500] Setting interface mode on port 'max_pool_1/max_pool_1_out' to 'ap_memory'.
INFO: [RTGEN 206-500] Setting interface mode on function 'max_pool_1' to 'ap_ctrl_hs'.
INFO: [SYN 201-210] Renamed object name 'max_pool_1_fcmp_32ns_32ns_1_1_1' to 'max_pool_1_fcmp_3bkb' due to the length limit 20
INFO: [SYN 201-210] Renamed object name 'max_pool_1_urem_5ns_5ns_5_9_1' to 'max_pool_1_urem_5cud' due to the length limit 20
INFO: [SYN 201-210] Renamed object name 'max_pool_1_mac_muladd_5ns_4ns_4ns_8_1_1' to 'max_pool_1_mac_mudEe' due to the length limit 20
INFO: [RTGEN 206-100] Generating core module 'max_pool_1_fcmp_3bkb': 2 instance(s).
INFO: [RTGEN 206-100] Generating core module 'max_pool_1_mac_mudEe': 1 instance(s).
INFO: [RTGEN 206-100] Generating core module 'max_pool_1_urem_5cud': 2 instance(s).
INFO: [RTGEN 206-100] Finished creating RTL model for 'max_pool_1'.
INFO: [HLS 200-111]  Elapsed time: 0.202 seconds; current allocated memory: 104.189 MB.
INFO: [RTMG 210-282] Generating pipelined core: 'max_pool_1_urem_5cud_div'
INFO: [HLS 200-111] Finished generating all RTL models Time (s): cpu = 00:00:01 ; elapsed = 00:00:08 . Memory (MB): peak = 185.438 ; gain = 94.016
INFO: [VHDL 208-304] Generating VHDL RTL for max_pool_1.
INFO: [VLOG 209-307] Generating Verilog RTL for max_pool_1.
INFO: [HLS 200-112] Total elapsed time: 8.157 seconds; peak allocated memory: 104.189 MB.
==============================================================
Vivado(TM) HLS - High-Level Synthesis from C, C++ and SystemC v2019.1 (64-bit)
Copyright 1986-2019 Xilinx, Inc. All Rights Reserved.
==============================================================
INFO: [SYN 201-201] Setting up clock 'default' with a period of 40ns.
INFO: [HLS 200-10] Setting target device to 'xc7z020-clg400-1'
INFO: [SCHED 204-61] Option 'relax_ii_for_timing' is enabled, will increase II to preserve clock frequency constraints.
INFO: [HLS 200-10] Analyzing design file 'pool/pooling.cpp' ... 
INFO: [HLS 200-111] Finished Linking Time (s): cpu = 00:00:00 ; elapsed = 00:00:06 . Memory (MB): peak = 184.730 ; gain = 93.293
INFO: [HLS 200-111] Finished Checking Pragmas Time (s): cpu = 00:00:00 ; elapsed = 00:00:06 . Memory (MB): peak = 184.730 ; gain = 93.293
INFO: [HLS 200-10] Starting code transformations ...
INFO: [HLS 200-111] Finished Standard Transforms Time (s): cpu = 00:00:00 ; elapsed = 00:00:06 . Memory (MB): peak = 184.730 ; gain = 93.293
INFO: [HLS 200-10] Checking synthesizability ...
INFO: [HLS 200-111] Finished Checking Synthesizability Time (s): cpu = 00:00:00 ; elapsed = 00:00:06 . Memory (MB): peak = 184.730 ; gain = 93.293
INFO: [XFORM 203-502] Unrolling all sub-loops inside loop 'Col_Loop' (pool/pooling.cpp:17) in function 'max_pool_1' for pipelining.
INFO: [HLS 200-489] Unrolling loop 'Pool_Row_Loop' (pool/pooling.cpp:21) in function 'max_pool_1' completely with a factor of 2.
INFO: [HLS 200-489] Unrolling loop 'Pool_Col_Loop' (pool/pooling.cpp:24) in function 'max_pool_1' completely with a factor of 2.
INFO: [XFORM 203-101] Partitioning array 'conv_1_out' (pool/pooling.cpp:6) in dimension 2 with a cyclic factor 2.
INFO: [HLS 200-111] Finished Pre-synthesis Time (s): cpu = 00:00:01 ; elapsed = 00:00:06 . Memory (MB): peak = 184.730 ; gain = 93.293
INFO: [XFORM 203-541] Flattening a loop nest 'Row_Loop' (pool/pooling.cpp:14:10) in function 'max_pool_1'.
INFO: [XFORM 203-541] Flattening a loop nest 'Filter_Loop' (pool/pooling.cpp:11:6) in function 'max_pool_1'.
INFO: [HLS 200-111] Finished Architecture Synthesis Time (s): cpu = 00:00:01 ; elapsed = 00:00:06 . Memory (MB): peak = 184.730 ; gain = 93.293
INFO: [HLS 200-10] Starting hardware synthesis ...
INFO: [HLS 200-10] Synthesizing 'max_pool_1' ...
INFO: [HLS 200-10] ----------------------------------------------------------------
INFO: [HLS 200-42] -- Implementing module 'max_pool_1' 
INFO: [HLS 200-10] ----------------------------------------------------------------
INFO: [SCHED 204-11] Starting scheduling ...
INFO: [SCHED 204-61] Pipelining loop 'Filter_Loop_Row_Loop_Col_Loop'.
INFO: [SCHED 204-61] Pipelining result : Target II = 1, Final II = 1, Depth = 3.
INFO: [SCHED 204-11] Finished scheduling.
INFO: [HLS 200-111]  Elapsed time: 6.429 seconds; current allocated memory: 101.975 MB.
INFO: [BIND 205-100] Starting micro-architecture generation ...
INFO: [BIND 205-101] Performing variable lifetime analysis.
INFO: [BIND 205-101] Exploring resource sharing.
INFO: [BIND 205-101] Binding ...
INFO: [BIND 205-100] Finished micro-architecture generation.
INFO: [HLS 200-111]  Elapsed time: 0.084 seconds; current allocated memory: 102.428 MB.
INFO: [HLS 200-10] ----------------------------------------------------------------
INFO: [HLS 200-10] -- Generating RTL for module 'max_pool_1' 
INFO: [HLS 200-10] ----------------------------------------------------------------
INFO: [RTGEN 206-500] Setting interface mode on port 'max_pool_1/conv_1_out_0' to 'ap_memory'.
INFO: [RTGEN 206-500] Setting interface mode on port 'max_pool_1/conv_1_out_1' to 'ap_memory'.
INFO: [RTGEN 206-500] Setting interface mode on port 'max_pool_1/max_pool_1_out' to 'ap_memory'.
INFO: [RTGEN 206-500] Setting interface mode on function 'max_pool_1' to 'ap_ctrl_hs'.
INFO: [SYN 201-210] Renamed object name 'max_pool_1_fcmp_32ns_32ns_1_1_1' to 'max_pool_1_fcmp_3bkb' due to the length limit 20
INFO: [SYN 201-210] Renamed object name 'max_pool_1_mac_muladd_5ns_5ns_4ns_9_1_1' to 'max_pool_1_mac_mucud' due to the length limit 20
INFO: [SYN 201-210] Renamed object name 'max_pool_1_mac_muladd_5ns_4ns_4ns_8_1_1' to 'max_pool_1_mac_mudEe' due to the length limit 20
INFO: [RTGEN 206-100] Generating core module 'max_pool_1_fcmp_3bkb': 4 instance(s).
INFO: [RTGEN 206-100] Generating core module 'max_pool_1_mac_mucud': 2 instance(s).
INFO: [RTGEN 206-100] Generating core module 'max_pool_1_mac_mudEe': 1 instance(s).
INFO: [RTGEN 206-100] Finished creating RTL model for 'max_pool_1'.
INFO: [HLS 200-111]  Elapsed time: 0.166 seconds; current allocated memory: 103.480 MB.
INFO: [HLS 200-111] Finished generating all RTL models Time (s): cpu = 00:00:01 ; elapsed = 00:00:08 . Memory (MB): peak = 184.730 ; gain = 93.293
INFO: [VHDL 208-304] Generating VHDL RTL for max_pool_1.
INFO: [VLOG 209-307] Generating Verilog RTL for max_pool_1.
INFO: [HLS 200-112] Total elapsed time: 7.905 seconds; peak allocated memory: 103.480 MB.
==============================================================
Vivado(TM) HLS - High-Level Synthesis from C, C++ and SystemC v2019.1 (64-bit)
Copyright 1986-2019 Xilinx, Inc. All Rights Reserved.
==============================================================
INFO: [SYN 201-201] Setting up clock 'default' with a period of 40ns.
INFO: [HLS 200-10] Setting target device to 'xc7z020-clg400-1'
INFO: [SCHED 204-61] Option 'relax_ii_for_timing' is enabled, will increase II to preserve clock frequency constraints.
INFO: [HLS 200-10] Analyzing design file 'pool/pooling.cpp' ... 
INFO: [HLS 200-111] Finished Linking Time (s): cpu = 00:00:00 ; elapsed = 00:00:05 . Memory (MB): peak = 184.934 ; gain = 93.516
INFO: [HLS 200-111] Finished Checking Pragmas Time (s): cpu = 00:00:00 ; elapsed = 00:00:05 . Memory (MB): peak = 184.934 ; gain = 93.516
INFO: [HLS 200-10] Starting code transformations ...
INFO: [HLS 200-111] Finished Standard Transforms Time (s): cpu = 00:00:00 ; elapsed = 00:00:06 . Memory (MB): peak = 184.934 ; gain = 93.516
INFO: [HLS 200-10] Checking synthesizability ...
INFO: [HLS 200-111] Finished Checking Synthesizability Time (s): cpu = 00:00:00 ; elapsed = 00:00:06 . Memory (MB): peak = 184.934 ; gain = 93.516
INFO: [XFORM 203-502] Unrolling all sub-loops inside loop 'Col_Loop' (pool/pooling.cpp:17) in function 'max_pool_1' for pipelining.
INFO: [HLS 200-489] Unrolling loop 'Pool_Row_Loop' (pool/pooling.cpp:21) in function 'max_pool_1' completely with a factor of 2.
INFO: [HLS 200-489] Unrolling loop 'Pool_Col_Loop' (pool/pooling.cpp:24) in function 'max_pool_1' completely with a factor of 2.
INFO: [XFORM 203-101] Partitioning array 'conv_1_out' (pool/pooling.cpp:6) in dimension 1 with a cyclic factor 2.
INFO: [HLS 200-111] Finished Pre-synthesis Time (s): cpu = 00:00:01 ; elapsed = 00:00:06 . Memory (MB): peak = 184.934 ; gain = 93.516
INFO: [XFORM 203-541] Flattening a loop nest 'Row_Loop' (pool/pooling.cpp:14:10) in function 'max_pool_1'.
INFO: [XFORM 203-541] Flattening a loop nest 'Filter_Loop' (pool/pooling.cpp:11:6) in function 'max_pool_1'.
INFO: [HLS 200-111] Finished Architecture Synthesis Time (s): cpu = 00:00:01 ; elapsed = 00:00:06 . Memory (MB): peak = 184.934 ; gain = 93.516
INFO: [HLS 200-10] Starting hardware synthesis ...
INFO: [HLS 200-10] Synthesizing 'max_pool_1' ...
INFO: [HLS 200-10] ----------------------------------------------------------------
INFO: [HLS 200-42] -- Implementing module 'max_pool_1' 
INFO: [HLS 200-10] ----------------------------------------------------------------
INFO: [SCHED 204-11] Starting scheduling ...
INFO: [SCHED 204-61] Pipelining loop 'Filter_Loop_Row_Loop_Col_Loop'.
INFO: [SCHED 204-61] Pipelining result : Target II = 1, Final II = 1, Depth = 3.
INFO: [SCHED 204-11] Finished scheduling.
INFO: [HLS 200-111]  Elapsed time: 6.397 seconds; current allocated memory: 102.019 MB.
INFO: [BIND 205-100] Starting micro-architecture generation ...
INFO: [BIND 205-101] Performing variable lifetime analysis.
INFO: [BIND 205-101] Exploring resource sharing.
INFO: [BIND 205-101] Binding ...
INFO: [BIND 205-100] Finished micro-architecture generation.
INFO: [HLS 200-111]  Elapsed time: 0.076 seconds; current allocated memory: 102.445 MB.
INFO: [HLS 200-10] ----------------------------------------------------------------
INFO: [HLS 200-10] -- Generating RTL for module 'max_pool_1' 
INFO: [HLS 200-10] ----------------------------------------------------------------
INFO: [RTGEN 206-500] Setting interface mode on port 'max_pool_1/conv_1_out_0' to 'ap_memory'.
INFO: [RTGEN 206-500] Setting interface mode on port 'max_pool_1/conv_1_out_1' to 'ap_memory'.
INFO: [RTGEN 206-500] Setting interface mode on port 'max_pool_1/max_pool_1_out' to 'ap_memory'.
INFO: [RTGEN 206-500] Setting interface mode on function 'max_pool_1' to 'ap_ctrl_hs'.
INFO: [SYN 201-210] Renamed object name 'max_pool_1_fcmp_32ns_32ns_1_1_1' to 'max_pool_1_fcmp_3bkb' due to the length limit 20
INFO: [SYN 201-210] Renamed object name 'max_pool_1_mac_muladd_5ns_4ns_4ns_8_1_1' to 'max_pool_1_mac_mucud' due to the length limit 20
INFO: [RTGEN 206-100] Generating core module 'max_pool_1_fcmp_3bkb': 4 instance(s).
INFO: [RTGEN 206-100] Generating core module 'max_pool_1_mac_mucud': 1 instance(s).
INFO: [RTGEN 206-100] Finished creating RTL model for 'max_pool_1'.
INFO: [HLS 200-111]  Elapsed time: 0.153 seconds; current allocated memory: 103.428 MB.
INFO: [HLS 200-111] Finished generating all RTL models Time (s): cpu = 00:00:01 ; elapsed = 00:00:08 . Memory (MB): peak = 184.934 ; gain = 93.516
INFO: [VHDL 208-304] Generating VHDL RTL for max_pool_1.
INFO: [VLOG 209-307] Generating Verilog RTL for max_pool_1.
INFO: [HLS 200-112] Total elapsed time: 7.753 seconds; peak allocated memory: 103.428 MB.
