

================================================================
== Vivado HLS Report for 'dense_out'
================================================================
* Date:           Sun Aug 11 14:00:30 2024

* Version:        2019.1 (Build 2552052 on Fri May 24 15:28:33 MDT 2019)
* Project:        cnn_ap_lp
* Solution:       OPT_AP_LP_0
* Product family: zynq
* Target device:  xc7z020-clg400-1


================================================================
== Performance Estimates
================================================================
+ Timing (ns): 
    * Summary: 
    +--------+-------+----------+------------+
    |  Clock | Target| Estimated| Uncertainty|
    +--------+-------+----------+------------+
    |ap_clk  |  20.00|    18.460|        2.50|
    +--------+-------+----------+------------+

+ Latency (clock cycles): 
    * Summary: 
    +-----+-----+-----+-----+---------+
    |  Latency  |  Interval | Pipeline|
    | min | max | min | max |   Type  |
    +-----+-----+-----+-----+---------+
    |  176|  176|  176|  176|   none  |
    +-----+-----+-----+-----+---------+

    + Detail: 
        * Instance: 
        N/A

        * Loop: 
        +--------------+-----+-----+----------+-----------+-----------+------+----------+
        |              |  Latency  | Iteration|  Initiation Interval  | Trip |          |
        |   Loop Name  | min | max |  Latency |  achieved |   target  | Count| Pipelined|
        +--------------+-----+-----+----------+-----------+-----------+------+----------+
        |- Dense_Loop  |  110|  110|        11|          -|          -|    10|    no    |
        | + Flat_Loop  |    7|    7|         4|          2|          1|     3|    yes   |
        +--------------+-----+-----+----------+-----------+-----------+------+----------+

============================================================
+ Verbose Summary: Synthesis Manager
============================================================
InlineROM: 1
ExposeGlobal: 0
============================================================
+ Verbose Summary: CDFG Model
============================================================
IsTopModel: 0
ResetActiveHigh: 1
IsCombinational: 0
IsDatapathOnly: 0
HasWiredReturn: 1
HasMFsm: 0
HasVarLatency: 1
IsPipeline: 0
IsRtlPipelined: 0
IsInstanceOverlapped: 0
IsDontTouch: 0
HasImplIP: 0
IsGatedGlobalClock: 0

+ Individual pipeline summary: 
  * Pipeline-0: initiation interval (II) = 2, depth = 4


============================================================
+ Verbose Summary: Schedule
============================================================
* Number of FSM states : 9
* Pipeline : 1
  Pipeline-0 : II = 2, D = 4, States = { 3 4 5 6 }
* Dataflow Pipeline: 0

* FSM state transitions: 
1 --> 2 
2 --> 9 3 
3 --> 7 4 
4 --> 5 
5 --> 6 
6 --> 3 
7 --> 8 
8 --> 2 
9 --> 

* FSM state operations: 

State 1 <SV = 0> <Delay = 1.76>
ST_1 : Operation 10 [1/1] (0.00ns)   --->   "%dense_array_V = alloca [10 x i14], align 2" [cnn_ap_lp/dense_out.cpp:38]   --->   Operation 10 'alloca' 'dense_array_V' <Predicate = true> <Delay = 0.00> <Core = "RAM">   --->   Core 37 'RAM' <Latency = 1> <II = 1> <Delay = 2.32> <Storage> <Opcode : 'load' 'store'> <Ports = 2> <Width = 14> <Depth = 10> <RAM>
ST_1 : Operation 11 [1/1] (1.76ns)   --->   "br label %.preheader" [cnn_ap_lp/dense_out.cpp:41]   --->   Operation 11 'br' <Predicate = true> <Delay = 1.76>

State 2 <SV = 1> <Delay = 2.28>
ST_2 : Operation 12 [1/1] (0.00ns)   --->   "%d_0 = phi i4 [ %d, %Dense_Loop_end ], [ 0, %.preheader.preheader ]"   --->   Operation 12 'phi' 'd_0' <Predicate = true> <Delay = 0.00>
ST_2 : Operation 13 [1/1] (1.30ns)   --->   "%icmp_ln41 = icmp eq i4 %d_0, -6" [cnn_ap_lp/dense_out.cpp:41]   --->   Operation 13 'icmp' 'icmp_ln41' <Predicate = true> <Delay = 1.30> <Core = "Cmp">   --->   Core 25 'Cmp' <Latency = 0> <II = 1> <Delay = 1.30> <FuncUnit> <Opcode : 'icmp'> <InPorts = 2> <OutPorts = 1>
ST_2 : Operation 14 [1/1] (0.00ns)   --->   "%empty = call i32 (...)* @_ssdm_op_SpecLoopTripCount(i64 10, i64 10, i64 10)"   --->   Operation 14 'speclooptripcount' 'empty' <Predicate = true> <Delay = 0.00>
ST_2 : Operation 15 [1/1] (1.73ns)   --->   "%d = add i4 %d_0, 1" [cnn_ap_lp/dense_out.cpp:41]   --->   Operation 15 'add' 'd' <Predicate = true> <Delay = 1.73> <Core = "AddSub">   --->   Core 14 'AddSub' <Latency = 0> <II = 1> <Delay = 1.81> <FuncUnit> <Opcode : 'add' 'sub'> <InPorts = 2> <OutPorts = 1>
ST_2 : Operation 16 [1/1] (0.00ns)   --->   "br i1 %icmp_ln41, label %1, label %Dense_Loop_begin" [cnn_ap_lp/dense_out.cpp:41]   --->   Operation 16 'br' <Predicate = true> <Delay = 0.00>
ST_2 : Operation 17 [1/1] (0.00ns)   --->   "call void (...)* @_ssdm_op_SpecLoopName([11 x i8]* @p_str520) nounwind" [cnn_ap_lp/dense_out.cpp:42]   --->   Operation 17 'specloopname' <Predicate = (!icmp_ln41)> <Delay = 0.00>
ST_2 : Operation 18 [1/1] (0.00ns)   --->   "%tmp = call i32 (...)* @_ssdm_op_SpecRegionBegin([11 x i8]* @p_str520)" [cnn_ap_lp/dense_out.cpp:42]   --->   Operation 18 'specregionbegin' 'tmp' <Predicate = (!icmp_ln41)> <Delay = 0.00>
ST_2 : Operation 19 [1/1] (0.00ns)   --->   "%zext_ln48 = zext i4 %d_0 to i64" [cnn_ap_lp/dense_out.cpp:48]   --->   Operation 19 'zext' 'zext_ln48' <Predicate = (!icmp_ln41)> <Delay = 0.00>
ST_2 : Operation 20 [1/1] (0.00ns)   --->   "%zext_ln46 = zext i4 %d_0 to i10" [cnn_ap_lp/dense_out.cpp:46]   --->   Operation 20 'zext' 'zext_ln46' <Predicate = (!icmp_ln41)> <Delay = 0.00>
ST_2 : Operation 21 [1/1] (0.00ns)   --->   "%zext_ln46_1 = zext i4 %d_0 to i9" [cnn_ap_lp/dense_out.cpp:46]   --->   Operation 21 'zext' 'zext_ln46_1' <Predicate = (!icmp_ln41)> <Delay = 0.00>
ST_2 : Operation 22 [1/1] (1.76ns)   --->   "br label %0" [cnn_ap_lp/dense_out.cpp:46]   --->   Operation 22 'br' <Predicate = (!icmp_ln41)> <Delay = 1.76>
ST_2 : Operation 23 [2/2] (0.00ns)   --->   "call fastcc void @soft_max([10 x i14]* %dense_array_V, [10 x i14]* %prediction_V)" [cnn_ap_lp/dense_out.cpp:54]   --->   Operation 23 'call' <Predicate = (icmp_ln41)> <Delay = 0.00> <CoreType = "Generic">   --->   Core 0 '' <Latency = 0> <II = 1> <Delay = 1.00> <Generic> <Opcode : >

State 3 <SV = 2> <Delay = 8.76>
ST_3 : Operation 24 [1/1] (0.00ns)   --->   "%indvars_iv34 = phi i3 [ %add_ln46_11, %Flat_Loop ], [ 0, %Dense_Loop_begin ]" [cnn_ap_lp/dense_out.cpp:46]   --->   Operation 24 'phi' 'indvars_iv34' <Predicate = true> <Delay = 0.00>
ST_3 : Operation 25 [1/1] (0.00ns)   --->   "%indvars_iv22 = phi i3 [ %add_ln46_10, %Flat_Loop ], [ 0, %Dense_Loop_begin ]" [cnn_ap_lp/dense_out.cpp:46]   --->   Operation 25 'phi' 'indvars_iv22' <Predicate = true> <Delay = 0.00>
ST_3 : Operation 26 [1/1] (0.00ns)   --->   "%indvars_iv14 = phi i3 [ %add_ln46_9, %Flat_Loop ], [ 1, %Dense_Loop_begin ]" [cnn_ap_lp/dense_out.cpp:46]   --->   Operation 26 'phi' 'indvars_iv14' <Predicate = true> <Delay = 0.00>
ST_3 : Operation 27 [1/1] (0.00ns)   --->   "%p_Val2_0 = phi i14 [ %trunc_ln708_9, %Flat_Loop ], [ 0, %Dense_Loop_begin ]" [cnn_ap_lp/dense_out.cpp:48]   --->   Operation 27 'phi' 'p_Val2_0' <Predicate = true> <Delay = 0.00>
ST_3 : Operation 28 [1/1] (0.00ns)   --->   "%f_0_0 = phi i5 [ %add_ln46_8, %Flat_Loop ], [ 0, %Dense_Loop_begin ]" [cnn_ap_lp/dense_out.cpp:46]   --->   Operation 28 'phi' 'f_0_0' <Predicate = true> <Delay = 0.00>
ST_3 : Operation 29 [1/1] (0.00ns)   --->   "%empty_55 = call i32 (...)* @_ssdm_op_SpecLoopTripCount(i64 3, i64 3, i64 3)"   --->   Operation 29 'speclooptripcount' 'empty_55' <Predicate = true> <Delay = 0.00>
ST_3 : Operation 30 [1/1] (1.36ns)   --->   "%icmp_ln46 = icmp eq i5 %f_0_0, -2" [cnn_ap_lp/dense_out.cpp:46]   --->   Operation 30 'icmp' 'icmp_ln46' <Predicate = true> <Delay = 1.36> <Core = "Cmp">   --->   Core 25 'Cmp' <Latency = 0> <II = 1> <Delay = 1.30> <FuncUnit> <Opcode : 'icmp'> <InPorts = 2> <OutPorts = 1>
ST_3 : Operation 31 [1/1] (0.00ns)   --->   "br i1 %icmp_ln46, label %Dense_Loop_end, label %Flat_Loop" [cnn_ap_lp/dense_out.cpp:46]   --->   Operation 31 'br' <Predicate = true> <Delay = 0.00>
ST_3 : Operation 32 [1/1] (0.00ns)   --->   "%f_0_0_cast1 = zext i5 %f_0_0 to i6" [cnn_ap_lp/dense_out.cpp:46]   --->   Operation 32 'zext' 'f_0_0_cast1' <Predicate = (!icmp_ln46)> <Delay = 0.00>
ST_3 : Operation 33 [1/1] (0.00ns)   --->   "%tmp_57 = call i8 @_ssdm_op_BitConcatenate.i8.i5.i3(i5 %f_0_0, i3 0)" [cnn_ap_lp/dense_out.cpp:48]   --->   Operation 33 'bitconcatenate' 'tmp_57' <Predicate = (!icmp_ln46)> <Delay = 0.00>
ST_3 : Operation 34 [1/1] (0.00ns)   --->   "%zext_ln1116 = zext i8 %tmp_57 to i9" [cnn_ap_lp/dense_out.cpp:48]   --->   Operation 34 'zext' 'zext_ln1116' <Predicate = (!icmp_ln46)> <Delay = 0.00>
ST_3 : Operation 35 [1/1] (0.00ns)   --->   "%tmp_58 = call i6 @_ssdm_op_BitConcatenate.i6.i5.i1(i5 %f_0_0, i1 false)" [cnn_ap_lp/dense_out.cpp:48]   --->   Operation 35 'bitconcatenate' 'tmp_58' <Predicate = (!icmp_ln46)> <Delay = 0.00>
ST_3 : Operation 36 [1/1] (0.00ns)   --->   "%zext_ln1116_1 = zext i6 %tmp_58 to i9" [cnn_ap_lp/dense_out.cpp:48]   --->   Operation 36 'zext' 'zext_ln1116_1' <Predicate = (!icmp_ln46)> <Delay = 0.00>
ST_3 : Operation 37 [1/1] (0.00ns) (grouped into TernaryAdder)   --->   "%add_ln1116 = add i9 %zext_ln1116_1, %zext_ln1116" [cnn_ap_lp/dense_out.cpp:48]   --->   Operation 37 'add' 'add_ln1116' <Predicate = (!icmp_ln46)> <Delay = 0.00> <Core = "TAddSub">   --->   Core 83 'TAddSub' <Latency = 0> <II = 1> <Delay = 1.86> <IPBlock> <Opcode : 'add' 'sub'> <InPorts = 3> <OutPorts = 1> <Sync> <CReg>
ST_3 : Operation 38 [1/1] (3.69ns) (root node of TernaryAdder)   --->   "%add_ln1116_1 = add i9 %add_ln1116, %zext_ln46_1" [cnn_ap_lp/dense_out.cpp:48]   --->   Operation 38 'add' 'add_ln1116_1' <Predicate = (!icmp_ln46)> <Delay = 3.69> <Core = "TAddSub">   --->   Core 83 'TAddSub' <Latency = 0> <II = 1> <Delay = 1.86> <IPBlock> <Opcode : 'add' 'sub'> <InPorts = 3> <OutPorts = 1> <Sync> <CReg>
ST_3 : Operation 39 [1/1] (0.00ns)   --->   "%zext_ln1116_2 = zext i9 %add_ln1116_1 to i64" [cnn_ap_lp/dense_out.cpp:48]   --->   Operation 39 'zext' 'zext_ln1116_2' <Predicate = (!icmp_ln46)> <Delay = 0.00>
ST_3 : Operation 40 [1/1] (0.00ns)   --->   "%dense_out_weights_V_s = getelementptr [300 x i9]* @dense_out_weights_V, i64 0, i64 %zext_ln1116_2" [cnn_ap_lp/dense_out.cpp:48]   --->   Operation 40 'getelementptr' 'dense_out_weights_V_s' <Predicate = (!icmp_ln46)> <Delay = 0.00>
ST_3 : Operation 41 [2/2] (3.25ns)   --->   "%dense_out_weights_V_1 = load i9* %dense_out_weights_V_s, align 2" [cnn_ap_lp/dense_out.cpp:48]   --->   Operation 41 'load' 'dense_out_weights_V_1' <Predicate = (!icmp_ln46)> <Delay = 3.25> <Core = "ROM_nP">   --->   Core 52 'ROM_nP' <Latency = 1> <II = 1> <Delay = 3.25> <Storage> <Opcode : 'load'> <Ports = 0> <Width = 8> <Depth = 10> <ROM>
ST_3 : Operation 42 [1/1] (0.00ns)   --->   "%zext_ln1117 = zext i3 %indvars_iv34 to i64" [cnn_ap_lp/dense_out.cpp:48]   --->   Operation 42 'zext' 'zext_ln1117' <Predicate = (!icmp_ln46)> <Delay = 0.00>
ST_3 : Operation 43 [1/1] (0.00ns)   --->   "%dense_2_out_0_V_add = getelementptr [6 x i13]* %dense_2_out_0_V, i64 0, i64 %zext_ln1117" [cnn_ap_lp/dense_out.cpp:48]   --->   Operation 43 'getelementptr' 'dense_2_out_0_V_add' <Predicate = (!icmp_ln46)> <Delay = 0.00>
ST_3 : Operation 44 [2/2] (2.32ns)   --->   "%dense_2_out_0_V_loa = load i13* %dense_2_out_0_V_add, align 2" [cnn_ap_lp/dense_out.cpp:48]   --->   Operation 44 'load' 'dense_2_out_0_V_loa' <Predicate = (!icmp_ln46)> <Delay = 2.32> <Core = "RAM">   --->   Core 37 'RAM' <Latency = 1> <II = 1> <Delay = 2.32> <Storage> <Opcode : 'load' 'store'> <Ports = 2> <Width = 14> <Depth = 10> <RAM>
ST_3 : Operation 45 [1/1] (0.00ns)   --->   "%or_ln46 = or i5 %f_0_0, 1" [cnn_ap_lp/dense_out.cpp:46]   --->   Operation 45 'or' 'or_ln46' <Predicate = (!icmp_ln46)> <Delay = 0.00>
ST_3 : Operation 46 [1/1] (0.00ns)   --->   "%tmp_59 = call i8 @_ssdm_op_BitConcatenate.i8.i5.i3(i5 %or_ln46, i3 0)" [cnn_ap_lp/dense_out.cpp:48]   --->   Operation 46 'bitconcatenate' 'tmp_59' <Predicate = (!icmp_ln46)> <Delay = 0.00>
ST_3 : Operation 47 [1/1] (0.00ns)   --->   "%zext_ln1116_3 = zext i8 %tmp_59 to i9" [cnn_ap_lp/dense_out.cpp:48]   --->   Operation 47 'zext' 'zext_ln1116_3' <Predicate = (!icmp_ln46)> <Delay = 0.00>
ST_3 : Operation 48 [1/1] (0.00ns)   --->   "%tmp_60 = call i6 @_ssdm_op_BitConcatenate.i6.i5.i1(i5 %or_ln46, i1 false)" [cnn_ap_lp/dense_out.cpp:48]   --->   Operation 48 'bitconcatenate' 'tmp_60' <Predicate = (!icmp_ln46)> <Delay = 0.00>
ST_3 : Operation 49 [1/1] (0.00ns)   --->   "%zext_ln1116_4 = zext i6 %tmp_60 to i9" [cnn_ap_lp/dense_out.cpp:48]   --->   Operation 49 'zext' 'zext_ln1116_4' <Predicate = (!icmp_ln46)> <Delay = 0.00>
ST_3 : Operation 50 [1/1] (0.00ns) (grouped into TernaryAdder)   --->   "%add_ln1116_2 = add i9 %zext_ln1116_4, %zext_ln1116_3" [cnn_ap_lp/dense_out.cpp:48]   --->   Operation 50 'add' 'add_ln1116_2' <Predicate = (!icmp_ln46)> <Delay = 0.00> <Core = "TAddSub">   --->   Core 83 'TAddSub' <Latency = 0> <II = 1> <Delay = 1.86> <IPBlock> <Opcode : 'add' 'sub'> <InPorts = 3> <OutPorts = 1> <Sync> <CReg>
ST_3 : Operation 51 [1/1] (3.69ns) (root node of TernaryAdder)   --->   "%add_ln1116_3 = add i9 %add_ln1116_2, %zext_ln46_1" [cnn_ap_lp/dense_out.cpp:48]   --->   Operation 51 'add' 'add_ln1116_3' <Predicate = (!icmp_ln46)> <Delay = 3.69> <Core = "TAddSub">   --->   Core 83 'TAddSub' <Latency = 0> <II = 1> <Delay = 1.86> <IPBlock> <Opcode : 'add' 'sub'> <InPorts = 3> <OutPorts = 1> <Sync> <CReg>
ST_3 : Operation 52 [1/1] (0.00ns)   --->   "%zext_ln1116_5 = zext i9 %add_ln1116_3 to i64" [cnn_ap_lp/dense_out.cpp:48]   --->   Operation 52 'zext' 'zext_ln1116_5' <Predicate = (!icmp_ln46)> <Delay = 0.00>
ST_3 : Operation 53 [1/1] (0.00ns)   --->   "%dense_out_weights_V_2 = getelementptr [300 x i9]* @dense_out_weights_V, i64 0, i64 %zext_ln1116_5" [cnn_ap_lp/dense_out.cpp:48]   --->   Operation 53 'getelementptr' 'dense_out_weights_V_2' <Predicate = (!icmp_ln46)> <Delay = 0.00>
ST_3 : Operation 54 [2/2] (3.25ns)   --->   "%dense_out_weights_V_3 = load i9* %dense_out_weights_V_2, align 2" [cnn_ap_lp/dense_out.cpp:48]   --->   Operation 54 'load' 'dense_out_weights_V_3' <Predicate = (!icmp_ln46)> <Delay = 3.25> <Core = "ROM_nP">   --->   Core 52 'ROM_nP' <Latency = 1> <II = 1> <Delay = 3.25> <Storage> <Opcode : 'load'> <Ports = 0> <Width = 8> <Depth = 10> <ROM>
ST_3 : Operation 55 [1/1] (0.00ns)   --->   "%dense_2_out_1_V_add = getelementptr [6 x i13]* %dense_2_out_1_V, i64 0, i64 %zext_ln1117" [cnn_ap_lp/dense_out.cpp:48]   --->   Operation 55 'getelementptr' 'dense_2_out_1_V_add' <Predicate = (!icmp_ln46)> <Delay = 0.00>
ST_3 : Operation 56 [2/2] (2.32ns)   --->   "%dense_2_out_1_V_loa = load i13* %dense_2_out_1_V_add, align 2" [cnn_ap_lp/dense_out.cpp:48]   --->   Operation 56 'load' 'dense_2_out_1_V_loa' <Predicate = (!icmp_ln46)> <Delay = 2.32> <Core = "RAM">   --->   Core 37 'RAM' <Latency = 1> <II = 1> <Delay = 2.32> <Storage> <Opcode : 'load' 'store'> <Ports = 2> <Width = 14> <Depth = 10> <RAM>
ST_3 : Operation 57 [1/1] (1.78ns)   --->   "%add_ln46 = add i5 %f_0_0, 2" [cnn_ap_lp/dense_out.cpp:46]   --->   Operation 57 'add' 'add_ln46' <Predicate = (!icmp_ln46)> <Delay = 1.78> <Core = "AddSub">   --->   Core 14 'AddSub' <Latency = 0> <II = 1> <Delay = 1.81> <FuncUnit> <Opcode : 'add' 'sub'> <InPorts = 2> <OutPorts = 1>
ST_3 : Operation 58 [1/1] (0.00ns)   --->   "%tmp_62 = call i8 @_ssdm_op_BitConcatenate.i8.i5.i3(i5 %add_ln46, i3 0)" [cnn_ap_lp/dense_out.cpp:48]   --->   Operation 58 'bitconcatenate' 'tmp_62' <Predicate = (!icmp_ln46)> <Delay = 0.00>
ST_3 : Operation 59 [1/1] (0.00ns)   --->   "%zext_ln1116_6 = zext i8 %tmp_62 to i9" [cnn_ap_lp/dense_out.cpp:48]   --->   Operation 59 'zext' 'zext_ln1116_6' <Predicate = (!icmp_ln46)> <Delay = 0.00>
ST_3 : Operation 60 [1/1] (0.00ns)   --->   "%tmp_63 = call i6 @_ssdm_op_BitConcatenate.i6.i5.i1(i5 %add_ln46, i1 false)" [cnn_ap_lp/dense_out.cpp:48]   --->   Operation 60 'bitconcatenate' 'tmp_63' <Predicate = (!icmp_ln46)> <Delay = 0.00>
ST_3 : Operation 61 [1/1] (0.00ns)   --->   "%zext_ln1116_7 = zext i6 %tmp_63 to i9" [cnn_ap_lp/dense_out.cpp:48]   --->   Operation 61 'zext' 'zext_ln1116_7' <Predicate = (!icmp_ln46)> <Delay = 0.00>
ST_3 : Operation 62 [1/1] (0.00ns) (grouped into TernaryAdder)   --->   "%add_ln1116_4 = add i9 %zext_ln1116_7, %zext_ln1116_6" [cnn_ap_lp/dense_out.cpp:48]   --->   Operation 62 'add' 'add_ln1116_4' <Predicate = (!icmp_ln46)> <Delay = 0.00> <Core = "TAddSub">   --->   Core 83 'TAddSub' <Latency = 0> <II = 1> <Delay = 1.86> <IPBlock> <Opcode : 'add' 'sub'> <InPorts = 3> <OutPorts = 1> <Sync> <CReg>
ST_3 : Operation 63 [1/1] (3.69ns) (root node of TernaryAdder)   --->   "%add_ln1116_5 = add i9 %add_ln1116_4, %zext_ln46_1" [cnn_ap_lp/dense_out.cpp:48]   --->   Operation 63 'add' 'add_ln1116_5' <Predicate = (!icmp_ln46)> <Delay = 3.69> <Core = "TAddSub">   --->   Core 83 'TAddSub' <Latency = 0> <II = 1> <Delay = 1.86> <IPBlock> <Opcode : 'add' 'sub'> <InPorts = 3> <OutPorts = 1> <Sync> <CReg>
ST_3 : Operation 64 [1/1] (0.00ns)   --->   "%zext_ln1116_8 = zext i9 %add_ln1116_5 to i64" [cnn_ap_lp/dense_out.cpp:48]   --->   Operation 64 'zext' 'zext_ln1116_8' <Predicate = (!icmp_ln46)> <Delay = 0.00>
ST_3 : Operation 65 [1/1] (0.00ns)   --->   "%dense_out_weights_V_4 = getelementptr [300 x i9]* @dense_out_weights_V, i64 0, i64 %zext_ln1116_8" [cnn_ap_lp/dense_out.cpp:48]   --->   Operation 65 'getelementptr' 'dense_out_weights_V_4' <Predicate = (!icmp_ln46)> <Delay = 0.00>
ST_3 : Operation 66 [2/2] (3.25ns)   --->   "%dense_out_weights_V_5 = load i9* %dense_out_weights_V_4, align 2" [cnn_ap_lp/dense_out.cpp:48]   --->   Operation 66 'load' 'dense_out_weights_V_5' <Predicate = (!icmp_ln46)> <Delay = 3.25> <Core = "ROM_nP">   --->   Core 52 'ROM_nP' <Latency = 1> <II = 1> <Delay = 3.25> <Storage> <Opcode : 'load'> <Ports = 0> <Width = 8> <Depth = 10> <ROM>
ST_3 : Operation 67 [1/1] (0.00ns)   --->   "%dense_2_out_2_V_add = getelementptr [6 x i13]* %dense_2_out_2_V, i64 0, i64 %zext_ln1117" [cnn_ap_lp/dense_out.cpp:48]   --->   Operation 67 'getelementptr' 'dense_2_out_2_V_add' <Predicate = (!icmp_ln46)> <Delay = 0.00>
ST_3 : Operation 68 [2/2] (2.32ns)   --->   "%dense_2_out_2_V_loa = load i13* %dense_2_out_2_V_add, align 2" [cnn_ap_lp/dense_out.cpp:48]   --->   Operation 68 'load' 'dense_2_out_2_V_loa' <Predicate = (!icmp_ln46)> <Delay = 2.32> <Core = "RAM">   --->   Core 37 'RAM' <Latency = 1> <II = 1> <Delay = 2.32> <Storage> <Opcode : 'load' 'store'> <Ports = 2> <Width = 14> <Depth = 10> <RAM>
ST_3 : Operation 69 [1/1] (1.78ns)   --->   "%add_ln46_1 = add i6 %f_0_0_cast1, 3" [cnn_ap_lp/dense_out.cpp:46]   --->   Operation 69 'add' 'add_ln46_1' <Predicate = (!icmp_ln46)> <Delay = 1.78> <Core = "AddSub">   --->   Core 14 'AddSub' <Latency = 0> <II = 1> <Delay = 1.81> <FuncUnit> <Opcode : 'add' 'sub'> <InPorts = 2> <OutPorts = 1>
ST_3 : Operation 70 [1/1] (0.00ns)   --->   "%tmp_65 = call i9 @_ssdm_op_BitConcatenate.i9.i6.i3(i6 %add_ln46_1, i3 0)" [cnn_ap_lp/dense_out.cpp:48]   --->   Operation 70 'bitconcatenate' 'tmp_65' <Predicate = (!icmp_ln46)> <Delay = 0.00>
ST_3 : Operation 71 [1/1] (0.00ns)   --->   "%zext_ln1116_9 = zext i9 %tmp_65 to i10" [cnn_ap_lp/dense_out.cpp:48]   --->   Operation 71 'zext' 'zext_ln1116_9' <Predicate = (!icmp_ln46)> <Delay = 0.00>
ST_3 : Operation 72 [1/1] (0.00ns)   --->   "%tmp_66 = call i7 @_ssdm_op_BitConcatenate.i7.i6.i1(i6 %add_ln46_1, i1 false)" [cnn_ap_lp/dense_out.cpp:48]   --->   Operation 72 'bitconcatenate' 'tmp_66' <Predicate = (!icmp_ln46)> <Delay = 0.00>
ST_3 : Operation 73 [1/1] (0.00ns)   --->   "%zext_ln1116_10 = zext i7 %tmp_66 to i10" [cnn_ap_lp/dense_out.cpp:48]   --->   Operation 73 'zext' 'zext_ln1116_10' <Predicate = (!icmp_ln46)> <Delay = 0.00>
ST_3 : Operation 74 [1/1] (0.00ns) (grouped into TernaryAdder)   --->   "%add_ln1116_6 = add i10 %zext_ln1116_10, %zext_ln1116_9" [cnn_ap_lp/dense_out.cpp:48]   --->   Operation 74 'add' 'add_ln1116_6' <Predicate = (!icmp_ln46)> <Delay = 0.00> <Core = "TAddSub">   --->   Core 83 'TAddSub' <Latency = 0> <II = 1> <Delay = 1.86> <IPBlock> <Opcode : 'add' 'sub'> <InPorts = 3> <OutPorts = 1> <Sync> <CReg>
ST_3 : Operation 75 [1/1] (3.72ns) (root node of TernaryAdder)   --->   "%add_ln1116_7 = add i10 %add_ln1116_6, %zext_ln46" [cnn_ap_lp/dense_out.cpp:48]   --->   Operation 75 'add' 'add_ln1116_7' <Predicate = (!icmp_ln46)> <Delay = 3.72> <Core = "TAddSub">   --->   Core 83 'TAddSub' <Latency = 0> <II = 1> <Delay = 1.86> <IPBlock> <Opcode : 'add' 'sub'> <InPorts = 3> <OutPorts = 1> <Sync> <CReg>
ST_3 : Operation 76 [1/1] (0.00ns)   --->   "%zext_ln1116_11 = zext i10 %add_ln1116_7 to i64" [cnn_ap_lp/dense_out.cpp:48]   --->   Operation 76 'zext' 'zext_ln1116_11' <Predicate = (!icmp_ln46)> <Delay = 0.00>
ST_3 : Operation 77 [1/1] (0.00ns)   --->   "%dense_out_weights_V_6 = getelementptr [300 x i9]* @dense_out_weights_V, i64 0, i64 %zext_ln1116_11" [cnn_ap_lp/dense_out.cpp:48]   --->   Operation 77 'getelementptr' 'dense_out_weights_V_6' <Predicate = (!icmp_ln46)> <Delay = 0.00>
ST_3 : Operation 78 [2/2] (3.25ns)   --->   "%dense_out_weights_V_7 = load i9* %dense_out_weights_V_6, align 2" [cnn_ap_lp/dense_out.cpp:48]   --->   Operation 78 'load' 'dense_out_weights_V_7' <Predicate = (!icmp_ln46)> <Delay = 3.25> <Core = "ROM_nP">   --->   Core 52 'ROM_nP' <Latency = 1> <II = 1> <Delay = 3.25> <Storage> <Opcode : 'load'> <Ports = 0> <Width = 8> <Depth = 10> <ROM>
ST_3 : Operation 79 [1/1] (0.00ns)   --->   "%zext_ln1117_1 = zext i3 %indvars_iv22 to i64" [cnn_ap_lp/dense_out.cpp:48]   --->   Operation 79 'zext' 'zext_ln1117_1' <Predicate = (!icmp_ln46)> <Delay = 0.00>
ST_3 : Operation 80 [1/1] (0.00ns)   --->   "%dense_2_out_3_V_add = getelementptr [6 x i13]* %dense_2_out_3_V, i64 0, i64 %zext_ln1117_1" [cnn_ap_lp/dense_out.cpp:48]   --->   Operation 80 'getelementptr' 'dense_2_out_3_V_add' <Predicate = (!icmp_ln46)> <Delay = 0.00>
ST_3 : Operation 81 [2/2] (2.32ns)   --->   "%dense_2_out_3_V_loa = load i13* %dense_2_out_3_V_add, align 2" [cnn_ap_lp/dense_out.cpp:48]   --->   Operation 81 'load' 'dense_2_out_3_V_loa' <Predicate = (!icmp_ln46)> <Delay = 2.32> <Core = "RAM">   --->   Core 37 'RAM' <Latency = 1> <II = 1> <Delay = 2.32> <Storage> <Opcode : 'load' 'store'> <Ports = 2> <Width = 14> <Depth = 10> <RAM>
ST_3 : Operation 82 [1/1] (1.78ns)   --->   "%add_ln46_2 = add i6 %f_0_0_cast1, 4" [cnn_ap_lp/dense_out.cpp:46]   --->   Operation 82 'add' 'add_ln46_2' <Predicate = (!icmp_ln46)> <Delay = 1.78> <Core = "AddSub">   --->   Core 14 'AddSub' <Latency = 0> <II = 1> <Delay = 1.81> <FuncUnit> <Opcode : 'add' 'sub'> <InPorts = 2> <OutPorts = 1>
ST_3 : Operation 83 [1/1] (0.00ns)   --->   "%tmp_68 = call i9 @_ssdm_op_BitConcatenate.i9.i6.i3(i6 %add_ln46_2, i3 0)" [cnn_ap_lp/dense_out.cpp:48]   --->   Operation 83 'bitconcatenate' 'tmp_68' <Predicate = (!icmp_ln46)> <Delay = 0.00>
ST_3 : Operation 84 [1/1] (0.00ns)   --->   "%zext_ln1116_12 = zext i9 %tmp_68 to i10" [cnn_ap_lp/dense_out.cpp:48]   --->   Operation 84 'zext' 'zext_ln1116_12' <Predicate = (!icmp_ln46)> <Delay = 0.00>
ST_3 : Operation 85 [1/1] (0.00ns)   --->   "%tmp_69 = call i7 @_ssdm_op_BitConcatenate.i7.i6.i1(i6 %add_ln46_2, i1 false)" [cnn_ap_lp/dense_out.cpp:48]   --->   Operation 85 'bitconcatenate' 'tmp_69' <Predicate = (!icmp_ln46)> <Delay = 0.00>
ST_3 : Operation 86 [1/1] (0.00ns)   --->   "%zext_ln1116_13 = zext i7 %tmp_69 to i10" [cnn_ap_lp/dense_out.cpp:48]   --->   Operation 86 'zext' 'zext_ln1116_13' <Predicate = (!icmp_ln46)> <Delay = 0.00>
ST_3 : Operation 87 [1/1] (0.00ns) (grouped into TernaryAdder)   --->   "%add_ln1116_8 = add i10 %zext_ln1116_13, %zext_ln1116_12" [cnn_ap_lp/dense_out.cpp:48]   --->   Operation 87 'add' 'add_ln1116_8' <Predicate = (!icmp_ln46)> <Delay = 0.00> <Core = "TAddSub">   --->   Core 83 'TAddSub' <Latency = 0> <II = 1> <Delay = 1.86> <IPBlock> <Opcode : 'add' 'sub'> <InPorts = 3> <OutPorts = 1> <Sync> <CReg>
ST_3 : Operation 88 [1/1] (3.72ns) (root node of TernaryAdder)   --->   "%add_ln1116_9 = add i10 %add_ln1116_8, %zext_ln46" [cnn_ap_lp/dense_out.cpp:48]   --->   Operation 88 'add' 'add_ln1116_9' <Predicate = (!icmp_ln46)> <Delay = 3.72> <Core = "TAddSub">   --->   Core 83 'TAddSub' <Latency = 0> <II = 1> <Delay = 1.86> <IPBlock> <Opcode : 'add' 'sub'> <InPorts = 3> <OutPorts = 1> <Sync> <CReg>
ST_3 : Operation 89 [1/1] (0.00ns)   --->   "%zext_ln1116_14 = zext i10 %add_ln1116_9 to i64" [cnn_ap_lp/dense_out.cpp:48]   --->   Operation 89 'zext' 'zext_ln1116_14' <Predicate = (!icmp_ln46)> <Delay = 0.00>
ST_3 : Operation 90 [1/1] (0.00ns)   --->   "%dense_out_weights_V_8 = getelementptr [300 x i9]* @dense_out_weights_V, i64 0, i64 %zext_ln1116_14" [cnn_ap_lp/dense_out.cpp:48]   --->   Operation 90 'getelementptr' 'dense_out_weights_V_8' <Predicate = (!icmp_ln46)> <Delay = 0.00>
ST_3 : Operation 91 [2/2] (3.25ns)   --->   "%dense_out_weights_V_9 = load i9* %dense_out_weights_V_8, align 2" [cnn_ap_lp/dense_out.cpp:48]   --->   Operation 91 'load' 'dense_out_weights_V_9' <Predicate = (!icmp_ln46)> <Delay = 3.25> <Core = "ROM_nP">   --->   Core 52 'ROM_nP' <Latency = 1> <II = 1> <Delay = 3.25> <Storage> <Opcode : 'load'> <Ports = 0> <Width = 8> <Depth = 10> <ROM>
ST_3 : Operation 92 [1/1] (0.00ns)   --->   "%dense_2_out_4_V_add = getelementptr [6 x i13]* %dense_2_out_4_V, i64 0, i64 %zext_ln1117_1" [cnn_ap_lp/dense_out.cpp:48]   --->   Operation 92 'getelementptr' 'dense_2_out_4_V_add' <Predicate = (!icmp_ln46)> <Delay = 0.00>
ST_3 : Operation 93 [2/2] (2.32ns)   --->   "%dense_2_out_4_V_loa = load i13* %dense_2_out_4_V_add, align 2" [cnn_ap_lp/dense_out.cpp:48]   --->   Operation 93 'load' 'dense_2_out_4_V_loa' <Predicate = (!icmp_ln46)> <Delay = 2.32> <Core = "RAM">   --->   Core 37 'RAM' <Latency = 1> <II = 1> <Delay = 2.32> <Storage> <Opcode : 'load' 'store'> <Ports = 2> <Width = 14> <Depth = 10> <RAM>
ST_3 : Operation 94 [1/1] (0.00ns)   --->   "%zext_ln1117_2 = zext i3 %indvars_iv14 to i64" [cnn_ap_lp/dense_out.cpp:48]   --->   Operation 94 'zext' 'zext_ln1117_2' <Predicate = (!icmp_ln46)> <Delay = 0.00>
ST_3 : Operation 95 [1/1] (0.00ns)   --->   "%dense_2_out_0_V_add_1 = getelementptr [6 x i13]* %dense_2_out_0_V, i64 0, i64 %zext_ln1117_2" [cnn_ap_lp/dense_out.cpp:48]   --->   Operation 95 'getelementptr' 'dense_2_out_0_V_add_1' <Predicate = (!icmp_ln46)> <Delay = 0.00>
ST_3 : Operation 96 [2/2] (2.32ns)   --->   "%dense_2_out_0_V_loa_1 = load i13* %dense_2_out_0_V_add_1, align 2" [cnn_ap_lp/dense_out.cpp:48]   --->   Operation 96 'load' 'dense_2_out_0_V_loa_1' <Predicate = (!icmp_ln46)> <Delay = 2.32> <Core = "RAM">   --->   Core 37 'RAM' <Latency = 1> <II = 1> <Delay = 2.32> <Storage> <Opcode : 'load' 'store'> <Ports = 2> <Width = 14> <Depth = 10> <RAM>
ST_3 : Operation 97 [1/1] (0.00ns)   --->   "%dense_2_out_1_V_add_1 = getelementptr [6 x i13]* %dense_2_out_1_V, i64 0, i64 %zext_ln1117_2" [cnn_ap_lp/dense_out.cpp:48]   --->   Operation 97 'getelementptr' 'dense_2_out_1_V_add_1' <Predicate = (!icmp_ln46)> <Delay = 0.00>
ST_3 : Operation 98 [2/2] (2.32ns)   --->   "%dense_2_out_1_V_loa_1 = load i13* %dense_2_out_1_V_add_1, align 2" [cnn_ap_lp/dense_out.cpp:48]   --->   Operation 98 'load' 'dense_2_out_1_V_loa_1' <Predicate = (!icmp_ln46)> <Delay = 2.32> <Core = "RAM">   --->   Core 37 'RAM' <Latency = 1> <II = 1> <Delay = 2.32> <Storage> <Opcode : 'load' 'store'> <Ports = 2> <Width = 14> <Depth = 10> <RAM>

State 4 <SV = 3> <Delay = 8.76>
ST_4 : Operation 99 [1/2] (3.25ns)   --->   "%dense_out_weights_V_1 = load i9* %dense_out_weights_V_s, align 2" [cnn_ap_lp/dense_out.cpp:48]   --->   Operation 99 'load' 'dense_out_weights_V_1' <Predicate = (!icmp_ln46)> <Delay = 3.25> <Core = "ROM_nP">   --->   Core 52 'ROM_nP' <Latency = 1> <II = 1> <Delay = 3.25> <Storage> <Opcode : 'load'> <Ports = 0> <Width = 8> <Depth = 10> <ROM>
ST_4 : Operation 100 [1/2] (2.32ns)   --->   "%dense_2_out_0_V_loa = load i13* %dense_2_out_0_V_add, align 2" [cnn_ap_lp/dense_out.cpp:48]   --->   Operation 100 'load' 'dense_2_out_0_V_loa' <Predicate = (!icmp_ln46)> <Delay = 2.32> <Core = "RAM">   --->   Core 37 'RAM' <Latency = 1> <II = 1> <Delay = 2.32> <Storage> <Opcode : 'load' 'store'> <Ports = 2> <Width = 14> <Depth = 10> <RAM>
ST_4 : Operation 101 [1/2] (3.25ns)   --->   "%dense_out_weights_V_3 = load i9* %dense_out_weights_V_2, align 2" [cnn_ap_lp/dense_out.cpp:48]   --->   Operation 101 'load' 'dense_out_weights_V_3' <Predicate = (!icmp_ln46)> <Delay = 3.25> <Core = "ROM_nP">   --->   Core 52 'ROM_nP' <Latency = 1> <II = 1> <Delay = 3.25> <Storage> <Opcode : 'load'> <Ports = 0> <Width = 8> <Depth = 10> <ROM>
ST_4 : Operation 102 [1/2] (2.32ns)   --->   "%dense_2_out_1_V_loa = load i13* %dense_2_out_1_V_add, align 2" [cnn_ap_lp/dense_out.cpp:48]   --->   Operation 102 'load' 'dense_2_out_1_V_loa' <Predicate = (!icmp_ln46)> <Delay = 2.32> <Core = "RAM">   --->   Core 37 'RAM' <Latency = 1> <II = 1> <Delay = 2.32> <Storage> <Opcode : 'load' 'store'> <Ports = 2> <Width = 14> <Depth = 10> <RAM>
ST_4 : Operation 103 [1/2] (3.25ns)   --->   "%dense_out_weights_V_5 = load i9* %dense_out_weights_V_4, align 2" [cnn_ap_lp/dense_out.cpp:48]   --->   Operation 103 'load' 'dense_out_weights_V_5' <Predicate = (!icmp_ln46)> <Delay = 3.25> <Core = "ROM_nP">   --->   Core 52 'ROM_nP' <Latency = 1> <II = 1> <Delay = 3.25> <Storage> <Opcode : 'load'> <Ports = 0> <Width = 8> <Depth = 10> <ROM>
ST_4 : Operation 104 [1/2] (2.32ns)   --->   "%dense_2_out_2_V_loa = load i13* %dense_2_out_2_V_add, align 2" [cnn_ap_lp/dense_out.cpp:48]   --->   Operation 104 'load' 'dense_2_out_2_V_loa' <Predicate = (!icmp_ln46)> <Delay = 2.32> <Core = "RAM">   --->   Core 37 'RAM' <Latency = 1> <II = 1> <Delay = 2.32> <Storage> <Opcode : 'load' 'store'> <Ports = 2> <Width = 14> <Depth = 10> <RAM>
ST_4 : Operation 105 [1/2] (3.25ns)   --->   "%dense_out_weights_V_7 = load i9* %dense_out_weights_V_6, align 2" [cnn_ap_lp/dense_out.cpp:48]   --->   Operation 105 'load' 'dense_out_weights_V_7' <Predicate = (!icmp_ln46)> <Delay = 3.25> <Core = "ROM_nP">   --->   Core 52 'ROM_nP' <Latency = 1> <II = 1> <Delay = 3.25> <Storage> <Opcode : 'load'> <Ports = 0> <Width = 8> <Depth = 10> <ROM>
ST_4 : Operation 106 [1/2] (2.32ns)   --->   "%dense_2_out_3_V_loa = load i13* %dense_2_out_3_V_add, align 2" [cnn_ap_lp/dense_out.cpp:48]   --->   Operation 106 'load' 'dense_2_out_3_V_loa' <Predicate = (!icmp_ln46)> <Delay = 2.32> <Core = "RAM">   --->   Core 37 'RAM' <Latency = 1> <II = 1> <Delay = 2.32> <Storage> <Opcode : 'load' 'store'> <Ports = 2> <Width = 14> <Depth = 10> <RAM>
ST_4 : Operation 107 [1/2] (3.25ns)   --->   "%dense_out_weights_V_9 = load i9* %dense_out_weights_V_8, align 2" [cnn_ap_lp/dense_out.cpp:48]   --->   Operation 107 'load' 'dense_out_weights_V_9' <Predicate = (!icmp_ln46)> <Delay = 3.25> <Core = "ROM_nP">   --->   Core 52 'ROM_nP' <Latency = 1> <II = 1> <Delay = 3.25> <Storage> <Opcode : 'load'> <Ports = 0> <Width = 8> <Depth = 10> <ROM>
ST_4 : Operation 108 [1/2] (2.32ns)   --->   "%dense_2_out_4_V_loa = load i13* %dense_2_out_4_V_add, align 2" [cnn_ap_lp/dense_out.cpp:48]   --->   Operation 108 'load' 'dense_2_out_4_V_loa' <Predicate = (!icmp_ln46)> <Delay = 2.32> <Core = "RAM">   --->   Core 37 'RAM' <Latency = 1> <II = 1> <Delay = 2.32> <Storage> <Opcode : 'load' 'store'> <Ports = 2> <Width = 14> <Depth = 10> <RAM>
ST_4 : Operation 109 [1/1] (1.78ns)   --->   "%add_ln46_3 = add i6 %f_0_0_cast1, 5" [cnn_ap_lp/dense_out.cpp:46]   --->   Operation 109 'add' 'add_ln46_3' <Predicate = (!icmp_ln46)> <Delay = 1.78> <Core = "AddSub">   --->   Core 14 'AddSub' <Latency = 0> <II = 1> <Delay = 1.81> <FuncUnit> <Opcode : 'add' 'sub'> <InPorts = 2> <OutPorts = 1>
ST_4 : Operation 110 [1/1] (0.00ns)   --->   "%tmp_71 = call i9 @_ssdm_op_BitConcatenate.i9.i6.i3(i6 %add_ln46_3, i3 0)" [cnn_ap_lp/dense_out.cpp:48]   --->   Operation 110 'bitconcatenate' 'tmp_71' <Predicate = (!icmp_ln46)> <Delay = 0.00>
ST_4 : Operation 111 [1/1] (0.00ns)   --->   "%zext_ln1116_15 = zext i9 %tmp_71 to i10" [cnn_ap_lp/dense_out.cpp:48]   --->   Operation 111 'zext' 'zext_ln1116_15' <Predicate = (!icmp_ln46)> <Delay = 0.00>
ST_4 : Operation 112 [1/1] (0.00ns)   --->   "%tmp_72 = call i7 @_ssdm_op_BitConcatenate.i7.i6.i1(i6 %add_ln46_3, i1 false)" [cnn_ap_lp/dense_out.cpp:48]   --->   Operation 112 'bitconcatenate' 'tmp_72' <Predicate = (!icmp_ln46)> <Delay = 0.00>
ST_4 : Operation 113 [1/1] (0.00ns)   --->   "%zext_ln1116_16 = zext i7 %tmp_72 to i10" [cnn_ap_lp/dense_out.cpp:48]   --->   Operation 113 'zext' 'zext_ln1116_16' <Predicate = (!icmp_ln46)> <Delay = 0.00>
ST_4 : Operation 114 [1/1] (0.00ns) (grouped into TernaryAdder)   --->   "%add_ln1116_10 = add i10 %zext_ln1116_16, %zext_ln1116_15" [cnn_ap_lp/dense_out.cpp:48]   --->   Operation 114 'add' 'add_ln1116_10' <Predicate = (!icmp_ln46)> <Delay = 0.00> <Core = "TAddSub">   --->   Core 83 'TAddSub' <Latency = 0> <II = 1> <Delay = 1.86> <IPBlock> <Opcode : 'add' 'sub'> <InPorts = 3> <OutPorts = 1> <Sync> <CReg>
ST_4 : Operation 115 [1/1] (3.72ns) (root node of TernaryAdder)   --->   "%add_ln1116_11 = add i10 %add_ln1116_10, %zext_ln46" [cnn_ap_lp/dense_out.cpp:48]   --->   Operation 115 'add' 'add_ln1116_11' <Predicate = (!icmp_ln46)> <Delay = 3.72> <Core = "TAddSub">   --->   Core 83 'TAddSub' <Latency = 0> <II = 1> <Delay = 1.86> <IPBlock> <Opcode : 'add' 'sub'> <InPorts = 3> <OutPorts = 1> <Sync> <CReg>
ST_4 : Operation 116 [1/1] (0.00ns)   --->   "%zext_ln1116_17 = zext i10 %add_ln1116_11 to i64" [cnn_ap_lp/dense_out.cpp:48]   --->   Operation 116 'zext' 'zext_ln1116_17' <Predicate = (!icmp_ln46)> <Delay = 0.00>
ST_4 : Operation 117 [1/1] (0.00ns)   --->   "%dense_out_weights_V_10 = getelementptr [300 x i9]* @dense_out_weights_V, i64 0, i64 %zext_ln1116_17" [cnn_ap_lp/dense_out.cpp:48]   --->   Operation 117 'getelementptr' 'dense_out_weights_V_10' <Predicate = (!icmp_ln46)> <Delay = 0.00>
ST_4 : Operation 118 [2/2] (3.25ns)   --->   "%dense_out_weights_V_11 = load i9* %dense_out_weights_V_10, align 2" [cnn_ap_lp/dense_out.cpp:48]   --->   Operation 118 'load' 'dense_out_weights_V_11' <Predicate = (!icmp_ln46)> <Delay = 3.25> <Core = "ROM_nP">   --->   Core 52 'ROM_nP' <Latency = 1> <II = 1> <Delay = 3.25> <Storage> <Opcode : 'load'> <Ports = 0> <Width = 8> <Depth = 10> <ROM>
ST_4 : Operation 119 [1/2] (2.32ns)   --->   "%dense_2_out_0_V_loa_1 = load i13* %dense_2_out_0_V_add_1, align 2" [cnn_ap_lp/dense_out.cpp:48]   --->   Operation 119 'load' 'dense_2_out_0_V_loa_1' <Predicate = (!icmp_ln46)> <Delay = 2.32> <Core = "RAM">   --->   Core 37 'RAM' <Latency = 1> <II = 1> <Delay = 2.32> <Storage> <Opcode : 'load' 'store'> <Ports = 2> <Width = 14> <Depth = 10> <RAM>
ST_4 : Operation 120 [1/1] (1.78ns)   --->   "%add_ln46_4 = add i6 %f_0_0_cast1, 6" [cnn_ap_lp/dense_out.cpp:46]   --->   Operation 120 'add' 'add_ln46_4' <Predicate = (!icmp_ln46)> <Delay = 1.78> <Core = "AddSub">   --->   Core 14 'AddSub' <Latency = 0> <II = 1> <Delay = 1.81> <FuncUnit> <Opcode : 'add' 'sub'> <InPorts = 2> <OutPorts = 1>
ST_4 : Operation 121 [1/1] (0.00ns)   --->   "%tmp_74 = call i9 @_ssdm_op_BitConcatenate.i9.i6.i3(i6 %add_ln46_4, i3 0)" [cnn_ap_lp/dense_out.cpp:48]   --->   Operation 121 'bitconcatenate' 'tmp_74' <Predicate = (!icmp_ln46)> <Delay = 0.00>
ST_4 : Operation 122 [1/1] (0.00ns)   --->   "%zext_ln1116_18 = zext i9 %tmp_74 to i10" [cnn_ap_lp/dense_out.cpp:48]   --->   Operation 122 'zext' 'zext_ln1116_18' <Predicate = (!icmp_ln46)> <Delay = 0.00>
ST_4 : Operation 123 [1/1] (0.00ns)   --->   "%tmp_75 = call i7 @_ssdm_op_BitConcatenate.i7.i6.i1(i6 %add_ln46_4, i1 false)" [cnn_ap_lp/dense_out.cpp:48]   --->   Operation 123 'bitconcatenate' 'tmp_75' <Predicate = (!icmp_ln46)> <Delay = 0.00>
ST_4 : Operation 124 [1/1] (0.00ns)   --->   "%zext_ln1116_19 = zext i7 %tmp_75 to i10" [cnn_ap_lp/dense_out.cpp:48]   --->   Operation 124 'zext' 'zext_ln1116_19' <Predicate = (!icmp_ln46)> <Delay = 0.00>
ST_4 : Operation 125 [1/1] (0.00ns) (grouped into TernaryAdder)   --->   "%add_ln1116_12 = add i10 %zext_ln1116_19, %zext_ln1116_18" [cnn_ap_lp/dense_out.cpp:48]   --->   Operation 125 'add' 'add_ln1116_12' <Predicate = (!icmp_ln46)> <Delay = 0.00> <Core = "TAddSub">   --->   Core 83 'TAddSub' <Latency = 0> <II = 1> <Delay = 1.86> <IPBlock> <Opcode : 'add' 'sub'> <InPorts = 3> <OutPorts = 1> <Sync> <CReg>
ST_4 : Operation 126 [1/1] (3.72ns) (root node of TernaryAdder)   --->   "%add_ln1116_13 = add i10 %add_ln1116_12, %zext_ln46" [cnn_ap_lp/dense_out.cpp:48]   --->   Operation 126 'add' 'add_ln1116_13' <Predicate = (!icmp_ln46)> <Delay = 3.72> <Core = "TAddSub">   --->   Core 83 'TAddSub' <Latency = 0> <II = 1> <Delay = 1.86> <IPBlock> <Opcode : 'add' 'sub'> <InPorts = 3> <OutPorts = 1> <Sync> <CReg>
ST_4 : Operation 127 [1/1] (0.00ns)   --->   "%zext_ln1116_20 = zext i10 %add_ln1116_13 to i64" [cnn_ap_lp/dense_out.cpp:48]   --->   Operation 127 'zext' 'zext_ln1116_20' <Predicate = (!icmp_ln46)> <Delay = 0.00>
ST_4 : Operation 128 [1/1] (0.00ns)   --->   "%dense_out_weights_V_12 = getelementptr [300 x i9]* @dense_out_weights_V, i64 0, i64 %zext_ln1116_20" [cnn_ap_lp/dense_out.cpp:48]   --->   Operation 128 'getelementptr' 'dense_out_weights_V_12' <Predicate = (!icmp_ln46)> <Delay = 0.00>
ST_4 : Operation 129 [2/2] (3.25ns)   --->   "%dense_out_weights_V_13 = load i9* %dense_out_weights_V_12, align 2" [cnn_ap_lp/dense_out.cpp:48]   --->   Operation 129 'load' 'dense_out_weights_V_13' <Predicate = (!icmp_ln46)> <Delay = 3.25> <Core = "ROM_nP">   --->   Core 52 'ROM_nP' <Latency = 1> <II = 1> <Delay = 3.25> <Storage> <Opcode : 'load'> <Ports = 0> <Width = 8> <Depth = 10> <ROM>
ST_4 : Operation 130 [1/2] (2.32ns)   --->   "%dense_2_out_1_V_loa_1 = load i13* %dense_2_out_1_V_add_1, align 2" [cnn_ap_lp/dense_out.cpp:48]   --->   Operation 130 'load' 'dense_2_out_1_V_loa_1' <Predicate = (!icmp_ln46)> <Delay = 2.32> <Core = "RAM">   --->   Core 37 'RAM' <Latency = 1> <II = 1> <Delay = 2.32> <Storage> <Opcode : 'load' 'store'> <Ports = 2> <Width = 14> <Depth = 10> <RAM>
ST_4 : Operation 131 [1/1] (1.78ns)   --->   "%add_ln46_5 = add i6 %f_0_0_cast1, 7" [cnn_ap_lp/dense_out.cpp:46]   --->   Operation 131 'add' 'add_ln46_5' <Predicate = (!icmp_ln46)> <Delay = 1.78> <Core = "AddSub">   --->   Core 14 'AddSub' <Latency = 0> <II = 1> <Delay = 1.81> <FuncUnit> <Opcode : 'add' 'sub'> <InPorts = 2> <OutPorts = 1>
ST_4 : Operation 132 [1/1] (0.00ns)   --->   "%tmp_77 = call i9 @_ssdm_op_BitConcatenate.i9.i6.i3(i6 %add_ln46_5, i3 0)" [cnn_ap_lp/dense_out.cpp:48]   --->   Operation 132 'bitconcatenate' 'tmp_77' <Predicate = (!icmp_ln46)> <Delay = 0.00>
ST_4 : Operation 133 [1/1] (0.00ns)   --->   "%zext_ln1116_21 = zext i9 %tmp_77 to i10" [cnn_ap_lp/dense_out.cpp:48]   --->   Operation 133 'zext' 'zext_ln1116_21' <Predicate = (!icmp_ln46)> <Delay = 0.00>
ST_4 : Operation 134 [1/1] (0.00ns)   --->   "%tmp_78 = call i7 @_ssdm_op_BitConcatenate.i7.i6.i1(i6 %add_ln46_5, i1 false)" [cnn_ap_lp/dense_out.cpp:48]   --->   Operation 134 'bitconcatenate' 'tmp_78' <Predicate = (!icmp_ln46)> <Delay = 0.00>
ST_4 : Operation 135 [1/1] (0.00ns)   --->   "%zext_ln1116_22 = zext i7 %tmp_78 to i10" [cnn_ap_lp/dense_out.cpp:48]   --->   Operation 135 'zext' 'zext_ln1116_22' <Predicate = (!icmp_ln46)> <Delay = 0.00>
ST_4 : Operation 136 [1/1] (0.00ns) (grouped into TernaryAdder)   --->   "%add_ln1116_14 = add i10 %zext_ln1116_22, %zext_ln1116_21" [cnn_ap_lp/dense_out.cpp:48]   --->   Operation 136 'add' 'add_ln1116_14' <Predicate = (!icmp_ln46)> <Delay = 0.00> <Core = "TAddSub">   --->   Core 83 'TAddSub' <Latency = 0> <II = 1> <Delay = 1.86> <IPBlock> <Opcode : 'add' 'sub'> <InPorts = 3> <OutPorts = 1> <Sync> <CReg>
ST_4 : Operation 137 [1/1] (3.72ns) (root node of TernaryAdder)   --->   "%add_ln1116_15 = add i10 %add_ln1116_14, %zext_ln46" [cnn_ap_lp/dense_out.cpp:48]   --->   Operation 137 'add' 'add_ln1116_15' <Predicate = (!icmp_ln46)> <Delay = 3.72> <Core = "TAddSub">   --->   Core 83 'TAddSub' <Latency = 0> <II = 1> <Delay = 1.86> <IPBlock> <Opcode : 'add' 'sub'> <InPorts = 3> <OutPorts = 1> <Sync> <CReg>
ST_4 : Operation 138 [1/1] (0.00ns)   --->   "%zext_ln1116_23 = zext i10 %add_ln1116_15 to i64" [cnn_ap_lp/dense_out.cpp:48]   --->   Operation 138 'zext' 'zext_ln1116_23' <Predicate = (!icmp_ln46)> <Delay = 0.00>
ST_4 : Operation 139 [1/1] (0.00ns)   --->   "%dense_out_weights_V_14 = getelementptr [300 x i9]* @dense_out_weights_V, i64 0, i64 %zext_ln1116_23" [cnn_ap_lp/dense_out.cpp:48]   --->   Operation 139 'getelementptr' 'dense_out_weights_V_14' <Predicate = (!icmp_ln46)> <Delay = 0.00>
ST_4 : Operation 140 [2/2] (3.25ns)   --->   "%dense_out_weights_V_15 = load i9* %dense_out_weights_V_14, align 2" [cnn_ap_lp/dense_out.cpp:48]   --->   Operation 140 'load' 'dense_out_weights_V_15' <Predicate = (!icmp_ln46)> <Delay = 3.25> <Core = "ROM_nP">   --->   Core 52 'ROM_nP' <Latency = 1> <II = 1> <Delay = 3.25> <Storage> <Opcode : 'load'> <Ports = 0> <Width = 8> <Depth = 10> <ROM>
ST_4 : Operation 141 [1/1] (1.78ns)   --->   "%add_ln46_6 = add i6 %f_0_0_cast1, 8" [cnn_ap_lp/dense_out.cpp:46]   --->   Operation 141 'add' 'add_ln46_6' <Predicate = (!icmp_ln46)> <Delay = 1.78> <Core = "AddSub">   --->   Core 14 'AddSub' <Latency = 0> <II = 1> <Delay = 1.81> <FuncUnit> <Opcode : 'add' 'sub'> <InPorts = 2> <OutPorts = 1>
ST_4 : Operation 142 [1/1] (0.00ns)   --->   "%tmp_80 = call i9 @_ssdm_op_BitConcatenate.i9.i6.i3(i6 %add_ln46_6, i3 0)" [cnn_ap_lp/dense_out.cpp:48]   --->   Operation 142 'bitconcatenate' 'tmp_80' <Predicate = (!icmp_ln46)> <Delay = 0.00>
ST_4 : Operation 143 [1/1] (0.00ns)   --->   "%zext_ln1116_24 = zext i9 %tmp_80 to i10" [cnn_ap_lp/dense_out.cpp:48]   --->   Operation 143 'zext' 'zext_ln1116_24' <Predicate = (!icmp_ln46)> <Delay = 0.00>
ST_4 : Operation 144 [1/1] (0.00ns)   --->   "%tmp_81 = call i7 @_ssdm_op_BitConcatenate.i7.i6.i1(i6 %add_ln46_6, i1 false)" [cnn_ap_lp/dense_out.cpp:48]   --->   Operation 144 'bitconcatenate' 'tmp_81' <Predicate = (!icmp_ln46)> <Delay = 0.00>
ST_4 : Operation 145 [1/1] (0.00ns)   --->   "%zext_ln1116_25 = zext i7 %tmp_81 to i10" [cnn_ap_lp/dense_out.cpp:48]   --->   Operation 145 'zext' 'zext_ln1116_25' <Predicate = (!icmp_ln46)> <Delay = 0.00>
ST_4 : Operation 146 [1/1] (0.00ns) (grouped into TernaryAdder)   --->   "%add_ln1116_16 = add i10 %zext_ln1116_25, %zext_ln1116_24" [cnn_ap_lp/dense_out.cpp:48]   --->   Operation 146 'add' 'add_ln1116_16' <Predicate = (!icmp_ln46)> <Delay = 0.00> <Core = "TAddSub">   --->   Core 83 'TAddSub' <Latency = 0> <II = 1> <Delay = 1.86> <IPBlock> <Opcode : 'add' 'sub'> <InPorts = 3> <OutPorts = 1> <Sync> <CReg>
ST_4 : Operation 147 [1/1] (3.72ns) (root node of TernaryAdder)   --->   "%add_ln1116_17 = add i10 %add_ln1116_16, %zext_ln46" [cnn_ap_lp/dense_out.cpp:48]   --->   Operation 147 'add' 'add_ln1116_17' <Predicate = (!icmp_ln46)> <Delay = 3.72> <Core = "TAddSub">   --->   Core 83 'TAddSub' <Latency = 0> <II = 1> <Delay = 1.86> <IPBlock> <Opcode : 'add' 'sub'> <InPorts = 3> <OutPorts = 1> <Sync> <CReg>
ST_4 : Operation 148 [1/1] (0.00ns)   --->   "%zext_ln1116_26 = zext i10 %add_ln1116_17 to i64" [cnn_ap_lp/dense_out.cpp:48]   --->   Operation 148 'zext' 'zext_ln1116_26' <Predicate = (!icmp_ln46)> <Delay = 0.00>
ST_4 : Operation 149 [1/1] (0.00ns)   --->   "%dense_out_weights_V_16 = getelementptr [300 x i9]* @dense_out_weights_V, i64 0, i64 %zext_ln1116_26" [cnn_ap_lp/dense_out.cpp:48]   --->   Operation 149 'getelementptr' 'dense_out_weights_V_16' <Predicate = (!icmp_ln46)> <Delay = 0.00>
ST_4 : Operation 150 [2/2] (3.25ns)   --->   "%dense_out_weights_V_17 = load i9* %dense_out_weights_V_16, align 2" [cnn_ap_lp/dense_out.cpp:48]   --->   Operation 150 'load' 'dense_out_weights_V_17' <Predicate = (!icmp_ln46)> <Delay = 3.25> <Core = "ROM_nP">   --->   Core 52 'ROM_nP' <Latency = 1> <II = 1> <Delay = 3.25> <Storage> <Opcode : 'load'> <Ports = 0> <Width = 8> <Depth = 10> <ROM>
ST_4 : Operation 151 [1/1] (1.78ns)   --->   "%add_ln46_7 = add i6 %f_0_0_cast1, 9" [cnn_ap_lp/dense_out.cpp:46]   --->   Operation 151 'add' 'add_ln46_7' <Predicate = (!icmp_ln46)> <Delay = 1.78> <Core = "AddSub">   --->   Core 14 'AddSub' <Latency = 0> <II = 1> <Delay = 1.81> <FuncUnit> <Opcode : 'add' 'sub'> <InPorts = 2> <OutPorts = 1>
ST_4 : Operation 152 [1/1] (0.00ns)   --->   "%tmp_83 = call i9 @_ssdm_op_BitConcatenate.i9.i6.i3(i6 %add_ln46_7, i3 0)" [cnn_ap_lp/dense_out.cpp:48]   --->   Operation 152 'bitconcatenate' 'tmp_83' <Predicate = (!icmp_ln46)> <Delay = 0.00>
ST_4 : Operation 153 [1/1] (0.00ns)   --->   "%zext_ln1116_27 = zext i9 %tmp_83 to i10" [cnn_ap_lp/dense_out.cpp:48]   --->   Operation 153 'zext' 'zext_ln1116_27' <Predicate = (!icmp_ln46)> <Delay = 0.00>
ST_4 : Operation 154 [1/1] (0.00ns)   --->   "%tmp_84 = call i7 @_ssdm_op_BitConcatenate.i7.i6.i1(i6 %add_ln46_7, i1 false)" [cnn_ap_lp/dense_out.cpp:48]   --->   Operation 154 'bitconcatenate' 'tmp_84' <Predicate = (!icmp_ln46)> <Delay = 0.00>
ST_4 : Operation 155 [1/1] (0.00ns)   --->   "%zext_ln1116_28 = zext i7 %tmp_84 to i10" [cnn_ap_lp/dense_out.cpp:48]   --->   Operation 155 'zext' 'zext_ln1116_28' <Predicate = (!icmp_ln46)> <Delay = 0.00>
ST_4 : Operation 156 [1/1] (0.00ns) (grouped into TernaryAdder)   --->   "%add_ln1116_18 = add i10 %zext_ln1116_28, %zext_ln1116_27" [cnn_ap_lp/dense_out.cpp:48]   --->   Operation 156 'add' 'add_ln1116_18' <Predicate = (!icmp_ln46)> <Delay = 0.00> <Core = "TAddSub">   --->   Core 83 'TAddSub' <Latency = 0> <II = 1> <Delay = 1.86> <IPBlock> <Opcode : 'add' 'sub'> <InPorts = 3> <OutPorts = 1> <Sync> <CReg>
ST_4 : Operation 157 [1/1] (3.72ns) (root node of TernaryAdder)   --->   "%add_ln1116_19 = add i10 %add_ln1116_18, %zext_ln46" [cnn_ap_lp/dense_out.cpp:48]   --->   Operation 157 'add' 'add_ln1116_19' <Predicate = (!icmp_ln46)> <Delay = 3.72> <Core = "TAddSub">   --->   Core 83 'TAddSub' <Latency = 0> <II = 1> <Delay = 1.86> <IPBlock> <Opcode : 'add' 'sub'> <InPorts = 3> <OutPorts = 1> <Sync> <CReg>
ST_4 : Operation 158 [1/1] (0.00ns)   --->   "%zext_ln1116_29 = zext i10 %add_ln1116_19 to i64" [cnn_ap_lp/dense_out.cpp:48]   --->   Operation 158 'zext' 'zext_ln1116_29' <Predicate = (!icmp_ln46)> <Delay = 0.00>
ST_4 : Operation 159 [1/1] (0.00ns)   --->   "%dense_out_weights_V_18 = getelementptr [300 x i9]* @dense_out_weights_V, i64 0, i64 %zext_ln1116_29" [cnn_ap_lp/dense_out.cpp:48]   --->   Operation 159 'getelementptr' 'dense_out_weights_V_18' <Predicate = (!icmp_ln46)> <Delay = 0.00>
ST_4 : Operation 160 [2/2] (3.25ns)   --->   "%dense_out_weights_V_19 = load i9* %dense_out_weights_V_18, align 2" [cnn_ap_lp/dense_out.cpp:48]   --->   Operation 160 'load' 'dense_out_weights_V_19' <Predicate = (!icmp_ln46)> <Delay = 3.25> <Core = "ROM_nP">   --->   Core 52 'ROM_nP' <Latency = 1> <II = 1> <Delay = 3.25> <Storage> <Opcode : 'load'> <Ports = 0> <Width = 8> <Depth = 10> <ROM>
ST_4 : Operation 161 [1/1] (1.78ns)   --->   "%add_ln46_8 = add i5 %f_0_0, 10" [cnn_ap_lp/dense_out.cpp:46]   --->   Operation 161 'add' 'add_ln46_8' <Predicate = (!icmp_ln46)> <Delay = 1.78> <Core = "AddSub">   --->   Core 14 'AddSub' <Latency = 0> <II = 1> <Delay = 1.81> <FuncUnit> <Opcode : 'add' 'sub'> <InPorts = 2> <OutPorts = 1>
ST_4 : Operation 162 [1/1] (1.65ns)   --->   "%add_ln46_9 = add i3 %indvars_iv14, 2" [cnn_ap_lp/dense_out.cpp:46]   --->   Operation 162 'add' 'add_ln46_9' <Predicate = (!icmp_ln46)> <Delay = 1.65> <Core = "AddSub">   --->   Core 14 'AddSub' <Latency = 0> <II = 1> <Delay = 1.81> <FuncUnit> <Opcode : 'add' 'sub'> <InPorts = 2> <OutPorts = 1>
ST_4 : Operation 163 [1/1] (1.65ns)   --->   "%add_ln46_10 = add i3 %indvars_iv22, 2" [cnn_ap_lp/dense_out.cpp:46]   --->   Operation 163 'add' 'add_ln46_10' <Predicate = (!icmp_ln46)> <Delay = 1.65> <Core = "AddSub">   --->   Core 14 'AddSub' <Latency = 0> <II = 1> <Delay = 1.81> <FuncUnit> <Opcode : 'add' 'sub'> <InPorts = 2> <OutPorts = 1>
ST_4 : Operation 164 [1/1] (1.65ns)   --->   "%add_ln46_11 = add i3 %indvars_iv34, 2" [cnn_ap_lp/dense_out.cpp:46]   --->   Operation 164 'add' 'add_ln46_11' <Predicate = (!icmp_ln46)> <Delay = 1.65> <Core = "AddSub">   --->   Core 14 'AddSub' <Latency = 0> <II = 1> <Delay = 1.81> <FuncUnit> <Opcode : 'add' 'sub'> <InPorts = 2> <OutPorts = 1>

State 5 <SV = 4> <Delay = 18.4>
ST_5 : Operation 165 [1/1] (0.00ns)   --->   "%sext_ln1192 = sext i9 %dense_out_weights_V_1 to i22" [cnn_ap_lp/dense_out.cpp:48]   --->   Operation 165 'sext' 'sext_ln1192' <Predicate = (!icmp_ln46)> <Delay = 0.00>
ST_5 : Operation 166 [1/1] (0.00ns)   --->   "%zext_ln1192 = zext i13 %dense_2_out_0_V_loa to i22" [cnn_ap_lp/dense_out.cpp:48]   --->   Operation 166 'zext' 'zext_ln1192' <Predicate = (!icmp_ln46)> <Delay = 0.00>
ST_5 : Operation 167 [1/1] (3.36ns) (grouped into DSP with root node add_ln1192)   --->   "%mul_ln1192 = mul i22 %zext_ln1192, %sext_ln1192" [cnn_ap_lp/dense_out.cpp:48]   --->   Operation 167 'mul' 'mul_ln1192' <Predicate = (!icmp_ln46)> <Delay = 3.36> <Core = "DSP48">   --->   Core 88 'DSP48' <Latency = 0> <II = 1> <Delay = 6.38> <IPBlock> <Opcode : 'mul' 'add' 'sub' 'select'> <InPorts = 0> <OutPorts = 1> <Sync> <CReg>
ST_5 : Operation 168 [1/1] (0.00ns)   --->   "%shl_ln = call i22 @_ssdm_op_BitConcatenate.i22.i14.i8(i14 %p_Val2_0, i8 0)" [cnn_ap_lp/dense_out.cpp:48]   --->   Operation 168 'bitconcatenate' 'shl_ln' <Predicate = (!icmp_ln46)> <Delay = 0.00>
ST_5 : Operation 169 [1/1] (3.02ns) (root node of the DSP)   --->   "%add_ln1192 = add i22 %mul_ln1192, %shl_ln" [cnn_ap_lp/dense_out.cpp:48]   --->   Operation 169 'add' 'add_ln1192' <Predicate = (!icmp_ln46)> <Delay = 3.02> <Core = "DSP48">   --->   Core 88 'DSP48' <Latency = 0> <II = 1> <Delay = 6.38> <IPBlock> <Opcode : 'mul' 'add' 'sub' 'select'> <InPorts = 0> <OutPorts = 1> <Sync> <CReg>
ST_5 : Operation 170 [1/1] (0.00ns)   --->   "%sext_ln1192_1 = sext i9 %dense_out_weights_V_3 to i22" [cnn_ap_lp/dense_out.cpp:48]   --->   Operation 170 'sext' 'sext_ln1192_1' <Predicate = (!icmp_ln46)> <Delay = 0.00>
ST_5 : Operation 171 [1/1] (0.00ns)   --->   "%zext_ln1192_1 = zext i13 %dense_2_out_1_V_loa to i22" [cnn_ap_lp/dense_out.cpp:48]   --->   Operation 171 'zext' 'zext_ln1192_1' <Predicate = (!icmp_ln46)> <Delay = 0.00>
ST_5 : Operation 172 [1/1] (3.36ns) (grouped into DSP with root node add_ln1192_1)   --->   "%mul_ln1192_1 = mul i22 %zext_ln1192_1, %sext_ln1192_1" [cnn_ap_lp/dense_out.cpp:48]   --->   Operation 172 'mul' 'mul_ln1192_1' <Predicate = (!icmp_ln46)> <Delay = 3.36> <Core = "DSP48">   --->   Core 88 'DSP48' <Latency = 0> <II = 1> <Delay = 6.38> <IPBlock> <Opcode : 'mul' 'add' 'sub' 'select'> <InPorts = 0> <OutPorts = 1> <Sync> <CReg>
ST_5 : Operation 173 [1/1] (0.00ns)   --->   "%tmp_61 = call i14 @_ssdm_op_PartSelect.i14.i22.i32.i32(i22 %add_ln1192, i32 8, i32 21)" [cnn_ap_lp/dense_out.cpp:48]   --->   Operation 173 'partselect' 'tmp_61' <Predicate = (!icmp_ln46)> <Delay = 0.00>
ST_5 : Operation 174 [1/1] (0.00ns)   --->   "%shl_ln728_1 = call i22 @_ssdm_op_BitConcatenate.i22.i14.i8(i14 %tmp_61, i8 0)" [cnn_ap_lp/dense_out.cpp:48]   --->   Operation 174 'bitconcatenate' 'shl_ln728_1' <Predicate = (!icmp_ln46)> <Delay = 0.00>
ST_5 : Operation 175 [1/1] (3.02ns) (root node of the DSP)   --->   "%add_ln1192_1 = add i22 %mul_ln1192_1, %shl_ln728_1" [cnn_ap_lp/dense_out.cpp:48]   --->   Operation 175 'add' 'add_ln1192_1' <Predicate = (!icmp_ln46)> <Delay = 3.02> <Core = "DSP48">   --->   Core 88 'DSP48' <Latency = 0> <II = 1> <Delay = 6.38> <IPBlock> <Opcode : 'mul' 'add' 'sub' 'select'> <InPorts = 0> <OutPorts = 1> <Sync> <CReg>
ST_5 : Operation 176 [1/1] (0.00ns)   --->   "%sext_ln1192_2 = sext i9 %dense_out_weights_V_5 to i22" [cnn_ap_lp/dense_out.cpp:48]   --->   Operation 176 'sext' 'sext_ln1192_2' <Predicate = (!icmp_ln46)> <Delay = 0.00>
ST_5 : Operation 177 [1/1] (0.00ns)   --->   "%zext_ln1192_2 = zext i13 %dense_2_out_2_V_loa to i22" [cnn_ap_lp/dense_out.cpp:48]   --->   Operation 177 'zext' 'zext_ln1192_2' <Predicate = (!icmp_ln46)> <Delay = 0.00>
ST_5 : Operation 178 [1/1] (3.36ns) (grouped into DSP with root node add_ln1192_2)   --->   "%mul_ln1192_2 = mul i22 %zext_ln1192_2, %sext_ln1192_2" [cnn_ap_lp/dense_out.cpp:48]   --->   Operation 178 'mul' 'mul_ln1192_2' <Predicate = (!icmp_ln46)> <Delay = 3.36> <Core = "DSP48">   --->   Core 88 'DSP48' <Latency = 0> <II = 1> <Delay = 6.38> <IPBlock> <Opcode : 'mul' 'add' 'sub' 'select'> <InPorts = 0> <OutPorts = 1> <Sync> <CReg>
ST_5 : Operation 179 [1/1] (0.00ns)   --->   "%tmp_64 = call i14 @_ssdm_op_PartSelect.i14.i22.i32.i32(i22 %add_ln1192_1, i32 8, i32 21)" [cnn_ap_lp/dense_out.cpp:48]   --->   Operation 179 'partselect' 'tmp_64' <Predicate = (!icmp_ln46)> <Delay = 0.00>
ST_5 : Operation 180 [1/1] (0.00ns)   --->   "%shl_ln728_2 = call i22 @_ssdm_op_BitConcatenate.i22.i14.i8(i14 %tmp_64, i8 0)" [cnn_ap_lp/dense_out.cpp:48]   --->   Operation 180 'bitconcatenate' 'shl_ln728_2' <Predicate = (!icmp_ln46)> <Delay = 0.00>
ST_5 : Operation 181 [1/1] (3.02ns) (root node of the DSP)   --->   "%add_ln1192_2 = add i22 %mul_ln1192_2, %shl_ln728_2" [cnn_ap_lp/dense_out.cpp:48]   --->   Operation 181 'add' 'add_ln1192_2' <Predicate = (!icmp_ln46)> <Delay = 3.02> <Core = "DSP48">   --->   Core 88 'DSP48' <Latency = 0> <II = 1> <Delay = 6.38> <IPBlock> <Opcode : 'mul' 'add' 'sub' 'select'> <InPorts = 0> <OutPorts = 1> <Sync> <CReg>
ST_5 : Operation 182 [1/1] (0.00ns)   --->   "%sext_ln1192_3 = sext i9 %dense_out_weights_V_7 to i22" [cnn_ap_lp/dense_out.cpp:48]   --->   Operation 182 'sext' 'sext_ln1192_3' <Predicate = (!icmp_ln46)> <Delay = 0.00>
ST_5 : Operation 183 [1/1] (0.00ns)   --->   "%zext_ln1192_3 = zext i13 %dense_2_out_3_V_loa to i22" [cnn_ap_lp/dense_out.cpp:48]   --->   Operation 183 'zext' 'zext_ln1192_3' <Predicate = (!icmp_ln46)> <Delay = 0.00>
ST_5 : Operation 184 [1/1] (3.36ns) (grouped into DSP with root node add_ln1192_3)   --->   "%mul_ln1192_3 = mul i22 %zext_ln1192_3, %sext_ln1192_3" [cnn_ap_lp/dense_out.cpp:48]   --->   Operation 184 'mul' 'mul_ln1192_3' <Predicate = (!icmp_ln46)> <Delay = 3.36> <Core = "DSP48">   --->   Core 88 'DSP48' <Latency = 0> <II = 1> <Delay = 6.38> <IPBlock> <Opcode : 'mul' 'add' 'sub' 'select'> <InPorts = 0> <OutPorts = 1> <Sync> <CReg>
ST_5 : Operation 185 [1/1] (0.00ns)   --->   "%tmp_67 = call i14 @_ssdm_op_PartSelect.i14.i22.i32.i32(i22 %add_ln1192_2, i32 8, i32 21)" [cnn_ap_lp/dense_out.cpp:48]   --->   Operation 185 'partselect' 'tmp_67' <Predicate = (!icmp_ln46)> <Delay = 0.00>
ST_5 : Operation 186 [1/1] (0.00ns)   --->   "%shl_ln728_3 = call i22 @_ssdm_op_BitConcatenate.i22.i14.i8(i14 %tmp_67, i8 0)" [cnn_ap_lp/dense_out.cpp:48]   --->   Operation 186 'bitconcatenate' 'shl_ln728_3' <Predicate = (!icmp_ln46)> <Delay = 0.00>
ST_5 : Operation 187 [1/1] (3.02ns) (root node of the DSP)   --->   "%add_ln1192_3 = add i22 %mul_ln1192_3, %shl_ln728_3" [cnn_ap_lp/dense_out.cpp:48]   --->   Operation 187 'add' 'add_ln1192_3' <Predicate = (!icmp_ln46)> <Delay = 3.02> <Core = "DSP48">   --->   Core 88 'DSP48' <Latency = 0> <II = 1> <Delay = 6.38> <IPBlock> <Opcode : 'mul' 'add' 'sub' 'select'> <InPorts = 0> <OutPorts = 1> <Sync> <CReg>
ST_5 : Operation 188 [1/1] (0.00ns)   --->   "%sext_ln1192_4 = sext i9 %dense_out_weights_V_9 to i22" [cnn_ap_lp/dense_out.cpp:48]   --->   Operation 188 'sext' 'sext_ln1192_4' <Predicate = (!icmp_ln46)> <Delay = 0.00>
ST_5 : Operation 189 [1/1] (0.00ns)   --->   "%zext_ln1192_4 = zext i13 %dense_2_out_4_V_loa to i22" [cnn_ap_lp/dense_out.cpp:48]   --->   Operation 189 'zext' 'zext_ln1192_4' <Predicate = (!icmp_ln46)> <Delay = 0.00>
ST_5 : Operation 190 [1/1] (3.36ns) (grouped into DSP with root node add_ln1192_4)   --->   "%mul_ln1192_4 = mul i22 %zext_ln1192_4, %sext_ln1192_4" [cnn_ap_lp/dense_out.cpp:48]   --->   Operation 190 'mul' 'mul_ln1192_4' <Predicate = (!icmp_ln46)> <Delay = 3.36> <Core = "DSP48">   --->   Core 88 'DSP48' <Latency = 0> <II = 1> <Delay = 6.38> <IPBlock> <Opcode : 'mul' 'add' 'sub' 'select'> <InPorts = 0> <OutPorts = 1> <Sync> <CReg>
ST_5 : Operation 191 [1/1] (0.00ns)   --->   "%tmp_70 = call i14 @_ssdm_op_PartSelect.i14.i22.i32.i32(i22 %add_ln1192_3, i32 8, i32 21)" [cnn_ap_lp/dense_out.cpp:48]   --->   Operation 191 'partselect' 'tmp_70' <Predicate = (!icmp_ln46)> <Delay = 0.00>
ST_5 : Operation 192 [1/1] (0.00ns)   --->   "%shl_ln728_4 = call i22 @_ssdm_op_BitConcatenate.i22.i14.i8(i14 %tmp_70, i8 0)" [cnn_ap_lp/dense_out.cpp:48]   --->   Operation 192 'bitconcatenate' 'shl_ln728_4' <Predicate = (!icmp_ln46)> <Delay = 0.00>
ST_5 : Operation 193 [1/1] (3.02ns) (root node of the DSP)   --->   "%add_ln1192_4 = add i22 %mul_ln1192_4, %shl_ln728_4" [cnn_ap_lp/dense_out.cpp:48]   --->   Operation 193 'add' 'add_ln1192_4' <Predicate = (!icmp_ln46)> <Delay = 3.02> <Core = "DSP48">   --->   Core 88 'DSP48' <Latency = 0> <II = 1> <Delay = 6.38> <IPBlock> <Opcode : 'mul' 'add' 'sub' 'select'> <InPorts = 0> <OutPorts = 1> <Sync> <CReg>
ST_5 : Operation 194 [1/2] (3.25ns)   --->   "%dense_out_weights_V_11 = load i9* %dense_out_weights_V_10, align 2" [cnn_ap_lp/dense_out.cpp:48]   --->   Operation 194 'load' 'dense_out_weights_V_11' <Predicate = (!icmp_ln46)> <Delay = 3.25> <Core = "ROM_nP">   --->   Core 52 'ROM_nP' <Latency = 1> <II = 1> <Delay = 3.25> <Storage> <Opcode : 'load'> <Ports = 0> <Width = 8> <Depth = 10> <ROM>
ST_5 : Operation 195 [1/1] (0.00ns)   --->   "%tmp_73 = call i14 @_ssdm_op_PartSelect.i14.i22.i32.i32(i22 %add_ln1192_4, i32 8, i32 21)" [cnn_ap_lp/dense_out.cpp:48]   --->   Operation 195 'partselect' 'tmp_73' <Predicate = (!icmp_ln46)> <Delay = 0.00>
ST_5 : Operation 196 [1/2] (3.25ns)   --->   "%dense_out_weights_V_13 = load i9* %dense_out_weights_V_12, align 2" [cnn_ap_lp/dense_out.cpp:48]   --->   Operation 196 'load' 'dense_out_weights_V_13' <Predicate = (!icmp_ln46)> <Delay = 3.25> <Core = "ROM_nP">   --->   Core 52 'ROM_nP' <Latency = 1> <II = 1> <Delay = 3.25> <Storage> <Opcode : 'load'> <Ports = 0> <Width = 8> <Depth = 10> <ROM>
ST_5 : Operation 197 [1/2] (3.25ns)   --->   "%dense_out_weights_V_15 = load i9* %dense_out_weights_V_14, align 2" [cnn_ap_lp/dense_out.cpp:48]   --->   Operation 197 'load' 'dense_out_weights_V_15' <Predicate = (!icmp_ln46)> <Delay = 3.25> <Core = "ROM_nP">   --->   Core 52 'ROM_nP' <Latency = 1> <II = 1> <Delay = 3.25> <Storage> <Opcode : 'load'> <Ports = 0> <Width = 8> <Depth = 10> <ROM>
ST_5 : Operation 198 [1/1] (0.00ns)   --->   "%dense_2_out_2_V_add_1 = getelementptr [6 x i13]* %dense_2_out_2_V, i64 0, i64 %zext_ln1117_2" [cnn_ap_lp/dense_out.cpp:48]   --->   Operation 198 'getelementptr' 'dense_2_out_2_V_add_1' <Predicate = (!icmp_ln46)> <Delay = 0.00>
ST_5 : Operation 199 [2/2] (2.32ns)   --->   "%dense_2_out_2_V_loa_1 = load i13* %dense_2_out_2_V_add_1, align 2" [cnn_ap_lp/dense_out.cpp:48]   --->   Operation 199 'load' 'dense_2_out_2_V_loa_1' <Predicate = (!icmp_ln46)> <Delay = 2.32> <Core = "RAM">   --->   Core 37 'RAM' <Latency = 1> <II = 1> <Delay = 2.32> <Storage> <Opcode : 'load' 'store'> <Ports = 2> <Width = 14> <Depth = 10> <RAM>
ST_5 : Operation 200 [1/2] (3.25ns)   --->   "%dense_out_weights_V_17 = load i9* %dense_out_weights_V_16, align 2" [cnn_ap_lp/dense_out.cpp:48]   --->   Operation 200 'load' 'dense_out_weights_V_17' <Predicate = (!icmp_ln46)> <Delay = 3.25> <Core = "ROM_nP">   --->   Core 52 'ROM_nP' <Latency = 1> <II = 1> <Delay = 3.25> <Storage> <Opcode : 'load'> <Ports = 0> <Width = 8> <Depth = 10> <ROM>
ST_5 : Operation 201 [1/1] (0.00ns)   --->   "%dense_2_out_3_V_add_1 = getelementptr [6 x i13]* %dense_2_out_3_V, i64 0, i64 %zext_ln1117_2" [cnn_ap_lp/dense_out.cpp:48]   --->   Operation 201 'getelementptr' 'dense_2_out_3_V_add_1' <Predicate = (!icmp_ln46)> <Delay = 0.00>
ST_5 : Operation 202 [2/2] (2.32ns)   --->   "%dense_2_out_3_V_loa_1 = load i13* %dense_2_out_3_V_add_1, align 2" [cnn_ap_lp/dense_out.cpp:48]   --->   Operation 202 'load' 'dense_2_out_3_V_loa_1' <Predicate = (!icmp_ln46)> <Delay = 2.32> <Core = "RAM">   --->   Core 37 'RAM' <Latency = 1> <II = 1> <Delay = 2.32> <Storage> <Opcode : 'load' 'store'> <Ports = 2> <Width = 14> <Depth = 10> <RAM>
ST_5 : Operation 203 [1/2] (3.25ns)   --->   "%dense_out_weights_V_19 = load i9* %dense_out_weights_V_18, align 2" [cnn_ap_lp/dense_out.cpp:48]   --->   Operation 203 'load' 'dense_out_weights_V_19' <Predicate = (!icmp_ln46)> <Delay = 3.25> <Core = "ROM_nP">   --->   Core 52 'ROM_nP' <Latency = 1> <II = 1> <Delay = 3.25> <Storage> <Opcode : 'load'> <Ports = 0> <Width = 8> <Depth = 10> <ROM>
ST_5 : Operation 204 [1/1] (0.00ns)   --->   "%dense_2_out_4_V_add_1 = getelementptr [6 x i13]* %dense_2_out_4_V, i64 0, i64 %zext_ln1117_2" [cnn_ap_lp/dense_out.cpp:48]   --->   Operation 204 'getelementptr' 'dense_2_out_4_V_add_1' <Predicate = (!icmp_ln46)> <Delay = 0.00>
ST_5 : Operation 205 [2/2] (2.32ns)   --->   "%dense_2_out_4_V_loa_1 = load i13* %dense_2_out_4_V_add_1, align 2" [cnn_ap_lp/dense_out.cpp:48]   --->   Operation 205 'load' 'dense_2_out_4_V_loa_1' <Predicate = (!icmp_ln46)> <Delay = 2.32> <Core = "RAM">   --->   Core 37 'RAM' <Latency = 1> <II = 1> <Delay = 2.32> <Storage> <Opcode : 'load' 'store'> <Ports = 2> <Width = 14> <Depth = 10> <RAM>

State 6 <SV = 5> <Delay = 18.4>
ST_6 : Operation 206 [1/1] (0.00ns)   --->   "call void (...)* @_ssdm_op_SpecLoopName([10 x i8]* @p_str621) nounwind" [cnn_ap_lp/dense_out.cpp:47]   --->   Operation 206 'specloopname' <Predicate = (!icmp_ln46)> <Delay = 0.00>
ST_6 : Operation 207 [1/1] (0.00ns)   --->   "%tmp_s = call i32 (...)* @_ssdm_op_SpecRegionBegin([10 x i8]* @p_str621)" [cnn_ap_lp/dense_out.cpp:47]   --->   Operation 207 'specregionbegin' 'tmp_s' <Predicate = (!icmp_ln46)> <Delay = 0.00>
ST_6 : Operation 208 [1/1] (0.00ns)   --->   "call void (...)* @_ssdm_op_SpecPipeline(i32 -1, i32 1, i32 1, i32 0, [1 x i8]* @p_str217) nounwind" [cnn_ap_lp/dense_out.cpp:48]   --->   Operation 208 'specpipeline' <Predicate = (!icmp_ln46)> <Delay = 0.00>
ST_6 : Operation 209 [1/1] (0.00ns)   --->   "%empty_56 = call i32 (...)* @_ssdm_op_SpecRegionEnd([10 x i8]* @p_str621, i32 %tmp_s)" [cnn_ap_lp/dense_out.cpp:50]   --->   Operation 209 'specregionend' 'empty_56' <Predicate = (!icmp_ln46)> <Delay = 0.00>
ST_6 : Operation 210 [1/1] (0.00ns)   --->   "%sext_ln1192_5 = sext i9 %dense_out_weights_V_11 to i22" [cnn_ap_lp/dense_out.cpp:48]   --->   Operation 210 'sext' 'sext_ln1192_5' <Predicate = (!icmp_ln46)> <Delay = 0.00>
ST_6 : Operation 211 [1/1] (0.00ns)   --->   "%zext_ln1192_5 = zext i13 %dense_2_out_0_V_loa_1 to i22" [cnn_ap_lp/dense_out.cpp:48]   --->   Operation 211 'zext' 'zext_ln1192_5' <Predicate = (!icmp_ln46)> <Delay = 0.00>
ST_6 : Operation 212 [1/1] (3.36ns) (grouped into DSP with root node add_ln1192_5)   --->   "%mul_ln1192_5 = mul i22 %zext_ln1192_5, %sext_ln1192_5" [cnn_ap_lp/dense_out.cpp:48]   --->   Operation 212 'mul' 'mul_ln1192_5' <Predicate = (!icmp_ln46)> <Delay = 3.36> <Core = "DSP48">   --->   Core 88 'DSP48' <Latency = 0> <II = 1> <Delay = 6.38> <IPBlock> <Opcode : 'mul' 'add' 'sub' 'select'> <InPorts = 0> <OutPorts = 1> <Sync> <CReg>
ST_6 : Operation 213 [1/1] (0.00ns)   --->   "%shl_ln728_5 = call i22 @_ssdm_op_BitConcatenate.i22.i14.i8(i14 %tmp_73, i8 0)" [cnn_ap_lp/dense_out.cpp:48]   --->   Operation 213 'bitconcatenate' 'shl_ln728_5' <Predicate = (!icmp_ln46)> <Delay = 0.00>
ST_6 : Operation 214 [1/1] (3.02ns) (root node of the DSP)   --->   "%add_ln1192_5 = add i22 %mul_ln1192_5, %shl_ln728_5" [cnn_ap_lp/dense_out.cpp:48]   --->   Operation 214 'add' 'add_ln1192_5' <Predicate = (!icmp_ln46)> <Delay = 3.02> <Core = "DSP48">   --->   Core 88 'DSP48' <Latency = 0> <II = 1> <Delay = 6.38> <IPBlock> <Opcode : 'mul' 'add' 'sub' 'select'> <InPorts = 0> <OutPorts = 1> <Sync> <CReg>
ST_6 : Operation 215 [1/1] (0.00ns)   --->   "%sext_ln1192_6 = sext i9 %dense_out_weights_V_13 to i22" [cnn_ap_lp/dense_out.cpp:48]   --->   Operation 215 'sext' 'sext_ln1192_6' <Predicate = (!icmp_ln46)> <Delay = 0.00>
ST_6 : Operation 216 [1/1] (0.00ns)   --->   "%zext_ln1192_6 = zext i13 %dense_2_out_1_V_loa_1 to i22" [cnn_ap_lp/dense_out.cpp:48]   --->   Operation 216 'zext' 'zext_ln1192_6' <Predicate = (!icmp_ln46)> <Delay = 0.00>
ST_6 : Operation 217 [1/1] (3.36ns) (grouped into DSP with root node add_ln1192_6)   --->   "%mul_ln1192_6 = mul i22 %zext_ln1192_6, %sext_ln1192_6" [cnn_ap_lp/dense_out.cpp:48]   --->   Operation 217 'mul' 'mul_ln1192_6' <Predicate = (!icmp_ln46)> <Delay = 3.36> <Core = "DSP48">   --->   Core 88 'DSP48' <Latency = 0> <II = 1> <Delay = 6.38> <IPBlock> <Opcode : 'mul' 'add' 'sub' 'select'> <InPorts = 0> <OutPorts = 1> <Sync> <CReg>
ST_6 : Operation 218 [1/1] (0.00ns)   --->   "%tmp_76 = call i14 @_ssdm_op_PartSelect.i14.i22.i32.i32(i22 %add_ln1192_5, i32 8, i32 21)" [cnn_ap_lp/dense_out.cpp:48]   --->   Operation 218 'partselect' 'tmp_76' <Predicate = (!icmp_ln46)> <Delay = 0.00>
ST_6 : Operation 219 [1/1] (0.00ns)   --->   "%shl_ln728_6 = call i22 @_ssdm_op_BitConcatenate.i22.i14.i8(i14 %tmp_76, i8 0)" [cnn_ap_lp/dense_out.cpp:48]   --->   Operation 219 'bitconcatenate' 'shl_ln728_6' <Predicate = (!icmp_ln46)> <Delay = 0.00>
ST_6 : Operation 220 [1/1] (3.02ns) (root node of the DSP)   --->   "%add_ln1192_6 = add i22 %mul_ln1192_6, %shl_ln728_6" [cnn_ap_lp/dense_out.cpp:48]   --->   Operation 220 'add' 'add_ln1192_6' <Predicate = (!icmp_ln46)> <Delay = 3.02> <Core = "DSP48">   --->   Core 88 'DSP48' <Latency = 0> <II = 1> <Delay = 6.38> <IPBlock> <Opcode : 'mul' 'add' 'sub' 'select'> <InPorts = 0> <OutPorts = 1> <Sync> <CReg>
ST_6 : Operation 221 [1/1] (0.00ns)   --->   "%sext_ln1192_7 = sext i9 %dense_out_weights_V_15 to i22" [cnn_ap_lp/dense_out.cpp:48]   --->   Operation 221 'sext' 'sext_ln1192_7' <Predicate = (!icmp_ln46)> <Delay = 0.00>
ST_6 : Operation 222 [1/2] (2.32ns)   --->   "%dense_2_out_2_V_loa_1 = load i13* %dense_2_out_2_V_add_1, align 2" [cnn_ap_lp/dense_out.cpp:48]   --->   Operation 222 'load' 'dense_2_out_2_V_loa_1' <Predicate = (!icmp_ln46)> <Delay = 2.32> <Core = "RAM">   --->   Core 37 'RAM' <Latency = 1> <II = 1> <Delay = 2.32> <Storage> <Opcode : 'load' 'store'> <Ports = 2> <Width = 14> <Depth = 10> <RAM>
ST_6 : Operation 223 [1/1] (0.00ns)   --->   "%zext_ln1192_7 = zext i13 %dense_2_out_2_V_loa_1 to i22" [cnn_ap_lp/dense_out.cpp:48]   --->   Operation 223 'zext' 'zext_ln1192_7' <Predicate = (!icmp_ln46)> <Delay = 0.00>
ST_6 : Operation 224 [1/1] (3.36ns) (grouped into DSP with root node add_ln1192_7)   --->   "%mul_ln1192_7 = mul i22 %zext_ln1192_7, %sext_ln1192_7" [cnn_ap_lp/dense_out.cpp:48]   --->   Operation 224 'mul' 'mul_ln1192_7' <Predicate = (!icmp_ln46)> <Delay = 3.36> <Core = "DSP48">   --->   Core 88 'DSP48' <Latency = 0> <II = 1> <Delay = 6.38> <IPBlock> <Opcode : 'mul' 'add' 'sub' 'select'> <InPorts = 0> <OutPorts = 1> <Sync> <CReg>
ST_6 : Operation 225 [1/1] (0.00ns)   --->   "%tmp_79 = call i14 @_ssdm_op_PartSelect.i14.i22.i32.i32(i22 %add_ln1192_6, i32 8, i32 21)" [cnn_ap_lp/dense_out.cpp:48]   --->   Operation 225 'partselect' 'tmp_79' <Predicate = (!icmp_ln46)> <Delay = 0.00>
ST_6 : Operation 226 [1/1] (0.00ns)   --->   "%shl_ln728_7 = call i22 @_ssdm_op_BitConcatenate.i22.i14.i8(i14 %tmp_79, i8 0)" [cnn_ap_lp/dense_out.cpp:48]   --->   Operation 226 'bitconcatenate' 'shl_ln728_7' <Predicate = (!icmp_ln46)> <Delay = 0.00>
ST_6 : Operation 227 [1/1] (3.02ns) (root node of the DSP)   --->   "%add_ln1192_7 = add i22 %mul_ln1192_7, %shl_ln728_7" [cnn_ap_lp/dense_out.cpp:48]   --->   Operation 227 'add' 'add_ln1192_7' <Predicate = (!icmp_ln46)> <Delay = 3.02> <Core = "DSP48">   --->   Core 88 'DSP48' <Latency = 0> <II = 1> <Delay = 6.38> <IPBlock> <Opcode : 'mul' 'add' 'sub' 'select'> <InPorts = 0> <OutPorts = 1> <Sync> <CReg>
ST_6 : Operation 228 [1/1] (0.00ns)   --->   "%sext_ln1192_8 = sext i9 %dense_out_weights_V_17 to i22" [cnn_ap_lp/dense_out.cpp:48]   --->   Operation 228 'sext' 'sext_ln1192_8' <Predicate = (!icmp_ln46)> <Delay = 0.00>
ST_6 : Operation 229 [1/2] (2.32ns)   --->   "%dense_2_out_3_V_loa_1 = load i13* %dense_2_out_3_V_add_1, align 2" [cnn_ap_lp/dense_out.cpp:48]   --->   Operation 229 'load' 'dense_2_out_3_V_loa_1' <Predicate = (!icmp_ln46)> <Delay = 2.32> <Core = "RAM">   --->   Core 37 'RAM' <Latency = 1> <II = 1> <Delay = 2.32> <Storage> <Opcode : 'load' 'store'> <Ports = 2> <Width = 14> <Depth = 10> <RAM>
ST_6 : Operation 230 [1/1] (0.00ns)   --->   "%zext_ln1192_8 = zext i13 %dense_2_out_3_V_loa_1 to i22" [cnn_ap_lp/dense_out.cpp:48]   --->   Operation 230 'zext' 'zext_ln1192_8' <Predicate = (!icmp_ln46)> <Delay = 0.00>
ST_6 : Operation 231 [1/1] (3.36ns) (grouped into DSP with root node add_ln1192_8)   --->   "%mul_ln1192_8 = mul i22 %zext_ln1192_8, %sext_ln1192_8" [cnn_ap_lp/dense_out.cpp:48]   --->   Operation 231 'mul' 'mul_ln1192_8' <Predicate = (!icmp_ln46)> <Delay = 3.36> <Core = "DSP48">   --->   Core 88 'DSP48' <Latency = 0> <II = 1> <Delay = 6.38> <IPBlock> <Opcode : 'mul' 'add' 'sub' 'select'> <InPorts = 0> <OutPorts = 1> <Sync> <CReg>
ST_6 : Operation 232 [1/1] (0.00ns)   --->   "%tmp_82 = call i14 @_ssdm_op_PartSelect.i14.i22.i32.i32(i22 %add_ln1192_7, i32 8, i32 21)" [cnn_ap_lp/dense_out.cpp:48]   --->   Operation 232 'partselect' 'tmp_82' <Predicate = (!icmp_ln46)> <Delay = 0.00>
ST_6 : Operation 233 [1/1] (0.00ns)   --->   "%shl_ln728_8 = call i22 @_ssdm_op_BitConcatenate.i22.i14.i8(i14 %tmp_82, i8 0)" [cnn_ap_lp/dense_out.cpp:48]   --->   Operation 233 'bitconcatenate' 'shl_ln728_8' <Predicate = (!icmp_ln46)> <Delay = 0.00>
ST_6 : Operation 234 [1/1] (3.02ns) (root node of the DSP)   --->   "%add_ln1192_8 = add i22 %mul_ln1192_8, %shl_ln728_8" [cnn_ap_lp/dense_out.cpp:48]   --->   Operation 234 'add' 'add_ln1192_8' <Predicate = (!icmp_ln46)> <Delay = 3.02> <Core = "DSP48">   --->   Core 88 'DSP48' <Latency = 0> <II = 1> <Delay = 6.38> <IPBlock> <Opcode : 'mul' 'add' 'sub' 'select'> <InPorts = 0> <OutPorts = 1> <Sync> <CReg>
ST_6 : Operation 235 [1/1] (0.00ns)   --->   "%sext_ln1192_9 = sext i9 %dense_out_weights_V_19 to i22" [cnn_ap_lp/dense_out.cpp:48]   --->   Operation 235 'sext' 'sext_ln1192_9' <Predicate = (!icmp_ln46)> <Delay = 0.00>
ST_6 : Operation 236 [1/2] (2.32ns)   --->   "%dense_2_out_4_V_loa_1 = load i13* %dense_2_out_4_V_add_1, align 2" [cnn_ap_lp/dense_out.cpp:48]   --->   Operation 236 'load' 'dense_2_out_4_V_loa_1' <Predicate = (!icmp_ln46)> <Delay = 2.32> <Core = "RAM">   --->   Core 37 'RAM' <Latency = 1> <II = 1> <Delay = 2.32> <Storage> <Opcode : 'load' 'store'> <Ports = 2> <Width = 14> <Depth = 10> <RAM>
ST_6 : Operation 237 [1/1] (0.00ns)   --->   "%zext_ln1192_9 = zext i13 %dense_2_out_4_V_loa_1 to i22" [cnn_ap_lp/dense_out.cpp:48]   --->   Operation 237 'zext' 'zext_ln1192_9' <Predicate = (!icmp_ln46)> <Delay = 0.00>
ST_6 : Operation 238 [1/1] (3.36ns) (grouped into DSP with root node add_ln1192_9)   --->   "%mul_ln1192_9 = mul i22 %zext_ln1192_9, %sext_ln1192_9" [cnn_ap_lp/dense_out.cpp:48]   --->   Operation 238 'mul' 'mul_ln1192_9' <Predicate = (!icmp_ln46)> <Delay = 3.36> <Core = "DSP48">   --->   Core 88 'DSP48' <Latency = 0> <II = 1> <Delay = 6.38> <IPBlock> <Opcode : 'mul' 'add' 'sub' 'select'> <InPorts = 0> <OutPorts = 1> <Sync> <CReg>
ST_6 : Operation 239 [1/1] (0.00ns)   --->   "%tmp_85 = call i14 @_ssdm_op_PartSelect.i14.i22.i32.i32(i22 %add_ln1192_8, i32 8, i32 21)" [cnn_ap_lp/dense_out.cpp:48]   --->   Operation 239 'partselect' 'tmp_85' <Predicate = (!icmp_ln46)> <Delay = 0.00>
ST_6 : Operation 240 [1/1] (0.00ns)   --->   "%shl_ln728_9 = call i22 @_ssdm_op_BitConcatenate.i22.i14.i8(i14 %tmp_85, i8 0)" [cnn_ap_lp/dense_out.cpp:48]   --->   Operation 240 'bitconcatenate' 'shl_ln728_9' <Predicate = (!icmp_ln46)> <Delay = 0.00>
ST_6 : Operation 241 [1/1] (3.02ns) (root node of the DSP)   --->   "%add_ln1192_9 = add i22 %mul_ln1192_9, %shl_ln728_9" [cnn_ap_lp/dense_out.cpp:48]   --->   Operation 241 'add' 'add_ln1192_9' <Predicate = (!icmp_ln46)> <Delay = 3.02> <Core = "DSP48">   --->   Core 88 'DSP48' <Latency = 0> <II = 1> <Delay = 6.38> <IPBlock> <Opcode : 'mul' 'add' 'sub' 'select'> <InPorts = 0> <OutPorts = 1> <Sync> <CReg>
ST_6 : Operation 242 [1/1] (0.00ns)   --->   "%trunc_ln708_9 = call i14 @_ssdm_op_PartSelect.i14.i22.i32.i32(i22 %add_ln1192_9, i32 8, i32 21)" [cnn_ap_lp/dense_out.cpp:48]   --->   Operation 242 'partselect' 'trunc_ln708_9' <Predicate = (!icmp_ln46)> <Delay = 0.00>
ST_6 : Operation 243 [1/1] (0.00ns)   --->   "br label %0" [cnn_ap_lp/dense_out.cpp:46]   --->   Operation 243 'br' <Predicate = (!icmp_ln46)> <Delay = 0.00>

State 7 <SV = 3> <Delay = 3.25>
ST_7 : Operation 244 [1/1] (0.00ns)   --->   "%dense_out_bias_V_add = getelementptr [10 x i8]* @dense_out_bias_V, i64 0, i64 %zext_ln48" [cnn_ap_lp/dense_out.cpp:51]   --->   Operation 244 'getelementptr' 'dense_out_bias_V_add' <Predicate = true> <Delay = 0.00>
ST_7 : Operation 245 [2/2] (3.25ns)   --->   "%p_Val2_s = load i8* %dense_out_bias_V_add, align 1" [cnn_ap_lp/dense_out.cpp:51]   --->   Operation 245 'load' 'p_Val2_s' <Predicate = true> <Delay = 3.25> <Core = "ROM_nP">   --->   Core 52 'ROM_nP' <Latency = 1> <II = 1> <Delay = 3.25> <Storage> <Opcode : 'load'> <Ports = 0> <Width = 8> <Depth = 10> <ROM>

State 8 <SV = 4> <Delay = 7.38>
ST_8 : Operation 246 [1/2] (3.25ns)   --->   "%p_Val2_s = load i8* %dense_out_bias_V_add, align 1" [cnn_ap_lp/dense_out.cpp:51]   --->   Operation 246 'load' 'p_Val2_s' <Predicate = true> <Delay = 3.25> <Core = "ROM_nP">   --->   Core 52 'ROM_nP' <Latency = 1> <II = 1> <Delay = 3.25> <Storage> <Opcode : 'load'> <Ports = 0> <Width = 8> <Depth = 10> <ROM>
ST_8 : Operation 247 [1/1] (0.00ns)   --->   "%sext_ln1265 = sext i8 %p_Val2_s to i14" [cnn_ap_lp/dense_out.cpp:51]   --->   Operation 247 'sext' 'sext_ln1265' <Predicate = true> <Delay = 0.00>
ST_8 : Operation 248 [1/1] (1.81ns)   --->   "%add_ln703 = add i14 %sext_ln1265, %p_Val2_0" [cnn_ap_lp/dense_out.cpp:51]   --->   Operation 248 'add' 'add_ln703' <Predicate = true> <Delay = 1.81> <Core = "AddSub">   --->   Core 14 'AddSub' <Latency = 0> <II = 1> <Delay = 1.81> <FuncUnit> <Opcode : 'add' 'sub'> <InPorts = 2> <OutPorts = 1>
ST_8 : Operation 249 [1/1] (0.00ns)   --->   "%dense_array_V_addr = getelementptr [10 x i14]* %dense_array_V, i64 0, i64 %zext_ln48" [cnn_ap_lp/dense_out.cpp:51]   --->   Operation 249 'getelementptr' 'dense_array_V_addr' <Predicate = true> <Delay = 0.00>
ST_8 : Operation 250 [1/1] (2.32ns)   --->   "store i14 %add_ln703, i14* %dense_array_V_addr, align 2" [cnn_ap_lp/dense_out.cpp:51]   --->   Operation 250 'store' <Predicate = true> <Delay = 2.32> <Core = "RAM">   --->   Core 37 'RAM' <Latency = 1> <II = 1> <Delay = 2.32> <Storage> <Opcode : 'load' 'store'> <Ports = 2> <Width = 14> <Depth = 10> <RAM>
ST_8 : Operation 251 [1/1] (0.00ns)   --->   "%empty_57 = call i32 (...)* @_ssdm_op_SpecRegionEnd([11 x i8]* @p_str520, i32 %tmp)" [cnn_ap_lp/dense_out.cpp:52]   --->   Operation 251 'specregionend' 'empty_57' <Predicate = true> <Delay = 0.00>
ST_8 : Operation 252 [1/1] (0.00ns)   --->   "br label %.preheader" [cnn_ap_lp/dense_out.cpp:41]   --->   Operation 252 'br' <Predicate = true> <Delay = 0.00>

State 9 <SV = 2> <Delay = 0.00>
ST_9 : Operation 253 [1/2] (0.00ns)   --->   "call fastcc void @soft_max([10 x i14]* %dense_array_V, [10 x i14]* %prediction_V)" [cnn_ap_lp/dense_out.cpp:54]   --->   Operation 253 'call' <Predicate = true> <Delay = 0.00> <CoreType = "Generic">   --->   Core 0 '' <Latency = 0> <II = 1> <Delay = 1.00> <Generic> <Opcode : >
ST_9 : Operation 254 [1/1] (0.00ns)   --->   "ret void" [cnn_ap_lp/dense_out.cpp:55]   --->   Operation 254 'ret' <Predicate = true> <Delay = 0.00>


============================================================
+ Verbose Summary: Timing violations
============================================================
Target clock period: 20ns, clock uncertainty: 2.5ns.

 <State 1>: 1.77ns
The critical path consists of the following:
	multiplexor before 'phi' operation ('d') with incoming values : ('d', cnn_ap_lp/dense_out.cpp:41) [15]  (1.77 ns)

 <State 2>: 2.28ns
The critical path consists of the following:
	'icmp' operation ('icmp_ln41', cnn_ap_lp/dense_out.cpp:41) [16]  (1.3 ns)
	blocking operation 0.978 ns on control path)

 <State 3>: 8.76ns
The critical path consists of the following:
	'phi' operation ('f_0_0', cnn_ap_lp/dense_out.cpp:46) with incoming values : ('add_ln46_8', cnn_ap_lp/dense_out.cpp:46) [32]  (0 ns)
	'add' operation ('add_ln46_1', cnn_ap_lp/dense_out.cpp:46) [95]  (1.78 ns)
	'add' operation ('add_ln1116_6', cnn_ap_lp/dense_out.cpp:48) [100]  (0 ns)
	'add' operation ('add_ln1116_7', cnn_ap_lp/dense_out.cpp:48) [101]  (3.73 ns)
	'getelementptr' operation ('dense_out_weights_V_6', cnn_ap_lp/dense_out.cpp:48) [103]  (0 ns)
	'load' operation ('dense_out_weights_V_7', cnn_ap_lp/dense_out.cpp:48) on array 'dense_out_weights_V' [104]  (3.25 ns)

 <State 4>: 8.76ns
The critical path consists of the following:
	'add' operation ('add_ln46_3', cnn_ap_lp/dense_out.cpp:46) [132]  (1.78 ns)
	'add' operation ('add_ln1116_10', cnn_ap_lp/dense_out.cpp:48) [137]  (0 ns)
	'add' operation ('add_ln1116_11', cnn_ap_lp/dense_out.cpp:48) [138]  (3.73 ns)
	'getelementptr' operation ('dense_out_weights_V_10', cnn_ap_lp/dense_out.cpp:48) [140]  (0 ns)
	'load' operation ('dense_out_weights_V_11', cnn_ap_lp/dense_out.cpp:48) on array 'dense_out_weights_V' [141]  (3.25 ns)

 <State 5>: 18.5ns
The critical path consists of the following:
	'mul' operation of DSP[57] ('mul_ln1192', cnn_ap_lp/dense_out.cpp:48) [55]  (3.36 ns)
	'add' operation of DSP[57] ('add_ln1192', cnn_ap_lp/dense_out.cpp:48) [57]  (3.02 ns)
	'add' operation of DSP[76] ('add_ln1192_1', cnn_ap_lp/dense_out.cpp:48) [76]  (3.02 ns)
	'add' operation of DSP[94] ('add_ln1192_2', cnn_ap_lp/dense_out.cpp:48) [94]  (3.02 ns)
	'add' operation of DSP[113] ('add_ln1192_3', cnn_ap_lp/dense_out.cpp:48) [113]  (3.02 ns)
	'add' operation of DSP[131] ('add_ln1192_4', cnn_ap_lp/dense_out.cpp:48) [131]  (3.02 ns)

 <State 6>: 18.5ns
The critical path consists of the following:
	'mul' operation of DSP[150] ('mul_ln1192_5', cnn_ap_lp/dense_out.cpp:48) [147]  (3.36 ns)
	'add' operation of DSP[150] ('add_ln1192_5', cnn_ap_lp/dense_out.cpp:48) [150]  (3.02 ns)
	'add' operation of DSP[168] ('add_ln1192_6', cnn_ap_lp/dense_out.cpp:48) [168]  (3.02 ns)
	'add' operation of DSP[186] ('add_ln1192_7', cnn_ap_lp/dense_out.cpp:48) [186]  (3.02 ns)
	'add' operation of DSP[204] ('add_ln1192_8', cnn_ap_lp/dense_out.cpp:48) [204]  (3.02 ns)
	'add' operation of DSP[222] ('add_ln1192_9', cnn_ap_lp/dense_out.cpp:48) [222]  (3.02 ns)

 <State 7>: 3.25ns
The critical path consists of the following:
	'getelementptr' operation ('dense_out_bias_V_add', cnn_ap_lp/dense_out.cpp:51) [230]  (0 ns)
	'load' operation ('__Val2__', cnn_ap_lp/dense_out.cpp:51) on array 'dense_out_bias_V' [231]  (3.25 ns)

 <State 8>: 7.39ns
The critical path consists of the following:
	'load' operation ('__Val2__', cnn_ap_lp/dense_out.cpp:51) on array 'dense_out_bias_V' [231]  (3.25 ns)
	'add' operation ('add_ln703', cnn_ap_lp/dense_out.cpp:51) [233]  (1.81 ns)
	'store' operation ('store_ln51', cnn_ap_lp/dense_out.cpp:51) of variable 'add_ln703', cnn_ap_lp/dense_out.cpp:51 on array 'dense_array.V', cnn_ap_lp/dense_out.cpp:38 [235]  (2.32 ns)

 <State 9>: 0ns
The critical path consists of the following:


============================================================
+ Verbose Summary: Binding
============================================================
N/A
* FSMD analyzer results:
  - Output states:
 - Input state : 
  - Chain level:
	State 1
	State 2
	State 3
	State 4
	State 5
	State 6
	State 7
	State 8
	State 9


============================================================
+ Verbose Summary: Datapath Resource usage 
============================================================
N/A
