==============================================================
Vivado(TM) HLS - High-Level Synthesis from C, C++ and SystemC v2019.1 (64-bit)
Copyright 1986-2019 Xilinx, Inc. All Rights Reserved.
==============================================================
INFO: [SYN 201-201] Setting up clock 'default' with a period of 20ns.
INFO: [HLS 200-10] Setting target device to 'xc7z020-clg400-1'
INFO: [SCHED 204-61] Option 'relax_ii_for_timing' is enabled, will increase II to preserve clock frequency constraints.
INFO: [HLS 200-10] Analyzing design file 'cnn_ap_lp/max_pool_2.cpp' ... 
INFO: [HLS 200-10] Analyzing design file 'cnn_ap_lp/max_pool_1.cpp' ... 
INFO: [HLS 200-10] Analyzing design file 'cnn_ap_lp/flat.cpp' ... 
INFO: [HLS 200-10] Analyzing design file 'cnn_ap_lp/dense_out.cpp' ... 
INFO: [HLS 200-10] Analyzing design file 'cnn_ap_lp/dense_2.cpp' ... 
INFO: [HLS 200-10] Analyzing design file 'cnn_ap_lp/dense_1.cpp' ... 
INFO: [HLS 200-10] Analyzing design file 'cnn_ap_lp/conv_2.cpp' ... 
INFO: [HLS 200-10] Analyzing design file 'cnn_ap_lp/conv_1.cpp' ... 
INFO: [HLS 200-10] Analyzing design file 'cnn_ap_lp/cnn.cpp' ... 
INFO: [HLS 200-111] Finished Linking Time (s): cpu = 00:00:02 ; elapsed = 00:02:00 . Memory (MB): peak = 185.574 ; gain = 94.047
INFO: [HLS 200-111] Finished Checking Pragmas Time (s): cpu = 00:00:02 ; elapsed = 00:02:00 . Memory (MB): peak = 185.574 ; gain = 94.047
INFO: [HLS 200-10] Starting code transformations ...
INFO: [HLS 200-111] Finished Standard Transforms Time (s): cpu = 00:00:18 ; elapsed = 00:02:19 . Memory (MB): peak = 433.641 ; gain = 342.113
INFO: [HLS 200-10] Checking synthesizability ...
INFO: [XFORM 203-602] Inlining function 'hls::exp<15, 7>' into 'soft_max' (cnn_ap_lp/dense_out.cpp:22) automatically.
WARNING: [SYNCHK 200-23] C:/Xilinx2019/Vivado/2019.1/common/technology/autopilot/hls_exp_apfixed.h:191: variable-indexed range selection may cause suboptimal QoR.
INFO: [SYNCHK 200-10] 0 error(s), 1 warning(s).
INFO: [HLS 200-111] Finished Checking Synthesizability Time (s): cpu = 00:00:19 ; elapsed = 00:02:20 . Memory (MB): peak = 505.723 ; gain = 414.195
INFO: [XFORM 203-502] Unrolling all loops for pipelining in function 'exp_reduce::exp<15, 7>' (C:/Xilinx2019/Vivado/2019.1/common/technology/autopilot/hls_exp_apfixed.h:41:29).
INFO: [XFORM 203-502] Unrolling all sub-loops inside loop 'Filter1_Loop' (cnn_ap_lp/conv_1.cpp:15) in function 'conv_1' for pipelining.
INFO: [HLS 200-489] Unrolling loop 'Loop-1' (C:/Xilinx2019/Vivado/2019.1/common/technology/autopilot/hls_exp_apfixed.h:190) in function 'exp_reduce::exp<15, 7>' completely with a factor of 8.
INFO: [HLS 200-489] Unrolling loop 'Loop-2' (C:/Xilinx2019/Vivado/2019.1/common/technology/autopilot/hls_exp_apfixed.h:197) in function 'exp_reduce::exp<15, 7>' completely with a factor of 22.
INFO: [HLS 200-489] Unrolling loop 'Loop-3' (C:/Xilinx2019/Vivado/2019.1/common/technology/autopilot/hls_exp_apfixed.h:254) in function 'exp_reduce::exp<15, 7>' completely with a factor of 5.
INFO: [HLS 200-489] Unrolling loop 'Loop-4' (C:/Xilinx2019/Vivado/2019.1/common/technology/autopilot/hls_exp_apfixed.h:260) in function 'exp_reduce::exp<15, 7>' completely with a factor of 5.
INFO: [HLS 200-489] Unrolling loop 'Loop-5' (C:/Xilinx2019/Vivado/2019.1/common/technology/autopilot/hls_exp_apfixed.h:263) in function 'exp_reduce::exp<15, 7>' completely with a factor of 17.
INFO: [HLS 200-489] Unrolling loop 'W_Row_Loop' (cnn_ap_lp/conv_1.cpp:19) in function 'conv_1' completely with a factor of 3.
INFO: [HLS 200-489] Unrolling loop 'W_Col_Loop' (cnn_ap_lp/conv_1.cpp:22) in function 'conv_1' completely with a factor of 3.
INFO: [XFORM 203-102] Partitioning array 'conv_1_weights.V' in dimension 1 automatically.
INFO: [XFORM 203-102] Partitioning array 'conv_1_weights.V.0' in dimension 1 automatically.
INFO: [XFORM 203-102] Partitioning array 'conv_1_weights.V.1' in dimension 1 automatically.
INFO: [XFORM 203-102] Partitioning array 'conv_1_weights.V.2' in dimension 1 automatically.
INFO: [XFORM 203-101] Partitioning array 'conv_1_input.V' (cnn_ap_lp/cnn.cpp:19) in dimension 1 with a cyclic factor 2.
INFO: [XFORM 203-602] Inlining function 'hls::exp<15, 7>' into 'soft_max' (cnn_ap_lp/dense_out.cpp:22) automatically.
INFO: [XFORM 203-401] Performing if-conversion on hyperblock to (C:/Xilinx2019/Vivado/2019.1/common/technology/autopilot/hls_exp_apfixed.h:867:1) in function 'exp_reduce::exp<15, 7>'... converting 5 basic blocks.
INFO: [XFORM 203-401] Performing if-conversion on hyperblock from (cnn_ap_lp/conv_2.cpp:34:21) to (cnn_ap_lp/conv_2.cpp:34:21) in function 'conv_2'... converting 8 basic blocks.
INFO: [XFORM 203-401] Performing if-conversion on hyperblock from (cnn_ap_lp/conv_1.cpp:15:14) to (cnn_ap_lp/conv_1.cpp:29:9) in function 'conv_1'... converting 28 basic blocks.
INFO: [XFORM 203-401] Performing if-conversion on hyperblock from (cnn_ap_lp/conv_1.cpp:29:9) to (cnn_ap_lp/conv_1.cpp:29:9) in function 'conv_1'... converting 8 basic blocks.
INFO: [XFORM 203-401] Performing if-conversion on hyperblock from (cnn_ap_lp/cnn.cpp:27:4) to (cnn_ap_lp/cnn.cpp:27:4) in function 'cnn'... converting 10 basic blocks.
INFO: [XFORM 203-401] Performing if-conversion on hyperblock from (cnn_ap_lp/cnn.cpp:70:33) to (cnn_ap_lp/cnn.cpp:69:25) in function 'cnn'... converting 10 basic blocks.
INFO: [XFORM 203-11] Balancing expressions in function 'exp_reduce::exp<15, 7>' (C:/Xilinx2019/Vivado/2019.1/common/technology/autopilot/hls_exp_apfixed.h:41:1)...11 expression(s) balanced.
INFO: [HLS 200-111] Finished Pre-synthesis Time (s): cpu = 00:00:22 ; elapsed = 00:02:23 . Memory (MB): peak = 652.789 ; gain = 561.262
INFO: [XFORM 203-541] Flattening a loop nest 'Col_Loop' (cnn_ap_lp/conv_1.cpp:12:10) in function 'conv_1'.
INFO: [XFORM 203-541] Flattening a loop nest 'Row_Loop' (cnn_ap_lp/conv_1.cpp:9:6) in function 'conv_1'.
WARNING: [XFORM 203-631] Renaming function 'exp_reduce::exp<15, 7>' to 'exp<15, 7>' (C:/Xilinx2019/Vivado/2019.1/common/technology/autopilot/hls_exp_apfixed.h:41:1)
INFO: [HLS 200-111] Finished Architecture Synthesis Time (s): cpu = 00:00:25 ; elapsed = 00:02:26 . Memory (MB): peak = 775.480 ; gain = 683.953
INFO: [HLS 200-10] Starting hardware synthesis ...
INFO: [HLS 200-10] Synthesizing 'cnn' ...
WARNING: [SYN 201-103] Legalizing function name 'exp<15, 7>' to 'exp_15_7_s'.
INFO: [HLS 200-10] ----------------------------------------------------------------
INFO: [HLS 200-42] -- Implementing module 'conv_1' 
INFO: [HLS 200-10] ----------------------------------------------------------------
INFO: [SCHED 204-11] Starting scheduling ...
INFO: [SCHED 204-61] Pipelining loop 'Row_Loop_Col_Loop_Filter1_Loop'.
WARNING: [SCHED 204-69] Unable to schedule 'load' operation ('input_1_V_load_2', cnn_ap_lp/conv_1.cpp:23) on array 'input_1_V' due to limited memory ports. Please consider using a memory core with more ports or partitioning the array 'input_1_V'.
INFO: [SCHED 204-61] Pipelining result : Target II = 1, Final II = 3, Depth = 8.
INFO: [SCHED 204-11] Finished scheduling.
INFO: [HLS 200-111]  Elapsed time: 146.384 seconds; current allocated memory: 696.733 MB.
INFO: [BIND 205-100] Starting micro-architecture generation ...
INFO: [BIND 205-101] Performing variable lifetime analysis.
INFO: [BIND 205-101] Exploring resource sharing.
INFO: [BIND 205-101] Binding ...
INFO: [BIND 205-100] Finished micro-architecture generation.
INFO: [HLS 200-111]  Elapsed time: 0.38 seconds; current allocated memory: 697.698 MB.
INFO: [HLS 200-10] ----------------------------------------------------------------
INFO: [HLS 200-42] -- Implementing module 'max_pool_1' 
INFO: [HLS 200-10] ----------------------------------------------------------------
INFO: [SCHED 204-11] Starting scheduling ...
INFO: [SCHED 204-11] Finished scheduling.
INFO: [HLS 200-111]  Elapsed time: 0.467 seconds; current allocated memory: 698.088 MB.
INFO: [HLS 200-434] Only 0 loops out of a total 5 loops have been pipelined in this design.
INFO: [BIND 205-100] Starting micro-architecture generation ...
INFO: [BIND 205-101] Performing variable lifetime analysis.
INFO: [BIND 205-101] Exploring resource sharing.
INFO: [BIND 205-101] Binding ...
INFO: [BIND 205-100] Finished micro-architecture generation.
INFO: [HLS 200-111]  Elapsed time: 0.181 seconds; current allocated memory: 698.331 MB.
INFO: [HLS 200-10] ----------------------------------------------------------------
INFO: [HLS 200-42] -- Implementing module 'conv_2' 
INFO: [HLS 200-10] ----------------------------------------------------------------
INFO: [SCHED 204-11] Starting scheduling ...
INFO: [SCHED 204-11] Finished scheduling.
INFO: [HLS 200-111]  Elapsed time: 0.264 seconds; current allocated memory: 698.768 MB.
INFO: [BIND 205-100] Starting micro-architecture generation ...
INFO: [BIND 205-101] Performing variable lifetime analysis.
INFO: [BIND 205-101] Exploring resource sharing.
INFO: [BIND 205-101] Binding ...
INFO: [BIND 205-100] Finished micro-architecture generation.
INFO: [HLS 200-111]  Elapsed time: 0.299 seconds; current allocated memory: 699.332 MB.
INFO: [HLS 200-10] ----------------------------------------------------------------
INFO: [HLS 200-42] -- Implementing module 'max_pool_2' 
INFO: [HLS 200-10] ----------------------------------------------------------------
INFO: [SCHED 204-11] Starting scheduling ...
INFO: [SCHED 204-11] Finished scheduling.
INFO: [HLS 200-111]  Elapsed time: 0.316 seconds; current allocated memory: 699.583 MB.
INFO: [BIND 205-100] Starting micro-architecture generation ...
INFO: [BIND 205-101] Performing variable lifetime analysis.
INFO: [BIND 205-101] Exploring resource sharing.
INFO: [BIND 205-101] Binding ...
INFO: [BIND 205-100] Finished micro-architecture generation.
INFO: [HLS 200-111]  Elapsed time: 0.193 seconds; current allocated memory: 699.812 MB.
INFO: [HLS 200-10] ----------------------------------------------------------------
INFO: [HLS 200-42] -- Implementing module 'flat' 
INFO: [HLS 200-10] ----------------------------------------------------------------
INFO: [SCHED 204-11] Starting scheduling ...
INFO: [SCHED 204-11] Finished scheduling.
INFO: [HLS 200-111]  Elapsed time: 0.197 seconds; current allocated memory: 699.936 MB.
INFO: [BIND 205-100] Starting micro-architecture generation ...
INFO: [BIND 205-101] Performing variable lifetime analysis.
INFO: [BIND 205-101] Exploring resource sharing.
INFO: [BIND 205-101] Binding ...
INFO: [BIND 205-100] Finished micro-architecture generation.
INFO: [HLS 200-111]  Elapsed time: 0.151 seconds; current allocated memory: 700.099 MB.
INFO: [HLS 200-10] ----------------------------------------------------------------
INFO: [HLS 200-42] -- Implementing module 'dense_1' 
INFO: [HLS 200-10] ----------------------------------------------------------------
INFO: [SCHED 204-11] Starting scheduling ...
INFO: [SCHED 204-11] Finished scheduling.
INFO: [HLS 200-111]  Elapsed time: 0.192 seconds; current allocated memory: 700.260 MB.
INFO: [BIND 205-100] Starting micro-architecture generation ...
INFO: [BIND 205-101] Performing variable lifetime analysis.
INFO: [BIND 205-101] Exploring resource sharing.
INFO: [BIND 205-101] Binding ...
INFO: [BIND 205-100] Finished micro-architecture generation.
INFO: [HLS 200-111]  Elapsed time: 0.18 seconds; current allocated memory: 700.428 MB.
INFO: [HLS 200-10] ----------------------------------------------------------------
INFO: [HLS 200-42] -- Implementing module 'dense_2' 
INFO: [HLS 200-10] ----------------------------------------------------------------
INFO: [SCHED 204-11] Starting scheduling ...
INFO: [SCHED 204-11] Finished scheduling.
INFO: [HLS 200-111]  Elapsed time: 0.191 seconds; current allocated memory: 700.559 MB.
INFO: [BIND 205-100] Starting micro-architecture generation ...
INFO: [BIND 205-101] Performing variable lifetime analysis.
INFO: [BIND 205-101] Exploring resource sharing.
INFO: [BIND 205-101] Binding ...
INFO: [BIND 205-100] Finished micro-architecture generation.
INFO: [HLS 200-111]  Elapsed time: 0.158 seconds; current allocated memory: 700.730 MB.
INFO: [HLS 200-10] ----------------------------------------------------------------
INFO: [HLS 200-42] -- Implementing module 'exp_15_7_s' 
INFO: [HLS 200-10] ----------------------------------------------------------------
INFO: [SCHED 204-11] Starting scheduling ...
INFO: [SCHED 204-61] Pipelining function 'exp<15, 7>'.
INFO: [SCHED 204-61] Pipelining result : Target II = 1, Final II = 1, Depth = 3.
INFO: [SCHED 204-11] Finished scheduling.
INFO: [HLS 200-111]  Elapsed time: 0.205 seconds; current allocated memory: 700.932 MB.
INFO: [BIND 205-100] Starting micro-architecture generation ...
INFO: [BIND 205-101] Performing variable lifetime analysis.
INFO: [BIND 205-101] Exploring resource sharing.
INFO: [BIND 205-101] Binding ...
INFO: [BIND 205-100] Finished micro-architecture generation.
INFO: [HLS 200-111]  Elapsed time: 0.186 seconds; current allocated memory: 701.243 MB.
INFO: [HLS 200-10] ----------------------------------------------------------------
INFO: [HLS 200-42] -- Implementing module 'soft_max' 
INFO: [HLS 200-10] ----------------------------------------------------------------
INFO: [SCHED 204-11] Starting scheduling ...
INFO: [SCHED 204-11] Finished scheduling.
INFO: [HLS 200-111]  Elapsed time: 0.229 seconds; current allocated memory: 701.437 MB.
INFO: [BIND 205-100] Starting micro-architecture generation ...
INFO: [BIND 205-101] Performing variable lifetime analysis.
INFO: [BIND 205-101] Exploring resource sharing.
INFO: [BIND 205-101] Binding ...
INFO: [BIND 205-100] Finished micro-architecture generation.
INFO: [HLS 200-111]  Elapsed time: 0.194 seconds; current allocated memory: 701.688 MB.
INFO: [HLS 200-10] ----------------------------------------------------------------
INFO: [HLS 200-42] -- Implementing module 'dense_out' 
INFO: [HLS 200-10] ----------------------------------------------------------------
INFO: [SCHED 204-11] Starting scheduling ...
INFO: [SCHED 204-11] Finished scheduling.
INFO: [HLS 200-111]  Elapsed time: 0.231 seconds; current allocated memory: 701.869 MB.
INFO: [BIND 205-100] Starting micro-architecture generation ...
INFO: [BIND 205-101] Performing variable lifetime analysis.
INFO: [BIND 205-101] Exploring resource sharing.
INFO: [BIND 205-101] Binding ...
INFO: [BIND 205-100] Finished micro-architecture generation.
INFO: [HLS 200-111]  Elapsed time: 0.165 seconds; current allocated memory: 702.039 MB.
INFO: [HLS 200-10] ----------------------------------------------------------------
INFO: [HLS 200-42] -- Implementing module 'cnn' 
INFO: [HLS 200-10] ----------------------------------------------------------------
INFO: [SCHED 204-11] Starting scheduling ...
INFO: [SCHED 204-11] Finished scheduling.
INFO: [HLS 200-111]  Elapsed time: 0.251 seconds; current allocated memory: 702.541 MB.
INFO: [BIND 205-100] Starting micro-architecture generation ...
INFO: [BIND 205-101] Performing variable lifetime analysis.
INFO: [BIND 205-101] Exploring resource sharing.
INFO: [BIND 205-101] Binding ...
INFO: [BIND 205-100] Finished micro-architecture generation.
INFO: [HLS 200-111]  Elapsed time: 0.792 seconds; current allocated memory: 703.769 MB.
INFO: [HLS 200-10] ----------------------------------------------------------------
INFO: [HLS 200-10] -- Generating RTL for module 'conv_1' 
INFO: [HLS 200-10] ----------------------------------------------------------------
INFO: [SYN 201-210] Renamed object name 'conv_1_conv_1_weights_V_0_0' to 'conv_1_conv_1_weibkb' due to the length limit 20
INFO: [SYN 201-210] Renamed object name 'conv_1_conv_1_weights_V_0_1' to 'conv_1_conv_1_weicud' due to the length limit 20
INFO: [SYN 201-210] Renamed object name 'conv_1_conv_1_weights_V_0_2' to 'conv_1_conv_1_weidEe' due to the length limit 20
INFO: [SYN 201-210] Renamed object name 'conv_1_conv_1_weights_V_1_0' to 'conv_1_conv_1_weieOg' due to the length limit 20
INFO: [SYN 201-210] Renamed object name 'conv_1_conv_1_weights_V_1_1' to 'conv_1_conv_1_weifYi' due to the length limit 20
INFO: [SYN 201-210] Renamed object name 'conv_1_conv_1_weights_V_1_2' to 'conv_1_conv_1_weig8j' due to the length limit 20
INFO: [SYN 201-210] Renamed object name 'conv_1_conv_1_weights_V_2_0' to 'conv_1_conv_1_weihbi' due to the length limit 20
INFO: [SYN 201-210] Renamed object name 'conv_1_conv_1_weights_V_2_1' to 'conv_1_conv_1_weiibs' due to the length limit 20
INFO: [SYN 201-210] Renamed object name 'conv_1_conv_1_weights_V_2_2' to 'conv_1_conv_1_weijbC' due to the length limit 20
INFO: [SYN 201-210] Renamed object name 'conv_1_conv_1_bias_V' to 'conv_1_conv_1_biakbM' due to the length limit 20
INFO: [SYN 201-210] Renamed object name 'cnn_dcmp_64ns_64ns_1_2_1' to 'cnn_dcmp_64ns_64nlbW' due to the length limit 20
INFO: [SYN 201-210] Renamed object name 'cnn_mac_muladd_6ns_5ns_5ns_10_1_1' to 'cnn_mac_muladd_6nmb6' due to the length limit 20
INFO: [SYN 201-210] Renamed object name 'cnn_mul_mul_14s_8s_22_1_1' to 'cnn_mul_mul_14s_8ncg' due to the length limit 20
INFO: [SYN 201-210] Renamed object name 'cnn_mul_mul_14s_9s_23_1_1' to 'cnn_mul_mul_14s_9ocq' due to the length limit 20
INFO: [RTGEN 206-100] Generating core module 'cnn_dcmp_64ns_64nlbW': 1 instance(s).
INFO: [RTGEN 206-100] Generating core module 'cnn_mac_muladd_6nmb6': 1 instance(s).
INFO: [RTGEN 206-100] Generating core module 'cnn_mul_mul_14s_8ncg': 3 instance(s).
INFO: [RTGEN 206-100] Generating core module 'cnn_mul_mul_14s_9ocq': 6 instance(s).
INFO: [RTGEN 206-100] Finished creating RTL model for 'conv_1'.
INFO: [HLS 200-111]  Elapsed time: 0.728 seconds; current allocated memory: 705.997 MB.
INFO: [HLS 200-10] ----------------------------------------------------------------
INFO: [HLS 200-10] -- Generating RTL for module 'max_pool_1' 
INFO: [HLS 200-10] ----------------------------------------------------------------
INFO: [RTGEN 206-100] Finished creating RTL model for 'max_pool_1'.
INFO: [HLS 200-111]  Elapsed time: 1.307 seconds; current allocated memory: 706.942 MB.
INFO: [HLS 200-10] ----------------------------------------------------------------
INFO: [HLS 200-10] -- Generating RTL for module 'conv_2' 
INFO: [HLS 200-10] ----------------------------------------------------------------
INFO: [SYN 201-210] Renamed object name 'conv_2_conv_2_weights_V' to 'conv_2_conv_2_weipcA' due to the length limit 20
INFO: [SYN 201-210] Renamed object name 'conv_2_conv_2_bias_V' to 'conv_2_conv_2_biaqcK' due to the length limit 20
INFO: [SYN 201-210] Renamed object name 'cnn_mul_mul_10s_14s_25_1_1' to 'cnn_mul_mul_10s_1rcU' due to the length limit 20
INFO: [RTGEN 206-100] Generating core module 'cnn_dcmp_64ns_64nlbW': 1 instance(s).
INFO: [RTGEN 206-100] Generating core module 'cnn_mul_mul_10s_1rcU': 1 instance(s).
INFO: [RTGEN 206-100] Finished creating RTL model for 'conv_2'.
INFO: [HLS 200-111]  Elapsed time: 0.48 seconds; current allocated memory: 707.958 MB.
INFO: [HLS 200-10] ----------------------------------------------------------------
INFO: [HLS 200-10] -- Generating RTL for module 'max_pool_2' 
INFO: [HLS 200-10] ----------------------------------------------------------------
INFO: [RTGEN 206-100] Finished creating RTL model for 'max_pool_2'.
INFO: [HLS 200-111]  Elapsed time: 0.801 seconds; current allocated memory: 708.587 MB.
INFO: [HLS 200-10] ----------------------------------------------------------------
INFO: [HLS 200-10] -- Generating RTL for module 'flat' 
INFO: [HLS 200-10] ----------------------------------------------------------------
INFO: [RTGEN 206-100] Finished creating RTL model for 'flat'.
INFO: [HLS 200-111]  Elapsed time: 0.408 seconds; current allocated memory: 708.949 MB.
INFO: [HLS 200-10] ----------------------------------------------------------------
INFO: [HLS 200-10] -- Generating RTL for module 'dense_1' 
INFO: [HLS 200-10] ----------------------------------------------------------------
INFO: [SYN 201-210] Renamed object name 'dense_1_dense_1_weights_V' to 'dense_1_dense_1_wsc4' due to the length limit 20
INFO: [SYN 201-210] Renamed object name 'dense_1_dense_1_bias_V' to 'dense_1_dense_1_btde' due to the length limit 20
INFO: [SYN 201-210] Renamed object name 'cnn_mac_muladd_9s_14s_22ns_22_1_1' to 'cnn_mac_muladd_9sudo' due to the length limit 20
INFO: [RTGEN 206-100] Generating core module 'cnn_mac_muladd_9sudo': 1 instance(s).
INFO: [RTGEN 206-100] Finished creating RTL model for 'dense_1'.
INFO: [HLS 200-111]  Elapsed time: 0.455 seconds; current allocated memory: 709.311 MB.
INFO: [HLS 200-10] ----------------------------------------------------------------
INFO: [HLS 200-10] -- Generating RTL for module 'dense_2' 
INFO: [HLS 200-10] ----------------------------------------------------------------
INFO: [SYN 201-210] Renamed object name 'dense_2_dense_2_weights_V' to 'dense_2_dense_2_wvdy' due to the length limit 20
INFO: [SYN 201-210] Renamed object name 'dense_2_dense_2_bias_V' to 'dense_2_dense_2_bwdI' due to the length limit 20
INFO: [SYN 201-210] Renamed object name 'cnn_mac_muladd_9s_13ns_22ns_22_1_1' to 'cnn_mac_muladd_9sxdS' due to the length limit 20
INFO: [RTGEN 206-100] Generating core module 'cnn_mac_muladd_9sxdS': 1 instance(s).
INFO: [RTGEN 206-100] Finished creating RTL model for 'dense_2'.
INFO: [HLS 200-111]  Elapsed time: 0.402 seconds; current allocated memory: 709.737 MB.
INFO: [HLS 200-10] ----------------------------------------------------------------
INFO: [HLS 200-10] -- Generating RTL for module 'exp_15_7_s' 
INFO: [HLS 200-10] ----------------------------------------------------------------
INFO: [SYN 201-210] Renamed object name 'exp_15_7_s_f_x_lsb_table_V' to 'exp_15_7_s_f_x_lsyd2' due to the length limit 20
INFO: [SYN 201-210] Renamed object name 'exp_15_7_s_exp_x_msb_2_m_1_tabl' to 'exp_15_7_s_exp_x_zec' due to the length limit 20
INFO: [SYN 201-210] Renamed object name 'exp_15_7_s_exp_x_msb_1_table_V' to 'exp_15_7_s_exp_x_Aem' due to the length limit 20
INFO: [RTGEN 206-100] Finished creating RTL model for 'exp_15_7_s'.
INFO: [HLS 200-111]  Elapsed time: 0.373 seconds; current allocated memory: 710.352 MB.
INFO: [HLS 200-10] ----------------------------------------------------------------
INFO: [HLS 200-10] -- Generating RTL for module 'soft_max' 
INFO: [HLS 200-10] ----------------------------------------------------------------
INFO: [SYN 201-210] Renamed object name 'cnn_sdiv_22ns_14s_14_26_seq_1' to 'cnn_sdiv_22ns_14sBew' due to the length limit 20
INFO: [RTGEN 206-100] Generating core module 'cnn_sdiv_22ns_14sBew': 1 instance(s).
INFO: [RTGEN 206-100] Finished creating RTL model for 'soft_max'.
INFO: [HLS 200-111]  Elapsed time: 0.548 seconds; current allocated memory: 711.052 MB.
INFO: [HLS 200-10] ----------------------------------------------------------------
INFO: [HLS 200-10] -- Generating RTL for module 'dense_out' 
INFO: [HLS 200-10] ----------------------------------------------------------------
INFO: [SYN 201-210] Renamed object name 'dense_out_dense_out_weights_V' to 'dense_out_dense_oCeG' due to the length limit 20
INFO: [SYN 201-210] Renamed object name 'dense_out_dense_out_bias_V' to 'dense_out_dense_oDeQ' due to the length limit 20
INFO: [SYN 201-210] Renamed object name 'dense_out_dense_array_V' to 'dense_out_dense_aEe0' due to the length limit 20
INFO: [SYN 201-210] Renamed object name 'cnn_mac_muladd_13ns_9s_22ns_22_1_1' to 'cnn_mac_muladd_13Ffa' due to the length limit 20
INFO: [RTGEN 206-100] Generating core module 'cnn_mac_muladd_13Ffa': 1 instance(s).
INFO: [RTGEN 206-100] Finished creating RTL model for 'dense_out'.
INFO: [HLS 200-111]  Elapsed time: 0.467 seconds; current allocated memory: 711.567 MB.
INFO: [HLS 200-10] ----------------------------------------------------------------
INFO: [HLS 200-10] -- Generating RTL for module 'cnn' 
INFO: [HLS 200-10] ----------------------------------------------------------------
INFO: [RTGEN 206-500] Setting interface mode on port 'cnn/cnn_input' to 'ap_memory'.
INFO: [RTGEN 206-500] Setting interface mode on port 'cnn/prediction_output' to 'ap_memory'.
INFO: [RTGEN 206-500] Setting interface mode on function 'cnn' to 'ap_ctrl_hs'.
INFO: [SYN 201-210] Renamed object name 'cnn_conv_1_input_0_V' to 'cnn_conv_1_input_Gfk' due to the length limit 20
INFO: [SYN 201-210] Renamed object name 'cnn_conv_1_input_1_V' to 'cnn_conv_1_input_Hfu' due to the length limit 20
INFO: [SYN 201-210] Renamed object name 'cnn_max_pool_1_out_V' to 'cnn_max_pool_1_ouIfE' due to the length limit 20
INFO: [SYN 201-210] Renamed object name 'cnn_max_pool_2_out_V' to 'cnn_max_pool_2_ouJfO' due to the length limit 20
INFO: [SYN 201-210] Renamed object name 'cnn_fpext_32ns_64_2_1' to 'cnn_fpext_32ns_64KfY' due to the length limit 20
INFO: [RTGEN 206-100] Generating core module 'cnn_fpext_32ns_64KfY': 1 instance(s).
INFO: [RTGEN 206-100] Finished creating RTL model for 'cnn'.
INFO: [HLS 200-111]  Elapsed time: 0.595 seconds; current allocated memory: 713.369 MB.
INFO: [RTMG 210-279] Implementing memory 'conv_1_conv_1_weibkb_rom' using distributed ROMs.
INFO: [RTMG 210-279] Implementing memory 'conv_1_conv_1_weicud_rom' using distributed ROMs.
INFO: [RTMG 210-279] Implementing memory 'conv_1_conv_1_weidEe_rom' using distributed ROMs.
INFO: [RTMG 210-279] Implementing memory 'conv_1_conv_1_weieOg_rom' using distributed ROMs.
INFO: [RTMG 210-279] Implementing memory 'conv_1_conv_1_weifYi_rom' using distributed ROMs.
INFO: [RTMG 210-279] Implementing memory 'conv_1_conv_1_weig8j_rom' using distributed ROMs.
INFO: [RTMG 210-279] Implementing memory 'conv_1_conv_1_weihbi_rom' using distributed ROMs.
INFO: [RTMG 210-279] Implementing memory 'conv_1_conv_1_weiibs_rom' using distributed ROMs.
INFO: [RTMG 210-279] Implementing memory 'conv_1_conv_1_weijbC_rom' using distributed ROMs.
INFO: [RTMG 210-279] Implementing memory 'conv_1_conv_1_biakbM_rom' using distributed ROMs.
INFO: [RTMG 210-279] Implementing memory 'conv_2_conv_2_weipcA_rom' using auto ROMs.
INFO: [RTMG 210-279] Implementing memory 'conv_2_conv_2_biaqcK_rom' using distributed ROMs.
INFO: [RTMG 210-279] Implementing memory 'dense_1_dense_1_wsc4_rom' using auto ROMs.
INFO: [RTMG 210-279] Implementing memory 'dense_1_dense_1_btde_rom' using distributed ROMs.
INFO: [RTMG 210-279] Implementing memory 'dense_2_dense_2_wvdy_rom' using auto ROMs.
INFO: [RTMG 210-279] Implementing memory 'dense_2_dense_2_bwdI_rom' using distributed ROMs.
INFO: [RTMG 210-279] Implementing memory 'exp_15_7_s_f_x_lsyd2_rom' using distributed ROMs.
INFO: [RTMG 210-279] Implementing memory 'exp_15_7_s_exp_x_zec_rom' using distributed ROMs.
INFO: [RTMG 210-279] Implementing memory 'exp_15_7_s_exp_x_Aem_rom' using distributed ROMs.
INFO: [RTMG 210-282] Generating pipelined core: 'cnn_sdiv_22ns_14sBew_div'
INFO: [RTMG 210-279] Implementing memory 'dense_out_dense_oCeG_rom' using auto ROMs.
INFO: [RTMG 210-279] Implementing memory 'dense_out_dense_oDeQ_rom' using distributed ROMs.
INFO: [RTMG 210-278] Implementing memory 'dense_out_dense_aEe0_ram (RAM)' using distributed RAMs.
INFO: [RTMG 210-278] Implementing memory 'cnn_conv_1_input_Gfk_ram (RAM)' using block RAMs.
INFO: [RTMG 210-278] Implementing memory 'cnn_conv_1_out_V_ram (RAM)' using block RAMs.
INFO: [RTMG 210-278] Implementing memory 'cnn_max_pool_1_ouIfE_ram (RAM)' using block RAMs.
INFO: [RTMG 210-278] Implementing memory 'cnn_conv_2_out_V_ram (RAM)' using block RAMs.
INFO: [RTMG 210-278] Implementing memory 'cnn_max_pool_2_ouJfO_ram (RAM)' using block RAMs.
INFO: [RTMG 210-278] Implementing memory 'cnn_dense_1_out_V_ram (RAM)' using distributed RAMs.
INFO: [RTMG 210-278] Implementing memory 'cnn_dense_2_out_V_ram (RAM)' using distributed RAMs.
INFO: [HLS 200-111] Finished generating all RTL models Time (s): cpu = 00:00:34 ; elapsed = 00:02:46 . Memory (MB): peak = 823.961 ; gain = 732.434
INFO: [VHDL 208-304] Generating VHDL RTL for cnn.
INFO: [VLOG 209-307] Generating Verilog RTL for cnn.
INFO: [HLS 200-112] Total elapsed time: 166.391 seconds; peak allocated memory: 713.369 MB.
