

================================================================
== Vivado HLS Report for 'max_pool'
================================================================
* Date:           Thu Mar  7 10:30:46 2024

* Version:        2019.1 (Build 2552052 on Fri May 24 15:28:33 MDT 2019)
* Project:        maxpool
* Solution:       Filter_unroll
* Product family: zynq
* Target device:  xc7z020-clg400-1


================================================================
== Performance Estimates
================================================================
+ Timing (ns): 
    * Summary: 
    +--------+-------+----------+------------+
    |  Clock | Target| Estimated| Uncertainty|
    +--------+-------+----------+------------+
    |ap_clk  |  20.00|    10.580|        2.50|
    +--------+-------+----------+------------+

+ Latency (clock cycles): 
    * Summary: 
    +-------+-------+-------+-------+---------+
    |    Latency    |    Interval   | Pipeline|
    |  min  |  max  |  min  |  max  |   Type  |
    +-------+-------+-------+-------+---------+
    |  18414|  18414|  18414|  18414|   none  |
    +-------+-------+-------+-------+---------+

    + Detail: 
        * Instance: 
        N/A

        * Loop: 
        +----------------------+------+------+----------+-----------+-----------+------+----------+
        |                      |   Latency   | Iteration|  Initiation Interval  | Trip |          |
        |       Loop Name      |  min |  max |  Latency |  achieved |   target  | Count| Pipelined|
        +----------------------+------+------+----------+-----------+-----------+------+----------+
        |- Row_Loop            |  3068|  3068|       236|          -|          -|    13|    no    |
        | + Col_Loop           |   234|   234|        18|          -|          -|    13|    no    |
        |  ++ Pool_Row_Loop    |    16|    16|         8|          -|          -|     2|    no    |
        |   +++ Pool_Col_Loop  |     6|     6|         3|          -|          -|     2|    no    |
        |- Row_Loop            |  3068|  3068|       236|          -|          -|    13|    no    |
        | + Col_Loop           |   234|   234|        18|          -|          -|    13|    no    |
        |  ++ Pool_Row_Loop    |    16|    16|         8|          -|          -|     2|    no    |
        |   +++ Pool_Col_Loop  |     6|     6|         3|          -|          -|     2|    no    |
        |- Row_Loop            |  3068|  3068|       236|          -|          -|    13|    no    |
        | + Col_Loop           |   234|   234|        18|          -|          -|    13|    no    |
        |  ++ Pool_Row_Loop    |    16|    16|         8|          -|          -|     2|    no    |
        |   +++ Pool_Col_Loop  |     6|     6|         3|          -|          -|     2|    no    |
        |- Row_Loop            |  3068|  3068|       236|          -|          -|    13|    no    |
        | + Col_Loop           |   234|   234|        18|          -|          -|    13|    no    |
        |  ++ Pool_Row_Loop    |    16|    16|         8|          -|          -|     2|    no    |
        |   +++ Pool_Col_Loop  |     6|     6|         3|          -|          -|     2|    no    |
        |- Row_Loop            |  3068|  3068|       236|          -|          -|    13|    no    |
        | + Col_Loop           |   234|   234|        18|          -|          -|    13|    no    |
        |  ++ Pool_Row_Loop    |    16|    16|         8|          -|          -|     2|    no    |
        |   +++ Pool_Col_Loop  |     6|     6|         3|          -|          -|     2|    no    |
        |- Row_Loop            |  3068|  3068|       236|          -|          -|    13|    no    |
        | + Col_Loop           |   234|   234|        18|          -|          -|    13|    no    |
        |  ++ Pool_Row_Loop    |    16|    16|         8|          -|          -|     2|    no    |
        |   +++ Pool_Col_Loop  |     6|     6|         3|          -|          -|     2|    no    |
        +----------------------+------+------+----------+-----------+-----------+------+----------+



================================================================
== Utilization Estimates
================================================================
* Summary: 
+-----------------+---------+-------+--------+-------+-----+
|       Name      | BRAM_18K| DSP48E|   FF   |  LUT  | URAM|
+-----------------+---------+-------+--------+-------+-----+
|DSP              |        -|      -|       -|      -|    -|
|Expression       |        -|      0|       0|   1886|    -|
|FIFO             |        -|      -|       -|      -|    -|
|Instance         |        -|      0|      66|    239|    -|
|Memory           |        -|      -|       -|      -|    -|
|Multiplexer      |        -|      -|       -|    699|    -|
|Register         |        -|      -|     795|      -|    -|
+-----------------+---------+-------+--------+-------+-----+
|Total            |        0|      0|     861|   2824|    0|
+-----------------+---------+-------+--------+-------+-----+
|Available        |      280|    220|  106400|  53200|    0|
+-----------------+---------+-------+--------+-------+-----+
|Utilization (%)  |        0|      0|   ~0   |      5|    0|
+-----------------+---------+-------+--------+-------+-----+

+ Detail: 
    * Instance: 
    +-------------------------+----------------------+---------+-------+----+-----+-----+
    |         Instance        |        Module        | BRAM_18K| DSP48E| FF | LUT | URAM|
    +-------------------------+----------------------+---------+-------+----+-----+-----+
    |max_pool_fcmp_32nbkb_U1  |max_pool_fcmp_32nbkb  |        0|      0|  66|  239|    0|
    +-------------------------+----------------------+---------+-------+----+-----+-----+
    |Total                    |                      |        0|      0|  66|  239|    0|
    +-------------------------+----------------------+---------+-------+----+-----+-----+

    * DSP48E: 
    N/A

    * Memory: 
    N/A

    * FIFO: 
    N/A

    * Expression: 
    +--------------------------+----------+-------+---+----+------------+------------+
    |       Variable Name      | Operation| DSP48E| FF| LUT| Bitwidth P0| Bitwidth P1|
    +--------------------------+----------+-------+---+----+------------+------------+
    |mul_ln29_1_fu_1054_p2     |     *    |      0|  0|  17|           5|           5|
    |mul_ln29_2_fu_1337_p2     |     *    |      0|  0|  17|           5|           5|
    |mul_ln29_3_fu_1620_p2     |     *    |      0|  0|  17|           5|           5|
    |mul_ln29_4_fu_1903_p2     |     *    |      0|  0|  17|           5|           5|
    |mul_ln29_5_fu_2186_p2     |     *    |      0|  0|  17|           5|           5|
    |mul_ln29_fu_783_p2        |     *    |      0|  0|  17|           5|           5|
    |add_ln13_10_fu_1832_p2    |     +    |      0|  0|  15|           8|           4|
    |add_ln13_11_fu_2115_p2    |     +    |      0|  0|  15|           8|           4|
    |add_ln13_1_fu_995_p2      |     +    |      0|  0|  13|           4|           1|
    |add_ln13_2_fu_1278_p2     |     +    |      0|  0|  13|           4|           1|
    |add_ln13_3_fu_1561_p2     |     +    |      0|  0|  13|           4|           1|
    |add_ln13_4_fu_1844_p2     |     +    |      0|  0|  13|           4|           1|
    |add_ln13_5_fu_2127_p2     |     +    |      0|  0|  13|           4|           1|
    |add_ln13_6_fu_712_p2      |     +    |      0|  0|  15|           8|           4|
    |add_ln13_7_fu_983_p2      |     +    |      0|  0|  15|           8|           4|
    |add_ln13_8_fu_1266_p2     |     +    |      0|  0|  15|           8|           4|
    |add_ln13_9_fu_1549_p2     |     +    |      0|  0|  15|           8|           4|
    |add_ln13_fu_724_p2        |     +    |      0|  0|  13|           4|           1|
    |add_ln16_1_fu_1015_p2     |     +    |      0|  0|  13|           4|           1|
    |add_ln16_2_fu_1298_p2     |     +    |      0|  0|  13|           4|           1|
    |add_ln16_3_fu_1581_p2     |     +    |      0|  0|  13|           4|           1|
    |add_ln16_4_fu_1864_p2     |     +    |      0|  0|  13|           4|           1|
    |add_ln16_5_fu_2147_p2     |     +    |      0|  0|  13|           4|           1|
    |add_ln16_fu_744_p2        |     +    |      0|  0|  13|           4|           1|
    |add_ln20_1_fu_1039_p2     |     +    |      0|  0|  10|           2|           1|
    |add_ln20_2_fu_1322_p2     |     +    |      0|  0|  10|           2|           1|
    |add_ln20_3_fu_1605_p2     |     +    |      0|  0|  10|           2|           1|
    |add_ln20_4_fu_1888_p2     |     +    |      0|  0|  10|           2|           1|
    |add_ln20_5_fu_2171_p2     |     +    |      0|  0|  10|           2|           1|
    |add_ln20_fu_768_p2        |     +    |      0|  0|  10|           2|           1|
    |add_ln23_1_fu_1117_p2     |     +    |      0|  0|  10|           2|           1|
    |add_ln23_2_fu_1400_p2     |     +    |      0|  0|  10|           2|           1|
    |add_ln23_3_fu_1683_p2     |     +    |      0|  0|  10|           2|           1|
    |add_ln23_4_fu_1966_p2     |     +    |      0|  0|  10|           2|           1|
    |add_ln23_5_fu_2249_p2     |     +    |      0|  0|  10|           2|           1|
    |add_ln23_fu_840_p2        |     +    |      0|  0|  10|           2|           1|
    |add_ln26_1_fu_1045_p2     |     +    |      0|  0|  15|           5|           5|
    |add_ln26_2_fu_1328_p2     |     +    |      0|  0|  15|           5|           5|
    |add_ln26_3_fu_1611_p2     |     +    |      0|  0|  15|           5|           5|
    |add_ln26_4_fu_1894_p2     |     +    |      0|  0|  15|           5|           5|
    |add_ln26_5_fu_2177_p2     |     +    |      0|  0|  15|           5|           5|
    |add_ln26_fu_774_p2        |     +    |      0|  0|  15|           5|           5|
    |add_ln27_1_fu_1123_p2     |     +    |      0|  0|  15|           5|           5|
    |add_ln27_2_fu_1406_p2     |     +    |      0|  0|  15|           5|           5|
    |add_ln27_3_fu_1689_p2     |     +    |      0|  0|  15|           5|           5|
    |add_ln27_4_fu_1972_p2     |     +    |      0|  0|  15|           5|           5|
    |add_ln27_5_fu_2255_p2     |     +    |      0|  0|  15|           5|           5|
    |add_ln27_fu_846_p2        |     +    |      0|  0|  15|           5|           5|
    |add_ln29_1_fu_1132_p2     |     +    |      0|  0|  14|          10|          10|
    |add_ln29_2_fu_1415_p2     |     +    |      0|  0|  14|          10|          10|
    |add_ln29_3_fu_1446_p2     |     +    |      0|  0|  11|           2|          13|
    |add_ln29_4_fu_1698_p2     |     +    |      0|  0|  14|          10|          10|
    |add_ln29_5_fu_1729_p2     |     +    |      0|  0|  11|           2|          13|
    |add_ln29_6_fu_1981_p2     |     +    |      0|  0|  14|          10|          10|
    |add_ln29_7_fu_2012_p2     |     +    |      0|  0|  11|           3|          13|
    |add_ln29_8_fu_2264_p2     |     +    |      0|  0|  14|          10|          10|
    |add_ln29_9_fu_2295_p2     |     +    |      0|  0|  11|           3|          13|
    |add_ln29_fu_855_p2        |     +    |      0|  0|  14|          10|          10|
    |add_ln36_1_fu_1064_p2     |     +    |      0|  0|  15|           8|           8|
    |add_ln36_2_fu_1347_p2     |     +    |      0|  0|  15|           8|           8|
    |add_ln36_3_fu_1379_p2     |     +    |      0|  0|  11|          11|           2|
    |add_ln36_4_fu_1630_p2     |     +    |      0|  0|  15|           8|           8|
    |add_ln36_5_fu_1662_p2     |     +    |      0|  0|  11|          11|           2|
    |add_ln36_6_fu_1913_p2     |     +    |      0|  0|  15|           8|           8|
    |add_ln36_7_fu_1945_p2     |     +    |      0|  0|  11|          11|           3|
    |add_ln36_8_fu_2196_p2     |     +    |      0|  0|  15|           8|           8|
    |add_ln36_9_fu_2228_p2     |     +    |      0|  0|  11|          11|           3|
    |add_ln36_fu_793_p2        |     +    |      0|  0|  15|           8|           8|
    |sub_ln29_1_fu_1157_p2     |     -    |      0|  0|  17|          13|          13|
    |sub_ln29_2_fu_1440_p2     |     -    |      0|  0|  11|          13|          13|
    |sub_ln29_3_fu_1723_p2     |     -    |      0|  0|  11|          13|          13|
    |sub_ln29_4_fu_2006_p2     |     -    |      0|  0|  11|          13|          13|
    |sub_ln29_5_fu_2289_p2     |     -    |      0|  0|  11|          13|          13|
    |sub_ln29_fu_880_p2        |     -    |      0|  0|  17|          13|          13|
    |sub_ln36_1_fu_1090_p2     |     -    |      0|  0|  13|          11|          11|
    |sub_ln36_2_fu_1373_p2     |     -    |      0|  0|  11|          11|          11|
    |sub_ln36_3_fu_1656_p2     |     -    |      0|  0|  11|          11|          11|
    |sub_ln36_4_fu_1939_p2     |     -    |      0|  0|  11|          11|          11|
    |sub_ln36_5_fu_2222_p2     |     -    |      0|  0|  11|          11|          11|
    |sub_ln36_fu_819_p2        |     -    |      0|  0|  13|          11|          11|
    |and_ln29_10_fu_2378_p2    |    and   |      0|  0|   2|           1|           1|
    |and_ln29_11_fu_2384_p2    |    and   |      0|  0|   2|           1|           1|
    |and_ln29_1_fu_969_p2      |    and   |      0|  0|   2|           1|           1|
    |and_ln29_2_fu_1246_p2     |    and   |      0|  0|   2|           1|           1|
    |and_ln29_3_fu_1252_p2     |    and   |      0|  0|   2|           1|           1|
    |and_ln29_4_fu_1529_p2     |    and   |      0|  0|   2|           1|           1|
    |and_ln29_5_fu_1535_p2     |    and   |      0|  0|   2|           1|           1|
    |and_ln29_6_fu_1812_p2     |    and   |      0|  0|   2|           1|           1|
    |and_ln29_7_fu_1818_p2     |    and   |      0|  0|   2|           1|           1|
    |and_ln29_8_fu_2095_p2     |    and   |      0|  0|   2|           1|           1|
    |and_ln29_9_fu_2101_p2     |    and   |      0|  0|   2|           1|           1|
    |and_ln29_fu_963_p2        |    and   |      0|  0|   2|           1|           1|
    |icmp_ln13_1_fu_989_p2     |   icmp   |      0|  0|   9|           4|           3|
    |icmp_ln13_2_fu_1272_p2    |   icmp   |      0|  0|   9|           4|           3|
    |icmp_ln13_3_fu_1555_p2    |   icmp   |      0|  0|   9|           4|           3|
    |icmp_ln13_4_fu_1838_p2    |   icmp   |      0|  0|   9|           4|           3|
    |icmp_ln13_5_fu_2121_p2    |   icmp   |      0|  0|   9|           4|           3|
    |icmp_ln13_fu_718_p2       |   icmp   |      0|  0|   9|           4|           3|
    |icmp_ln16_1_fu_1009_p2    |   icmp   |      0|  0|   9|           4|           3|
    |icmp_ln16_2_fu_1292_p2    |   icmp   |      0|  0|   9|           4|           3|
    |icmp_ln16_3_fu_1575_p2    |   icmp   |      0|  0|   9|           4|           3|
    |icmp_ln16_4_fu_1858_p2    |   icmp   |      0|  0|   9|           4|           3|
    |icmp_ln16_5_fu_2141_p2    |   icmp   |      0|  0|   9|           4|           3|
    |icmp_ln16_fu_738_p2       |   icmp   |      0|  0|   9|           4|           3|
    |icmp_ln20_1_fu_1033_p2    |   icmp   |      0|  0|   9|           2|           3|
    |icmp_ln20_2_fu_1316_p2    |   icmp   |      0|  0|   9|           2|           3|
    |icmp_ln20_3_fu_1599_p2    |   icmp   |      0|  0|   9|           2|           3|
    |icmp_ln20_4_fu_1882_p2    |   icmp   |      0|  0|   9|           2|           3|
    |icmp_ln20_5_fu_2165_p2    |   icmp   |      0|  0|   9|           2|           3|
    |icmp_ln20_fu_762_p2       |   icmp   |      0|  0|   9|           2|           3|
    |icmp_ln23_1_fu_1111_p2    |   icmp   |      0|  0|   9|           2|           3|
    |icmp_ln23_2_fu_1394_p2    |   icmp   |      0|  0|   9|           2|           3|
    |icmp_ln23_3_fu_1677_p2    |   icmp   |      0|  0|   9|           2|           3|
    |icmp_ln23_4_fu_1960_p2    |   icmp   |      0|  0|   9|           2|           3|
    |icmp_ln23_5_fu_2243_p2    |   icmp   |      0|  0|   9|           2|           3|
    |icmp_ln23_fu_834_p2       |   icmp   |      0|  0|   9|           2|           3|
    |icmp_ln29_10_fu_1511_p2   |   icmp   |      0|  0|  11|           8|           2|
    |icmp_ln29_11_fu_1517_p2   |   icmp   |      0|  0|  18|          23|           1|
    |icmp_ln29_12_fu_1776_p2   |   icmp   |      0|  0|  11|           8|           2|
    |icmp_ln29_13_fu_1782_p2   |   icmp   |      0|  0|  18|          23|           1|
    |icmp_ln29_14_fu_1794_p2   |   icmp   |      0|  0|  11|           8|           2|
    |icmp_ln29_15_fu_1800_p2   |   icmp   |      0|  0|  18|          23|           1|
    |icmp_ln29_16_fu_2059_p2   |   icmp   |      0|  0|  11|           8|           2|
    |icmp_ln29_17_fu_2065_p2   |   icmp   |      0|  0|  18|          23|           1|
    |icmp_ln29_18_fu_2077_p2   |   icmp   |      0|  0|  11|           8|           2|
    |icmp_ln29_19_fu_2083_p2   |   icmp   |      0|  0|  18|          23|           1|
    |icmp_ln29_1_fu_933_p2     |   icmp   |      0|  0|  18|          23|           1|
    |icmp_ln29_20_fu_2342_p2   |   icmp   |      0|  0|  11|           8|           2|
    |icmp_ln29_21_fu_2348_p2   |   icmp   |      0|  0|  18|          23|           1|
    |icmp_ln29_22_fu_2360_p2   |   icmp   |      0|  0|  11|           8|           2|
    |icmp_ln29_23_fu_2366_p2   |   icmp   |      0|  0|  18|          23|           1|
    |icmp_ln29_2_fu_945_p2     |   icmp   |      0|  0|  11|           8|           2|
    |icmp_ln29_3_fu_951_p2     |   icmp   |      0|  0|  18|          23|           1|
    |icmp_ln29_4_fu_1210_p2    |   icmp   |      0|  0|  11|           8|           2|
    |icmp_ln29_5_fu_1216_p2    |   icmp   |      0|  0|  18|          23|           1|
    |icmp_ln29_6_fu_1228_p2    |   icmp   |      0|  0|  11|           8|           2|
    |icmp_ln29_7_fu_1234_p2    |   icmp   |      0|  0|  18|          23|           1|
    |icmp_ln29_8_fu_1493_p2    |   icmp   |      0|  0|  11|           8|           2|
    |icmp_ln29_9_fu_1499_p2    |   icmp   |      0|  0|  18|          23|           1|
    |icmp_ln29_fu_927_p2       |   icmp   |      0|  0|  11|           8|           2|
    |or_ln29_10_fu_2354_p2     |    or    |      0|  0|   2|           1|           1|
    |or_ln29_11_fu_2372_p2     |    or    |      0|  0|   2|           1|           1|
    |or_ln29_12_fu_1163_p2     |    or    |      0|  0|  13|          13|           1|
    |or_ln29_1_fu_957_p2       |    or    |      0|  0|   2|           1|           1|
    |or_ln29_2_fu_1222_p2      |    or    |      0|  0|   2|           1|           1|
    |or_ln29_3_fu_1240_p2      |    or    |      0|  0|   2|           1|           1|
    |or_ln29_4_fu_1505_p2      |    or    |      0|  0|   2|           1|           1|
    |or_ln29_5_fu_1523_p2      |    or    |      0|  0|   2|           1|           1|
    |or_ln29_6_fu_1788_p2      |    or    |      0|  0|   2|           1|           1|
    |or_ln29_7_fu_1806_p2      |    or    |      0|  0|   2|           1|           1|
    |or_ln29_8_fu_2071_p2      |    or    |      0|  0|   2|           1|           1|
    |or_ln29_9_fu_2089_p2      |    or    |      0|  0|   2|           1|           1|
    |or_ln29_fu_939_p2         |    or    |      0|  0|   2|           1|           1|
    |or_ln36_fu_1096_p2        |    or    |      0|  0|  11|          11|           1|
    |select_ln29_1_fu_1258_p3  |  select  |      0|  0|  32|           1|          32|
    |select_ln29_2_fu_1541_p3  |  select  |      0|  0|  32|           1|          32|
    |select_ln29_3_fu_1824_p3  |  select  |      0|  0|  32|           1|          32|
    |select_ln29_4_fu_2107_p3  |  select  |      0|  0|  32|           1|          32|
    |select_ln29_5_fu_2390_p3  |  select  |      0|  0|  32|           1|          32|
    |select_ln29_fu_975_p3     |  select  |      0|  0|  32|           1|          32|
    +--------------------------+----------+-------+---+----+------------+------------+
    |Total                     |          |      0|  0|1886|        1014|         778|
    +--------------------------+----------+-------+---+----+------------+------------+

    * Multiplexer: 
    +-----------------------+-----+-----------+-----+-----------+
    |          Name         | LUT | Input Size| Bits| Total Bits|
    +-----------------------+-----+-----------+-----+-----------+
    |ap_NS_fsm              |  169|         38|    1|         38|
    |c_0_0_reg_227          |    9|          2|    4|          8|
    |c_0_1_reg_309          |    9|          2|    4|          8|
    |c_0_2_reg_391          |    9|          2|    4|          8|
    |c_0_3_reg_473          |    9|          2|    4|          8|
    |c_0_4_reg_555          |    9|          2|    4|          8|
    |c_0_5_reg_637          |    9|          2|    4|          8|
    |conv_out_address0      |   38|          7|   12|         84|
    |grp_fu_696_p1          |   38|          7|   32|        224|
    |max_0_0_reg_239        |    9|          2|   32|         64|
    |max_0_1_reg_321        |    9|          2|   32|         64|
    |max_0_2_reg_403        |    9|          2|   32|         64|
    |max_0_3_reg_485        |    9|          2|   32|         64|
    |max_0_4_reg_567        |    9|          2|   32|         64|
    |max_0_5_reg_649        |    9|          2|   32|         64|
    |max_1_0_reg_263        |    9|          2|   32|         64|
    |max_1_1_reg_345        |    9|          2|   32|         64|
    |max_1_2_reg_427        |    9|          2|   32|         64|
    |max_1_3_reg_509        |    9|          2|   32|         64|
    |max_1_4_reg_591        |    9|          2|   32|         64|
    |max_1_5_reg_673        |    9|          2|   32|         64|
    |max_pool_out_address0  |   38|          7|   10|         70|
    |max_pool_out_d0        |   38|          7|   32|        224|
    |mpc_0_0_reg_275        |    9|          2|    2|          4|
    |mpc_0_1_reg_357        |    9|          2|    2|          4|
    |mpc_0_2_reg_439        |    9|          2|    2|          4|
    |mpc_0_3_reg_521        |    9|          2|    2|          4|
    |mpc_0_4_reg_603        |    9|          2|    2|          4|
    |mpc_0_5_reg_685        |    9|          2|    2|          4|
    |mpr_0_0_reg_252        |    9|          2|    2|          4|
    |mpr_0_1_reg_334        |    9|          2|    2|          4|
    |mpr_0_2_reg_416        |    9|          2|    2|          4|
    |mpr_0_3_reg_498        |    9|          2|    2|          4|
    |mpr_0_4_reg_580        |    9|          2|    2|          4|
    |mpr_0_5_reg_662        |    9|          2|    2|          4|
    |phi_mul24_reg_297      |    9|          2|    8|         16|
    |phi_mul26_reg_379      |    9|          2|    8|         16|
    |phi_mul28_reg_461      |    9|          2|    8|         16|
    |phi_mul30_reg_543      |    9|          2|    8|         16|
    |phi_mul32_reg_625      |    9|          2|    8|         16|
    |phi_mul_reg_215        |    9|          2|    8|         16|
    |r_0_0_reg_204          |    9|          2|    4|          8|
    |r_0_1_reg_286          |    9|          2|    4|          8|
    |r_0_2_reg_368          |    9|          2|    4|          8|
    |r_0_3_reg_450          |    9|          2|    4|          8|
    |r_0_4_reg_532          |    9|          2|    4|          8|
    |r_0_5_reg_614          |    9|          2|    4|          8|
    +-----------------------+-----+-----------+-----+-----------+
    |Total                  |  699|        150|  591|       1648|
    +-----------------------+-----+-----------+-----+-----------+

    * Register: 
    +----------------------+----+----+-----+-----------+
    |         Name         | FF | LUT| Bits| Const Bits|
    +----------------------+----+----+-----+-----------+
    |add_ln13_10_reg_2646  |   8|   0|    8|          0|
    |add_ln13_11_reg_2708  |   8|   0|    8|          0|
    |add_ln13_1_reg_2468   |   4|   0|    4|          0|
    |add_ln13_2_reg_2530   |   4|   0|    4|          0|
    |add_ln13_3_reg_2592   |   4|   0|    4|          0|
    |add_ln13_4_reg_2654   |   4|   0|    4|          0|
    |add_ln13_5_reg_2716   |   4|   0|    4|          0|
    |add_ln13_6_reg_2398   |   8|   0|    8|          0|
    |add_ln13_7_reg_2460   |   8|   0|    8|          0|
    |add_ln13_8_reg_2522   |   8|   0|    8|          0|
    |add_ln13_9_reg_2584   |   8|   0|    8|          0|
    |add_ln13_reg_2406     |   4|   0|    4|          0|
    |add_ln16_1_reg_2481   |   4|   0|    4|          0|
    |add_ln16_2_reg_2543   |   4|   0|    4|          0|
    |add_ln16_3_reg_2605   |   4|   0|    4|          0|
    |add_ln16_4_reg_2667   |   4|   0|    4|          0|
    |add_ln16_5_reg_2729   |   4|   0|    4|          0|
    |add_ln16_reg_2419     |   4|   0|    4|          0|
    |add_ln20_1_reg_2494   |   2|   0|    2|          0|
    |add_ln20_2_reg_2556   |   2|   0|    2|          0|
    |add_ln20_3_reg_2618   |   2|   0|    2|          0|
    |add_ln20_4_reg_2680   |   2|   0|    2|          0|
    |add_ln20_5_reg_2742   |   2|   0|    2|          0|
    |add_ln20_reg_2432     |   2|   0|    2|          0|
    |add_ln23_1_reg_2507   |   2|   0|    2|          0|
    |add_ln23_2_reg_2569   |   2|   0|    2|          0|
    |add_ln23_3_reg_2631   |   2|   0|    2|          0|
    |add_ln23_4_reg_2693   |   2|   0|    2|          0|
    |add_ln23_5_reg_2755   |   2|   0|    2|          0|
    |add_ln23_reg_2445     |   2|   0|    2|          0|
    |ap_CS_fsm             |  37|   0|   37|          0|
    |c_0_0_reg_227         |   4|   0|    4|          0|
    |c_0_1_reg_309         |   4|   0|    4|          0|
    |c_0_2_reg_391         |   4|   0|    4|          0|
    |c_0_3_reg_473         |   4|   0|    4|          0|
    |c_0_4_reg_555         |   4|   0|    4|          0|
    |c_0_5_reg_637         |   4|   0|    4|          0|
    |max_0_0_reg_239       |  32|   0|   32|          0|
    |max_0_1_reg_321       |  32|   0|   32|          0|
    |max_0_2_reg_403       |  32|   0|   32|          0|
    |max_0_3_reg_485       |  32|   0|   32|          0|
    |max_0_4_reg_567       |  32|   0|   32|          0|
    |max_0_5_reg_649       |  32|   0|   32|          0|
    |max_1_0_reg_263       |  32|   0|   32|          0|
    |max_1_1_reg_345       |  32|   0|   32|          0|
    |max_1_2_reg_427       |  32|   0|   32|          0|
    |max_1_3_reg_509       |  32|   0|   32|          0|
    |max_1_4_reg_591       |  32|   0|   32|          0|
    |max_1_5_reg_673       |  32|   0|   32|          0|
    |mpc_0_0_reg_275       |   2|   0|    2|          0|
    |mpc_0_1_reg_357       |   2|   0|    2|          0|
    |mpc_0_2_reg_439       |   2|   0|    2|          0|
    |mpc_0_3_reg_521       |   2|   0|    2|          0|
    |mpc_0_4_reg_603       |   2|   0|    2|          0|
    |mpc_0_5_reg_685       |   2|   0|    2|          0|
    |mpr_0_0_reg_252       |   2|   0|    2|          0|
    |mpr_0_1_reg_334       |   2|   0|    2|          0|
    |mpr_0_2_reg_416       |   2|   0|    2|          0|
    |mpr_0_3_reg_498       |   2|   0|    2|          0|
    |mpr_0_4_reg_580       |   2|   0|    2|          0|
    |mpr_0_5_reg_662       |   2|   0|    2|          0|
    |mul_ln29_1_reg_2499   |   9|   0|   10|          1|
    |mul_ln29_2_reg_2561   |   9|   0|   10|          1|
    |mul_ln29_3_reg_2623   |   9|   0|   10|          1|
    |mul_ln29_4_reg_2685   |   9|   0|   10|          1|
    |mul_ln29_5_reg_2747   |   9|   0|   10|          1|
    |mul_ln29_reg_2437     |   9|   0|   10|          1|
    |phi_mul24_reg_297     |   8|   0|    8|          0|
    |phi_mul26_reg_379     |   8|   0|    8|          0|
    |phi_mul28_reg_461     |   8|   0|    8|          0|
    |phi_mul30_reg_543     |   8|   0|    8|          0|
    |phi_mul32_reg_625     |   8|   0|    8|          0|
    |phi_mul_reg_215       |   8|   0|    8|          0|
    |r_0_0_reg_204         |   4|   0|    4|          0|
    |r_0_1_reg_286         |   4|   0|    4|          0|
    |r_0_2_reg_368         |   4|   0|    4|          0|
    |r_0_3_reg_450         |   4|   0|    4|          0|
    |r_0_4_reg_532         |   4|   0|    4|          0|
    |r_0_5_reg_614         |   4|   0|    4|          0|
    |reg_707               |  32|   0|   32|          0|
    |shl_ln1_reg_2424      |   4|   0|    5|          1|
    |shl_ln26_1_reg_2473   |   4|   0|    5|          1|
    |shl_ln26_2_reg_2535   |   4|   0|    5|          1|
    |shl_ln26_3_reg_2597   |   4|   0|    5|          1|
    |shl_ln26_4_reg_2659   |   4|   0|    5|          1|
    |shl_ln26_5_reg_2721   |   4|   0|    5|          1|
    |shl_ln27_1_reg_2486   |   4|   0|    5|          1|
    |shl_ln27_2_reg_2548   |   4|   0|    5|          1|
    |shl_ln27_3_reg_2610   |   4|   0|    5|          1|
    |shl_ln27_4_reg_2672   |   4|   0|    5|          1|
    |shl_ln27_5_reg_2734   |   4|   0|    5|          1|
    |shl_ln_reg_2411       |   4|   0|    5|          1|
    +----------------------+----+----+-----+-----------+
    |Total                 | 795|   0|  813|         18|
    +----------------------+----+----+-----+-----------+



================================================================
== Interface
================================================================
* Summary: 
+-----------------------+-----+-----+------------+--------------+--------------+
|       RTL Ports       | Dir | Bits|  Protocol  | Source Object|    C Type    |
+-----------------------+-----+-----+------------+--------------+--------------+
|ap_clk                 |  in |    1| ap_ctrl_hs |   max_pool   | return value |
|ap_rst                 |  in |    1| ap_ctrl_hs |   max_pool   | return value |
|ap_start               |  in |    1| ap_ctrl_hs |   max_pool   | return value |
|ap_done                | out |    1| ap_ctrl_hs |   max_pool   | return value |
|ap_idle                | out |    1| ap_ctrl_hs |   max_pool   | return value |
|ap_ready               | out |    1| ap_ctrl_hs |   max_pool   | return value |
|conv_out_address0      | out |   12|  ap_memory |   conv_out   |     array    |
|conv_out_ce0           | out |    1|  ap_memory |   conv_out   |     array    |
|conv_out_q0            |  in |   32|  ap_memory |   conv_out   |     array    |
|max_pool_out_address0  | out |   10|  ap_memory | max_pool_out |     array    |
|max_pool_out_ce0       | out |    1|  ap_memory | max_pool_out |     array    |
|max_pool_out_we0       | out |    1|  ap_memory | max_pool_out |     array    |
|max_pool_out_d0        | out |   32|  ap_memory | max_pool_out |     array    |
+-----------------------+-----+-----+------------+--------------+--------------+

