

================================================================
== Vivado HLS Report for 'conv_1'
================================================================
* Date:           Sun Oct 22 11:03:51 2023

* Version:        2019.1 (Build 2552052 on Fri May 24 15:28:33 MDT 2019)
* Project:        conv_1
* Solution:       W_Col_u_p
* Product family: zynq
* Target device:  xc7z020-clg400-1


================================================================
== Performance Estimates
================================================================
+ Timing (ns): 
    * Summary: 
    +--------+-------+----------+------------+
    |  Clock | Target| Estimated| Uncertainty|
    +--------+-------+----------+------------+
    |ap_clk  |  40.00|    34.961|        5.00|
    +--------+-------+----------+------------+

+ Latency (clock cycles): 
    * Summary: 
    +---------+---------+---------+---------+---------+
    |      Latency      |      Interval     | Pipeline|
    |   min   |   max   |   min   |   max   |   Type  |
    +---------+---------+---------+---------+---------+
    |  2098305|  2098305|  2098305|  2098305|   none  |
    +---------+---------+---------+---------+---------+

    + Detail: 
        * Instance: 
        N/A

        * Loop: 
        +----------------------------------+---------+---------+----------+-----------+-----------+-------+----------+
        |                                  |      Latency      | Iteration|  Initiation Interval  |  Trip |          |
        |             Loop Name            |   min   |   max   |  Latency |  achieved |   target  | Count | Pipelined|
        +----------------------------------+---------+---------+----------+-----------+-----------+-------+----------+
        |- Row_Loop_Col_Loop_Filter1_Loop  |  2098304|  2098304|        97|          -|          -|  21632|    no    |
        | + W_Row_Loop                     |       93|       93|        31|          -|          -|      3|    no    |
        |  ++ Chan_Loop                    |        8|        8|         4|          2|          1|      3|    yes   |
        |  ++ Chan_Loop                    |        8|        8|         4|          2|          1|      3|    yes   |
        |  ++ Chan_Loop                    |        8|        8|         4|          2|          1|      3|    yes   |
        +----------------------------------+---------+---------+----------+-----------+-----------+-------+----------+

============================================================
+ Verbose Summary: Synthesis Manager
============================================================
InlineROM: 1
ExposeGlobal: 0
============================================================
+ Verbose Summary: CDFG Model
============================================================
IsTopModel: 1
ResetActiveHigh: 1
IsCombinational: 0
IsDatapathOnly: 0
HasWiredReturn: 1
HasMFsm: 0
HasVarLatency: 1
IsPipeline: 0
IsRtlPipelined: 0
IsInstanceOverlapped: 0
IsDontTouch: 0
HasImplIP: 0
IsGatedGlobalClock: 0

+ Individual pipeline summary: 
  * Pipeline-0: initiation interval (II) = 2, depth = 4
  * Pipeline-1: initiation interval (II) = 2, depth = 4
  * Pipeline-2: initiation interval (II) = 2, depth = 4


============================================================
+ Verbose Summary: Schedule
============================================================
* Number of FSM states : 20
* Pipeline : 3
  Pipeline-0 : II = 2, D = 4, States = { 4 5 6 7 }
  Pipeline-1 : II = 2, D = 4, States = { 9 10 11 12 }
  Pipeline-2 : II = 2, D = 4, States = { 14 15 16 17 }
* Dataflow Pipeline: 0

* FSM state transitions: 
1 --> 2 
2 --> 3 
3 --> 19 4 
4 --> 5 
5 --> 6 
6 --> 8 7 
7 --> 4 
8 --> 9 
9 --> 10 
10 --> 11 
11 --> 13 12 
12 --> 9 
13 --> 14 
14 --> 15 
15 --> 16 
16 --> 18 17 
17 --> 14 
18 --> 3 
19 --> 20 
20 --> 2 

* FSM state operations: 

State 1 <SV = 0> <Delay = 1.76>
ST_1 : Operation 21 [1/1] (0.00ns)   --->   "call void (...)* @_ssdm_op_SpecBitsMap([2352 x float]* %conv_input) nounwind, !map !7"   --->   Operation 21 'specbitsmap' <Predicate = true> <Delay = 0.00>
ST_1 : Operation 22 [1/1] (0.00ns)   --->   "call void (...)* @_ssdm_op_SpecBitsMap([21632 x float]* %conv_out) nounwind, !map !14"   --->   Operation 22 'specbitsmap' <Predicate = true> <Delay = 0.00>
ST_1 : Operation 23 [1/1] (0.00ns)   --->   "call void (...)* @_ssdm_op_SpecTopModule([7 x i8]* @conv_1_str) nounwind"   --->   Operation 23 'spectopmodule' <Predicate = true> <Delay = 0.00>
ST_1 : Operation 24 [1/1] (1.76ns)   --->   "br label %1" [conv_1/conv_1.cpp:8]   --->   Operation 24 'br' <Predicate = true> <Delay = 1.76>

State 2 <SV = 1> <Delay = 11.4>
ST_2 : Operation 25 [1/1] (0.00ns)   --->   "%indvar_flatten21 = phi i15 [ 0, %0 ], [ %add_ln8, %Filter1_Loop_end ]" [conv_1/conv_1.cpp:8]   --->   Operation 25 'phi' 'indvar_flatten21' <Predicate = true> <Delay = 0.00>
ST_2 : Operation 26 [1/1] (0.00ns)   --->   "%r_0 = phi i5 [ 0, %0 ], [ %select_ln35_1, %Filter1_Loop_end ]" [conv_1/conv_1.cpp:35]   --->   Operation 26 'phi' 'r_0' <Predicate = true> <Delay = 0.00>
ST_2 : Operation 27 [1/1] (0.00ns)   --->   "%indvar_flatten = phi i11 [ 0, %0 ], [ %select_ln11, %Filter1_Loop_end ]" [conv_1/conv_1.cpp:11]   --->   Operation 27 'phi' 'indvar_flatten' <Predicate = true> <Delay = 0.00>
ST_2 : Operation 28 [1/1] (0.00ns)   --->   "%c_0 = phi i5 [ 0, %0 ], [ %select_ln35_5, %Filter1_Loop_end ]" [conv_1/conv_1.cpp:35]   --->   Operation 28 'phi' 'c_0' <Predicate = true> <Delay = 0.00>
ST_2 : Operation 29 [1/1] (0.00ns)   --->   "%f_0 = phi i6 [ 0, %0 ], [ %f, %Filter1_Loop_end ]"   --->   Operation 29 'phi' 'f_0' <Predicate = true> <Delay = 0.00>
ST_2 : Operation 30 [1/1] (1.78ns)   --->   "%c = add i5 %c_0, 1" [conv_1/conv_1.cpp:26]   --->   Operation 30 'add' 'c' <Predicate = true> <Delay = 1.78> <Core = "AddSub">   --->   Core 14 'AddSub' <Latency = 0> <II = 1> <Delay = 1.63> <FuncUnit> <Opcode : 'add' 'sub'> <InPorts = 2> <OutPorts = 1>
ST_2 : Operation 31 [1/1] (1.78ns)   --->   "%add_ln26_2 = add i5 %c_0, 2" [conv_1/conv_1.cpp:26]   --->   Operation 31 'add' 'add_ln26_2' <Predicate = true> <Delay = 1.78> <Core = "AddSub">   --->   Core 14 'AddSub' <Latency = 0> <II = 1> <Delay = 1.63> <FuncUnit> <Opcode : 'add' 'sub'> <InPorts = 2> <OutPorts = 1>
ST_2 : Operation 32 [1/1] (2.31ns)   --->   "%icmp_ln8 = icmp eq i15 %indvar_flatten21, -11136" [conv_1/conv_1.cpp:8]   --->   Operation 32 'icmp' 'icmp_ln8' <Predicate = true> <Delay = 2.31> <Core = "Cmp">   --->   Core 25 'Cmp' <Latency = 0> <II = 1> <Delay = 2.44> <FuncUnit> <Opcode : 'icmp'> <InPorts = 2> <OutPorts = 1>
ST_2 : Operation 33 [1/1] (1.94ns)   --->   "%add_ln8 = add i15 %indvar_flatten21, 1" [conv_1/conv_1.cpp:8]   --->   Operation 33 'add' 'add_ln8' <Predicate = true> <Delay = 1.94> <Core = "AddSub">   --->   Core 14 'AddSub' <Latency = 0> <II = 1> <Delay = 1.63> <FuncUnit> <Opcode : 'add' 'sub'> <InPorts = 2> <OutPorts = 1>
ST_2 : Operation 34 [1/1] (0.00ns)   --->   "br i1 %icmp_ln8, label %6, label %Filter1_Loop_begin" [conv_1/conv_1.cpp:8]   --->   Operation 34 'br' <Predicate = true> <Delay = 0.00>
ST_2 : Operation 35 [1/1] (1.78ns)   --->   "%r = add i5 %r_0, 1" [conv_1/conv_1.cpp:8]   --->   Operation 35 'add' 'r' <Predicate = (!icmp_ln8)> <Delay = 1.78> <Core = "AddSub">   --->   Core 14 'AddSub' <Latency = 0> <II = 1> <Delay = 1.63> <FuncUnit> <Opcode : 'add' 'sub'> <InPorts = 2> <OutPorts = 1>
ST_2 : Operation 36 [1/1] (0.00ns)   --->   "call void (...)* @_ssdm_op_SpecLoopName([31 x i8]* @Row_Loop_Col_Loop_Fi)"   --->   Operation 36 'specloopname' <Predicate = (!icmp_ln8)> <Delay = 0.00>
ST_2 : Operation 37 [1/1] (0.00ns)   --->   "%empty_14 = call i32 (...)* @_ssdm_op_SpecLoopTripCount(i64 21632, i64 21632, i64 21632) nounwind"   --->   Operation 37 'speclooptripcount' 'empty_14' <Predicate = (!icmp_ln8)> <Delay = 0.00>
ST_2 : Operation 38 [1/1] (1.88ns)   --->   "%icmp_ln11 = icmp eq i11 %indvar_flatten, 832" [conv_1/conv_1.cpp:11]   --->   Operation 38 'icmp' 'icmp_ln11' <Predicate = (!icmp_ln8)> <Delay = 1.88> <Core = "Cmp">   --->   Core 25 'Cmp' <Latency = 0> <II = 1> <Delay = 2.44> <FuncUnit> <Opcode : 'icmp'> <InPorts = 2> <OutPorts = 1>
ST_2 : Operation 39 [1/1] (1.21ns)   --->   "%select_ln35 = select i1 %icmp_ln11, i5 0, i5 %c_0" [conv_1/conv_1.cpp:35]   --->   Operation 39 'select' 'select_ln35' <Predicate = (!icmp_ln8)> <Delay = 1.21> <Core = "Sel">   --->   Core 26 'Sel' <Latency = 0> <II = 1> <Delay = 0.69> <FuncUnit> <Opcode : 'select'> <InPorts = 3> <OutPorts = 1>
ST_2 : Operation 40 [1/1] (1.21ns)   --->   "%select_ln35_1 = select i1 %icmp_ln11, i5 %r, i5 %r_0" [conv_1/conv_1.cpp:35]   --->   Operation 40 'select' 'select_ln35_1' <Predicate = (!icmp_ln8)> <Delay = 1.21> <Core = "Sel">   --->   Core 26 'Sel' <Latency = 0> <II = 1> <Delay = 0.69> <FuncUnit> <Opcode : 'select'> <InPorts = 3> <OutPorts = 1>
ST_2 : Operation 41 [1/1] (0.00ns)   --->   "%zext_ln35 = zext i5 %select_ln35_1 to i10" [conv_1/conv_1.cpp:35]   --->   Operation 41 'zext' 'zext_ln35' <Predicate = (!icmp_ln8)> <Delay = 0.00>
ST_2 : Operation 42 [1/1] (3.36ns) (grouped into DSP with root node add_ln35)   --->   "%mul_ln35 = mul i10 %zext_ln35, 26" [conv_1/conv_1.cpp:35]   --->   Operation 42 'mul' 'mul_ln35' <Predicate = (!icmp_ln8)> <Delay = 3.36> <Core = "DSP48">   --->   Core 88 'DSP48' <Latency = 0> <II = 1> <Delay = 6.38> <IPBlock> <Opcode : 'mul' 'add' 'sub' 'select'> <InPorts = 0> <OutPorts = 1> <Sync> <CReg>
ST_2 : Operation 43 [1/1] (0.00ns) (grouped into LUT with out node select_ln35_6)   --->   "%select_ln35_2 = select i1 %icmp_ln11, i5 1, i5 %c" [conv_1/conv_1.cpp:35]   --->   Operation 43 'select' 'select_ln35_2' <Predicate = (!icmp_ln8)> <Delay = 0.00> <Core = "Sel">   --->   Core 26 'Sel' <Latency = 0> <II = 1> <Delay = 0.69> <FuncUnit> <Opcode : 'select'> <InPorts = 3> <OutPorts = 1>
ST_2 : Operation 44 [1/1] (0.00ns) (grouped into LUT with out node select_ln35_7)   --->   "%select_ln35_3 = select i1 %icmp_ln11, i5 2, i5 %add_ln26_2" [conv_1/conv_1.cpp:35]   --->   Operation 44 'select' 'select_ln35_3' <Predicate = (!icmp_ln8)> <Delay = 0.00> <Core = "Sel">   --->   Core 26 'Sel' <Latency = 0> <II = 1> <Delay = 0.69> <FuncUnit> <Opcode : 'select'> <InPorts = 3> <OutPorts = 1>
ST_2 : Operation 45 [1/1] (0.00ns) (grouped into LUT with out node and_ln35)   --->   "%xor_ln35 = xor i1 %icmp_ln11, true" [conv_1/conv_1.cpp:35]   --->   Operation 45 'xor' 'xor_ln35' <Predicate = (!icmp_ln8)> <Delay = 0.00> <Core = "LogicGate">   --->   Core 27 'LogicGate' <Latency = 0> <II = 1> <Delay = 0.97> <FuncUnit> <Opcode : 'and' 'or' 'xor'> <InPorts = 2> <OutPorts = 1>
ST_2 : Operation 46 [1/1] (1.42ns)   --->   "%icmp_ln14 = icmp eq i6 %f_0, -32" [conv_1/conv_1.cpp:14]   --->   Operation 46 'icmp' 'icmp_ln14' <Predicate = (!icmp_ln8)> <Delay = 1.42> <Core = "Cmp">   --->   Core 25 'Cmp' <Latency = 0> <II = 1> <Delay = 2.44> <FuncUnit> <Opcode : 'icmp'> <InPorts = 2> <OutPorts = 1>
ST_2 : Operation 47 [1/1] (0.97ns) (out node of the LUT)   --->   "%and_ln35 = and i1 %icmp_ln14, %xor_ln35" [conv_1/conv_1.cpp:35]   --->   Operation 47 'and' 'and_ln35' <Predicate = (!icmp_ln8)> <Delay = 0.97> <Core = "LogicGate">   --->   Core 27 'LogicGate' <Latency = 0> <II = 1> <Delay = 0.97> <FuncUnit> <Opcode : 'and' 'or' 'xor'> <InPorts = 2> <OutPorts = 1>
ST_2 : Operation 48 [1/1] (1.78ns)   --->   "%add_ln26_3 = add i5 %select_ln35, 1" [conv_1/conv_1.cpp:26]   --->   Operation 48 'add' 'add_ln26_3' <Predicate = (!icmp_ln8)> <Delay = 1.78> <Core = "AddSub">   --->   Core 14 'AddSub' <Latency = 0> <II = 1> <Delay = 1.63> <FuncUnit> <Opcode : 'add' 'sub'> <InPorts = 2> <OutPorts = 1>
ST_2 : Operation 49 [1/1] (0.00ns)   --->   "call void (...)* @_ssdm_op_SpecLoopName([22 x i8]* @Col_Loop_Filter1_Loo)"   --->   Operation 49 'specloopname' <Predicate = (!icmp_ln8)> <Delay = 0.00>
ST_2 : Operation 50 [1/1] (0.00ns) (grouped into LUT with out node select_ln35_4)   --->   "%or_ln35 = or i1 %and_ln35, %icmp_ln11" [conv_1/conv_1.cpp:35]   --->   Operation 50 'or' 'or_ln35' <Predicate = (!icmp_ln8)> <Delay = 0.00> <Core = "LogicGate">   --->   Core 27 'LogicGate' <Latency = 0> <II = 1> <Delay = 0.97> <FuncUnit> <Opcode : 'and' 'or' 'xor'> <InPorts = 2> <OutPorts = 1>
ST_2 : Operation 51 [1/1] (1.18ns) (out node of the LUT)   --->   "%select_ln35_4 = select i1 %or_ln35, i6 0, i6 %f_0" [conv_1/conv_1.cpp:35]   --->   Operation 51 'select' 'select_ln35_4' <Predicate = (!icmp_ln8)> <Delay = 1.18> <Core = "Sel">   --->   Core 26 'Sel' <Latency = 0> <II = 1> <Delay = 0.69> <FuncUnit> <Opcode : 'select'> <InPorts = 3> <OutPorts = 1>
ST_2 : Operation 52 [1/1] (1.21ns)   --->   "%select_ln35_5 = select i1 %and_ln35, i5 %add_ln26_3, i5 %select_ln35" [conv_1/conv_1.cpp:35]   --->   Operation 52 'select' 'select_ln35_5' <Predicate = (!icmp_ln8)> <Delay = 1.21> <Core = "Sel">   --->   Core 26 'Sel' <Latency = 0> <II = 1> <Delay = 0.69> <FuncUnit> <Opcode : 'select'> <InPorts = 3> <OutPorts = 1>
ST_2 : Operation 53 [1/1] (0.00ns)   --->   "%zext_ln35_1 = zext i5 %select_ln35_5 to i12" [conv_1/conv_1.cpp:35]   --->   Operation 53 'zext' 'zext_ln35_1' <Predicate = (!icmp_ln8)> <Delay = 0.00>
ST_2 : Operation 54 [1/1] (0.00ns)   --->   "%zext_ln35_2 = zext i5 %select_ln35_5 to i10" [conv_1/conv_1.cpp:35]   --->   Operation 54 'zext' 'zext_ln35_2' <Predicate = (!icmp_ln8)> <Delay = 0.00>
ST_2 : Operation 55 [1/1] (3.02ns) (root node of the DSP)   --->   "%add_ln35 = add i10 %mul_ln35, %zext_ln35_2" [conv_1/conv_1.cpp:35]   --->   Operation 55 'add' 'add_ln35' <Predicate = (!icmp_ln8)> <Delay = 3.02> <Core = "DSP48">   --->   Core 88 'DSP48' <Latency = 0> <II = 1> <Delay = 6.38> <IPBlock> <Opcode : 'mul' 'add' 'sub' 'select'> <InPorts = 0> <OutPorts = 1> <Sync> <CReg>
ST_2 : Operation 56 [1/1] (0.00ns)   --->   "%tmp_1 = call i15 @_ssdm_op_BitConcatenate.i15.i10.i5(i10 %add_ln35, i5 0)" [conv_1/conv_1.cpp:26]   --->   Operation 56 'bitconcatenate' 'tmp_1' <Predicate = (!icmp_ln8)> <Delay = 0.00>
ST_2 : Operation 57 [1/1] (0.00ns)   --->   "%zext_ln26_1 = zext i15 %tmp_1 to i16" [conv_1/conv_1.cpp:26]   --->   Operation 57 'zext' 'zext_ln26_1' <Predicate = (!icmp_ln8)> <Delay = 0.00>
ST_2 : Operation 58 [1/1] (1.78ns)   --->   "%add_ln26_4 = add i5 %select_ln35, 2" [conv_1/conv_1.cpp:26]   --->   Operation 58 'add' 'add_ln26_4' <Predicate = (!icmp_ln8)> <Delay = 1.78> <Core = "AddSub">   --->   Core 14 'AddSub' <Latency = 0> <II = 1> <Delay = 1.63> <FuncUnit> <Opcode : 'add' 'sub'> <InPorts = 2> <OutPorts = 1>
ST_2 : Operation 59 [1/1] (1.21ns) (out node of the LUT)   --->   "%select_ln35_6 = select i1 %and_ln35, i5 %add_ln26_4, i5 %select_ln35_2" [conv_1/conv_1.cpp:35]   --->   Operation 59 'select' 'select_ln35_6' <Predicate = (!icmp_ln8)> <Delay = 1.21> <Core = "Sel">   --->   Core 26 'Sel' <Latency = 0> <II = 1> <Delay = 0.69> <FuncUnit> <Opcode : 'select'> <InPorts = 3> <OutPorts = 1>
ST_2 : Operation 60 [1/1] (0.00ns)   --->   "%zext_ln35_3 = zext i5 %select_ln35_6 to i12" [conv_1/conv_1.cpp:35]   --->   Operation 60 'zext' 'zext_ln35_3' <Predicate = (!icmp_ln8)> <Delay = 0.00>
ST_2 : Operation 61 [1/1] (1.78ns)   --->   "%add_ln26_5 = add i5 %select_ln35, 3" [conv_1/conv_1.cpp:26]   --->   Operation 61 'add' 'add_ln26_5' <Predicate = (!icmp_ln8)> <Delay = 1.78> <Core = "AddSub">   --->   Core 14 'AddSub' <Latency = 0> <II = 1> <Delay = 1.63> <FuncUnit> <Opcode : 'add' 'sub'> <InPorts = 2> <OutPorts = 1>
ST_2 : Operation 62 [1/1] (1.21ns) (out node of the LUT)   --->   "%select_ln35_7 = select i1 %and_ln35, i5 %add_ln26_5, i5 %select_ln35_3" [conv_1/conv_1.cpp:35]   --->   Operation 62 'select' 'select_ln35_7' <Predicate = (!icmp_ln8)> <Delay = 1.21> <Core = "Sel">   --->   Core 26 'Sel' <Latency = 0> <II = 1> <Delay = 0.69> <FuncUnit> <Opcode : 'select'> <InPorts = 3> <OutPorts = 1>
ST_2 : Operation 63 [1/1] (0.00ns)   --->   "%zext_ln35_4 = zext i5 %select_ln35_7 to i12" [conv_1/conv_1.cpp:35]   --->   Operation 63 'zext' 'zext_ln35_4' <Predicate = (!icmp_ln8)> <Delay = 0.00>
ST_2 : Operation 64 [1/1] (0.00ns)   --->   "call void (...)* @_ssdm_op_SpecLoopName([13 x i8]* @p_str2) nounwind" [conv_1/conv_1.cpp:15]   --->   Operation 64 'specloopname' <Predicate = (!icmp_ln8)> <Delay = 0.00>
ST_2 : Operation 65 [1/1] (0.00ns)   --->   "%tmp_3 = call i32 (...)* @_ssdm_op_SpecRegionBegin([13 x i8]* @p_str2) nounwind" [conv_1/conv_1.cpp:15]   --->   Operation 65 'specregionbegin' 'tmp_3' <Predicate = (!icmp_ln8)> <Delay = 0.00>
ST_2 : Operation 66 [1/1] (0.00ns)   --->   "%zext_ln26 = zext i6 %select_ln35_4 to i64" [conv_1/conv_1.cpp:26]   --->   Operation 66 'zext' 'zext_ln26' <Predicate = (!icmp_ln8)> <Delay = 0.00>
ST_2 : Operation 67 [1/1] (0.00ns)   --->   "%zext_ln35_5 = zext i6 %select_ln35_4 to i10" [conv_1/conv_1.cpp:35]   --->   Operation 67 'zext' 'zext_ln35_5' <Predicate = (!icmp_ln8)> <Delay = 0.00>
ST_2 : Operation 68 [1/1] (0.00ns)   --->   "%zext_ln35_6 = zext i6 %select_ln35_4 to i16" [conv_1/conv_1.cpp:35]   --->   Operation 68 'zext' 'zext_ln35_6' <Predicate = (!icmp_ln8)> <Delay = 0.00>
ST_2 : Operation 69 [1/1] (1.94ns)   --->   "%add_ln35_1 = add i16 %zext_ln26_1, %zext_ln35_6" [conv_1/conv_1.cpp:35]   --->   Operation 69 'add' 'add_ln35_1' <Predicate = (!icmp_ln8)> <Delay = 1.94> <Core = "AddSub">   --->   Core 14 'AddSub' <Latency = 0> <II = 1> <Delay = 1.63> <FuncUnit> <Opcode : 'add' 'sub'> <InPorts = 2> <OutPorts = 1>
ST_2 : Operation 70 [1/1] (0.00ns)   --->   "%zext_ln35_7 = zext i16 %add_ln35_1 to i64" [conv_1/conv_1.cpp:35]   --->   Operation 70 'zext' 'zext_ln35_7' <Predicate = (!icmp_ln8)> <Delay = 0.00>
ST_2 : Operation 71 [1/1] (0.00ns)   --->   "%conv_out_addr = getelementptr [21632 x float]* %conv_out, i64 0, i64 %zext_ln35_7" [conv_1/conv_1.cpp:35]   --->   Operation 71 'getelementptr' 'conv_out_addr' <Predicate = (!icmp_ln8)> <Delay = 0.00>
ST_2 : Operation 72 [1/1] (1.76ns)   --->   "br label %2" [conv_1/conv_1.cpp:18]   --->   Operation 72 'br' <Predicate = (!icmp_ln8)> <Delay = 1.76>
ST_2 : Operation 73 [1/1] (0.00ns)   --->   "ret void" [conv_1/conv_1.cpp:42]   --->   Operation 73 'ret' <Predicate = (icmp_ln8)> <Delay = 0.00>

State 3 <SV = 2> <Delay = 6.82>
ST_3 : Operation 74 [1/1] (0.00ns)   --->   "%wr_0 = phi i2 [ 0, %Filter1_Loop_begin ], [ %wr, %W_Col_Loop_end ]"   --->   Operation 74 'phi' 'wr_0' <Predicate = true> <Delay = 0.00>
ST_3 : Operation 75 [1/1] (0.00ns)   --->   "%w_sum_0 = phi float [ 0.000000e+00, %Filter1_Loop_begin ], [ %w_sum_2_2, %W_Col_Loop_end ]" [conv_1/conv_1.cpp:26]   --->   Operation 75 'phi' 'w_sum_0' <Predicate = true> <Delay = 0.00>
ST_3 : Operation 76 [1/1] (0.95ns)   --->   "%icmp_ln18 = icmp eq i2 %wr_0, -1" [conv_1/conv_1.cpp:18]   --->   Operation 76 'icmp' 'icmp_ln18' <Predicate = true> <Delay = 0.95> <Core = "Cmp">   --->   Core 25 'Cmp' <Latency = 0> <II = 1> <Delay = 2.44> <FuncUnit> <Opcode : 'icmp'> <InPorts = 2> <OutPorts = 1>
ST_3 : Operation 77 [1/1] (0.00ns)   --->   "%empty = call i32 (...)* @_ssdm_op_SpecLoopTripCount(i64 3, i64 3, i64 3) nounwind"   --->   Operation 77 'speclooptripcount' 'empty' <Predicate = true> <Delay = 0.00>
ST_3 : Operation 78 [1/1] (1.56ns)   --->   "%wr = add i2 %wr_0, 1" [conv_1/conv_1.cpp:18]   --->   Operation 78 'add' 'wr' <Predicate = true> <Delay = 1.56> <Core = "AddSub">   --->   Core 14 'AddSub' <Latency = 0> <II = 1> <Delay = 1.63> <FuncUnit> <Opcode : 'add' 'sub'> <InPorts = 2> <OutPorts = 1>
ST_3 : Operation 79 [1/1] (0.00ns)   --->   "br i1 %icmp_ln18, label %Filter1_Loop_end, label %W_Col_Loop_begin" [conv_1/conv_1.cpp:18]   --->   Operation 79 'br' <Predicate = true> <Delay = 0.00>
ST_3 : Operation 80 [1/1] (0.00ns)   --->   "%zext_ln18 = zext i2 %wr_0 to i5" [conv_1/conv_1.cpp:18]   --->   Operation 80 'zext' 'zext_ln18' <Predicate = (!icmp_ln18)> <Delay = 0.00>
ST_3 : Operation 81 [1/1] (0.00ns)   --->   "call void (...)* @_ssdm_op_SpecLoopName([11 x i8]* @p_str3) nounwind" [conv_1/conv_1.cpp:19]   --->   Operation 81 'specloopname' <Predicate = (!icmp_ln18)> <Delay = 0.00>
ST_3 : Operation 82 [1/1] (0.00ns)   --->   "%tmp_10 = call i4 @_ssdm_op_BitConcatenate.i4.i2.i2(i2 %wr_0, i2 0)" [conv_1/conv_1.cpp:26]   --->   Operation 82 'bitconcatenate' 'tmp_10' <Predicate = (!icmp_ln18)> <Delay = 0.00>
ST_3 : Operation 83 [1/1] (0.00ns)   --->   "%zext_ln26_2 = zext i4 %tmp_10 to i5" [conv_1/conv_1.cpp:26]   --->   Operation 83 'zext' 'zext_ln26_2' <Predicate = (!icmp_ln18)> <Delay = 0.00>
ST_3 : Operation 84 [1/1] (1.73ns)   --->   "%sub_ln26 = sub i5 %zext_ln26_2, %zext_ln18" [conv_1/conv_1.cpp:26]   --->   Operation 84 'sub' 'sub_ln26' <Predicate = (!icmp_ln18)> <Delay = 1.73> <Core = "AddSub">   --->   Core 14 'AddSub' <Latency = 0> <II = 1> <Delay = 1.63> <FuncUnit> <Opcode : 'add' 'sub'> <InPorts = 2> <OutPorts = 1>
ST_3 : Operation 85 [1/1] (1.78ns)   --->   "%add_ln26 = add i5 %select_ln35_1, %zext_ln18" [conv_1/conv_1.cpp:26]   --->   Operation 85 'add' 'add_ln26' <Predicate = (!icmp_ln18)> <Delay = 1.78> <Core = "AddSub">   --->   Core 14 'AddSub' <Latency = 0> <II = 1> <Delay = 1.63> <FuncUnit> <Opcode : 'add' 'sub'> <InPorts = 2> <OutPorts = 1>
ST_3 : Operation 86 [1/1] (0.00ns)   --->   "%tmp_11 = call i10 @_ssdm_op_BitConcatenate.i10.i5.i5(i5 %add_ln26, i5 0)" [conv_1/conv_1.cpp:26]   --->   Operation 86 'bitconcatenate' 'tmp_11' <Predicate = (!icmp_ln18)> <Delay = 0.00>
ST_3 : Operation 87 [1/1] (0.00ns)   --->   "%zext_ln26_3 = zext i10 %tmp_11 to i11" [conv_1/conv_1.cpp:26]   --->   Operation 87 'zext' 'zext_ln26_3' <Predicate = (!icmp_ln18)> <Delay = 0.00>
ST_3 : Operation 88 [1/1] (0.00ns)   --->   "%tmp_12 = call i7 @_ssdm_op_BitConcatenate.i7.i5.i2(i5 %add_ln26, i2 0)" [conv_1/conv_1.cpp:26]   --->   Operation 88 'bitconcatenate' 'tmp_12' <Predicate = (!icmp_ln18)> <Delay = 0.00>
ST_3 : Operation 89 [1/1] (0.00ns)   --->   "%zext_ln26_4 = zext i7 %tmp_12 to i11" [conv_1/conv_1.cpp:26]   --->   Operation 89 'zext' 'zext_ln26_4' <Predicate = (!icmp_ln18)> <Delay = 0.00>
ST_3 : Operation 90 [1/1] (1.73ns)   --->   "%sub_ln26_1 = sub i11 %zext_ln26_3, %zext_ln26_4" [conv_1/conv_1.cpp:26]   --->   Operation 90 'sub' 'sub_ln26_1' <Predicate = (!icmp_ln18)> <Delay = 1.73> <Core = "AddSub">   --->   Core 14 'AddSub' <Latency = 0> <II = 1> <Delay = 1.63> <FuncUnit> <Opcode : 'add' 'sub'> <InPorts = 2> <OutPorts = 1>
ST_3 : Operation 91 [1/1] (0.00ns)   --->   "%sext_ln26 = sext i11 %sub_ln26_1 to i12" [conv_1/conv_1.cpp:26]   --->   Operation 91 'sext' 'sext_ln26' <Predicate = (!icmp_ln18)> <Delay = 0.00>
ST_3 : Operation 92 [1/1] (1.63ns)   --->   "%add_ln26_6 = add i12 %zext_ln35_1, %sext_ln26" [conv_1/conv_1.cpp:26]   --->   Operation 92 'add' 'add_ln26_6' <Predicate = (!icmp_ln18)> <Delay = 1.63> <Core = "AddSub">   --->   Core 14 'AddSub' <Latency = 0> <II = 1> <Delay = 1.63> <FuncUnit> <Opcode : 'add' 'sub'> <InPorts = 2> <OutPorts = 1>
ST_3 : Operation 93 [1/1] (0.00ns)   --->   "%sext_ln26_1 = sext i12 %add_ln26_6 to i13" [conv_1/conv_1.cpp:26]   --->   Operation 93 'sext' 'sext_ln26_1' <Predicate = (!icmp_ln18)> <Delay = 0.00>
ST_3 : Operation 94 [1/1] (0.00ns)   --->   "%trunc_ln26 = trunc i12 %add_ln26_6 to i11" [conv_1/conv_1.cpp:26]   --->   Operation 94 'trunc' 'trunc_ln26' <Predicate = (!icmp_ln18)> <Delay = 0.00>
ST_3 : Operation 95 [1/1] (0.00ns)   --->   "%p_shl2_cast = call i13 @_ssdm_op_BitConcatenate.i13.i11.i2(i11 %trunc_ln26, i2 0)" [conv_1/conv_1.cpp:26]   --->   Operation 95 'bitconcatenate' 'p_shl2_cast' <Predicate = (!icmp_ln18)> <Delay = 0.00>
ST_3 : Operation 96 [1/1] (1.67ns)   --->   "%sub_ln26_2 = sub i13 %p_shl2_cast, %sext_ln26_1" [conv_1/conv_1.cpp:26]   --->   Operation 96 'sub' 'sub_ln26_2' <Predicate = (!icmp_ln18)> <Delay = 1.67> <Core = "AddSub">   --->   Core 14 'AddSub' <Latency = 0> <II = 1> <Delay = 1.63> <FuncUnit> <Opcode : 'add' 'sub'> <InPorts = 2> <OutPorts = 1>
ST_3 : Operation 97 [1/1] (1.63ns)   --->   "%add_ln26_7 = add i12 %zext_ln35_3, %sext_ln26" [conv_1/conv_1.cpp:26]   --->   Operation 97 'add' 'add_ln26_7' <Predicate = (!icmp_ln18)> <Delay = 1.63> <Core = "AddSub">   --->   Core 14 'AddSub' <Latency = 0> <II = 1> <Delay = 1.63> <FuncUnit> <Opcode : 'add' 'sub'> <InPorts = 2> <OutPorts = 1>
ST_3 : Operation 98 [1/1] (0.00ns)   --->   "%sext_ln26_2 = sext i12 %add_ln26_7 to i13" [conv_1/conv_1.cpp:26]   --->   Operation 98 'sext' 'sext_ln26_2' <Predicate = (!icmp_ln18)> <Delay = 0.00>
ST_3 : Operation 99 [1/1] (0.00ns)   --->   "%trunc_ln26_1 = trunc i12 %add_ln26_7 to i11" [conv_1/conv_1.cpp:26]   --->   Operation 99 'trunc' 'trunc_ln26_1' <Predicate = (!icmp_ln18)> <Delay = 0.00>
ST_3 : Operation 100 [1/1] (0.00ns)   --->   "%p_shl1_cast = call i13 @_ssdm_op_BitConcatenate.i13.i11.i2(i11 %trunc_ln26_1, i2 0)" [conv_1/conv_1.cpp:26]   --->   Operation 100 'bitconcatenate' 'p_shl1_cast' <Predicate = (!icmp_ln18)> <Delay = 0.00>
ST_3 : Operation 101 [1/1] (1.67ns)   --->   "%sub_ln26_3 = sub i13 %p_shl1_cast, %sext_ln26_2" [conv_1/conv_1.cpp:26]   --->   Operation 101 'sub' 'sub_ln26_3' <Predicate = (!icmp_ln18)> <Delay = 1.67> <Core = "AddSub">   --->   Core 14 'AddSub' <Latency = 0> <II = 1> <Delay = 1.63> <FuncUnit> <Opcode : 'add' 'sub'> <InPorts = 2> <OutPorts = 1>
ST_3 : Operation 102 [1/1] (1.63ns)   --->   "%add_ln26_8 = add i12 %zext_ln35_4, %sext_ln26" [conv_1/conv_1.cpp:26]   --->   Operation 102 'add' 'add_ln26_8' <Predicate = (!icmp_ln18)> <Delay = 1.63> <Core = "AddSub">   --->   Core 14 'AddSub' <Latency = 0> <II = 1> <Delay = 1.63> <FuncUnit> <Opcode : 'add' 'sub'> <InPorts = 2> <OutPorts = 1>
ST_3 : Operation 103 [1/1] (0.00ns)   --->   "%sext_ln26_3 = sext i12 %add_ln26_8 to i13" [conv_1/conv_1.cpp:26]   --->   Operation 103 'sext' 'sext_ln26_3' <Predicate = (!icmp_ln18)> <Delay = 0.00>
ST_3 : Operation 104 [1/1] (0.00ns)   --->   "%trunc_ln26_2 = trunc i12 %add_ln26_8 to i11" [conv_1/conv_1.cpp:26]   --->   Operation 104 'trunc' 'trunc_ln26_2' <Predicate = (!icmp_ln18)> <Delay = 0.00>
ST_3 : Operation 105 [1/1] (0.00ns)   --->   "%p_shl_cast = call i13 @_ssdm_op_BitConcatenate.i13.i11.i2(i11 %trunc_ln26_2, i2 0)" [conv_1/conv_1.cpp:26]   --->   Operation 105 'bitconcatenate' 'p_shl_cast' <Predicate = (!icmp_ln18)> <Delay = 0.00>
ST_3 : Operation 106 [1/1] (1.67ns)   --->   "%sub_ln26_4 = sub i13 %p_shl_cast, %sext_ln26_3" [conv_1/conv_1.cpp:26]   --->   Operation 106 'sub' 'sub_ln26_4' <Predicate = (!icmp_ln18)> <Delay = 1.67> <Core = "AddSub">   --->   Core 14 'AddSub' <Latency = 0> <II = 1> <Delay = 1.63> <FuncUnit> <Opcode : 'add' 'sub'> <InPorts = 2> <OutPorts = 1>
ST_3 : Operation 107 [1/1] (0.00ns)   --->   "%tmp_4 = call i32 (...)* @_ssdm_op_SpecRegionBegin([11 x i8]* @p_str4) nounwind" [conv_1/conv_1.cpp:22]   --->   Operation 107 'specregionbegin' 'tmp_4' <Predicate = (!icmp_ln18)> <Delay = 0.00>
ST_3 : Operation 108 [1/1] (1.76ns)   --->   "br label %3" [conv_1/conv_1.cpp:24]   --->   Operation 108 'br' <Predicate = (!icmp_ln18)> <Delay = 1.76>
ST_3 : Operation 109 [1/1] (0.00ns)   --->   "%conv_1_bias_addr = getelementptr inbounds [32 x float]* @conv_1_bias, i64 0, i64 %zext_ln26" [conv_1/conv_1.cpp:31]   --->   Operation 109 'getelementptr' 'conv_1_bias_addr' <Predicate = (icmp_ln18)> <Delay = 0.00>
ST_3 : Operation 110 [2/2] (3.25ns)   --->   "%conv_1_bias_load = load float* %conv_1_bias_addr, align 4" [conv_1/conv_1.cpp:31]   --->   Operation 110 'load' 'conv_1_bias_load' <Predicate = (icmp_ln18)> <Delay = 3.25> <Core = "ROM_nP">   --->   Core 52 'ROM_nP' <Latency = 1> <II = 1> <Delay = 3.25> <Storage> <Opcode : 'load'> <Ports = 0> <Width = 32> <Depth = 32> <ROM>
ST_3 : Operation 111 [1/1] (1.82ns)   --->   "%f = add i6 1, %select_ln35_4" [conv_1/conv_1.cpp:14]   --->   Operation 111 'add' 'f' <Predicate = (icmp_ln18)> <Delay = 1.82> <Core = "AddSub">   --->   Core 14 'AddSub' <Latency = 0> <II = 1> <Delay = 1.63> <FuncUnit> <Opcode : 'add' 'sub'> <InPorts = 2> <OutPorts = 1>
ST_3 : Operation 112 [1/1] (1.63ns)   --->   "%add_ln11 = add i11 1, %indvar_flatten" [conv_1/conv_1.cpp:11]   --->   Operation 112 'add' 'add_ln11' <Predicate = (icmp_ln18 & !icmp_ln11)> <Delay = 1.63> <Core = "AddSub">   --->   Core 14 'AddSub' <Latency = 0> <II = 1> <Delay = 1.63> <FuncUnit> <Opcode : 'add' 'sub'> <InPorts = 2> <OutPorts = 1>
ST_3 : Operation 113 [1/1] (0.69ns)   --->   "%select_ln11 = select i1 %icmp_ln11, i11 1, i11 %add_ln11" [conv_1/conv_1.cpp:11]   --->   Operation 113 'select' 'select_ln11' <Predicate = (icmp_ln18)> <Delay = 0.69> <Core = "Sel">   --->   Core 26 'Sel' <Latency = 0> <II = 1> <Delay = 0.69> <FuncUnit> <Opcode : 'select'> <InPorts = 3> <OutPorts = 1>

State 4 <SV = 3> <Delay = 6.76>
ST_4 : Operation 114 [1/1] (0.00ns)   --->   "%ch_0_0 = phi i2 [ 0, %W_Col_Loop_begin ], [ %add_ln24, %Chan_Loop ]" [conv_1/conv_1.cpp:24]   --->   Operation 114 'phi' 'ch_0_0' <Predicate = true> <Delay = 0.00>
ST_4 : Operation 115 [1/1] (0.95ns)   --->   "%icmp_ln24 = icmp eq i2 %ch_0_0, -1" [conv_1/conv_1.cpp:24]   --->   Operation 115 'icmp' 'icmp_ln24' <Predicate = true> <Delay = 0.95> <Core = "Cmp">   --->   Core 25 'Cmp' <Latency = 0> <II = 1> <Delay = 2.44> <FuncUnit> <Opcode : 'icmp'> <InPorts = 2> <OutPorts = 1>
ST_4 : Operation 116 [1/1] (0.00ns)   --->   "%zext_ln26_5 = zext i2 %ch_0_0 to i13" [conv_1/conv_1.cpp:26]   --->   Operation 116 'zext' 'zext_ln26_5' <Predicate = (!icmp_ln24)> <Delay = 0.00>
ST_4 : Operation 117 [1/1] (0.00ns)   --->   "%zext_ln26_6 = zext i2 %ch_0_0 to i5" [conv_1/conv_1.cpp:26]   --->   Operation 117 'zext' 'zext_ln26_6' <Predicate = (!icmp_ln24)> <Delay = 0.00>
ST_4 : Operation 118 [1/1] (1.78ns)   --->   "%add_ln26_9 = add i5 %zext_ln26_6, %sub_ln26" [conv_1/conv_1.cpp:26]   --->   Operation 118 'add' 'add_ln26_9' <Predicate = (!icmp_ln24)> <Delay = 1.78> <Core = "AddSub">   --->   Core 14 'AddSub' <Latency = 0> <II = 1> <Delay = 1.63> <FuncUnit> <Opcode : 'add' 'sub'> <InPorts = 2> <OutPorts = 1>
ST_4 : Operation 119 [1/1] (0.00ns)   --->   "%tmp_18_cast = call i10 @_ssdm_op_BitConcatenate.i10.i5.i5(i5 %add_ln26_9, i5 0)" [conv_1/conv_1.cpp:26]   --->   Operation 119 'bitconcatenate' 'tmp_18_cast' <Predicate = (!icmp_ln24)> <Delay = 0.00>
ST_4 : Operation 120 [1/1] (1.73ns)   --->   "%add_ln26_10 = add i10 %zext_ln35_5, %tmp_18_cast" [conv_1/conv_1.cpp:26]   --->   Operation 120 'add' 'add_ln26_10' <Predicate = (!icmp_ln24)> <Delay = 1.73> <Core = "AddSub">   --->   Core 14 'AddSub' <Latency = 0> <II = 1> <Delay = 1.63> <FuncUnit> <Opcode : 'add' 'sub'> <InPorts = 2> <OutPorts = 1>
ST_4 : Operation 121 [1/1] (0.00ns)   --->   "%zext_ln26_7 = zext i10 %add_ln26_10 to i64" [conv_1/conv_1.cpp:26]   --->   Operation 121 'zext' 'zext_ln26_7' <Predicate = (!icmp_ln24)> <Delay = 0.00>
ST_4 : Operation 122 [1/1] (0.00ns)   --->   "%conv_1_weights_0_add = getelementptr [288 x float]* @conv_1_weights_0, i64 0, i64 %zext_ln26_7" [conv_1/conv_1.cpp:26]   --->   Operation 122 'getelementptr' 'conv_1_weights_0_add' <Predicate = (!icmp_ln24)> <Delay = 0.00>
ST_4 : Operation 123 [1/1] (1.67ns)   --->   "%add_ln26_11 = add i13 %zext_ln26_5, %sub_ln26_2" [conv_1/conv_1.cpp:26]   --->   Operation 123 'add' 'add_ln26_11' <Predicate = (!icmp_ln24)> <Delay = 1.67> <Core = "AddSub">   --->   Core 14 'AddSub' <Latency = 0> <II = 1> <Delay = 1.63> <FuncUnit> <Opcode : 'add' 'sub'> <InPorts = 2> <OutPorts = 1>
ST_4 : Operation 124 [1/1] (0.00ns)   --->   "%zext_ln26_8 = zext i13 %add_ln26_11 to i64" [conv_1/conv_1.cpp:26]   --->   Operation 124 'zext' 'zext_ln26_8' <Predicate = (!icmp_ln24)> <Delay = 0.00>
ST_4 : Operation 125 [1/1] (0.00ns)   --->   "%conv_input_addr = getelementptr [2352 x float]* %conv_input, i64 0, i64 %zext_ln26_8" [conv_1/conv_1.cpp:26]   --->   Operation 125 'getelementptr' 'conv_input_addr' <Predicate = (!icmp_ln24)> <Delay = 0.00>
ST_4 : Operation 126 [2/2] (3.25ns)   --->   "%conv_1_weights_0_loa = load float* %conv_1_weights_0_add, align 4" [conv_1/conv_1.cpp:26]   --->   Operation 126 'load' 'conv_1_weights_0_loa' <Predicate = (!icmp_ln24)> <Delay = 3.25> <Core = "ROM_nP">   --->   Core 52 'ROM_nP' <Latency = 1> <II = 1> <Delay = 3.25> <Storage> <Opcode : 'load'> <Ports = 0> <Width = 32> <Depth = 32> <ROM>
ST_4 : Operation 127 [2/2] (3.25ns)   --->   "%conv_input_load = load float* %conv_input_addr, align 4" [conv_1/conv_1.cpp:26]   --->   Operation 127 'load' 'conv_input_load' <Predicate = (!icmp_ln24)> <Delay = 3.25> <Core = "RAM">   --->   Core 37 'RAM' <Latency = 1> <II = 1> <Delay = 3.25> <Storage> <Opcode : 'load' 'store'> <Ports = 2> <Width = 32> <Depth = 21632> <RAM>

State 5 <SV = 4> <Delay = 15.6>
ST_5 : Operation 128 [1/1] (1.56ns)   --->   "%add_ln24 = add i2 %ch_0_0, 1" [conv_1/conv_1.cpp:24]   --->   Operation 128 'add' 'add_ln24' <Predicate = true> <Delay = 1.56> <Core = "AddSub">   --->   Core 14 'AddSub' <Latency = 0> <II = 1> <Delay = 1.63> <FuncUnit> <Opcode : 'add' 'sub'> <InPorts = 2> <OutPorts = 1>
ST_5 : Operation 129 [1/2] (3.25ns)   --->   "%conv_1_weights_0_loa = load float* %conv_1_weights_0_add, align 4" [conv_1/conv_1.cpp:26]   --->   Operation 129 'load' 'conv_1_weights_0_loa' <Predicate = (!icmp_ln24)> <Delay = 3.25> <Core = "ROM_nP">   --->   Core 52 'ROM_nP' <Latency = 1> <II = 1> <Delay = 3.25> <Storage> <Opcode : 'load'> <Ports = 0> <Width = 32> <Depth = 32> <ROM>
ST_5 : Operation 130 [1/2] (3.25ns)   --->   "%conv_input_load = load float* %conv_input_addr, align 4" [conv_1/conv_1.cpp:26]   --->   Operation 130 'load' 'conv_input_load' <Predicate = (!icmp_ln24)> <Delay = 3.25> <Core = "RAM">   --->   Core 37 'RAM' <Latency = 1> <II = 1> <Delay = 3.25> <Storage> <Opcode : 'load' 'store'> <Ports = 2> <Width = 32> <Depth = 21632> <RAM>
ST_5 : Operation 131 [2/2] (12.3ns)   --->   "%tmp_s = fmul float %conv_1_weights_0_loa, %conv_input_load" [conv_1/conv_1.cpp:26]   --->   Operation 131 'fmul' 'tmp_s' <Predicate = (!icmp_ln24)> <Delay = 12.3> <Core = "FMul">   --->   Core 106 'FMul' <Latency = 1> <II = 1> <Delay = 12.3> <FuncUnit> <Opcode : 'fmul'> <InPorts = 2> <OutPorts = 1>

State 6 <SV = 5> <Delay = 34.9>
ST_6 : Operation 132 [1/1] (0.00ns)   --->   "%w_sum_2_0 = phi float [ %w_sum_0, %W_Col_Loop_begin ], [ %w_sum_3, %Chan_Loop ]" [conv_1/conv_1.cpp:26]   --->   Operation 132 'phi' 'w_sum_2_0' <Predicate = true> <Delay = 0.00>
ST_6 : Operation 133 [1/1] (0.00ns)   --->   "%empty_5 = call i32 (...)* @_ssdm_op_SpecLoopTripCount(i64 3, i64 3, i64 3) nounwind"   --->   Operation 133 'speclooptripcount' 'empty_5' <Predicate = true> <Delay = 0.00>
ST_6 : Operation 134 [1/1] (0.00ns)   --->   "br i1 %icmp_ln24, label %W_Col_Loop, label %Chan_Loop" [conv_1/conv_1.cpp:24]   --->   Operation 134 'br' <Predicate = true> <Delay = 0.00>
ST_6 : Operation 135 [1/2] (12.3ns)   --->   "%tmp_s = fmul float %conv_1_weights_0_loa, %conv_input_load" [conv_1/conv_1.cpp:26]   --->   Operation 135 'fmul' 'tmp_s' <Predicate = (!icmp_ln24)> <Delay = 12.3> <Core = "FMul">   --->   Core 106 'FMul' <Latency = 1> <II = 1> <Delay = 12.3> <FuncUnit> <Opcode : 'fmul'> <InPorts = 2> <OutPorts = 1>
ST_6 : Operation 136 [2/2] (22.5ns)   --->   "%w_sum_3 = fadd float %w_sum_2_0, %tmp_s" [conv_1/conv_1.cpp:26]   --->   Operation 136 'fadd' 'w_sum_3' <Predicate = (!icmp_ln24)> <Delay = 22.5> <Core = "FAddSub">   --->   Core 105 'FAddSub' <Latency = 1> <II = 1> <Delay = 22.5> <FuncUnit> <Opcode : 'fadd' 'fsub'> <InPorts = 2> <OutPorts = 1>

State 7 <SV = 6> <Delay = 22.5>
ST_7 : Operation 137 [1/1] (0.00ns)   --->   "call void (...)* @_ssdm_op_SpecLoopName([10 x i8]* @p_str6) nounwind" [conv_1/conv_1.cpp:25]   --->   Operation 137 'specloopname' <Predicate = (!icmp_ln24)> <Delay = 0.00>
ST_7 : Operation 138 [1/1] (0.00ns)   --->   "%tmp_6 = call i32 (...)* @_ssdm_op_SpecRegionBegin([10 x i8]* @p_str6) nounwind" [conv_1/conv_1.cpp:25]   --->   Operation 138 'specregionbegin' 'tmp_6' <Predicate = (!icmp_ln24)> <Delay = 0.00>
ST_7 : Operation 139 [1/1] (0.00ns)   --->   "call void (...)* @_ssdm_op_SpecPipeline(i32 -1, i32 1, i32 1, i32 0, [1 x i8]* @p_str5) nounwind" [conv_1/conv_1.cpp:26]   --->   Operation 139 'specpipeline' <Predicate = (!icmp_ln24)> <Delay = 0.00>
ST_7 : Operation 140 [1/2] (22.5ns)   --->   "%w_sum_3 = fadd float %w_sum_2_0, %tmp_s" [conv_1/conv_1.cpp:26]   --->   Operation 140 'fadd' 'w_sum_3' <Predicate = (!icmp_ln24)> <Delay = 22.5> <Core = "FAddSub">   --->   Core 105 'FAddSub' <Latency = 1> <II = 1> <Delay = 22.5> <FuncUnit> <Opcode : 'fadd' 'fsub'> <InPorts = 2> <OutPorts = 1>
ST_7 : Operation 141 [1/1] (0.00ns)   --->   "%empty_6 = call i32 (...)* @_ssdm_op_SpecRegionEnd([10 x i8]* @p_str6, i32 %tmp_6) nounwind" [conv_1/conv_1.cpp:28]   --->   Operation 141 'specregionend' 'empty_6' <Predicate = (!icmp_ln24)> <Delay = 0.00>
ST_7 : Operation 142 [1/1] (0.00ns)   --->   "br label %3" [conv_1/conv_1.cpp:24]   --->   Operation 142 'br' <Predicate = (!icmp_ln24)> <Delay = 0.00>

State 8 <SV = 6> <Delay = 1.76>
ST_8 : Operation 143 [1/1] (0.00ns)   --->   "%empty_4 = call i32 (...)* @_ssdm_op_SpecRegionEnd([11 x i8]* @p_str4, i32 %tmp_4) nounwind" [conv_1/conv_1.cpp:29]   --->   Operation 143 'specregionend' 'empty_4' <Predicate = true> <Delay = 0.00>
ST_8 : Operation 144 [1/1] (0.00ns)   --->   "%tmp_5 = call i32 (...)* @_ssdm_op_SpecRegionBegin([11 x i8]* @p_str4) nounwind" [conv_1/conv_1.cpp:22]   --->   Operation 144 'specregionbegin' 'tmp_5' <Predicate = true> <Delay = 0.00>
ST_8 : Operation 145 [1/1] (1.76ns)   --->   "br label %4" [conv_1/conv_1.cpp:24]   --->   Operation 145 'br' <Predicate = true> <Delay = 1.76>

State 9 <SV = 7> <Delay = 6.76>
ST_9 : Operation 146 [1/1] (0.00ns)   --->   "%ch_0_1 = phi i2 [ 0, %W_Col_Loop ], [ %add_ln24_1, %Chan_Loop1 ]" [conv_1/conv_1.cpp:24]   --->   Operation 146 'phi' 'ch_0_1' <Predicate = true> <Delay = 0.00>
ST_9 : Operation 147 [1/1] (0.95ns)   --->   "%icmp_ln24_1 = icmp eq i2 %ch_0_1, -1" [conv_1/conv_1.cpp:24]   --->   Operation 147 'icmp' 'icmp_ln24_1' <Predicate = true> <Delay = 0.95> <Core = "Cmp">   --->   Core 25 'Cmp' <Latency = 0> <II = 1> <Delay = 2.44> <FuncUnit> <Opcode : 'icmp'> <InPorts = 2> <OutPorts = 1>
ST_9 : Operation 148 [1/1] (0.00ns)   --->   "%zext_ln26_9 = zext i2 %ch_0_1 to i13" [conv_1/conv_1.cpp:26]   --->   Operation 148 'zext' 'zext_ln26_9' <Predicate = (!icmp_ln24_1)> <Delay = 0.00>
ST_9 : Operation 149 [1/1] (0.00ns)   --->   "%zext_ln26_10 = zext i2 %ch_0_1 to i5" [conv_1/conv_1.cpp:26]   --->   Operation 149 'zext' 'zext_ln26_10' <Predicate = (!icmp_ln24_1)> <Delay = 0.00>
ST_9 : Operation 150 [1/1] (1.78ns)   --->   "%add_ln26_12 = add i5 %zext_ln26_10, %sub_ln26" [conv_1/conv_1.cpp:26]   --->   Operation 150 'add' 'add_ln26_12' <Predicate = (!icmp_ln24_1)> <Delay = 1.78> <Core = "AddSub">   --->   Core 14 'AddSub' <Latency = 0> <II = 1> <Delay = 1.63> <FuncUnit> <Opcode : 'add' 'sub'> <InPorts = 2> <OutPorts = 1>
ST_9 : Operation 151 [1/1] (0.00ns)   --->   "%tmp_20_cast = call i10 @_ssdm_op_BitConcatenate.i10.i5.i5(i5 %add_ln26_12, i5 0)" [conv_1/conv_1.cpp:26]   --->   Operation 151 'bitconcatenate' 'tmp_20_cast' <Predicate = (!icmp_ln24_1)> <Delay = 0.00>
ST_9 : Operation 152 [1/1] (1.73ns)   --->   "%add_ln26_13 = add i10 %zext_ln35_5, %tmp_20_cast" [conv_1/conv_1.cpp:26]   --->   Operation 152 'add' 'add_ln26_13' <Predicate = (!icmp_ln24_1)> <Delay = 1.73> <Core = "AddSub">   --->   Core 14 'AddSub' <Latency = 0> <II = 1> <Delay = 1.63> <FuncUnit> <Opcode : 'add' 'sub'> <InPorts = 2> <OutPorts = 1>
ST_9 : Operation 153 [1/1] (0.00ns)   --->   "%zext_ln26_11 = zext i10 %add_ln26_13 to i64" [conv_1/conv_1.cpp:26]   --->   Operation 153 'zext' 'zext_ln26_11' <Predicate = (!icmp_ln24_1)> <Delay = 0.00>
ST_9 : Operation 154 [1/1] (0.00ns)   --->   "%conv_1_weights_1_add = getelementptr [288 x float]* @conv_1_weights_1, i64 0, i64 %zext_ln26_11" [conv_1/conv_1.cpp:26]   --->   Operation 154 'getelementptr' 'conv_1_weights_1_add' <Predicate = (!icmp_ln24_1)> <Delay = 0.00>
ST_9 : Operation 155 [1/1] (1.67ns)   --->   "%add_ln26_14 = add i13 %zext_ln26_9, %sub_ln26_3" [conv_1/conv_1.cpp:26]   --->   Operation 155 'add' 'add_ln26_14' <Predicate = (!icmp_ln24_1)> <Delay = 1.67> <Core = "AddSub">   --->   Core 14 'AddSub' <Latency = 0> <II = 1> <Delay = 1.63> <FuncUnit> <Opcode : 'add' 'sub'> <InPorts = 2> <OutPorts = 1>
ST_9 : Operation 156 [1/1] (0.00ns)   --->   "%zext_ln26_12 = zext i13 %add_ln26_14 to i64" [conv_1/conv_1.cpp:26]   --->   Operation 156 'zext' 'zext_ln26_12' <Predicate = (!icmp_ln24_1)> <Delay = 0.00>
ST_9 : Operation 157 [1/1] (0.00ns)   --->   "%conv_input_addr_1 = getelementptr [2352 x float]* %conv_input, i64 0, i64 %zext_ln26_12" [conv_1/conv_1.cpp:26]   --->   Operation 157 'getelementptr' 'conv_input_addr_1' <Predicate = (!icmp_ln24_1)> <Delay = 0.00>
ST_9 : Operation 158 [2/2] (3.25ns)   --->   "%conv_1_weights_1_loa = load float* %conv_1_weights_1_add, align 4" [conv_1/conv_1.cpp:26]   --->   Operation 158 'load' 'conv_1_weights_1_loa' <Predicate = (!icmp_ln24_1)> <Delay = 3.25> <Core = "ROM_nP">   --->   Core 52 'ROM_nP' <Latency = 1> <II = 1> <Delay = 3.25> <Storage> <Opcode : 'load'> <Ports = 0> <Width = 32> <Depth = 32> <ROM>
ST_9 : Operation 159 [2/2] (3.25ns)   --->   "%conv_input_load_1 = load float* %conv_input_addr_1, align 4" [conv_1/conv_1.cpp:26]   --->   Operation 159 'load' 'conv_input_load_1' <Predicate = (!icmp_ln24_1)> <Delay = 3.25> <Core = "RAM">   --->   Core 37 'RAM' <Latency = 1> <II = 1> <Delay = 3.25> <Storage> <Opcode : 'load' 'store'> <Ports = 2> <Width = 32> <Depth = 21632> <RAM>

State 10 <SV = 8> <Delay = 15.6>
ST_10 : Operation 160 [1/1] (1.56ns)   --->   "%add_ln24_1 = add i2 %ch_0_1, 1" [conv_1/conv_1.cpp:24]   --->   Operation 160 'add' 'add_ln24_1' <Predicate = true> <Delay = 1.56> <Core = "AddSub">   --->   Core 14 'AddSub' <Latency = 0> <II = 1> <Delay = 1.63> <FuncUnit> <Opcode : 'add' 'sub'> <InPorts = 2> <OutPorts = 1>
ST_10 : Operation 161 [1/2] (3.25ns)   --->   "%conv_1_weights_1_loa = load float* %conv_1_weights_1_add, align 4" [conv_1/conv_1.cpp:26]   --->   Operation 161 'load' 'conv_1_weights_1_loa' <Predicate = (!icmp_ln24_1)> <Delay = 3.25> <Core = "ROM_nP">   --->   Core 52 'ROM_nP' <Latency = 1> <II = 1> <Delay = 3.25> <Storage> <Opcode : 'load'> <Ports = 0> <Width = 32> <Depth = 32> <ROM>
ST_10 : Operation 162 [1/2] (3.25ns)   --->   "%conv_input_load_1 = load float* %conv_input_addr_1, align 4" [conv_1/conv_1.cpp:26]   --->   Operation 162 'load' 'conv_input_load_1' <Predicate = (!icmp_ln24_1)> <Delay = 3.25> <Core = "RAM">   --->   Core 37 'RAM' <Latency = 1> <II = 1> <Delay = 3.25> <Storage> <Opcode : 'load' 'store'> <Ports = 2> <Width = 32> <Depth = 21632> <RAM>
ST_10 : Operation 163 [2/2] (12.3ns)   --->   "%tmp_1_1 = fmul float %conv_1_weights_1_loa, %conv_input_load_1" [conv_1/conv_1.cpp:26]   --->   Operation 163 'fmul' 'tmp_1_1' <Predicate = (!icmp_ln24_1)> <Delay = 12.3> <Core = "FMul">   --->   Core 106 'FMul' <Latency = 1> <II = 1> <Delay = 12.3> <FuncUnit> <Opcode : 'fmul'> <InPorts = 2> <OutPorts = 1>

State 11 <SV = 9> <Delay = 34.9>
ST_11 : Operation 164 [1/1] (0.00ns)   --->   "%w_sum_2_1 = phi float [ %w_sum_2_0, %W_Col_Loop ], [ %w_sum_3_1, %Chan_Loop1 ]" [conv_1/conv_1.cpp:26]   --->   Operation 164 'phi' 'w_sum_2_1' <Predicate = true> <Delay = 0.00>
ST_11 : Operation 165 [1/1] (0.00ns)   --->   "%empty_8 = call i32 (...)* @_ssdm_op_SpecLoopTripCount(i64 3, i64 3, i64 3) nounwind"   --->   Operation 165 'speclooptripcount' 'empty_8' <Predicate = true> <Delay = 0.00>
ST_11 : Operation 166 [1/1] (0.00ns)   --->   "br i1 %icmp_ln24_1, label %W_Col_Loop1, label %Chan_Loop1" [conv_1/conv_1.cpp:24]   --->   Operation 166 'br' <Predicate = true> <Delay = 0.00>
ST_11 : Operation 167 [1/2] (12.3ns)   --->   "%tmp_1_1 = fmul float %conv_1_weights_1_loa, %conv_input_load_1" [conv_1/conv_1.cpp:26]   --->   Operation 167 'fmul' 'tmp_1_1' <Predicate = (!icmp_ln24_1)> <Delay = 12.3> <Core = "FMul">   --->   Core 106 'FMul' <Latency = 1> <II = 1> <Delay = 12.3> <FuncUnit> <Opcode : 'fmul'> <InPorts = 2> <OutPorts = 1>
ST_11 : Operation 168 [2/2] (22.5ns)   --->   "%w_sum_3_1 = fadd float %w_sum_2_1, %tmp_1_1" [conv_1/conv_1.cpp:26]   --->   Operation 168 'fadd' 'w_sum_3_1' <Predicate = (!icmp_ln24_1)> <Delay = 22.5> <Core = "FAddSub">   --->   Core 105 'FAddSub' <Latency = 1> <II = 1> <Delay = 22.5> <FuncUnit> <Opcode : 'fadd' 'fsub'> <InPorts = 2> <OutPorts = 1>

State 12 <SV = 10> <Delay = 22.5>
ST_12 : Operation 169 [1/1] (0.00ns)   --->   "call void (...)* @_ssdm_op_SpecLoopName([10 x i8]* @p_str6) nounwind" [conv_1/conv_1.cpp:25]   --->   Operation 169 'specloopname' <Predicate = (!icmp_ln24_1)> <Delay = 0.00>
ST_12 : Operation 170 [1/1] (0.00ns)   --->   "%tmp_8 = call i32 (...)* @_ssdm_op_SpecRegionBegin([10 x i8]* @p_str6) nounwind" [conv_1/conv_1.cpp:25]   --->   Operation 170 'specregionbegin' 'tmp_8' <Predicate = (!icmp_ln24_1)> <Delay = 0.00>
ST_12 : Operation 171 [1/1] (0.00ns)   --->   "call void (...)* @_ssdm_op_SpecPipeline(i32 -1, i32 1, i32 1, i32 0, [1 x i8]* @p_str5) nounwind" [conv_1/conv_1.cpp:26]   --->   Operation 171 'specpipeline' <Predicate = (!icmp_ln24_1)> <Delay = 0.00>
ST_12 : Operation 172 [1/2] (22.5ns)   --->   "%w_sum_3_1 = fadd float %w_sum_2_1, %tmp_1_1" [conv_1/conv_1.cpp:26]   --->   Operation 172 'fadd' 'w_sum_3_1' <Predicate = (!icmp_ln24_1)> <Delay = 22.5> <Core = "FAddSub">   --->   Core 105 'FAddSub' <Latency = 1> <II = 1> <Delay = 22.5> <FuncUnit> <Opcode : 'fadd' 'fsub'> <InPorts = 2> <OutPorts = 1>
ST_12 : Operation 173 [1/1] (0.00ns)   --->   "%empty_9 = call i32 (...)* @_ssdm_op_SpecRegionEnd([10 x i8]* @p_str6, i32 %tmp_8) nounwind" [conv_1/conv_1.cpp:28]   --->   Operation 173 'specregionend' 'empty_9' <Predicate = (!icmp_ln24_1)> <Delay = 0.00>
ST_12 : Operation 174 [1/1] (0.00ns)   --->   "br label %4" [conv_1/conv_1.cpp:24]   --->   Operation 174 'br' <Predicate = (!icmp_ln24_1)> <Delay = 0.00>

State 13 <SV = 10> <Delay = 1.76>
ST_13 : Operation 175 [1/1] (0.00ns)   --->   "%empty_7 = call i32 (...)* @_ssdm_op_SpecRegionEnd([11 x i8]* @p_str4, i32 %tmp_5) nounwind" [conv_1/conv_1.cpp:29]   --->   Operation 175 'specregionend' 'empty_7' <Predicate = true> <Delay = 0.00>
ST_13 : Operation 176 [1/1] (0.00ns)   --->   "%tmp_7 = call i32 (...)* @_ssdm_op_SpecRegionBegin([11 x i8]* @p_str4) nounwind" [conv_1/conv_1.cpp:22]   --->   Operation 176 'specregionbegin' 'tmp_7' <Predicate = true> <Delay = 0.00>
ST_13 : Operation 177 [1/1] (1.76ns)   --->   "br label %5" [conv_1/conv_1.cpp:24]   --->   Operation 177 'br' <Predicate = true> <Delay = 1.76>

State 14 <SV = 11> <Delay = 6.76>
ST_14 : Operation 178 [1/1] (0.00ns)   --->   "%ch_0_2 = phi i2 [ 0, %W_Col_Loop1 ], [ %add_ln24_2, %Chan_Loop2 ]" [conv_1/conv_1.cpp:24]   --->   Operation 178 'phi' 'ch_0_2' <Predicate = true> <Delay = 0.00>
ST_14 : Operation 179 [1/1] (0.95ns)   --->   "%icmp_ln24_2 = icmp eq i2 %ch_0_2, -1" [conv_1/conv_1.cpp:24]   --->   Operation 179 'icmp' 'icmp_ln24_2' <Predicate = true> <Delay = 0.95> <Core = "Cmp">   --->   Core 25 'Cmp' <Latency = 0> <II = 1> <Delay = 2.44> <FuncUnit> <Opcode : 'icmp'> <InPorts = 2> <OutPorts = 1>
ST_14 : Operation 180 [1/1] (0.00ns)   --->   "%zext_ln26_13 = zext i2 %ch_0_2 to i13" [conv_1/conv_1.cpp:26]   --->   Operation 180 'zext' 'zext_ln26_13' <Predicate = (!icmp_ln24_2)> <Delay = 0.00>
ST_14 : Operation 181 [1/1] (0.00ns)   --->   "%zext_ln26_14 = zext i2 %ch_0_2 to i5" [conv_1/conv_1.cpp:26]   --->   Operation 181 'zext' 'zext_ln26_14' <Predicate = (!icmp_ln24_2)> <Delay = 0.00>
ST_14 : Operation 182 [1/1] (1.78ns)   --->   "%add_ln26_15 = add i5 %zext_ln26_14, %sub_ln26" [conv_1/conv_1.cpp:26]   --->   Operation 182 'add' 'add_ln26_15' <Predicate = (!icmp_ln24_2)> <Delay = 1.78> <Core = "AddSub">   --->   Core 14 'AddSub' <Latency = 0> <II = 1> <Delay = 1.63> <FuncUnit> <Opcode : 'add' 'sub'> <InPorts = 2> <OutPorts = 1>
ST_14 : Operation 183 [1/1] (0.00ns)   --->   "%tmp_22_cast = call i10 @_ssdm_op_BitConcatenate.i10.i5.i5(i5 %add_ln26_15, i5 0)" [conv_1/conv_1.cpp:26]   --->   Operation 183 'bitconcatenate' 'tmp_22_cast' <Predicate = (!icmp_ln24_2)> <Delay = 0.00>
ST_14 : Operation 184 [1/1] (1.73ns)   --->   "%add_ln26_16 = add i10 %zext_ln35_5, %tmp_22_cast" [conv_1/conv_1.cpp:26]   --->   Operation 184 'add' 'add_ln26_16' <Predicate = (!icmp_ln24_2)> <Delay = 1.73> <Core = "AddSub">   --->   Core 14 'AddSub' <Latency = 0> <II = 1> <Delay = 1.63> <FuncUnit> <Opcode : 'add' 'sub'> <InPorts = 2> <OutPorts = 1>
ST_14 : Operation 185 [1/1] (0.00ns)   --->   "%zext_ln26_15 = zext i10 %add_ln26_16 to i64" [conv_1/conv_1.cpp:26]   --->   Operation 185 'zext' 'zext_ln26_15' <Predicate = (!icmp_ln24_2)> <Delay = 0.00>
ST_14 : Operation 186 [1/1] (0.00ns)   --->   "%conv_1_weights_2_add = getelementptr [288 x float]* @conv_1_weights_2, i64 0, i64 %zext_ln26_15" [conv_1/conv_1.cpp:26]   --->   Operation 186 'getelementptr' 'conv_1_weights_2_add' <Predicate = (!icmp_ln24_2)> <Delay = 0.00>
ST_14 : Operation 187 [1/1] (1.67ns)   --->   "%add_ln26_17 = add i13 %zext_ln26_13, %sub_ln26_4" [conv_1/conv_1.cpp:26]   --->   Operation 187 'add' 'add_ln26_17' <Predicate = (!icmp_ln24_2)> <Delay = 1.67> <Core = "AddSub">   --->   Core 14 'AddSub' <Latency = 0> <II = 1> <Delay = 1.63> <FuncUnit> <Opcode : 'add' 'sub'> <InPorts = 2> <OutPorts = 1>
ST_14 : Operation 188 [1/1] (0.00ns)   --->   "%zext_ln26_16 = zext i13 %add_ln26_17 to i64" [conv_1/conv_1.cpp:26]   --->   Operation 188 'zext' 'zext_ln26_16' <Predicate = (!icmp_ln24_2)> <Delay = 0.00>
ST_14 : Operation 189 [1/1] (0.00ns)   --->   "%conv_input_addr_2 = getelementptr [2352 x float]* %conv_input, i64 0, i64 %zext_ln26_16" [conv_1/conv_1.cpp:26]   --->   Operation 189 'getelementptr' 'conv_input_addr_2' <Predicate = (!icmp_ln24_2)> <Delay = 0.00>
ST_14 : Operation 190 [2/2] (3.25ns)   --->   "%conv_1_weights_2_loa = load float* %conv_1_weights_2_add, align 4" [conv_1/conv_1.cpp:26]   --->   Operation 190 'load' 'conv_1_weights_2_loa' <Predicate = (!icmp_ln24_2)> <Delay = 3.25> <Core = "ROM_nP">   --->   Core 52 'ROM_nP' <Latency = 1> <II = 1> <Delay = 3.25> <Storage> <Opcode : 'load'> <Ports = 0> <Width = 32> <Depth = 32> <ROM>
ST_14 : Operation 191 [2/2] (3.25ns)   --->   "%conv_input_load_2 = load float* %conv_input_addr_2, align 4" [conv_1/conv_1.cpp:26]   --->   Operation 191 'load' 'conv_input_load_2' <Predicate = (!icmp_ln24_2)> <Delay = 3.25> <Core = "RAM">   --->   Core 37 'RAM' <Latency = 1> <II = 1> <Delay = 3.25> <Storage> <Opcode : 'load' 'store'> <Ports = 2> <Width = 32> <Depth = 21632> <RAM>

State 15 <SV = 12> <Delay = 15.6>
ST_15 : Operation 192 [1/1] (1.56ns)   --->   "%add_ln24_2 = add i2 %ch_0_2, 1" [conv_1/conv_1.cpp:24]   --->   Operation 192 'add' 'add_ln24_2' <Predicate = true> <Delay = 1.56> <Core = "AddSub">   --->   Core 14 'AddSub' <Latency = 0> <II = 1> <Delay = 1.63> <FuncUnit> <Opcode : 'add' 'sub'> <InPorts = 2> <OutPorts = 1>
ST_15 : Operation 193 [1/2] (3.25ns)   --->   "%conv_1_weights_2_loa = load float* %conv_1_weights_2_add, align 4" [conv_1/conv_1.cpp:26]   --->   Operation 193 'load' 'conv_1_weights_2_loa' <Predicate = (!icmp_ln24_2)> <Delay = 3.25> <Core = "ROM_nP">   --->   Core 52 'ROM_nP' <Latency = 1> <II = 1> <Delay = 3.25> <Storage> <Opcode : 'load'> <Ports = 0> <Width = 32> <Depth = 32> <ROM>
ST_15 : Operation 194 [1/2] (3.25ns)   --->   "%conv_input_load_2 = load float* %conv_input_addr_2, align 4" [conv_1/conv_1.cpp:26]   --->   Operation 194 'load' 'conv_input_load_2' <Predicate = (!icmp_ln24_2)> <Delay = 3.25> <Core = "RAM">   --->   Core 37 'RAM' <Latency = 1> <II = 1> <Delay = 3.25> <Storage> <Opcode : 'load' 'store'> <Ports = 2> <Width = 32> <Depth = 21632> <RAM>
ST_15 : Operation 195 [2/2] (12.3ns)   --->   "%tmp_1_2 = fmul float %conv_1_weights_2_loa, %conv_input_load_2" [conv_1/conv_1.cpp:26]   --->   Operation 195 'fmul' 'tmp_1_2' <Predicate = (!icmp_ln24_2)> <Delay = 12.3> <Core = "FMul">   --->   Core 106 'FMul' <Latency = 1> <II = 1> <Delay = 12.3> <FuncUnit> <Opcode : 'fmul'> <InPorts = 2> <OutPorts = 1>

State 16 <SV = 13> <Delay = 34.9>
ST_16 : Operation 196 [1/1] (0.00ns)   --->   "%w_sum_2_2 = phi float [ %w_sum_2_1, %W_Col_Loop1 ], [ %w_sum_3_2, %Chan_Loop2 ]" [conv_1/conv_1.cpp:26]   --->   Operation 196 'phi' 'w_sum_2_2' <Predicate = true> <Delay = 0.00>
ST_16 : Operation 197 [1/1] (0.00ns)   --->   "%empty_11 = call i32 (...)* @_ssdm_op_SpecLoopTripCount(i64 3, i64 3, i64 3) nounwind"   --->   Operation 197 'speclooptripcount' 'empty_11' <Predicate = true> <Delay = 0.00>
ST_16 : Operation 198 [1/1] (0.00ns)   --->   "br i1 %icmp_ln24_2, label %W_Col_Loop_end, label %Chan_Loop2" [conv_1/conv_1.cpp:24]   --->   Operation 198 'br' <Predicate = true> <Delay = 0.00>
ST_16 : Operation 199 [1/2] (12.3ns)   --->   "%tmp_1_2 = fmul float %conv_1_weights_2_loa, %conv_input_load_2" [conv_1/conv_1.cpp:26]   --->   Operation 199 'fmul' 'tmp_1_2' <Predicate = (!icmp_ln24_2)> <Delay = 12.3> <Core = "FMul">   --->   Core 106 'FMul' <Latency = 1> <II = 1> <Delay = 12.3> <FuncUnit> <Opcode : 'fmul'> <InPorts = 2> <OutPorts = 1>
ST_16 : Operation 200 [2/2] (22.5ns)   --->   "%w_sum_3_2 = fadd float %w_sum_2_2, %tmp_1_2" [conv_1/conv_1.cpp:26]   --->   Operation 200 'fadd' 'w_sum_3_2' <Predicate = (!icmp_ln24_2)> <Delay = 22.5> <Core = "FAddSub">   --->   Core 105 'FAddSub' <Latency = 1> <II = 1> <Delay = 22.5> <FuncUnit> <Opcode : 'fadd' 'fsub'> <InPorts = 2> <OutPorts = 1>

State 17 <SV = 14> <Delay = 22.5>
ST_17 : Operation 201 [1/1] (0.00ns)   --->   "call void (...)* @_ssdm_op_SpecLoopName([10 x i8]* @p_str6) nounwind" [conv_1/conv_1.cpp:25]   --->   Operation 201 'specloopname' <Predicate = (!icmp_ln24_2)> <Delay = 0.00>
ST_17 : Operation 202 [1/1] (0.00ns)   --->   "%tmp_9 = call i32 (...)* @_ssdm_op_SpecRegionBegin([10 x i8]* @p_str6) nounwind" [conv_1/conv_1.cpp:25]   --->   Operation 202 'specregionbegin' 'tmp_9' <Predicate = (!icmp_ln24_2)> <Delay = 0.00>
ST_17 : Operation 203 [1/1] (0.00ns)   --->   "call void (...)* @_ssdm_op_SpecPipeline(i32 -1, i32 1, i32 1, i32 0, [1 x i8]* @p_str5) nounwind" [conv_1/conv_1.cpp:26]   --->   Operation 203 'specpipeline' <Predicate = (!icmp_ln24_2)> <Delay = 0.00>
ST_17 : Operation 204 [1/2] (22.5ns)   --->   "%w_sum_3_2 = fadd float %w_sum_2_2, %tmp_1_2" [conv_1/conv_1.cpp:26]   --->   Operation 204 'fadd' 'w_sum_3_2' <Predicate = (!icmp_ln24_2)> <Delay = 22.5> <Core = "FAddSub">   --->   Core 105 'FAddSub' <Latency = 1> <II = 1> <Delay = 22.5> <FuncUnit> <Opcode : 'fadd' 'fsub'> <InPorts = 2> <OutPorts = 1>
ST_17 : Operation 205 [1/1] (0.00ns)   --->   "%empty_12 = call i32 (...)* @_ssdm_op_SpecRegionEnd([10 x i8]* @p_str6, i32 %tmp_9) nounwind" [conv_1/conv_1.cpp:28]   --->   Operation 205 'specregionend' 'empty_12' <Predicate = (!icmp_ln24_2)> <Delay = 0.00>
ST_17 : Operation 206 [1/1] (0.00ns)   --->   "br label %5" [conv_1/conv_1.cpp:24]   --->   Operation 206 'br' <Predicate = (!icmp_ln24_2)> <Delay = 0.00>

State 18 <SV = 14> <Delay = 0.00>
ST_18 : Operation 207 [1/1] (0.00ns)   --->   "%empty_10 = call i32 (...)* @_ssdm_op_SpecRegionEnd([11 x i8]* @p_str4, i32 %tmp_7) nounwind" [conv_1/conv_1.cpp:29]   --->   Operation 207 'specregionend' 'empty_10' <Predicate = true> <Delay = 0.00>
ST_18 : Operation 208 [1/1] (0.00ns)   --->   "br label %2" [conv_1/conv_1.cpp:18]   --->   Operation 208 'br' <Predicate = true> <Delay = 0.00>

State 19 <SV = 3> <Delay = 25.8>
ST_19 : Operation 209 [1/2] (3.25ns)   --->   "%conv_1_bias_load = load float* %conv_1_bias_addr, align 4" [conv_1/conv_1.cpp:31]   --->   Operation 209 'load' 'conv_1_bias_load' <Predicate = true> <Delay = 3.25> <Core = "ROM_nP">   --->   Core 52 'ROM_nP' <Latency = 1> <II = 1> <Delay = 3.25> <Storage> <Opcode : 'load'> <Ports = 0> <Width = 32> <Depth = 32> <ROM>
ST_19 : Operation 210 [2/2] (22.5ns)   --->   "%w_sum = fadd float %w_sum_0, %conv_1_bias_load" [conv_1/conv_1.cpp:31]   --->   Operation 210 'fadd' 'w_sum' <Predicate = true> <Delay = 22.5> <Core = "FAddSub">   --->   Core 105 'FAddSub' <Latency = 1> <II = 1> <Delay = 22.5> <FuncUnit> <Opcode : 'fadd' 'fsub'> <InPorts = 2> <OutPorts = 1>

State 20 <SV = 4> <Delay = 33.5>
ST_20 : Operation 211 [1/2] (22.5ns)   --->   "%w_sum = fadd float %w_sum_0, %conv_1_bias_load" [conv_1/conv_1.cpp:31]   --->   Operation 211 'fadd' 'w_sum' <Predicate = true> <Delay = 22.5> <Core = "FAddSub">   --->   Core 105 'FAddSub' <Latency = 1> <II = 1> <Delay = 22.5> <FuncUnit> <Opcode : 'fadd' 'fsub'> <InPorts = 2> <OutPorts = 1>
ST_20 : Operation 212 [1/1] (0.00ns)   --->   "%bitcast_ln34 = bitcast float %w_sum to i32" [conv_1/conv_1.cpp:34]   --->   Operation 212 'bitcast' 'bitcast_ln34' <Predicate = true> <Delay = 0.00>
ST_20 : Operation 213 [1/1] (0.00ns)   --->   "%tmp = call i8 @_ssdm_op_PartSelect.i8.i32.i32.i32(i32 %bitcast_ln34, i32 23, i32 30)" [conv_1/conv_1.cpp:34]   --->   Operation 213 'partselect' 'tmp' <Predicate = true> <Delay = 0.00>
ST_20 : Operation 214 [1/1] (0.00ns)   --->   "%trunc_ln34 = trunc i32 %bitcast_ln34 to i23" [conv_1/conv_1.cpp:34]   --->   Operation 214 'trunc' 'trunc_ln34' <Predicate = true> <Delay = 0.00>
ST_20 : Operation 215 [1/1] (1.55ns)   --->   "%icmp_ln34 = icmp ne i8 %tmp, -1" [conv_1/conv_1.cpp:34]   --->   Operation 215 'icmp' 'icmp_ln34' <Predicate = true> <Delay = 1.55> <Core = "Cmp">   --->   Core 25 'Cmp' <Latency = 0> <II = 1> <Delay = 2.44> <FuncUnit> <Opcode : 'icmp'> <InPorts = 2> <OutPorts = 1>
ST_20 : Operation 216 [1/1] (2.44ns)   --->   "%icmp_ln34_1 = icmp eq i23 %trunc_ln34, 0" [conv_1/conv_1.cpp:34]   --->   Operation 216 'icmp' 'icmp_ln34_1' <Predicate = true> <Delay = 2.44> <Core = "Cmp">   --->   Core 25 'Cmp' <Latency = 0> <II = 1> <Delay = 2.44> <FuncUnit> <Opcode : 'icmp'> <InPorts = 2> <OutPorts = 1>
ST_20 : Operation 217 [1/1] (0.00ns) (grouped into LUT with out node w_sum_1)   --->   "%or_ln34 = or i1 %icmp_ln34_1, %icmp_ln34" [conv_1/conv_1.cpp:34]   --->   Operation 217 'or' 'or_ln34' <Predicate = true> <Delay = 0.00> <Core = "LogicGate">   --->   Core 27 'LogicGate' <Latency = 0> <II = 1> <Delay = 0.97> <FuncUnit> <Opcode : 'and' 'or' 'xor'> <InPorts = 2> <OutPorts = 1>
ST_20 : Operation 218 [1/1] (6.78ns)   --->   "%tmp_2 = fcmp ogt float %w_sum, 0.000000e+00" [conv_1/conv_1.cpp:34]   --->   Operation 218 'fcmp' 'tmp_2' <Predicate = true> <Delay = 6.78> <Core = "FCmp">   --->   Core 111 'FCmp' <Latency = 0> <II = 1> <Delay = 6.78> <FuncUnit> <Opcode : 'fcmp'> <InPorts = 2> <OutPorts = 1>
ST_20 : Operation 219 [1/1] (0.00ns) (grouped into LUT with out node w_sum_1)   --->   "%and_ln34 = and i1 %or_ln34, %tmp_2" [conv_1/conv_1.cpp:34]   --->   Operation 219 'and' 'and_ln34' <Predicate = true> <Delay = 0.00> <Core = "LogicGate">   --->   Core 27 'LogicGate' <Latency = 0> <II = 1> <Delay = 0.97> <FuncUnit> <Opcode : 'and' 'or' 'xor'> <InPorts = 2> <OutPorts = 1>
ST_20 : Operation 220 [1/1] (0.97ns) (out node of the LUT)   --->   "%w_sum_1 = select i1 %and_ln34, float %w_sum, float 0.000000e+00" [conv_1/conv_1.cpp:34]   --->   Operation 220 'select' 'w_sum_1' <Predicate = true> <Delay = 0.97> <Core = "Sel">   --->   Core 26 'Sel' <Latency = 0> <II = 1> <Delay = 0.69> <FuncUnit> <Opcode : 'select'> <InPorts = 3> <OutPorts = 1>
ST_20 : Operation 221 [1/1] (3.25ns)   --->   "store float %w_sum_1, float* %conv_out_addr, align 4" [conv_1/conv_1.cpp:35]   --->   Operation 221 'store' <Predicate = true> <Delay = 3.25> <Core = "RAM">   --->   Core 37 'RAM' <Latency = 1> <II = 1> <Delay = 3.25> <Storage> <Opcode : 'load' 'store'> <Ports = 2> <Width = 32> <Depth = 21632> <RAM>
ST_20 : Operation 222 [1/1] (0.00ns)   --->   "%empty_13 = call i32 (...)* @_ssdm_op_SpecRegionEnd([13 x i8]* @p_str2, i32 %tmp_3) nounwind" [conv_1/conv_1.cpp:39]   --->   Operation 222 'specregionend' 'empty_13' <Predicate = true> <Delay = 0.00>
ST_20 : Operation 223 [1/1] (0.00ns)   --->   "br label %1" [conv_1/conv_1.cpp:14]   --->   Operation 223 'br' <Predicate = true> <Delay = 0.00>


============================================================
+ Verbose Summary: Timing violations
============================================================
Target clock period: 40ns, clock uncertainty: 5ns.

 <State 1>: 1.77ns
The critical path consists of the following:
	multiplexor before 'phi' operation ('indvar_flatten21', conv_1/conv_1.cpp:8) with incoming values : ('add_ln8', conv_1/conv_1.cpp:8) [12]  (1.77 ns)

 <State 2>: 11.4ns
The critical path consists of the following:
	'phi' operation ('indvar_flatten', conv_1/conv_1.cpp:11) with incoming values : ('select_ln11', conv_1/conv_1.cpp:11) [14]  (0 ns)
	'icmp' operation ('icmp_ln11', conv_1/conv_1.cpp:11) [26]  (1.88 ns)
	'select' operation ('select_ln35_1', conv_1/conv_1.cpp:35) [28]  (1.22 ns)
	'mul' operation of DSP[43] ('mul_ln35', conv_1/conv_1.cpp:35) [30]  (3.36 ns)
	'add' operation of DSP[43] ('add_ln35', conv_1/conv_1.cpp:35) [43]  (3.02 ns)
	'add' operation ('add_ln35_1', conv_1/conv_1.cpp:35) [57]  (1.94 ns)

 <State 3>: 6.83ns
The critical path consists of the following:
	'phi' operation ('wr') with incoming values : ('wr', conv_1/conv_1.cpp:18) [62]  (0 ns)
	'add' operation ('add_ln26', conv_1/conv_1.cpp:26) [74]  (1.78 ns)
	'sub' operation ('sub_ln26_1', conv_1/conv_1.cpp:26) [79]  (1.73 ns)
	'add' operation ('add_ln26_6', conv_1/conv_1.cpp:26) [81]  (1.64 ns)
	'sub' operation ('sub_ln26_2', conv_1/conv_1.cpp:26) [85]  (1.68 ns)

 <State 4>: 6.77ns
The critical path consists of the following:
	'phi' operation ('ch_0_0', conv_1/conv_1.cpp:24) with incoming values : ('add_ln24', conv_1/conv_1.cpp:24) [100]  (0 ns)
	'add' operation ('add_ln26_9', conv_1/conv_1.cpp:26) [111]  (1.78 ns)
	'add' operation ('add_ln26_10', conv_1/conv_1.cpp:26) [113]  (1.73 ns)
	'getelementptr' operation ('conv_1_weights_0_add', conv_1/conv_1.cpp:26) [115]  (0 ns)
	'load' operation ('conv_1_weights_0_loa', conv_1/conv_1.cpp:26) on array 'conv_1_weights_0' [119]  (3.25 ns)

 <State 5>: 15.6ns
The critical path consists of the following:
	'load' operation ('conv_1_weights_0_loa', conv_1/conv_1.cpp:26) on array 'conv_1_weights_0' [119]  (3.25 ns)
	'fmul' operation ('tmp_s', conv_1/conv_1.cpp:26) [121]  (12.4 ns)

 <State 6>: 35ns
The critical path consists of the following:
	'fmul' operation ('tmp_s', conv_1/conv_1.cpp:26) [121]  (12.4 ns)
	'fadd' operation ('w_sum_3', conv_1/conv_1.cpp:26) [122]  (22.6 ns)

 <State 7>: 22.6ns
The critical path consists of the following:
	'fadd' operation ('w_sum_3', conv_1/conv_1.cpp:26) [122]  (22.6 ns)

 <State 8>: 1.77ns
The critical path consists of the following:
	multiplexor before 'phi' operation ('w_sum_2_1', conv_1/conv_1.cpp:26) with incoming values : ('w_sum_3', conv_1/conv_1.cpp:26) ('w_sum_3_1', conv_1/conv_1.cpp:26) ('w_sum_3_2', conv_1/conv_1.cpp:26) [130]  (1.77 ns)

 <State 9>: 6.77ns
The critical path consists of the following:
	'phi' operation ('ch_0_1', conv_1/conv_1.cpp:24) with incoming values : ('add_ln24_1', conv_1/conv_1.cpp:24) [131]  (0 ns)
	'add' operation ('add_ln26_12', conv_1/conv_1.cpp:26) [142]  (1.78 ns)
	'add' operation ('add_ln26_13', conv_1/conv_1.cpp:26) [144]  (1.73 ns)
	'getelementptr' operation ('conv_1_weights_1_add', conv_1/conv_1.cpp:26) [146]  (0 ns)
	'load' operation ('conv_1_weights_1_loa', conv_1/conv_1.cpp:26) on array 'conv_1_weights_1' [150]  (3.25 ns)

 <State 10>: 15.6ns
The critical path consists of the following:
	'load' operation ('conv_1_weights_1_loa', conv_1/conv_1.cpp:26) on array 'conv_1_weights_1' [150]  (3.25 ns)
	'fmul' operation ('tmp_1_1', conv_1/conv_1.cpp:26) [152]  (12.4 ns)

 <State 11>: 35ns
The critical path consists of the following:
	'fmul' operation ('tmp_1_1', conv_1/conv_1.cpp:26) [152]  (12.4 ns)
	'fadd' operation ('w_sum_3_1', conv_1/conv_1.cpp:26) [153]  (22.6 ns)

 <State 12>: 22.6ns
The critical path consists of the following:
	'fadd' operation ('w_sum_3_1', conv_1/conv_1.cpp:26) [153]  (22.6 ns)

 <State 13>: 1.77ns
The critical path consists of the following:
	multiplexor before 'phi' operation ('w_sum_2_2', conv_1/conv_1.cpp:26) with incoming values : ('w_sum_3', conv_1/conv_1.cpp:26) ('w_sum_3_1', conv_1/conv_1.cpp:26) ('w_sum_3_2', conv_1/conv_1.cpp:26) [161]  (1.77 ns)

 <State 14>: 6.77ns
The critical path consists of the following:
	'phi' operation ('ch_0_2', conv_1/conv_1.cpp:24) with incoming values : ('add_ln24_2', conv_1/conv_1.cpp:24) [162]  (0 ns)
	'add' operation ('add_ln26_15', conv_1/conv_1.cpp:26) [173]  (1.78 ns)
	'add' operation ('add_ln26_16', conv_1/conv_1.cpp:26) [175]  (1.73 ns)
	'getelementptr' operation ('conv_1_weights_2_add', conv_1/conv_1.cpp:26) [177]  (0 ns)
	'load' operation ('conv_1_weights_2_loa', conv_1/conv_1.cpp:26) on array 'conv_1_weights_2' [181]  (3.25 ns)

 <State 15>: 15.6ns
The critical path consists of the following:
	'load' operation ('conv_1_weights_2_loa', conv_1/conv_1.cpp:26) on array 'conv_1_weights_2' [181]  (3.25 ns)
	'fmul' operation ('tmp_1_2', conv_1/conv_1.cpp:26) [183]  (12.4 ns)

 <State 16>: 35ns
The critical path consists of the following:
	'fmul' operation ('tmp_1_2', conv_1/conv_1.cpp:26) [183]  (12.4 ns)
	'fadd' operation ('w_sum_3_2', conv_1/conv_1.cpp:26) [184]  (22.6 ns)

 <State 17>: 22.6ns
The critical path consists of the following:
	'fadd' operation ('w_sum_3_2', conv_1/conv_1.cpp:26) [184]  (22.6 ns)

 <State 18>: 0ns
The critical path consists of the following:

 <State 19>: 25.8ns
The critical path consists of the following:
	'load' operation ('conv_1_bias_load', conv_1/conv_1.cpp:31) on array 'conv_1_bias' [192]  (3.25 ns)
	'fadd' operation ('w_sum', conv_1/conv_1.cpp:31) [193]  (22.6 ns)

 <State 20>: 33.6ns
The critical path consists of the following:
	'fadd' operation ('w_sum', conv_1/conv_1.cpp:31) [193]  (22.6 ns)
	'fcmp' operation ('tmp_2', conv_1/conv_1.cpp:34) [200]  (6.79 ns)
	'and' operation ('and_ln34', conv_1/conv_1.cpp:34) [201]  (0 ns)
	'select' operation ('w_sum', conv_1/conv_1.cpp:34) [202]  (0.978 ns)
	'store' operation ('store_ln35', conv_1/conv_1.cpp:35) of variable 'w_sum', conv_1/conv_1.cpp:34 on array 'conv_out' [203]  (3.25 ns)


============================================================
+ Verbose Summary: Binding
============================================================
N/A
* FSMD analyzer results:
  - Output states:
 - Input state : 
  - Chain level:
	State 1
	State 2
	State 3
	State 4
	State 5
	State 6
	State 7
	State 8
	State 9
	State 10
	State 11
	State 12
	State 13
	State 14
	State 15
	State 16
	State 17
	State 18
	State 19
	State 20


============================================================
+ Verbose Summary: Datapath Resource usage 
============================================================
N/A
