

================================================================
== Vivado HLS Report for 'exp_13_7_s'
================================================================
* Date:           Thu May  2 15:41:08 2024

* Version:        2019.1 (Build 2552052 on Fri May 24 15:28:33 MDT 2019)
* Project:        cnn_ap_type
* Solution:       W12_6
* Product family: zynq
* Target device:  xc7z020-clg400-1


================================================================
== Performance Estimates
================================================================
+ Timing (ns): 
    * Summary: 
    +--------+-------+----------+------------+
    |  Clock | Target| Estimated| Uncertainty|
    +--------+-------+----------+------------+
    |ap_clk  |  20.00|    15.178|        2.50|
    +--------+-------+----------+------------+

+ Latency (clock cycles): 
    * Summary: 
    +-----+-----+-----+-----+----------+
    |  Latency  |  Interval | Pipeline |
    | min | max | min | max |   Type   |
    +-----+-----+-----+-----+----------+
    |    1|    1|    1|    1| function |
    +-----+-----+-----+-----+----------+

    + Detail: 
        * Instance: 
        N/A

        * Loop: 
        N/A



================================================================
== Utilization Estimates
================================================================
* Summary: 
+-----------------+---------+-------+--------+-------+-----+
|       Name      | BRAM_18K| DSP48E|   FF   |  LUT  | URAM|
+-----------------+---------+-------+--------+-------+-----+
|DSP              |        -|      -|       -|      -|    -|
|Expression       |        -|      2|       0|    198|    -|
|FIFO             |        -|      -|       -|      -|    -|
|Instance         |        -|      -|       -|      -|    -|
|Memory           |        0|      -|      50|     26|    -|
|Multiplexer      |        -|      -|       -|      -|    -|
|Register         |        -|      -|       4|      -|    -|
+-----------------+---------+-------+--------+-------+-----+
|Total            |        0|      2|      54|    224|    0|
+-----------------+---------+-------+--------+-------+-----+
|Available        |      280|    220|  106400|  53200|    0|
+-----------------+---------+-------+--------+-------+-----+
|Utilization (%)  |        0|   ~0  |   ~0   |   ~0  |    0|
+-----------------+---------+-------+--------+-------+-----+

+ Detail: 
    * Instance: 
    N/A

    * DSP48E: 
    N/A

    * Memory: 
    +------------------------+----------------------+---------+----+----+-----+------+-----+------+-------------+
    |         Memory         |        Module        | BRAM_18K| FF | LUT| URAM| Words| Bits| Banks| W*Bits*Banks|
    +------------------------+----------------------+---------+----+----+-----+------+-----+------+-------------+
    |exp_x_msb_2_m_1_tabl_U  |exp_13_7_s_exp_x_ibs  |        0|  25|  13|    0|    32|   25|     1|          800|
    |exp_x_msb_1_table_V_U   |exp_13_7_s_exp_x_jbC  |        0|  25|  13|    0|    32|   25|     1|          800|
    +------------------------+----------------------+---------+----+----+-----+------+-----+------+-------------+
    |Total                   |                      |        0|  50|  26|    0|    64|   50|     2|         1600|
    +------------------------+----------------------+---------+----+----+-----+------+-----+------+-------------+

    * FIFO: 
    N/A

    * Expression: 
    +---------------------------+----------+-------+---+----+------------+------------+
    |       Variable Name       | Operation| DSP48E| FF| LUT| Bitwidth P0| Bitwidth P1|
    +---------------------------+----------+-------+---+----+------------+------------+
    |r_V_3_fu_393_p2            |     *    |      2|  0|  47|          25|          25|
    |y_l_V_fu_409_p2            |     +    |      0|  0|  32|          25|          25|
    |and_ln194_fu_286_p2        |    and   |      0|  0|   2|           1|           1|
    |ap_block_pp0_stage0_11001  |    and   |      0|  0|   2|           1|           1|
    |icmp_ln1494_fu_280_p2      |   icmp   |      0|  0|  13|          11|          11|
    |icmp_ln1498_fu_274_p2      |   icmp   |      0|  0|   9|           4|           3|
    |icmp_ln255_1_fu_472_p2     |   icmp   |      0|  0|   8|           2|           1|
    |icmp_ln255_fu_442_p2       |   icmp   |      0|  0|   8|           2|           1|
    |or_ln194_1_fu_330_p2       |    or    |      0|  0|   2|           1|           1|
    |or_ln194_2_fu_336_p2       |    or    |      0|  0|   2|           1|           1|
    |or_ln194_3_fu_342_p2       |    or    |      0|  0|   2|           1|           1|
    |or_ln194_4_fu_348_p2       |    or    |      0|  0|   2|           1|           1|
    |or_ln194_5_fu_354_p2       |    or    |      0|  0|   2|           1|           1|
    |or_ln194_6_fu_360_p2       |    or    |      0|  0|   2|           1|           1|
    |or_ln194_7_fu_366_p2       |    or    |      0|  0|   2|           1|           1|
    |or_ln194_fu_324_p2         |    or    |      0|  0|   2|           1|           1|
    |or_ln255_1_fu_478_p2       |    or    |      0|  0|   2|           1|           1|
    |or_ln255_fu_456_p2         |    or    |      0|  0|   2|           1|           1|
    |ap_return                  |  select  |      0|  0|  13|           1|          12|
    |p_Val2_9_fu_425_p3         |  select  |      0|  0|  22|           1|          22|
    |select_ln195_fu_377_p3     |  select  |      0|  0|   2|           1|           2|
    |ap_enable_pp0              |    xor   |      0|  0|   2|           1|           2|
    |xor_ln191_1_fu_184_p2      |    xor   |      0|  0|   2|           1|           1|
    |xor_ln191_2_fu_198_p2      |    xor   |      0|  0|   2|           1|           1|
    |xor_ln191_3_fu_212_p2      |    xor   |      0|  0|   2|           1|           1|
    |xor_ln191_4_fu_226_p2      |    xor   |      0|  0|   2|           1|           1|
    |xor_ln191_5_fu_240_p2      |    xor   |      0|  0|   2|           1|           1|
    |xor_ln191_6_fu_254_p2      |    xor   |      0|  0|   2|           1|           1|
    |xor_ln191_7_fu_268_p2      |    xor   |      0|  0|   2|           1|           1|
    |xor_ln191_fu_170_p2        |    xor   |      0|  0|   2|           1|           1|
    |xor_ln195_fu_372_p2        |    xor   |      0|  0|   2|           1|           2|
    +---------------------------+----------+-------+---+----+------------+------------+
    |Total                      |          |      2|  0| 198|          94|         126|
    +---------------------------+----------+-------+---+----+------------+------------+

    * Multiplexer: 
    N/A

    * Register: 
    +-------------------------+---+----+-----+-----------+
    |           Name          | FF| LUT| Bits| Const Bits|
    +-------------------------+---+----+-----+-----------+
    |ap_CS_fsm                |  1|   0|    1|          0|
    |ap_enable_reg_pp0_iter1  |  1|   0|    1|          0|
    |or_ln194_7_reg_517       |  1|   0|    1|          0|
    |tmp_reg_502              |  1|   0|    1|          0|
    +-------------------------+---+----+-----+-----------+
    |Total                    |  4|   0|    4|          0|
    +-------------------------+---+----+-----+-----------+



================================================================
== Interface
================================================================
* Summary: 
+-----------+-----+-----+------------+--------------+--------------+
| RTL Ports | Dir | Bits|  Protocol  | Source Object|    C Type    |
+-----------+-----+-----+------------+--------------+--------------+
|ap_clk     |  in |    1| ap_ctrl_hs |  exp<13, 7>  | return value |
|ap_rst     |  in |    1| ap_ctrl_hs |  exp<13, 7>  | return value |
|ap_start   |  in |    1| ap_ctrl_hs |  exp<13, 7>  | return value |
|ap_done    | out |    1| ap_ctrl_hs |  exp<13, 7>  | return value |
|ap_idle    | out |    1| ap_ctrl_hs |  exp<13, 7>  | return value |
|ap_ready   | out |    1| ap_ctrl_hs |  exp<13, 7>  | return value |
|ap_return  | out |   13| ap_ctrl_hs |  exp<13, 7>  | return value |
|x_V        |  in |   13|   ap_none  |      x_V     |    scalar    |
+-----------+-----+-----+------------+--------------+--------------+

