==============================================================
Vivado(TM) HLS - High-Level Synthesis from C, C++ and SystemC v2019.1 (64-bit)
Copyright 1986-2019 Xilinx, Inc. All Rights Reserved.
==============================================================
INFO: [SYN 201-201] Setting up clock 'default' with a period of 20ns.
INFO: [HLS 200-10] Setting target device to 'xc7z020-clg400-1'
INFO: [SCHED 204-61] Option 'relax_ii_for_timing' is enabled, will increase II to preserve clock frequency constraints.
INFO: [HLS 200-10] Analyzing design file 'cnn/cnn.cpp' ... 
INFO: [HLS 200-10] Analyzing design file 'cnn/conv_1.cpp' ... 
INFO: [HLS 200-10] Analyzing design file 'cnn/conv_2.cpp' ... 
INFO: [HLS 200-10] Analyzing design file 'cnn/dense_1.cpp' ... 
INFO: [HLS 200-10] Analyzing design file 'cnn/dense_2.cpp' ... 
INFO: [HLS 200-10] Analyzing design file 'cnn/dense_out.cpp' ... 
INFO: [HLS 200-10] Analyzing design file 'cnn/flat.cpp' ... 
INFO: [HLS 200-10] Analyzing design file 'cnn/max_pool_1.cpp' ... 
INFO: [HLS 200-10] Analyzing design file 'cnn/max_pool_2.cpp' ... 
INFO: [HLS 200-111] Finished Linking Time (s): cpu = 00:00:01 ; elapsed = 00:00:38 . Memory (MB): peak = 188.043 ; gain = 96.535
INFO: [HLS 200-111] Finished Checking Pragmas Time (s): cpu = 00:00:01 ; elapsed = 00:00:38 . Memory (MB): peak = 188.043 ; gain = 96.535
INFO: [HLS 200-10] Starting code transformations ...
INFO: [HLS 200-111] Finished Standard Transforms Time (s): cpu = 00:00:01 ; elapsed = 00:00:39 . Memory (MB): peak = 188.043 ; gain = 96.535
INFO: [HLS 200-10] Checking synthesizability ...
INFO: [HLS 200-111] Finished Checking Synthesizability Time (s): cpu = 00:00:02 ; elapsed = 00:00:40 . Memory (MB): peak = 188.043 ; gain = 96.535
INFO: [XFORM 203-501] Unrolling loop 'Flat_3_Loop' (cnn/dense_out.cpp:37) in function 'dense_out' partially with a factor of 10.
INFO: [HLS 200-111] Finished Pre-synthesis Time (s): cpu = 00:00:02 ; elapsed = 00:00:40 . Memory (MB): peak = 188.043 ; gain = 96.535
WARNING: [XFORM 203-542] Cannot flatten a loop nest 'Dense_3_Loop' (cnn/dense_out.cpp:32:6) in function 'dense_out' : 

the outer loop is not a perfect loop because there is nontrivial logic in the loop latch.
INFO: [HLS 200-111] Finished Architecture Synthesis Time (s): cpu = 00:00:11 ; elapsed = 00:00:49 . Memory (MB): peak = 259.473 ; gain = 167.965
INFO: [HLS 200-10] Starting hardware synthesis ...
INFO: [HLS 200-10] Synthesizing 'cnn' ...
INFO: [HLS 200-10] ----------------------------------------------------------------
INFO: [HLS 200-42] -- Implementing module 'conv_1' 
INFO: [HLS 200-10] ----------------------------------------------------------------
INFO: [SCHED 204-11] Starting scheduling ...
INFO: [SCHED 204-11] Finished scheduling.
INFO: [HLS 200-111]  Elapsed time: 49.376 seconds; current allocated memory: 203.300 MB.
INFO: [HLS 200-434] Only 0 loops out of a total 5 loops have been pipelined in this design.
INFO: [BIND 205-100] Starting micro-architecture generation ...
INFO: [BIND 205-101] Performing variable lifetime analysis.
INFO: [BIND 205-101] Exploring resource sharing.
INFO: [BIND 205-101] Binding ...
INFO: [BIND 205-100] Finished micro-architecture generation.
INFO: [HLS 200-111]  Elapsed time: 0.098 seconds; current allocated memory: 203.807 MB.
INFO: [HLS 200-10] ----------------------------------------------------------------
INFO: [HLS 200-42] -- Implementing module 'max_pool_1' 
INFO: [HLS 200-10] ----------------------------------------------------------------
INFO: [SCHED 204-11] Starting scheduling ...
INFO: [SCHED 204-11] Finished scheduling.
INFO: [HLS 200-111]  Elapsed time: 0.135 seconds; current allocated memory: 204.167 MB.
INFO: [BIND 205-100] Starting micro-architecture generation ...
INFO: [BIND 205-101] Performing variable lifetime analysis.
INFO: [BIND 205-101] Exploring resource sharing.
INFO: [BIND 205-101] Binding ...
INFO: [BIND 205-100] Finished micro-architecture generation.
INFO: [HLS 200-111]  Elapsed time: 0.086 seconds; current allocated memory: 204.492 MB.
INFO: [HLS 200-10] ----------------------------------------------------------------
INFO: [HLS 200-42] -- Implementing module 'conv_2' 
INFO: [HLS 200-10] ----------------------------------------------------------------
INFO: [SCHED 204-11] Starting scheduling ...
INFO: [SCHED 204-11] Finished scheduling.
INFO: [HLS 200-111]  Elapsed time: 0.147 seconds; current allocated memory: 204.767 MB.
INFO: [BIND 205-100] Starting micro-architecture generation ...
INFO: [BIND 205-101] Performing variable lifetime analysis.
INFO: [BIND 205-101] Exploring resource sharing.
INFO: [BIND 205-101] Binding ...
INFO: [BIND 205-100] Finished micro-architecture generation.
INFO: [HLS 200-111]  Elapsed time: 0.1 seconds; current allocated memory: 205.174 MB.
INFO: [HLS 200-10] ----------------------------------------------------------------
INFO: [HLS 200-42] -- Implementing module 'max_pool_2' 
INFO: [HLS 200-10] ----------------------------------------------------------------
INFO: [SCHED 204-11] Starting scheduling ...
INFO: [SCHED 204-11] Finished scheduling.
INFO: [HLS 200-111]  Elapsed time: 0.134 seconds; current allocated memory: 205.399 MB.
INFO: [BIND 205-100] Starting micro-architecture generation ...
INFO: [BIND 205-101] Performing variable lifetime analysis.
INFO: [BIND 205-101] Exploring resource sharing.
INFO: [BIND 205-101] Binding ...
INFO: [BIND 205-100] Finished micro-architecture generation.
INFO: [HLS 200-111]  Elapsed time: 0.089 seconds; current allocated memory: 205.711 MB.
INFO: [HLS 200-10] ----------------------------------------------------------------
INFO: [HLS 200-42] -- Implementing module 'flat' 
INFO: [HLS 200-10] ----------------------------------------------------------------
INFO: [SCHED 204-11] Starting scheduling ...
INFO: [SCHED 204-11] Finished scheduling.
INFO: [HLS 200-111]  Elapsed time: 0.148 seconds; current allocated memory: 205.831 MB.
INFO: [BIND 205-100] Starting micro-architecture generation ...
INFO: [BIND 205-101] Performing variable lifetime analysis.
INFO: [BIND 205-101] Exploring resource sharing.
INFO: [BIND 205-101] Binding ...
INFO: [BIND 205-100] Finished micro-architecture generation.
INFO: [HLS 200-111]  Elapsed time: 0.087 seconds; current allocated memory: 205.994 MB.
INFO: [HLS 200-10] ----------------------------------------------------------------
INFO: [HLS 200-42] -- Implementing module 'dense_1' 
INFO: [HLS 200-10] ----------------------------------------------------------------
INFO: [SCHED 204-11] Starting scheduling ...
INFO: [SCHED 204-11] Finished scheduling.
INFO: [HLS 200-111]  Elapsed time: 0.133 seconds; current allocated memory: 206.163 MB.
INFO: [BIND 205-100] Starting micro-architecture generation ...
INFO: [BIND 205-101] Performing variable lifetime analysis.
INFO: [BIND 205-101] Exploring resource sharing.
INFO: [BIND 205-101] Binding ...
INFO: [BIND 205-100] Finished micro-architecture generation.
INFO: [HLS 200-111]  Elapsed time: 0.086 seconds; current allocated memory: 206.346 MB.
INFO: [HLS 200-10] ----------------------------------------------------------------
INFO: [HLS 200-42] -- Implementing module 'dense_2' 
INFO: [HLS 200-10] ----------------------------------------------------------------
INFO: [SCHED 204-11] Starting scheduling ...
INFO: [SCHED 204-11] Finished scheduling.
INFO: [HLS 200-111]  Elapsed time: 0.114 seconds; current allocated memory: 206.484 MB.
INFO: [BIND 205-100] Starting micro-architecture generation ...
INFO: [BIND 205-101] Performing variable lifetime analysis.
INFO: [BIND 205-101] Exploring resource sharing.
INFO: [BIND 205-101] Binding ...
INFO: [BIND 205-100] Finished micro-architecture generation.
INFO: [HLS 200-111]  Elapsed time: 0.08 seconds; current allocated memory: 206.671 MB.
INFO: [HLS 200-10] ----------------------------------------------------------------
INFO: [HLS 200-42] -- Implementing module 'soft_max' 
INFO: [HLS 200-10] ----------------------------------------------------------------
INFO: [SCHED 204-11] Starting scheduling ...
INFO: [SCHED 204-61] Pipelining loop 'Sum_Loop'.
WARNING: [SCHED 204-68] Unable to enforce a carried constraint (II = 1)
   between 'fadd' operation ('sum', cnn/dense_out.cpp:13) and 'fadd' operation ('sum', cnn/dense_out.cpp:13).
WARNING: [SCHED 204-68] Unable to enforce a carried constraint (II = 2)
   between 'fadd' operation ('sum', cnn/dense_out.cpp:13) and 'fadd' operation ('sum', cnn/dense_out.cpp:13).
WARNING: [SCHED 204-68] Unable to enforce a carried constraint (II = 3)
   between 'fadd' operation ('sum', cnn/dense_out.cpp:13) and 'fadd' operation ('sum', cnn/dense_out.cpp:13).
INFO: [SCHED 204-61] Pipelining result : Target II = 1, Final II = 4, Depth = 10.
INFO: [SCHED 204-61] Pipelining loop 'Prediction_Loop'.
INFO: [SCHED 204-61] Pipelining result : Target II = 1, Final II = 1, Depth = 15.
INFO: [SCHED 204-11] Finished scheduling.
INFO: [HLS 200-111]  Elapsed time: 0.158 seconds; current allocated memory: 206.816 MB.
INFO: [BIND 205-100] Starting micro-architecture generation ...
INFO: [BIND 205-101] Performing variable lifetime analysis.
INFO: [BIND 205-101] Exploring resource sharing.
INFO: [BIND 205-101] Binding ...
INFO: [BIND 205-100] Finished micro-architecture generation.
INFO: [HLS 200-111]  Elapsed time: 0.086 seconds; current allocated memory: 206.997 MB.
INFO: [HLS 200-10] ----------------------------------------------------------------
INFO: [HLS 200-42] -- Implementing module 'dense_out' 
INFO: [HLS 200-10] ----------------------------------------------------------------
INFO: [SCHED 204-11] Starting scheduling ...
INFO: [SCHED 204-61] Pipelining loop 'Flat_3_Loop'.
WARNING: [SCHED 204-68] The II Violation in module 'dense_out' (Loop: Flat_3_Loop): Unable to enforce a carried dependence constraint (II = 1, distance = 1, offset = 1)
   between 'fadd' operation ('w_sum_9', cnn/dense_out.cpp:38) and 'fadd' operation ('w_sum_s', cnn/dense_out.cpp:38).
WARNING: [SCHED 204-68] The II Violation in module 'dense_out' (Loop: Flat_3_Loop): Unable to enforce a carried dependence constraint (II = 2, distance = 1, offset = 1)
   between 'fadd' operation ('w_sum_9', cnn/dense_out.cpp:38) and 'fadd' operation ('w_sum_s', cnn/dense_out.cpp:38).
WARNING: [SCHED 204-68] The II Violation in module 'dense_out' (Loop: Flat_3_Loop): Unable to enforce a carried dependence constraint (II = 3, distance = 1, offset = 1)
   between 'fadd' operation ('w_sum_9', cnn/dense_out.cpp:38) and 'fadd' operation ('w_sum_s', cnn/dense_out.cpp:38).
WARNING: [SCHED 204-68] The II Violation in module 'dense_out' (Loop: Flat_3_Loop): Unable to enforce a carried dependence constraint (II = 4, distance = 1, offset = 1)
   between 'fadd' operation ('w_sum_9', cnn/dense_out.cpp:38) and 'fadd' operation ('w_sum_s', cnn/dense_out.cpp:38).
WARNING: [SCHED 204-68] The II Violation in module 'dense_out' (Loop: Flat_3_Loop): Unable to enforce a carried dependence constraint (II = 35, distance = 1, offset = 1)
   between 'fadd' operation ('w_sum_9', cnn/dense_out.cpp:38) and 'fadd' operation ('w_sum_s', cnn/dense_out.cpp:38).
WARNING: [SCHED 204-68] The II Violation in module 'dense_out' (Loop: Flat_3_Loop): Unable to enforce a carried dependence constraint (II = 39, distance = 1, offset = 1)
   between 'fadd' operation ('w_sum_9', cnn/dense_out.cpp:38) and 'fadd' operation ('w_sum_s', cnn/dense_out.cpp:38).
INFO: [SCHED 204-61] Pipelining result : Target II = 1, Final II = 40, Depth = 43.
INFO: [SCHED 204-11] Finished scheduling.
INFO: [HLS 200-111]  Elapsed time: 0.273 seconds; current allocated memory: 207.538 MB.
INFO: [BIND 205-100] Starting micro-architecture generation ...
INFO: [BIND 205-101] Performing variable lifetime analysis.
INFO: [BIND 205-101] Exploring resource sharing.
INFO: [BIND 205-101] Binding ...
INFO: [BIND 205-100] Finished micro-architecture generation.
INFO: [HLS 200-111]  Elapsed time: 0.21 seconds; current allocated memory: 208.252 MB.
INFO: [HLS 200-10] ----------------------------------------------------------------
INFO: [HLS 200-42] -- Implementing module 'cnn' 
INFO: [HLS 200-10] ----------------------------------------------------------------
INFO: [SCHED 204-11] Starting scheduling ...
INFO: [SCHED 204-11] Finished scheduling.
INFO: [HLS 200-111]  Elapsed time: 0.184 seconds; current allocated memory: 208.421 MB.
INFO: [BIND 205-100] Starting micro-architecture generation ...
INFO: [BIND 205-101] Performing variable lifetime analysis.
INFO: [BIND 205-101] Exploring resource sharing.
INFO: [BIND 205-101] Binding ...
INFO: [BIND 205-100] Finished micro-architecture generation.
INFO: [HLS 200-111]  Elapsed time: 0.399 seconds; current allocated memory: 208.911 MB.
INFO: [HLS 200-10] ----------------------------------------------------------------
INFO: [HLS 200-10] -- Generating RTL for module 'conv_1' 
INFO: [HLS 200-10] ----------------------------------------------------------------
INFO: [SYN 201-210] Renamed object name 'conv_1_conv_1_weights' to 'conv_1_conv_1_weibkb' due to the length limit 20
INFO: [SYN 201-210] Renamed object name 'cnn_fadd_32ns_32ns_32_4_full_dsp_1' to 'cnn_fadd_32ns_32ncud' due to the length limit 20
INFO: [SYN 201-210] Renamed object name 'cnn_fmul_32ns_32ns_32_2_max_dsp_1' to 'cnn_fmul_32ns_32ndEe' due to the length limit 20
INFO: [SYN 201-210] Renamed object name 'cnn_fcmp_32ns_32ns_1_2_1' to 'cnn_fcmp_32ns_32neOg' due to the length limit 20
INFO: [RTGEN 206-100] Generating core module 'cnn_fadd_32ns_32ncud': 1 instance(s).
INFO: [RTGEN 206-100] Generating core module 'cnn_fcmp_32ns_32neOg': 1 instance(s).
INFO: [RTGEN 206-100] Generating core module 'cnn_fmul_32ns_32ndEe': 1 instance(s).
INFO: [RTGEN 206-100] Finished creating RTL model for 'conv_1'.
INFO: [HLS 200-111]  Elapsed time: 0.487 seconds; current allocated memory: 209.744 MB.
INFO: [HLS 200-10] ----------------------------------------------------------------
INFO: [HLS 200-10] -- Generating RTL for module 'max_pool_1' 
INFO: [HLS 200-10] ----------------------------------------------------------------
INFO: [RTGEN 206-100] Generating core module 'cnn_fcmp_32ns_32neOg': 1 instance(s).
INFO: [RTGEN 206-100] Finished creating RTL model for 'max_pool_1'.
INFO: [HLS 200-111]  Elapsed time: 0.372 seconds; current allocated memory: 210.397 MB.
INFO: [HLS 200-10] ----------------------------------------------------------------
INFO: [HLS 200-10] -- Generating RTL for module 'conv_2' 
INFO: [HLS 200-10] ----------------------------------------------------------------
INFO: [SYN 201-210] Renamed object name 'conv_2_conv_2_weights' to 'conv_2_conv_2_weifYi' due to the length limit 20
INFO: [RTGEN 206-100] Generating core module 'cnn_fadd_32ns_32ncud': 1 instance(s).
INFO: [RTGEN 206-100] Generating core module 'cnn_fcmp_32ns_32neOg': 1 instance(s).
INFO: [RTGEN 206-100] Generating core module 'cnn_fmul_32ns_32ndEe': 1 instance(s).
INFO: [RTGEN 206-100] Finished creating RTL model for 'conv_2'.
INFO: [HLS 200-111]  Elapsed time: 0.369 seconds; current allocated memory: 211.214 MB.
INFO: [HLS 200-10] ----------------------------------------------------------------
INFO: [HLS 200-10] -- Generating RTL for module 'max_pool_2' 
INFO: [HLS 200-10] ----------------------------------------------------------------
INFO: [RTGEN 206-100] Generating core module 'cnn_fcmp_32ns_32neOg': 1 instance(s).
INFO: [RTGEN 206-100] Finished creating RTL model for 'max_pool_2'.
INFO: [HLS 200-111]  Elapsed time: 0.394 seconds; current allocated memory: 211.860 MB.
INFO: [HLS 200-10] ----------------------------------------------------------------
INFO: [HLS 200-10] -- Generating RTL for module 'flat' 
INFO: [HLS 200-10] ----------------------------------------------------------------
INFO: [RTGEN 206-100] Finished creating RTL model for 'flat'.
INFO: [HLS 200-111]  Elapsed time: 0.315 seconds; current allocated memory: 212.266 MB.
INFO: [HLS 200-10] ----------------------------------------------------------------
INFO: [HLS 200-10] -- Generating RTL for module 'dense_1' 
INFO: [HLS 200-10] ----------------------------------------------------------------
INFO: [SYN 201-210] Renamed object name 'dense_1_dense_1_weights' to 'dense_1_dense_1_wg8j' due to the length limit 20
INFO: [SYN 201-210] Renamed object name 'dense_1_dense_1_bias' to 'dense_1_dense_1_bhbi' due to the length limit 20
INFO: [RTGEN 206-100] Generating core module 'cnn_fadd_32ns_32ncud': 1 instance(s).
INFO: [RTGEN 206-100] Generating core module 'cnn_fcmp_32ns_32neOg': 1 instance(s).
INFO: [RTGEN 206-100] Generating core module 'cnn_fmul_32ns_32ndEe': 1 instance(s).
INFO: [RTGEN 206-100] Finished creating RTL model for 'dense_1'.
INFO: [HLS 200-111]  Elapsed time: 0.327 seconds; current allocated memory: 212.712 MB.
INFO: [HLS 200-10] ----------------------------------------------------------------
INFO: [HLS 200-10] -- Generating RTL for module 'dense_2' 
INFO: [HLS 200-10] ----------------------------------------------------------------
INFO: [SYN 201-210] Renamed object name 'dense_2_dense_2_weights' to 'dense_2_dense_2_wibs' due to the length limit 20
INFO: [SYN 201-210] Renamed object name 'dense_2_dense_2_bias' to 'dense_2_dense_2_bjbC' due to the length limit 20
INFO: [RTGEN 206-100] Generating core module 'cnn_fadd_32ns_32ncud': 1 instance(s).
INFO: [RTGEN 206-100] Generating core module 'cnn_fcmp_32ns_32neOg': 1 instance(s).
INFO: [RTGEN 206-100] Generating core module 'cnn_fmul_32ns_32ndEe': 1 instance(s).
INFO: [RTGEN 206-100] Finished creating RTL model for 'dense_2'.
INFO: [HLS 200-111]  Elapsed time: 0.33 seconds; current allocated memory: 213.223 MB.
INFO: [HLS 200-10] ----------------------------------------------------------------
INFO: [HLS 200-10] -- Generating RTL for module 'soft_max' 
INFO: [HLS 200-10] ----------------------------------------------------------------
INFO: [SYN 201-210] Renamed object name 'cnn_fdiv_32ns_32ns_32_8_1' to 'cnn_fdiv_32ns_32nkbM' due to the length limit 20
INFO: [SYN 201-210] Renamed object name 'cnn_fexp_32ns_32ns_32_5_full_dsp_1' to 'cnn_fexp_32ns_32nlbW' due to the length limit 20
INFO: [RTGEN 206-100] Generating core module 'cnn_fadd_32ns_32ncud': 1 instance(s).
INFO: [RTGEN 206-100] Generating core module 'cnn_fdiv_32ns_32nkbM': 1 instance(s).
INFO: [RTGEN 206-100] Generating core module 'cnn_fexp_32ns_32nlbW': 1 instance(s).
INFO: [RTGEN 206-100] Finished creating RTL model for 'soft_max'.
INFO: [HLS 200-111]  Elapsed time: 0.284 seconds; current allocated memory: 213.826 MB.
INFO: [HLS 200-10] ----------------------------------------------------------------
INFO: [HLS 200-10] -- Generating RTL for module 'dense_out' 
INFO: [HLS 200-10] ----------------------------------------------------------------
INFO: [SYN 201-210] Renamed object name 'dense_out_dense_out_weights' to 'dense_out_dense_omb6' due to the length limit 20
INFO: [SYN 201-210] Renamed object name 'dense_out_dense_out_bias' to 'dense_out_dense_oncg' due to the length limit 20
INFO: [SYN 201-210] Renamed object name 'dense_out_dense_array' to 'dense_out_dense_aocq' due to the length limit 20
INFO: [RTGEN 206-100] Generating core module 'cnn_fadd_32ns_32ncud': 1 instance(s).
INFO: [RTGEN 206-100] Generating core module 'cnn_fmul_32ns_32ndEe': 1 instance(s).
INFO: [RTGEN 206-100] Finished creating RTL model for 'dense_out'.
INFO: [HLS 200-111]  Elapsed time: 0.305 seconds; current allocated memory: 215.428 MB.
INFO: [HLS 200-10] ----------------------------------------------------------------
INFO: [HLS 200-10] -- Generating RTL for module 'cnn' 
INFO: [HLS 200-10] ----------------------------------------------------------------
INFO: [RTGEN 206-500] Setting interface mode on port 'cnn/cnn_input' to 'bram'.
INFO: [RTGEN 206-500] Setting interface mode on port 'cnn/prediction' to 'bram'.
INFO: [RTGEN 206-500] Setting interface mode on function 'cnn' to 's_axilite & ap_ctrl_hs'.
INFO: [RTGEN 206-100] Bundling port 'return' to AXI-Lite port CRTL_BUS.
WARNING: [RTGEN 206-101] Setting dangling out port 'cnn/cnn_input_WEN_A' to 0.
WARNING: [RTGEN 206-101] Setting dangling out port 'cnn/cnn_input_Din_A' to 0.
INFO: [RTGEN 206-100] Finished creating RTL model for 'cnn'.
INFO: [HLS 200-111]  Elapsed time: 0.667 seconds; current allocated memory: 216.515 MB.
INFO: [RTMG 210-279] Implementing memory 'conv_1_conv_1_weibkb_rom' using auto ROMs.
INFO: [RTMG 210-279] Implementing memory 'conv_1_conv_1_bias_rom' using distributed ROMs.
INFO: [RTMG 210-279] Implementing memory 'conv_2_conv_2_weifYi_rom' using auto ROMs.
INFO: [RTMG 210-279] Implementing memory 'conv_2_conv_2_bias_rom' using distributed ROMs.
INFO: [RTMG 210-279] Implementing memory 'dense_1_dense_1_wg8j_rom' using auto ROMs.
INFO: [RTMG 210-279] Implementing memory 'dense_1_dense_1_bhbi_rom' using auto ROMs.
INFO: [RTMG 210-279] Implementing memory 'dense_2_dense_2_wibs_rom' using auto ROMs.
INFO: [RTMG 210-279] Implementing memory 'dense_2_dense_2_bjbC_rom' using distributed ROMs.
INFO: [RTMG 210-279] Implementing memory 'dense_out_dense_omb6_rom' using auto ROMs.
INFO: [RTMG 210-279] Implementing memory 'dense_out_dense_oncg_rom' using distributed ROMs.
INFO: [RTMG 210-278] Implementing memory 'dense_out_dense_aocq_ram (RAM)' using distributed RAMs.
INFO: [RTMG 210-278] Implementing memory 'cnn_conv_1_out_ram (RAM)' using block RAMs with power-on initialization.
INFO: [RTMG 210-278] Implementing memory 'cnn_max_pool_1_out_ram (RAM)' using block RAMs with power-on initialization.
INFO: [RTMG 210-278] Implementing memory 'cnn_conv_2_out_ram (RAM)' using block RAMs with power-on initialization.
INFO: [RTMG 210-278] Implementing memory 'cnn_max_pool_2_out_ram (RAM)' using block RAMs with power-on initialization.
INFO: [RTMG 210-278] Implementing memory 'cnn_dense_1_out_ram (RAM)' using block RAMs with power-on initialization.
INFO: [RTMG 210-278] Implementing memory 'cnn_dense_2_out_ram (RAM)' using distributed RAMs with power-on initialization.
INFO: [RTMG 210-278] Implementing memory 'cnn_conv_1_input_ram (RAM)' using block RAMs.
INFO: [HLS 200-111] Finished generating all RTL models Time (s): cpu = 00:00:17 ; elapsed = 00:01:02 . Memory (MB): peak = 306.465 ; gain = 214.957
INFO: [VHDL 208-304] Generating VHDL RTL for cnn.
INFO: [VLOG 209-307] Generating Verilog RTL for cnn.
INFO: [HLS 200-112] Total elapsed time: 62.162 seconds; peak allocated memory: 216.515 MB.
