==============================================================
Vivado(TM) HLS - High-Level Synthesis from C, C++ and SystemC v2019.1 (64-bit)
Copyright 1986-2019 Xilinx, Inc. All Rights Reserved.
==============================================================
INFO: [SYN 201-201] Setting up clock 'default' with a period of 40ns.
INFO: [HLS 200-10] Setting target device to 'xc7z020-clg400-1'
INFO: [SCHED 204-61] Option 'relax_ii_for_timing' is enabled, will increase II to preserve clock frequency constraints.
INFO: [HLS 200-10] Analyzing design file 'dense/dense.cpp' ... 
INFO: [HLS 200-111] Finished Linking Time (s): cpu = 00:00:00 ; elapsed = 00:00:10 . Memory (MB): peak = 184.539 ; gain = 117.289
INFO: [HLS 200-111] Finished Checking Pragmas Time (s): cpu = 00:00:00 ; elapsed = 00:00:10 . Memory (MB): peak = 184.539 ; gain = 117.289
INFO: [HLS 200-10] Starting code transformations ...
INFO: [HLS 200-111] Finished Standard Transforms Time (s): cpu = 00:00:00 ; elapsed = 00:00:10 . Memory (MB): peak = 184.539 ; gain = 117.289
INFO: [HLS 200-10] Checking synthesizability ...
INFO: [HLS 200-111] Finished Checking Synthesizability Time (s): cpu = 00:00:00 ; elapsed = 00:00:11 . Memory (MB): peak = 184.539 ; gain = 117.289
INFO: [HLS 200-111] Finished Pre-synthesis Time (s): cpu = 00:00:00 ; elapsed = 00:00:11 . Memory (MB): peak = 184.539 ; gain = 117.289
INFO: [XFORM 203-541] Flattening a loop nest 'Dense_Loop' (dense/dense.cpp:14:6) in function 'dense'.
INFO: [HLS 200-111] Finished Architecture Synthesis Time (s): cpu = 00:00:01 ; elapsed = 00:00:11 . Memory (MB): peak = 184.539 ; gain = 117.289
INFO: [HLS 200-10] Starting hardware synthesis ...
INFO: [HLS 200-10] Synthesizing 'dense' ...
INFO: [HLS 200-10] ----------------------------------------------------------------
INFO: [HLS 200-42] -- Implementing module 'dense' 
INFO: [HLS 200-10] ----------------------------------------------------------------
INFO: [SCHED 204-11] Starting scheduling ...
INFO: [SCHED 204-61] Pipelining loop 'Dense_Loop_Flat_Loop'.
INFO: [SCHED 204-61] Pipelining result : Target II = 1, Final II = 1, Depth = 4.
INFO: [SCHED 204-61] Pipelining loop 'Sum_Loop'.
WARNING: [SCHED 204-68] Unable to enforce a carried constraint (II = 1)
   between 'fadd' operation ('sum', dense/dense.cpp:31) and 'fadd' operation ('sum', dense/dense.cpp:31).
INFO: [SCHED 204-61] Pipelining result : Target II = 1, Final II = 2, Depth = 7.
INFO: [SCHED 204-61] Pipelining loop 'Prediction_Loop'.
INFO: [SCHED 204-61] Pipelining result : Target II = 1, Final II = 1, Depth = 11.
WARNING: [SCHED 204-21] Estimated clock period (45.854ns) exceeds the target (target clock period: 40ns, clock uncertainty: 5ns, effective delay budget: 35ns).
WARNING: [SCHED 204-21] The critical path in module 'dense' consists of the following:
	'fadd' operation ('w_sum', dense/dense.cpp:20) [55]  (22.6 ns)
	'phi' operation ('w_sum') with incoming values : ('w_sum', dense/dense.cpp:20) [25]  (0 ns)
	'select' operation ('select_ln20_1', dense/dense.cpp:20) [35]  (0.698 ns)
	'fadd' operation ('w_sum', dense/dense.cpp:20) [55]  (22.6 ns)
INFO: [SCHED 204-11] Finished scheduling.
INFO: [HLS 200-111]  Elapsed time: 11.363 seconds; current allocated memory: 106.258 MB.
INFO: [HLS 200-434] Only 3 loops out of a total 4 loops have been pipelined in this design.
INFO: [BIND 205-100] Starting micro-architecture generation ...
INFO: [BIND 205-101] Performing variable lifetime analysis.
INFO: [BIND 205-101] Exploring resource sharing.
INFO: [BIND 205-101] Binding ...
INFO: [BIND 205-100] Finished micro-architecture generation.
INFO: [HLS 200-111]  Elapsed time: 0.08 seconds; current allocated memory: 106.759 MB.
INFO: [HLS 200-10] ----------------------------------------------------------------
INFO: [HLS 200-10] -- Generating RTL for module 'dense' 
INFO: [HLS 200-10] ----------------------------------------------------------------
INFO: [RTGEN 206-500] Setting interface mode on port 'dense/flat_array' to 'ap_memory'.
INFO: [RTGEN 206-500] Setting interface mode on port 'dense/prediction' to 'ap_memory'.
INFO: [RTGEN 206-500] Setting interface mode on function 'dense' to 'ap_ctrl_hs'.
INFO: [SYN 201-210] Renamed object name 'dense_fadd_32ns_32ns_32_2_full_dsp_1' to 'dense_fadd_32ns_3bkb' due to the length limit 20
INFO: [SYN 201-210] Renamed object name 'dense_fmul_32ns_32ns_32_2_max_dsp_1' to 'dense_fmul_32ns_3cud' due to the length limit 20
INFO: [SYN 201-210] Renamed object name 'dense_fdiv_32ns_32ns_32_6_1' to 'dense_fdiv_32ns_3dEe' due to the length limit 20
INFO: [SYN 201-210] Renamed object name 'dense_fexp_32ns_32ns_32_4_full_dsp_1' to 'dense_fexp_32ns_3eOg' due to the length limit 20
INFO: [RTGEN 206-100] Generating core module 'dense_fadd_32ns_3bkb': 1 instance(s).
INFO: [RTGEN 206-100] Generating core module 'dense_fdiv_32ns_3dEe': 1 instance(s).
INFO: [RTGEN 206-100] Generating core module 'dense_fexp_32ns_3eOg': 1 instance(s).
INFO: [RTGEN 206-100] Generating core module 'dense_fmul_32ns_3cud': 1 instance(s).
INFO: [RTGEN 206-100] Finished creating RTL model for 'dense'.
INFO: [HLS 200-111]  Elapsed time: 0.179 seconds; current allocated memory: 107.660 MB.
INFO: [RTMG 210-279] Implementing memory 'dense_dense_weights_rom' using auto ROMs.
INFO: [RTMG 210-278] Implementing memory 'dense_dense_array_ram (RAM)' using distributed RAMs.
INFO: [HLS 200-111] Finished generating all RTL models Time (s): cpu = 00:00:02 ; elapsed = 00:00:14 . Memory (MB): peak = 184.539 ; gain = 117.289
INFO: [VHDL 208-304] Generating VHDL RTL for dense.
INFO: [VLOG 209-307] Generating Verilog RTL for dense.
INFO: [HLS 200-112] Total elapsed time: 14.218 seconds; peak allocated memory: 107.660 MB.
==============================================================
Vivado(TM) HLS - High-Level Synthesis from C, C++ and SystemC v2019.1 (64-bit)
Copyright 1986-2019 Xilinx, Inc. All Rights Reserved.
==============================================================
INFO: [SYN 201-201] Setting up clock 'default' with a period of 40ns.
INFO: [HLS 200-10] Setting target device to 'xc7z020-clg400-1'
INFO: [SCHED 204-61] Option 'relax_ii_for_timing' is enabled, will increase II to preserve clock frequency constraints.
INFO: [HLS 200-10] Analyzing design file 'dense/dense.cpp' ... 
INFO: [HLS 200-111] Finished Linking Time (s): cpu = 00:00:01 ; elapsed = 00:00:07 . Memory (MB): peak = 184.375 ; gain = 92.887
INFO: [HLS 200-111] Finished Checking Pragmas Time (s): cpu = 00:00:01 ; elapsed = 00:00:07 . Memory (MB): peak = 184.375 ; gain = 92.887
INFO: [HLS 200-10] Starting code transformations ...
INFO: [HLS 200-111] Finished Standard Transforms Time (s): cpu = 00:00:01 ; elapsed = 00:00:08 . Memory (MB): peak = 184.375 ; gain = 92.887
INFO: [HLS 200-10] Checking synthesizability ...
INFO: [HLS 200-111] Finished Checking Synthesizability Time (s): cpu = 00:00:02 ; elapsed = 00:00:08 . Memory (MB): peak = 184.375 ; gain = 92.887
INFO: [HLS 200-111] Finished Pre-synthesis Time (s): cpu = 00:00:02 ; elapsed = 00:00:08 . Memory (MB): peak = 184.375 ; gain = 92.887
INFO: [XFORM 203-541] Flattening a loop nest 'Dense_Loop' (dense/dense.cpp:13:6) in function 'dense'.
INFO: [HLS 200-111] Finished Architecture Synthesis Time (s): cpu = 00:00:02 ; elapsed = 00:00:09 . Memory (MB): peak = 184.375 ; gain = 92.887
INFO: [HLS 200-10] Starting hardware synthesis ...
INFO: [HLS 200-10] Synthesizing 'dense' ...
INFO: [HLS 200-10] ----------------------------------------------------------------
INFO: [HLS 200-42] -- Implementing module 'dense' 
INFO: [HLS 200-10] ----------------------------------------------------------------
INFO: [SCHED 204-11] Starting scheduling ...
INFO: [SCHED 204-61] Pipelining loop 'Dense_Loop_Flat_Loop'.
INFO: [SCHED 204-61] Pipelining result : Target II = 2, Final II = 2, Depth = 4.
INFO: [SCHED 204-61] Pipelining loop 'Sum_Loop'.
WARNING: [SCHED 204-68] Unable to enforce a carried constraint (II = 1)
   between 'fadd' operation ('sum', dense/dense.cpp:38) and 'fadd' operation ('sum', dense/dense.cpp:38).
INFO: [SCHED 204-61] Pipelining result : Target II = 1, Final II = 2, Depth = 7.
INFO: [SCHED 204-61] Pipelining loop 'Prediction_Loop'.
INFO: [SCHED 204-61] Pipelining result : Target II = 1, Final II = 1, Depth = 11.
INFO: [SCHED 204-11] Finished scheduling.
INFO: [HLS 200-111]  Elapsed time: 8.804 seconds; current allocated memory: 106.304 MB.
INFO: [HLS 200-434] Only 3 loops out of a total 4 loops have been pipelined in this design.
INFO: [BIND 205-100] Starting micro-architecture generation ...
INFO: [BIND 205-101] Performing variable lifetime analysis.
INFO: [BIND 205-101] Exploring resource sharing.
INFO: [BIND 205-101] Binding ...
INFO: [BIND 205-100] Finished micro-architecture generation.
INFO: [HLS 200-111]  Elapsed time: 0.084 seconds; current allocated memory: 106.809 MB.
INFO: [HLS 200-10] ----------------------------------------------------------------
INFO: [HLS 200-10] -- Generating RTL for module 'dense' 
INFO: [HLS 200-10] ----------------------------------------------------------------
INFO: [RTGEN 206-500] Setting interface mode on port 'dense/flat_array' to 'ap_memory'.
INFO: [RTGEN 206-500] Setting interface mode on port 'dense/prediction' to 'ap_memory'.
INFO: [RTGEN 206-500] Setting interface mode on function 'dense' to 'ap_ctrl_hs'.
INFO: [SYN 201-210] Renamed object name 'dense_fadd_32ns_32ns_32_2_full_dsp_1' to 'dense_fadd_32ns_3bkb' due to the length limit 20
INFO: [SYN 201-210] Renamed object name 'dense_fmul_32ns_32ns_32_2_max_dsp_1' to 'dense_fmul_32ns_3cud' due to the length limit 20
INFO: [SYN 201-210] Renamed object name 'dense_fdiv_32ns_32ns_32_6_1' to 'dense_fdiv_32ns_3dEe' due to the length limit 20
INFO: [SYN 201-210] Renamed object name 'dense_fexp_32ns_32ns_32_4_full_dsp_1' to 'dense_fexp_32ns_3eOg' due to the length limit 20
INFO: [RTGEN 206-100] Generating core module 'dense_fadd_32ns_3bkb': 1 instance(s).
INFO: [RTGEN 206-100] Generating core module 'dense_fdiv_32ns_3dEe': 1 instance(s).
INFO: [RTGEN 206-100] Generating core module 'dense_fexp_32ns_3eOg': 1 instance(s).
INFO: [RTGEN 206-100] Generating core module 'dense_fmul_32ns_3cud': 1 instance(s).
INFO: [RTGEN 206-100] Finished creating RTL model for 'dense'.
INFO: [HLS 200-111]  Elapsed time: 0.179 seconds; current allocated memory: 107.701 MB.
INFO: [RTMG 210-279] Implementing memory 'dense_dense_weights_rom' using auto ROMs.
INFO: [RTMG 210-278] Implementing memory 'dense_dense_array_ram (RAM)' using distributed RAMs.
INFO: [HLS 200-111] Finished generating all RTL models Time (s): cpu = 00:00:04 ; elapsed = 00:00:11 . Memory (MB): peak = 184.375 ; gain = 92.887
INFO: [VHDL 208-304] Generating VHDL RTL for dense.
INFO: [VLOG 209-307] Generating Verilog RTL for dense.
INFO: [HLS 200-112] Total elapsed time: 11.461 seconds; peak allocated memory: 107.701 MB.
==============================================================
Vivado(TM) HLS - High-Level Synthesis from C, C++ and SystemC v2019.1 (64-bit)
Copyright 1986-2019 Xilinx, Inc. All Rights Reserved.
==============================================================
INFO: [SYN 201-201] Setting up clock 'default' with a period of 40ns.
INFO: [HLS 200-10] Setting target device to 'xc7z020-clg400-1'
INFO: [SCHED 204-61] Option 'relax_ii_for_timing' is enabled, will increase II to preserve clock frequency constraints.
INFO: [HLS 200-10] Analyzing design file 'dense/dense.cpp' ... 
INFO: [HLS 200-111] Finished Linking Time (s): cpu = 00:00:01 ; elapsed = 00:00:06 . Memory (MB): peak = 184.871 ; gain = 93.199
INFO: [HLS 200-111] Finished Checking Pragmas Time (s): cpu = 00:00:01 ; elapsed = 00:00:06 . Memory (MB): peak = 184.871 ; gain = 93.199
INFO: [HLS 200-10] Starting code transformations ...
INFO: [HLS 200-111] Finished Standard Transforms Time (s): cpu = 00:00:01 ; elapsed = 00:00:07 . Memory (MB): peak = 184.871 ; gain = 93.199
INFO: [HLS 200-10] Checking synthesizability ...
INFO: [HLS 200-111] Finished Checking Synthesizability Time (s): cpu = 00:00:02 ; elapsed = 00:00:07 . Memory (MB): peak = 184.871 ; gain = 93.199
INFO: [HLS 200-111] Finished Pre-synthesis Time (s): cpu = 00:00:02 ; elapsed = 00:00:08 . Memory (MB): peak = 184.871 ; gain = 93.199
INFO: [XFORM 203-541] Flattening a loop nest 'Dense_Loop' (dense/dense.cpp:13:6) in function 'dense'.
INFO: [HLS 200-111] Finished Architecture Synthesis Time (s): cpu = 00:00:02 ; elapsed = 00:00:08 . Memory (MB): peak = 184.871 ; gain = 93.199
INFO: [HLS 200-10] Starting hardware synthesis ...
INFO: [HLS 200-10] Synthesizing 'dense' ...
INFO: [HLS 200-10] ----------------------------------------------------------------
INFO: [HLS 200-42] -- Implementing module 'dense' 
INFO: [HLS 200-10] ----------------------------------------------------------------
INFO: [SCHED 204-11] Starting scheduling ...
INFO: [SCHED 204-61] Pipelining loop 'Dense_Loop_Flat_Loop'.
INFO: [SCHED 204-61] Pipelining result : Target II = 1, Final II = 1, Depth = 4.
INFO: [SCHED 204-61] Pipelining loop 'Sum_Loop'.
WARNING: [SCHED 204-68] Unable to enforce a carried constraint (II = 1)
   between 'fadd' operation ('sum', dense/dense.cpp:38) and 'fadd' operation ('sum', dense/dense.cpp:38).
INFO: [SCHED 204-61] Pipelining result : Target II = 1, Final II = 2, Depth = 7.
INFO: [SCHED 204-61] Pipelining loop 'Prediction_Loop'.
INFO: [SCHED 204-61] Pipelining result : Target II = 1, Final II = 1, Depth = 11.
WARNING: [SCHED 204-21] Estimated clock period (45.854ns) exceeds the target (target clock period: 40ns, clock uncertainty: 5ns, effective delay budget: 35ns).
WARNING: [SCHED 204-21] The critical path in module 'dense' consists of the following:
	'fadd' operation ('w_sum', dense/dense.cpp:19) [55]  (22.6 ns)
	'phi' operation ('w_sum') with incoming values : ('w_sum', dense/dense.cpp:19) [25]  (0 ns)
	'select' operation ('select_ln19_1', dense/dense.cpp:19) [35]  (0.698 ns)
	'fadd' operation ('w_sum', dense/dense.cpp:19) [55]  (22.6 ns)
INFO: [SCHED 204-11] Finished scheduling.
INFO: [HLS 200-111]  Elapsed time: 8.275 seconds; current allocated memory: 106.274 MB.
INFO: [HLS 200-434] Only 3 loops out of a total 4 loops have been pipelined in this design.
INFO: [BIND 205-100] Starting micro-architecture generation ...
INFO: [BIND 205-101] Performing variable lifetime analysis.
INFO: [BIND 205-101] Exploring resource sharing.
INFO: [BIND 205-101] Binding ...
INFO: [BIND 205-100] Finished micro-architecture generation.
INFO: [HLS 200-111]  Elapsed time: 0.081 seconds; current allocated memory: 106.793 MB.
INFO: [HLS 200-10] ----------------------------------------------------------------
INFO: [HLS 200-10] -- Generating RTL for module 'dense' 
INFO: [HLS 200-10] ----------------------------------------------------------------
INFO: [RTGEN 206-500] Setting interface mode on port 'dense/flat_array' to 'ap_memory'.
INFO: [RTGEN 206-500] Setting interface mode on port 'dense/prediction' to 'ap_memory'.
INFO: [RTGEN 206-500] Setting interface mode on function 'dense' to 'ap_ctrl_hs'.
INFO: [SYN 201-210] Renamed object name 'dense_fadd_32ns_32ns_32_2_full_dsp_1' to 'dense_fadd_32ns_3bkb' due to the length limit 20
INFO: [SYN 201-210] Renamed object name 'dense_fmul_32ns_32ns_32_2_max_dsp_1' to 'dense_fmul_32ns_3cud' due to the length limit 20
INFO: [SYN 201-210] Renamed object name 'dense_fdiv_32ns_32ns_32_6_1' to 'dense_fdiv_32ns_3dEe' due to the length limit 20
INFO: [SYN 201-210] Renamed object name 'dense_fexp_32ns_32ns_32_4_full_dsp_1' to 'dense_fexp_32ns_3eOg' due to the length limit 20
INFO: [RTGEN 206-100] Generating core module 'dense_fadd_32ns_3bkb': 1 instance(s).
INFO: [RTGEN 206-100] Generating core module 'dense_fdiv_32ns_3dEe': 1 instance(s).
INFO: [RTGEN 206-100] Generating core module 'dense_fexp_32ns_3eOg': 1 instance(s).
INFO: [RTGEN 206-100] Generating core module 'dense_fmul_32ns_3cud': 1 instance(s).
INFO: [RTGEN 206-100] Finished creating RTL model for 'dense'.
INFO: [HLS 200-111]  Elapsed time: 0.19 seconds; current allocated memory: 107.678 MB.
INFO: [RTMG 210-279] Implementing memory 'dense_dense_weights_rom' using auto ROMs.
INFO: [RTMG 210-278] Implementing memory 'dense_dense_array_ram (RAM)' using distributed RAMs.
INFO: [HLS 200-111] Finished generating all RTL models Time (s): cpu = 00:00:03 ; elapsed = 00:00:11 . Memory (MB): peak = 184.871 ; gain = 93.199
INFO: [VHDL 208-304] Generating VHDL RTL for dense.
INFO: [VLOG 209-307] Generating Verilog RTL for dense.
INFO: [HLS 200-112] Total elapsed time: 10.84 seconds; peak allocated memory: 107.678 MB.
