

================================================================
== Vivado HLS Report for 'cnn'
================================================================
* Date:           Sun Aug  4 18:34:21 2024

* Version:        2019.1 (Build 2552052 on Fri May 24 15:28:33 MDT 2019)
* Project:        cnn
* Solution:       col_2_fp3
* Product family: zynq
* Target device:  xc7z020-clg400-1


================================================================
== Performance Estimates
================================================================
+ Timing (ns): 
    * Summary: 
    +--------+-------+----------+------------+
    |  Clock | Target| Estimated| Uncertainty|
    +--------+-------+----------+------------+
    |ap_clk  |  20.00|    17.815|        2.50|
    +--------+-------+----------+------------+

+ Latency (clock cycles): 
    * Summary: 
    +--------+--------+--------+--------+---------+
    |     Latency     |     Interval    | Pipeline|
    |   min  |   max  |   min  |   max  |   Type  |
    +--------+--------+--------+--------+---------+
    |  543917|  543917|  543917|  543917|   none  |
    +--------+--------+--------+--------+---------+

    + Detail: 
        * Instance: 
        +-----------------------+------------+--------+--------+--------+--------+---------+
        |                       |            |     Latency     |     Interval    | Pipeline|
        |        Instance       |   Module   |   min  |   max  |   min  |   max  |   Type  |
        +-----------------------+------------+--------+--------+--------+--------+---------+
        |grp_conv_2_fu_508      |conv_2      |   52470|   52470|   52470|   52470|   none  |
        |grp_dense_out_fu_626   |dense_out   |    2414|    2414|    2414|    2414|   none  |
        |grp_conv_1_fu_638      |conv_1      |  309661|  309661|  309661|  309661|   none  |
        |grp_max_pool_1_fu_649  |max_pool_1  |   18421|   18421|   18421|   18421|   none  |
        |grp_max_pool_2_fu_657  |max_pool_2  |    7393|    7393|    7393|    7393|   none  |
        |grp_flat_fu_665        |flat        |     861|     861|     861|     861|   none  |
        +-----------------------+------------+--------+--------+--------+--------+---------+

        * Loop: 
        +--------------+--------+--------+----------+-----------+-----------+------+----------+
        |              |     Latency     | Iteration|  Initiation Interval  | Trip |          |
        |   Loop Name  |   min  |   max  |  Latency |  achieved |   target  | Count| Pipelined|
        +--------------+--------+--------+----------+-----------+-----------+------+----------+
        |- Loop 1      |    1624|    1624|        58|          -|          -|    28|    no    |
        | + Loop 1.1   |      56|      56|         2|          -|          -|    28|    no    |
        |- DENSE_LOOP  |  140350|  140350|      2807|          -|          -|    50|    no    |
        | + FLAT_LOOP  |    2800|    2800|         7|          -|          -|   400|    no    |
        |- DENSE_LOOP  |   10710|   10710|       357|          -|          -|    30|    no    |
        | + FLAT_LOOP  |     350|     350|         7|          -|          -|    50|    no    |
        +--------------+--------+--------+----------+-----------+-----------+------+----------+



================================================================
== Utilization Estimates
================================================================
* Summary: 
+-----------------+---------+-------+--------+-------+-----+
|       Name      | BRAM_18K| DSP48E|   FF   |  LUT  | URAM|
+-----------------+---------+-------+--------+-------+-----+
|DSP              |        -|      -|       -|      -|    -|
|Expression       |        -|      -|       0|    408|    -|
|FIFO             |        -|      -|       -|      -|    -|
|Instance         |        2|     37|   12950|  13676|    0|
|Memory           |       88|      -|      96|     30|    0|
|Multiplexer      |        -|      -|       -|    625|    -|
|Register         |        -|      -|     358|      -|    -|
+-----------------+---------+-------+--------+-------+-----+
|Total            |       90|     37|   13404|  14739|    0|
+-----------------+---------+-------+--------+-------+-----+
|Available        |      280|    220|  106400|  53200|    0|
+-----------------+---------+-------+--------+-------+-----+
|Utilization (%)  |       32|     16|      12|     27|    0|
+-----------------+---------+-------+--------+-------+-----+

+ Detail: 
    * Instance: 
    +--------------------------+----------------------+---------+-------+------+------+-----+
    |         Instance         |        Module        | BRAM_18K| DSP48E|  FF  |  LUT | URAM|
    +--------------------------+----------------------+---------+-------+------+------+-----+
    |cnn_CRTL_BUS_s_axi_U      |cnn_CRTL_BUS_s_axi    |        0|      0|    36|    40|    0|
    |cnn_fadd_32ns_32ncud_U96  |cnn_fadd_32ns_32ncud  |        0|      2|   227|   403|    0|
    |cnn_fcmp_32ns_32neOg_U98  |cnn_fcmp_32ns_32neOg  |        0|      0|    66|   239|    0|
    |cnn_fmul_32ns_32ndEe_U97  |cnn_fmul_32ns_32ndEe  |        0|      3|   128|   320|    0|
    |grp_conv_1_fu_638         |conv_1                |        1|      5|   697|  1502|    0|
    |grp_conv_2_fu_508         |conv_2                |        0|     13|  9750|  6133|    0|
    |grp_dense_out_fu_626      |dense_out             |        1|     14|  1493|  3440|    0|
    |grp_flat_fu_665           |flat                  |        0|      0|    84|   244|    0|
    |grp_max_pool_1_fu_649     |max_pool_1            |        0|      0|   239|   695|    0|
    |grp_max_pool_2_fu_657     |max_pool_2            |        0|      0|   230|   660|    0|
    +--------------------------+----------------------+---------+-------+------+------+-----+
    |Total                     |                      |        2|     37| 12950| 13676|    0|
    +--------------------------+----------------------+---------+-------+------+------+-----+

    * DSP48E: 
    N/A

    * Memory: 
    +-------------------+---------------------+---------+----+----+-----+-------+-----+------+-------------+
    |       Memory      |        Module       | BRAM_18K| FF | LUT| URAM| Words | Bits| Banks| W*Bits*Banks|
    +-------------------+---------------------+---------+----+----+-----+-------+-----+------+-------------+
    |conv_1_input_U     |cnn_conv_1_input     |        2|   0|   0|    0|    784|   32|     1|        25088|
    |conv_1_out_U       |cnn_conv_1_out       |        8|   0|   0|    0|   4056|   32|     1|       129792|
    |conv_2_out_U       |cnn_conv_2_out       |        4|   0|   0|    0|   1936|   32|     1|        61952|
    |dense_1_bias_U     |cnn_dense_1_bias     |        1|   0|   0|    0|     50|   32|     1|         1600|
    |dense_1_out_U      |cnn_dense_1_out      |        1|   0|   0|    0|     50|   32|     1|         1600|
    |dense_1_weights_U  |cnn_dense_1_weights  |       64|   0|   0|    0|  20000|   32|     1|       640000|
    |dense_2_bias_U     |cnn_dense_2_bias     |        0|  32|  15|    0|     30|   32|     1|          960|
    |dense_2_out_U      |cnn_dense_2_out      |        0|  64|  15|    0|     30|   32|     1|          960|
    |dense_2_weights_U  |cnn_dense_2_weights  |        4|   0|   0|    0|   1500|   32|     1|        48000|
    |max_pool_1_out_U   |cnn_max_pool_1_out   |        2|   0|   0|    0|   1014|   32|     1|        32448|
    |max_pool_2_out_U   |cnn_max_pool_2_out   |        1|   0|   0|    0|    400|   32|     1|        12800|
    |flat_array_U       |cnn_max_pool_2_out   |        1|   0|   0|    0|    400|   32|     1|        12800|
    +-------------------+---------------------+---------+----+----+-----+-------+-----+------+-------------+
    |Total              |                     |       88|  96|  30|    0|  30250|  384|    12|       968000|
    +-------------------+---------------------+---------+----+----+-----+-------+-----+------+-------------+

    * FIFO: 
    N/A

    * Expression: 
    +------------------------+----------+-------+---+----+------------+------------+
    |      Variable Name     | Operation| DSP48E| FF| LUT| Bitwidth P0| Bitwidth P1|
    +------------------------+----------+-------+---+----+------------+------------+
    |add_ln14_3_fu_966_p2    |     +    |      0|  0|  12|          12|          12|
    |add_ln14_4_fu_832_p2    |     +    |      0|  0|  21|          15|           6|
    |add_ln14_fu_838_p2      |     +    |      0|  0|  21|          15|          15|
    |add_ln27_fu_780_p2      |     +    |      0|  0|  13|          11|          11|
    |add_ln28_fu_785_p2      |     +    |      0|  0|  14|          10|           1|
    |i_1_fu_801_p2           |     +    |      0|  0|  15|           6|           1|
    |i_2_fu_905_p2           |     +    |      0|  0|  15|           5|           1|
    |i_fu_717_p2             |     +    |      0|  0|  15|           5|           1|
    |ix_in_fu_723_p2         |     +    |      0|  0|  14|          10|           5|
    |j_1_fu_821_p2           |     +    |      0|  0|  15|           9|           1|
    |j_2_fu_925_p2           |     +    |      0|  0|  15|           6|           1|
    |j_fu_765_p2             |     +    |      0|  0|  15|           5|           1|
    |sub_ln14_fu_960_p2      |     -    |      0|  0|  12|          12|          12|
    |sub_ln27_fu_753_p2      |     -    |      0|  0|  13|          11|          11|
    |and_ln19_1_fu_1012_p2   |    and   |      0|  0|   2|           1|           1|
    |and_ln19_fu_884_p2      |    and   |      0|  0|   2|           1|           1|
    |icmp_ln13_1_fu_919_p2   |   icmp   |      0|  0|  11|           6|           5|
    |icmp_ln13_fu_815_p2     |   icmp   |      0|  0|  13|           9|           8|
    |icmp_ln19_1_fu_872_p2   |   icmp   |      0|  0|  18|          23|           1|
    |icmp_ln19_2_fu_994_p2   |   icmp   |      0|  0|  11|           8|           2|
    |icmp_ln19_3_fu_1000_p2  |   icmp   |      0|  0|  18|          23|           1|
    |icmp_ln19_fu_866_p2     |   icmp   |      0|  0|  11|           8|           2|
    |icmp_ln23_fu_711_p2     |   icmp   |      0|  0|  11|           5|           4|
    |icmp_ln25_fu_759_p2     |   icmp   |      0|  0|  11|           5|           4|
    |icmp_ln9_1_fu_899_p2    |   icmp   |      0|  0|  11|           5|           3|
    |icmp_ln9_fu_795_p2      |   icmp   |      0|  0|  11|           6|           5|
    |or_ln19_1_fu_1006_p2    |    or    |      0|  0|   2|           1|           1|
    |or_ln19_fu_878_p2       |    or    |      0|  0|   2|           1|           1|
    |dense_1_out_d0          |  select  |      0|  0|  32|           1|           1|
    |dense_2_out_d0          |  select  |      0|  0|  32|           1|           1|
    +------------------------+----------+-------+---+----+------------+------------+
    |Total                   |          |      0|  0| 408|         236|         120|
    +------------------------+----------+-------+---+----+------------+------------+

    * Multiplexer: 
    +-------------------------+-----+-----------+-----+-----------+
    |           Name          | LUT | Input Size| Bits| Total Bits|
    +-------------------------+-----+-----------+-----+-----------+
    |ap_NS_fsm                |  181|         41|    1|         41|
    |conv_1_input_address0    |   15|          3|   10|         30|
    |conv_1_input_ce0         |   15|          3|    1|          3|
    |conv_1_out_address0      |   15|          3|   12|         36|
    |conv_1_out_ce0           |   15|          3|    1|          3|
    |conv_1_out_we0           |    9|          2|    1|          2|
    |conv_2_out_address0      |   15|          3|   11|         33|
    |conv_2_out_ce0           |   15|          3|    1|          3|
    |conv_2_out_we0           |    9|          2|    1|          2|
    |dense_1_out_address0     |   15|          3|    6|         18|
    |dense_2_out_address0     |   15|          3|    5|         15|
    |dense_2_out_ce0          |   15|          3|    1|          3|
    |flat_array_address0      |   15|          3|    9|         27|
    |flat_array_ce0           |   15|          3|    1|          3|
    |flat_array_we0           |    9|          2|    1|          2|
    |grp_fu_673_p0            |   15|          3|   32|         96|
    |grp_fu_673_p1            |   21|          4|   32|        128|
    |grp_fu_681_p0            |   15|          3|   32|         96|
    |grp_fu_681_p1            |   15|          3|   32|         96|
    |i_0_i3_reg_474           |    9|          2|    5|         10|
    |i_0_i_reg_429            |    9|          2|    6|         12|
    |i_0_reg_397              |    9|          2|    5|         10|
    |ix_in_0_reg_385          |    9|          2|   10|         20|
    |ix_in_1_reg_408          |    9|          2|   10|         20|
    |j_0_i7_reg_497           |    9|          2|    6|         12|
    |j_0_i_reg_452            |    9|          2|    9|         18|
    |j_0_reg_418              |    9|          2|    5|         10|
    |max_pool_1_out_address0  |   15|          3|   10|         30|
    |max_pool_1_out_ce0       |   15|          3|    1|          3|
    |max_pool_1_out_ce1       |    9|          2|    1|          2|
    |max_pool_1_out_we0       |    9|          2|    1|          2|
    |max_pool_2_out_address0  |   15|          3|    9|         27|
    |max_pool_2_out_ce0       |   15|          3|    1|          3|
    |max_pool_2_out_we0       |    9|          2|    1|          2|
    |phi_mul_reg_463          |    9|          2|   15|         30|
    |sum_0_i6_reg_485         |    9|          2|   32|         64|
    |sum_0_i_reg_440          |    9|          2|   32|         64|
    +-------------------------+-----+-----------+-----+-----------+
    |Total                    |  625|        133|  349|        976|
    +-------------------------+-----+-----------+-----+-----------+

    * Register: 
    +------------------------------------+----+----+-----+-----------+
    |                Name                | FF | LUT| Bits| Const Bits|
    +------------------------------------+----+----+-----+-----------+
    |add_ln14_4_reg_1095                 |  15|   0|   15|          0|
    |add_ln27_reg_1058                   |  11|   0|   11|          0|
    |add_ln28_reg_1063                   |  10|   0|   10|          0|
    |ap_CS_fsm                           |  40|   0|   40|          0|
    |grp_conv_1_fu_638_ap_start_reg      |   1|   0|    1|          0|
    |grp_conv_2_fu_508_ap_start_reg      |   1|   0|    1|          0|
    |grp_dense_out_fu_626_ap_start_reg   |   1|   0|    1|          0|
    |grp_flat_fu_665_ap_start_reg        |   1|   0|    1|          0|
    |grp_max_pool_1_fu_649_ap_start_reg  |   1|   0|    1|          0|
    |grp_max_pool_2_fu_657_ap_start_reg  |   1|   0|    1|          0|
    |i_0_i3_reg_474                      |   5|   0|    5|          0|
    |i_0_i_reg_429                       |   6|   0|    6|          0|
    |i_0_reg_397                         |   5|   0|    5|          0|
    |i_1_reg_1071                        |   6|   0|    6|          0|
    |i_2_reg_1133                        |   5|   0|    5|          0|
    |i_reg_1030                          |   5|   0|    5|          0|
    |ix_in_0_reg_385                     |  10|   0|   10|          0|
    |ix_in_1_reg_408                     |  10|   0|   10|          0|
    |ix_in_reg_1035                      |  10|   0|   10|          0|
    |j_0_i7_reg_497                      |   6|   0|    6|          0|
    |j_0_i_reg_452                       |   9|   0|    9|          0|
    |j_0_reg_418                         |   5|   0|    5|          0|
    |j_1_reg_1090                        |   9|   0|    9|          0|
    |j_2_reg_1152                        |   6|   0|    6|          0|
    |j_reg_1048                          |   5|   0|    5|          0|
    |phi_mul_reg_463                     |  15|   0|   15|          0|
    |reg_695                             |  32|   0|   32|          0|
    |reg_706                             |  32|   0|   32|          0|
    |sub_ln27_reg_1040                   |   9|   0|   11|          2|
    |sum_0_i6_reg_485                    |  32|   0|   32|          0|
    |sum_0_i_reg_440                     |  32|   0|   32|          0|
    |zext_ln13_3_reg_1144                |   5|   0|   12|          7|
    |zext_ln13_reg_1082                  |   6|   0|   15|          9|
    |zext_ln14_4_reg_1138                |   5|   0|   64|         59|
    |zext_ln14_reg_1076                  |   6|   0|   64|         58|
    +------------------------------------+----+----+-----+-----------+
    |Total                               | 358|   0|  493|        135|
    +------------------------------------+----+----+-----+-----------+



================================================================
== Interface
================================================================
* Summary: 
+------------------------+-----+-----+------------+--------------+--------------+
|        RTL Ports       | Dir | Bits|  Protocol  | Source Object|    C Type    |
+------------------------+-----+-----+------------+--------------+--------------+
|s_axi_CRTL_BUS_AWVALID  |  in |    1|    s_axi   |   CRTL_BUS   |  return void |
|s_axi_CRTL_BUS_AWREADY  | out |    1|    s_axi   |   CRTL_BUS   |  return void |
|s_axi_CRTL_BUS_AWADDR   |  in |    4|    s_axi   |   CRTL_BUS   |  return void |
|s_axi_CRTL_BUS_WVALID   |  in |    1|    s_axi   |   CRTL_BUS   |  return void |
|s_axi_CRTL_BUS_WREADY   | out |    1|    s_axi   |   CRTL_BUS   |  return void |
|s_axi_CRTL_BUS_WDATA    |  in |   32|    s_axi   |   CRTL_BUS   |  return void |
|s_axi_CRTL_BUS_WSTRB    |  in |    4|    s_axi   |   CRTL_BUS   |  return void |
|s_axi_CRTL_BUS_ARVALID  |  in |    1|    s_axi   |   CRTL_BUS   |  return void |
|s_axi_CRTL_BUS_ARREADY  | out |    1|    s_axi   |   CRTL_BUS   |  return void |
|s_axi_CRTL_BUS_ARADDR   |  in |    4|    s_axi   |   CRTL_BUS   |  return void |
|s_axi_CRTL_BUS_RVALID   | out |    1|    s_axi   |   CRTL_BUS   |  return void |
|s_axi_CRTL_BUS_RREADY   |  in |    1|    s_axi   |   CRTL_BUS   |  return void |
|s_axi_CRTL_BUS_RDATA    | out |   32|    s_axi   |   CRTL_BUS   |  return void |
|s_axi_CRTL_BUS_RRESP    | out |    2|    s_axi   |   CRTL_BUS   |  return void |
|s_axi_CRTL_BUS_BVALID   | out |    1|    s_axi   |   CRTL_BUS   |  return void |
|s_axi_CRTL_BUS_BREADY   |  in |    1|    s_axi   |   CRTL_BUS   |  return void |
|s_axi_CRTL_BUS_BRESP    | out |    2|    s_axi   |   CRTL_BUS   |  return void |
|ap_clk                  |  in |    1| ap_ctrl_hs |      cnn     | return value |
|ap_rst_n                |  in |    1| ap_ctrl_hs |      cnn     | return value |
|interrupt               | out |    1| ap_ctrl_hs |      cnn     | return value |
|cnn_input_Addr_A        | out |   32|    bram    |   cnn_input  |     array    |
|cnn_input_EN_A          | out |    1|    bram    |   cnn_input  |     array    |
|cnn_input_WEN_A         | out |    4|    bram    |   cnn_input  |     array    |
|cnn_input_Din_A         | out |   32|    bram    |   cnn_input  |     array    |
|cnn_input_Dout_A        |  in |   32|    bram    |   cnn_input  |     array    |
|cnn_input_Clk_A         | out |    1|    bram    |   cnn_input  |     array    |
|cnn_input_Rst_A         | out |    1|    bram    |   cnn_input  |     array    |
|prediction_Addr_A       | out |   32|    bram    |  prediction  |     array    |
|prediction_EN_A         | out |    1|    bram    |  prediction  |     array    |
|prediction_WEN_A        | out |    4|    bram    |  prediction  |     array    |
|prediction_Din_A        | out |   32|    bram    |  prediction  |     array    |
|prediction_Dout_A       |  in |   32|    bram    |  prediction  |     array    |
|prediction_Clk_A        | out |    1|    bram    |  prediction  |     array    |
|prediction_Rst_A        | out |    1|    bram    |  prediction  |     array    |
+------------------------+-----+-----+------------+--------------+--------------+

