

================================================================
== Vivado HLS Report for 'dense_out'
================================================================
* Date:           Mon Jul 22 20:58:08 2024

* Version:        2019.1 (Build 2552052 on Fri May 24 15:28:33 MDT 2019)
* Project:        cnn_ap_type
* Solution:       W14_6_OPT3_SAT
* Product family: zynq
* Target device:  xc7z020-clg400-1


================================================================
== Performance Estimates
================================================================
+ Timing (ns): 
    * Summary: 
    +--------+-------+----------+------------+
    |  Clock | Target| Estimated| Uncertainty|
    +--------+-------+----------+------------+
    |ap_clk  |  20.00|    17.134|        2.50|
    +--------+-------+----------+------------+

+ Latency (clock cycles): 
    * Summary: 
    +------+------+------+------+---------+
    |   Latency   |   Interval  | Pipeline|
    |  min |  max |  min |  max |   Type  |
    +------+------+------+------+---------+
    |  1275|  1275|  1275|  1275|   none  |
    +------+------+------+------+---------+

    + Detail: 
        * Instance: 
        +---------------------+----------+-----+-----+-----+-----+---------+
        |                     |          |  Latency  |  Interval | Pipeline|
        |       Instance      |  Module  | min | max | min | max |   Type  |
        +---------------------+----------+-----+-----+-----+-----+---------+
        |grp_soft_max_fu_179  |soft_max  |  343|  343|  343|  343|   none  |
        +---------------------+----------+-----+-----+-----+-----+---------+

        * Loop: 
        +--------------+-----+-----+----------+-----------+-----------+------+----------+
        |              |  Latency  | Iteration|  Initiation Interval  | Trip |          |
        |   Loop Name  | min | max |  Latency |  achieved |   target  | Count| Pipelined|
        +--------------+-----+-----+----------+-----------+-----------+------+----------+
        |- Dense_Loop  |  930|  930|        93|          -|          -|    10|    no    |
        | + Flat_Loop  |   90|   90|         3|          -|          -|    30|    no    |
        +--------------+-----+-----+----------+-----------+-----------+------+----------+



================================================================
== Utilization Estimates
================================================================
* Summary: 
+-----------------+---------+-------+--------+-------+-----+
|       Name      | BRAM_18K| DSP48E|   FF   |  LUT  | URAM|
+-----------------+---------+-------+--------+-------+-----+
|DSP              |        -|      1|       -|      -|    -|
|Expression       |        -|      -|       0|    316|    -|
|FIFO             |        -|      -|       -|      -|    -|
|Instance         |        0|      3|     521|   1081|    -|
|Memory           |        1|      -|      36|      5|    0|
|Multiplexer      |        -|      -|       -|    128|    -|
|Register         |        -|      -|      67|      -|    -|
+-----------------+---------+-------+--------+-------+-----+
|Total            |        1|      4|     624|   1530|    0|
+-----------------+---------+-------+--------+-------+-----+
|Available        |      280|    220|  106400|  53200|    0|
+-----------------+---------+-------+--------+-------+-----+
|Utilization (%)  |    ~0   |      1|   ~0   |      2|    0|
+-----------------+---------+-------+--------+-------+-----+

+ Detail: 
    * Instance: 
    +---------------------+----------+---------+-------+-----+------+-----+
    |       Instance      |  Module  | BRAM_18K| DSP48E|  FF |  LUT | URAM|
    +---------------------+----------+---------+-------+-----+------+-----+
    |grp_soft_max_fu_179  |soft_max  |        0|      3|  521|  1081|    0|
    +---------------------+----------+---------+-------+-----+------+-----+
    |Total                |          |        0|      3|  521|  1081|    0|
    +---------------------+----------+---------+-------+-----+------+-----+

    * DSP48E: 
    +---------------------------+----------------------+-----------+
    |          Instance         |        Module        | Expression|
    +---------------------------+----------------------+-----------+
    |cnn_mul_mul_9s_13bwn_U668  |cnn_mul_mul_9s_13bwn  |  i0 * i1  |
    +---------------------------+----------------------+-----------+

    * Memory: 
    +-----------------------+----------------------+---------+----+----+-----+------+-----+------+-------------+
    |         Memory        |        Module        | BRAM_18K| FF | LUT| URAM| Words| Bits| Banks| W*Bits*Banks|
    +-----------------------+----------------------+---------+----+----+-----+------+-----+------+-------------+
    |dense_array_V_U        |dense_out_dense_abvn  |        0|  28|   3|    0|    10|   14|     1|          140|
    |dense_out_weights_V_U  |dense_out_dense_obtn  |        1|   0|   0|    0|   300|    9|     1|         2700|
    |dense_out_bias_V_U     |dense_out_dense_obun  |        0|   8|   2|    0|    10|    8|     1|           80|
    +-----------------------+----------------------+---------+----+----+-----+------+-----+------+-------------+
    |Total                  |                      |        1|  36|   5|    0|   320|   31|     3|         2920|
    +-----------------------+----------------------+---------+----+----+-----+------+-----+------+-------------+

    * FIFO: 
    N/A

    * Expression: 
    +--------------------------+----------+-------+---+----+------------+------------+
    |       Variable Name      | Operation| DSP48E| FF| LUT| Bitwidth P0| Bitwidth P1|
    +--------------------------+----------+-------+---+----+------------+------------+
    |add_ln1116_1_fu_259_p2    |     +    |      0|  0|   8|           9|           9|
    |add_ln1116_fu_253_p2      |     +    |      0|  0|   8|           9|           9|
    |add_ln1192_fu_292_p2      |     +    |      0|  0|  29|          22|          22|
    |d_fu_198_p2               |     +    |      0|  0|  13|           4|           1|
    |f_fu_218_p2               |     +    |      0|  0|  15|           5|           1|
    |p_Val2_22_fu_532_p2       |     +    |      0|  0|  19|          14|          14|
    |ret_V_6_fu_518_p2         |     +    |      0|  0|  21|          15|          15|
    |ret_V_fu_297_p2           |     +    |      0|  0|  30|          23|          23|
    |w_sum_V_fu_341_p2         |     +    |      0|  0|  19|          14|          14|
    |and_ln781_fu_427_p2       |    and   |      0|  0|   2|           1|           1|
    |and_ln786_fu_421_p2       |    and   |      0|  0|   2|           1|           1|
    |carry_1_fu_361_p2         |    and   |      0|  0|   2|           1|           1|
    |deleted_ones_fu_415_p2    |    and   |      0|  0|   2|           1|           1|
    |overflow_fu_445_p2        |    and   |      0|  0|   2|           1|           1|
    |underflow_3_fu_552_p2     |    and   |      0|  0|   2|           1|           1|
    |underflow_fu_462_p2       |    and   |      0|  0|   2|           1|           1|
    |icmp_ln41_fu_192_p2       |   icmp   |      0|  0|   9|           4|           4|
    |icmp_ln46_fu_212_p2       |   icmp   |      0|  0|  11|           5|           3|
    |or_ln340_4_fu_467_p2      |    or    |      0|  0|   2|           1|           1|
    |or_ln340_5_fu_473_p2      |    or    |      0|  0|   2|           1|           1|
    |or_ln340_6_fu_478_p2      |    or    |      0|  0|   2|           1|           1|
    |or_ln340_fu_570_p2        |    or    |      0|  0|   2|           1|           1|
    |or_ln416_1_fu_403_p2      |    or    |      0|  0|   2|           1|           1|
    |or_ln416_fu_409_p2        |    or    |      0|  0|   2|           1|           1|
    |or_ln785_fu_435_p2        |    or    |      0|  0|   2|           1|           1|
    |or_ln786_fu_451_p2        |    or    |      0|  0|   2|           1|           1|
    |select_ln340_3_fu_484_p3  |  select  |      0|  0|  14|           1|          13|
    |select_ln340_6_fu_592_p3  |  select  |      0|  0|  14|           1|          14|
    |select_ln340_7_fu_498_p3  |  select  |      0|  0|  14|           1|          14|
    |select_ln340_fu_576_p3    |  select  |      0|  0|  14|           1|          13|
    |select_ln388_3_fu_491_p3  |  select  |      0|  0|  15|           1|          15|
    |select_ln388_fu_584_p3    |  select  |      0|  0|  15|           1|          15|
    |xor_ln340_5_fu_558_p2     |    xor   |      0|  0|   2|           1|           1|
    |xor_ln340_fu_564_p2       |    xor   |      0|  0|   2|           1|           2|
    |xor_ln416_1_fu_355_p2     |    xor   |      0|  0|   2|           1|           2|
    |xor_ln416_2_fu_397_p2     |    xor   |      0|  0|   2|           1|           2|
    |xor_ln779_fu_391_p2       |    xor   |      0|  0|   2|           1|           2|
    |xor_ln785_1_fu_440_p2     |    xor   |      0|  0|   2|           1|           2|
    |xor_ln785_fu_431_p2       |    xor   |      0|  0|   2|           1|           1|
    |xor_ln786_3_fu_456_p2     |    xor   |      0|  0|   2|           1|           2|
    |xor_ln786_fu_546_p2       |    xor   |      0|  0|   2|           1|           2|
    +--------------------------+----------+-------+---+----+------------+------------+
    |Total                     |          |      0|  0| 316|         154|         230|
    +--------------------------+----------+-------+---+----+------------+------------+

    * Multiplexer: 
    +------------------------+----+-----------+-----+-----------+
    |          Name          | LUT| Input Size| Bits| Total Bits|
    +------------------------+----+-----------+-----+-----------+
    |ap_NS_fsm               |  41|          8|    1|          8|
    |d_0_reg_145             |   9|          2|    4|          8|
    |dense_array_V_address0  |  15|          3|    4|         12|
    |dense_array_V_ce0       |  15|          3|    1|          3|
    |dense_array_V_d0        |  15|          3|   14|         42|
    |dense_array_V_we0       |  15|          3|    1|          3|
    |f_0_reg_168             |   9|          2|    5|         10|
    |p_Val2_s_reg_156        |   9|          2|   14|         28|
    +------------------------+----+-----------+-----+-----------+
    |Total                   | 128|         26|   44|        114|
    +------------------------+----+-----------+-----+-----------+

    * Register: 
    +----------------------------------+----+----+-----+-----------+
    |               Name               | FF | LUT| Bits| Const Bits|
    +----------------------------------+----+----+-----+-----------+
    |Range2_all_ones_reg_674           |   1|   0|    1|          0|
    |and_ln786_reg_680                 |   1|   0|    1|          0|
    |ap_CS_fsm                         |   7|   0|    7|          0|
    |carry_1_reg_663                   |   1|   0|    1|          0|
    |d_0_reg_145                       |   4|   0|    4|          0|
    |d_reg_612                         |   4|   0|    4|          0|
    |f_0_reg_168                       |   5|   0|    5|          0|
    |f_reg_631                         |   5|   0|    5|          0|
    |grp_soft_max_fu_179_ap_start_reg  |   1|   0|    1|          0|
    |p_Result_20_reg_669               |   1|   0|    1|          0|
    |p_Result_s_reg_651                |   1|   0|    1|          0|
    |p_Val2_s_reg_156                  |  14|   0|   14|          0|
    |w_sum_V_reg_657                   |  14|   0|   14|          0|
    |zext_ln46_reg_623                 |   4|   0|    9|          5|
    |zext_ln48_reg_617                 |   4|   0|   64|         60|
    +----------------------------------+----+----+-----+-----------+
    |Total                             |  67|   0|  132|         65|
    +----------------------------------+----+----+-----+-----------+



================================================================
== Interface
================================================================
* Summary: 
+------------------------+-----+-----+------------+---------------+--------------+
|        RTL Ports       | Dir | Bits|  Protocol  | Source Object |    C Type    |
+------------------------+-----+-----+------------+---------------+--------------+
|ap_clk                  |  in |    1| ap_ctrl_hs |   dense_out   | return value |
|ap_rst                  |  in |    1| ap_ctrl_hs |   dense_out   | return value |
|ap_start                |  in |    1| ap_ctrl_hs |   dense_out   | return value |
|ap_done                 | out |    1| ap_ctrl_hs |   dense_out   | return value |
|ap_idle                 | out |    1| ap_ctrl_hs |   dense_out   | return value |
|ap_ready                | out |    1| ap_ctrl_hs |   dense_out   | return value |
|dense_2_out_V_address0  | out |    5|  ap_memory | dense_2_out_V |     array    |
|dense_2_out_V_ce0       | out |    1|  ap_memory | dense_2_out_V |     array    |
|dense_2_out_V_q0        |  in |   13|  ap_memory | dense_2_out_V |     array    |
|prediction_V_address0   | out |    4|  ap_memory |  prediction_V |     array    |
|prediction_V_ce0        | out |    1|  ap_memory |  prediction_V |     array    |
|prediction_V_we0        | out |    1|  ap_memory |  prediction_V |     array    |
|prediction_V_d0         | out |   14|  ap_memory |  prediction_V |     array    |
+------------------------+-----+-----+------------+---------------+--------------+

