

================================================================
== Vivado HLS Report for 'max_pool'
================================================================
* Date:           Thu Mar  7 10:43:09 2024

* Version:        2019.1 (Build 2552052 on Fri May 24 15:28:33 MDT 2019)
* Project:        maxpool
* Solution:       Pool_Col_pipeline_nf
* Product family: zynq
* Target device:  xc7z020-clg400-1


================================================================
== Performance Estimates
================================================================
+ Timing (ns): 
    * Summary: 
    +--------+-------+----------+------------+
    |  Clock | Target| Estimated| Uncertainty|
    +--------+-------+----------+------------+
    |ap_clk  |  20.00|    12.538|        2.50|
    +--------+-------+----------+------------+

+ Latency (clock cycles): 
    * Summary: 
    +-------+-------+-------+-------+---------+
    |    Latency    |    Interval   | Pipeline|
    |  min  |  max  |  min  |  max  |   Type  |
    +-------+-------+-------+-------+---------+
    |  14365|  14365|  14365|  14365|   none  |
    +-------+-------+-------+-------+---------+

    + Detail: 
        * Instance: 
        N/A

        * Loop: 
        +------------------------+-------+-------+----------+-----------+-----------+------+----------+
        |                        |    Latency    | Iteration|  Initiation Interval  | Trip |          |
        |        Loop Name       |  min  |  max  |  Latency |  achieved |   target  | Count| Pipelined|
        +------------------------+-------+-------+----------+-----------+-----------+------+----------+
        |- Filter_Loop           |  14364|  14364|      2394|          -|          -|     6|    no    |
        | + Row_Loop             |   2392|   2392|       184|          -|          -|    13|    no    |
        |  ++ Col_Loop           |    182|    182|        14|          -|          -|    13|    no    |
        |   +++ Pool_Row_Loop    |     12|     12|         6|          -|          -|     2|    no    |
        |    ++++ Pool_Col_Loop  |      3|      3|         3|          1|          1|     2|    yes   |
        +------------------------+-------+-------+----------+-----------+-----------+------+----------+

============================================================
+ Verbose Summary: Synthesis Manager
============================================================
InlineROM: 1
ExposeGlobal: 0
============================================================
+ Verbose Summary: CDFG Model
============================================================
IsTopModel: 1
ResetActiveHigh: 1
IsCombinational: 0
IsDatapathOnly: 0
HasWiredReturn: 1
HasMFsm: 0
HasVarLatency: 1
IsPipeline: 0
IsRtlPipelined: 0
IsInstanceOverlapped: 0
IsDontTouch: 0
HasImplIP: 0
IsGatedGlobalClock: 0

+ Individual pipeline summary: 
  * Pipeline-0: initiation interval (II) = 1, depth = 3


============================================================
+ Verbose Summary: Schedule
============================================================
* Number of FSM states : 9
* Pipeline : 1
  Pipeline-0 : II = 1, D = 3, States = { 6 7 8 }
* Dataflow Pipeline: 0

* FSM state transitions: 
1 --> 2 
2 --> 3 
3 --> 4 2 
4 --> 5 3 
5 --> 6 4 
6 --> 7 
7 --> 9 8 
8 --> 6 
9 --> 5 

* FSM state operations: 

State 1 <SV = 0> <Delay = 1.76>
ST_1 : Operation 10 [1/1] (0.00ns)   --->   "call void (...)* @_ssdm_op_SpecBitsMap([4056 x float]* %conv_out) nounwind, !map !7"   --->   Operation 10 'specbitsmap' <Predicate = true> <Delay = 0.00>
ST_1 : Operation 11 [1/1] (0.00ns)   --->   "call void (...)* @_ssdm_op_SpecBitsMap([1014 x float]* %max_pool_out) nounwind, !map !14"   --->   Operation 11 'specbitsmap' <Predicate = true> <Delay = 0.00>
ST_1 : Operation 12 [1/1] (0.00ns)   --->   "call void (...)* @_ssdm_op_SpecTopModule([9 x i8]* @max_pool_str) nounwind"   --->   Operation 12 'spectopmodule' <Predicate = true> <Delay = 0.00>
ST_1 : Operation 13 [1/1] (1.76ns)   --->   "br label %1" [maxpool/max_pool.cpp:10]   --->   Operation 13 'br' <Predicate = true> <Delay = 1.76>

State 2 <SV = 1> <Delay = 1.76>
ST_2 : Operation 14 [1/1] (0.00ns)   --->   "%f_0 = phi i3 [ 0, %0 ], [ %f, %Filter_Loop_end ]"   --->   Operation 14 'phi' 'f_0' <Predicate = true> <Delay = 0.00>
ST_2 : Operation 15 [1/1] (1.13ns)   --->   "%icmp_ln10 = icmp eq i3 %f_0, -2" [maxpool/max_pool.cpp:10]   --->   Operation 15 'icmp' 'icmp_ln10' <Predicate = true> <Delay = 1.13> <Core = "Cmp">   --->   Core 25 'Cmp' <Latency = 0> <II = 1> <Delay = 0.95> <FuncUnit> <Opcode : 'icmp'> <InPorts = 2> <OutPorts = 1>
ST_2 : Operation 16 [1/1] (0.00ns)   --->   "%empty = call i32 (...)* @_ssdm_op_SpecLoopTripCount(i64 6, i64 6, i64 6) nounwind"   --->   Operation 16 'speclooptripcount' 'empty' <Predicate = true> <Delay = 0.00>
ST_2 : Operation 17 [1/1] (1.65ns)   --->   "%f = add i3 %f_0, 1" [maxpool/max_pool.cpp:10]   --->   Operation 17 'add' 'f' <Predicate = true> <Delay = 1.65> <Core = "AddSub">   --->   Core 14 'AddSub' <Latency = 0> <II = 1> <Delay = 1.91> <FuncUnit> <Opcode : 'add' 'sub'> <InPorts = 2> <OutPorts = 1>
ST_2 : Operation 18 [1/1] (0.00ns)   --->   "br i1 %icmp_ln10, label %6, label %Filter_Loop_begin" [maxpool/max_pool.cpp:10]   --->   Operation 18 'br' <Predicate = true> <Delay = 0.00>
ST_2 : Operation 19 [1/1] (0.00ns)   --->   "call void (...)* @_ssdm_op_SpecLoopName([12 x i8]* @p_str) nounwind" [maxpool/max_pool.cpp:11]   --->   Operation 19 'specloopname' <Predicate = (!icmp_ln10)> <Delay = 0.00>
ST_2 : Operation 20 [1/1] (0.00ns)   --->   "%tmp_1 = call i32 (...)* @_ssdm_op_SpecRegionBegin([12 x i8]* @p_str) nounwind" [maxpool/max_pool.cpp:11]   --->   Operation 20 'specregionbegin' 'tmp_1' <Predicate = (!icmp_ln10)> <Delay = 0.00>
ST_2 : Operation 21 [1/1] (0.00ns)   --->   "%zext_ln13 = zext i3 %f_0 to i13" [maxpool/max_pool.cpp:13]   --->   Operation 21 'zext' 'zext_ln13' <Predicate = (!icmp_ln10)> <Delay = 0.00>
ST_2 : Operation 22 [1/1] (0.00ns)   --->   "%zext_ln13_1 = zext i3 %f_0 to i11" [maxpool/max_pool.cpp:13]   --->   Operation 22 'zext' 'zext_ln13_1' <Predicate = (!icmp_ln10)> <Delay = 0.00>
ST_2 : Operation 23 [1/1] (1.76ns)   --->   "br label %2" [maxpool/max_pool.cpp:13]   --->   Operation 23 'br' <Predicate = (!icmp_ln10)> <Delay = 1.76>
ST_2 : Operation 24 [1/1] (0.00ns)   --->   "ret void" [maxpool/max_pool.cpp:40]   --->   Operation 24 'ret' <Predicate = (icmp_ln10)> <Delay = 0.00>

State 3 <SV = 2> <Delay = 1.91>
ST_3 : Operation 25 [1/1] (0.00ns)   --->   "%r_0 = phi i4 [ 0, %Filter_Loop_begin ], [ %r, %Row_Loop_end ]"   --->   Operation 25 'phi' 'r_0' <Predicate = true> <Delay = 0.00>
ST_3 : Operation 26 [1/1] (0.00ns)   --->   "%phi_mul = phi i8 [ 0, %Filter_Loop_begin ], [ %add_ln13, %Row_Loop_end ]" [maxpool/max_pool.cpp:13]   --->   Operation 26 'phi' 'phi_mul' <Predicate = true> <Delay = 0.00>
ST_3 : Operation 27 [1/1] (1.91ns)   --->   "%add_ln13 = add i8 %phi_mul, 13" [maxpool/max_pool.cpp:13]   --->   Operation 27 'add' 'add_ln13' <Predicate = true> <Delay = 1.91> <Core = "AddSub">   --->   Core 14 'AddSub' <Latency = 0> <II = 1> <Delay = 1.91> <FuncUnit> <Opcode : 'add' 'sub'> <InPorts = 2> <OutPorts = 1>
ST_3 : Operation 28 [1/1] (1.30ns)   --->   "%icmp_ln13 = icmp eq i4 %r_0, -3" [maxpool/max_pool.cpp:13]   --->   Operation 28 'icmp' 'icmp_ln13' <Predicate = true> <Delay = 1.30> <Core = "Cmp">   --->   Core 25 'Cmp' <Latency = 0> <II = 1> <Delay = 0.95> <FuncUnit> <Opcode : 'icmp'> <InPorts = 2> <OutPorts = 1>
ST_3 : Operation 29 [1/1] (0.00ns)   --->   "%empty_4 = call i32 (...)* @_ssdm_op_SpecLoopTripCount(i64 13, i64 13, i64 13) nounwind"   --->   Operation 29 'speclooptripcount' 'empty_4' <Predicate = true> <Delay = 0.00>
ST_3 : Operation 30 [1/1] (1.73ns)   --->   "%r = add i4 %r_0, 1" [maxpool/max_pool.cpp:13]   --->   Operation 30 'add' 'r' <Predicate = true> <Delay = 1.73> <Core = "AddSub">   --->   Core 14 'AddSub' <Latency = 0> <II = 1> <Delay = 1.91> <FuncUnit> <Opcode : 'add' 'sub'> <InPorts = 2> <OutPorts = 1>
ST_3 : Operation 31 [1/1] (0.00ns)   --->   "br i1 %icmp_ln13, label %Filter_Loop_end, label %Row_Loop_begin" [maxpool/max_pool.cpp:13]   --->   Operation 31 'br' <Predicate = true> <Delay = 0.00>
ST_3 : Operation 32 [1/1] (0.00ns)   --->   "call void (...)* @_ssdm_op_SpecLoopName([9 x i8]* @p_str1) nounwind" [maxpool/max_pool.cpp:14]   --->   Operation 32 'specloopname' <Predicate = (!icmp_ln13)> <Delay = 0.00>
ST_3 : Operation 33 [1/1] (0.00ns)   --->   "%tmp_2 = call i32 (...)* @_ssdm_op_SpecRegionBegin([9 x i8]* @p_str1) nounwind" [maxpool/max_pool.cpp:14]   --->   Operation 33 'specregionbegin' 'tmp_2' <Predicate = (!icmp_ln13)> <Delay = 0.00>
ST_3 : Operation 34 [1/1] (0.00ns)   --->   "%shl_ln = call i5 @_ssdm_op_BitConcatenate.i5.i4.i1(i4 %r_0, i1 false)" [maxpool/max_pool.cpp:26]   --->   Operation 34 'bitconcatenate' 'shl_ln' <Predicate = (!icmp_ln13)> <Delay = 0.00>
ST_3 : Operation 35 [1/1] (1.76ns)   --->   "br label %3" [maxpool/max_pool.cpp:16]   --->   Operation 35 'br' <Predicate = (!icmp_ln13)> <Delay = 1.76>
ST_3 : Operation 36 [1/1] (0.00ns)   --->   "%empty_12 = call i32 (...)* @_ssdm_op_SpecRegionEnd([12 x i8]* @p_str, i32 %tmp_1) nounwind" [maxpool/max_pool.cpp:39]   --->   Operation 36 'specregionend' 'empty_12' <Predicate = (icmp_ln13)> <Delay = 0.00>
ST_3 : Operation 37 [1/1] (0.00ns)   --->   "br label %1" [maxpool/max_pool.cpp:10]   --->   Operation 37 'br' <Predicate = (icmp_ln13)> <Delay = 0.00>

State 4 <SV = 3> <Delay = 1.76>
ST_4 : Operation 38 [1/1] (0.00ns)   --->   "%c_0 = phi i4 [ 0, %Row_Loop_begin ], [ %c, %Col_Loop_end ]"   --->   Operation 38 'phi' 'c_0' <Predicate = true> <Delay = 0.00>
ST_4 : Operation 39 [1/1] (1.30ns)   --->   "%icmp_ln16 = icmp eq i4 %c_0, -3" [maxpool/max_pool.cpp:16]   --->   Operation 39 'icmp' 'icmp_ln16' <Predicate = true> <Delay = 1.30> <Core = "Cmp">   --->   Core 25 'Cmp' <Latency = 0> <II = 1> <Delay = 0.95> <FuncUnit> <Opcode : 'icmp'> <InPorts = 2> <OutPorts = 1>
ST_4 : Operation 40 [1/1] (0.00ns)   --->   "%empty_5 = call i32 (...)* @_ssdm_op_SpecLoopTripCount(i64 13, i64 13, i64 13) nounwind"   --->   Operation 40 'speclooptripcount' 'empty_5' <Predicate = true> <Delay = 0.00>
ST_4 : Operation 41 [1/1] (1.73ns)   --->   "%c = add i4 %c_0, 1" [maxpool/max_pool.cpp:16]   --->   Operation 41 'add' 'c' <Predicate = true> <Delay = 1.73> <Core = "AddSub">   --->   Core 14 'AddSub' <Latency = 0> <II = 1> <Delay = 1.91> <FuncUnit> <Opcode : 'add' 'sub'> <InPorts = 2> <OutPorts = 1>
ST_4 : Operation 42 [1/1] (0.00ns)   --->   "br i1 %icmp_ln16, label %Row_Loop_end, label %Col_Loop_begin" [maxpool/max_pool.cpp:16]   --->   Operation 42 'br' <Predicate = true> <Delay = 0.00>
ST_4 : Operation 43 [1/1] (0.00ns)   --->   "call void (...)* @_ssdm_op_SpecLoopName([9 x i8]* @p_str2) nounwind" [maxpool/max_pool.cpp:17]   --->   Operation 43 'specloopname' <Predicate = (!icmp_ln16)> <Delay = 0.00>
ST_4 : Operation 44 [1/1] (0.00ns)   --->   "%tmp_3 = call i32 (...)* @_ssdm_op_SpecRegionBegin([9 x i8]* @p_str2) nounwind" [maxpool/max_pool.cpp:17]   --->   Operation 44 'specregionbegin' 'tmp_3' <Predicate = (!icmp_ln16)> <Delay = 0.00>
ST_4 : Operation 45 [1/1] (0.00ns)   --->   "%shl_ln1 = call i5 @_ssdm_op_BitConcatenate.i5.i4.i1(i4 %c_0, i1 false)" [maxpool/max_pool.cpp:27]   --->   Operation 45 'bitconcatenate' 'shl_ln1' <Predicate = (!icmp_ln16)> <Delay = 0.00>
ST_4 : Operation 46 [1/1] (1.76ns)   --->   "br label %4" [maxpool/max_pool.cpp:20]   --->   Operation 46 'br' <Predicate = (!icmp_ln16)> <Delay = 1.76>
ST_4 : Operation 47 [1/1] (0.00ns)   --->   "%empty_11 = call i32 (...)* @_ssdm_op_SpecRegionEnd([9 x i8]* @p_str1, i32 %tmp_2) nounwind" [maxpool/max_pool.cpp:38]   --->   Operation 47 'specregionend' 'empty_11' <Predicate = (icmp_ln16)> <Delay = 0.00>
ST_4 : Operation 48 [1/1] (0.00ns)   --->   "br label %2" [maxpool/max_pool.cpp:13]   --->   Operation 48 'br' <Predicate = (icmp_ln16)> <Delay = 0.00>

State 5 <SV = 4> <Delay = 8.92>
ST_5 : Operation 49 [1/1] (0.00ns)   --->   "%max_0 = phi float [ 0x3810000000000000, %Col_Loop_begin ], [ %max_1, %Pool_Row_Loop_end ]" [maxpool/max_pool.cpp:29]   --->   Operation 49 'phi' 'max_0' <Predicate = true> <Delay = 0.00>
ST_5 : Operation 50 [1/1] (0.00ns)   --->   "%mpr_0 = phi i2 [ 0, %Col_Loop_begin ], [ %mpr, %Pool_Row_Loop_end ]"   --->   Operation 50 'phi' 'mpr_0' <Predicate = true> <Delay = 0.00>
ST_5 : Operation 51 [1/1] (0.00ns)   --->   "%zext_ln20 = zext i2 %mpr_0 to i5" [maxpool/max_pool.cpp:20]   --->   Operation 51 'zext' 'zext_ln20' <Predicate = true> <Delay = 0.00>
ST_5 : Operation 52 [1/1] (0.95ns)   --->   "%icmp_ln20 = icmp eq i2 %mpr_0, -2" [maxpool/max_pool.cpp:20]   --->   Operation 52 'icmp' 'icmp_ln20' <Predicate = true> <Delay = 0.95> <Core = "Cmp">   --->   Core 25 'Cmp' <Latency = 0> <II = 1> <Delay = 0.95> <FuncUnit> <Opcode : 'icmp'> <InPorts = 2> <OutPorts = 1>
ST_5 : Operation 53 [1/1] (0.00ns)   --->   "%empty_6 = call i32 (...)* @_ssdm_op_SpecLoopTripCount(i64 2, i64 2, i64 2) nounwind"   --->   Operation 53 'speclooptripcount' 'empty_6' <Predicate = true> <Delay = 0.00>
ST_5 : Operation 54 [1/1] (1.56ns)   --->   "%mpr = add i2 %mpr_0, 1" [maxpool/max_pool.cpp:20]   --->   Operation 54 'add' 'mpr' <Predicate = true> <Delay = 1.56> <Core = "AddSub">   --->   Core 14 'AddSub' <Latency = 0> <II = 1> <Delay = 1.91> <FuncUnit> <Opcode : 'add' 'sub'> <InPorts = 2> <OutPorts = 1>
ST_5 : Operation 55 [1/1] (0.00ns)   --->   "br i1 %icmp_ln20, label %Col_Loop_end, label %Pool_Row_Loop_begin" [maxpool/max_pool.cpp:20]   --->   Operation 55 'br' <Predicate = true> <Delay = 0.00>
ST_5 : Operation 56 [1/1] (0.00ns)   --->   "call void (...)* @_ssdm_op_SpecLoopName([14 x i8]* @p_str3) nounwind" [maxpool/max_pool.cpp:21]   --->   Operation 56 'specloopname' <Predicate = (!icmp_ln20)> <Delay = 0.00>
ST_5 : Operation 57 [1/1] (0.00ns)   --->   "%tmp_4 = call i32 (...)* @_ssdm_op_SpecRegionBegin([14 x i8]* @p_str3) nounwind" [maxpool/max_pool.cpp:21]   --->   Operation 57 'specregionbegin' 'tmp_4' <Predicate = (!icmp_ln20)> <Delay = 0.00>
ST_5 : Operation 58 [1/1] (1.78ns)   --->   "%i = add i5 %zext_ln20, %shl_ln" [maxpool/max_pool.cpp:26]   --->   Operation 58 'add' 'i' <Predicate = (!icmp_ln20)> <Delay = 1.78> <Core = "AddSub">   --->   Core 14 'AddSub' <Latency = 0> <II = 1> <Delay = 1.91> <FuncUnit> <Opcode : 'add' 'sub'> <InPorts = 2> <OutPorts = 1>
ST_5 : Operation 59 [1/1] (0.00ns)   --->   "%zext_ln29 = zext i5 %i to i10" [maxpool/max_pool.cpp:29]   --->   Operation 59 'zext' 'zext_ln29' <Predicate = (!icmp_ln20)> <Delay = 0.00>
ST_5 : Operation 60 [1/1] (3.78ns)   --->   "%mul_ln29 = mul i10 %zext_ln29, 26" [maxpool/max_pool.cpp:29]   --->   Operation 60 'mul' 'mul_ln29' <Predicate = (!icmp_ln20)> <Delay = 3.78> <Core = "Mul">   --->   Core 16 'Mul' <Latency = 0> <II = 1> <Delay = 3.78> <FuncUnit> <Opcode : 'mul'> <InPorts = 2> <OutPorts = 1>
ST_5 : Operation 61 [1/1] (1.76ns)   --->   "br label %5" [maxpool/max_pool.cpp:23]   --->   Operation 61 'br' <Predicate = (!icmp_ln20)> <Delay = 1.76>
ST_5 : Operation 62 [1/1] (0.00ns)   --->   "%zext_ln36 = zext i4 %c_0 to i8" [maxpool/max_pool.cpp:36]   --->   Operation 62 'zext' 'zext_ln36' <Predicate = (icmp_ln20)> <Delay = 0.00>
ST_5 : Operation 63 [1/1] (1.91ns)   --->   "%add_ln36 = add i8 %zext_ln36, %phi_mul" [maxpool/max_pool.cpp:36]   --->   Operation 63 'add' 'add_ln36' <Predicate = (icmp_ln20)> <Delay = 1.91> <Core = "AddSub">   --->   Core 14 'AddSub' <Latency = 0> <II = 1> <Delay = 1.91> <FuncUnit> <Opcode : 'add' 'sub'> <InPorts = 2> <OutPorts = 1>
ST_5 : Operation 64 [1/1] (0.00ns)   --->   "%p_shl2_cast = call i11 @_ssdm_op_BitConcatenate.i11.i8.i3(i8 %add_ln36, i3 0)" [maxpool/max_pool.cpp:36]   --->   Operation 64 'bitconcatenate' 'p_shl2_cast' <Predicate = (icmp_ln20)> <Delay = 0.00>
ST_5 : Operation 65 [1/1] (0.00ns)   --->   "%tmp_8 = call i9 @_ssdm_op_BitConcatenate.i9.i8.i1(i8 %add_ln36, i1 false)" [maxpool/max_pool.cpp:36]   --->   Operation 65 'bitconcatenate' 'tmp_8' <Predicate = (icmp_ln20)> <Delay = 0.00>
ST_5 : Operation 66 [1/1] (0.00ns)   --->   "%zext_ln36_1 = zext i9 %tmp_8 to i11" [maxpool/max_pool.cpp:36]   --->   Operation 66 'zext' 'zext_ln36_1' <Predicate = (icmp_ln20)> <Delay = 0.00>
ST_5 : Operation 67 [1/1] (0.00ns) (grouped into TernaryAdder)   --->   "%sub_ln36 = sub i11 %p_shl2_cast, %zext_ln36_1" [maxpool/max_pool.cpp:36]   --->   Operation 67 'sub' 'sub_ln36' <Predicate = (icmp_ln20)> <Delay = 0.00> <Core = "TAddSub">   --->   Core 83 'TAddSub' <Latency = 0> <II = 1> <Delay = 1.87> <IPBlock> <Opcode : 'add' 'sub'> <InPorts = 3> <OutPorts = 1> <Sync> <CReg>
ST_5 : Operation 68 [1/1] (3.75ns) (root node of TernaryAdder)   --->   "%add_ln36_1 = add i11 %zext_ln13_1, %sub_ln36" [maxpool/max_pool.cpp:36]   --->   Operation 68 'add' 'add_ln36_1' <Predicate = (icmp_ln20)> <Delay = 3.75> <Core = "TAddSub">   --->   Core 83 'TAddSub' <Latency = 0> <II = 1> <Delay = 1.87> <IPBlock> <Opcode : 'add' 'sub'> <InPorts = 3> <OutPorts = 1> <Sync> <CReg>
ST_5 : Operation 69 [1/1] (0.00ns)   --->   "%zext_ln36_2 = zext i11 %add_ln36_1 to i64" [maxpool/max_pool.cpp:36]   --->   Operation 69 'zext' 'zext_ln36_2' <Predicate = (icmp_ln20)> <Delay = 0.00>
ST_5 : Operation 70 [1/1] (0.00ns)   --->   "%max_pool_out_addr = getelementptr [1014 x float]* %max_pool_out, i64 0, i64 %zext_ln36_2" [maxpool/max_pool.cpp:36]   --->   Operation 70 'getelementptr' 'max_pool_out_addr' <Predicate = (icmp_ln20)> <Delay = 0.00>
ST_5 : Operation 71 [1/1] (3.25ns)   --->   "store float %max_0, float* %max_pool_out_addr, align 4" [maxpool/max_pool.cpp:36]   --->   Operation 71 'store' <Predicate = (icmp_ln20)> <Delay = 3.25> <Core = "RAM">   --->   Core 37 'RAM' <Latency = 1> <II = 1> <Delay = 3.25> <Storage> <Opcode : 'load' 'store'> <Ports = 2> <Width = 32> <Depth = 1014> <RAM>
ST_5 : Operation 72 [1/1] (0.00ns)   --->   "%empty_10 = call i32 (...)* @_ssdm_op_SpecRegionEnd([9 x i8]* @p_str2, i32 %tmp_3) nounwind" [maxpool/max_pool.cpp:37]   --->   Operation 72 'specregionend' 'empty_10' <Predicate = (icmp_ln20)> <Delay = 0.00>
ST_5 : Operation 73 [1/1] (0.00ns)   --->   "br label %3" [maxpool/max_pool.cpp:16]   --->   Operation 73 'br' <Predicate = (icmp_ln20)> <Delay = 0.00>

State 6 <SV = 5> <Delay = 10.5>
ST_6 : Operation 74 [1/1] (0.00ns)   --->   "%mpc_0 = phi i2 [ 0, %Pool_Row_Loop_begin ], [ %mpc, %Pool_Col_Loop ]"   --->   Operation 74 'phi' 'mpc_0' <Predicate = true> <Delay = 0.00>
ST_6 : Operation 75 [1/1] (0.95ns)   --->   "%icmp_ln23 = icmp eq i2 %mpc_0, -2" [maxpool/max_pool.cpp:23]   --->   Operation 75 'icmp' 'icmp_ln23' <Predicate = true> <Delay = 0.95> <Core = "Cmp">   --->   Core 25 'Cmp' <Latency = 0> <II = 1> <Delay = 0.95> <FuncUnit> <Opcode : 'icmp'> <InPorts = 2> <OutPorts = 1>
ST_6 : Operation 76 [1/1] (1.56ns)   --->   "%mpc = add i2 %mpc_0, 1" [maxpool/max_pool.cpp:23]   --->   Operation 76 'add' 'mpc' <Predicate = true> <Delay = 1.56> <Core = "AddSub">   --->   Core 14 'AddSub' <Latency = 0> <II = 1> <Delay = 1.91> <FuncUnit> <Opcode : 'add' 'sub'> <InPorts = 2> <OutPorts = 1>
ST_6 : Operation 77 [1/1] (0.00ns)   --->   "%zext_ln23 = zext i2 %mpc_0 to i5" [maxpool/max_pool.cpp:23]   --->   Operation 77 'zext' 'zext_ln23' <Predicate = (!icmp_ln23)> <Delay = 0.00>
ST_6 : Operation 78 [1/1] (1.78ns)   --->   "%j = add i5 %zext_ln23, %shl_ln1" [maxpool/max_pool.cpp:27]   --->   Operation 78 'add' 'j' <Predicate = (!icmp_ln23)> <Delay = 1.78> <Core = "AddSub">   --->   Core 14 'AddSub' <Latency = 0> <II = 1> <Delay = 1.91> <FuncUnit> <Opcode : 'add' 'sub'> <InPorts = 2> <OutPorts = 1>
ST_6 : Operation 79 [1/1] (0.00ns)   --->   "%zext_ln29_1 = zext i5 %j to i10" [maxpool/max_pool.cpp:29]   --->   Operation 79 'zext' 'zext_ln29_1' <Predicate = (!icmp_ln23)> <Delay = 0.00>
ST_6 : Operation 80 [1/1] (1.73ns)   --->   "%add_ln29 = add i10 %mul_ln29, %zext_ln29_1" [maxpool/max_pool.cpp:29]   --->   Operation 80 'add' 'add_ln29' <Predicate = (!icmp_ln23)> <Delay = 1.73> <Core = "AddSub">   --->   Core 14 'AddSub' <Latency = 0> <II = 1> <Delay = 1.91> <FuncUnit> <Opcode : 'add' 'sub'> <InPorts = 2> <OutPorts = 1>
ST_6 : Operation 81 [1/1] (0.00ns)   --->   "%p_shl_cast = call i13 @_ssdm_op_BitConcatenate.i13.i10.i3(i10 %add_ln29, i3 0)" [maxpool/max_pool.cpp:29]   --->   Operation 81 'bitconcatenate' 'p_shl_cast' <Predicate = (!icmp_ln23)> <Delay = 0.00>
ST_6 : Operation 82 [1/1] (0.00ns)   --->   "%tmp_9 = call i11 @_ssdm_op_BitConcatenate.i11.i10.i1(i10 %add_ln29, i1 false)" [maxpool/max_pool.cpp:29]   --->   Operation 82 'bitconcatenate' 'tmp_9' <Predicate = (!icmp_ln23)> <Delay = 0.00>
ST_6 : Operation 83 [1/1] (0.00ns)   --->   "%zext_ln29_2 = zext i11 %tmp_9 to i13" [maxpool/max_pool.cpp:29]   --->   Operation 83 'zext' 'zext_ln29_2' <Predicate = (!icmp_ln23)> <Delay = 0.00>
ST_6 : Operation 84 [1/1] (0.00ns) (grouped into TernaryAdder)   --->   "%sub_ln29 = sub i13 %p_shl_cast, %zext_ln29_2" [maxpool/max_pool.cpp:29]   --->   Operation 84 'sub' 'sub_ln29' <Predicate = (!icmp_ln23)> <Delay = 0.00> <Core = "TAddSub">   --->   Core 83 'TAddSub' <Latency = 0> <II = 1> <Delay = 1.87> <IPBlock> <Opcode : 'add' 'sub'> <InPorts = 3> <OutPorts = 1> <Sync> <CReg>
ST_6 : Operation 85 [1/1] (3.81ns) (root node of TernaryAdder)   --->   "%add_ln29_1 = add i13 %sub_ln29, %zext_ln13" [maxpool/max_pool.cpp:29]   --->   Operation 85 'add' 'add_ln29_1' <Predicate = (!icmp_ln23)> <Delay = 3.81> <Core = "TAddSub">   --->   Core 83 'TAddSub' <Latency = 0> <II = 1> <Delay = 1.87> <IPBlock> <Opcode : 'add' 'sub'> <InPorts = 3> <OutPorts = 1> <Sync> <CReg>
ST_6 : Operation 86 [1/1] (0.00ns)   --->   "%zext_ln29_3 = zext i13 %add_ln29_1 to i64" [maxpool/max_pool.cpp:29]   --->   Operation 86 'zext' 'zext_ln29_3' <Predicate = (!icmp_ln23)> <Delay = 0.00>
ST_6 : Operation 87 [1/1] (0.00ns)   --->   "%conv_out_addr = getelementptr [4056 x float]* %conv_out, i64 0, i64 %zext_ln29_3" [maxpool/max_pool.cpp:29]   --->   Operation 87 'getelementptr' 'conv_out_addr' <Predicate = (!icmp_ln23)> <Delay = 0.00>
ST_6 : Operation 88 [2/2] (3.25ns)   --->   "%max = load float* %conv_out_addr, align 4" [maxpool/max_pool.cpp:29]   --->   Operation 88 'load' 'max' <Predicate = (!icmp_ln23)> <Delay = 3.25> <Core = "RAM">   --->   Core 37 'RAM' <Latency = 1> <II = 1> <Delay = 3.25> <Storage> <Opcode : 'load' 'store'> <Ports = 2> <Width = 32> <Depth = 1014> <RAM>

State 7 <SV = 6> <Delay = 8.68>
ST_7 : Operation 89 [1/1] (0.00ns)   --->   "%max_1 = phi float [ %max_0, %Pool_Row_Loop_begin ], [ %max_2, %Pool_Col_Loop ]"   --->   Operation 89 'phi' 'max_1' <Predicate = true> <Delay = 0.00>
ST_7 : Operation 90 [1/1] (0.00ns)   --->   "%empty_7 = call i32 (...)* @_ssdm_op_SpecLoopTripCount(i64 2, i64 2, i64 2) nounwind"   --->   Operation 90 'speclooptripcount' 'empty_7' <Predicate = true> <Delay = 0.00>
ST_7 : Operation 91 [1/1] (0.00ns)   --->   "br i1 %icmp_ln23, label %Pool_Row_Loop_end, label %Pool_Col_Loop" [maxpool/max_pool.cpp:23]   --->   Operation 91 'br' <Predicate = true> <Delay = 0.00>
ST_7 : Operation 92 [1/2] (3.25ns)   --->   "%max = load float* %conv_out_addr, align 4" [maxpool/max_pool.cpp:29]   --->   Operation 92 'load' 'max' <Predicate = (!icmp_ln23)> <Delay = 3.25> <Core = "RAM">   --->   Core 37 'RAM' <Latency = 1> <II = 1> <Delay = 3.25> <Storage> <Opcode : 'load' 'store'> <Ports = 2> <Width = 32> <Depth = 1014> <RAM>
ST_7 : Operation 93 [2/2] (5.43ns)   --->   "%tmp_7 = fcmp ogt float %max, %max_1" [maxpool/max_pool.cpp:29]   --->   Operation 93 'fcmp' 'tmp_7' <Predicate = (!icmp_ln23)> <Delay = 5.43> <Core = "FCmp">   --->   Core 111 'FCmp' <Latency = 1> <II = 1> <Delay = 5.43> <FuncUnit> <Opcode : 'fcmp'> <InPorts = 2> <OutPorts = 1>

State 8 <SV = 7> <Delay = 12.5>
ST_8 : Operation 94 [1/1] (0.00ns)   --->   "call void (...)* @_ssdm_op_SpecLoopName([14 x i8]* @p_str5) nounwind" [maxpool/max_pool.cpp:24]   --->   Operation 94 'specloopname' <Predicate = (!icmp_ln23)> <Delay = 0.00>
ST_8 : Operation 95 [1/1] (0.00ns)   --->   "%tmp_5 = call i32 (...)* @_ssdm_op_SpecRegionBegin([14 x i8]* @p_str5) nounwind" [maxpool/max_pool.cpp:24]   --->   Operation 95 'specregionbegin' 'tmp_5' <Predicate = (!icmp_ln23)> <Delay = 0.00>
ST_8 : Operation 96 [1/1] (0.00ns)   --->   "call void (...)* @_ssdm_op_SpecPipeline(i32 -1, i32 1, i32 1, i32 0, [1 x i8]* @p_str4) nounwind" [maxpool/max_pool.cpp:25]   --->   Operation 96 'specpipeline' <Predicate = (!icmp_ln23)> <Delay = 0.00>
ST_8 : Operation 97 [1/1] (0.00ns)   --->   "%bitcast_ln29 = bitcast float %max to i32" [maxpool/max_pool.cpp:29]   --->   Operation 97 'bitcast' 'bitcast_ln29' <Predicate = (!icmp_ln23)> <Delay = 0.00>
ST_8 : Operation 98 [1/1] (0.00ns)   --->   "%tmp = call i8 @_ssdm_op_PartSelect.i8.i32.i32.i32(i32 %bitcast_ln29, i32 23, i32 30)" [maxpool/max_pool.cpp:29]   --->   Operation 98 'partselect' 'tmp' <Predicate = (!icmp_ln23)> <Delay = 0.00>
ST_8 : Operation 99 [1/1] (0.00ns)   --->   "%trunc_ln29 = trunc i32 %bitcast_ln29 to i23" [maxpool/max_pool.cpp:29]   --->   Operation 99 'trunc' 'trunc_ln29' <Predicate = (!icmp_ln23)> <Delay = 0.00>
ST_8 : Operation 100 [1/1] (0.00ns)   --->   "%bitcast_ln29_1 = bitcast float %max_1 to i32" [maxpool/max_pool.cpp:29]   --->   Operation 100 'bitcast' 'bitcast_ln29_1' <Predicate = (!icmp_ln23)> <Delay = 0.00>
ST_8 : Operation 101 [1/1] (0.00ns)   --->   "%tmp_6 = call i8 @_ssdm_op_PartSelect.i8.i32.i32.i32(i32 %bitcast_ln29_1, i32 23, i32 30)" [maxpool/max_pool.cpp:29]   --->   Operation 101 'partselect' 'tmp_6' <Predicate = (!icmp_ln23)> <Delay = 0.00>
ST_8 : Operation 102 [1/1] (0.00ns)   --->   "%trunc_ln29_1 = trunc i32 %bitcast_ln29_1 to i23" [maxpool/max_pool.cpp:29]   --->   Operation 102 'trunc' 'trunc_ln29_1' <Predicate = (!icmp_ln23)> <Delay = 0.00>
ST_8 : Operation 103 [1/1] (1.55ns)   --->   "%icmp_ln29 = icmp ne i8 %tmp, -1" [maxpool/max_pool.cpp:29]   --->   Operation 103 'icmp' 'icmp_ln29' <Predicate = (!icmp_ln23)> <Delay = 1.55> <Core = "Cmp">   --->   Core 25 'Cmp' <Latency = 0> <II = 1> <Delay = 0.95> <FuncUnit> <Opcode : 'icmp'> <InPorts = 2> <OutPorts = 1>
ST_8 : Operation 104 [1/1] (2.44ns)   --->   "%icmp_ln29_1 = icmp eq i23 %trunc_ln29, 0" [maxpool/max_pool.cpp:29]   --->   Operation 104 'icmp' 'icmp_ln29_1' <Predicate = (!icmp_ln23)> <Delay = 2.44> <Core = "Cmp">   --->   Core 25 'Cmp' <Latency = 0> <II = 1> <Delay = 0.95> <FuncUnit> <Opcode : 'icmp'> <InPorts = 2> <OutPorts = 1>
ST_8 : Operation 105 [1/1] (0.00ns) (grouped into LUT with out node and_ln29_1)   --->   "%or_ln29 = or i1 %icmp_ln29_1, %icmp_ln29" [maxpool/max_pool.cpp:29]   --->   Operation 105 'or' 'or_ln29' <Predicate = (!icmp_ln23)> <Delay = 0.00> <Core = "LogicGate">   --->   Core 27 'LogicGate' <Latency = 0> <II = 1> <Delay = 0.97> <FuncUnit> <Opcode : 'and' 'or' 'xor'> <InPorts = 2> <OutPorts = 1>
ST_8 : Operation 106 [1/1] (1.55ns)   --->   "%icmp_ln29_2 = icmp ne i8 %tmp_6, -1" [maxpool/max_pool.cpp:29]   --->   Operation 106 'icmp' 'icmp_ln29_2' <Predicate = (!icmp_ln23)> <Delay = 1.55> <Core = "Cmp">   --->   Core 25 'Cmp' <Latency = 0> <II = 1> <Delay = 0.95> <FuncUnit> <Opcode : 'icmp'> <InPorts = 2> <OutPorts = 1>
ST_8 : Operation 107 [1/1] (2.44ns)   --->   "%icmp_ln29_3 = icmp eq i23 %trunc_ln29_1, 0" [maxpool/max_pool.cpp:29]   --->   Operation 107 'icmp' 'icmp_ln29_3' <Predicate = (!icmp_ln23)> <Delay = 2.44> <Core = "Cmp">   --->   Core 25 'Cmp' <Latency = 0> <II = 1> <Delay = 0.95> <FuncUnit> <Opcode : 'icmp'> <InPorts = 2> <OutPorts = 1>
ST_8 : Operation 108 [1/1] (0.00ns) (grouped into LUT with out node and_ln29_1)   --->   "%or_ln29_1 = or i1 %icmp_ln29_3, %icmp_ln29_2" [maxpool/max_pool.cpp:29]   --->   Operation 108 'or' 'or_ln29_1' <Predicate = (!icmp_ln23)> <Delay = 0.00> <Core = "LogicGate">   --->   Core 27 'LogicGate' <Latency = 0> <II = 1> <Delay = 0.97> <FuncUnit> <Opcode : 'and' 'or' 'xor'> <InPorts = 2> <OutPorts = 1>
ST_8 : Operation 109 [1/1] (0.00ns) (grouped into LUT with out node and_ln29_1)   --->   "%and_ln29 = and i1 %or_ln29, %or_ln29_1" [maxpool/max_pool.cpp:29]   --->   Operation 109 'and' 'and_ln29' <Predicate = (!icmp_ln23)> <Delay = 0.00> <Core = "LogicGate">   --->   Core 27 'LogicGate' <Latency = 0> <II = 1> <Delay = 0.97> <FuncUnit> <Opcode : 'and' 'or' 'xor'> <InPorts = 2> <OutPorts = 1>
ST_8 : Operation 110 [1/2] (5.43ns)   --->   "%tmp_7 = fcmp ogt float %max, %max_1" [maxpool/max_pool.cpp:29]   --->   Operation 110 'fcmp' 'tmp_7' <Predicate = (!icmp_ln23)> <Delay = 5.43> <Core = "FCmp">   --->   Core 111 'FCmp' <Latency = 1> <II = 1> <Delay = 5.43> <FuncUnit> <Opcode : 'fcmp'> <InPorts = 2> <OutPorts = 1>
ST_8 : Operation 111 [1/1] (0.97ns) (out node of the LUT)   --->   "%and_ln29_1 = and i1 %and_ln29, %tmp_7" [maxpool/max_pool.cpp:29]   --->   Operation 111 'and' 'and_ln29_1' <Predicate = (!icmp_ln23)> <Delay = 0.97> <Core = "LogicGate">   --->   Core 27 'LogicGate' <Latency = 0> <II = 1> <Delay = 0.97> <FuncUnit> <Opcode : 'and' 'or' 'xor'> <InPorts = 2> <OutPorts = 1>
ST_8 : Operation 112 [1/1] (0.69ns) (out node of the LUT)   --->   "%max_2 = select i1 %and_ln29_1, float %max, float %max_1" [maxpool/max_pool.cpp:29]   --->   Operation 112 'select' 'max_2' <Predicate = (!icmp_ln23)> <Delay = 0.69> <Core = "Sel">   --->   Core 26 'Sel' <Latency = 0> <II = 1> <Delay = 0.69> <FuncUnit> <Opcode : 'select'> <InPorts = 3> <OutPorts = 1>
ST_8 : Operation 113 [1/1] (0.00ns)   --->   "%empty_8 = call i32 (...)* @_ssdm_op_SpecRegionEnd([14 x i8]* @p_str5, i32 %tmp_5) nounwind" [maxpool/max_pool.cpp:33]   --->   Operation 113 'specregionend' 'empty_8' <Predicate = (!icmp_ln23)> <Delay = 0.00>
ST_8 : Operation 114 [1/1] (0.00ns)   --->   "br label %5" [maxpool/max_pool.cpp:23]   --->   Operation 114 'br' <Predicate = (!icmp_ln23)> <Delay = 0.00>

State 9 <SV = 7> <Delay = 0.00>
ST_9 : Operation 115 [1/1] (0.00ns)   --->   "%empty_9 = call i32 (...)* @_ssdm_op_SpecRegionEnd([14 x i8]* @p_str3, i32 %tmp_4) nounwind" [maxpool/max_pool.cpp:34]   --->   Operation 115 'specregionend' 'empty_9' <Predicate = true> <Delay = 0.00>
ST_9 : Operation 116 [1/1] (0.00ns)   --->   "br label %4" [maxpool/max_pool.cpp:20]   --->   Operation 116 'br' <Predicate = true> <Delay = 0.00>


============================================================
+ Verbose Summary: Timing violations
============================================================
Target clock period: 20ns, clock uncertainty: 2.5ns.

 <State 1>: 1.77ns
The critical path consists of the following:
	multiplexor before 'phi' operation ('f') with incoming values : ('f', maxpool/max_pool.cpp:10) [8]  (1.77 ns)

 <State 2>: 1.77ns
The critical path consists of the following:
	multiplexor before 'phi' operation ('r') with incoming values : ('r', maxpool/max_pool.cpp:13) [20]  (1.77 ns)

 <State 3>: 1.92ns
The critical path consists of the following:
	'phi' operation ('phi_mul', maxpool/max_pool.cpp:13) with incoming values : ('add_ln13', maxpool/max_pool.cpp:13) [21]  (0 ns)
	'add' operation ('add_ln13', maxpool/max_pool.cpp:13) [22]  (1.92 ns)

 <State 4>: 1.77ns
The critical path consists of the following:
	multiplexor before 'phi' operation ('max_0', maxpool/max_pool.cpp:29) with incoming values : ('max', maxpool/max_pool.cpp:29) [44]  (1.77 ns)

 <State 5>: 8.93ns
The critical path consists of the following:
	'add' operation ('add_ln36', maxpool/max_pool.cpp:36) [104]  (1.92 ns)
	'sub' operation ('sub_ln36', maxpool/max_pool.cpp:36) [108]  (0 ns)
	'add' operation ('add_ln36_1', maxpool/max_pool.cpp:36) [109]  (3.76 ns)
	'getelementptr' operation ('max_pool_out_addr', maxpool/max_pool.cpp:36) [111]  (0 ns)
	'store' operation ('store_ln36', maxpool/max_pool.cpp:36) of variable 'max_0', maxpool/max_pool.cpp:29 on array 'max_pool_out' [112]  (3.25 ns)

 <State 6>: 10.6ns
The critical path consists of the following:
	'phi' operation ('mpc') with incoming values : ('mpc', maxpool/max_pool.cpp:23) [60]  (0 ns)
	'add' operation ('j', maxpool/max_pool.cpp:27) [70]  (1.78 ns)
	'add' operation ('add_ln29', maxpool/max_pool.cpp:29) [72]  (1.73 ns)
	'sub' operation ('sub_ln29', maxpool/max_pool.cpp:29) [76]  (0 ns)
	'add' operation ('add_ln29_1', maxpool/max_pool.cpp:29) [77]  (3.82 ns)
	'getelementptr' operation ('conv_out_addr', maxpool/max_pool.cpp:29) [79]  (0 ns)
	'load' operation ('max', maxpool/max_pool.cpp:29) on array 'conv_out' [80]  (3.25 ns)

 <State 7>: 8.69ns
The critical path consists of the following:
	'load' operation ('max', maxpool/max_pool.cpp:29) on array 'conv_out' [80]  (3.25 ns)
	'fcmp' operation ('tmp_7', maxpool/max_pool.cpp:29) [94]  (5.43 ns)

 <State 8>: 12.5ns
The critical path consists of the following:
	'fcmp' operation ('tmp_7', maxpool/max_pool.cpp:29) [94]  (5.43 ns)
	'and' operation ('and_ln29_1', maxpool/max_pool.cpp:29) [95]  (0.978 ns)
	'select' operation ('max', maxpool/max_pool.cpp:29) [96]  (0.698 ns)
	'phi' operation ('max') with incoming values : ('max', maxpool/max_pool.cpp:29) [59]  (0 ns)
	'fcmp' operation ('tmp_7', maxpool/max_pool.cpp:29) [94]  (5.43 ns)

 <State 9>: 0ns
The critical path consists of the following:


============================================================
+ Verbose Summary: Binding
============================================================
N/A
* FSMD analyzer results:
  - Output states:
 - Input state : 
  - Chain level:
	State 1
	State 2
	State 3
	State 4
	State 5
	State 6
	State 7
	State 8
	State 9


============================================================
+ Verbose Summary: Datapath Resource usage 
============================================================
N/A
