==============================================================
Vivado(TM) HLS - High-Level Synthesis from C, C++ and SystemC v2019.1 (64-bit)
Copyright 1986-2019 Xilinx, Inc. All Rights Reserved.
==============================================================
INFO: [SYN 201-201] Setting up clock 'default' with a period of 20ns.
INFO: [HLS 200-10] Setting target device to 'xc7z020-clg400-1'
INFO: [SCHED 204-61] Option 'relax_ii_for_timing' is enabled, will increase II to preserve clock frequency constraints.
INFO: [HLS 200-10] Analyzing design file 'conv/conv.cpp' ... 
INFO: [HLS 200-111] Finished Linking Time (s): cpu = 00:00:00 ; elapsed = 00:00:06 . Memory (MB): peak = 184.641 ; gain = 93.246
INFO: [HLS 200-111] Finished Checking Pragmas Time (s): cpu = 00:00:00 ; elapsed = 00:00:06 . Memory (MB): peak = 184.641 ; gain = 93.246
INFO: [HLS 200-10] Starting code transformations ...
INFO: [HLS 200-111] Finished Standard Transforms Time (s): cpu = 00:00:00 ; elapsed = 00:00:07 . Memory (MB): peak = 184.641 ; gain = 93.246
INFO: [HLS 200-10] Checking synthesizability ...
INFO: [HLS 200-111] Finished Checking Synthesizability Time (s): cpu = 00:00:00 ; elapsed = 00:00:07 . Memory (MB): peak = 184.641 ; gain = 93.246
INFO: [XFORM 203-502] Unrolling all sub-loops inside loop 'W_Col_Loop' (conv/conv.cpp:22) in function 'conv' for pipelining.
INFO: [XFORM 203-501] Unrolling loop 'W_Col_Loop' (conv/conv.cpp:22) in function 'conv' partially with a factor of 2.
INFO: [HLS 200-489] Unrolling loop 'Filter1_Loop' (conv/conv.cpp:25) in function 'conv' completely with a factor of 6.
INFO: [XFORM 203-102] Partitioning array 'conv_weights' in dimension 3 automatically.
WARNING: [XFORM 203-561] Updating loop upper bound from 2 to 1 for loop 'W_Col_Loop' in function 'conv'.
WARNING: [XFORM 203-561] Updating loop lower bound from 2 to 1 for loop 'W_Col_Loop' in function 'conv'.
INFO: [HLS 200-111] Finished Pre-synthesis Time (s): cpu = 00:00:01 ; elapsed = 00:00:07 . Memory (MB): peak = 184.641 ; gain = 93.246
INFO: [XFORM 203-541] Flattening a loop nest 'W_Row_Loop' (conv/conv.cpp:19:18) in function 'conv'.
WARNING: [XFORM 203-542] Cannot flatten a loop nest 'Filter2_Loop' (conv/conv.cpp:15:14) in function 'conv' : 

the outer loop is not a perfect loop because there is nontrivial logic in the loop latch.
INFO: [XFORM 203-541] Flattening a loop nest 'Col_Loop' (conv/conv.cpp:12:10) in function 'conv'.
INFO: [XFORM 203-541] Flattening a loop nest 'Row_Loop' (conv/conv.cpp:9:6) in function 'conv'.
INFO: [HLS 200-111] Finished Architecture Synthesis Time (s): cpu = 00:00:01 ; elapsed = 00:00:07 . Memory (MB): peak = 184.641 ; gain = 93.246
INFO: [HLS 200-10] Starting hardware synthesis ...
INFO: [HLS 200-10] Synthesizing 'conv' ...
WARNING: [SYN 201-107] Renaming port name 'conv/input' to 'conv/input_r' to avoid the conflict with HDL keywords or other object names.
INFO: [HLS 200-10] ----------------------------------------------------------------
INFO: [HLS 200-42] -- Implementing module 'conv' 
INFO: [HLS 200-10] ----------------------------------------------------------------
INFO: [SCHED 204-11] Starting scheduling ...
INFO: [SCHED 204-61] Pipelining loop 'W_Row_Loop_W_Col_Loop'.
WARNING: [SCHED 204-68] The II Violation in module 'conv' (Loop: W_Row_Loop_W_Col_Loop): Unable to enforce a carried dependence constraint (II = 1, distance = 1, offset = 1)
   between 'fadd' operation ('w_sum_3_1_5', conv/conv.cpp:26) and 'fadd' operation ('w_sum_3', conv/conv.cpp:26).
WARNING: [SCHED 204-68] The II Violation in module 'conv' (Loop: W_Row_Loop_W_Col_Loop): Unable to enforce a carried dependence constraint (II = 2, distance = 1, offset = 1)
   between 'fadd' operation ('w_sum_3_1_5', conv/conv.cpp:26) and 'fadd' operation ('w_sum_3', conv/conv.cpp:26).
WARNING: [SCHED 204-68] The II Violation in module 'conv' (Loop: W_Row_Loop_W_Col_Loop): Unable to enforce a carried dependence constraint (II = 3, distance = 1, offset = 1)
   between 'fadd' operation ('w_sum_3_1_5', conv/conv.cpp:26) and 'fadd' operation ('w_sum_3', conv/conv.cpp:26).
WARNING: [SCHED 204-68] The II Violation in module 'conv' (Loop: W_Row_Loop_W_Col_Loop): Unable to enforce a carried dependence constraint (II = 4, distance = 1, offset = 1)
   between 'fadd' operation ('w_sum_3_1_5', conv/conv.cpp:26) and 'fadd' operation ('w_sum_3', conv/conv.cpp:26).
WARNING: [SCHED 204-68] The II Violation in module 'conv' (Loop: W_Row_Loop_W_Col_Loop): Unable to enforce a carried dependence constraint (II = 67, distance = 1, offset = 1)
   between 'fadd' operation ('w_sum_3_1_5', conv/conv.cpp:26) and 'fadd' operation ('w_sum_3', conv/conv.cpp:26).
WARNING: [SCHED 204-68] The II Violation in module 'conv' (Loop: W_Row_Loop_W_Col_Loop): Unable to enforce a carried dependence constraint (II = 70, distance = 1, offset = 1)
   between 'fadd' operation ('w_sum_3_1_5', conv/conv.cpp:26) and 'fadd' operation ('w_sum_3', conv/conv.cpp:26).
WARNING: [SCHED 204-68] The II Violation in module 'conv' (Loop: W_Row_Loop_W_Col_Loop): Unable to enforce a carried dependence constraint (II = 71, distance = 1, offset = 1)
   between 'fadd' operation ('w_sum_3_1_5', conv/conv.cpp:26) and 'fadd' operation ('w_sum_3', conv/conv.cpp:26).
INFO: [SCHED 204-61] Pipelining result : Target II = 1, Final II = 72, Depth = 75.
INFO: [SCHED 204-11] Finished scheduling.
INFO: [HLS 200-111]  Elapsed time: 7.282 seconds; current allocated memory: 103.507 MB.
INFO: [HLS 200-434] Only 1 loops out of a total 2 loops have been pipelined in this design.
INFO: [BIND 205-100] Starting micro-architecture generation ...
INFO: [BIND 205-101] Performing variable lifetime analysis.
INFO: [BIND 205-101] Exploring resource sharing.
INFO: [BIND 205-101] Binding ...
INFO: [BIND 205-100] Finished micro-architecture generation.
INFO: [HLS 200-111]  Elapsed time: 0.186 seconds; current allocated memory: 104.684 MB.
INFO: [HLS 200-10] ----------------------------------------------------------------
INFO: [HLS 200-10] -- Generating RTL for module 'conv' 
INFO: [HLS 200-10] ----------------------------------------------------------------
INFO: [RTGEN 206-500] Setting interface mode on port 'conv/input_r' to 'ap_memory'.
INFO: [RTGEN 206-500] Setting interface mode on port 'conv/conv_out' to 'ap_memory'.
INFO: [RTGEN 206-500] Setting interface mode on function 'conv' to 'ap_ctrl_hs'.
INFO: [SYN 201-210] Renamed object name 'conv_fadd_32ns_32ns_32_4_full_dsp_1' to 'conv_fadd_32ns_32bkb' due to the length limit 20
INFO: [SYN 201-210] Renamed object name 'conv_fmul_32ns_32ns_32_2_max_dsp_1' to 'conv_fmul_32ns_32cud' due to the length limit 20
INFO: [SYN 201-210] Renamed object name 'conv_fcmp_32ns_32ns_1_2_1' to 'conv_fcmp_32ns_32dEe' due to the length limit 20
INFO: [SYN 201-210] Renamed object name 'conv_mac_muladd_4ns_5ns_4ns_8_1_1' to 'conv_mac_muladd_4eOg' due to the length limit 20
INFO: [RTGEN 206-100] Generating core module 'conv_fadd_32ns_32bkb': 1 instance(s).
INFO: [RTGEN 206-100] Generating core module 'conv_fcmp_32ns_32dEe': 1 instance(s).
INFO: [RTGEN 206-100] Generating core module 'conv_fmul_32ns_32cud': 1 instance(s).
INFO: [RTGEN 206-100] Generating core module 'conv_mac_muladd_4eOg': 4 instance(s).
INFO: [RTGEN 206-100] Finished creating RTL model for 'conv'.
INFO: [HLS 200-111]  Elapsed time: 0.337 seconds; current allocated memory: 107.386 MB.
INFO: [RTMG 210-279] Implementing memory 'conv_conv_weights_0_rom' using auto ROMs.
INFO: [RTMG 210-279] Implementing memory 'conv_conv_weights_1_rom' using auto ROMs.
INFO: [RTMG 210-279] Implementing memory 'conv_conv_weights_2_rom' using auto ROMs.
INFO: [RTMG 210-279] Implementing memory 'conv_conv_weights_3_rom' using auto ROMs.
INFO: [RTMG 210-279] Implementing memory 'conv_conv_weights_4_rom' using auto ROMs.
INFO: [RTMG 210-279] Implementing memory 'conv_conv_weights_5_rom' using auto ROMs.
INFO: [RTMG 210-279] Implementing memory 'conv_conv_bias_rom' using distributed ROMs.
INFO: [HLS 200-111] Finished generating all RTL models Time (s): cpu = 00:00:02 ; elapsed = 00:00:11 . Memory (MB): peak = 184.641 ; gain = 93.246
INFO: [VHDL 208-304] Generating VHDL RTL for conv.
INFO: [VLOG 209-307] Generating Verilog RTL for conv.
INFO: [HLS 200-112] Total elapsed time: 10.951 seconds; peak allocated memory: 107.386 MB.
