

================================================================
== Vivado HLS Report for 'conv_2'
================================================================
* Date:           Sat Aug 10 22:49:04 2024

* Version:        2019.1 (Build 2552052 on Fri May 24 15:28:33 MDT 2019)
* Project:        cnn_ap_lp
* Solution:       conv1_fp3_u3_ap_r4_r3
* Product family: zynq
* Target device:  xc7z020-clg400-1


================================================================
== Performance Estimates
================================================================
+ Timing (ns): 
    * Summary: 
    +--------+-------+----------+------------+
    |  Clock | Target| Estimated| Uncertainty|
    +--------+-------+----------+------------+
    |ap_clk  |  20.00|    16.881|        2.50|
    +--------+-------+----------+------------+

+ Latency (clock cycles): 
    * Summary: 
    +--------+--------+--------+--------+---------+
    |     Latency     |     Interval    | Pipeline|
    |   min  |   max  |   min  |   max  |   Type  |
    +--------+--------+--------+--------+---------+
    |  263561|  267433|  263561|  267433|   none  |
    +--------+--------+--------+--------+---------+

    + Detail: 
        * Instance: 
        N/A

        * Loop: 
        +-------------------------+--------+--------+---------------+-----------+-----------+------+----------+
        |                         |     Latency     |   Iteration   |  Initiation Interval  | Trip |          |
        |        Loop Name        |   min  |   max  |    Latency    |  achieved |   target  | Count| Pipelined|
        +-------------------------+--------+--------+---------------+-----------+-----------+------+----------+
        |- Row_Loop               |  263560|  267432| 23960 ~ 24312 |          -|          -|    11|    no    |
        | + Col_Loop              |   23958|   24310|  2178 ~ 2210  |          -|          -|    11|    no    |
        |  ++ Filter2_Loop        |    2176|    2208|   136 ~ 138   |          -|          -|    16|    no    |
        |   +++ W_Row_Loop        |     132|     132|             44|          -|          -|     3|    no    |
        |    ++++ W_Col_Loop      |      42|      42|             14|          -|          -|     3|    no    |
        |     +++++ Filter1_Loop  |      12|      12|              2|          -|          -|     6|    no    |
        +-------------------------+--------+--------+---------------+-----------+-----------+------+----------+



================================================================
== Utilization Estimates
================================================================
* Summary: 
+-----------------+---------+-------+--------+-------+-----+
|       Name      | BRAM_18K| DSP48E|   FF   |  LUT  | URAM|
+-----------------+---------+-------+--------+-------+-----+
|DSP              |        -|      1|       -|      -|    -|
|Expression       |        -|      0|      40|   1239|    -|
|FIFO             |        -|      -|       -|      -|    -|
|Instance         |        -|      0|     130|    469|    -|
|Memory           |        1|      -|       8|      2|    -|
|Multiplexer      |        -|      -|       -|    161|    -|
|Register         |        -|      -|     243|      -|    -|
+-----------------+---------+-------+--------+-------+-----+
|Total            |        1|      1|     421|   1871|    0|
+-----------------+---------+-------+--------+-------+-----+
|Available        |      280|    220|  106400|  53200|    0|
+-----------------+---------+-------+--------+-------+-----+
|Utilization (%)  |    ~0   |   ~0  |   ~0   |      3|    0|
+-----------------+---------+-------+--------+-------+-----+

+ Detail: 
    * Instance: 
    +--------------------------+----------------------+---------+-------+-----+-----+-----+
    |         Instance         |        Module        | BRAM_18K| DSP48E|  FF | LUT | URAM|
    +--------------------------+----------------------+---------+-------+-----+-----+-----+
    |cnn_dcmp_64ns_64ndEe_U55  |cnn_dcmp_64ns_64ndEe  |        0|      0|  130|  469|    0|
    +--------------------------+----------------------+---------+-------+-----+-----+-----+
    |Total                     |                      |        0|      0|  130|  469|    0|
    +--------------------------+----------------------+---------+-------+-----+-----+-----+

    * DSP48E: 
    +--------------------------+----------------------+-----------+
    |         Instance         |        Module        | Expression|
    +--------------------------+----------------------+-----------+
    |cnn_mul_mul_10s_1kbM_U56  |cnn_mul_mul_10s_1kbM  |  i0 * i1  |
    +--------------------------+----------------------+-----------+

    * Memory: 
    +--------------------+----------------------+---------+---+----+-----+------+-----+------+-------------+
    |       Memory       |        Module        | BRAM_18K| FF| LUT| URAM| Words| Bits| Banks| W*Bits*Banks|
    +--------------------+----------------------+---------+---+----+-----+------+-----+------+-------------+
    |conv_2_bias_V_U     |conv_2_conv_2_biajbC  |        0|  8|   2|    0|    16|    8|     1|          128|
    |conv_2_weights_V_U  |conv_2_conv_2_weiibs  |        1|  0|   0|    0|   864|   10|     1|         8640|
    +--------------------+----------------------+---------+---+----+-----+------+-----+------+-------------+
    |Total               |                      |        1|  8|   2|    0|   880|   18|     2|         8768|
    +--------------------+----------------------+---------+---+----+-----+------+-----+------+-------------+

    * FIFO: 
    N/A

    * Expression: 
    +-------------------------+----------+-------+----+-----+------------+------------+
    |      Variable Name      | Operation| DSP48E| FF | LUT | Bitwidth P0| Bitwidth P1|
    +-------------------------+----------+-------+----+-----+------------+------------+
    |mul_ln1117_fu_485_p2     |     *    |      0|   0|   13|           4|           4|
    |add_ln1116_2_fu_603_p2   |     +    |      0|   0|   15|           7|           7|
    |add_ln1116_3_fu_616_p2   |     +    |      0|   0|   13|          11|          11|
    |add_ln1116_fu_511_p2     |     +    |      0|   0|   15|           6|           6|
    |add_ln1117_1_fu_626_p2   |     +    |      0|   0|   13|          11|          11|
    |add_ln1117_fu_552_p2     |     +    |      0|   0|   15|           8|           8|
    |add_ln203_6_fu_423_p2    |     +    |      0|   0|   12|          12|          12|
    |add_ln203_fu_381_p2      |     +    |      0|   0|   15|           7|           7|
    |add_ln26_1_fu_542_p2     |     +    |      0|   0|   13|           4|           4|
    |add_ln26_fu_475_p2       |     +    |      0|   0|   13|           4|           4|
    |add_ln899_fu_824_p2      |     +    |      0|   0|   19|           7|          14|
    |add_ln8_fu_347_p2        |     +    |      0|   0|   15|           7|           4|
    |add_ln908_fu_874_p2      |     +    |      0|   0|   39|           7|          32|
    |add_ln915_fu_955_p2      |     +    |      0|   0|    8|          11|          11|
    |c_fu_371_p2              |     +    |      0|   0|   13|           4|           1|
    |ch_fu_589_p2             |     +    |      0|   0|   12|           3|           1|
    |f_fu_405_p2              |     +    |      0|   0|   15|           5|           1|
    |lsb_index_fu_750_p2      |     +    |      0|   0|   39|           7|          32|
    |m_2_fu_914_p2            |     +    |      0|   0|   71|          64|          64|
    |r_fu_359_p2              |     +    |      0|   0|   13|           4|           1|
    |ret_V_fu_663_p2          |     +    |      0|   0|   36|          29|          29|
    |tmp_V_4_fu_683_p2        |     +    |      0|   0|   19|          14|          14|
    |wc_fu_501_p2             |     +    |      0|   0|   10|           2|           1|
    |wr_fu_443_p2             |     +    |      0|   0|   10|           2|           1|
    |sub_ln1116_1_fu_536_p2   |     -    |      0|   0|   15|           7|           7|
    |sub_ln1116_fu_465_p2     |     -    |      0|   0|   15|           5|           5|
    |sub_ln1117_fu_577_p2     |     -    |      0|   0|   13|          11|          11|
    |sub_ln894_fu_740_p2      |     -    |      0|   0|   39|           4|          32|
    |sub_ln897_fu_776_p2      |     -    |      0|   0|   13|           3|           4|
    |sub_ln908_fu_889_p2      |     -    |      0|   0|   39|           6|          32|
    |sub_ln915_fu_950_p2      |     -    |      0|   0|    8|           3|          11|
    |tmp_V_fu_702_p2          |     -    |      0|   0|   19|           1|          14|
    |a_fu_804_p2              |    and   |      0|   0|    2|           1|           1|
    |and_ln899_fu_838_p2      |    and   |      0|   0|    2|           1|           1|
    |and_ln924_fu_1011_p2     |    and   |      0|   0|    2|           1|           1|
    |p_Result_21_fu_792_p2    |    and   |      0|   0|   14|          14|          14|
    |l_fu_732_p3              |   cttz   |      0|  40|   36|          32|           0|
    |icmp_ln11_fu_365_p2      |   icmp   |      0|   0|    9|           4|           4|
    |icmp_ln14_fu_399_p2      |   icmp   |      0|   0|   11|           5|           6|
    |icmp_ln18_fu_437_p2      |   icmp   |      0|   0|    8|           2|           2|
    |icmp_ln21_fu_495_p2      |   icmp   |      0|   0|    8|           2|           2|
    |icmp_ln24_fu_583_p2      |   icmp   |      0|   0|    9|           3|           3|
    |icmp_ln885_fu_689_p2     |   icmp   |      0|   0|   13|          14|           1|
    |icmp_ln897_1_fu_798_p2   |   icmp   |      0|   0|   13|          14|           1|
    |icmp_ln897_fu_766_p2     |   icmp   |      0|   0|   18|          31|           1|
    |icmp_ln8_fu_353_p2       |   icmp   |      0|   0|    9|           4|           4|
    |icmp_ln908_fu_858_p2     |   icmp   |      0|   0|   18|          32|           1|
    |icmp_ln924_1_fu_1001_p2  |   icmp   |      0|   0|   29|          52|           1|
    |icmp_ln924_fu_995_p2     |   icmp   |      0|   0|   13|          11|           2|
    |lshr_ln897_fu_786_p2     |   lshr   |      0|   0|   31|           2|          14|
    |lshr_ln908_fu_879_p2     |   lshr   |      0|   0|  101|          32|          32|
    |or_ln899_fu_844_p2       |    or    |      0|   0|    2|           1|           1|
    |or_ln924_fu_1007_p2      |    or    |      0|   0|    2|           1|           1|
    |m_1_fu_904_p3            |  select  |      0|   0|   64|           1|          64|
    |select_ln915_fu_942_p3   |  select  |      0|   0|   10|           1|          10|
    |tmp_V_5_fu_707_p3        |  select  |      0|   0|   14|           1|          14|
    |shl_ln908_fu_898_p2      |    shl   |      0|   0|  182|          64|          64|
    |xor_ln899_fu_818_p2      |    xor   |      0|   0|    2|           1|           2|
    +-------------------------+----------+-------+----+-----+------------+------------+
    |Total                    |          |      0|  40| 1239|         607|         643|
    +-------------------------+----------+-------+----+-----+------------+------------+

    * Multiplexer: 
    +-------------------------------------+----+-----------+-----+-----------+
    |                 Name                | LUT| Input Size| Bits| Total Bits|
    +-------------------------------------+----+-----------+-----+-----------+
    |ap_NS_fsm                            |  56|         13|    1|         13|
    |ap_phi_mux_storemerge_phi_fu_334_p4  |  15|          3|   14|         42|
    |c_0_reg_239                          |   9|          2|    4|          8|
    |ch_0_reg_320                         |   9|          2|    3|          6|
    |f_0_reg_251                          |   9|          2|    5|         10|
    |p_Val2_25_reg_308                    |   9|          2|   14|         28|
    |p_Val2_s_reg_262                     |   9|          2|   14|         28|
    |phi_mul_reg_227                      |   9|          2|    7|         14|
    |r_0_reg_215                          |   9|          2|    4|          8|
    |w_sum_1_reg_285                      |   9|          2|   14|         28|
    |wc_0_reg_297                         |   9|          2|    2|          4|
    |wr_0_reg_274                         |   9|          2|    2|          4|
    +-------------------------------------+----+-----------+-----+-----------+
    |Total                                | 161|         36|   84|        193|
    +-------------------------------------+----+-----------+-----+-----------+

    * Register: 
    +--------------------------+----+----+-----+-----------+
    |           Name           | FF | LUT| Bits| Const Bits|
    +--------------------------+----+----+-----+-----------+
    |add_ln8_reg_1024          |   7|   0|    7|          0|
    |ap_CS_fsm                 |  12|   0|   12|          0|
    |c_0_reg_239               |   4|   0|    4|          0|
    |c_reg_1040                |   4|   0|    4|          0|
    |ch_0_reg_320              |   3|   0|    3|          0|
    |ch_reg_1117               |   3|   0|    3|          0|
    |conv_out_V_addr_reg_1068  |  11|   0|   11|          0|
    |f_0_reg_251               |   5|   0|    5|          0|
    |f_reg_1053                |   5|   0|    5|          0|
    |icmp_ln885_reg_1145       |   1|   0|    1|          0|
    |icmp_ln908_reg_1171       |   1|   0|    1|          0|
    |icmp_ln924_1_reg_1191     |   1|   0|    1|          0|
    |icmp_ln924_reg_1186       |   1|   0|    1|          0|
    |mul_ln1117_reg_1086       |   8|   0|    8|          0|
    |or_ln_reg_1166            |   1|   0|   32|         31|
    |p_Result_24_reg_1149      |   1|   0|    1|          0|
    |p_Val2_25_reg_308         |  14|   0|   14|          0|
    |p_Val2_s_reg_262          |  14|   0|   14|          0|
    |phi_mul_reg_227           |   7|   0|    7|          0|
    |r_0_reg_215               |   4|   0|    4|          0|
    |r_reg_1032                |   4|   0|    4|          0|
    |sext_ln1116_reg_1081      |   6|   0|    6|          0|
    |sub_ln1116_1_reg_1104     |   6|   0|    7|          1|
    |sub_ln1117_reg_1109       |  10|   0|   11|          1|
    |sub_ln894_reg_1160        |  32|   0|   32|          0|
    |tmp_V_4_reg_1137          |  14|   0|   14|          0|
    |tmp_V_5_reg_1154          |  14|   0|   14|          0|
    |trunc_ln893_reg_1176      |  11|   0|   11|          0|
    |w_sum_1_reg_285           |  14|   0|   14|          0|
    |wc_0_reg_297              |   2|   0|    2|          0|
    |wc_reg_1099               |   2|   0|    2|          0|
    |wr_0_reg_274              |   2|   0|    2|          0|
    |wr_reg_1076               |   2|   0|    2|          0|
    |zext_ln14_reg_1045        |   7|   0|   12|          5|
    |zext_ln203_10_reg_1063    |   5|   0|   11|          6|
    |zext_ln26_reg_1058        |   5|   0|   64|         59|
    +--------------------------+----+----+-----+-----------+
    |Total                     | 243|   0|  346|        103|
    +--------------------------+----+----+-----+-----------+



================================================================
== Interface
================================================================
* Summary: 
+---------------------+-----+-----+------------+--------------+--------------+
|      RTL Ports      | Dir | Bits|  Protocol  | Source Object|    C Type    |
+---------------------+-----+-----+------------+--------------+--------------+
|ap_clk               |  in |    1| ap_ctrl_hs |    conv_2    | return value |
|ap_rst               |  in |    1| ap_ctrl_hs |    conv_2    | return value |
|ap_start             |  in |    1| ap_ctrl_hs |    conv_2    | return value |
|ap_done              | out |    1| ap_ctrl_hs |    conv_2    | return value |
|ap_idle              | out |    1| ap_ctrl_hs |    conv_2    | return value |
|ap_ready             | out |    1| ap_ctrl_hs |    conv_2    | return value |
|input_V_address0     | out |   10|  ap_memory |    input_V   |     array    |
|input_V_ce0          | out |    1|  ap_memory |    input_V   |     array    |
|input_V_q0           |  in |   14|  ap_memory |    input_V   |     array    |
|conv_out_V_address0  | out |   11|  ap_memory |  conv_out_V  |     array    |
|conv_out_V_ce0       | out |    1|  ap_memory |  conv_out_V  |     array    |
|conv_out_V_we0       | out |    1|  ap_memory |  conv_out_V  |     array    |
|conv_out_V_d0        | out |   14|  ap_memory |  conv_out_V  |     array    |
+---------------------+-----+-----+------------+--------------+--------------+

