#-----------------------------------------------------------
# xsim v2021.1 (64-bit)
# SW Build 3247384 on Thu Jun 10 19:36:33 MDT 2021
# IP Build 3246043 on Fri Jun 11 00:30:35 MDT 2021
# Start of session at: Mon Sep 11 15:07:33 2023
# Process ID: 30928
# Current directory: C:/Users/chenq/MAG/code/vitisHLS/AxiBram/solution1/sim/verilog
# Command line: xsim.exe -mode tcl -source {xsim.dir/crazyFunction/xsim_script.tcl}
# Log file: C:/Users/chenq/MAG/code/vitisHLS/AxiBram/solution1/sim/verilog/xsim.log
# Journal file: C:/Users/chenq/MAG/code/vitisHLS/AxiBram/solution1/sim/verilog\xsim.jou
#-----------------------------------------------------------
source xsim.dir/crazyFunction/xsim_script.tcl
# xsim {crazyFunction} -autoloadwcfg -tclbatch {crazyFunction.tcl}
Time resolution is 1 ps
source crazyFunction.tcl
## run all
////////////////////////////////////////////////////////////////////////////////////
// Inter-Transaction Progress: Completed Transaction / Total Transaction
// Intra-Transaction Progress: Measured Latency / Latency Estimation * 100%
//
// RTL Simulation : "Inter-Transaction Progress" ["Intra-Transaction Progress"] @ "Simulation Time"
////////////////////////////////////////////////////////////////////////////////////
// RTL Simulation : 0 / 1 [0.00%] @ "125000"
Warning: OPMODE Input Warning : The OPMODE 0110X0X with CARRYINSEL  000 to DSP48E1 instance is invalid.
Time: 1245 ns  Iteration: 11  Process: /apatb_crazyFunction_top/AESL_inst_crazyFunction/fadd_32ns_32ns_32_5_full_dsp_1_U1/crazyFunction_fadd_32ns_32ns_32_5_full_dsp_1_ip_u/inst/i_synth/addsub_op/ADDSUB/dsp/OP/dsp48e1_body/ALIGN_ADD/DSP2/i_no_versal_es1_workaround/DSP/prcs_opmode_drc  File: C:/Xilinx2021/Vivado/2021.1/data/vhdl/src/unisims/primitive/DSP48E1.vhd
// RTL Simulation : 1 / 1 [100.00%] @ "1385000"
////////////////////////////////////////////////////////////////////////////////////
$finish called at time : 1445 ns : File "C:/Users/chenq/MAG/code/vitisHLS/AxiBram/solution1/sim/verilog/crazyFunction.autotb.v" Line 390
## quit
INFO: [Common 17-206] Exiting xsim at Mon Sep 11 15:07:36 2023...
