

================================================================
== Vivado HLS Report for 'dense_1'
================================================================
* Date:           Mon Aug  5 21:28:44 2024

* Version:        2019.1 (Build 2552052 on Fri May 24 15:28:33 MDT 2019)
* Project:        cnn
* Solution:       d1_fp2
* Product family: zynq
* Target device:  xc7z020-clg400-1


================================================================
== Performance Estimates
================================================================
+ Timing (ns): 
    * Summary: 
    +--------+-------+----------+------------+
    |  Clock | Target| Estimated| Uncertainty|
    +--------+-------+----------+------------+
    |ap_clk  |  20.00|    21.764|        2.50|
    +--------+-------+----------+------------+

+ Latency (clock cycles): 
    * Summary: 
    +-------+-------+-------+-------+---------+
    |    Latency    |    Interval   | Pipeline|
    |  min  |  max  |  min  |  max  |   Type  |
    +-------+-------+-------+-------+---------+
    |  60010|  60010|  60010|  60010|   none  |
    +-------+-------+-------+-------+---------+

    + Detail: 
        * Instance: 
        N/A

        * Loop: 
        +----------------------------+-------+-------+----------+-----------+-----------+-------+----------+
        |                            |    Latency    | Iteration|  Initiation Interval  |  Trip |          |
        |          Loop Name         |  min  |  max  |  Latency |  achieved |   target  | Count | Pipelined|
        +----------------------------+-------+-------+----------+-----------+-----------+-------+----------+
        |- DENSE_1_LOOP_FLAT_1_LOOP  |  60008|  60008|        12|          3|          1|  20000|    yes   |
        +----------------------------+-------+-------+----------+-----------+-----------+-------+----------+



================================================================
== Utilization Estimates
================================================================
* Summary: 
+-----------------+---------+-------+--------+-------+-----+
|       Name      | BRAM_18K| DSP48E|   FF   |  LUT  | URAM|
+-----------------+---------+-------+--------+-------+-----+
|DSP              |        -|      1|       -|      -|    -|
|Expression       |        -|      -|       0|    204|    -|
|FIFO             |        -|      -|       -|      -|    -|
|Instance         |        -|      5|     421|    962|    -|
|Memory           |       65|      -|       0|      0|    -|
|Multiplexer      |        -|      -|       -|    144|    -|
|Register         |        0|      -|     355|     64|    -|
+-----------------+---------+-------+--------+-------+-----+
|Total            |       65|      6|     776|   1374|    0|
+-----------------+---------+-------+--------+-------+-----+
|Available        |      280|    220|  106400|  53200|    0|
+-----------------+---------+-------+--------+-------+-----+
|Utilization (%)  |       23|      2|   ~0   |      2|    0|
+-----------------+---------+-------+--------+-------+-----+

+ Detail: 
    * Instance: 
    +--------------------------+----------------------+---------+-------+-----+-----+-----+
    |         Instance         |        Module        | BRAM_18K| DSP48E|  FF | LUT | URAM|
    +--------------------------+----------------------+---------+-------+-----+-----+-----+
    |cnn_fadd_32ns_32ncud_U26  |cnn_fadd_32ns_32ncud  |        0|      2|  227|  403|    0|
    |cnn_fcmp_32ns_32neOg_U28  |cnn_fcmp_32ns_32neOg  |        0|      0|   66|  239|    0|
    |cnn_fmul_32ns_32ndEe_U27  |cnn_fmul_32ns_32ndEe  |        0|      3|  128|  320|    0|
    +--------------------------+----------------------+---------+-------+-----+-----+-----+
    |Total                     |                      |        0|      5|  421|  962|    0|
    +--------------------------+----------------------+---------+-------+-----+-----+-----+

    * DSP48E: 
    +--------------------------+----------------------+--------------+
    |         Instance         |        Module        |  Expression  |
    +--------------------------+----------------------+--------------+
    |cnn_mac_muladd_9nibs_U29  |cnn_mac_muladd_9nibs  | i0 * i1 + i2 |
    +--------------------------+----------------------+--------------+

    * Memory: 
    +-------------------+----------------------+---------+---+----+-----+-------+-----+------+-------------+
    |       Memory      |        Module        | BRAM_18K| FF| LUT| URAM| Words | Bits| Banks| W*Bits*Banks|
    +-------------------+----------------------+---------+---+----+-----+-------+-----+------+-------------+
    |dense_1_bias_U     |dense_1_dense_1_bg8j  |        1|  0|   0|    0|     50|   32|     1|         1600|
    |dense_1_weights_U  |dense_1_dense_1_whbi  |       64|  0|   0|    0|  20000|   32|     1|       640000|
    +-------------------+----------------------+---------+---+----+-----+-------+-----+------+-------------+
    |Total              |                      |       65|  0|   0|    0|  20050|   64|     2|       641600|
    +-------------------+----------------------+---------+---+----+-----+-------+-----+------+-------------+

    * FIFO: 
    N/A

    * Expression: 
    +-------------------------+----------+-------+---+----+------------+------------+
    |      Variable Name      | Operation| DSP48E| FF| LUT| Bitwidth P0| Bitwidth P1|
    +-------------------------+----------+-------+---+----+------------+------------+
    |add_ln9_fu_184_p2        |     +    |      0|  0|  21|          15|           1|
    |i_fu_190_p2              |     +    |      0|  0|  15|           6|           1|
    |j_fu_235_p2              |     +    |      0|  0|  15|           9|           1|
    |and_ln19_fu_292_p2       |    and   |      0|  0|   2|           1|           1|
    |icmp_ln13_1_fu_248_p2    |   icmp   |      0|  0|  13|           9|           8|
    |icmp_ln13_fu_196_p2      |   icmp   |      0|  0|  13|           9|           8|
    |icmp_ln19_1_fu_280_p2    |   icmp   |      0|  0|  18|          23|           1|
    |icmp_ln19_fu_274_p2      |   icmp   |      0|  0|  11|           8|           2|
    |icmp_ln9_fu_178_p2       |   icmp   |      0|  0|  13|          15|          15|
    |or_ln19_fu_286_p2        |    or    |      0|  0|   2|           1|           1|
    |dense_1_out_d0           |  select  |      0|  0|  32|           1|           1|
    |select_ln14_1_fu_202_p3  |  select  |      0|  0|   9|           1|           1|
    |select_ln14_2_fu_210_p3  |  select  |      0|  0|   6|           1|           6|
    |select_ln14_fu_240_p3    |  select  |      0|  0|  32|           1|           1|
    |ap_enable_pp0            |    xor   |      0|  0|   2|           1|           2|
    +-------------------------+----------+-------+---+----+------------+------------+
    |Total                    |          |      0|  0| 204|         101|          50|
    +-------------------------+----------+-------+---+----+------------+------------+

    * Multiplexer: 
    +-----------------------------------------+----+-----------+-----+-----------+
    |                   Name                  | LUT| Input Size| Bits| Total Bits|
    +-----------------------------------------+----+-----------+-----+-----------+
    |ap_NS_fsm                                |  33|          6|    1|          6|
    |ap_enable_reg_pp0_iter3                  |   9|          2|    1|          2|
    |ap_phi_mux_i_0_phi_fu_131_p4             |   9|          2|    6|         12|
    |ap_phi_mux_indvar_flatten_phi_fu_120_p4  |   9|          2|   15|         30|
    |ap_phi_mux_j_0_phi_fu_154_p4             |   9|          2|    9|         18|
    |ap_phi_mux_sum_0_phi_fu_142_p4           |   9|          2|   32|         64|
    |grp_fu_161_p0                            |  15|          3|   32|         96|
    |grp_fu_161_p1                            |  15|          3|   32|         96|
    |i_0_reg_127                              |   9|          2|    6|         12|
    |indvar_flatten_reg_116                   |   9|          2|   15|         30|
    |j_0_reg_150                              |   9|          2|    9|         18|
    |sum_0_reg_138                            |   9|          2|   32|         64|
    +-----------------------------------------+----+-----------+-----+-----------+
    |Total                                    | 144|         30|  190|        448|
    +-----------------------------------------+----+-----------+-----+-----------+

    * Register: 
    +-------------------------------------+----+----+-----+-----------+
    |                 Name                | FF | LUT| Bits| Const Bits|
    +-------------------------------------+----+----+-----+-----------+
    |add_ln9_reg_319                      |  15|   0|   15|          0|
    |ap_CS_fsm                            |   5|   0|    5|          0|
    |ap_enable_reg_pp0_iter0              |   1|   0|    1|          0|
    |ap_enable_reg_pp0_iter1              |   1|   0|    1|          0|
    |ap_enable_reg_pp0_iter2              |   1|   0|    1|          0|
    |ap_enable_reg_pp0_iter3              |   1|   0|    1|          0|
    |i_0_reg_127                          |   6|   0|    6|          0|
    |icmp_ln13_1_reg_376                  |   1|   0|    1|          0|
    |icmp_ln13_reg_324                    |   1|   0|    1|          0|
    |icmp_ln9_reg_315                     |   1|   0|    1|          0|
    |indvar_flatten_reg_116               |  15|   0|   15|          0|
    |j_0_reg_150                          |   9|   0|    9|          0|
    |j_reg_365                            |   9|   0|    9|          0|
    |select_ln14_1_reg_329                |   9|   0|    9|          0|
    |select_ln14_2_reg_334                |   6|   0|    6|          0|
    |select_ln14_2_reg_334_pp0_iter1_reg  |   6|   0|    6|          0|
    |sum_0_reg_138                        |  32|   0|   32|          0|
    |sum_reg_385                          |  32|   0|   32|          0|
    |tmp_reg_401                          |  32|   0|   32|          0|
    |tmp_s_reg_360                        |  32|   0|   32|          0|
    |zext_ln14_reg_380                    |   6|   0|   64|         58|
    |zext_ln14_reg_380_pp0_iter3_reg      |   6|   0|   64|         58|
    |icmp_ln13_1_reg_376                  |  64|  32|    1|          0|
    |icmp_ln9_reg_315                     |  64|  32|    1|          0|
    +-------------------------------------+----+----+-----+-----------+
    |Total                                | 355|  64|  345|        116|
    +-------------------------------------+----+----+-----+-----------+



================================================================
== Interface
================================================================
* Summary: 
+----------------------+-----+-----+------------+--------------+--------------+
|       RTL Ports      | Dir | Bits|  Protocol  | Source Object|    C Type    |
+----------------------+-----+-----+------------+--------------+--------------+
|ap_clk                |  in |    1| ap_ctrl_hs |    dense_1   | return value |
|ap_rst                |  in |    1| ap_ctrl_hs |    dense_1   | return value |
|ap_start              |  in |    1| ap_ctrl_hs |    dense_1   | return value |
|ap_done               | out |    1| ap_ctrl_hs |    dense_1   | return value |
|ap_idle               | out |    1| ap_ctrl_hs |    dense_1   | return value |
|ap_ready              | out |    1| ap_ctrl_hs |    dense_1   | return value |
|dense_1_out_address0  | out |    6|  ap_memory |  dense_1_out |     array    |
|dense_1_out_ce0       | out |    1|  ap_memory |  dense_1_out |     array    |
|dense_1_out_we0       | out |    1|  ap_memory |  dense_1_out |     array    |
|dense_1_out_d0        | out |   32|  ap_memory |  dense_1_out |     array    |
|flat_array_address0   | out |    9|  ap_memory |  flat_array  |     array    |
|flat_array_ce0        | out |    1|  ap_memory |  flat_array  |     array    |
|flat_array_q0         |  in |   32|  ap_memory |  flat_array  |     array    |
+----------------------+-----+-----+------------+--------------+--------------+

