

================================================================
== Vivado HLS Report for 'max_pool'
================================================================
* Date:           Thu Mar  7 10:43:10 2024

* Version:        2019.1 (Build 2552052 on Fri May 24 15:28:33 MDT 2019)
* Project:        maxpool
* Solution:       Pool_Col_pipeline_nf
* Product family: zynq
* Target device:  xc7z020-clg400-1


================================================================
== Performance Estimates
================================================================
+ Timing (ns): 
    * Summary: 
    +--------+-------+----------+------------+
    |  Clock | Target| Estimated| Uncertainty|
    +--------+-------+----------+------------+
    |ap_clk  |  20.00|    12.538|        2.50|
    +--------+-------+----------+------------+

+ Latency (clock cycles): 
    * Summary: 
    +-------+-------+-------+-------+---------+
    |    Latency    |    Interval   | Pipeline|
    |  min  |  max  |  min  |  max  |   Type  |
    +-------+-------+-------+-------+---------+
    |  14365|  14365|  14365|  14365|   none  |
    +-------+-------+-------+-------+---------+

    + Detail: 
        * Instance: 
        N/A

        * Loop: 
        +------------------------+-------+-------+----------+-----------+-----------+------+----------+
        |                        |    Latency    | Iteration|  Initiation Interval  | Trip |          |
        |        Loop Name       |  min  |  max  |  Latency |  achieved |   target  | Count| Pipelined|
        +------------------------+-------+-------+----------+-----------+-----------+------+----------+
        |- Filter_Loop           |  14364|  14364|      2394|          -|          -|     6|    no    |
        | + Row_Loop             |   2392|   2392|       184|          -|          -|    13|    no    |
        |  ++ Col_Loop           |    182|    182|        14|          -|          -|    13|    no    |
        |   +++ Pool_Row_Loop    |     12|     12|         6|          -|          -|     2|    no    |
        |    ++++ Pool_Col_Loop  |      3|      3|         3|          1|          1|     2|    yes   |
        +------------------------+-------+-------+----------+-----------+-----------+------+----------+



================================================================
== Utilization Estimates
================================================================
* Summary: 
+-----------------+---------+-------+--------+-------+-----+
|       Name      | BRAM_18K| DSP48E|   FF   |  LUT  | URAM|
+-----------------+---------+-------+--------+-------+-----+
|DSP              |        -|      -|       -|      -|    -|
|Expression       |        -|      0|       0|    338|    -|
|FIFO             |        -|      -|       -|      -|    -|
|Instance         |        -|      0|      66|    239|    -|
|Memory           |        -|      -|       -|      -|    -|
|Multiplexer      |        -|      -|       -|    146|    -|
|Register         |        -|      -|     175|      -|    -|
+-----------------+---------+-------+--------+-------+-----+
|Total            |        0|      0|     241|    723|    0|
+-----------------+---------+-------+--------+-------+-----+
|Available        |      280|    220|  106400|  53200|    0|
+-----------------+---------+-------+--------+-------+-----+
|Utilization (%)  |        0|      0|   ~0   |      1|    0|
+-----------------+---------+-------+--------+-------+-----+

+ Detail: 
    * Instance: 
    +-------------------------+----------------------+---------+-------+----+-----+-----+
    |         Instance        |        Module        | BRAM_18K| DSP48E| FF | LUT | URAM|
    +-------------------------+----------------------+---------+-------+----+-----+-----+
    |max_pool_fcmp_32nbkb_U1  |max_pool_fcmp_32nbkb  |        0|      0|  66|  239|    0|
    +-------------------------+----------------------+---------+-------+----+-----+-----+
    |Total                    |                      |        0|      0|  66|  239|    0|
    +-------------------------+----------------------+---------+-------+----+-----+-----+

    * DSP48E: 
    N/A

    * Memory: 
    N/A

    * FIFO: 
    N/A

    * Expression: 
    +-----------------------+----------+-------+---+----+------------+------------+
    |     Variable Name     | Operation| DSP48E| FF| LUT| Bitwidth P0| Bitwidth P1|
    +-----------------------+----------+-------+---+----+------------+------------+
    |mul_ln29_fu_310_p2     |     *    |      0|  0|  17|           5|           5|
    |add_ln13_fu_239_p2     |     +    |      0|  0|  15|           8|           4|
    |add_ln29_1_fu_418_p2   |     +    |      0|  0|  11|          13|          13|
    |add_ln29_fu_387_p2     |     +    |      0|  0|  14|          10|          10|
    |add_ln36_1_fu_352_p2   |     +    |      0|  0|  11|          11|          11|
    |add_ln36_fu_320_p2     |     +    |      0|  0|  15|           8|           8|
    |c_fu_271_p2            |     +    |      0|  0|  13|           4|           1|
    |f_fu_225_p2            |     +    |      0|  0|  12|           3|           1|
    |i_fu_301_p2            |     +    |      0|  0|  15|           5|           5|
    |j_fu_378_p2            |     +    |      0|  0|  15|           5|           5|
    |mpc_fu_368_p2          |     +    |      0|  0|  10|           2|           1|
    |mpr_fu_295_p2          |     +    |      0|  0|  10|           2|           1|
    |r_fu_251_p2            |     +    |      0|  0|  13|           4|           1|
    |sub_ln29_fu_412_p2     |     -    |      0|  0|  11|          13|          13|
    |sub_ln36_fu_346_p2     |     -    |      0|  0|  11|          11|          11|
    |and_ln29_1_fu_505_p2   |    and   |      0|  0|   2|           1|           1|
    |and_ln29_fu_499_p2     |    and   |      0|  0|   2|           1|           1|
    |icmp_ln10_fu_219_p2    |   icmp   |      0|  0|   9|           3|           3|
    |icmp_ln13_fu_245_p2    |   icmp   |      0|  0|   9|           4|           3|
    |icmp_ln16_fu_265_p2    |   icmp   |      0|  0|   9|           4|           3|
    |icmp_ln20_fu_289_p2    |   icmp   |      0|  0|   9|           2|           3|
    |icmp_ln23_fu_362_p2    |   icmp   |      0|  0|   9|           2|           3|
    |icmp_ln29_1_fu_469_p2  |   icmp   |      0|  0|  18|          23|           1|
    |icmp_ln29_2_fu_481_p2  |   icmp   |      0|  0|  11|           8|           2|
    |icmp_ln29_3_fu_487_p2  |   icmp   |      0|  0|  18|          23|           1|
    |icmp_ln29_fu_463_p2    |   icmp   |      0|  0|  11|           8|           2|
    |or_ln29_1_fu_493_p2    |    or    |      0|  0|   2|           1|           1|
    |or_ln29_fu_475_p2      |    or    |      0|  0|   2|           1|           1|
    |max_2_fu_511_p3        |  select  |      0|  0|  32|           1|          32|
    |ap_enable_pp0          |    xor   |      0|  0|   2|           1|           2|
    +-----------------------+----------+-------+---+----+------------+------------+
    |Total                  |          |      0|  0| 338|         187|         149|
    +-----------------------+----------+-------+---+----+------------+------------+

    * Multiplexer: 
    +--------------------------------+----+-----------+-----+-----------+
    |              Name              | LUT| Input Size| Bits| Total Bits|
    +--------------------------------+----+-----------+-----+-----------+
    |ap_NS_fsm                       |  41|          8|    1|          8|
    |ap_enable_reg_pp0_iter1         |   9|          2|    1|          2|
    |ap_enable_reg_pp0_iter2         |  15|          3|    1|          3|
    |ap_phi_mux_max_1_phi_fu_205_p4  |   9|          2|   32|         64|
    |c_0_reg_154                     |   9|          2|    4|          8|
    |f_0_reg_120                     |   9|          2|    3|          6|
    |max_0_reg_166                   |   9|          2|   32|         64|
    |max_1_reg_201                   |   9|          2|   32|         64|
    |mpc_0_reg_190                   |   9|          2|    2|          4|
    |mpr_0_reg_179                   |   9|          2|    2|          4|
    |phi_mul_reg_142                 |   9|          2|    8|         16|
    |r_0_reg_131                     |   9|          2|    4|          8|
    +--------------------------------+----+-----------+-----+-----------+
    |Total                           | 146|         31|  122|        251|
    +--------------------------------+----+-----------+-----+-----------+

    * Register: 
    +---------------------------------+----+----+-----+-----------+
    |               Name              | FF | LUT| Bits| Const Bits|
    +---------------------------------+----+----+-----+-----------+
    |add_ln13_reg_536                 |   8|   0|    8|          0|
    |ap_CS_fsm                        |   7|   0|    7|          0|
    |ap_enable_reg_pp0_iter0          |   1|   0|    1|          0|
    |ap_enable_reg_pp0_iter1          |   1|   0|    1|          0|
    |ap_enable_reg_pp0_iter2          |   1|   0|    1|          0|
    |c_0_reg_154                      |   4|   0|    4|          0|
    |c_reg_557                        |   4|   0|    4|          0|
    |f_0_reg_120                      |   3|   0|    3|          0|
    |f_reg_521                        |   3|   0|    3|          0|
    |icmp_ln23_reg_581                |   1|   0|    1|          0|
    |icmp_ln23_reg_581_pp0_iter1_reg  |   1|   0|    1|          0|
    |max_0_reg_166                    |  32|   0|   32|          0|
    |max_1_reg_201                    |  32|   0|   32|          0|
    |max_reg_595                      |  32|   0|   32|          0|
    |mpc_0_reg_190                    |   2|   0|    2|          0|
    |mpr_0_reg_179                    |   2|   0|    2|          0|
    |mpr_reg_571                      |   2|   0|    2|          0|
    |mul_ln29_reg_576                 |   9|   0|   10|          1|
    |phi_mul_reg_142                  |   8|   0|    8|          0|
    |r_0_reg_131                      |   4|   0|    4|          0|
    |r_reg_544                        |   4|   0|    4|          0|
    |shl_ln1_reg_562                  |   4|   0|    5|          1|
    |shl_ln_reg_549                   |   4|   0|    5|          1|
    |zext_ln13_1_reg_531              |   3|   0|   11|          8|
    |zext_ln13_reg_526                |   3|   0|   13|         10|
    +---------------------------------+----+----+-----+-----------+
    |Total                            | 175|   0|  196|         21|
    +---------------------------------+----+----+-----+-----------+



================================================================
== Interface
================================================================
* Summary: 
+-----------------------+-----+-----+------------+--------------+--------------+
|       RTL Ports       | Dir | Bits|  Protocol  | Source Object|    C Type    |
+-----------------------+-----+-----+------------+--------------+--------------+
|ap_clk                 |  in |    1| ap_ctrl_hs |   max_pool   | return value |
|ap_rst                 |  in |    1| ap_ctrl_hs |   max_pool   | return value |
|ap_start               |  in |    1| ap_ctrl_hs |   max_pool   | return value |
|ap_done                | out |    1| ap_ctrl_hs |   max_pool   | return value |
|ap_idle                | out |    1| ap_ctrl_hs |   max_pool   | return value |
|ap_ready               | out |    1| ap_ctrl_hs |   max_pool   | return value |
|conv_out_address0      | out |   12|  ap_memory |   conv_out   |     array    |
|conv_out_ce0           | out |    1|  ap_memory |   conv_out   |     array    |
|conv_out_q0            |  in |   32|  ap_memory |   conv_out   |     array    |
|max_pool_out_address0  | out |   10|  ap_memory | max_pool_out |     array    |
|max_pool_out_ce0       | out |    1|  ap_memory | max_pool_out |     array    |
|max_pool_out_we0       | out |    1|  ap_memory | max_pool_out |     array    |
|max_pool_out_d0        | out |   32|  ap_memory | max_pool_out |     array    |
+-----------------------+-----+-----+------------+--------------+--------------+

