#-----------------------------------------------------------
# Vivado v2019.1 (64-bit)
# SW Build 2552052 on Fri May 24 14:49:42 MDT 2019
# IP Build 2548770 on Fri May 24 18:01:18 MDT 2019
# Start of session at: Tue May 14 08:19:37 2024
# Process ID: 31484
# Current directory: C:/Users/chenq/MAG/code/FFF/HLS2019/APDataType/cnn/cnn_ap_type/W14_6_OPT3/impl/ip
# Command line: vivado.exe -notrace -mode batch -source run_ippack.tcl
# Log file: C:/Users/chenq/MAG/code/FFF/HLS2019/APDataType/cnn/cnn_ap_type/W14_6_OPT3/impl/ip/vivado.log
# Journal file: C:/Users/chenq/MAG/code/FFF/HLS2019/APDataType/cnn/cnn_ap_type/W14_6_OPT3/impl/ip\vivado.jou
#-----------------------------------------------------------
source run_ippack.tcl -notrace
INFO: [ProjectBase 1-489] The host OS only allows 260 characters in a normal path. The project is stored in a path with more than 80 characters. If you experience issues with IP, Block Designs, or files not being found, please consider moving the project to a location with a shorter path. Alternately consider using the OS subst command to map part of the path to a drive letter.
Current project path is 'C:/Users/chenq/MAG/code/FFF/HLS2019/APDataType/cnn/cnn_ap_type/W14_6_OPT3/impl/ip'
INFO: [IP_Flow 19-234] Refreshing IP repositories
INFO: [IP_Flow 19-1704] No user IP repositories specified
INFO: [IP_Flow 19-2313] Loaded Vivado IP repository 'C:/Xilinx2019/Vivado/2019.1/data/ip'.
INFO: [IP_Flow 19-1686] Generating 'Synthesis' target for IP 'cnn_ap_dcmp_0_no_dsp_64'...
INFO: [IP_Flow 19-1686] Generating 'Simulation' target for IP 'cnn_ap_dcmp_0_no_dsp_64'...
INFO: [IP_Flow 19-1686] Generating 'Synthesis' target for IP 'cnn_ap_fpext_0_no_dsp_32'...
INFO: [IP_Flow 19-1686] Generating 'Simulation' target for IP 'cnn_ap_fpext_0_no_dsp_32'...
INFO: [IP_Flow 19-234] Refreshing IP repositories
INFO: [IP_Flow 19-1704] No user IP repositories specified
INFO: [IP_Flow 19-2313] Loaded Vivado IP repository 'C:/Xilinx2019/Vivado/2019.1/data/ip'.
INFO: [Common 17-206] Exiting Vivado at Tue May 14 08:19:52 2024...
