INFO: [SIM 2] *************** CSIM start ***************
INFO: [SIM 4] CSIM will launch GCC as the compiler.
   Compiling ../../../../main.cpp in debug mode
   Compiling ../../../../conv.cpp in debug mode
   Generating csim.exe
Hello, World!
OUT[0][0][0]=1.102482
OUT[0][0][1]=3.812453
OUT[0][0][2]=0.760967
OUT[0][1][0]=2.885337
OUT[0][1][1]=2.466552
OUT[0][1][2]=0.289768
OUT[1][0][0]=3.612152
OUT[1][0][1]=2.439061
OUT[1][0][2]=0.000000
OUT[1][1][0]=1.403562
OUT[1][1][1]=3.640901
OUT[1][1][2]=0.000000
INFO: [SIM 1] CSim done with 0 errors.
INFO: [SIM 3] *************** CSIM finish ***************
