Result[0]=1.000000
Result[1]=2.000000
Result[2]=3.000000
Result[3]=4.000000
Result[4]=5.000000
Result[5]=6.000000
Result[6]=7.000000
Result[7]=8.000000
Result[8]=9.000000
Result[9]=10.000000
Result[10]=11.000000
Result[11]=12.000000
Result[12]=13.000000
Result[13]=14.000000
Result[14]=15.000000
Result[15]=16.000000
Result[16]=17.000000
Result[17]=18.000000
Result[18]=19.000000
Result[19]=20.000000
Result[20]=21.000000
Result[21]=22.000000
Result[22]=23.000000
Result[23]=24.000000
Result[24]=25.000000
Result[25]=26.000000
Result[26]=27.000000
Result[27]=28.000000
Result[28]=29.000000
Result[29]=30.000000
Result[30]=31.000000
Result[31]=32.000000
Result[32]=33.000000
Result[33]=34.000000
Result[34]=35.000000
Result[35]=36.000000
Result[36]=37.000000
Result[37]=38.000000
Result[38]=39.000000
Result[39]=40.000000
Result[40]=41.000000
Result[41]=42.000000
Result[42]=43.000000
Result[43]=44.000000
Result[44]=45.000000
Result[45]=46.000000
Result[46]=47.000000
Result[47]=48.000000
Result[48]=49.000000
Result[49]=50.000000
Result[50]=51.000000
Result[51]=52.000000
Result[52]=53.000000
Result[53]=54.000000
Result[54]=55.000000
Result[55]=56.000000
Result[56]=57.000000
Result[57]=58.000000
Result[58]=59.000000
Result[59]=60.000000
Result[60]=61.000000
Result[61]=62.000000
Result[62]=63.000000
Result[63]=64.000000
Result[64]=65.000000
Result[65]=66.000000
Result[66]=67.000000
Result[67]=68.000000
Result[68]=69.000000
Result[69]=70.000000
Result[70]=71.000000
Result[71]=72.000000
Result[72]=73.000000
Result[73]=74.000000
Result[74]=75.000000
Result[75]=76.000000
Result[76]=77.000000
Result[77]=78.000000
Result[78]=79.000000
Result[79]=80.000000
Result[80]=81.000000
Result[81]=82.000000
Result[82]=83.000000
Result[83]=84.000000
Result[84]=85.000000
Result[85]=86.000000
Result[86]=87.000000
Result[87]=88.000000
Result[88]=89.000000
Result[89]=90.000000
Result[90]=91.000000
Result[91]=92.000000
Result[92]=93.000000
Result[93]=94.000000
Result[94]=95.000000
Result[95]=96.000000
Result[96]=97.000000
Result[97]=98.000000
Result[98]=99.000000
Result[99]=100.000000

C:\Users\chenq\MAG\code\vitisHLS\AxiBram\solution1\sim\verilog>set PATH= 

C:\Users\chenq\MAG\code\vitisHLS\AxiBram\solution1\sim\verilog>call C:/Xilinx2021/Vivado/2021.1/bin/xelab xil_defaultlib.apatb_crazyFunction_top glbl -Oenable_linking_all_libraries  -prj crazyFunction.prj -L smartconnect_v1_0 -L axi_protocol_checker_v1_1_12 -L axi_protocol_checker_v1_1_13 -L axis_protocol_checker_v1_1_11 -L axis_protocol_checker_v1_1_12 -L xil_defaultlib -L unisims_ver -L xpm  -L floating_point_v7_0_19 -L floating_point_v7_1_12 --lib "ieee_proposed=./ieee_proposed" -s crazyFunction  
Vivado Simulator v2021.1
Copyright 1986-1999, 2001-2021 Xilinx, Inc. All Rights Reserved.
Running: C:/Xilinx2021/Vivado/2021.1/bin/unwrapped/win64.o/xelab.exe xil_defaultlib.apatb_crazyFunction_top glbl -Oenable_linking_all_libraries -prj crazyFunction.prj -L smartconnect_v1_0 -L axi_protocol_checker_v1_1_12 -L axi_protocol_checker_v1_1_13 -L axis_protocol_checker_v1_1_11 -L axis_protocol_checker_v1_1_12 -L xil_defaultlib -L unisims_ver -L xpm -L floating_point_v7_0_19 -L floating_point_v7_1_12 --lib ieee_proposed=./ieee_proposed -s crazyFunction 
Multi-threading is on. Using 14 slave threads.
INFO: [VRFC 10-2263] Analyzing SystemVerilog file "C:/Users/chenq/MAG/code/vitisHLS/AxiBram/solution1/sim/verilog/ip/xil_defaultlib/crazyFunction_fadd_32ns_32ns_32_5_full_dsp_1_ip.v" into library xil_defaultlib
INFO: [VRFC 10-311] analyzing module crazyFunction_fadd_32ns_32ns_32_5_full_dsp_1_ip
INFO: [VRFC 10-2263] Analyzing SystemVerilog file "C:/Users/chenq/MAG/code/vitisHLS/AxiBram/solution1/sim/verilog/glbl.v" into library work
INFO: [VRFC 10-311] analyzing module glbl
INFO: [VRFC 10-2263] Analyzing SystemVerilog file "C:/Users/chenq/MAG/code/vitisHLS/AxiBram/solution1/sim/verilog/AESL_autobram_res.v" into library xil_defaultlib
INFO: [VRFC 10-311] analyzing module AESL_autobram_res
INFO: [VRFC 10-2263] Analyzing SystemVerilog file "C:/Users/chenq/MAG/code/vitisHLS/AxiBram/solution1/sim/verilog/AESL_autobram_x.v" into library xil_defaultlib
INFO: [VRFC 10-311] analyzing module AESL_autobram_x
INFO: [VRFC 10-2263] Analyzing SystemVerilog file "C:/Users/chenq/MAG/code/vitisHLS/AxiBram/solution1/sim/verilog/AESL_axi_slave_CRTL_BUS.v" into library xil_defaultlib
INFO: [VRFC 10-311] analyzing module AESL_axi_slave_CRTL_BUS
INFO: [VRFC 10-2263] Analyzing SystemVerilog file "C:/Users/chenq/MAG/code/vitisHLS/AxiBram/solution1/sim/verilog/crazyFunction.autotb.v" into library xil_defaultlib
INFO: [VRFC 10-311] analyzing module apatb_crazyFunction_top
INFO: [VRFC 10-2458] undeclared symbol bramx_Rst_A, assumed default net type wire [C:/Users/chenq/MAG/code/vitisHLS/AxiBram/solution1/sim/verilog/crazyFunction.autotb.v:234]
INFO: [VRFC 10-2458] undeclared symbol bramx_Rst_B, assumed default net type wire [C:/Users/chenq/MAG/code/vitisHLS/AxiBram/solution1/sim/verilog/crazyFunction.autotb.v:241]
INFO: [VRFC 10-2458] undeclared symbol bramres_Rst_A, assumed default net type wire [C:/Users/chenq/MAG/code/vitisHLS/AxiBram/solution1/sim/verilog/crazyFunction.autotb.v:279]
INFO: [VRFC 10-2458] undeclared symbol bramres_Rst_B, assumed default net type wire [C:/Users/chenq/MAG/code/vitisHLS/AxiBram/solution1/sim/verilog/crazyFunction.autotb.v:286]
INFO: [VRFC 10-2263] Analyzing SystemVerilog file "C:/Users/chenq/MAG/code/vitisHLS/AxiBram/solution1/sim/verilog/crazyFunction.v" into library xil_defaultlib
INFO: [VRFC 10-311] analyzing module crazyFunction
INFO: [VRFC 10-2263] Analyzing SystemVerilog file "C:/Users/chenq/MAG/code/vitisHLS/AxiBram/solution1/sim/verilog/crazyFunction_CRTL_BUS_s_axi.v" into library xil_defaultlib
INFO: [VRFC 10-311] analyzing module crazyFunction_CRTL_BUS_s_axi
INFO: [VRFC 10-2263] Analyzing SystemVerilog file "C:/Users/chenq/MAG/code/vitisHLS/AxiBram/solution1/sim/verilog/crazyFunction_fadd_32ns_32ns_32_5_full_dsp_1.v" into library xil_defaultlib
INFO: [VRFC 10-311] analyzing module crazyFunction_fadd_32ns_32ns_32_5_full_dsp_1
INFO: [VRFC 10-2263] Analyzing SystemVerilog file "C:/Users/chenq/MAG/code/vitisHLS/AxiBram/solution1/sim/verilog/crazyFunction_flow_control_loop_pipe.v" into library xil_defaultlib
INFO: [VRFC 10-311] analyzing module crazyFunction_flow_control_loop_pipe
INFO: [VRFC 10-2263] Analyzing SystemVerilog file "C:/Users/chenq/MAG/code/vitisHLS/AxiBram/solution1/sim/verilog/dataflow_monitor.sv" into library xil_defaultlib
INFO: [VRFC 10-311] analyzing module dataflow_monitor
Starting static elaboration
Pass Through NonSizing Optimizer
Completed static elaboration
Starting simulation data flow analysis
Completed simulation data flow analysis
Time Resolution for simulation is 1ps
Compiling package std.standard
Compiling package std.textio
Compiling package ieee.std_logic_1164
Compiling package floating_point_v7_1_12.floating_point_v7_1_12_viv_comp
Compiling package ieee.numeric_std
Compiling package xbip_utils_v3_0_10.xbip_utils_v3_0_10_pkg
Compiling package axi_utils_v2_0_6.axi_utils_v2_0_6_pkg
Compiling package floating_point_v7_1_12.floating_point_v7_1_12_consts
Compiling package ieee.math_real
Compiling package floating_point_v7_1_12.floating_point_v7_1_12_exp_table...
Compiling package mult_gen_v12_0_17.mult_gen_v12_0_17_pkg
Compiling package ieee.std_logic_arith
Compiling package ieee.std_logic_signed
Compiling package floating_point_v7_1_12.floating_point_v7_1_12_pkg
Compiling package floating_point_v7_1_12.flt_utils
Compiling package xbip_pipe_v3_0_6.xbip_pipe_v3_0_6_viv_comp
Compiling package unisim.vcomponents
Compiling package ieee.vital_timing
Compiling package ieee.vital_primitives
Compiling package unisim.vpkg
Compiling package xil_defaultlib.$unit_dataflow_monitor_sv
Compiling module xil_defaultlib.crazyFunction_CRTL_BUS_s_axi
Compiling architecture muxcy_v of entity unisim.MUXCY [muxcy_default]
Compiling architecture synth of entity xbip_pipe_v3_0_6.xbip_pipe_v3_0_6_viv [\xbip_pipe_v3_0_6_viv(c_has_ce=1...]
Compiling architecture rtl of entity floating_point_v7_1_12.delay [\delay(width=7,length=0)\]
Compiling architecture struct of entity floating_point_v7_1_12.carry_chain [\carry_chain(c_xdevicefamily="zy...]
Compiling architecture synth of entity floating_point_v7_1_12.compare_eq_im [\compare_eq_im(c_xdevicefamily="...]
Compiling architecture xorcy_v of entity unisim.XORCY [xorcy_default]
Compiling architecture struct of entity floating_point_v7_1_12.carry_chain [\carry_chain(c_xdevicefamily="zy...]
Compiling architecture synth of entity xbip_pipe_v3_0_6.xbip_pipe_v3_0_6_viv [\xbip_pipe_v3_0_6_viv(c_has_ce=1...]
Compiling architecture rtl of entity floating_point_v7_1_12.delay [\delay(length=0)\]
Compiling architecture synth of entity xbip_pipe_v3_0_6.xbip_pipe_v3_0_6_viv [\xbip_pipe_v3_0_6_viv(c_has_ce=1...]
Compiling architecture rtl of entity floating_point_v7_1_12.delay [\delay(width=24,length=0,fast_in...]
Compiling architecture synth of entity xbip_pipe_v3_0_6.xbip_pipe_v3_0_6_viv [\xbip_pipe_v3_0_6_viv(c_has_ce=1...]
Compiling architecture rtl of entity floating_point_v7_1_12.delay [\delay(width=16,length=0)\]
Compiling architecture dsp48e1_v of entity unisim.DSP48E1 [\DSP48E1(acascreg=0,adreg=0,alum...]
Compiling architecture synth of entity xbip_pipe_v3_0_6.xbip_pipe_v3_0_6_viv [\xbip_pipe_v3_0_6_viv(c_has_ce=1...]
Compiling architecture rtl of entity floating_point_v7_1_12.delay [\delay(width=4,length=0)\]
Compiling architecture synth of entity xbip_pipe_v3_0_6.xbip_pipe_v3_0_6_viv [\xbip_pipe_v3_0_6_viv(c_has_ce=1...]
Compiling architecture rtl of entity floating_point_v7_1_12.delay [\delay(width=48,length=0)\]
Compiling architecture synth of entity xbip_pipe_v3_0_6.xbip_pipe_v3_0_6_viv [\xbip_pipe_v3_0_6_viv(c_has_ce=1...]
Compiling architecture rtl of entity floating_point_v7_1_12.delay [\delay(width=24,length=0)\]
Compiling architecture rtl of entity floating_point_v7_1_12.dsp48e1_wrapper [\dsp48e1_wrapper(c_part="xc7z020...]
Compiling architecture synth of entity xbip_pipe_v3_0_6.xbip_pipe_v3_0_6_viv [\xbip_pipe_v3_0_6_viv(c_latency=...]
Compiling architecture rtl of entity floating_point_v7_1_12.delay [delay_default]
Compiling architecture synth of entity xbip_pipe_v3_0_6.xbip_pipe_v3_0_6_viv [\xbip_pipe_v3_0_6_viv(c_has_ce=1...]
Compiling architecture rtl of entity floating_point_v7_1_12.delay [\delay(width=13,length=0)\]
Compiling architecture synth of entity xbip_pipe_v3_0_6.xbip_pipe_v3_0_6_viv [\xbip_pipe_v3_0_6_viv(c_has_ce=1...]
Compiling architecture rtl of entity floating_point_v7_1_12.delay [\delay(width=27,length=0)\]
Compiling architecture synth of entity floating_point_v7_1_12.align_add_dsp48e1_sgl [\align_add_dsp48e1_sgl(c_xdevice...]
Compiling architecture lut5_v of entity unisim.LUT5 [\LUT5(init="00000000000000001111...]
Compiling architecture lut5_v of entity unisim.LUT5 [\LUT5(init="00000000000000000000...]
Compiling architecture synth of entity xbip_pipe_v3_0_6.xbip_pipe_v3_0_6_viv [\xbip_pipe_v3_0_6_viv(c_has_ce=1...]
Compiling architecture rtl of entity floating_point_v7_1_12.delay [\delay(width=5,length=0)\]
Compiling architecture rtl of entity floating_point_v7_1_12.lead_zero_encode_shift [\lead_zero_encode_shift(ab_fw=24...]
Compiling architecture synth of entity xbip_pipe_v3_0_6.xbip_pipe_v3_0_6_viv [\xbip_pipe_v3_0_6_viv(c_has_ce=1...]
Compiling architecture rtl of entity floating_point_v7_1_12.delay [\delay(width=3,length=0)\]
Compiling architecture lut6_v of entity unisim.LUT6 [\LUT6(init="11111110010101001011...]
Compiling architecture lut5_v of entity unisim.LUT5 [\LUT5(init="00010001010111110000...]
Compiling architecture lut5_v of entity unisim.LUT5 [\LUT5(init="11101110101000001111...]
Compiling architecture synth of entity xbip_pipe_v3_0_6.xbip_pipe_v3_0_6_viv [\xbip_pipe_v3_0_6_viv(c_latency=...]
Compiling architecture rtl of entity floating_point_v7_1_12.delay [\delay(width=2)\]
Compiling architecture dsp48e1_v of entity unisim.DSP48E1 [\DSP48E1(adreg=0,alumodereg=0,ca...]
Compiling architecture synth of entity xbip_pipe_v3_0_6.xbip_pipe_v3_0_6_viv [\xbip_pipe_v3_0_6_viv(c_has_ce=1...]
Compiling architecture rtl of entity floating_point_v7_1_12.delay [\delay(width=25,length=0)\]
Compiling architecture rtl of entity floating_point_v7_1_12.dsp48e1_wrapper [\dsp48e1_wrapper(a_width=24,c_wi...]
Compiling architecture rtl of entity floating_point_v7_1_12.norm_and_round_dsp48e1_sgl [\norm_and_round_dsp48e1_sgl(c_mu...]
Compiling architecture lut5_v of entity unisim.LUT5 [\LUT5(init="10011001100110011001...]
Compiling architecture lut5_v of entity unisim.LUT5 [\LUT5(init="11111111000000001111...]
Compiling architecture synth of entity xbip_pipe_v3_0_6.xbip_pipe_v3_0_6_viv [\xbip_pipe_v3_0_6_viv(c_has_ce=1...]
Compiling architecture rtl of entity floating_point_v7_1_12.delay [\delay(width=9,length=0)\]
Compiling architecture struct of entity floating_point_v7_1_12.carry_chain [\carry_chain(c_xdevicefamily="zy...]
Compiling architecture synth of entity xbip_pipe_v3_0_6.xbip_pipe_v3_0_6_viv [\xbip_pipe_v3_0_6_viv(c_has_ce=1...]
Compiling architecture rtl of entity floating_point_v7_1_12.delay [\delay(width=8,length=0)\]
Compiling architecture synth of entity xbip_pipe_v3_0_6.xbip_pipe_v3_0_6_viv [\xbip_pipe_v3_0_6_viv(c_latency=...]
Compiling architecture rtl of entity floating_point_v7_1_12.delay [\delay(width=10)\]
Compiling architecture synth of entity xbip_pipe_v3_0_6.xbip_pipe_v3_0_6_viv [\xbip_pipe_v3_0_6_viv(c_has_ce=1...]
Compiling architecture rtl of entity floating_point_v7_1_12.delay [\delay(width=4,length=0,fast_inp...]
Compiling architecture fdre_v of entity unisim.FDRE [fdre_default]
Compiling architecture fde_v of entity unisim.FDE [fde_default]
Compiling architecture struct of entity floating_point_v7_1_12.carry_chain [\carry_chain(c_xdevicefamily="zy...]
Compiling architecture synth of entity floating_point_v7_1_12.compare_eq_im [\compare_eq_im(c_xdevicefamily="...]
Compiling architecture synth of entity xbip_pipe_v3_0_6.xbip_pipe_v3_0_6_viv [\xbip_pipe_v3_0_6_viv(c_latency=...]
Compiling architecture rtl of entity floating_point_v7_1_12.delay [\delay(fast_input=true)\]
Compiling architecture rtl of entity floating_point_v7_1_12.special_detect [\special_detect(c_xdevicefamily=...]
Compiling architecture struct of entity floating_point_v7_1_12.carry_chain [\carry_chain(c_xdevicefamily="zy...]
Compiling architecture synth of entity floating_point_v7_1_12.compare_gt [\compare_gt(c_xdevicefamily="zyn...]
Compiling architecture synth of entity floating_point_v7_1_12.compare [\compare(c_xdevicefamily="zynq",...]
Compiling architecture synth of entity xbip_pipe_v3_0_6.xbip_pipe_v3_0_6_viv [\xbip_pipe_v3_0_6_viv(c_latency=...]
Compiling architecture rtl of entity floating_point_v7_1_12.delay [\delay(width=8)\]
Compiling architecture synth of entity xbip_pipe_v3_0_6.xbip_pipe_v3_0_6_viv [\xbip_pipe_v3_0_6_viv(c_latency=...]
Compiling architecture rtl of entity floating_point_v7_1_12.delay [\delay(width=9)\]
Compiling architecture synth of entity xbip_pipe_v3_0_6.xbip_pipe_v3_0_6_viv [\xbip_pipe_v3_0_6_viv(c_latency=...]
Compiling architecture rtl of entity floating_point_v7_1_12.delay [\delay(width=2,length=2,fast_inp...]
Compiling architecture synth of entity xbip_pipe_v3_0_6.xbip_pipe_v3_0_6_viv [\xbip_pipe_v3_0_6_viv(c_latency=...]
Compiling architecture rtl of entity floating_point_v7_1_12.delay [\delay(length=2,fast_input=true)...]
Compiling architecture synth of entity xbip_pipe_v3_0_6.xbip_pipe_v3_0_6_viv [\xbip_pipe_v3_0_6_viv(c_has_ce=1...]
Compiling architecture rtl of entity floating_point_v7_1_12.delay [\delay(length=0,fast_input=true)...]
Compiling architecture synth of entity xbip_pipe_v3_0_6.xbip_pipe_v3_0_6_viv [\xbip_pipe_v3_0_6_viv(c_has_ce=1...]
Compiling architecture rtl of entity floating_point_v7_1_12.delay [\delay(width=2,length=0,fast_inp...]
Compiling architecture synth of entity xbip_pipe_v3_0_6.xbip_pipe_v3_0_6_viv [\xbip_pipe_v3_0_6_viv(c_has_ce=1...]
Compiling architecture rtl of entity floating_point_v7_1_12.delay [\delay(width=12,length=0)\]
Compiling architecture rtl of entity floating_point_v7_1_12.flt_add_exp_sp [\flt_add_exp_sp(c_xdevicefamily=...]
Compiling architecture synth of entity xbip_pipe_v3_0_6.xbip_pipe_v3_0_6_viv [\xbip_pipe_v3_0_6_viv(c_latency=...]
Compiling architecture rtl of entity floating_point_v7_1_12.delay [\delay(width=23)\]
Compiling architecture synth of entity floating_point_v7_1_12.flt_dec_op [\flt_dec_op(c_xdevicefamily="zyn...]
Compiling architecture rtl of entity floating_point_v7_1_12.flt_add_dsp [\flt_add_dsp(c_xdevicefamily="zy...]
Compiling architecture rtl of entity floating_point_v7_1_12.flt_add [\flt_add(c_xdevicefamily="zynq",...]
Compiling module unisims_ver.x_lut1_mux2
Compiling module unisims_ver.LUT1
Compiling architecture synth of entity xbip_pipe_v3_0_6.xbip_pipe_v3_0_6_viv [\xbip_pipe_v3_0_6_viv(c_latency=...]
Compiling architecture synth of entity xbip_pipe_v3_0_6.xbip_pipe_v3_0_6_viv [\xbip_pipe_v3_0_6_viv(c_has_ce=1...]
Compiling architecture rtl of entity floating_point_v7_1_12.delay [\delay(width=32,length=0)\]
Compiling architecture xilinx of entity floating_point_v7_1_12.floating_point_v7_1_12_viv [\floating_point_v7_1_12_viv(c_xd...]
Compiling architecture xilinx of entity floating_point_v7_1_12.floating_point_v7_1_12 [\floating_point_v7_1_12(c_xdevic...]
Compiling module xil_defaultlib.crazyFunction_fadd_32ns_32ns_32_...
Compiling module xil_defaultlib.crazyFunction_fadd_32ns_32ns_32_...
Compiling module xil_defaultlib.crazyFunction_flow_control_loop_...
Compiling module xil_defaultlib.crazyFunction
Compiling module xil_defaultlib.AESL_autobram_x
Compiling module xil_defaultlib.AESL_autobram_res
Compiling module xil_defaultlib.AESL_axi_slave_CRTL_BUS
Compiling module xil_defaultlib.nodf_module_intf
Compiling module xil_defaultlib.upc_loop_intf(FSM_WIDTH=1)
Compiling module xil_defaultlib.dataflow_monitor_1
Compiling module xil_defaultlib.apatb_crazyFunction_top
Compiling module work.glbl
Built simulation snapshot crazyFunction

****** Webtalk v2021.1 (64-bit)
  **** SW Build 3247384 on Thu Jun 10 19:36:33 MDT 2021
  **** IP Build 3246043 on Fri Jun 11 00:30:35 MDT 2021
    ** Copyright 1986-2021 Xilinx, Inc. All Rights Reserved.

source C:/Users/chenq/MAG/code/vitisHLS/AxiBram/solution1/sim/verilog/xsim.dir/crazyFunction/webtalk/xsim_webtalk.tcl -notrace
INFO: [Common 17-206] Exiting Webtalk at Mon Sep 11 15:07:31 2023...

****** xsim v2021.1 (64-bit)
  **** SW Build 3247384 on Thu Jun 10 19:36:33 MDT 2021
  **** IP Build 3246043 on Fri Jun 11 00:30:35 MDT 2021
    ** Copyright 1986-2021 Xilinx, Inc. All Rights Reserved.

source xsim.dir/crazyFunction/xsim_script.tcl
# xsim {crazyFunction} -autoloadwcfg -tclbatch {crazyFunction.tcl}
Time resolution is 1 ps
source crazyFunction.tcl
## run all
////////////////////////////////////////////////////////////////////////////////////
// Inter-Transaction Progress: Completed Transaction / Total Transaction
// Intra-Transaction Progress: Measured Latency / Latency Estimation * 100%
//
// RTL Simulation : "Inter-Transaction Progress" ["Intra-Transaction Progress"] @ "Simulation Time"
////////////////////////////////////////////////////////////////////////////////////
// RTL Simulation : 0 / 1 [0.00%] @ "125000"
Warning: OPMODE Input Warning : The OPMODE 0110X0X with CARRYINSEL  000 to DSP48E1 instance is invalid.
Time: 1245 ns  Iteration: 11  Process: /apatb_crazyFunction_top/AESL_inst_crazyFunction/fadd_32ns_32ns_32_5_full_dsp_1_U1/crazyFunction_fadd_32ns_32ns_32_5_full_dsp_1_ip_u/inst/i_synth/addsub_op/ADDSUB/dsp/OP/dsp48e1_body/ALIGN_ADD/DSP2/i_no_versal_es1_workaround/DSP/prcs_opmode_drc  File: C:/Xilinx2021/Vivado/2021.1/data/vhdl/src/unisims/primitive/DSP48E1.vhd
// RTL Simulation : 1 / 1 [100.00%] @ "1385000"
////////////////////////////////////////////////////////////////////////////////////
$finish called at time : 1445 ns : File "C:/Users/chenq/MAG/code/vitisHLS/AxiBram/solution1/sim/verilog/crazyFunction.autotb.v" Line 390
## quit
INFO: [Common 17-206] Exiting xsim at Mon Sep 11 15:07:36 2023...
Result[0]=1.000000
Result[1]=2.000000
Result[2]=3.000000
Result[3]=4.000000
Result[4]=5.000000
Result[5]=6.000000
Result[6]=7.000000
Result[7]=8.000000
Result[8]=9.000000
Result[9]=10.000000
Result[10]=11.000000
Result[11]=12.000000
Result[12]=13.000000
Result[13]=14.000000
Result[14]=15.000000
Result[15]=16.000000
Result[16]=17.000000
Result[17]=18.000000
Result[18]=19.000000
Result[19]=20.000000
Result[20]=21.000000
Result[21]=22.000000
Result[22]=23.000000
Result[23]=24.000000
Result[24]=25.000000
Result[25]=26.000000
Result[26]=27.000000
Result[27]=28.000000
Result[28]=29.000000
Result[29]=30.000000
Result[30]=31.000000
Result[31]=32.000000
Result[32]=33.000000
Result[33]=34.000000
Result[34]=35.000000
Result[35]=36.000000
Result[36]=37.000000
Result[37]=38.000000
Result[38]=39.000000
Result[39]=40.000000
Result[40]=41.000000
Result[41]=42.000000
Result[42]=43.000000
Result[43]=44.000000
Result[44]=45.000000
Result[45]=46.000000
Result[46]=47.000000
Result[47]=48.000000
Result[48]=49.000000
Result[49]=50.000000
Result[50]=51.000000
Result[51]=52.000000
Result[52]=53.000000
Result[53]=54.000000
Result[54]=55.000000
Result[55]=56.000000
Result[56]=57.000000
Result[57]=58.000000
Result[58]=59.000000
Result[59]=60.000000
Result[60]=61.000000
Result[61]=62.000000
Result[62]=63.000000
Result[63]=64.000000
Result[64]=65.000000
Result[65]=66.000000
Result[66]=67.000000
Result[67]=68.000000
Result[68]=69.000000
Result[69]=70.000000
Result[70]=71.000000
Result[71]=72.000000
Result[72]=73.000000
Result[73]=74.000000
Result[74]=75.000000
Result[75]=76.000000
Result[76]=77.000000
Result[77]=78.000000
Result[78]=79.000000
Result[79]=80.000000
Result[80]=81.000000
Result[81]=82.000000
Result[82]=83.000000
Result[83]=84.000000
Result[84]=85.000000
Result[85]=86.000000
Result[86]=87.000000
Result[87]=88.000000
Result[88]=89.000000
Result[89]=90.000000
Result[90]=91.000000
Result[91]=92.000000
Result[92]=93.000000
Result[93]=94.000000
Result[94]=95.000000
Result[95]=96.000000
Result[96]=97.000000
Result[97]=98.000000
Result[98]=99.000000
Result[99]=100.000000
