==============================================================
Vivado(TM) HLS - High-Level Synthesis from C, C++ and SystemC v2019.1 (64-bit)
Copyright 1986-2019 Xilinx, Inc. All Rights Reserved.
==============================================================
INFO: [SYN 201-201] Setting up clock 'default' with a period of 20ns.
INFO: [HLS 200-10] Setting target device to 'xc7z020-clg400-1'
INFO: [SCHED 204-61] Option 'relax_ii_for_timing' is enabled, will increase II to preserve clock frequency constraints.
INFO: [HLS 200-10] Analyzing design file 'cnn/max_pool_2.cpp' ... 
INFO: [HLS 200-10] Analyzing design file 'cnn/max_pool_1.cpp' ... 
INFO: [HLS 200-10] Analyzing design file 'cnn/flat.cpp' ... 
INFO: [HLS 200-10] Analyzing design file 'cnn/dense_out.cpp' ... 
INFO: [HLS 200-10] Analyzing design file 'cnn/dense_2.cpp' ... 
INFO: [HLS 200-10] Analyzing design file 'cnn/dense_1.cpp' ... 
INFO: [HLS 200-10] Analyzing design file 'cnn/conv_2.cpp' ... 
INFO: [HLS 200-10] Analyzing design file 'cnn/conv_1.cpp' ... 
INFO: [HLS 200-10] Analyzing design file 'cnn/cnn.cpp' ... 
INFO: [HLS 200-111] Finished Linking Time (s): cpu = 00:00:01 ; elapsed = 00:00:38 . Memory (MB): peak = 186.133 ; gain = 94.566
INFO: [HLS 200-111] Finished Checking Pragmas Time (s): cpu = 00:00:01 ; elapsed = 00:00:38 . Memory (MB): peak = 186.133 ; gain = 94.566
INFO: [HLS 200-10] Starting code transformations ...
INFO: [HLS 200-111] Finished Standard Transforms Time (s): cpu = 00:00:01 ; elapsed = 00:00:39 . Memory (MB): peak = 186.133 ; gain = 94.566
INFO: [HLS 200-10] Checking synthesizability ...
INFO: [XFORM 203-602] Inlining function 'dense_1' into 'cnn' (cnn/cnn.cpp:58) automatically.
INFO: [XFORM 203-602] Inlining function 'dense_2' into 'cnn' (cnn/cnn.cpp:63) automatically.
INFO: [HLS 200-111] Finished Checking Synthesizability Time (s): cpu = 00:00:01 ; elapsed = 00:00:39 . Memory (MB): peak = 186.133 ; gain = 94.566
INFO: [XFORM 203-502] Unrolling all sub-loops inside loop 'Filter2_Loop' (cnn/conv_2.cpp:15) in function 'conv_2' for pipelining.
INFO: [XFORM 203-501] Unrolling loop 'Filter2_Loop' (cnn/conv_2.cpp:15) in function 'conv_2' partially with a factor of 4.
INFO: [HLS 200-489] Unrolling loop 'W_Row_Loop' (cnn/conv_2.cpp:19) in function 'conv_2' completely with a factor of 3.
INFO: [HLS 200-489] Unrolling loop 'W_Col_Loop' (cnn/conv_2.cpp:22) in function 'conv_2' completely with a factor of 3.
INFO: [HLS 200-489] Unrolling loop 'Filter1_Loop' (cnn/conv_2.cpp:25) in function 'conv_2' completely with a factor of 6.
INFO: [XFORM 203-102] Partitioning array 'conv_2_weights' in dimension 1 automatically.
INFO: [XFORM 203-102] Partitioning array 'conv_2_weights.0' in dimension 1 automatically.
INFO: [XFORM 203-102] Partitioning array 'conv_2_weights.0.0' in dimension 1 automatically.
INFO: [XFORM 203-102] Partitioning array 'conv_2_weights.0.1' in dimension 1 automatically.
INFO: [XFORM 203-102] Partitioning array 'conv_2_weights.0.2' in dimension 1 automatically.
INFO: [XFORM 203-102] Partitioning array 'conv_2_weights.1' in dimension 1 automatically.
INFO: [XFORM 203-102] Partitioning array 'conv_2_weights.1.0' in dimension 1 automatically.
INFO: [XFORM 203-102] Partitioning array 'conv_2_weights.1.1' in dimension 1 automatically.
INFO: [XFORM 203-102] Partitioning array 'conv_2_weights.1.2' in dimension 1 automatically.
INFO: [XFORM 203-102] Partitioning array 'conv_2_weights.2' in dimension 1 automatically.
INFO: [XFORM 203-102] Partitioning array 'conv_2_weights.2.0' in dimension 1 automatically.
INFO: [XFORM 203-102] Partitioning array 'conv_2_weights.2.1' in dimension 1 automatically.
INFO: [XFORM 203-102] Partitioning array 'conv_2_weights.2.2' in dimension 1 automatically.
INFO: [XFORM 203-101] Partitioning array 'max_pool_1_out'  in dimension 3 completely.
INFO: [XFORM 203-602] Inlining function 'dense_1' into 'cnn' (cnn/cnn.cpp:58) automatically.
INFO: [XFORM 203-602] Inlining function 'dense_2' into 'cnn' (cnn/cnn.cpp:63) automatically.
INFO: [HLS 200-111] Finished Pre-synthesis Time (s): cpu = 00:00:02 ; elapsed = 00:00:40 . Memory (MB): peak = 186.133 ; gain = 94.566
INFO: [XFORM 203-541] Flattening a loop nest 'Col_Loop' (cnn/conv_2.cpp:12:10) in function 'conv_2'.
INFO: [XFORM 203-541] Flattening a loop nest 'Row_Loop' (cnn/conv_2.cpp:9:6) in function 'conv_2'.
INFO: [HLS 200-111] Finished Architecture Synthesis Time (s): cpu = 00:00:08 ; elapsed = 00:00:46 . Memory (MB): peak = 244.477 ; gain = 152.910
INFO: [HLS 200-10] Starting hardware synthesis ...
INFO: [HLS 200-10] Synthesizing 'cnn' ...
INFO: [HLS 200-10] ----------------------------------------------------------------
INFO: [HLS 200-42] -- Implementing module 'conv_1' 
INFO: [HLS 200-10] ----------------------------------------------------------------
INFO: [SCHED 204-11] Starting scheduling ...
INFO: [SCHED 204-11] Finished scheduling.
INFO: [HLS 200-111]  Elapsed time: 46.022 seconds; current allocated memory: 188.449 MB.
INFO: [HLS 200-434] Only 0 loops out of a total 5 loops have been pipelined in this design.
INFO: [BIND 205-100] Starting micro-architecture generation ...
INFO: [BIND 205-101] Performing variable lifetime analysis.
INFO: [BIND 205-101] Exploring resource sharing.
INFO: [BIND 205-101] Binding ...
INFO: [BIND 205-100] Finished micro-architecture generation.
INFO: [HLS 200-111]  Elapsed time: 0.096 seconds; current allocated memory: 188.824 MB.
INFO: [HLS 200-10] ----------------------------------------------------------------
INFO: [HLS 200-42] -- Implementing module 'max_pool_1' 
INFO: [HLS 200-10] ----------------------------------------------------------------
INFO: [SCHED 204-11] Starting scheduling ...
INFO: [SCHED 204-11] Finished scheduling.
INFO: [HLS 200-111]  Elapsed time: 0.129 seconds; current allocated memory: 189.198 MB.
INFO: [BIND 205-100] Starting micro-architecture generation ...
INFO: [BIND 205-101] Performing variable lifetime analysis.
INFO: [BIND 205-101] Exploring resource sharing.
INFO: [BIND 205-101] Binding ...
INFO: [BIND 205-100] Finished micro-architecture generation.
INFO: [HLS 200-111]  Elapsed time: 0.087 seconds; current allocated memory: 189.579 MB.
INFO: [HLS 200-10] ----------------------------------------------------------------
INFO: [HLS 200-42] -- Implementing module 'conv_2' 
INFO: [HLS 200-10] ----------------------------------------------------------------
INFO: [SCHED 204-11] Starting scheduling ...
INFO: [SCHED 204-61] Pipelining loop 'Row_Loop_Col_Loop_Filter2_Loop'.
WARNING: [SCHED 204-69] Unable to schedule 'load' operation ('max_pool_1_out_0_loa_2', cnn/conv_2.cpp:26) on array 'max_pool_1_out_0' due to limited memory ports. Please consider using a memory core with more ports or partitioning the array 'max_pool_1_out_0'.
INFO: [SCHED 204-61] Pipelining result : Target II = 1, Final II = 5, Depth = 227.
INFO: [SCHED 204-11] Finished scheduling.
INFO: [HLS 200-111]  Elapsed time: 2.529 seconds; current allocated memory: 193.016 MB.
INFO: [BIND 205-100] Starting micro-architecture generation ...
INFO: [BIND 205-101] Performing variable lifetime analysis.
INFO: [BIND 205-101] Exploring resource sharing.
INFO: [BIND 205-101] Binding ...
INFO: [BIND 205-100] Finished micro-architecture generation.
INFO: [HLS 200-111]  Elapsed time: 1.037 seconds; current allocated memory: 199.751 MB.
INFO: [HLS 200-10] ----------------------------------------------------------------
INFO: [HLS 200-42] -- Implementing module 'max_pool_2' 
INFO: [HLS 200-10] ----------------------------------------------------------------
INFO: [SCHED 204-11] Starting scheduling ...
INFO: [SCHED 204-11] Finished scheduling.
INFO: [HLS 200-111]  Elapsed time: 1.032 seconds; current allocated memory: 200.066 MB.
INFO: [BIND 205-100] Starting micro-architecture generation ...
INFO: [BIND 205-101] Performing variable lifetime analysis.
INFO: [BIND 205-101] Exploring resource sharing.
INFO: [BIND 205-101] Binding ...
INFO: [BIND 205-100] Finished micro-architecture generation.
INFO: [HLS 200-111]  Elapsed time: 0.101 seconds; current allocated memory: 200.341 MB.
INFO: [HLS 200-10] ----------------------------------------------------------------
INFO: [HLS 200-42] -- Implementing module 'flat' 
INFO: [HLS 200-10] ----------------------------------------------------------------
INFO: [SCHED 204-11] Starting scheduling ...
INFO: [SCHED 204-11] Finished scheduling.
INFO: [HLS 200-111]  Elapsed time: 0.146 seconds; current allocated memory: 200.461 MB.
INFO: [BIND 205-100] Starting micro-architecture generation ...
INFO: [BIND 205-101] Performing variable lifetime analysis.
INFO: [BIND 205-101] Exploring resource sharing.
INFO: [BIND 205-101] Binding ...
INFO: [BIND 205-100] Finished micro-architecture generation.
INFO: [HLS 200-111]  Elapsed time: 0.075 seconds; current allocated memory: 200.660 MB.
INFO: [HLS 200-10] ----------------------------------------------------------------
INFO: [HLS 200-42] -- Implementing module 'soft_max' 
INFO: [HLS 200-10] ----------------------------------------------------------------
INFO: [SCHED 204-11] Starting scheduling ...
INFO: [SCHED 204-11] Finished scheduling.
INFO: [HLS 200-111]  Elapsed time: 0.091 seconds; current allocated memory: 200.795 MB.
INFO: [BIND 205-100] Starting micro-architecture generation ...
INFO: [BIND 205-101] Performing variable lifetime analysis.
INFO: [BIND 205-101] Exploring resource sharing.
INFO: [BIND 205-101] Binding ...
INFO: [BIND 205-100] Finished micro-architecture generation.
INFO: [HLS 200-111]  Elapsed time: 0.078 seconds; current allocated memory: 200.950 MB.
INFO: [HLS 200-10] ----------------------------------------------------------------
INFO: [HLS 200-42] -- Implementing module 'dense_out' 
INFO: [HLS 200-10] ----------------------------------------------------------------
INFO: [SCHED 204-11] Starting scheduling ...
INFO: [SCHED 204-11] Finished scheduling.
INFO: [HLS 200-111]  Elapsed time: 0.098 seconds; current allocated memory: 201.062 MB.
INFO: [BIND 205-100] Starting micro-architecture generation ...
INFO: [BIND 205-101] Performing variable lifetime analysis.
INFO: [BIND 205-101] Exploring resource sharing.
INFO: [BIND 205-101] Binding ...
INFO: [BIND 205-100] Finished micro-architecture generation.
INFO: [HLS 200-111]  Elapsed time: 0.081 seconds; current allocated memory: 201.237 MB.
INFO: [HLS 200-10] ----------------------------------------------------------------
INFO: [HLS 200-42] -- Implementing module 'cnn' 
INFO: [HLS 200-10] ----------------------------------------------------------------
INFO: [SCHED 204-11] Starting scheduling ...
INFO: [SCHED 204-11] Finished scheduling.
INFO: [HLS 200-111]  Elapsed time: 0.132 seconds; current allocated memory: 201.595 MB.
INFO: [BIND 205-100] Starting micro-architecture generation ...
INFO: [BIND 205-101] Performing variable lifetime analysis.
INFO: [BIND 205-101] Exploring resource sharing.
INFO: [BIND 205-101] Binding ...
INFO: [BIND 205-100] Finished micro-architecture generation.
INFO: [HLS 200-111]  Elapsed time: 0.804 seconds; current allocated memory: 202.484 MB.
INFO: [HLS 200-10] ----------------------------------------------------------------
INFO: [HLS 200-10] -- Generating RTL for module 'conv_1' 
INFO: [HLS 200-10] ----------------------------------------------------------------
INFO: [SYN 201-210] Renamed object name 'conv_1_conv_1_weights' to 'conv_1_conv_1_weibkb' due to the length limit 20
INFO: [SYN 201-210] Renamed object name 'cnn_fadd_32ns_32ns_32_4_full_dsp_1' to 'cnn_fadd_32ns_32ncud' due to the length limit 20
INFO: [SYN 201-210] Renamed object name 'cnn_fmul_32ns_32ns_32_2_max_dsp_1' to 'cnn_fmul_32ns_32ndEe' due to the length limit 20
INFO: [SYN 201-210] Renamed object name 'cnn_fcmp_32ns_32ns_1_2_1' to 'cnn_fcmp_32ns_32neOg' due to the length limit 20
INFO: [RTGEN 206-100] Generating core module 'cnn_fadd_32ns_32ncud': 1 instance(s).
INFO: [RTGEN 206-100] Generating core module 'cnn_fcmp_32ns_32neOg': 1 instance(s).
INFO: [RTGEN 206-100] Generating core module 'cnn_fmul_32ns_32ndEe': 1 instance(s).
INFO: [RTGEN 206-100] Finished creating RTL model for 'conv_1'.
INFO: [HLS 200-111]  Elapsed time: 0.586 seconds; current allocated memory: 203.332 MB.
INFO: [HLS 200-10] ----------------------------------------------------------------
INFO: [HLS 200-10] -- Generating RTL for module 'max_pool_1' 
INFO: [HLS 200-10] ----------------------------------------------------------------
INFO: [RTGEN 206-100] Generating core module 'cnn_fcmp_32ns_32neOg': 1 instance(s).
INFO: [RTGEN 206-100] Finished creating RTL model for 'max_pool_1'.
INFO: [HLS 200-111]  Elapsed time: 0.329 seconds; current allocated memory: 204.087 MB.
INFO: [HLS 200-10] ----------------------------------------------------------------
INFO: [HLS 200-10] -- Generating RTL for module 'conv_2' 
INFO: [HLS 200-10] ----------------------------------------------------------------
INFO: [SYN 201-210] Renamed object name 'conv_2_conv_2_weights_0_0_0' to 'conv_2_conv_2_weifYi' due to the length limit 20
INFO: [SYN 201-210] Renamed object name 'conv_2_conv_2_weights_0_0_1' to 'conv_2_conv_2_weig8j' due to the length limit 20
INFO: [SYN 201-210] Renamed object name 'conv_2_conv_2_weights_0_0_2' to 'conv_2_conv_2_weihbi' due to the length limit 20
INFO: [SYN 201-210] Renamed object name 'conv_2_conv_2_weights_0_0_3' to 'conv_2_conv_2_weiibs' due to the length limit 20
INFO: [SYN 201-210] Renamed object name 'conv_2_conv_2_weights_0_0_4' to 'conv_2_conv_2_weijbC' due to the length limit 20
INFO: [SYN 201-210] Renamed object name 'conv_2_conv_2_weights_0_0_5' to 'conv_2_conv_2_weikbM' due to the length limit 20
INFO: [SYN 201-210] Renamed object name 'conv_2_conv_2_weights_0_1_0' to 'conv_2_conv_2_weilbW' due to the length limit 20
INFO: [SYN 201-210] Renamed object name 'conv_2_conv_2_weights_0_1_1' to 'conv_2_conv_2_weimb6' due to the length limit 20
INFO: [SYN 201-210] Renamed object name 'conv_2_conv_2_weights_0_1_2' to 'conv_2_conv_2_weincg' due to the length limit 20
INFO: [SYN 201-210] Renamed object name 'conv_2_conv_2_weights_0_1_3' to 'conv_2_conv_2_weiocq' due to the length limit 20
INFO: [SYN 201-210] Renamed object name 'conv_2_conv_2_weights_0_1_4' to 'conv_2_conv_2_weipcA' due to the length limit 20
INFO: [SYN 201-210] Renamed object name 'conv_2_conv_2_weights_0_1_5' to 'conv_2_conv_2_weiqcK' due to the length limit 20
INFO: [SYN 201-210] Renamed object name 'conv_2_conv_2_weights_0_2_0' to 'conv_2_conv_2_weircU' due to the length limit 20
INFO: [SYN 201-210] Renamed object name 'conv_2_conv_2_weights_0_2_1' to 'conv_2_conv_2_weisc4' due to the length limit 20
INFO: [SYN 201-210] Renamed object name 'conv_2_conv_2_weights_0_2_2' to 'conv_2_conv_2_weitde' due to the length limit 20
INFO: [SYN 201-210] Renamed object name 'conv_2_conv_2_weights_0_2_3' to 'conv_2_conv_2_weiudo' due to the length limit 20
INFO: [SYN 201-210] Renamed object name 'conv_2_conv_2_weights_0_2_4' to 'conv_2_conv_2_weivdy' due to the length limit 20
INFO: [SYN 201-210] Renamed object name 'conv_2_conv_2_weights_0_2_5' to 'conv_2_conv_2_weiwdI' due to the length limit 20
INFO: [SYN 201-210] Renamed object name 'conv_2_conv_2_weights_1_0_0' to 'conv_2_conv_2_weixdS' due to the length limit 20
INFO: [SYN 201-210] Renamed object name 'conv_2_conv_2_weights_1_0_1' to 'conv_2_conv_2_weiyd2' due to the length limit 20
INFO: [SYN 201-210] Renamed object name 'conv_2_conv_2_weights_1_0_2' to 'conv_2_conv_2_weizec' due to the length limit 20
INFO: [SYN 201-210] Renamed object name 'conv_2_conv_2_weights_1_0_3' to 'conv_2_conv_2_weiAem' due to the length limit 20
INFO: [SYN 201-210] Renamed object name 'conv_2_conv_2_weights_1_0_4' to 'conv_2_conv_2_weiBew' due to the length limit 20
INFO: [SYN 201-210] Renamed object name 'conv_2_conv_2_weights_1_0_5' to 'conv_2_conv_2_weiCeG' due to the length limit 20
INFO: [SYN 201-210] Renamed object name 'conv_2_conv_2_weights_1_1_0' to 'conv_2_conv_2_weiDeQ' due to the length limit 20
INFO: [SYN 201-210] Renamed object name 'conv_2_conv_2_weights_1_1_1' to 'conv_2_conv_2_weiEe0' due to the length limit 20
INFO: [SYN 201-210] Renamed object name 'conv_2_conv_2_weights_1_1_2' to 'conv_2_conv_2_weiFfa' due to the length limit 20
INFO: [SYN 201-210] Renamed object name 'conv_2_conv_2_weights_1_1_3' to 'conv_2_conv_2_weiGfk' due to the length limit 20
INFO: [SYN 201-210] Renamed object name 'conv_2_conv_2_weights_1_1_4' to 'conv_2_conv_2_weiHfu' due to the length limit 20
INFO: [SYN 201-210] Renamed object name 'conv_2_conv_2_weights_1_1_5' to 'conv_2_conv_2_weiIfE' due to the length limit 20
INFO: [SYN 201-210] Renamed object name 'conv_2_conv_2_weights_1_2_0' to 'conv_2_conv_2_weiJfO' due to the length limit 20
INFO: [SYN 201-210] Renamed object name 'conv_2_conv_2_weights_1_2_1' to 'conv_2_conv_2_weiKfY' due to the length limit 20
INFO: [SYN 201-210] Renamed object name 'conv_2_conv_2_weights_1_2_2' to 'conv_2_conv_2_weiLf8' due to the length limit 20
INFO: [SYN 201-210] Renamed object name 'conv_2_conv_2_weights_1_2_3' to 'conv_2_conv_2_weiMgi' due to the length limit 20
INFO: [SYN 201-210] Renamed object name 'conv_2_conv_2_weights_1_2_4' to 'conv_2_conv_2_weiNgs' due to the length limit 20
INFO: [SYN 201-210] Renamed object name 'conv_2_conv_2_weights_1_2_5' to 'conv_2_conv_2_weiOgC' due to the length limit 20
INFO: [SYN 201-210] Renamed object name 'conv_2_conv_2_weights_2_0_0' to 'conv_2_conv_2_weiPgM' due to the length limit 20
INFO: [SYN 201-210] Renamed object name 'conv_2_conv_2_weights_2_0_1' to 'conv_2_conv_2_weiQgW' due to the length limit 20
INFO: [SYN 201-210] Renamed object name 'conv_2_conv_2_weights_2_0_2' to 'conv_2_conv_2_weiRg6' due to the length limit 20
INFO: [SYN 201-210] Renamed object name 'conv_2_conv_2_weights_2_0_3' to 'conv_2_conv_2_weiShg' due to the length limit 20
INFO: [SYN 201-210] Renamed object name 'conv_2_conv_2_weights_2_0_4' to 'conv_2_conv_2_weiThq' due to the length limit 20
INFO: [SYN 201-210] Renamed object name 'conv_2_conv_2_weights_2_0_5' to 'conv_2_conv_2_weiUhA' due to the length limit 20
INFO: [SYN 201-210] Renamed object name 'conv_2_conv_2_weights_2_1_0' to 'conv_2_conv_2_weiVhK' due to the length limit 20
INFO: [SYN 201-210] Renamed object name 'conv_2_conv_2_weights_2_1_1' to 'conv_2_conv_2_weiWhU' due to the length limit 20
INFO: [SYN 201-210] Renamed object name 'conv_2_conv_2_weights_2_1_2' to 'conv_2_conv_2_weiXh4' due to the length limit 20
INFO: [SYN 201-210] Renamed object name 'conv_2_conv_2_weights_2_1_3' to 'conv_2_conv_2_weiYie' due to the length limit 20
INFO: [SYN 201-210] Renamed object name 'conv_2_conv_2_weights_2_1_4' to 'conv_2_conv_2_weiZio' due to the length limit 20
INFO: [SYN 201-210] Renamed object name 'conv_2_conv_2_weights_2_1_5' to 'conv_2_conv_2_wei0iy' due to the length limit 20
INFO: [SYN 201-210] Renamed object name 'conv_2_conv_2_weights_2_2_0' to 'conv_2_conv_2_wei1iI' due to the length limit 20
INFO: [SYN 201-210] Renamed object name 'conv_2_conv_2_weights_2_2_1' to 'conv_2_conv_2_wei2iS' due to the length limit 20
INFO: [SYN 201-210] Renamed object name 'conv_2_conv_2_weights_2_2_2' to 'conv_2_conv_2_wei3i2' due to the length limit 20
INFO: [SYN 201-210] Renamed object name 'conv_2_conv_2_weights_2_2_3' to 'conv_2_conv_2_wei4jc' due to the length limit 20
INFO: [SYN 201-210] Renamed object name 'conv_2_conv_2_weights_2_2_4' to 'conv_2_conv_2_wei5jm' due to the length limit 20
INFO: [SYN 201-210] Renamed object name 'conv_2_conv_2_weights_2_2_5' to 'conv_2_conv_2_wei6jw' due to the length limit 20
INFO: [SYN 201-210] Renamed object name 'cnn_mac_muladd_5ns_4ns_4ns_8_1_1' to 'cnn_mac_muladd_5n7jG' due to the length limit 20
INFO: [RTGEN 206-104] Estimated max fanout for 'conv_2' is 45520 from HDL expression: ((1'b0 == ap_block_pp0_stage1_11001) & (1'b1 == ap_CS_fsm_pp0_stage1))
INFO: [RTGEN 206-100] Generating core module 'cnn_fadd_32ns_32ncud': 44 instance(s).
INFO: [RTGEN 206-100] Generating core module 'cnn_fcmp_32ns_32neOg': 1 instance(s).
INFO: [RTGEN 206-100] Generating core module 'cnn_fmul_32ns_32ndEe': 44 instance(s).
INFO: [RTGEN 206-100] Generating core module 'cnn_mac_muladd_5n7jG': 1 instance(s).
INFO: [RTGEN 206-100] Finished creating RTL model for 'conv_2'.
INFO: [HLS 200-111]  Elapsed time: 2.489 seconds; current allocated memory: 218.222 MB.
INFO: [HLS 200-10] ----------------------------------------------------------------
INFO: [HLS 200-10] -- Generating RTL for module 'max_pool_2' 
INFO: [HLS 200-10] ----------------------------------------------------------------
INFO: [RTGEN 206-100] Generating core module 'cnn_fcmp_32ns_32neOg': 1 instance(s).
INFO: [RTGEN 206-100] Finished creating RTL model for 'max_pool_2'.
INFO: [HLS 200-111]  Elapsed time: 4.057 seconds; current allocated memory: 219.599 MB.
INFO: [HLS 200-10] ----------------------------------------------------------------
INFO: [HLS 200-10] -- Generating RTL for module 'flat' 
INFO: [HLS 200-10] ----------------------------------------------------------------
INFO: [RTGEN 206-100] Finished creating RTL model for 'flat'.
INFO: [HLS 200-111]  Elapsed time: 0.323 seconds; current allocated memory: 219.986 MB.
INFO: [HLS 200-10] ----------------------------------------------------------------
INFO: [HLS 200-10] -- Generating RTL for module 'soft_max' 
INFO: [HLS 200-10] ----------------------------------------------------------------
INFO: [SYN 201-210] Renamed object name 'cnn_fdiv_32ns_32ns_32_8_1' to 'cnn_fdiv_32ns_32n8jQ' due to the length limit 20
INFO: [SYN 201-210] Renamed object name 'cnn_fexp_32ns_32ns_32_5_full_dsp_1' to 'cnn_fexp_32ns_32n9j0' due to the length limit 20
INFO: [RTGEN 206-100] Generating core module 'cnn_fadd_32ns_32ncud': 1 instance(s).
INFO: [RTGEN 206-100] Generating core module 'cnn_fdiv_32ns_32n8jQ': 1 instance(s).
INFO: [RTGEN 206-100] Generating core module 'cnn_fexp_32ns_32n9j0': 1 instance(s).
INFO: [RTGEN 206-100] Finished creating RTL model for 'soft_max'.
INFO: [HLS 200-111]  Elapsed time: 0.282 seconds; current allocated memory: 220.497 MB.
INFO: [HLS 200-10] ----------------------------------------------------------------
INFO: [HLS 200-10] -- Generating RTL for module 'dense_out' 
INFO: [HLS 200-10] ----------------------------------------------------------------
INFO: [SYN 201-210] Renamed object name 'dense_out_dense_out_weights' to 'dense_out_dense_obak' due to the length limit 20
INFO: [SYN 201-210] Renamed object name 'dense_out_dense_out_bias' to 'dense_out_dense_obbk' due to the length limit 20
INFO: [SYN 201-210] Renamed object name 'dense_out_dense_array' to 'dense_out_dense_abck' due to the length limit 20
INFO: [RTGEN 206-100] Generating core module 'cnn_fadd_32ns_32ncud': 1 instance(s).
INFO: [RTGEN 206-100] Generating core module 'cnn_fmul_32ns_32ndEe': 1 instance(s).
INFO: [RTGEN 206-100] Finished creating RTL model for 'dense_out'.
INFO: [HLS 200-111]  Elapsed time: 0.292 seconds; current allocated memory: 220.967 MB.
INFO: [HLS 200-10] ----------------------------------------------------------------
INFO: [HLS 200-10] -- Generating RTL for module 'cnn' 
INFO: [HLS 200-10] ----------------------------------------------------------------
INFO: [RTGEN 206-500] Setting interface mode on port 'cnn/cnn_input' to 'bram'.
INFO: [RTGEN 206-500] Setting interface mode on port 'cnn/prediction' to 'bram'.
INFO: [RTGEN 206-500] Setting interface mode on function 'cnn' to 's_axilite & ap_ctrl_hs'.
INFO: [SYN 201-210] Renamed object name 'cnn_max_pool_1_out_0' to 'cnn_max_pool_1_oubdk' due to the length limit 20
INFO: [SYN 201-210] Renamed object name 'cnn_max_pool_1_out_1' to 'cnn_max_pool_1_oubek' due to the length limit 20
INFO: [SYN 201-210] Renamed object name 'cnn_max_pool_1_out_2' to 'cnn_max_pool_1_oubfk' due to the length limit 20
INFO: [SYN 201-210] Renamed object name 'cnn_max_pool_1_out_3' to 'cnn_max_pool_1_oubgk' due to the length limit 20
INFO: [SYN 201-210] Renamed object name 'cnn_max_pool_1_out_4' to 'cnn_max_pool_1_oubhl' due to the length limit 20
INFO: [SYN 201-210] Renamed object name 'cnn_max_pool_1_out_5' to 'cnn_max_pool_1_oubil' due to the length limit 20
INFO: [RTGEN 206-100] Bundling port 'return' to AXI-Lite port CRTL_BUS.
WARNING: [RTGEN 206-101] Setting dangling out port 'cnn/cnn_input_WEN_A' to 0.
WARNING: [RTGEN 206-101] Setting dangling out port 'cnn/cnn_input_Din_A' to 0.
INFO: [RTGEN 206-100] Generating core module 'cnn_fadd_32ns_32ncud': 1 instance(s).
INFO: [RTGEN 206-100] Generating core module 'cnn_fcmp_32ns_32neOg': 1 instance(s).
INFO: [RTGEN 206-100] Generating core module 'cnn_fmul_32ns_32ndEe': 1 instance(s).
INFO: [RTGEN 206-100] Finished creating RTL model for 'cnn'.
INFO: [HLS 200-111]  Elapsed time: 0.7 seconds; current allocated memory: 223.191 MB.
INFO: [RTMG 210-279] Implementing memory 'conv_1_conv_1_weibkb_rom' using auto ROMs.
INFO: [RTMG 210-279] Implementing memory 'conv_1_conv_1_bias_rom' using distributed ROMs.
INFO: [RTMG 210-279] Implementing memory 'conv_2_conv_2_weifYi_rom' using distributed ROMs.
INFO: [RTMG 210-279] Implementing memory 'conv_2_conv_2_weig8j_rom' using distributed ROMs.
INFO: [RTMG 210-279] Implementing memory 'conv_2_conv_2_weihbi_rom' using distributed ROMs.
INFO: [RTMG 210-279] Implementing memory 'conv_2_conv_2_weiibs_rom' using distributed ROMs.
INFO: [RTMG 210-279] Implementing memory 'conv_2_conv_2_weijbC_rom' using distributed ROMs.
INFO: [RTMG 210-279] Implementing memory 'conv_2_conv_2_weikbM_rom' using distributed ROMs.
INFO: [RTMG 210-279] Implementing memory 'conv_2_conv_2_weilbW_rom' using distributed ROMs.
INFO: [RTMG 210-279] Implementing memory 'conv_2_conv_2_weimb6_rom' using distributed ROMs.
INFO: [RTMG 210-279] Implementing memory 'conv_2_conv_2_weincg_rom' using distributed ROMs.
INFO: [RTMG 210-279] Implementing memory 'conv_2_conv_2_weiocq_rom' using distributed ROMs.
INFO: [RTMG 210-279] Implementing memory 'conv_2_conv_2_weipcA_rom' using distributed ROMs.
INFO: [RTMG 210-279] Implementing memory 'conv_2_conv_2_weiqcK_rom' using distributed ROMs.
INFO: [RTMG 210-279] Implementing memory 'conv_2_conv_2_weircU_rom' using distributed ROMs.
INFO: [RTMG 210-279] Implementing memory 'conv_2_conv_2_weisc4_rom' using distributed ROMs.
INFO: [RTMG 210-279] Implementing memory 'conv_2_conv_2_weitde_rom' using distributed ROMs.
INFO: [RTMG 210-279] Implementing memory 'conv_2_conv_2_weiudo_rom' using distributed ROMs.
INFO: [RTMG 210-279] Implementing memory 'conv_2_conv_2_weivdy_rom' using distributed ROMs.
INFO: [RTMG 210-279] Implementing memory 'conv_2_conv_2_weiwdI_rom' using distributed ROMs.
INFO: [RTMG 210-279] Implementing memory 'conv_2_conv_2_weixdS_rom' using distributed ROMs.
INFO: [RTMG 210-279] Implementing memory 'conv_2_conv_2_weiyd2_rom' using distributed ROMs.
INFO: [RTMG 210-279] Implementing memory 'conv_2_conv_2_weizec_rom' using distributed ROMs.
INFO: [RTMG 210-279] Implementing memory 'conv_2_conv_2_weiAem_rom' using distributed ROMs.
INFO: [RTMG 210-279] Implementing memory 'conv_2_conv_2_weiBew_rom' using distributed ROMs.
INFO: [RTMG 210-279] Implementing memory 'conv_2_conv_2_weiCeG_rom' using distributed ROMs.
INFO: [RTMG 210-279] Implementing memory 'conv_2_conv_2_weiDeQ_rom' using distributed ROMs.
INFO: [RTMG 210-279] Implementing memory 'conv_2_conv_2_weiEe0_rom' using distributed ROMs.
INFO: [RTMG 210-279] Implementing memory 'conv_2_conv_2_weiFfa_rom' using distributed ROMs.
INFO: [RTMG 210-279] Implementing memory 'conv_2_conv_2_weiGfk_rom' using distributed ROMs.
INFO: [RTMG 210-279] Implementing memory 'conv_2_conv_2_weiHfu_rom' using distributed ROMs.
INFO: [RTMG 210-279] Implementing memory 'conv_2_conv_2_weiIfE_rom' using distributed ROMs.
INFO: [RTMG 210-279] Implementing memory 'conv_2_conv_2_weiJfO_rom' using distributed ROMs.
INFO: [RTMG 210-279] Implementing memory 'conv_2_conv_2_weiKfY_rom' using distributed ROMs.
INFO: [RTMG 210-279] Implementing memory 'conv_2_conv_2_weiLf8_rom' using distributed ROMs.
INFO: [RTMG 210-279] Implementing memory 'conv_2_conv_2_weiMgi_rom' using distributed ROMs.
INFO: [RTMG 210-279] Implementing memory 'conv_2_conv_2_weiNgs_rom' using distributed ROMs.
INFO: [RTMG 210-279] Implementing memory 'conv_2_conv_2_weiOgC_rom' using distributed ROMs.
INFO: [RTMG 210-279] Implementing memory 'conv_2_conv_2_weiPgM_rom' using distributed ROMs.
INFO: [RTMG 210-279] Implementing memory 'conv_2_conv_2_weiQgW_rom' using distributed ROMs.
INFO: [RTMG 210-279] Implementing memory 'conv_2_conv_2_weiRg6_rom' using distributed ROMs.
INFO: [RTMG 210-279] Implementing memory 'conv_2_conv_2_weiShg_rom' using distributed ROMs.
INFO: [RTMG 210-279] Implementing memory 'conv_2_conv_2_weiThq_rom' using distributed ROMs.
INFO: [RTMG 210-279] Implementing memory 'conv_2_conv_2_weiUhA_rom' using distributed ROMs.
INFO: [RTMG 210-279] Implementing memory 'conv_2_conv_2_weiVhK_rom' using distributed ROMs.
INFO: [RTMG 210-279] Implementing memory 'conv_2_conv_2_weiWhU_rom' using distributed ROMs.
INFO: [RTMG 210-279] Implementing memory 'conv_2_conv_2_weiXh4_rom' using distributed ROMs.
INFO: [RTMG 210-279] Implementing memory 'conv_2_conv_2_weiYie_rom' using distributed ROMs.
INFO: [RTMG 210-279] Implementing memory 'conv_2_conv_2_weiZio_rom' using distributed ROMs.
INFO: [RTMG 210-279] Implementing memory 'conv_2_conv_2_wei0iy_rom' using distributed ROMs.
INFO: [RTMG 210-279] Implementing memory 'conv_2_conv_2_wei1iI_rom' using distributed ROMs.
INFO: [RTMG 210-279] Implementing memory 'conv_2_conv_2_wei2iS_rom' using distributed ROMs.
INFO: [RTMG 210-279] Implementing memory 'conv_2_conv_2_wei3i2_rom' using distributed ROMs.
INFO: [RTMG 210-279] Implementing memory 'conv_2_conv_2_wei4jc_rom' using distributed ROMs.
INFO: [RTMG 210-279] Implementing memory 'conv_2_conv_2_wei5jm_rom' using distributed ROMs.
INFO: [RTMG 210-279] Implementing memory 'conv_2_conv_2_wei6jw_rom' using distributed ROMs.
INFO: [RTMG 210-279] Implementing memory 'conv_2_conv_2_bias_rom' using distributed ROMs.
INFO: [RTMG 210-279] Implementing memory 'dense_out_dense_obak_rom' using auto ROMs.
INFO: [RTMG 210-279] Implementing memory 'dense_out_dense_obbk_rom' using distributed ROMs.
INFO: [RTMG 210-278] Implementing memory 'dense_out_dense_abck_ram (RAM)' using distributed RAMs.
INFO: [RTMG 210-278] Implementing memory 'cnn_conv_1_out_ram (RAM)' using block RAMs with power-on initialization.
INFO: [RTMG 210-278] Implementing memory 'cnn_max_pool_1_oubdk_ram (RAM)' using block RAMs with power-on initialization.
INFO: [RTMG 210-278] Implementing memory 'cnn_conv_2_out_ram (RAM)' using block RAMs with power-on initialization.
INFO: [RTMG 210-278] Implementing memory 'cnn_max_pool_2_out_ram (RAM)' using block RAMs with power-on initialization.
INFO: [RTMG 210-279] Implementing memory 'cnn_dense_1_weights_rom' using auto ROMs.
INFO: [RTMG 210-279] Implementing memory 'cnn_dense_1_bias_rom' using auto ROMs.
INFO: [RTMG 210-278] Implementing memory 'cnn_dense_1_out_ram (RAM)' using block RAMs with power-on initialization.
INFO: [RTMG 210-279] Implementing memory 'cnn_dense_2_weights_rom' using auto ROMs.
INFO: [RTMG 210-279] Implementing memory 'cnn_dense_2_bias_rom' using distributed ROMs.
INFO: [RTMG 210-278] Implementing memory 'cnn_dense_2_out_ram (RAM)' using distributed RAMs with power-on initialization.
INFO: [RTMG 210-278] Implementing memory 'cnn_conv_1_input_ram (RAM)' using block RAMs.
INFO: [HLS 200-111] Finished generating all RTL models Time (s): cpu = 00:00:22 ; elapsed = 00:01:12 . Memory (MB): peak = 334.238 ; gain = 242.672
INFO: [VHDL 208-304] Generating VHDL RTL for cnn.
INFO: [VLOG 209-307] Generating Verilog RTL for cnn.
INFO: [HLS 200-112] Total elapsed time: 72.287 seconds; peak allocated memory: 223.191 MB.
