==============================================================
Vivado(TM) HLS - High-Level Synthesis from C, C++ and SystemC v2019.1 (64-bit)
Copyright 1986-2019 Xilinx, Inc. All Rights Reserved.
==============================================================
INFO: [SYN 201-201] Setting up clock 'default' with a period of 20ns.
INFO: [HLS 200-10] Setting target device to 'xc7z020-clg400-1'
INFO: [SIM 211-2] *************** CSIM start ***************
INFO: [SIM 211-4] CSIM will launch GCC as the compiler.
ERROR: [SIM 211-100] 'csim_design' failed: nonzero return value.
INFO: [SIM 211-3] *************** CSIM finish ***************
==============================================================
Vivado(TM) HLS - High-Level Synthesis from C, C++ and SystemC v2019.1 (64-bit)
Copyright 1986-2019 Xilinx, Inc. All Rights Reserved.
==============================================================
INFO: [SYN 201-201] Setting up clock 'default' with a period of 20ns.
INFO: [HLS 200-10] Setting target device to 'xc7z020-clg400-1'
INFO: [SIM 211-2] *************** CSIM start ***************
INFO: [SIM 211-4] CSIM will launch GCC as the compiler.
INFO: [SIM 211-1] CSim done with 0 errors.
INFO: [SIM 211-3] *************** CSIM finish ***************
==============================================================
Vivado(TM) HLS - High-Level Synthesis from C, C++ and SystemC v2019.1 (64-bit)
Copyright 1986-2019 Xilinx, Inc. All Rights Reserved.
==============================================================
INFO: [SYN 201-201] Setting up clock 'default' with a period of 20ns.
INFO: [HLS 200-10] Setting target device to 'xc7z020-clg400-1'
INFO: [SCHED 204-61] Option 'relax_ii_for_timing' is enabled, will increase II to preserve clock frequency constraints.
INFO: [HLS 200-10] Analyzing design file 'cnn_ap_type/max_pool_2.cpp' ... 
INFO: [HLS 200-10] Analyzing design file 'cnn_ap_type/max_pool_1.cpp' ... 
INFO: [HLS 200-10] Analyzing design file 'cnn_ap_type/flat.cpp' ... 
INFO: [HLS 200-10] Analyzing design file 'cnn_ap_type/dense_out.cpp' ... 
INFO: [HLS 200-10] Analyzing design file 'cnn_ap_type/dense_2.cpp' ... 
INFO: [HLS 200-10] Analyzing design file 'cnn_ap_type/dense_1.cpp' ... 
INFO: [HLS 200-10] Analyzing design file 'cnn_ap_type/conv_2.cpp' ... 
INFO: [HLS 200-10] Analyzing design file 'cnn_ap_type/conv_1.cpp' ... 
INFO: [HLS 200-10] Analyzing design file 'cnn_ap_type/cnn.cpp' ... 
INFO: [HLS 200-111] Finished Linking Time (s): cpu = 00:00:01 ; elapsed = 00:01:52 . Memory (MB): peak = 186.113 ; gain = 94.621
INFO: [HLS 200-111] Finished Checking Pragmas Time (s): cpu = 00:00:01 ; elapsed = 00:01:52 . Memory (MB): peak = 186.113 ; gain = 94.621
INFO: [HLS 200-10] Starting code transformations ...
INFO: [HLS 200-111] Finished Standard Transforms Time (s): cpu = 00:00:16 ; elapsed = 00:02:10 . Memory (MB): peak = 434.305 ; gain = 342.812
INFO: [HLS 200-10] Checking synthesizability ...
INFO: [XFORM 203-602] Inlining function 'hls::exp<17, 7>' into 'soft_max' (cnn_ap_type/dense_out.cpp:22) automatically.
INFO: [XFORM 203-602] Inlining function 'dense_1' into 'cnn' (cnn_ap_type/cnn.cpp:58) automatically.
INFO: [XFORM 203-602] Inlining function 'dense_2' into 'cnn' (cnn_ap_type/cnn.cpp:63) automatically.
INFO: [XFORM 203-602] Inlining function 'dense_out' into 'cnn' (cnn_ap_type/cnn.cpp:67) automatically.
WARNING: [SYNCHK 200-23] C:/Xilinx2019/Vivado/2019.1/common/technology/autopilot/hls_exp_apfixed.h:191: variable-indexed range selection may cause suboptimal QoR.
INFO: [SYNCHK 200-10] 0 error(s), 1 warning(s).
INFO: [HLS 200-111] Finished Checking Synthesizability Time (s): cpu = 00:00:17 ; elapsed = 00:02:11 . Memory (MB): peak = 508.027 ; gain = 416.535
INFO: [XFORM 203-502] Unrolling all loops for pipelining in function 'exp_reduce::exp<17, 7>' (C:/Xilinx2019/Vivado/2019.1/common/technology/autopilot/hls_exp_apfixed.h:41:29).
INFO: [HLS 200-489] Unrolling loop 'Loop-1' (C:/Xilinx2019/Vivado/2019.1/common/technology/autopilot/hls_exp_apfixed.h:190) in function 'exp_reduce::exp<17, 7>' completely with a factor of 8.
INFO: [HLS 200-489] Unrolling loop 'Loop-2' (C:/Xilinx2019/Vivado/2019.1/common/technology/autopilot/hls_exp_apfixed.h:197) in function 'exp_reduce::exp<17, 7>' completely with a factor of 22.
INFO: [HLS 200-489] Unrolling loop 'Loop-3' (C:/Xilinx2019/Vivado/2019.1/common/technology/autopilot/hls_exp_apfixed.h:254) in function 'exp_reduce::exp<17, 7>' completely with a factor of 5.
INFO: [HLS 200-489] Unrolling loop 'Loop-4' (C:/Xilinx2019/Vivado/2019.1/common/technology/autopilot/hls_exp_apfixed.h:260) in function 'exp_reduce::exp<17, 7>' completely with a factor of 5.
INFO: [HLS 200-489] Unrolling loop 'Loop-5' (C:/Xilinx2019/Vivado/2019.1/common/technology/autopilot/hls_exp_apfixed.h:263) in function 'exp_reduce::exp<17, 7>' completely with a factor of 17.
INFO: [XFORM 203-602] Inlining function 'hls::exp<17, 7>' into 'soft_max' (cnn_ap_type/dense_out.cpp:22) automatically.
INFO: [XFORM 203-602] Inlining function 'dense_1' into 'cnn' (cnn_ap_type/cnn.cpp:58) automatically.
INFO: [XFORM 203-602] Inlining function 'dense_2' into 'cnn' (cnn_ap_type/cnn.cpp:63) automatically.
INFO: [XFORM 203-602] Inlining function 'dense_out' into 'cnn' (cnn_ap_type/cnn.cpp:67) automatically.
INFO: [XFORM 203-401] Performing if-conversion on hyperblock to (C:/Xilinx2019/Vivado/2019.1/common/technology/autopilot/hls_exp_apfixed.h:867:1) in function 'exp_reduce::exp<17, 7>'... converting 5 basic blocks.
INFO: [XFORM 203-401] Performing if-conversion on hyperblock from (cnn_ap_type/conv_2.cpp:34:21) to (cnn_ap_type/conv_2.cpp:34:21) in function 'conv_2'... converting 8 basic blocks.
INFO: [XFORM 203-401] Performing if-conversion on hyperblock from (cnn_ap_type/conv_1.cpp:29:9) to (cnn_ap_type/conv_1.cpp:29:9) in function 'conv_1'... converting 8 basic blocks.
INFO: [XFORM 203-401] Performing if-conversion on hyperblock from (cnn_ap_type/cnn.cpp:27:4) to (cnn_ap_type/cnn.cpp:25:26) in function 'cnn'... converting 10 basic blocks.
INFO: [XFORM 203-401] Performing if-conversion on hyperblock from (cnn_ap_type/cnn.cpp:70:33) to (cnn_ap_type/cnn.cpp:69:25) in function 'cnn'... converting 10 basic blocks.
INFO: [XFORM 203-11] Balancing expressions in function 'exp_reduce::exp<17, 7>' (C:/Xilinx2019/Vivado/2019.1/common/technology/autopilot/hls_exp_apfixed.h:41:1)...11 expression(s) balanced.
INFO: [HLS 200-111] Finished Pre-synthesis Time (s): cpu = 00:00:19 ; elapsed = 00:02:13 . Memory (MB): peak = 653.793 ; gain = 562.301
WARNING: [XFORM 203-631] Renaming function 'exp_reduce::exp<17, 7>' to 'exp<17, 7>' (C:/Xilinx2019/Vivado/2019.1/common/technology/autopilot/hls_exp_apfixed.h:41:1)
INFO: [HLS 200-111] Finished Architecture Synthesis Time (s): cpu = 00:00:22 ; elapsed = 00:02:16 . Memory (MB): peak = 748.254 ; gain = 656.762
INFO: [HLS 200-10] Starting hardware synthesis ...
INFO: [HLS 200-10] Synthesizing 'cnn' ...
WARNING: [SYN 201-103] Legalizing function name 'exp<17, 7>' to 'exp_17_7_s'.
INFO: [HLS 200-10] ----------------------------------------------------------------
INFO: [HLS 200-42] -- Implementing module 'conv_1' 
INFO: [HLS 200-10] ----------------------------------------------------------------
INFO: [SCHED 204-11] Starting scheduling ...
INFO: [SCHED 204-11] Finished scheduling.
INFO: [HLS 200-111]  Elapsed time: 136.571 seconds; current allocated memory: 667.771 MB.
INFO: [HLS 200-434] Only 0 loops out of a total 5 loops have been pipelined in this design.
INFO: [BIND 205-100] Starting micro-architecture generation ...
INFO: [BIND 205-101] Performing variable lifetime analysis.
INFO: [BIND 205-101] Exploring resource sharing.
INFO: [BIND 205-101] Binding ...
INFO: [BIND 205-100] Finished micro-architecture generation.
INFO: [HLS 200-111]  Elapsed time: 0.251 seconds; current allocated memory: 668.267 MB.
INFO: [HLS 200-10] ----------------------------------------------------------------
INFO: [HLS 200-42] -- Implementing module 'max_pool_1' 
INFO: [HLS 200-10] ----------------------------------------------------------------
INFO: [SCHED 204-11] Starting scheduling ...
INFO: [SCHED 204-11] Finished scheduling.
INFO: [HLS 200-111]  Elapsed time: 0.276 seconds; current allocated memory: 668.589 MB.
INFO: [BIND 205-100] Starting micro-architecture generation ...
INFO: [BIND 205-101] Performing variable lifetime analysis.
INFO: [BIND 205-101] Exploring resource sharing.
INFO: [BIND 205-101] Binding ...
INFO: [BIND 205-100] Finished micro-architecture generation.
INFO: [HLS 200-111]  Elapsed time: 0.171 seconds; current allocated memory: 668.832 MB.
INFO: [HLS 200-10] ----------------------------------------------------------------
INFO: [HLS 200-42] -- Implementing module 'conv_2' 
INFO: [HLS 200-10] ----------------------------------------------------------------
INFO: [SCHED 204-11] Starting scheduling ...
INFO: [SCHED 204-11] Finished scheduling.
INFO: [HLS 200-111]  Elapsed time: 0.24 seconds; current allocated memory: 669.270 MB.
INFO: [BIND 205-100] Starting micro-architecture generation ...
INFO: [BIND 205-101] Performing variable lifetime analysis.
INFO: [BIND 205-101] Exploring resource sharing.
INFO: [BIND 205-101] Binding ...
INFO: [BIND 205-100] Finished micro-architecture generation.
INFO: [HLS 200-111]  Elapsed time: 0.25 seconds; current allocated memory: 669.833 MB.
INFO: [HLS 200-10] ----------------------------------------------------------------
INFO: [HLS 200-42] -- Implementing module 'max_pool_2' 
INFO: [HLS 200-10] ----------------------------------------------------------------
INFO: [SCHED 204-11] Starting scheduling ...
INFO: [SCHED 204-11] Finished scheduling.
INFO: [HLS 200-111]  Elapsed time: 0.313 seconds; current allocated memory: 670.084 MB.
INFO: [BIND 205-100] Starting micro-architecture generation ...
INFO: [BIND 205-101] Performing variable lifetime analysis.
INFO: [BIND 205-101] Exploring resource sharing.
INFO: [BIND 205-101] Binding ...
INFO: [BIND 205-100] Finished micro-architecture generation.
INFO: [HLS 200-111]  Elapsed time: 0.167 seconds; current allocated memory: 670.313 MB.
INFO: [HLS 200-10] ----------------------------------------------------------------
INFO: [HLS 200-42] -- Implementing module 'flat' 
INFO: [HLS 200-10] ----------------------------------------------------------------
INFO: [SCHED 204-11] Starting scheduling ...
INFO: [SCHED 204-11] Finished scheduling.
INFO: [HLS 200-111]  Elapsed time: 0.19 seconds; current allocated memory: 670.473 MB.
INFO: [BIND 205-100] Starting micro-architecture generation ...
INFO: [BIND 205-101] Performing variable lifetime analysis.
INFO: [BIND 205-101] Exploring resource sharing.
INFO: [BIND 205-101] Binding ...
INFO: [BIND 205-100] Finished micro-architecture generation.
INFO: [HLS 200-111]  Elapsed time: 0.146 seconds; current allocated memory: 670.636 MB.
INFO: [HLS 200-10] ----------------------------------------------------------------
INFO: [HLS 200-42] -- Implementing module 'exp_17_7_s' 
INFO: [HLS 200-10] ----------------------------------------------------------------
INFO: [SCHED 204-11] Starting scheduling ...
INFO: [SCHED 204-61] Pipelining function 'exp<17, 7>'.
INFO: [SCHED 204-61] Pipelining result : Target II = 1, Final II = 1, Depth = 3.
INFO: [SCHED 204-11] Finished scheduling.
INFO: [HLS 200-111]  Elapsed time: 0.183 seconds; current allocated memory: 670.852 MB.
INFO: [BIND 205-100] Starting micro-architecture generation ...
INFO: [BIND 205-101] Performing variable lifetime analysis.
INFO: [BIND 205-101] Exploring resource sharing.
INFO: [BIND 205-101] Binding ...
INFO: [BIND 205-100] Finished micro-architecture generation.
INFO: [HLS 200-111]  Elapsed time: 0.167 seconds; current allocated memory: 671.125 MB.
INFO: [HLS 200-10] ----------------------------------------------------------------
INFO: [HLS 200-42] -- Implementing module 'soft_max' 
INFO: [HLS 200-10] ----------------------------------------------------------------
INFO: [SCHED 204-11] Starting scheduling ...
INFO: [SCHED 204-11] Finished scheduling.
INFO: [HLS 200-111]  Elapsed time: 0.2 seconds; current allocated memory: 671.346 MB.
INFO: [BIND 205-100] Starting micro-architecture generation ...
INFO: [BIND 205-101] Performing variable lifetime analysis.
INFO: [BIND 205-101] Exploring resource sharing.
INFO: [BIND 205-101] Binding ...
INFO: [BIND 205-100] Finished micro-architecture generation.
INFO: [HLS 200-111]  Elapsed time: 0.188 seconds; current allocated memory: 671.564 MB.
INFO: [HLS 200-10] ----------------------------------------------------------------
INFO: [HLS 200-42] -- Implementing module 'cnn' 
INFO: [HLS 200-10] ----------------------------------------------------------------
INFO: [SCHED 204-11] Starting scheduling ...
INFO: [SCHED 204-11] Finished scheduling.
INFO: [HLS 200-111]  Elapsed time: 0.279 seconds; current allocated memory: 672.424 MB.
INFO: [BIND 205-100] Starting micro-architecture generation ...
INFO: [BIND 205-101] Performing variable lifetime analysis.
INFO: [BIND 205-101] Exploring resource sharing.
INFO: [BIND 205-101] Binding ...
INFO: [BIND 205-100] Finished micro-architecture generation.
INFO: [HLS 200-111]  Elapsed time: 0.621 seconds; current allocated memory: 673.724 MB.
INFO: [HLS 200-10] ----------------------------------------------------------------
INFO: [HLS 200-10] -- Generating RTL for module 'conv_1' 
INFO: [HLS 200-10] ----------------------------------------------------------------
INFO: [SYN 201-210] Renamed object name 'conv_1_conv_1_weights_V' to 'conv_1_conv_1_weibkb' due to the length limit 20
INFO: [SYN 201-210] Renamed object name 'conv_1_conv_1_bias_V' to 'conv_1_conv_1_biacud' due to the length limit 20
INFO: [SYN 201-210] Renamed object name 'cnn_dcmp_64ns_64ns_1_2_1' to 'cnn_dcmp_64ns_64ndEe' due to the length limit 20
INFO: [SYN 201-210] Renamed object name 'cnn_mul_mul_16s_11s_28_1_1' to 'cnn_mul_mul_16s_1eOg' due to the length limit 20
INFO: [RTGEN 206-100] Generating core module 'cnn_dcmp_64ns_64ndEe': 1 instance(s).
INFO: [RTGEN 206-100] Generating core module 'cnn_mul_mul_16s_1eOg': 1 instance(s).
INFO: [RTGEN 206-100] Finished creating RTL model for 'conv_1'.
INFO: [HLS 200-111]  Elapsed time: 0.606 seconds; current allocated memory: 674.938 MB.
INFO: [HLS 200-10] ----------------------------------------------------------------
INFO: [HLS 200-10] -- Generating RTL for module 'max_pool_1' 
INFO: [HLS 200-10] ----------------------------------------------------------------
INFO: [RTGEN 206-100] Finished creating RTL model for 'max_pool_1'.
INFO: [HLS 200-111]  Elapsed time: 0.618 seconds; current allocated memory: 675.637 MB.
INFO: [HLS 200-10] ----------------------------------------------------------------
INFO: [HLS 200-10] -- Generating RTL for module 'conv_2' 
INFO: [HLS 200-10] ----------------------------------------------------------------
INFO: [SYN 201-210] Renamed object name 'conv_2_conv_2_weights_V' to 'conv_2_conv_2_weifYi' due to the length limit 20
INFO: [SYN 201-210] Renamed object name 'conv_2_conv_2_bias_V' to 'conv_2_conv_2_biag8j' due to the length limit 20
INFO: [SYN 201-210] Renamed object name 'cnn_mul_mul_12s_16s_29_1_1' to 'cnn_mul_mul_12s_1hbi' due to the length limit 20
INFO: [RTGEN 206-100] Generating core module 'cnn_dcmp_64ns_64ndEe': 1 instance(s).
INFO: [RTGEN 206-100] Generating core module 'cnn_mul_mul_12s_1hbi': 1 instance(s).
INFO: [RTGEN 206-100] Finished creating RTL model for 'conv_2'.
INFO: [HLS 200-111]  Elapsed time: 0.402 seconds; current allocated memory: 676.646 MB.
INFO: [HLS 200-10] ----------------------------------------------------------------
INFO: [HLS 200-10] -- Generating RTL for module 'max_pool_2' 
INFO: [HLS 200-10] ----------------------------------------------------------------
INFO: [RTGEN 206-100] Finished creating RTL model for 'max_pool_2'.
INFO: [HLS 200-111]  Elapsed time: 0.654 seconds; current allocated memory: 677.267 MB.
INFO: [HLS 200-10] ----------------------------------------------------------------
INFO: [HLS 200-10] -- Generating RTL for module 'flat' 
INFO: [HLS 200-10] ----------------------------------------------------------------
INFO: [RTGEN 206-100] Finished creating RTL model for 'flat'.
INFO: [HLS 200-111]  Elapsed time: 0.339 seconds; current allocated memory: 677.622 MB.
INFO: [HLS 200-10] ----------------------------------------------------------------
INFO: [HLS 200-10] -- Generating RTL for module 'exp_17_7_s' 
INFO: [HLS 200-10] ----------------------------------------------------------------
INFO: [SYN 201-210] Renamed object name 'exp_17_7_s_f_x_lsb_table_V' to 'exp_17_7_s_f_x_lsibs' due to the length limit 20
INFO: [SYN 201-210] Renamed object name 'exp_17_7_s_exp_x_msb_2_m_1_tabl' to 'exp_17_7_s_exp_x_jbC' due to the length limit 20
INFO: [SYN 201-210] Renamed object name 'exp_17_7_s_exp_x_msb_1_table_V' to 'exp_17_7_s_exp_x_kbM' due to the length limit 20
INFO: [RTGEN 206-100] Finished creating RTL model for 'exp_17_7_s'.
INFO: [HLS 200-111]  Elapsed time: 0.319 seconds; current allocated memory: 678.262 MB.
INFO: [HLS 200-10] ----------------------------------------------------------------
INFO: [HLS 200-10] -- Generating RTL for module 'soft_max' 
INFO: [HLS 200-10] ----------------------------------------------------------------
INFO: [SYN 201-210] Renamed object name 'cnn_sdiv_26ns_16s_16_30_seq_1' to 'cnn_sdiv_26ns_16slbW' due to the length limit 20
INFO: [RTGEN 206-100] Generating core module 'cnn_sdiv_26ns_16slbW': 1 instance(s).
INFO: [RTGEN 206-100] Finished creating RTL model for 'soft_max'.
INFO: [HLS 200-111]  Elapsed time: 0.419 seconds; current allocated memory: 678.983 MB.
INFO: [HLS 200-10] ----------------------------------------------------------------
INFO: [HLS 200-10] -- Generating RTL for module 'cnn' 
INFO: [HLS 200-10] ----------------------------------------------------------------
INFO: [RTGEN 206-500] Setting interface mode on port 'cnn/cnn_input' to 'bram'.
INFO: [RTGEN 206-500] Setting interface mode on port 'cnn/prediction_output' to 'bram'.
INFO: [RTGEN 206-500] Setting interface mode on function 'cnn' to 's_axilite & ap_ctrl_hs'.
INFO: [SYN 201-210] Renamed object name 'cnn_dense_1_weights_V' to 'cnn_dense_1_weighmb6' due to the length limit 20
INFO: [SYN 201-210] Renamed object name 'cnn_dense_2_weights_V' to 'cnn_dense_2_weighncg' due to the length limit 20
INFO: [SYN 201-210] Renamed object name 'cnn_dense_out_weights_V' to 'cnn_dense_out_weiocq' due to the length limit 20
INFO: [SYN 201-210] Renamed object name 'cnn_dense_out_bias_V' to 'cnn_dense_out_biapcA' due to the length limit 20
INFO: [RTGEN 206-100] Bundling port 'return' to AXI-Lite port CRTL_BUS.
INFO: [SYN 201-210] Renamed object name 'cnn_max_pool_1_out_V' to 'cnn_max_pool_1_ouqcK' due to the length limit 20
INFO: [SYN 201-210] Renamed object name 'cnn_max_pool_2_out_V' to 'cnn_max_pool_2_ourcU' due to the length limit 20
INFO: [SYN 201-210] Renamed object name 'cnn_fpext_32ns_64_2_1' to 'cnn_fpext_32ns_64sc4' due to the length limit 20
INFO: [SYN 201-210] Renamed object name 'cnn_mac_muladd_11s_16s_26ns_26_1_1' to 'cnn_mac_muladd_11tde' due to the length limit 20
INFO: [SYN 201-210] Renamed object name 'cnn_mac_muladd_11s_15ns_26ns_26_1_1' to 'cnn_mac_muladd_11udo' due to the length limit 20
INFO: [SYN 201-210] Renamed object name 'cnn_mac_muladd_15ns_11s_26ns_26_1_1' to 'cnn_mac_muladd_15vdy' due to the length limit 20
WARNING: [RTGEN 206-101] Setting dangling out port 'cnn/cnn_input_WEN_A' to 0.
WARNING: [RTGEN 206-101] Setting dangling out port 'cnn/cnn_input_Din_A' to 0.
INFO: [RTGEN 206-100] Generating core module 'cnn_fpext_32ns_64sc4': 1 instance(s).
INFO: [RTGEN 206-100] Generating core module 'cnn_mac_muladd_11tde': 1 instance(s).
INFO: [RTGEN 206-100] Generating core module 'cnn_mac_muladd_11udo': 1 instance(s).
INFO: [RTGEN 206-100] Generating core module 'cnn_mac_muladd_15vdy': 1 instance(s).
INFO: [RTGEN 206-100] Finished creating RTL model for 'cnn'.
INFO: [HLS 200-111]  Elapsed time: 0.558 seconds; current allocated memory: 681.302 MB.
INFO: [RTMG 210-279] Implementing memory 'conv_1_conv_1_weibkb_rom' using distributed ROMs.
INFO: [RTMG 210-279] Implementing memory 'conv_1_conv_1_biacud_rom' using distributed ROMs.
INFO: [RTMG 210-279] Implementing memory 'conv_2_conv_2_weifYi_rom' using auto ROMs.
INFO: [RTMG 210-279] Implementing memory 'conv_2_conv_2_biag8j_rom' using distributed ROMs.
INFO: [RTMG 210-279] Implementing memory 'exp_17_7_s_f_x_lsibs_rom' using distributed ROMs.
INFO: [RTMG 210-279] Implementing memory 'exp_17_7_s_exp_x_jbC_rom' using distributed ROMs.
INFO: [RTMG 210-279] Implementing memory 'exp_17_7_s_exp_x_kbM_rom' using distributed ROMs.
INFO: [RTMG 210-282] Generating pipelined core: 'cnn_sdiv_26ns_16slbW_div'
INFO: [RTMG 210-279] Implementing memory 'cnn_dense_1_weighmb6_rom' using auto ROMs.
INFO: [RTMG 210-279] Implementing memory 'cnn_dense_1_bias_V_rom' using distributed ROMs.
INFO: [RTMG 210-279] Implementing memory 'cnn_dense_2_weighncg_rom' using auto ROMs.
INFO: [RTMG 210-279] Implementing memory 'cnn_dense_2_bias_V_rom' using distributed ROMs.
INFO: [RTMG 210-279] Implementing memory 'cnn_dense_out_weiocq_rom' using auto ROMs.
INFO: [RTMG 210-279] Implementing memory 'cnn_dense_out_biapcA_rom' using distributed ROMs.
INFO: [RTMG 210-278] Implementing memory 'cnn_dense_array_V_ram (RAM)' using distributed RAMs.
INFO: [RTMG 210-278] Implementing memory 'cnn_conv_1_input_V_ram (RAM)' using block RAMs.
INFO: [RTMG 210-278] Implementing memory 'cnn_conv_1_out_V_ram (RAM)' using block RAMs.
INFO: [RTMG 210-278] Implementing memory 'cnn_max_pool_1_ouqcK_ram (RAM)' using block RAMs.
INFO: [RTMG 210-278] Implementing memory 'cnn_conv_2_out_V_ram (RAM)' using block RAMs.
INFO: [RTMG 210-278] Implementing memory 'cnn_max_pool_2_ourcU_ram (RAM)' using block RAMs.
INFO: [RTMG 210-278] Implementing memory 'cnn_dense_1_out_V_ram (RAM)' using distributed RAMs.
INFO: [RTMG 210-278] Implementing memory 'cnn_dense_2_out_V_ram (RAM)' using distributed RAMs.
INFO: [HLS 200-111] Finished generating all RTL models Time (s): cpu = 00:00:29 ; elapsed = 00:02:30 . Memory (MB): peak = 790.316 ; gain = 698.824
INFO: [VHDL 208-304] Generating VHDL RTL for cnn.
INFO: [VLOG 209-307] Generating Verilog RTL for cnn.
INFO: [HLS 200-112] Total elapsed time: 149.828 seconds; peak allocated memory: 681.302 MB.
==============================================================
Vivado(TM) HLS - High-Level Synthesis from C, C++ and SystemC v2019.1 (64-bit)
Copyright 1986-2019 Xilinx, Inc. All Rights Reserved.
==============================================================
INFO: [SYN 201-201] Setting up clock 'default' with a period of 20ns.
INFO: [HLS 200-10] Setting target device to 'xc7z020-clg400-1'
INFO: [SIM 211-2] *************** CSIM start ***************
INFO: [SIM 211-4] CSIM will launch GCC as the compiler.
INFO: [SIM 211-1] CSim done with 0 errors.
INFO: [SIM 211-3] *************** CSIM finish ***************
==============================================================
Vivado(TM) HLS - High-Level Synthesis from C, C++ and SystemC v2019.1 (64-bit)
Copyright 1986-2019 Xilinx, Inc. All Rights Reserved.
==============================================================
INFO: [SYN 201-201] Setting up clock 'default' with a period of 20ns.
INFO: [HLS 200-10] Setting target device to 'xc7z020-clg400-1'
INFO: [SIM 211-2] *************** CSIM start ***************
INFO: [SIM 211-4] CSIM will launch GCC as the compiler.
INFO: [SIM 211-1] CSim done with 0 errors.
INFO: [SIM 211-3] *************** CSIM finish ***************
==============================================================
Vivado(TM) HLS - High-Level Synthesis from C, C++ and SystemC v2019.1 (64-bit)
Copyright 1986-2019 Xilinx, Inc. All Rights Reserved.
==============================================================
INFO: [SYN 201-201] Setting up clock 'default' with a period of 20ns.
INFO: [HLS 200-10] Setting target device to 'xc7z020-clg400-1'
INFO: [SIM 211-2] *************** CSIM start ***************
INFO: [SIM 211-4] CSIM will launch GCC as the compiler.
INFO: [SIM 211-1] CSim done with 0 errors.
INFO: [SIM 211-3] *************** CSIM finish ***************
