==============================================================
Vivado(TM) HLS - High-Level Synthesis from C, C++ and SystemC v2020.1 (64-bit)
Copyright 1986-2020 Xilinx, Inc. All Rights Reserved.
==============================================================
INFO: [SYN 201-201] Setting up clock 'default' with a period of 40ns.
INFO: [HLS 200-10] Setting target device to 'xc7vx485t-ffg1157-1'
INFO: [SCHED 204-61] Option 'relax_ii_for_timing' is enabled, will increase II to preserve clock frequency constraints.
INFO: [HLS 200-10] Analyzing design file 'pooling.cpp' ... 
INFO: [HLS 200-111] Finished Linking Time (s): cpu = 00:00:03 ; elapsed = 00:00:06 . Memory (MB): peak = 955.531 ; gain = 859.402
INFO: [HLS 200-111] Finished Checking Pragmas Time (s): cpu = 00:00:03 ; elapsed = 00:00:06 . Memory (MB): peak = 955.531 ; gain = 859.402
INFO: [HLS 200-10] Starting code transformations ...
INFO: [HLS 200-111] Finished Standard Transforms Time (s): cpu = 00:00:03 ; elapsed = 00:00:07 . Memory (MB): peak = 955.531 ; gain = 859.402
INFO: [HLS 200-10] Checking synthesizability ...
INFO: [HLS 200-111] Finished Checking Synthesizability Time (s): cpu = 00:00:03 ; elapsed = 00:00:07 . Memory (MB): peak = 955.531 ; gain = 859.402
INFO: [HLS 200-489] Unrolling loop 'Pool_Col_Loop' (pooling.cpp:24) in function 'max_pool_1' completely with a factor of 2.
INFO: [XFORM 203-101] Partitioning array 'conv_1_out' (pooling.cpp:6) in dimension 2 completely.
INFO: [XFORM 203-401] Performing if-conversion on hyperblock from (pooling.cpp:21:18) to (pooling.cpp:20:44) in function 'max_pool_1'... converting 7 basic blocks.
INFO: [HLS 200-111] Finished Pre-synthesis Time (s): cpu = 00:00:03 ; elapsed = 00:00:07 . Memory (MB): peak = 955.531 ; gain = 859.402
INFO: [HLS 200-111] Finished Architecture Synthesis Time (s): cpu = 00:00:03 ; elapsed = 00:00:07 . Memory (MB): peak = 955.531 ; gain = 859.402
INFO: [HLS 200-10] Starting hardware synthesis ...
INFO: [HLS 200-10] Synthesizing 'max_pool_1' ...
INFO: [HLS 200-10] ----------------------------------------------------------------
INFO: [HLS 200-42] -- Implementing module 'max_pool_1' 
INFO: [HLS 200-10] ----------------------------------------------------------------
INFO: [SCHED 204-11] Starting scheduling ...
INFO: [SCHED 204-11] Finished scheduling.
INFO: [HLS 200-111]  Elapsed time: 7.502 seconds; current allocated memory: 104.287 MB.
INFO: [BIND 205-100] Starting micro-architecture generation ...
INFO: [BIND 205-101] Performing variable lifetime analysis.
INFO: [BIND 205-101] Exploring resource sharing.
INFO: [BIND 205-101] Binding ...
INFO: [BIND 205-100] Finished micro-architecture generation.
INFO: [HLS 200-111]  Elapsed time: 0.073 seconds; current allocated memory: 104.638 MB.
INFO: [HLS 200-10] ----------------------------------------------------------------
INFO: [HLS 200-10] -- Generating RTL for module 'max_pool_1' 
INFO: [HLS 200-10] ----------------------------------------------------------------
INFO: [RTGEN 206-500] Setting interface mode on port 'max_pool_1/conv_1_out_0' to 'ap_memory'.
INFO: [RTGEN 206-500] Setting interface mode on port 'max_pool_1/conv_1_out_1' to 'ap_memory'.
INFO: [RTGEN 206-500] Setting interface mode on port 'max_pool_1/conv_1_out_2' to 'ap_memory'.
INFO: [RTGEN 206-500] Setting interface mode on port 'max_pool_1/conv_1_out_3' to 'ap_memory'.
INFO: [RTGEN 206-500] Setting interface mode on port 'max_pool_1/max_pool_1_out' to 'ap_memory'.
INFO: [RTGEN 206-500] Setting interface mode on function 'max_pool_1' to 'ap_ctrl_hs'.
INFO: [SYN 201-210] Renamed object name 'max_pool_1_fcmp_32ns_32ns_1_1_1' to 'max_pool_1_fcmp_3bkb' due to the length limit 20
INFO: [RTGEN 206-100] Generating core module 'max_pool_1_fcmp_3bkb': 1 instance(s).
INFO: [RTGEN 206-100] Finished creating RTL model for 'max_pool_1'.
INFO: [HLS 200-111]  Elapsed time: 0.14 seconds; current allocated memory: 105.276 MB.
INFO: [HLS 200-790] **** Loop Constraint Status: All loop constraints were satisfied.
INFO: [HLS 200-789] **** Estimated Fmax: 52.52 MHz
INFO: [HLS 200-111] Finished generating all RTL models Time (s): cpu = 00:00:03 ; elapsed = 00:00:09 . Memory (MB): peak = 955.531 ; gain = 859.402
INFO: [VHDL 208-304] Generating VHDL RTL for max_pool_1.
INFO: [VLOG 209-307] Generating Verilog RTL for max_pool_1.
INFO: [HLS 200-112] Total elapsed time: 8.969 seconds; peak allocated memory: 105.276 MB.
