==============================================================
Vivado(TM) HLS - High-Level Synthesis from C, C++ and SystemC v2019.1 (64-bit)
Copyright 1986-2019 Xilinx, Inc. All Rights Reserved.
==============================================================
INFO: [SYN 201-201] Setting up clock 'default' with a period of 20ns.
INFO: [HLS 200-10] Setting target device to 'xc7z020-clg400-1'
INFO: [SCHED 204-61] Option 'relax_ii_for_timing' is enabled, will increase II to preserve clock frequency constraints.
INFO: [HLS 200-10] Analyzing design file 'dense/dense.cpp' ... 
INFO: [HLS 200-111] Finished Linking Time (s): cpu = 00:00:00 ; elapsed = 00:00:06 . Memory (MB): peak = 184.195 ; gain = 92.707
INFO: [HLS 200-111] Finished Checking Pragmas Time (s): cpu = 00:00:00 ; elapsed = 00:00:06 . Memory (MB): peak = 184.195 ; gain = 92.707
INFO: [HLS 200-10] Starting code transformations ...
INFO: [HLS 200-111] Finished Standard Transforms Time (s): cpu = 00:00:00 ; elapsed = 00:00:06 . Memory (MB): peak = 184.195 ; gain = 92.707
INFO: [HLS 200-10] Checking synthesizability ...
INFO: [HLS 200-111] Finished Checking Synthesizability Time (s): cpu = 00:00:00 ; elapsed = 00:00:06 . Memory (MB): peak = 184.195 ; gain = 92.707
INFO: [HLS 200-489] Unrolling loop 'Flat_Loop' (dense/dense.cpp:22) in function 'dense' completely with a factor of 60.
INFO: [XFORM 203-102] Partitioning array 'dense_weights' in dimension 1 automatically.
INFO: [HLS 200-111] Finished Pre-synthesis Time (s): cpu = 00:00:00 ; elapsed = 00:00:06 . Memory (MB): peak = 184.195 ; gain = 92.707
INFO: [HLS 200-111] Finished Architecture Synthesis Time (s): cpu = 00:00:00 ; elapsed = 00:00:06 . Memory (MB): peak = 184.195 ; gain = 92.707
INFO: [HLS 200-10] Starting hardware synthesis ...
INFO: [HLS 200-10] Synthesizing 'dense' ...
INFO: [HLS 200-10] ----------------------------------------------------------------
INFO: [HLS 200-42] -- Implementing module 'dense' 
INFO: [HLS 200-10] ----------------------------------------------------------------
INFO: [SCHED 204-11] Starting scheduling ...
INFO: [SCHED 204-11] Finished scheduling.
INFO: [HLS 200-111]  Elapsed time: 6.861 seconds; current allocated memory: 104.721 MB.
INFO: [HLS 200-434] Only 0 loops out of a total 3 loops have been pipelined in this design.
INFO: [BIND 205-100] Starting micro-architecture generation ...
INFO: [BIND 205-101] Performing variable lifetime analysis.
INFO: [BIND 205-101] Exploring resource sharing.
INFO: [BIND 205-101] Binding ...
INFO: [BIND 205-100] Finished micro-architecture generation.
INFO: [HLS 200-111]  Elapsed time: 0.377 seconds; current allocated memory: 106.997 MB.
INFO: [HLS 200-10] ----------------------------------------------------------------
INFO: [HLS 200-10] -- Generating RTL for module 'dense' 
INFO: [HLS 200-10] ----------------------------------------------------------------
INFO: [RTGEN 206-500] Setting interface mode on port 'dense/fully_connected' to 'ap_memory'.
INFO: [RTGEN 206-500] Setting interface mode on port 'dense/prediction' to 'ap_memory'.
INFO: [RTGEN 206-500] Setting interface mode on function 'dense' to 'ap_ctrl_hs'.
INFO: [SYN 201-210] Renamed object name 'dense_dense_weights_0' to 'dense_dense_weighbkb' due to the length limit 20
INFO: [SYN 201-210] Renamed object name 'dense_dense_weights_1' to 'dense_dense_weighcud' due to the length limit 20
INFO: [SYN 201-210] Renamed object name 'dense_dense_weights_2' to 'dense_dense_weighdEe' due to the length limit 20
INFO: [SYN 201-210] Renamed object name 'dense_dense_weights_3' to 'dense_dense_weigheOg' due to the length limit 20
INFO: [SYN 201-210] Renamed object name 'dense_dense_weights_4' to 'dense_dense_weighfYi' due to the length limit 20
INFO: [SYN 201-210] Renamed object name 'dense_dense_weights_5' to 'dense_dense_weighg8j' due to the length limit 20
INFO: [SYN 201-210] Renamed object name 'dense_dense_weights_6' to 'dense_dense_weighhbi' due to the length limit 20
INFO: [SYN 201-210] Renamed object name 'dense_dense_weights_7' to 'dense_dense_weighibs' due to the length limit 20
INFO: [SYN 201-210] Renamed object name 'dense_dense_weights_8' to 'dense_dense_weighjbC' due to the length limit 20
INFO: [SYN 201-210] Renamed object name 'dense_dense_weights_9' to 'dense_dense_weighkbM' due to the length limit 20
INFO: [SYN 201-210] Renamed object name 'dense_dense_weights_10' to 'dense_dense_weighlbW' due to the length limit 20
INFO: [SYN 201-210] Renamed object name 'dense_dense_weights_11' to 'dense_dense_weighmb6' due to the length limit 20
INFO: [SYN 201-210] Renamed object name 'dense_dense_weights_12' to 'dense_dense_weighncg' due to the length limit 20
INFO: [SYN 201-210] Renamed object name 'dense_dense_weights_13' to 'dense_dense_weighocq' due to the length limit 20
INFO: [SYN 201-210] Renamed object name 'dense_dense_weights_14' to 'dense_dense_weighpcA' due to the length limit 20
INFO: [SYN 201-210] Renamed object name 'dense_dense_weights_15' to 'dense_dense_weighqcK' due to the length limit 20
INFO: [SYN 201-210] Renamed object name 'dense_dense_weights_16' to 'dense_dense_weighrcU' due to the length limit 20
INFO: [SYN 201-210] Renamed object name 'dense_dense_weights_17' to 'dense_dense_weighsc4' due to the length limit 20
INFO: [SYN 201-210] Renamed object name 'dense_dense_weights_18' to 'dense_dense_weightde' due to the length limit 20
INFO: [SYN 201-210] Renamed object name 'dense_dense_weights_19' to 'dense_dense_weighudo' due to the length limit 20
INFO: [SYN 201-210] Renamed object name 'dense_dense_weights_20' to 'dense_dense_weighvdy' due to the length limit 20
INFO: [SYN 201-210] Renamed object name 'dense_dense_weights_21' to 'dense_dense_weighwdI' due to the length limit 20
INFO: [SYN 201-210] Renamed object name 'dense_dense_weights_22' to 'dense_dense_weighxdS' due to the length limit 20
INFO: [SYN 201-210] Renamed object name 'dense_dense_weights_23' to 'dense_dense_weighyd2' due to the length limit 20
INFO: [SYN 201-210] Renamed object name 'dense_dense_weights_24' to 'dense_dense_weighzec' due to the length limit 20
INFO: [SYN 201-210] Renamed object name 'dense_dense_weights_25' to 'dense_dense_weighAem' due to the length limit 20
INFO: [SYN 201-210] Renamed object name 'dense_dense_weights_26' to 'dense_dense_weighBew' due to the length limit 20
INFO: [SYN 201-210] Renamed object name 'dense_dense_weights_27' to 'dense_dense_weighCeG' due to the length limit 20
INFO: [SYN 201-210] Renamed object name 'dense_dense_weights_28' to 'dense_dense_weighDeQ' due to the length limit 20
INFO: [SYN 201-210] Renamed object name 'dense_dense_weights_29' to 'dense_dense_weighEe0' due to the length limit 20
INFO: [SYN 201-210] Renamed object name 'dense_dense_weights_30' to 'dense_dense_weighFfa' due to the length limit 20
INFO: [SYN 201-210] Renamed object name 'dense_dense_weights_31' to 'dense_dense_weighGfk' due to the length limit 20
INFO: [SYN 201-210] Renamed object name 'dense_dense_weights_32' to 'dense_dense_weighHfu' due to the length limit 20
INFO: [SYN 201-210] Renamed object name 'dense_dense_weights_33' to 'dense_dense_weighIfE' due to the length limit 20
INFO: [SYN 201-210] Renamed object name 'dense_dense_weights_34' to 'dense_dense_weighJfO' due to the length limit 20
INFO: [SYN 201-210] Renamed object name 'dense_dense_weights_35' to 'dense_dense_weighKfY' due to the length limit 20
INFO: [SYN 201-210] Renamed object name 'dense_dense_weights_36' to 'dense_dense_weighLf8' due to the length limit 20
INFO: [SYN 201-210] Renamed object name 'dense_dense_weights_37' to 'dense_dense_weighMgi' due to the length limit 20
INFO: [SYN 201-210] Renamed object name 'dense_dense_weights_38' to 'dense_dense_weighNgs' due to the length limit 20
INFO: [SYN 201-210] Renamed object name 'dense_dense_weights_39' to 'dense_dense_weighOgC' due to the length limit 20
INFO: [SYN 201-210] Renamed object name 'dense_dense_weights_40' to 'dense_dense_weighPgM' due to the length limit 20
INFO: [SYN 201-210] Renamed object name 'dense_dense_weights_41' to 'dense_dense_weighQgW' due to the length limit 20
INFO: [SYN 201-210] Renamed object name 'dense_dense_weights_42' to 'dense_dense_weighRg6' due to the length limit 20
INFO: [SYN 201-210] Renamed object name 'dense_dense_weights_43' to 'dense_dense_weighShg' due to the length limit 20
INFO: [SYN 201-210] Renamed object name 'dense_dense_weights_44' to 'dense_dense_weighThq' due to the length limit 20
INFO: [SYN 201-210] Renamed object name 'dense_dense_weights_45' to 'dense_dense_weighUhA' due to the length limit 20
INFO: [SYN 201-210] Renamed object name 'dense_dense_weights_46' to 'dense_dense_weighVhK' due to the length limit 20
INFO: [SYN 201-210] Renamed object name 'dense_dense_weights_47' to 'dense_dense_weighWhU' due to the length limit 20
INFO: [SYN 201-210] Renamed object name 'dense_dense_weights_48' to 'dense_dense_weighXh4' due to the length limit 20
INFO: [SYN 201-210] Renamed object name 'dense_dense_weights_49' to 'dense_dense_weighYie' due to the length limit 20
INFO: [SYN 201-210] Renamed object name 'dense_dense_weights_50' to 'dense_dense_weighZio' due to the length limit 20
INFO: [SYN 201-210] Renamed object name 'dense_dense_weights_51' to 'dense_dense_weigh0iy' due to the length limit 20
INFO: [SYN 201-210] Renamed object name 'dense_dense_weights_52' to 'dense_dense_weigh1iI' due to the length limit 20
INFO: [SYN 201-210] Renamed object name 'dense_dense_weights_53' to 'dense_dense_weigh2iS' due to the length limit 20
INFO: [SYN 201-210] Renamed object name 'dense_dense_weights_54' to 'dense_dense_weigh3i2' due to the length limit 20
INFO: [SYN 201-210] Renamed object name 'dense_dense_weights_55' to 'dense_dense_weigh4jc' due to the length limit 20
INFO: [SYN 201-210] Renamed object name 'dense_dense_weights_56' to 'dense_dense_weigh5jm' due to the length limit 20
INFO: [SYN 201-210] Renamed object name 'dense_dense_weights_57' to 'dense_dense_weigh6jw' due to the length limit 20
INFO: [SYN 201-210] Renamed object name 'dense_dense_weights_58' to 'dense_dense_weigh7jG' due to the length limit 20
INFO: [SYN 201-210] Renamed object name 'dense_dense_weights_59' to 'dense_dense_weigh8jQ' due to the length limit 20
INFO: [SYN 201-210] Renamed object name 'dense_fadd_32ns_32ns_32_4_full_dsp_1' to 'dense_fadd_32ns_39j0' due to the length limit 20
INFO: [SYN 201-210] Renamed object name 'dense_fmul_32ns_32ns_32_2_max_dsp_1' to 'dense_fmul_32ns_3bak' due to the length limit 20
INFO: [SYN 201-210] Renamed object name 'dense_fdiv_32ns_32ns_32_8_1' to 'dense_fdiv_32ns_3bbk' due to the length limit 20
INFO: [SYN 201-210] Renamed object name 'dense_fexp_32ns_32ns_32_5_full_dsp_1' to 'dense_fexp_32ns_3bck' due to the length limit 20
INFO: [RTGEN 206-100] Generating core module 'dense_fadd_32ns_39j0': 1 instance(s).
INFO: [RTGEN 206-100] Generating core module 'dense_fdiv_32ns_3bbk': 1 instance(s).
INFO: [RTGEN 206-100] Generating core module 'dense_fexp_32ns_3bck': 1 instance(s).
INFO: [RTGEN 206-100] Generating core module 'dense_fmul_32ns_3bak': 1 instance(s).
INFO: [RTGEN 206-100] Finished creating RTL model for 'dense'.
INFO: [HLS 200-111]  Elapsed time: 1.034 seconds; current allocated memory: 111.816 MB.
INFO: [RTMG 210-279] Implementing memory 'dense_dense_weighbkb_rom' using distributed ROMs.
INFO: [RTMG 210-279] Implementing memory 'dense_dense_weighcud_rom' using distributed ROMs.
INFO: [RTMG 210-279] Implementing memory 'dense_dense_weighdEe_rom' using distributed ROMs.
INFO: [RTMG 210-279] Implementing memory 'dense_dense_weigheOg_rom' using distributed ROMs.
INFO: [RTMG 210-279] Implementing memory 'dense_dense_weighfYi_rom' using distributed ROMs.
INFO: [RTMG 210-279] Implementing memory 'dense_dense_weighg8j_rom' using distributed ROMs.
INFO: [RTMG 210-279] Implementing memory 'dense_dense_weighhbi_rom' using distributed ROMs.
INFO: [RTMG 210-279] Implementing memory 'dense_dense_weighibs_rom' using distributed ROMs.
INFO: [RTMG 210-279] Implementing memory 'dense_dense_weighjbC_rom' using distributed ROMs.
INFO: [RTMG 210-279] Implementing memory 'dense_dense_weighkbM_rom' using distributed ROMs.
INFO: [RTMG 210-279] Implementing memory 'dense_dense_weighlbW_rom' using distributed ROMs.
INFO: [RTMG 210-279] Implementing memory 'dense_dense_weighmb6_rom' using distributed ROMs.
INFO: [RTMG 210-279] Implementing memory 'dense_dense_weighncg_rom' using distributed ROMs.
INFO: [RTMG 210-279] Implementing memory 'dense_dense_weighocq_rom' using distributed ROMs.
INFO: [RTMG 210-279] Implementing memory 'dense_dense_weighpcA_rom' using distributed ROMs.
INFO: [RTMG 210-279] Implementing memory 'dense_dense_weighqcK_rom' using distributed ROMs.
INFO: [RTMG 210-279] Implementing memory 'dense_dense_weighrcU_rom' using distributed ROMs.
INFO: [RTMG 210-279] Implementing memory 'dense_dense_weighsc4_rom' using distributed ROMs.
INFO: [RTMG 210-279] Implementing memory 'dense_dense_weightde_rom' using distributed ROMs.
INFO: [RTMG 210-279] Implementing memory 'dense_dense_weighudo_rom' using distributed ROMs.
INFO: [RTMG 210-279] Implementing memory 'dense_dense_weighvdy_rom' using distributed ROMs.
INFO: [RTMG 210-279] Implementing memory 'dense_dense_weighwdI_rom' using distributed ROMs.
INFO: [RTMG 210-279] Implementing memory 'dense_dense_weighxdS_rom' using distributed ROMs.
INFO: [RTMG 210-279] Implementing memory 'dense_dense_weighyd2_rom' using distributed ROMs.
INFO: [RTMG 210-279] Implementing memory 'dense_dense_weighzec_rom' using distributed ROMs.
INFO: [RTMG 210-279] Implementing memory 'dense_dense_weighAem_rom' using distributed ROMs.
INFO: [RTMG 210-279] Implementing memory 'dense_dense_weighBew_rom' using distributed ROMs.
INFO: [RTMG 210-279] Implementing memory 'dense_dense_weighCeG_rom' using distributed ROMs.
INFO: [RTMG 210-279] Implementing memory 'dense_dense_weighDeQ_rom' using distributed ROMs.
INFO: [RTMG 210-279] Implementing memory 'dense_dense_weighEe0_rom' using distributed ROMs.
INFO: [RTMG 210-279] Implementing memory 'dense_dense_weighFfa_rom' using distributed ROMs.
INFO: [RTMG 210-279] Implementing memory 'dense_dense_weighGfk_rom' using distributed ROMs.
INFO: [RTMG 210-279] Implementing memory 'dense_dense_weighHfu_rom' using distributed ROMs.
INFO: [RTMG 210-279] Implementing memory 'dense_dense_weighIfE_rom' using distributed ROMs.
INFO: [RTMG 210-279] Implementing memory 'dense_dense_weighJfO_rom' using distributed ROMs.
INFO: [RTMG 210-279] Implementing memory 'dense_dense_weighKfY_rom' using distributed ROMs.
INFO: [RTMG 210-279] Implementing memory 'dense_dense_weighLf8_rom' using distributed ROMs.
INFO: [RTMG 210-279] Implementing memory 'dense_dense_weighMgi_rom' using distributed ROMs.
INFO: [RTMG 210-279] Implementing memory 'dense_dense_weighNgs_rom' using distributed ROMs.
INFO: [RTMG 210-279] Implementing memory 'dense_dense_weighOgC_rom' using distributed ROMs.
INFO: [RTMG 210-279] Implementing memory 'dense_dense_weighPgM_rom' using distributed ROMs.
INFO: [RTMG 210-279] Implementing memory 'dense_dense_weighQgW_rom' using distributed ROMs.
INFO: [RTMG 210-279] Implementing memory 'dense_dense_weighRg6_rom' using distributed ROMs.
INFO: [RTMG 210-279] Implementing memory 'dense_dense_weighShg_rom' using distributed ROMs.
INFO: [RTMG 210-279] Implementing memory 'dense_dense_weighThq_rom' using distributed ROMs.
INFO: [RTMG 210-279] Implementing memory 'dense_dense_weighUhA_rom' using distributed ROMs.
INFO: [RTMG 210-279] Implementing memory 'dense_dense_weighVhK_rom' using distributed ROMs.
INFO: [RTMG 210-279] Implementing memory 'dense_dense_weighWhU_rom' using distributed ROMs.
INFO: [RTMG 210-279] Implementing memory 'dense_dense_weighXh4_rom' using distributed ROMs.
INFO: [RTMG 210-279] Implementing memory 'dense_dense_weighYie_rom' using distributed ROMs.
INFO: [RTMG 210-279] Implementing memory 'dense_dense_weighZio_rom' using distributed ROMs.
INFO: [RTMG 210-279] Implementing memory 'dense_dense_weigh0iy_rom' using distributed ROMs.
INFO: [RTMG 210-279] Implementing memory 'dense_dense_weigh1iI_rom' using distributed ROMs.
INFO: [RTMG 210-279] Implementing memory 'dense_dense_weigh2iS_rom' using distributed ROMs.
INFO: [RTMG 210-279] Implementing memory 'dense_dense_weigh3i2_rom' using distributed ROMs.
INFO: [RTMG 210-279] Implementing memory 'dense_dense_weigh4jc_rom' using distributed ROMs.
INFO: [RTMG 210-279] Implementing memory 'dense_dense_weigh5jm_rom' using distributed ROMs.
INFO: [RTMG 210-279] Implementing memory 'dense_dense_weigh6jw_rom' using distributed ROMs.
INFO: [RTMG 210-279] Implementing memory 'dense_dense_weigh7jG_rom' using distributed ROMs.
INFO: [RTMG 210-279] Implementing memory 'dense_dense_weigh8jQ_rom' using distributed ROMs.
INFO: [RTMG 210-279] Implementing memory 'dense_dense_bias_rom' using distributed ROMs.
INFO: [RTMG 210-278] Implementing memory 'dense_dense_array_ram (RAM)' using distributed RAMs.
INFO: [HLS 200-111] Finished generating all RTL models Time (s): cpu = 00:00:03 ; elapsed = 00:00:15 . Memory (MB): peak = 184.195 ; gain = 92.707
INFO: [VHDL 208-304] Generating VHDL RTL for dense.
INFO: [VLOG 209-307] Generating Verilog RTL for dense.
INFO: [HLS 200-112] Total elapsed time: 14.897 seconds; peak allocated memory: 111.816 MB.
==============================================================
Vivado(TM) HLS - High-Level Synthesis from C, C++ and SystemC v2019.1 (64-bit)
Copyright 1986-2019 Xilinx, Inc. All Rights Reserved.
==============================================================
INFO: [SYN 201-201] Setting up clock 'default' with a period of 20ns.
INFO: [HLS 200-10] Setting target device to 'xc7z020-clg400-1'
INFO: [SCHED 204-61] Option 'relax_ii_for_timing' is enabled, will increase II to preserve clock frequency constraints.
INFO: [HLS 200-10] Analyzing design file 'dense_out/dense_out.cpp' ... 
INFO: [HLS 200-111] Finished Linking Time (s): cpu = 00:00:00 ; elapsed = 00:00:06 . Memory (MB): peak = 184.582 ; gain = 93.137
INFO: [HLS 200-111] Finished Checking Pragmas Time (s): cpu = 00:00:00 ; elapsed = 00:00:06 . Memory (MB): peak = 184.582 ; gain = 93.137
INFO: [HLS 200-10] Starting code transformations ...
INFO: [HLS 200-111] Finished Standard Transforms Time (s): cpu = 00:00:00 ; elapsed = 00:00:06 . Memory (MB): peak = 184.582 ; gain = 93.137
INFO: [HLS 200-10] Checking synthesizability ...
INFO: [HLS 200-111] Finished Checking Synthesizability Time (s): cpu = 00:00:00 ; elapsed = 00:00:06 . Memory (MB): peak = 184.582 ; gain = 93.137
INFO: [HLS 200-489] Unrolling loop 'Flat_Loop' (dense_out/dense_out.cpp:22) in function 'dense' completely with a factor of 30.
INFO: [XFORM 203-102] Partitioning array 'dense_out_weights' in dimension 1 automatically.
INFO: [HLS 200-111] Finished Pre-synthesis Time (s): cpu = 00:00:00 ; elapsed = 00:00:06 . Memory (MB): peak = 184.582 ; gain = 93.137
INFO: [HLS 200-111] Finished Architecture Synthesis Time (s): cpu = 00:00:00 ; elapsed = 00:00:06 . Memory (MB): peak = 184.582 ; gain = 93.137
INFO: [HLS 200-10] Starting hardware synthesis ...
INFO: [HLS 200-10] Synthesizing 'dense' ...
INFO: [HLS 200-10] ----------------------------------------------------------------
INFO: [HLS 200-42] -- Implementing module 'dense' 
INFO: [HLS 200-10] ----------------------------------------------------------------
INFO: [SCHED 204-11] Starting scheduling ...
INFO: [SCHED 204-11] Finished scheduling.
INFO: [HLS 200-111]  Elapsed time: 6.652 seconds; current allocated memory: 102.787 MB.
INFO: [HLS 200-434] Only 0 loops out of a total 3 loops have been pipelined in this design.
INFO: [BIND 205-100] Starting micro-architecture generation ...
INFO: [BIND 205-101] Performing variable lifetime analysis.
INFO: [BIND 205-101] Exploring resource sharing.
INFO: [BIND 205-101] Binding ...
INFO: [BIND 205-100] Finished micro-architecture generation.
INFO: [HLS 200-111]  Elapsed time: 0.187 seconds; current allocated memory: 103.934 MB.
INFO: [HLS 200-10] ----------------------------------------------------------------
INFO: [HLS 200-10] -- Generating RTL for module 'dense' 
INFO: [HLS 200-10] ----------------------------------------------------------------
INFO: [RTGEN 206-500] Setting interface mode on port 'dense/fully_connected' to 'ap_memory'.
INFO: [RTGEN 206-500] Setting interface mode on port 'dense/prediction' to 'ap_memory'.
INFO: [RTGEN 206-500] Setting interface mode on function 'dense' to 'ap_ctrl_hs'.
INFO: [SYN 201-210] Renamed object name 'dense_dense_out_weights_0' to 'dense_dense_out_wbkb' due to the length limit 20
INFO: [SYN 201-210] Renamed object name 'dense_dense_out_weights_1' to 'dense_dense_out_wcud' due to the length limit 20
INFO: [SYN 201-210] Renamed object name 'dense_dense_out_weights_2' to 'dense_dense_out_wdEe' due to the length limit 20
INFO: [SYN 201-210] Renamed object name 'dense_dense_out_weights_3' to 'dense_dense_out_weOg' due to the length limit 20
INFO: [SYN 201-210] Renamed object name 'dense_dense_out_weights_4' to 'dense_dense_out_wfYi' due to the length limit 20
INFO: [SYN 201-210] Renamed object name 'dense_dense_out_weights_5' to 'dense_dense_out_wg8j' due to the length limit 20
INFO: [SYN 201-210] Renamed object name 'dense_dense_out_weights_6' to 'dense_dense_out_whbi' due to the length limit 20
INFO: [SYN 201-210] Renamed object name 'dense_dense_out_weights_7' to 'dense_dense_out_wibs' due to the length limit 20
INFO: [SYN 201-210] Renamed object name 'dense_dense_out_weights_8' to 'dense_dense_out_wjbC' due to the length limit 20
INFO: [SYN 201-210] Renamed object name 'dense_dense_out_weights_9' to 'dense_dense_out_wkbM' due to the length limit 20
INFO: [SYN 201-210] Renamed object name 'dense_dense_out_weights_10' to 'dense_dense_out_wlbW' due to the length limit 20
INFO: [SYN 201-210] Renamed object name 'dense_dense_out_weights_11' to 'dense_dense_out_wmb6' due to the length limit 20
INFO: [SYN 201-210] Renamed object name 'dense_dense_out_weights_12' to 'dense_dense_out_wncg' due to the length limit 20
INFO: [SYN 201-210] Renamed object name 'dense_dense_out_weights_13' to 'dense_dense_out_wocq' due to the length limit 20
INFO: [SYN 201-210] Renamed object name 'dense_dense_out_weights_14' to 'dense_dense_out_wpcA' due to the length limit 20
INFO: [SYN 201-210] Renamed object name 'dense_dense_out_weights_15' to 'dense_dense_out_wqcK' due to the length limit 20
INFO: [SYN 201-210] Renamed object name 'dense_dense_out_weights_16' to 'dense_dense_out_wrcU' due to the length limit 20
INFO: [SYN 201-210] Renamed object name 'dense_dense_out_weights_17' to 'dense_dense_out_wsc4' due to the length limit 20
INFO: [SYN 201-210] Renamed object name 'dense_dense_out_weights_18' to 'dense_dense_out_wtde' due to the length limit 20
INFO: [SYN 201-210] Renamed object name 'dense_dense_out_weights_19' to 'dense_dense_out_wudo' due to the length limit 20
INFO: [SYN 201-210] Renamed object name 'dense_dense_out_weights_20' to 'dense_dense_out_wvdy' due to the length limit 20
INFO: [SYN 201-210] Renamed object name 'dense_dense_out_weights_21' to 'dense_dense_out_wwdI' due to the length limit 20
INFO: [SYN 201-210] Renamed object name 'dense_dense_out_weights_22' to 'dense_dense_out_wxdS' due to the length limit 20
INFO: [SYN 201-210] Renamed object name 'dense_dense_out_weights_23' to 'dense_dense_out_wyd2' due to the length limit 20
INFO: [SYN 201-210] Renamed object name 'dense_dense_out_weights_24' to 'dense_dense_out_wzec' due to the length limit 20
INFO: [SYN 201-210] Renamed object name 'dense_dense_out_weights_25' to 'dense_dense_out_wAem' due to the length limit 20
INFO: [SYN 201-210] Renamed object name 'dense_dense_out_weights_26' to 'dense_dense_out_wBew' due to the length limit 20
INFO: [SYN 201-210] Renamed object name 'dense_dense_out_weights_27' to 'dense_dense_out_wCeG' due to the length limit 20
INFO: [SYN 201-210] Renamed object name 'dense_dense_out_weights_28' to 'dense_dense_out_wDeQ' due to the length limit 20
INFO: [SYN 201-210] Renamed object name 'dense_dense_out_weights_29' to 'dense_dense_out_wEe0' due to the length limit 20
INFO: [SYN 201-210] Renamed object name 'dense_dense_out_bias' to 'dense_dense_out_bFfa' due to the length limit 20
INFO: [SYN 201-210] Renamed object name 'dense_fadd_32ns_32ns_32_4_full_dsp_1' to 'dense_fadd_32ns_3Gfk' due to the length limit 20
INFO: [SYN 201-210] Renamed object name 'dense_fmul_32ns_32ns_32_2_max_dsp_1' to 'dense_fmul_32ns_3Hfu' due to the length limit 20
INFO: [SYN 201-210] Renamed object name 'dense_fdiv_32ns_32ns_32_8_1' to 'dense_fdiv_32ns_3IfE' due to the length limit 20
INFO: [SYN 201-210] Renamed object name 'dense_fexp_32ns_32ns_32_5_full_dsp_1' to 'dense_fexp_32ns_3JfO' due to the length limit 20
INFO: [RTGEN 206-100] Generating core module 'dense_fadd_32ns_3Gfk': 1 instance(s).
INFO: [RTGEN 206-100] Generating core module 'dense_fdiv_32ns_3IfE': 1 instance(s).
INFO: [RTGEN 206-100] Generating core module 'dense_fexp_32ns_3JfO': 1 instance(s).
INFO: [RTGEN 206-100] Generating core module 'dense_fmul_32ns_3Hfu': 1 instance(s).
INFO: [RTGEN 206-100] Finished creating RTL model for 'dense'.
INFO: [HLS 200-111]  Elapsed time: 0.53 seconds; current allocated memory: 106.540 MB.
INFO: [RTMG 210-279] Implementing memory 'dense_dense_out_wbkb_rom' using distributed ROMs.
INFO: [RTMG 210-279] Implementing memory 'dense_dense_out_wcud_rom' using distributed ROMs.
INFO: [RTMG 210-279] Implementing memory 'dense_dense_out_wdEe_rom' using distributed ROMs.
INFO: [RTMG 210-279] Implementing memory 'dense_dense_out_weOg_rom' using distributed ROMs.
INFO: [RTMG 210-279] Implementing memory 'dense_dense_out_wfYi_rom' using distributed ROMs.
INFO: [RTMG 210-279] Implementing memory 'dense_dense_out_wg8j_rom' using distributed ROMs.
INFO: [RTMG 210-279] Implementing memory 'dense_dense_out_whbi_rom' using distributed ROMs.
INFO: [RTMG 210-279] Implementing memory 'dense_dense_out_wibs_rom' using distributed ROMs.
INFO: [RTMG 210-279] Implementing memory 'dense_dense_out_wjbC_rom' using distributed ROMs.
INFO: [RTMG 210-279] Implementing memory 'dense_dense_out_wkbM_rom' using distributed ROMs.
INFO: [RTMG 210-279] Implementing memory 'dense_dense_out_wlbW_rom' using distributed ROMs.
INFO: [RTMG 210-279] Implementing memory 'dense_dense_out_wmb6_rom' using distributed ROMs.
INFO: [RTMG 210-279] Implementing memory 'dense_dense_out_wncg_rom' using distributed ROMs.
INFO: [RTMG 210-279] Implementing memory 'dense_dense_out_wocq_rom' using distributed ROMs.
INFO: [RTMG 210-279] Implementing memory 'dense_dense_out_wpcA_rom' using distributed ROMs.
INFO: [RTMG 210-279] Implementing memory 'dense_dense_out_wqcK_rom' using distributed ROMs.
INFO: [RTMG 210-279] Implementing memory 'dense_dense_out_wrcU_rom' using distributed ROMs.
INFO: [RTMG 210-279] Implementing memory 'dense_dense_out_wsc4_rom' using distributed ROMs.
INFO: [RTMG 210-279] Implementing memory 'dense_dense_out_wtde_rom' using distributed ROMs.
INFO: [RTMG 210-279] Implementing memory 'dense_dense_out_wudo_rom' using distributed ROMs.
INFO: [RTMG 210-279] Implementing memory 'dense_dense_out_wvdy_rom' using distributed ROMs.
INFO: [RTMG 210-279] Implementing memory 'dense_dense_out_wwdI_rom' using distributed ROMs.
INFO: [RTMG 210-279] Implementing memory 'dense_dense_out_wxdS_rom' using distributed ROMs.
INFO: [RTMG 210-279] Implementing memory 'dense_dense_out_wyd2_rom' using distributed ROMs.
INFO: [RTMG 210-279] Implementing memory 'dense_dense_out_wzec_rom' using distributed ROMs.
INFO: [RTMG 210-279] Implementing memory 'dense_dense_out_wAem_rom' using distributed ROMs.
INFO: [RTMG 210-279] Implementing memory 'dense_dense_out_wBew_rom' using distributed ROMs.
INFO: [RTMG 210-279] Implementing memory 'dense_dense_out_wCeG_rom' using distributed ROMs.
INFO: [RTMG 210-279] Implementing memory 'dense_dense_out_wDeQ_rom' using distributed ROMs.
INFO: [RTMG 210-279] Implementing memory 'dense_dense_out_wEe0_rom' using distributed ROMs.
INFO: [RTMG 210-279] Implementing memory 'dense_dense_out_bFfa_rom' using distributed ROMs.
INFO: [RTMG 210-278] Implementing memory 'dense_dense_array_ram (RAM)' using distributed RAMs.
INFO: [HLS 200-111] Finished generating all RTL models Time (s): cpu = 00:00:02 ; elapsed = 00:00:11 . Memory (MB): peak = 184.582 ; gain = 93.137
INFO: [VHDL 208-304] Generating VHDL RTL for dense.
INFO: [VLOG 209-307] Generating Verilog RTL for dense.
INFO: [HLS 200-112] Total elapsed time: 11.153 seconds; peak allocated memory: 106.540 MB.
==============================================================
Vivado(TM) HLS - High-Level Synthesis from C, C++ and SystemC v2019.1 (64-bit)
Copyright 1986-2019 Xilinx, Inc. All Rights Reserved.
==============================================================
INFO: [SYN 201-201] Setting up clock 'default' with a period of 20ns.
INFO: [HLS 200-10] Setting target device to 'xc7z020-clg400-1'
INFO: [SCHED 204-61] Option 'relax_ii_for_timing' is enabled, will increase II to preserve clock frequency constraints.
INFO: [HLS 200-10] Analyzing design file 'dense_out/dense_out.cpp' ... 
INFO: [HLS 200-111] Finished Linking Time (s): cpu = 00:00:01 ; elapsed = 00:00:06 . Memory (MB): peak = 185.109 ; gain = 93.590
INFO: [HLS 200-111] Finished Checking Pragmas Time (s): cpu = 00:00:01 ; elapsed = 00:00:06 . Memory (MB): peak = 185.109 ; gain = 93.590
INFO: [HLS 200-10] Starting code transformations ...
INFO: [HLS 200-111] Finished Standard Transforms Time (s): cpu = 00:00:01 ; elapsed = 00:00:07 . Memory (MB): peak = 185.109 ; gain = 93.590
INFO: [HLS 200-10] Checking synthesizability ...
INFO: [HLS 200-111] Finished Checking Synthesizability Time (s): cpu = 00:00:01 ; elapsed = 00:00:07 . Memory (MB): peak = 185.109 ; gain = 93.590
INFO: [HLS 200-489] Unrolling loop 'Flat_Loop' (dense_out/dense_out.cpp:22) in function 'dense' completely with a factor of 30.
INFO: [XFORM 203-102] Partitioning array 'dense_out_weights' in dimension 1 automatically.
INFO: [HLS 200-111] Finished Pre-synthesis Time (s): cpu = 00:00:01 ; elapsed = 00:00:07 . Memory (MB): peak = 185.109 ; gain = 93.590
INFO: [HLS 200-111] Finished Architecture Synthesis Time (s): cpu = 00:00:01 ; elapsed = 00:00:07 . Memory (MB): peak = 185.109 ; gain = 93.590
INFO: [HLS 200-10] Starting hardware synthesis ...
INFO: [HLS 200-10] Synthesizing 'dense' ...
INFO: [HLS 200-10] ----------------------------------------------------------------
INFO: [HLS 200-42] -- Implementing module 'dense' 
INFO: [HLS 200-10] ----------------------------------------------------------------
INFO: [SCHED 204-11] Starting scheduling ...
INFO: [SCHED 204-11] Finished scheduling.
INFO: [HLS 200-111]  Elapsed time: 6.977 seconds; current allocated memory: 102.804 MB.
INFO: [HLS 200-434] Only 0 loops out of a total 3 loops have been pipelined in this design.
INFO: [BIND 205-100] Starting micro-architecture generation ...
INFO: [BIND 205-101] Performing variable lifetime analysis.
INFO: [BIND 205-101] Exploring resource sharing.
INFO: [BIND 205-101] Binding ...
INFO: [BIND 205-100] Finished micro-architecture generation.
INFO: [HLS 200-111]  Elapsed time: 0.183 seconds; current allocated memory: 103.950 MB.
INFO: [HLS 200-10] ----------------------------------------------------------------
INFO: [HLS 200-10] -- Generating RTL for module 'dense' 
INFO: [HLS 200-10] ----------------------------------------------------------------
INFO: [RTGEN 206-500] Setting interface mode on port 'dense/fully_connected' to 'ap_memory'.
INFO: [RTGEN 206-500] Setting interface mode on port 'dense/prediction' to 'ap_memory'.
INFO: [RTGEN 206-500] Setting interface mode on function 'dense' to 'ap_ctrl_hs'.
INFO: [SYN 201-210] Renamed object name 'dense_dense_out_weights_0' to 'dense_dense_out_wbkb' due to the length limit 20
INFO: [SYN 201-210] Renamed object name 'dense_dense_out_weights_1' to 'dense_dense_out_wcud' due to the length limit 20
INFO: [SYN 201-210] Renamed object name 'dense_dense_out_weights_2' to 'dense_dense_out_wdEe' due to the length limit 20
INFO: [SYN 201-210] Renamed object name 'dense_dense_out_weights_3' to 'dense_dense_out_weOg' due to the length limit 20
INFO: [SYN 201-210] Renamed object name 'dense_dense_out_weights_4' to 'dense_dense_out_wfYi' due to the length limit 20
INFO: [SYN 201-210] Renamed object name 'dense_dense_out_weights_5' to 'dense_dense_out_wg8j' due to the length limit 20
INFO: [SYN 201-210] Renamed object name 'dense_dense_out_weights_6' to 'dense_dense_out_whbi' due to the length limit 20
INFO: [SYN 201-210] Renamed object name 'dense_dense_out_weights_7' to 'dense_dense_out_wibs' due to the length limit 20
INFO: [SYN 201-210] Renamed object name 'dense_dense_out_weights_8' to 'dense_dense_out_wjbC' due to the length limit 20
INFO: [SYN 201-210] Renamed object name 'dense_dense_out_weights_9' to 'dense_dense_out_wkbM' due to the length limit 20
INFO: [SYN 201-210] Renamed object name 'dense_dense_out_weights_10' to 'dense_dense_out_wlbW' due to the length limit 20
INFO: [SYN 201-210] Renamed object name 'dense_dense_out_weights_11' to 'dense_dense_out_wmb6' due to the length limit 20
INFO: [SYN 201-210] Renamed object name 'dense_dense_out_weights_12' to 'dense_dense_out_wncg' due to the length limit 20
INFO: [SYN 201-210] Renamed object name 'dense_dense_out_weights_13' to 'dense_dense_out_wocq' due to the length limit 20
INFO: [SYN 201-210] Renamed object name 'dense_dense_out_weights_14' to 'dense_dense_out_wpcA' due to the length limit 20
INFO: [SYN 201-210] Renamed object name 'dense_dense_out_weights_15' to 'dense_dense_out_wqcK' due to the length limit 20
INFO: [SYN 201-210] Renamed object name 'dense_dense_out_weights_16' to 'dense_dense_out_wrcU' due to the length limit 20
INFO: [SYN 201-210] Renamed object name 'dense_dense_out_weights_17' to 'dense_dense_out_wsc4' due to the length limit 20
INFO: [SYN 201-210] Renamed object name 'dense_dense_out_weights_18' to 'dense_dense_out_wtde' due to the length limit 20
INFO: [SYN 201-210] Renamed object name 'dense_dense_out_weights_19' to 'dense_dense_out_wudo' due to the length limit 20
INFO: [SYN 201-210] Renamed object name 'dense_dense_out_weights_20' to 'dense_dense_out_wvdy' due to the length limit 20
INFO: [SYN 201-210] Renamed object name 'dense_dense_out_weights_21' to 'dense_dense_out_wwdI' due to the length limit 20
INFO: [SYN 201-210] Renamed object name 'dense_dense_out_weights_22' to 'dense_dense_out_wxdS' due to the length limit 20
INFO: [SYN 201-210] Renamed object name 'dense_dense_out_weights_23' to 'dense_dense_out_wyd2' due to the length limit 20
INFO: [SYN 201-210] Renamed object name 'dense_dense_out_weights_24' to 'dense_dense_out_wzec' due to the length limit 20
INFO: [SYN 201-210] Renamed object name 'dense_dense_out_weights_25' to 'dense_dense_out_wAem' due to the length limit 20
INFO: [SYN 201-210] Renamed object name 'dense_dense_out_weights_26' to 'dense_dense_out_wBew' due to the length limit 20
INFO: [SYN 201-210] Renamed object name 'dense_dense_out_weights_27' to 'dense_dense_out_wCeG' due to the length limit 20
INFO: [SYN 201-210] Renamed object name 'dense_dense_out_weights_28' to 'dense_dense_out_wDeQ' due to the length limit 20
INFO: [SYN 201-210] Renamed object name 'dense_dense_out_weights_29' to 'dense_dense_out_wEe0' due to the length limit 20
INFO: [SYN 201-210] Renamed object name 'dense_dense_out_bias' to 'dense_dense_out_bFfa' due to the length limit 20
INFO: [SYN 201-210] Renamed object name 'dense_fadd_32ns_32ns_32_4_full_dsp_1' to 'dense_fadd_32ns_3Gfk' due to the length limit 20
INFO: [SYN 201-210] Renamed object name 'dense_fmul_32ns_32ns_32_2_max_dsp_1' to 'dense_fmul_32ns_3Hfu' due to the length limit 20
INFO: [SYN 201-210] Renamed object name 'dense_fdiv_32ns_32ns_32_8_1' to 'dense_fdiv_32ns_3IfE' due to the length limit 20
INFO: [SYN 201-210] Renamed object name 'dense_fexp_32ns_32ns_32_5_full_dsp_1' to 'dense_fexp_32ns_3JfO' due to the length limit 20
INFO: [RTGEN 206-100] Generating core module 'dense_fadd_32ns_3Gfk': 1 instance(s).
INFO: [RTGEN 206-100] Generating core module 'dense_fdiv_32ns_3IfE': 1 instance(s).
INFO: [RTGEN 206-100] Generating core module 'dense_fexp_32ns_3JfO': 1 instance(s).
INFO: [RTGEN 206-100] Generating core module 'dense_fmul_32ns_3Hfu': 1 instance(s).
INFO: [RTGEN 206-100] Finished creating RTL model for 'dense'.
INFO: [HLS 200-111]  Elapsed time: 0.504 seconds; current allocated memory: 106.556 MB.
INFO: [RTMG 210-279] Implementing memory 'dense_dense_out_wbkb_rom' using distributed ROMs.
INFO: [RTMG 210-279] Implementing memory 'dense_dense_out_wcud_rom' using distributed ROMs.
INFO: [RTMG 210-279] Implementing memory 'dense_dense_out_wdEe_rom' using distributed ROMs.
INFO: [RTMG 210-279] Implementing memory 'dense_dense_out_weOg_rom' using distributed ROMs.
INFO: [RTMG 210-279] Implementing memory 'dense_dense_out_wfYi_rom' using distributed ROMs.
INFO: [RTMG 210-279] Implementing memory 'dense_dense_out_wg8j_rom' using distributed ROMs.
INFO: [RTMG 210-279] Implementing memory 'dense_dense_out_whbi_rom' using distributed ROMs.
INFO: [RTMG 210-279] Implementing memory 'dense_dense_out_wibs_rom' using distributed ROMs.
INFO: [RTMG 210-279] Implementing memory 'dense_dense_out_wjbC_rom' using distributed ROMs.
INFO: [RTMG 210-279] Implementing memory 'dense_dense_out_wkbM_rom' using distributed ROMs.
INFO: [RTMG 210-279] Implementing memory 'dense_dense_out_wlbW_rom' using distributed ROMs.
INFO: [RTMG 210-279] Implementing memory 'dense_dense_out_wmb6_rom' using distributed ROMs.
INFO: [RTMG 210-279] Implementing memory 'dense_dense_out_wncg_rom' using distributed ROMs.
INFO: [RTMG 210-279] Implementing memory 'dense_dense_out_wocq_rom' using distributed ROMs.
INFO: [RTMG 210-279] Implementing memory 'dense_dense_out_wpcA_rom' using distributed ROMs.
INFO: [RTMG 210-279] Implementing memory 'dense_dense_out_wqcK_rom' using distributed ROMs.
INFO: [RTMG 210-279] Implementing memory 'dense_dense_out_wrcU_rom' using distributed ROMs.
INFO: [RTMG 210-279] Implementing memory 'dense_dense_out_wsc4_rom' using distributed ROMs.
INFO: [RTMG 210-279] Implementing memory 'dense_dense_out_wtde_rom' using distributed ROMs.
INFO: [RTMG 210-279] Implementing memory 'dense_dense_out_wudo_rom' using distributed ROMs.
INFO: [RTMG 210-279] Implementing memory 'dense_dense_out_wvdy_rom' using distributed ROMs.
INFO: [RTMG 210-279] Implementing memory 'dense_dense_out_wwdI_rom' using distributed ROMs.
INFO: [RTMG 210-279] Implementing memory 'dense_dense_out_wxdS_rom' using distributed ROMs.
INFO: [RTMG 210-279] Implementing memory 'dense_dense_out_wyd2_rom' using distributed ROMs.
INFO: [RTMG 210-279] Implementing memory 'dense_dense_out_wzec_rom' using distributed ROMs.
INFO: [RTMG 210-279] Implementing memory 'dense_dense_out_wAem_rom' using distributed ROMs.
INFO: [RTMG 210-279] Implementing memory 'dense_dense_out_wBew_rom' using distributed ROMs.
INFO: [RTMG 210-279] Implementing memory 'dense_dense_out_wCeG_rom' using distributed ROMs.
INFO: [RTMG 210-279] Implementing memory 'dense_dense_out_wDeQ_rom' using distributed ROMs.
INFO: [RTMG 210-279] Implementing memory 'dense_dense_out_wEe0_rom' using distributed ROMs.
INFO: [RTMG 210-279] Implementing memory 'dense_dense_out_bFfa_rom' using distributed ROMs.
INFO: [RTMG 210-278] Implementing memory 'dense_dense_array_ram (RAM)' using distributed RAMs.
INFO: [HLS 200-111] Finished generating all RTL models Time (s): cpu = 00:00:03 ; elapsed = 00:00:12 . Memory (MB): peak = 185.109 ; gain = 93.590
INFO: [VHDL 208-304] Generating VHDL RTL for dense.
INFO: [VLOG 209-307] Generating Verilog RTL for dense.
INFO: [HLS 200-112] Total elapsed time: 12.086 seconds; peak allocated memory: 106.556 MB.
