==============================================================
Vivado(TM) HLS - High-Level Synthesis from C, C++ and SystemC v2019.1 (64-bit)
Copyright 1986-2019 Xilinx, Inc. All Rights Reserved.
==============================================================
INFO: [SYN 201-201] Setting up clock 'default' with a period of 20ns.
INFO: [HLS 200-10] Setting target device to 'xc7z020-clg400-1'
INFO: [SCHED 204-61] Option 'relax_ii_for_timing' is enabled, will increase II to preserve clock frequency constraints.
INFO: [HLS 200-10] Analyzing design file 'conv/conv.cpp' ... 
INFO: [HLS 200-111] Finished Linking Time (s): cpu = 00:00:00 ; elapsed = 00:00:06 . Memory (MB): peak = 184.129 ; gain = 92.699
INFO: [HLS 200-111] Finished Checking Pragmas Time (s): cpu = 00:00:00 ; elapsed = 00:00:06 . Memory (MB): peak = 184.129 ; gain = 92.699
INFO: [HLS 200-10] Starting code transformations ...
INFO: [HLS 200-111] Finished Standard Transforms Time (s): cpu = 00:00:00 ; elapsed = 00:00:06 . Memory (MB): peak = 184.129 ; gain = 92.699
INFO: [HLS 200-10] Checking synthesizability ...
INFO: [HLS 200-111] Finished Checking Synthesizability Time (s): cpu = 00:00:00 ; elapsed = 00:00:06 . Memory (MB): peak = 184.129 ; gain = 92.699
INFO: [HLS 200-489] Unrolling loop 'Filter2_Loop' (conv/conv.cpp:15) in function 'conv' completely with a factor of 16.
INFO: [XFORM 203-102] Partitioning array 'conv_weights' in dimension 4 automatically.
INFO: [HLS 200-111] Finished Pre-synthesis Time (s): cpu = 00:00:01 ; elapsed = 00:00:07 . Memory (MB): peak = 184.129 ; gain = 92.699
INFO: [HLS 200-111] Finished Architecture Synthesis Time (s): cpu = 00:00:02 ; elapsed = 00:00:08 . Memory (MB): peak = 184.129 ; gain = 92.699
INFO: [HLS 200-10] Starting hardware synthesis ...
INFO: [HLS 200-10] Synthesizing 'conv' ...
WARNING: [SYN 201-107] Renaming port name 'conv/input' to 'conv/input_r' to avoid the conflict with HDL keywords or other object names.
INFO: [HLS 200-10] ----------------------------------------------------------------
INFO: [HLS 200-42] -- Implementing module 'conv' 
INFO: [HLS 200-10] ----------------------------------------------------------------
INFO: [SCHED 204-11] Starting scheduling ...
INFO: [SCHED 204-11] Finished scheduling.
INFO: [HLS 200-111]  Elapsed time: 8.512 seconds; current allocated memory: 114.267 MB.
INFO: [HLS 200-434] Only 0 loops out of a total 50 loops have been pipelined in this design.
INFO: [BIND 205-100] Starting micro-architecture generation ...
INFO: [BIND 205-101] Performing variable lifetime analysis.
INFO: [BIND 205-101] Exploring resource sharing.
INFO: [BIND 205-101] Binding ...
INFO: [BIND 205-100] Finished micro-architecture generation.
INFO: [HLS 200-111]  Elapsed time: 0.616 seconds; current allocated memory: 118.329 MB.
INFO: [HLS 200-10] ----------------------------------------------------------------
INFO: [HLS 200-10] -- Generating RTL for module 'conv' 
INFO: [HLS 200-10] ----------------------------------------------------------------
INFO: [RTGEN 206-500] Setting interface mode on port 'conv/input_r' to 'ap_memory'.
INFO: [RTGEN 206-500] Setting interface mode on port 'conv/conv_out' to 'ap_memory'.
INFO: [RTGEN 206-500] Setting interface mode on function 'conv' to 'ap_ctrl_hs'.
INFO: [SYN 201-210] Renamed object name 'conv_conv_weights_10' to 'conv_conv_weightsbkb' due to the length limit 20
INFO: [SYN 201-210] Renamed object name 'conv_conv_weights_11' to 'conv_conv_weightscud' due to the length limit 20
INFO: [SYN 201-210] Renamed object name 'conv_conv_weights_12' to 'conv_conv_weightsdEe' due to the length limit 20
INFO: [SYN 201-210] Renamed object name 'conv_conv_weights_13' to 'conv_conv_weightseOg' due to the length limit 20
INFO: [SYN 201-210] Renamed object name 'conv_conv_weights_14' to 'conv_conv_weightsfYi' due to the length limit 20
INFO: [SYN 201-210] Renamed object name 'conv_conv_weights_15' to 'conv_conv_weightsg8j' due to the length limit 20
INFO: [SYN 201-210] Renamed object name 'conv_fadd_32ns_32ns_32_4_full_dsp_1' to 'conv_fadd_32ns_32hbi' due to the length limit 20
INFO: [SYN 201-210] Renamed object name 'conv_fmul_32ns_32ns_32_2_max_dsp_1' to 'conv_fmul_32ns_32ibs' due to the length limit 20
INFO: [SYN 201-210] Renamed object name 'conv_fcmp_32ns_32ns_1_2_1' to 'conv_fcmp_32ns_32jbC' due to the length limit 20
INFO: [RTGEN 206-100] Generating core module 'conv_fadd_32ns_32hbi': 1 instance(s).
INFO: [RTGEN 206-100] Generating core module 'conv_fcmp_32ns_32jbC': 1 instance(s).
INFO: [RTGEN 206-100] Generating core module 'conv_fmul_32ns_32ibs': 1 instance(s).
INFO: [RTGEN 206-100] Finished creating RTL model for 'conv'.
INFO: [HLS 200-111]  Elapsed time: 0.971 seconds; current allocated memory: 125.367 MB.
INFO: [RTMG 210-279] Implementing memory 'conv_conv_weights_0_rom' using auto ROMs.
INFO: [RTMG 210-279] Implementing memory 'conv_conv_weights_1_rom' using auto ROMs.
INFO: [RTMG 210-279] Implementing memory 'conv_conv_weights_2_rom' using auto ROMs.
INFO: [RTMG 210-279] Implementing memory 'conv_conv_weights_3_rom' using auto ROMs.
INFO: [RTMG 210-279] Implementing memory 'conv_conv_weights_4_rom' using auto ROMs.
INFO: [RTMG 210-279] Implementing memory 'conv_conv_weights_5_rom' using auto ROMs.
INFO: [RTMG 210-279] Implementing memory 'conv_conv_weights_6_rom' using auto ROMs.
INFO: [RTMG 210-279] Implementing memory 'conv_conv_weights_7_rom' using auto ROMs.
INFO: [RTMG 210-279] Implementing memory 'conv_conv_weights_8_rom' using auto ROMs.
INFO: [RTMG 210-279] Implementing memory 'conv_conv_weights_9_rom' using auto ROMs.
INFO: [RTMG 210-279] Implementing memory 'conv_conv_weightsbkb_rom' using auto ROMs.
INFO: [RTMG 210-279] Implementing memory 'conv_conv_weightscud_rom' using auto ROMs.
INFO: [RTMG 210-279] Implementing memory 'conv_conv_weightsdEe_rom' using auto ROMs.
INFO: [RTMG 210-279] Implementing memory 'conv_conv_weightseOg_rom' using auto ROMs.
INFO: [RTMG 210-279] Implementing memory 'conv_conv_weightsfYi_rom' using auto ROMs.
INFO: [RTMG 210-279] Implementing memory 'conv_conv_weightsg8j_rom' using auto ROMs.
INFO: [HLS 200-111] Finished generating all RTL models Time (s): cpu = 00:00:06 ; elapsed = 00:00:16 . Memory (MB): peak = 210.145 ; gain = 118.715
INFO: [VHDL 208-304] Generating VHDL RTL for conv.
INFO: [VLOG 209-307] Generating Verilog RTL for conv.
INFO: [HLS 200-112] Total elapsed time: 15.82 seconds; peak allocated memory: 125.367 MB.
